[2025-12-05T01:16:05.331+0000] {processor.py:156} INFO - Started process (PID=12041) to work on /opt/airflow/dags/print_py_apache.py
[2025-12-05T01:16:05.331+0000] {processor.py:758} INFO - Processing file /opt/airflow/dags/print_py_apache.py for tasks to queue
[2025-12-05T01:16:05.332+0000] {logging_mixin.py:117} INFO - [2025-12-05T01:16:05.331+0000] {dagbag.py:525} INFO - Filling up the DagBag from /opt/airflow/dags/print_py_apache.py
[2025-12-05T01:16:05.341+0000] {logging_mixin.py:117} INFO - [2025-12-05T01:16:05.337+0000] {dagbag.py:330} ERROR - Failed to import: /opt/airflow/dags/print_py_apache.py
Traceback (most recent call last):
  File "/home/airflow/.local/lib/python3.7/site-packages/airflow/models/dagbag.py", line 326, in parse
    loader.exec_module(new_module)
  File "<frozen importlib._bootstrap_external>", line 728, in exec_module
  File "<frozen importlib._bootstrap>", line 219, in _call_with_frames_removed
  File "/opt/airflow/dags/print_py_apache.py", line 1, in <module>
    from airflows.models.dag import DAG
ModuleNotFoundError: No module named 'airflows'
[2025-12-05T01:16:05.342+0000] {processor.py:770} WARNING - No viable dags retrieved from /opt/airflow/dags/print_py_apache.py
[2025-12-05T01:16:05.359+0000] {processor.py:178} INFO - Processing /opt/airflow/dags/print_py_apache.py took 0.030 seconds
[2025-12-05T01:16:36.330+0000] {processor.py:156} INFO - Started process (PID=12247) to work on /opt/airflow/dags/print_py_apache.py
[2025-12-05T01:16:36.331+0000] {processor.py:758} INFO - Processing file /opt/airflow/dags/print_py_apache.py for tasks to queue
[2025-12-05T01:16:36.332+0000] {logging_mixin.py:117} INFO - [2025-12-05T01:16:36.332+0000] {dagbag.py:525} INFO - Filling up the DagBag from /opt/airflow/dags/print_py_apache.py
[2025-12-05T01:16:36.339+0000] {logging_mixin.py:117} INFO - [2025-12-05T01:16:36.335+0000] {dagbag.py:330} ERROR - Failed to import: /opt/airflow/dags/print_py_apache.py
Traceback (most recent call last):
  File "/home/airflow/.local/lib/python3.7/site-packages/airflow/models/dagbag.py", line 326, in parse
    loader.exec_module(new_module)
  File "<frozen importlib._bootstrap_external>", line 728, in exec_module
  File "<frozen importlib._bootstrap>", line 219, in _call_with_frames_removed
  File "/opt/airflow/dags/print_py_apache.py", line 1, in <module>
    from airflows.models.dag import DAG
ModuleNotFoundError: No module named 'airflows'
[2025-12-05T01:16:36.340+0000] {processor.py:770} WARNING - No viable dags retrieved from /opt/airflow/dags/print_py_apache.py
[2025-12-05T01:16:36.366+0000] {processor.py:178} INFO - Processing /opt/airflow/dags/print_py_apache.py took 0.038 seconds
[2025-12-05T01:16:43.472+0000] {processor.py:156} INFO - Started process (PID=12259) to work on /opt/airflow/dags/print_py_apache.py
[2025-12-05T01:16:43.473+0000] {processor.py:758} INFO - Processing file /opt/airflow/dags/print_py_apache.py for tasks to queue
[2025-12-05T01:16:43.474+0000] {logging_mixin.py:117} INFO - [2025-12-05T01:16:43.474+0000] {dagbag.py:525} INFO - Filling up the DagBag from /opt/airflow/dags/print_py_apache.py
[2025-12-05T01:16:43.511+0000] {processor.py:768} INFO - DAG(s) dict_keys(['print_hello_dag']) retrieved from /opt/airflow/dags/print_py_apache.py
[2025-12-05T01:16:43.697+0000] {logging_mixin.py:117} INFO - [2025-12-05T01:16:43.697+0000] {manager.py:508} INFO - Created Permission View: can read on DAG:print_hello_dag
[2025-12-05T01:16:43.702+0000] {logging_mixin.py:117} INFO - [2025-12-05T01:16:43.702+0000] {manager.py:508} INFO - Created Permission View: can delete on DAG:print_hello_dag
[2025-12-05T01:16:43.704+0000] {logging_mixin.py:117} INFO - [2025-12-05T01:16:43.704+0000] {manager.py:508} INFO - Created Permission View: can edit on DAG:print_hello_dag
[2025-12-05T01:16:43.704+0000] {logging_mixin.py:117} INFO - [2025-12-05T01:16:43.704+0000] {dag.py:2573} INFO - Sync 1 DAGs
[2025-12-05T01:16:43.715+0000] {logging_mixin.py:117} INFO - [2025-12-05T01:16:43.715+0000] {dag.py:2594} INFO - Creating ORM DAG for print_hello_dag
[2025-12-05T01:16:43.721+0000] {logging_mixin.py:117} INFO - [2025-12-05T01:16:43.721+0000] {dag.py:3328} INFO - Setting next_dagrun for print_hello_dag to 2025-12-05T00:00:00+00:00, run_after=2025-12-06T00:00:00+00:00
[2025-12-05T01:16:43.730+0000] {processor.py:178} INFO - Processing /opt/airflow/dags/print_py_apache.py took 0.262 seconds
[2025-12-05T01:17:13.868+0000] {processor.py:156} INFO - Started process (PID=12465) to work on /opt/airflow/dags/print_py_apache.py
[2025-12-05T01:17:13.872+0000] {processor.py:758} INFO - Processing file /opt/airflow/dags/print_py_apache.py for tasks to queue
[2025-12-05T01:17:13.874+0000] {logging_mixin.py:117} INFO - [2025-12-05T01:17:13.873+0000] {dagbag.py:525} INFO - Filling up the DagBag from /opt/airflow/dags/print_py_apache.py
[2025-12-05T01:17:13.905+0000] {processor.py:768} INFO - DAG(s) dict_keys(['print_hello_dag']) retrieved from /opt/airflow/dags/print_py_apache.py
[2025-12-05T01:17:13.946+0000] {logging_mixin.py:117} INFO - [2025-12-05T01:17:13.946+0000] {dag.py:2573} INFO - Sync 1 DAGs
[2025-12-05T01:17:13.965+0000] {logging_mixin.py:117} INFO - [2025-12-05T01:17:13.965+0000] {dag.py:3328} INFO - Setting next_dagrun for print_hello_dag to 2025-12-05T00:00:00+00:00, run_after=2025-12-06T00:00:00+00:00
[2025-12-05T01:17:13.979+0000] {processor.py:178} INFO - Processing /opt/airflow/dags/print_py_apache.py took 0.146 seconds
[2025-12-05T01:17:44.519+0000] {processor.py:156} INFO - Started process (PID=12670) to work on /opt/airflow/dags/print_py_apache.py
[2025-12-05T01:17:44.521+0000] {processor.py:758} INFO - Processing file /opt/airflow/dags/print_py_apache.py for tasks to queue
[2025-12-05T01:17:44.522+0000] {logging_mixin.py:117} INFO - [2025-12-05T01:17:44.522+0000] {dagbag.py:525} INFO - Filling up the DagBag from /opt/airflow/dags/print_py_apache.py
[2025-12-05T01:17:44.566+0000] {processor.py:768} INFO - DAG(s) dict_keys(['print_hello_dag']) retrieved from /opt/airflow/dags/print_py_apache.py
[2025-12-05T01:17:44.644+0000] {logging_mixin.py:117} INFO - [2025-12-05T01:17:44.644+0000] {dag.py:2573} INFO - Sync 1 DAGs
[2025-12-05T01:17:44.668+0000] {logging_mixin.py:117} INFO - [2025-12-05T01:17:44.668+0000] {dag.py:3328} INFO - Setting next_dagrun for print_hello_dag to 2025-12-05T00:00:00+00:00, run_after=2025-12-06T00:00:00+00:00
[2025-12-05T01:17:44.682+0000] {processor.py:178} INFO - Processing /opt/airflow/dags/print_py_apache.py took 0.168 seconds
[2025-12-05T01:17:46.584+0000] {processor.py:156} INFO - Started process (PID=12675) to work on /opt/airflow/dags/print_py_apache.py
[2025-12-05T01:17:46.585+0000] {processor.py:758} INFO - Processing file /opt/airflow/dags/print_py_apache.py for tasks to queue
[2025-12-05T01:17:46.588+0000] {logging_mixin.py:117} INFO - [2025-12-05T01:17:46.587+0000] {dagbag.py:525} INFO - Filling up the DagBag from /opt/airflow/dags/print_py_apache.py
[2025-12-05T01:17:46.605+0000] {processor.py:768} INFO - DAG(s) dict_keys(['print_hello_dag']) retrieved from /opt/airflow/dags/print_py_apache.py
[2025-12-05T01:17:46.674+0000] {logging_mixin.py:117} INFO - [2025-12-05T01:17:46.674+0000] {dag.py:2573} INFO - Sync 1 DAGs
[2025-12-05T01:17:46.686+0000] {logging_mixin.py:117} INFO - [2025-12-05T01:17:46.686+0000] {dag.py:3328} INFO - Setting next_dagrun for print_hello_dag to 2025-12-05T00:00:00+00:00, run_after=2025-12-06T00:00:00+00:00
[2025-12-05T01:17:46.698+0000] {processor.py:178} INFO - Processing /opt/airflow/dags/print_py_apache.py took 0.123 seconds
[2025-12-05T01:18:17.696+0000] {processor.py:156} INFO - Started process (PID=12881) to work on /opt/airflow/dags/print_py_apache.py
[2025-12-05T01:18:17.698+0000] {processor.py:758} INFO - Processing file /opt/airflow/dags/print_py_apache.py for tasks to queue
[2025-12-05T01:18:17.699+0000] {logging_mixin.py:117} INFO - [2025-12-05T01:18:17.699+0000] {dagbag.py:525} INFO - Filling up the DagBag from /opt/airflow/dags/print_py_apache.py
[2025-12-05T01:18:17.718+0000] {processor.py:768} INFO - DAG(s) dict_keys(['print_hello_dag']) retrieved from /opt/airflow/dags/print_py_apache.py
[2025-12-05T01:18:17.765+0000] {logging_mixin.py:117} INFO - [2025-12-05T01:18:17.764+0000] {dag.py:2573} INFO - Sync 1 DAGs
[2025-12-05T01:18:17.782+0000] {logging_mixin.py:117} INFO - [2025-12-05T01:18:17.782+0000] {dag.py:3328} INFO - Setting next_dagrun for print_hello_dag to 2025-12-05T00:00:00+00:00, run_after=2025-12-06T00:00:00+00:00
[2025-12-05T01:18:17.794+0000] {processor.py:178} INFO - Processing /opt/airflow/dags/print_py_apache.py took 0.108 seconds
[2025-12-05T01:18:48.169+0000] {processor.py:156} INFO - Started process (PID=13087) to work on /opt/airflow/dags/print_py_apache.py
[2025-12-05T01:18:48.170+0000] {processor.py:758} INFO - Processing file /opt/airflow/dags/print_py_apache.py for tasks to queue
[2025-12-05T01:18:48.171+0000] {logging_mixin.py:117} INFO - [2025-12-05T01:18:48.171+0000] {dagbag.py:525} INFO - Filling up the DagBag from /opt/airflow/dags/print_py_apache.py
[2025-12-05T01:18:48.192+0000] {processor.py:768} INFO - DAG(s) dict_keys(['print_hello_dag']) retrieved from /opt/airflow/dags/print_py_apache.py
[2025-12-05T01:18:48.256+0000] {logging_mixin.py:117} INFO - [2025-12-05T01:18:48.256+0000] {dag.py:2573} INFO - Sync 1 DAGs
[2025-12-05T01:18:48.278+0000] {logging_mixin.py:117} INFO - [2025-12-05T01:18:48.278+0000] {dag.py:3328} INFO - Setting next_dagrun for print_hello_dag to 2025-12-05T00:00:00+00:00, run_after=2025-12-06T00:00:00+00:00
[2025-12-05T01:18:48.293+0000] {processor.py:178} INFO - Processing /opt/airflow/dags/print_py_apache.py took 0.127 seconds
[2025-12-05T01:19:19.140+0000] {processor.py:156} INFO - Started process (PID=13293) to work on /opt/airflow/dags/print_py_apache.py
[2025-12-05T01:19:19.141+0000] {processor.py:758} INFO - Processing file /opt/airflow/dags/print_py_apache.py for tasks to queue
[2025-12-05T01:19:19.142+0000] {logging_mixin.py:117} INFO - [2025-12-05T01:19:19.142+0000] {dagbag.py:525} INFO - Filling up the DagBag from /opt/airflow/dags/print_py_apache.py
[2025-12-05T01:19:19.164+0000] {processor.py:768} INFO - DAG(s) dict_keys(['print_hello_dag']) retrieved from /opt/airflow/dags/print_py_apache.py
[2025-12-05T01:19:19.235+0000] {logging_mixin.py:117} INFO - [2025-12-05T01:19:19.235+0000] {dag.py:2573} INFO - Sync 1 DAGs
[2025-12-05T01:19:19.256+0000] {logging_mixin.py:117} INFO - [2025-12-05T01:19:19.256+0000] {dag.py:3328} INFO - Setting next_dagrun for print_hello_dag to 2025-12-05T00:00:00+00:00, run_after=2025-12-06T00:00:00+00:00
[2025-12-05T01:19:19.268+0000] {processor.py:178} INFO - Processing /opt/airflow/dags/print_py_apache.py took 0.132 seconds
[2025-12-05T01:19:49.952+0000] {processor.py:156} INFO - Started process (PID=13499) to work on /opt/airflow/dags/print_py_apache.py
[2025-12-05T01:19:49.953+0000] {processor.py:758} INFO - Processing file /opt/airflow/dags/print_py_apache.py for tasks to queue
[2025-12-05T01:19:49.954+0000] {logging_mixin.py:117} INFO - [2025-12-05T01:19:49.954+0000] {dagbag.py:525} INFO - Filling up the DagBag from /opt/airflow/dags/print_py_apache.py
[2025-12-05T01:19:49.971+0000] {processor.py:768} INFO - DAG(s) dict_keys(['print_hello_dag']) retrieved from /opt/airflow/dags/print_py_apache.py
[2025-12-05T01:19:50.030+0000] {logging_mixin.py:117} INFO - [2025-12-05T01:19:50.030+0000] {dag.py:2573} INFO - Sync 1 DAGs
[2025-12-05T01:19:50.048+0000] {logging_mixin.py:117} INFO - [2025-12-05T01:19:50.048+0000] {dag.py:3328} INFO - Setting next_dagrun for print_hello_dag to 2025-12-05T00:00:00+00:00, run_after=2025-12-06T00:00:00+00:00
[2025-12-05T01:19:50.063+0000] {processor.py:178} INFO - Processing /opt/airflow/dags/print_py_apache.py took 0.115 seconds
[2025-12-05T01:20:20.933+0000] {processor.py:156} INFO - Started process (PID=13705) to work on /opt/airflow/dags/print_py_apache.py
[2025-12-05T01:20:20.935+0000] {processor.py:758} INFO - Processing file /opt/airflow/dags/print_py_apache.py for tasks to queue
[2025-12-05T01:20:20.935+0000] {logging_mixin.py:117} INFO - [2025-12-05T01:20:20.935+0000] {dagbag.py:525} INFO - Filling up the DagBag from /opt/airflow/dags/print_py_apache.py
[2025-12-05T01:20:20.955+0000] {processor.py:768} INFO - DAG(s) dict_keys(['print_hello_dag']) retrieved from /opt/airflow/dags/print_py_apache.py
[2025-12-05T01:20:21.008+0000] {logging_mixin.py:117} INFO - [2025-12-05T01:20:21.008+0000] {dag.py:2573} INFO - Sync 1 DAGs
[2025-12-05T01:20:21.028+0000] {logging_mixin.py:117} INFO - [2025-12-05T01:20:21.028+0000] {dag.py:3328} INFO - Setting next_dagrun for print_hello_dag to 2025-12-05T00:00:00+00:00, run_after=2025-12-06T00:00:00+00:00
[2025-12-05T01:20:21.044+0000] {processor.py:178} INFO - Processing /opt/airflow/dags/print_py_apache.py took 0.115 seconds
[2025-12-05T01:20:51.795+0000] {processor.py:156} INFO - Started process (PID=13911) to work on /opt/airflow/dags/print_py_apache.py
[2025-12-05T01:20:51.797+0000] {processor.py:758} INFO - Processing file /opt/airflow/dags/print_py_apache.py for tasks to queue
[2025-12-05T01:20:51.798+0000] {logging_mixin.py:117} INFO - [2025-12-05T01:20:51.798+0000] {dagbag.py:525} INFO - Filling up the DagBag from /opt/airflow/dags/print_py_apache.py
[2025-12-05T01:20:51.834+0000] {processor.py:768} INFO - DAG(s) dict_keys(['print_hello_dag']) retrieved from /opt/airflow/dags/print_py_apache.py
[2025-12-05T01:20:51.895+0000] {logging_mixin.py:117} INFO - [2025-12-05T01:20:51.895+0000] {dag.py:2573} INFO - Sync 1 DAGs
[2025-12-05T01:20:51.914+0000] {logging_mixin.py:117} INFO - [2025-12-05T01:20:51.914+0000] {dag.py:3328} INFO - Setting next_dagrun for print_hello_dag to 2025-12-05T00:00:00+00:00, run_after=2025-12-06T00:00:00+00:00
[2025-12-05T01:20:51.929+0000] {processor.py:178} INFO - Processing /opt/airflow/dags/print_py_apache.py took 0.138 seconds
