[2025-12-05T00:46:03.798+0000] {processor.py:156} INFO - Started process (PID=209) to work on /home/airflow/.local/lib/python3.7/site-packages/airflow/example_dags/example_nested_branch_dag.py
[2025-12-05T00:46:03.799+0000] {processor.py:758} INFO - Processing file /home/airflow/.local/lib/python3.7/site-packages/airflow/example_dags/example_nested_branch_dag.py for tasks to queue
[2025-12-05T00:46:03.799+0000] {logging_mixin.py:117} INFO - [2025-12-05T00:46:03.799+0000] {dagbag.py:525} INFO - Filling up the DagBag from /home/airflow/.local/lib/python3.7/site-packages/airflow/example_dags/example_nested_branch_dag.py
[2025-12-05T00:46:03.818+0000] {processor.py:768} INFO - DAG(s) dict_keys(['example_nested_branch_dag']) retrieved from /home/airflow/.local/lib/python3.7/site-packages/airflow/example_dags/example_nested_branch_dag.py
[2025-12-05T00:46:03.882+0000] {logging_mixin.py:117} INFO - [2025-12-05T00:46:03.882+0000] {manager.py:508} INFO - Created Permission View: can read on DAG:example_nested_branch_dag
[2025-12-05T00:46:03.889+0000] {logging_mixin.py:117} INFO - [2025-12-05T00:46:03.889+0000] {manager.py:508} INFO - Created Permission View: can delete on DAG:example_nested_branch_dag
[2025-12-05T00:46:03.896+0000] {logging_mixin.py:117} INFO - [2025-12-05T00:46:03.896+0000] {manager.py:508} INFO - Created Permission View: can edit on DAG:example_nested_branch_dag
[2025-12-05T00:46:03.897+0000] {logging_mixin.py:117} INFO - [2025-12-05T00:46:03.897+0000] {dag.py:2573} INFO - Sync 1 DAGs
[2025-12-05T00:46:03.997+0000] {logging_mixin.py:117} INFO - [2025-12-05T00:46:03.997+0000] {dag.py:2594} INFO - Creating ORM DAG for example_nested_branch_dag
[2025-12-05T00:46:04.004+0000] {logging_mixin.py:117} INFO - [2025-12-05T00:46:04.004+0000] {dag.py:3328} INFO - Setting next_dagrun for example_nested_branch_dag to 2025-12-04T00:00:00+00:00, run_after=2025-12-05T00:00:00+00:00
[2025-12-05T00:46:04.014+0000] {processor.py:178} INFO - Processing /home/airflow/.local/lib/python3.7/site-packages/airflow/example_dags/example_nested_branch_dag.py took 0.217 seconds
[2025-12-05T00:46:34.321+0000] {processor.py:156} INFO - Started process (PID=408) to work on /home/airflow/.local/lib/python3.7/site-packages/airflow/example_dags/example_nested_branch_dag.py
[2025-12-05T00:46:34.322+0000] {processor.py:758} INFO - Processing file /home/airflow/.local/lib/python3.7/site-packages/airflow/example_dags/example_nested_branch_dag.py for tasks to queue
[2025-12-05T00:46:34.322+0000] {logging_mixin.py:117} INFO - [2025-12-05T00:46:34.322+0000] {dagbag.py:525} INFO - Filling up the DagBag from /home/airflow/.local/lib/python3.7/site-packages/airflow/example_dags/example_nested_branch_dag.py
[2025-12-05T00:46:34.335+0000] {processor.py:768} INFO - DAG(s) dict_keys(['example_nested_branch_dag']) retrieved from /home/airflow/.local/lib/python3.7/site-packages/airflow/example_dags/example_nested_branch_dag.py
[2025-12-05T00:46:34.362+0000] {logging_mixin.py:117} INFO - [2025-12-05T00:46:34.362+0000] {dag.py:2573} INFO - Sync 1 DAGs
[2025-12-05T00:46:34.376+0000] {logging_mixin.py:117} INFO - [2025-12-05T00:46:34.376+0000] {dag.py:3328} INFO - Setting next_dagrun for example_nested_branch_dag to 2025-12-04T00:00:00+00:00, run_after=2025-12-05T00:00:00+00:00
[2025-12-05T00:46:34.388+0000] {processor.py:178} INFO - Processing /home/airflow/.local/lib/python3.7/site-packages/airflow/example_dags/example_nested_branch_dag.py took 0.069 seconds
[2025-12-05T00:47:05.333+0000] {processor.py:156} INFO - Started process (PID=610) to work on /home/airflow/.local/lib/python3.7/site-packages/airflow/example_dags/example_nested_branch_dag.py
[2025-12-05T00:47:05.334+0000] {processor.py:758} INFO - Processing file /home/airflow/.local/lib/python3.7/site-packages/airflow/example_dags/example_nested_branch_dag.py for tasks to queue
[2025-12-05T00:47:05.335+0000] {logging_mixin.py:117} INFO - [2025-12-05T00:47:05.335+0000] {dagbag.py:525} INFO - Filling up the DagBag from /home/airflow/.local/lib/python3.7/site-packages/airflow/example_dags/example_nested_branch_dag.py
[2025-12-05T00:47:05.351+0000] {processor.py:768} INFO - DAG(s) dict_keys(['example_nested_branch_dag']) retrieved from /home/airflow/.local/lib/python3.7/site-packages/airflow/example_dags/example_nested_branch_dag.py
[2025-12-05T00:47:05.370+0000] {logging_mixin.py:117} INFO - [2025-12-05T00:47:05.370+0000] {dag.py:2573} INFO - Sync 1 DAGs
[2025-12-05T00:47:05.385+0000] {logging_mixin.py:117} INFO - [2025-12-05T00:47:05.384+0000] {dag.py:3328} INFO - Setting next_dagrun for example_nested_branch_dag to 2025-12-04T00:00:00+00:00, run_after=2025-12-05T00:00:00+00:00
[2025-12-05T00:47:05.392+0000] {processor.py:178} INFO - Processing /home/airflow/.local/lib/python3.7/site-packages/airflow/example_dags/example_nested_branch_dag.py took 0.061 seconds
[2025-12-05T00:47:36.925+0000] {processor.py:156} INFO - Started process (PID=811) to work on /home/airflow/.local/lib/python3.7/site-packages/airflow/example_dags/example_nested_branch_dag.py
[2025-12-05T00:47:36.927+0000] {processor.py:758} INFO - Processing file /home/airflow/.local/lib/python3.7/site-packages/airflow/example_dags/example_nested_branch_dag.py for tasks to queue
[2025-12-05T00:47:36.928+0000] {logging_mixin.py:117} INFO - [2025-12-05T00:47:36.928+0000] {dagbag.py:525} INFO - Filling up the DagBag from /home/airflow/.local/lib/python3.7/site-packages/airflow/example_dags/example_nested_branch_dag.py
[2025-12-05T00:47:36.941+0000] {processor.py:768} INFO - DAG(s) dict_keys(['example_nested_branch_dag']) retrieved from /home/airflow/.local/lib/python3.7/site-packages/airflow/example_dags/example_nested_branch_dag.py
[2025-12-05T00:47:36.969+0000] {logging_mixin.py:117} INFO - [2025-12-05T00:47:36.969+0000] {dag.py:2573} INFO - Sync 1 DAGs
[2025-12-05T00:47:36.994+0000] {logging_mixin.py:117} INFO - [2025-12-05T00:47:36.994+0000] {dag.py:3328} INFO - Setting next_dagrun for example_nested_branch_dag to 2025-12-04T00:00:00+00:00, run_after=2025-12-05T00:00:00+00:00
[2025-12-05T00:47:37.136+0000] {processor.py:178} INFO - Processing /home/airflow/.local/lib/python3.7/site-packages/airflow/example_dags/example_nested_branch_dag.py took 0.213 seconds
[2025-12-05T00:48:07.596+0000] {processor.py:156} INFO - Started process (PID=1012) to work on /home/airflow/.local/lib/python3.7/site-packages/airflow/example_dags/example_nested_branch_dag.py
[2025-12-05T00:48:07.597+0000] {processor.py:758} INFO - Processing file /home/airflow/.local/lib/python3.7/site-packages/airflow/example_dags/example_nested_branch_dag.py for tasks to queue
[2025-12-05T00:48:07.597+0000] {logging_mixin.py:117} INFO - [2025-12-05T00:48:07.597+0000] {dagbag.py:525} INFO - Filling up the DagBag from /home/airflow/.local/lib/python3.7/site-packages/airflow/example_dags/example_nested_branch_dag.py
[2025-12-05T00:48:07.609+0000] {processor.py:768} INFO - DAG(s) dict_keys(['example_nested_branch_dag']) retrieved from /home/airflow/.local/lib/python3.7/site-packages/airflow/example_dags/example_nested_branch_dag.py
[2025-12-05T00:48:07.634+0000] {logging_mixin.py:117} INFO - [2025-12-05T00:48:07.634+0000] {dag.py:2573} INFO - Sync 1 DAGs
[2025-12-05T00:48:07.737+0000] {logging_mixin.py:117} INFO - [2025-12-05T00:48:07.736+0000] {dag.py:3328} INFO - Setting next_dagrun for example_nested_branch_dag to 2025-12-04T00:00:00+00:00, run_after=2025-12-05T00:00:00+00:00
[2025-12-05T00:48:07.745+0000] {processor.py:178} INFO - Processing /home/airflow/.local/lib/python3.7/site-packages/airflow/example_dags/example_nested_branch_dag.py took 0.151 seconds
[2025-12-05T00:48:39.073+0000] {processor.py:156} INFO - Started process (PID=1222) to work on /home/airflow/.local/lib/python3.7/site-packages/airflow/example_dags/example_nested_branch_dag.py
[2025-12-05T00:48:39.073+0000] {processor.py:758} INFO - Processing file /home/airflow/.local/lib/python3.7/site-packages/airflow/example_dags/example_nested_branch_dag.py for tasks to queue
[2025-12-05T00:48:39.074+0000] {logging_mixin.py:117} INFO - [2025-12-05T00:48:39.074+0000] {dagbag.py:525} INFO - Filling up the DagBag from /home/airflow/.local/lib/python3.7/site-packages/airflow/example_dags/example_nested_branch_dag.py
[2025-12-05T00:48:39.090+0000] {processor.py:768} INFO - DAG(s) dict_keys(['example_nested_branch_dag']) retrieved from /home/airflow/.local/lib/python3.7/site-packages/airflow/example_dags/example_nested_branch_dag.py
[2025-12-05T00:48:39.242+0000] {logging_mixin.py:117} INFO - [2025-12-05T00:48:39.242+0000] {dag.py:2573} INFO - Sync 1 DAGs
[2025-12-05T00:48:39.270+0000] {logging_mixin.py:117} INFO - [2025-12-05T00:48:39.269+0000] {dag.py:3328} INFO - Setting next_dagrun for example_nested_branch_dag to 2025-12-04T00:00:00+00:00, run_after=2025-12-05T00:00:00+00:00
[2025-12-05T00:48:39.284+0000] {processor.py:178} INFO - Processing /home/airflow/.local/lib/python3.7/site-packages/airflow/example_dags/example_nested_branch_dag.py took 0.213 seconds
[2025-12-05T00:49:09.446+0000] {processor.py:156} INFO - Started process (PID=1421) to work on /home/airflow/.local/lib/python3.7/site-packages/airflow/example_dags/example_nested_branch_dag.py
[2025-12-05T00:49:09.447+0000] {processor.py:758} INFO - Processing file /home/airflow/.local/lib/python3.7/site-packages/airflow/example_dags/example_nested_branch_dag.py for tasks to queue
[2025-12-05T00:49:09.447+0000] {logging_mixin.py:117} INFO - [2025-12-05T00:49:09.447+0000] {dagbag.py:525} INFO - Filling up the DagBag from /home/airflow/.local/lib/python3.7/site-packages/airflow/example_dags/example_nested_branch_dag.py
[2025-12-05T00:49:09.461+0000] {processor.py:768} INFO - DAG(s) dict_keys(['example_nested_branch_dag']) retrieved from /home/airflow/.local/lib/python3.7/site-packages/airflow/example_dags/example_nested_branch_dag.py
[2025-12-05T00:49:09.602+0000] {logging_mixin.py:117} INFO - [2025-12-05T00:49:09.602+0000] {dag.py:2573} INFO - Sync 1 DAGs
[2025-12-05T00:49:09.621+0000] {logging_mixin.py:117} INFO - [2025-12-05T00:49:09.621+0000] {dag.py:3328} INFO - Setting next_dagrun for example_nested_branch_dag to 2025-12-04T00:00:00+00:00, run_after=2025-12-05T00:00:00+00:00
[2025-12-05T00:49:09.629+0000] {processor.py:178} INFO - Processing /home/airflow/.local/lib/python3.7/site-packages/airflow/example_dags/example_nested_branch_dag.py took 0.185 seconds
[2025-12-05T00:49:40.263+0000] {processor.py:156} INFO - Started process (PID=1622) to work on /home/airflow/.local/lib/python3.7/site-packages/airflow/example_dags/example_nested_branch_dag.py
[2025-12-05T00:49:40.264+0000] {processor.py:758} INFO - Processing file /home/airflow/.local/lib/python3.7/site-packages/airflow/example_dags/example_nested_branch_dag.py for tasks to queue
[2025-12-05T00:49:40.265+0000] {logging_mixin.py:117} INFO - [2025-12-05T00:49:40.265+0000] {dagbag.py:525} INFO - Filling up the DagBag from /home/airflow/.local/lib/python3.7/site-packages/airflow/example_dags/example_nested_branch_dag.py
[2025-12-05T00:49:40.370+0000] {processor.py:768} INFO - DAG(s) dict_keys(['example_nested_branch_dag']) retrieved from /home/airflow/.local/lib/python3.7/site-packages/airflow/example_dags/example_nested_branch_dag.py
[2025-12-05T00:49:40.393+0000] {logging_mixin.py:117} INFO - [2025-12-05T00:49:40.393+0000] {dag.py:2573} INFO - Sync 1 DAGs
[2025-12-05T00:49:40.404+0000] {logging_mixin.py:117} INFO - [2025-12-05T00:49:40.404+0000] {dag.py:3328} INFO - Setting next_dagrun for example_nested_branch_dag to 2025-12-04T00:00:00+00:00, run_after=2025-12-05T00:00:00+00:00
[2025-12-05T00:49:40.412+0000] {processor.py:178} INFO - Processing /home/airflow/.local/lib/python3.7/site-packages/airflow/example_dags/example_nested_branch_dag.py took 0.151 seconds
[2025-12-05T00:50:11.060+0000] {processor.py:156} INFO - Started process (PID=1826) to work on /home/airflow/.local/lib/python3.7/site-packages/airflow/example_dags/example_nested_branch_dag.py
[2025-12-05T00:50:11.061+0000] {processor.py:758} INFO - Processing file /home/airflow/.local/lib/python3.7/site-packages/airflow/example_dags/example_nested_branch_dag.py for tasks to queue
[2025-12-05T00:50:11.062+0000] {logging_mixin.py:117} INFO - [2025-12-05T00:50:11.061+0000] {dagbag.py:525} INFO - Filling up the DagBag from /home/airflow/.local/lib/python3.7/site-packages/airflow/example_dags/example_nested_branch_dag.py
[2025-12-05T00:50:11.074+0000] {processor.py:768} INFO - DAG(s) dict_keys(['example_nested_branch_dag']) retrieved from /home/airflow/.local/lib/python3.7/site-packages/airflow/example_dags/example_nested_branch_dag.py
[2025-12-05T00:50:11.095+0000] {logging_mixin.py:117} INFO - [2025-12-05T00:50:11.095+0000] {dag.py:2573} INFO - Sync 1 DAGs
[2025-12-05T00:50:11.198+0000] {logging_mixin.py:117} INFO - [2025-12-05T00:50:11.198+0000] {dag.py:3328} INFO - Setting next_dagrun for example_nested_branch_dag to 2025-12-04T00:00:00+00:00, run_after=2025-12-05T00:00:00+00:00
[2025-12-05T00:50:11.210+0000] {processor.py:178} INFO - Processing /home/airflow/.local/lib/python3.7/site-packages/airflow/example_dags/example_nested_branch_dag.py took 0.152 seconds
[2025-12-05T00:50:41.655+0000] {processor.py:156} INFO - Started process (PID=2025) to work on /home/airflow/.local/lib/python3.7/site-packages/airflow/example_dags/example_nested_branch_dag.py
[2025-12-05T00:50:41.656+0000] {processor.py:758} INFO - Processing file /home/airflow/.local/lib/python3.7/site-packages/airflow/example_dags/example_nested_branch_dag.py for tasks to queue
[2025-12-05T00:50:41.656+0000] {logging_mixin.py:117} INFO - [2025-12-05T00:50:41.656+0000] {dagbag.py:525} INFO - Filling up the DagBag from /home/airflow/.local/lib/python3.7/site-packages/airflow/example_dags/example_nested_branch_dag.py
[2025-12-05T00:50:41.669+0000] {processor.py:768} INFO - DAG(s) dict_keys(['example_nested_branch_dag']) retrieved from /home/airflow/.local/lib/python3.7/site-packages/airflow/example_dags/example_nested_branch_dag.py
[2025-12-05T00:50:41.784+0000] {logging_mixin.py:117} INFO - [2025-12-05T00:50:41.784+0000] {dag.py:2573} INFO - Sync 1 DAGs
[2025-12-05T00:50:41.797+0000] {logging_mixin.py:117} INFO - [2025-12-05T00:50:41.797+0000] {dag.py:3328} INFO - Setting next_dagrun for example_nested_branch_dag to 2025-12-04T00:00:00+00:00, run_after=2025-12-05T00:00:00+00:00
[2025-12-05T00:50:41.812+0000] {processor.py:178} INFO - Processing /home/airflow/.local/lib/python3.7/site-packages/airflow/example_dags/example_nested_branch_dag.py took 0.159 seconds
[2025-12-05T00:51:12.562+0000] {processor.py:156} INFO - Started process (PID=2226) to work on /home/airflow/.local/lib/python3.7/site-packages/airflow/example_dags/example_nested_branch_dag.py
[2025-12-05T00:51:12.563+0000] {processor.py:758} INFO - Processing file /home/airflow/.local/lib/python3.7/site-packages/airflow/example_dags/example_nested_branch_dag.py for tasks to queue
[2025-12-05T00:51:12.563+0000] {logging_mixin.py:117} INFO - [2025-12-05T00:51:12.563+0000] {dagbag.py:525} INFO - Filling up the DagBag from /home/airflow/.local/lib/python3.7/site-packages/airflow/example_dags/example_nested_branch_dag.py
[2025-12-05T00:51:12.574+0000] {processor.py:768} INFO - DAG(s) dict_keys(['example_nested_branch_dag']) retrieved from /home/airflow/.local/lib/python3.7/site-packages/airflow/example_dags/example_nested_branch_dag.py
[2025-12-05T00:51:12.679+0000] {logging_mixin.py:117} INFO - [2025-12-05T00:51:12.679+0000] {dag.py:2573} INFO - Sync 1 DAGs
[2025-12-05T00:51:12.695+0000] {logging_mixin.py:117} INFO - [2025-12-05T00:51:12.695+0000] {dag.py:3328} INFO - Setting next_dagrun for example_nested_branch_dag to 2025-12-04T00:00:00+00:00, run_after=2025-12-05T00:00:00+00:00
[2025-12-05T00:51:12.702+0000] {processor.py:178} INFO - Processing /home/airflow/.local/lib/python3.7/site-packages/airflow/example_dags/example_nested_branch_dag.py took 0.142 seconds
[2025-12-05T00:51:43.093+0000] {processor.py:156} INFO - Started process (PID=2427) to work on /home/airflow/.local/lib/python3.7/site-packages/airflow/example_dags/example_nested_branch_dag.py
[2025-12-05T00:51:43.094+0000] {processor.py:758} INFO - Processing file /home/airflow/.local/lib/python3.7/site-packages/airflow/example_dags/example_nested_branch_dag.py for tasks to queue
[2025-12-05T00:51:43.094+0000] {logging_mixin.py:117} INFO - [2025-12-05T00:51:43.094+0000] {dagbag.py:525} INFO - Filling up the DagBag from /home/airflow/.local/lib/python3.7/site-packages/airflow/example_dags/example_nested_branch_dag.py
[2025-12-05T00:51:43.204+0000] {processor.py:768} INFO - DAG(s) dict_keys(['example_nested_branch_dag']) retrieved from /home/airflow/.local/lib/python3.7/site-packages/airflow/example_dags/example_nested_branch_dag.py
[2025-12-05T00:51:43.219+0000] {logging_mixin.py:117} INFO - [2025-12-05T00:51:43.219+0000] {dag.py:2573} INFO - Sync 1 DAGs
[2025-12-05T00:51:43.231+0000] {logging_mixin.py:117} INFO - [2025-12-05T00:51:43.231+0000] {dag.py:3328} INFO - Setting next_dagrun for example_nested_branch_dag to 2025-12-04T00:00:00+00:00, run_after=2025-12-05T00:00:00+00:00
[2025-12-05T00:51:43.239+0000] {processor.py:178} INFO - Processing /home/airflow/.local/lib/python3.7/site-packages/airflow/example_dags/example_nested_branch_dag.py took 0.147 seconds
[2025-12-05T00:52:13.924+0000] {processor.py:156} INFO - Started process (PID=2630) to work on /home/airflow/.local/lib/python3.7/site-packages/airflow/example_dags/example_nested_branch_dag.py
[2025-12-05T00:52:13.924+0000] {processor.py:758} INFO - Processing file /home/airflow/.local/lib/python3.7/site-packages/airflow/example_dags/example_nested_branch_dag.py for tasks to queue
[2025-12-05T00:52:13.925+0000] {logging_mixin.py:117} INFO - [2025-12-05T00:52:13.925+0000] {dagbag.py:525} INFO - Filling up the DagBag from /home/airflow/.local/lib/python3.7/site-packages/airflow/example_dags/example_nested_branch_dag.py
[2025-12-05T00:52:13.936+0000] {processor.py:768} INFO - DAG(s) dict_keys(['example_nested_branch_dag']) retrieved from /home/airflow/.local/lib/python3.7/site-packages/airflow/example_dags/example_nested_branch_dag.py
[2025-12-05T00:52:13.953+0000] {logging_mixin.py:117} INFO - [2025-12-05T00:52:13.953+0000] {dag.py:2573} INFO - Sync 1 DAGs
[2025-12-05T00:52:14.045+0000] {logging_mixin.py:117} INFO - [2025-12-05T00:52:14.045+0000] {dag.py:3328} INFO - Setting next_dagrun for example_nested_branch_dag to 2025-12-04T00:00:00+00:00, run_after=2025-12-05T00:00:00+00:00
[2025-12-05T00:52:14.053+0000] {processor.py:178} INFO - Processing /home/airflow/.local/lib/python3.7/site-packages/airflow/example_dags/example_nested_branch_dag.py took 0.131 seconds
[2025-12-05T00:52:44.388+0000] {processor.py:156} INFO - Started process (PID=2829) to work on /home/airflow/.local/lib/python3.7/site-packages/airflow/example_dags/example_nested_branch_dag.py
[2025-12-05T00:52:44.389+0000] {processor.py:758} INFO - Processing file /home/airflow/.local/lib/python3.7/site-packages/airflow/example_dags/example_nested_branch_dag.py for tasks to queue
[2025-12-05T00:52:44.389+0000] {logging_mixin.py:117} INFO - [2025-12-05T00:52:44.389+0000] {dagbag.py:525} INFO - Filling up the DagBag from /home/airflow/.local/lib/python3.7/site-packages/airflow/example_dags/example_nested_branch_dag.py
[2025-12-05T00:52:44.403+0000] {processor.py:768} INFO - DAG(s) dict_keys(['example_nested_branch_dag']) retrieved from /home/airflow/.local/lib/python3.7/site-packages/airflow/example_dags/example_nested_branch_dag.py
[2025-12-05T00:52:44.507+0000] {logging_mixin.py:117} INFO - [2025-12-05T00:52:44.507+0000] {dag.py:2573} INFO - Sync 1 DAGs
[2025-12-05T00:52:44.518+0000] {logging_mixin.py:117} INFO - [2025-12-05T00:52:44.518+0000] {dag.py:3328} INFO - Setting next_dagrun for example_nested_branch_dag to 2025-12-04T00:00:00+00:00, run_after=2025-12-05T00:00:00+00:00
[2025-12-05T00:52:44.526+0000] {processor.py:178} INFO - Processing /home/airflow/.local/lib/python3.7/site-packages/airflow/example_dags/example_nested_branch_dag.py took 0.139 seconds
[2025-12-05T00:53:14.955+0000] {processor.py:156} INFO - Started process (PID=3030) to work on /home/airflow/.local/lib/python3.7/site-packages/airflow/example_dags/example_nested_branch_dag.py
[2025-12-05T00:53:14.956+0000] {processor.py:758} INFO - Processing file /home/airflow/.local/lib/python3.7/site-packages/airflow/example_dags/example_nested_branch_dag.py for tasks to queue
[2025-12-05T00:53:14.956+0000] {logging_mixin.py:117} INFO - [2025-12-05T00:53:14.956+0000] {dagbag.py:525} INFO - Filling up the DagBag from /home/airflow/.local/lib/python3.7/site-packages/airflow/example_dags/example_nested_branch_dag.py
[2025-12-05T00:53:14.968+0000] {processor.py:768} INFO - DAG(s) dict_keys(['example_nested_branch_dag']) retrieved from /home/airflow/.local/lib/python3.7/site-packages/airflow/example_dags/example_nested_branch_dag.py
[2025-12-05T00:53:15.111+0000] {logging_mixin.py:117} INFO - [2025-12-05T00:53:15.111+0000] {dag.py:2573} INFO - Sync 1 DAGs
[2025-12-05T00:53:15.126+0000] {logging_mixin.py:117} INFO - [2025-12-05T00:53:15.125+0000] {dag.py:3328} INFO - Setting next_dagrun for example_nested_branch_dag to 2025-12-04T00:00:00+00:00, run_after=2025-12-05T00:00:00+00:00
[2025-12-05T00:53:15.134+0000] {processor.py:178} INFO - Processing /home/airflow/.local/lib/python3.7/site-packages/airflow/example_dags/example_nested_branch_dag.py took 0.180 seconds
[2025-12-05T00:53:45.557+0000] {processor.py:156} INFO - Started process (PID=3231) to work on /home/airflow/.local/lib/python3.7/site-packages/airflow/example_dags/example_nested_branch_dag.py
[2025-12-05T00:53:45.558+0000] {processor.py:758} INFO - Processing file /home/airflow/.local/lib/python3.7/site-packages/airflow/example_dags/example_nested_branch_dag.py for tasks to queue
[2025-12-05T00:53:45.558+0000] {logging_mixin.py:117} INFO - [2025-12-05T00:53:45.558+0000] {dagbag.py:525} INFO - Filling up the DagBag from /home/airflow/.local/lib/python3.7/site-packages/airflow/example_dags/example_nested_branch_dag.py
[2025-12-05T00:53:45.666+0000] {processor.py:768} INFO - DAG(s) dict_keys(['example_nested_branch_dag']) retrieved from /home/airflow/.local/lib/python3.7/site-packages/airflow/example_dags/example_nested_branch_dag.py
[2025-12-05T00:53:45.684+0000] {logging_mixin.py:117} INFO - [2025-12-05T00:53:45.684+0000] {dag.py:2573} INFO - Sync 1 DAGs
[2025-12-05T00:53:45.697+0000] {logging_mixin.py:117} INFO - [2025-12-05T00:53:45.696+0000] {dag.py:3328} INFO - Setting next_dagrun for example_nested_branch_dag to 2025-12-04T00:00:00+00:00, run_after=2025-12-05T00:00:00+00:00
[2025-12-05T00:53:45.704+0000] {processor.py:178} INFO - Processing /home/airflow/.local/lib/python3.7/site-packages/airflow/example_dags/example_nested_branch_dag.py took 0.148 seconds
[2025-12-05T00:54:16.569+0000] {processor.py:156} INFO - Started process (PID=3434) to work on /home/airflow/.local/lib/python3.7/site-packages/airflow/example_dags/example_nested_branch_dag.py
[2025-12-05T00:54:16.569+0000] {processor.py:758} INFO - Processing file /home/airflow/.local/lib/python3.7/site-packages/airflow/example_dags/example_nested_branch_dag.py for tasks to queue
[2025-12-05T00:54:16.570+0000] {logging_mixin.py:117} INFO - [2025-12-05T00:54:16.570+0000] {dagbag.py:525} INFO - Filling up the DagBag from /home/airflow/.local/lib/python3.7/site-packages/airflow/example_dags/example_nested_branch_dag.py
[2025-12-05T00:54:16.582+0000] {processor.py:768} INFO - DAG(s) dict_keys(['example_nested_branch_dag']) retrieved from /home/airflow/.local/lib/python3.7/site-packages/airflow/example_dags/example_nested_branch_dag.py
[2025-12-05T00:54:16.600+0000] {logging_mixin.py:117} INFO - [2025-12-05T00:54:16.600+0000] {dag.py:2573} INFO - Sync 1 DAGs
[2025-12-05T00:54:16.698+0000] {logging_mixin.py:117} INFO - [2025-12-05T00:54:16.698+0000] {dag.py:3328} INFO - Setting next_dagrun for example_nested_branch_dag to 2025-12-04T00:00:00+00:00, run_after=2025-12-05T00:00:00+00:00
[2025-12-05T00:54:16.706+0000] {processor.py:178} INFO - Processing /home/airflow/.local/lib/python3.7/site-packages/airflow/example_dags/example_nested_branch_dag.py took 0.139 seconds
[2025-12-05T00:54:47.159+0000] {processor.py:156} INFO - Started process (PID=3633) to work on /home/airflow/.local/lib/python3.7/site-packages/airflow/example_dags/example_nested_branch_dag.py
[2025-12-05T00:54:47.160+0000] {processor.py:758} INFO - Processing file /home/airflow/.local/lib/python3.7/site-packages/airflow/example_dags/example_nested_branch_dag.py for tasks to queue
[2025-12-05T00:54:47.161+0000] {logging_mixin.py:117} INFO - [2025-12-05T00:54:47.161+0000] {dagbag.py:525} INFO - Filling up the DagBag from /home/airflow/.local/lib/python3.7/site-packages/airflow/example_dags/example_nested_branch_dag.py
[2025-12-05T00:54:47.177+0000] {processor.py:768} INFO - DAG(s) dict_keys(['example_nested_branch_dag']) retrieved from /home/airflow/.local/lib/python3.7/site-packages/airflow/example_dags/example_nested_branch_dag.py
[2025-12-05T00:54:47.303+0000] {logging_mixin.py:117} INFO - [2025-12-05T00:54:47.303+0000] {dag.py:2573} INFO - Sync 1 DAGs
[2025-12-05T00:54:47.317+0000] {logging_mixin.py:117} INFO - [2025-12-05T00:54:47.316+0000] {dag.py:3328} INFO - Setting next_dagrun for example_nested_branch_dag to 2025-12-04T00:00:00+00:00, run_after=2025-12-05T00:00:00+00:00
[2025-12-05T00:54:47.325+0000] {processor.py:178} INFO - Processing /home/airflow/.local/lib/python3.7/site-packages/airflow/example_dags/example_nested_branch_dag.py took 0.169 seconds
[2025-12-05T00:55:17.876+0000] {processor.py:156} INFO - Started process (PID=3833) to work on /home/airflow/.local/lib/python3.7/site-packages/airflow/example_dags/example_nested_branch_dag.py
[2025-12-05T00:55:17.877+0000] {processor.py:758} INFO - Processing file /home/airflow/.local/lib/python3.7/site-packages/airflow/example_dags/example_nested_branch_dag.py for tasks to queue
[2025-12-05T00:55:17.878+0000] {logging_mixin.py:117} INFO - [2025-12-05T00:55:17.878+0000] {dagbag.py:525} INFO - Filling up the DagBag from /home/airflow/.local/lib/python3.7/site-packages/airflow/example_dags/example_nested_branch_dag.py
[2025-12-05T00:55:17.891+0000] {processor.py:768} INFO - DAG(s) dict_keys(['example_nested_branch_dag']) retrieved from /home/airflow/.local/lib/python3.7/site-packages/airflow/example_dags/example_nested_branch_dag.py
[2025-12-05T00:55:18.003+0000] {logging_mixin.py:117} INFO - [2025-12-05T00:55:18.003+0000] {dag.py:2573} INFO - Sync 1 DAGs
[2025-12-05T00:55:18.020+0000] {logging_mixin.py:117} INFO - [2025-12-05T00:55:18.020+0000] {dag.py:3328} INFO - Setting next_dagrun for example_nested_branch_dag to 2025-12-04T00:00:00+00:00, run_after=2025-12-05T00:00:00+00:00
[2025-12-05T00:55:18.028+0000] {processor.py:178} INFO - Processing /home/airflow/.local/lib/python3.7/site-packages/airflow/example_dags/example_nested_branch_dag.py took 0.154 seconds
[2025-12-05T00:55:48.471+0000] {processor.py:156} INFO - Started process (PID=4034) to work on /home/airflow/.local/lib/python3.7/site-packages/airflow/example_dags/example_nested_branch_dag.py
[2025-12-05T00:55:48.472+0000] {processor.py:758} INFO - Processing file /home/airflow/.local/lib/python3.7/site-packages/airflow/example_dags/example_nested_branch_dag.py for tasks to queue
[2025-12-05T00:55:48.472+0000] {logging_mixin.py:117} INFO - [2025-12-05T00:55:48.472+0000] {dagbag.py:525} INFO - Filling up the DagBag from /home/airflow/.local/lib/python3.7/site-packages/airflow/example_dags/example_nested_branch_dag.py
[2025-12-05T00:55:48.570+0000] {processor.py:768} INFO - DAG(s) dict_keys(['example_nested_branch_dag']) retrieved from /home/airflow/.local/lib/python3.7/site-packages/airflow/example_dags/example_nested_branch_dag.py
[2025-12-05T00:55:48.585+0000] {logging_mixin.py:117} INFO - [2025-12-05T00:55:48.585+0000] {dag.py:2573} INFO - Sync 1 DAGs
[2025-12-05T00:55:48.597+0000] {logging_mixin.py:117} INFO - [2025-12-05T00:55:48.597+0000] {dag.py:3328} INFO - Setting next_dagrun for example_nested_branch_dag to 2025-12-04T00:00:00+00:00, run_after=2025-12-05T00:00:00+00:00
[2025-12-05T00:55:48.605+0000] {processor.py:178} INFO - Processing /home/airflow/.local/lib/python3.7/site-packages/airflow/example_dags/example_nested_branch_dag.py took 0.135 seconds
[2025-12-05T00:56:18.989+0000] {processor.py:156} INFO - Started process (PID=4234) to work on /home/airflow/.local/lib/python3.7/site-packages/airflow/example_dags/example_nested_branch_dag.py
[2025-12-05T00:56:18.990+0000] {processor.py:758} INFO - Processing file /home/airflow/.local/lib/python3.7/site-packages/airflow/example_dags/example_nested_branch_dag.py for tasks to queue
[2025-12-05T00:56:18.990+0000] {logging_mixin.py:117} INFO - [2025-12-05T00:56:18.990+0000] {dagbag.py:525} INFO - Filling up the DagBag from /home/airflow/.local/lib/python3.7/site-packages/airflow/example_dags/example_nested_branch_dag.py
[2025-12-05T00:56:19.004+0000] {processor.py:768} INFO - DAG(s) dict_keys(['example_nested_branch_dag']) retrieved from /home/airflow/.local/lib/python3.7/site-packages/airflow/example_dags/example_nested_branch_dag.py
[2025-12-05T00:56:19.023+0000] {logging_mixin.py:117} INFO - [2025-12-05T00:56:19.023+0000] {dag.py:2573} INFO - Sync 1 DAGs
[2025-12-05T00:56:19.034+0000] {logging_mixin.py:117} INFO - [2025-12-05T00:56:19.034+0000] {dag.py:3328} INFO - Setting next_dagrun for example_nested_branch_dag to 2025-12-04T00:00:00+00:00, run_after=2025-12-05T00:00:00+00:00
[2025-12-05T00:56:19.042+0000] {processor.py:178} INFO - Processing /home/airflow/.local/lib/python3.7/site-packages/airflow/example_dags/example_nested_branch_dag.py took 0.054 seconds
[2025-12-05T00:56:49.801+0000] {processor.py:156} INFO - Started process (PID=4435) to work on /home/airflow/.local/lib/python3.7/site-packages/airflow/example_dags/example_nested_branch_dag.py
[2025-12-05T00:56:49.803+0000] {processor.py:758} INFO - Processing file /home/airflow/.local/lib/python3.7/site-packages/airflow/example_dags/example_nested_branch_dag.py for tasks to queue
[2025-12-05T00:56:49.804+0000] {logging_mixin.py:117} INFO - [2025-12-05T00:56:49.804+0000] {dagbag.py:525} INFO - Filling up the DagBag from /home/airflow/.local/lib/python3.7/site-packages/airflow/example_dags/example_nested_branch_dag.py
[2025-12-05T00:56:49.820+0000] {processor.py:768} INFO - DAG(s) dict_keys(['example_nested_branch_dag']) retrieved from /home/airflow/.local/lib/python3.7/site-packages/airflow/example_dags/example_nested_branch_dag.py
[2025-12-05T00:56:49.847+0000] {logging_mixin.py:117} INFO - [2025-12-05T00:56:49.847+0000] {dag.py:2573} INFO - Sync 1 DAGs
[2025-12-05T00:56:49.859+0000] {logging_mixin.py:117} INFO - [2025-12-05T00:56:49.859+0000] {dag.py:3328} INFO - Setting next_dagrun for example_nested_branch_dag to 2025-12-04T00:00:00+00:00, run_after=2025-12-05T00:00:00+00:00
[2025-12-05T00:56:49.868+0000] {processor.py:178} INFO - Processing /home/airflow/.local/lib/python3.7/site-packages/airflow/example_dags/example_nested_branch_dag.py took 0.070 seconds
[2025-12-05T00:57:20.737+0000] {processor.py:156} INFO - Started process (PID=4635) to work on /home/airflow/.local/lib/python3.7/site-packages/airflow/example_dags/example_nested_branch_dag.py
[2025-12-05T00:57:20.738+0000] {processor.py:758} INFO - Processing file /home/airflow/.local/lib/python3.7/site-packages/airflow/example_dags/example_nested_branch_dag.py for tasks to queue
[2025-12-05T00:57:20.738+0000] {logging_mixin.py:117} INFO - [2025-12-05T00:57:20.738+0000] {dagbag.py:525} INFO - Filling up the DagBag from /home/airflow/.local/lib/python3.7/site-packages/airflow/example_dags/example_nested_branch_dag.py
[2025-12-05T00:57:20.751+0000] {processor.py:768} INFO - DAG(s) dict_keys(['example_nested_branch_dag']) retrieved from /home/airflow/.local/lib/python3.7/site-packages/airflow/example_dags/example_nested_branch_dag.py
[2025-12-05T00:57:20.779+0000] {logging_mixin.py:117} INFO - [2025-12-05T00:57:20.778+0000] {dag.py:2573} INFO - Sync 1 DAGs
[2025-12-05T00:57:20.793+0000] {logging_mixin.py:117} INFO - [2025-12-05T00:57:20.793+0000] {dag.py:3328} INFO - Setting next_dagrun for example_nested_branch_dag to 2025-12-04T00:00:00+00:00, run_after=2025-12-05T00:00:00+00:00
[2025-12-05T00:57:20.803+0000] {processor.py:178} INFO - Processing /home/airflow/.local/lib/python3.7/site-packages/airflow/example_dags/example_nested_branch_dag.py took 0.070 seconds
[2025-12-05T00:57:51.532+0000] {processor.py:156} INFO - Started process (PID=4836) to work on /home/airflow/.local/lib/python3.7/site-packages/airflow/example_dags/example_nested_branch_dag.py
[2025-12-05T00:57:51.533+0000] {processor.py:758} INFO - Processing file /home/airflow/.local/lib/python3.7/site-packages/airflow/example_dags/example_nested_branch_dag.py for tasks to queue
[2025-12-05T00:57:51.533+0000] {logging_mixin.py:117} INFO - [2025-12-05T00:57:51.533+0000] {dagbag.py:525} INFO - Filling up the DagBag from /home/airflow/.local/lib/python3.7/site-packages/airflow/example_dags/example_nested_branch_dag.py
[2025-12-05T00:57:51.547+0000] {processor.py:768} INFO - DAG(s) dict_keys(['example_nested_branch_dag']) retrieved from /home/airflow/.local/lib/python3.7/site-packages/airflow/example_dags/example_nested_branch_dag.py
[2025-12-05T00:57:51.569+0000] {logging_mixin.py:117} INFO - [2025-12-05T00:57:51.569+0000] {dag.py:2573} INFO - Sync 1 DAGs
[2025-12-05T00:57:51.583+0000] {logging_mixin.py:117} INFO - [2025-12-05T00:57:51.583+0000] {dag.py:3328} INFO - Setting next_dagrun for example_nested_branch_dag to 2025-12-04T00:00:00+00:00, run_after=2025-12-05T00:00:00+00:00
[2025-12-05T00:57:51.594+0000] {processor.py:178} INFO - Processing /home/airflow/.local/lib/python3.7/site-packages/airflow/example_dags/example_nested_branch_dag.py took 0.064 seconds
[2025-12-05T00:58:22.557+0000] {processor.py:156} INFO - Started process (PID=5037) to work on /home/airflow/.local/lib/python3.7/site-packages/airflow/example_dags/example_nested_branch_dag.py
[2025-12-05T00:58:22.558+0000] {processor.py:758} INFO - Processing file /home/airflow/.local/lib/python3.7/site-packages/airflow/example_dags/example_nested_branch_dag.py for tasks to queue
[2025-12-05T00:58:22.558+0000] {logging_mixin.py:117} INFO - [2025-12-05T00:58:22.558+0000] {dagbag.py:525} INFO - Filling up the DagBag from /home/airflow/.local/lib/python3.7/site-packages/airflow/example_dags/example_nested_branch_dag.py
[2025-12-05T00:58:22.572+0000] {processor.py:768} INFO - DAG(s) dict_keys(['example_nested_branch_dag']) retrieved from /home/airflow/.local/lib/python3.7/site-packages/airflow/example_dags/example_nested_branch_dag.py
[2025-12-05T00:58:22.597+0000] {logging_mixin.py:117} INFO - [2025-12-05T00:58:22.597+0000] {dag.py:2573} INFO - Sync 1 DAGs
[2025-12-05T00:58:22.611+0000] {logging_mixin.py:117} INFO - [2025-12-05T00:58:22.611+0000] {dag.py:3328} INFO - Setting next_dagrun for example_nested_branch_dag to 2025-12-04T00:00:00+00:00, run_after=2025-12-05T00:00:00+00:00
[2025-12-05T00:58:22.620+0000] {processor.py:178} INFO - Processing /home/airflow/.local/lib/python3.7/site-packages/airflow/example_dags/example_nested_branch_dag.py took 0.065 seconds
[2025-12-05T00:58:53.472+0000] {processor.py:156} INFO - Started process (PID=5238) to work on /home/airflow/.local/lib/python3.7/site-packages/airflow/example_dags/example_nested_branch_dag.py
[2025-12-05T00:58:53.472+0000] {processor.py:758} INFO - Processing file /home/airflow/.local/lib/python3.7/site-packages/airflow/example_dags/example_nested_branch_dag.py for tasks to queue
[2025-12-05T00:58:53.473+0000] {logging_mixin.py:117} INFO - [2025-12-05T00:58:53.473+0000] {dagbag.py:525} INFO - Filling up the DagBag from /home/airflow/.local/lib/python3.7/site-packages/airflow/example_dags/example_nested_branch_dag.py
[2025-12-05T00:58:53.488+0000] {processor.py:768} INFO - DAG(s) dict_keys(['example_nested_branch_dag']) retrieved from /home/airflow/.local/lib/python3.7/site-packages/airflow/example_dags/example_nested_branch_dag.py
[2025-12-05T00:58:53.511+0000] {logging_mixin.py:117} INFO - [2025-12-05T00:58:53.511+0000] {dag.py:2573} INFO - Sync 1 DAGs
[2025-12-05T00:58:53.524+0000] {logging_mixin.py:117} INFO - [2025-12-05T00:58:53.524+0000] {dag.py:3328} INFO - Setting next_dagrun for example_nested_branch_dag to 2025-12-04T00:00:00+00:00, run_after=2025-12-05T00:00:00+00:00
[2025-12-05T00:58:53.533+0000] {processor.py:178} INFO - Processing /home/airflow/.local/lib/python3.7/site-packages/airflow/example_dags/example_nested_branch_dag.py took 0.063 seconds
[2025-12-05T00:59:24.189+0000] {processor.py:156} INFO - Started process (PID=5445) to work on /home/airflow/.local/lib/python3.7/site-packages/airflow/example_dags/example_nested_branch_dag.py
[2025-12-05T00:59:24.190+0000] {processor.py:758} INFO - Processing file /home/airflow/.local/lib/python3.7/site-packages/airflow/example_dags/example_nested_branch_dag.py for tasks to queue
[2025-12-05T00:59:24.190+0000] {logging_mixin.py:117} INFO - [2025-12-05T00:59:24.190+0000] {dagbag.py:525} INFO - Filling up the DagBag from /home/airflow/.local/lib/python3.7/site-packages/airflow/example_dags/example_nested_branch_dag.py
[2025-12-05T00:59:24.203+0000] {processor.py:768} INFO - DAG(s) dict_keys(['example_nested_branch_dag']) retrieved from /home/airflow/.local/lib/python3.7/site-packages/airflow/example_dags/example_nested_branch_dag.py
[2025-12-05T00:59:24.226+0000] {logging_mixin.py:117} INFO - [2025-12-05T00:59:24.226+0000] {dag.py:2573} INFO - Sync 1 DAGs
[2025-12-05T00:59:24.240+0000] {logging_mixin.py:117} INFO - [2025-12-05T00:59:24.240+0000] {dag.py:3328} INFO - Setting next_dagrun for example_nested_branch_dag to 2025-12-04T00:00:00+00:00, run_after=2025-12-05T00:00:00+00:00
[2025-12-05T00:59:24.249+0000] {processor.py:178} INFO - Processing /home/airflow/.local/lib/python3.7/site-packages/airflow/example_dags/example_nested_branch_dag.py took 0.062 seconds
[2025-12-05T00:59:55.095+0000] {processor.py:156} INFO - Started process (PID=5646) to work on /home/airflow/.local/lib/python3.7/site-packages/airflow/example_dags/example_nested_branch_dag.py
[2025-12-05T00:59:55.095+0000] {processor.py:758} INFO - Processing file /home/airflow/.local/lib/python3.7/site-packages/airflow/example_dags/example_nested_branch_dag.py for tasks to queue
[2025-12-05T00:59:55.095+0000] {logging_mixin.py:117} INFO - [2025-12-05T00:59:55.095+0000] {dagbag.py:525} INFO - Filling up the DagBag from /home/airflow/.local/lib/python3.7/site-packages/airflow/example_dags/example_nested_branch_dag.py
[2025-12-05T00:59:55.107+0000] {processor.py:768} INFO - DAG(s) dict_keys(['example_nested_branch_dag']) retrieved from /home/airflow/.local/lib/python3.7/site-packages/airflow/example_dags/example_nested_branch_dag.py
[2025-12-05T00:59:55.123+0000] {logging_mixin.py:117} INFO - [2025-12-05T00:59:55.123+0000] {dag.py:2573} INFO - Sync 1 DAGs
[2025-12-05T00:59:55.138+0000] {logging_mixin.py:117} INFO - [2025-12-05T00:59:55.138+0000] {dag.py:3328} INFO - Setting next_dagrun for example_nested_branch_dag to 2025-12-04T00:00:00+00:00, run_after=2025-12-05T00:00:00+00:00
[2025-12-05T00:59:55.145+0000] {processor.py:178} INFO - Processing /home/airflow/.local/lib/python3.7/site-packages/airflow/example_dags/example_nested_branch_dag.py took 0.052 seconds
[2025-12-05T01:00:26.152+0000] {processor.py:156} INFO - Started process (PID=5847) to work on /home/airflow/.local/lib/python3.7/site-packages/airflow/example_dags/example_nested_branch_dag.py
[2025-12-05T01:00:26.155+0000] {processor.py:758} INFO - Processing file /home/airflow/.local/lib/python3.7/site-packages/airflow/example_dags/example_nested_branch_dag.py for tasks to queue
[2025-12-05T01:00:26.156+0000] {logging_mixin.py:117} INFO - [2025-12-05T01:00:26.155+0000] {dagbag.py:525} INFO - Filling up the DagBag from /home/airflow/.local/lib/python3.7/site-packages/airflow/example_dags/example_nested_branch_dag.py
[2025-12-05T01:00:26.171+0000] {processor.py:768} INFO - DAG(s) dict_keys(['example_nested_branch_dag']) retrieved from /home/airflow/.local/lib/python3.7/site-packages/airflow/example_dags/example_nested_branch_dag.py
[2025-12-05T01:00:26.194+0000] {logging_mixin.py:117} INFO - [2025-12-05T01:00:26.194+0000] {dag.py:2573} INFO - Sync 1 DAGs
[2025-12-05T01:00:26.208+0000] {logging_mixin.py:117} INFO - [2025-12-05T01:00:26.208+0000] {dag.py:3328} INFO - Setting next_dagrun for example_nested_branch_dag to 2025-12-04T00:00:00+00:00, run_after=2025-12-05T00:00:00+00:00
[2025-12-05T01:00:26.217+0000] {processor.py:178} INFO - Processing /home/airflow/.local/lib/python3.7/site-packages/airflow/example_dags/example_nested_branch_dag.py took 0.071 seconds
[2025-12-05T01:00:56.432+0000] {processor.py:156} INFO - Started process (PID=6047) to work on /home/airflow/.local/lib/python3.7/site-packages/airflow/example_dags/example_nested_branch_dag.py
[2025-12-05T01:00:56.433+0000] {processor.py:758} INFO - Processing file /home/airflow/.local/lib/python3.7/site-packages/airflow/example_dags/example_nested_branch_dag.py for tasks to queue
[2025-12-05T01:00:56.433+0000] {logging_mixin.py:117} INFO - [2025-12-05T01:00:56.433+0000] {dagbag.py:525} INFO - Filling up the DagBag from /home/airflow/.local/lib/python3.7/site-packages/airflow/example_dags/example_nested_branch_dag.py
[2025-12-05T01:00:56.444+0000] {processor.py:768} INFO - DAG(s) dict_keys(['example_nested_branch_dag']) retrieved from /home/airflow/.local/lib/python3.7/site-packages/airflow/example_dags/example_nested_branch_dag.py
[2025-12-05T01:00:56.466+0000] {logging_mixin.py:117} INFO - [2025-12-05T01:00:56.465+0000] {dag.py:2573} INFO - Sync 1 DAGs
[2025-12-05T01:00:56.477+0000] {logging_mixin.py:117} INFO - [2025-12-05T01:00:56.477+0000] {dag.py:3328} INFO - Setting next_dagrun for example_nested_branch_dag to 2025-12-04T00:00:00+00:00, run_after=2025-12-05T00:00:00+00:00
[2025-12-05T01:00:56.484+0000] {processor.py:178} INFO - Processing /home/airflow/.local/lib/python3.7/site-packages/airflow/example_dags/example_nested_branch_dag.py took 0.054 seconds
[2025-12-05T01:01:26.932+0000] {processor.py:156} INFO - Started process (PID=6247) to work on /home/airflow/.local/lib/python3.7/site-packages/airflow/example_dags/example_nested_branch_dag.py
[2025-12-05T01:01:26.933+0000] {processor.py:758} INFO - Processing file /home/airflow/.local/lib/python3.7/site-packages/airflow/example_dags/example_nested_branch_dag.py for tasks to queue
[2025-12-05T01:01:26.934+0000] {logging_mixin.py:117} INFO - [2025-12-05T01:01:26.934+0000] {dagbag.py:525} INFO - Filling up the DagBag from /home/airflow/.local/lib/python3.7/site-packages/airflow/example_dags/example_nested_branch_dag.py
[2025-12-05T01:01:26.951+0000] {processor.py:768} INFO - DAG(s) dict_keys(['example_nested_branch_dag']) retrieved from /home/airflow/.local/lib/python3.7/site-packages/airflow/example_dags/example_nested_branch_dag.py
[2025-12-05T01:01:26.974+0000] {logging_mixin.py:117} INFO - [2025-12-05T01:01:26.974+0000] {dag.py:2573} INFO - Sync 1 DAGs
[2025-12-05T01:01:26.986+0000] {logging_mixin.py:117} INFO - [2025-12-05T01:01:26.986+0000] {dag.py:3328} INFO - Setting next_dagrun for example_nested_branch_dag to 2025-12-04T00:00:00+00:00, run_after=2025-12-05T00:00:00+00:00
[2025-12-05T01:01:26.994+0000] {processor.py:178} INFO - Processing /home/airflow/.local/lib/python3.7/site-packages/airflow/example_dags/example_nested_branch_dag.py took 0.067 seconds
[2025-12-05T01:01:58.044+0000] {processor.py:156} INFO - Started process (PID=6448) to work on /home/airflow/.local/lib/python3.7/site-packages/airflow/example_dags/example_nested_branch_dag.py
[2025-12-05T01:01:58.045+0000] {processor.py:758} INFO - Processing file /home/airflow/.local/lib/python3.7/site-packages/airflow/example_dags/example_nested_branch_dag.py for tasks to queue
[2025-12-05T01:01:58.045+0000] {logging_mixin.py:117} INFO - [2025-12-05T01:01:58.045+0000] {dagbag.py:525} INFO - Filling up the DagBag from /home/airflow/.local/lib/python3.7/site-packages/airflow/example_dags/example_nested_branch_dag.py
[2025-12-05T01:01:58.058+0000] {processor.py:768} INFO - DAG(s) dict_keys(['example_nested_branch_dag']) retrieved from /home/airflow/.local/lib/python3.7/site-packages/airflow/example_dags/example_nested_branch_dag.py
[2025-12-05T01:01:58.079+0000] {logging_mixin.py:117} INFO - [2025-12-05T01:01:58.078+0000] {dag.py:2573} INFO - Sync 1 DAGs
[2025-12-05T01:01:58.093+0000] {logging_mixin.py:117} INFO - [2025-12-05T01:01:58.093+0000] {dag.py:3328} INFO - Setting next_dagrun for example_nested_branch_dag to 2025-12-04T00:00:00+00:00, run_after=2025-12-05T00:00:00+00:00
[2025-12-05T01:01:58.104+0000] {processor.py:178} INFO - Processing /home/airflow/.local/lib/python3.7/site-packages/airflow/example_dags/example_nested_branch_dag.py took 0.063 seconds
[2025-12-05T01:02:28.876+0000] {processor.py:156} INFO - Started process (PID=6649) to work on /home/airflow/.local/lib/python3.7/site-packages/airflow/example_dags/example_nested_branch_dag.py
[2025-12-05T01:02:28.877+0000] {processor.py:758} INFO - Processing file /home/airflow/.local/lib/python3.7/site-packages/airflow/example_dags/example_nested_branch_dag.py for tasks to queue
[2025-12-05T01:02:28.877+0000] {logging_mixin.py:117} INFO - [2025-12-05T01:02:28.877+0000] {dagbag.py:525} INFO - Filling up the DagBag from /home/airflow/.local/lib/python3.7/site-packages/airflow/example_dags/example_nested_branch_dag.py
[2025-12-05T01:02:28.890+0000] {processor.py:768} INFO - DAG(s) dict_keys(['example_nested_branch_dag']) retrieved from /home/airflow/.local/lib/python3.7/site-packages/airflow/example_dags/example_nested_branch_dag.py
[2025-12-05T01:02:28.929+0000] {logging_mixin.py:117} INFO - [2025-12-05T01:02:28.929+0000] {dag.py:2573} INFO - Sync 1 DAGs
[2025-12-05T01:02:28.946+0000] {logging_mixin.py:117} INFO - [2025-12-05T01:02:28.946+0000] {dag.py:3328} INFO - Setting next_dagrun for example_nested_branch_dag to 2025-12-04T00:00:00+00:00, run_after=2025-12-05T00:00:00+00:00
[2025-12-05T01:02:28.955+0000] {processor.py:178} INFO - Processing /home/airflow/.local/lib/python3.7/site-packages/airflow/example_dags/example_nested_branch_dag.py took 0.082 seconds
[2025-12-05T01:02:59.081+0000] {processor.py:156} INFO - Started process (PID=6850) to work on /home/airflow/.local/lib/python3.7/site-packages/airflow/example_dags/example_nested_branch_dag.py
[2025-12-05T01:02:59.082+0000] {processor.py:758} INFO - Processing file /home/airflow/.local/lib/python3.7/site-packages/airflow/example_dags/example_nested_branch_dag.py for tasks to queue
[2025-12-05T01:02:59.083+0000] {logging_mixin.py:117} INFO - [2025-12-05T01:02:59.082+0000] {dagbag.py:525} INFO - Filling up the DagBag from /home/airflow/.local/lib/python3.7/site-packages/airflow/example_dags/example_nested_branch_dag.py
[2025-12-05T01:02:59.095+0000] {processor.py:768} INFO - DAG(s) dict_keys(['example_nested_branch_dag']) retrieved from /home/airflow/.local/lib/python3.7/site-packages/airflow/example_dags/example_nested_branch_dag.py
[2025-12-05T01:02:59.115+0000] {logging_mixin.py:117} INFO - [2025-12-05T01:02:59.115+0000] {dag.py:2573} INFO - Sync 1 DAGs
[2025-12-05T01:02:59.130+0000] {logging_mixin.py:117} INFO - [2025-12-05T01:02:59.130+0000] {dag.py:3328} INFO - Setting next_dagrun for example_nested_branch_dag to 2025-12-04T00:00:00+00:00, run_after=2025-12-05T00:00:00+00:00
[2025-12-05T01:02:59.141+0000] {processor.py:178} INFO - Processing /home/airflow/.local/lib/python3.7/site-packages/airflow/example_dags/example_nested_branch_dag.py took 0.062 seconds
[2025-12-05T01:03:30.071+0000] {processor.py:156} INFO - Started process (PID=7051) to work on /home/airflow/.local/lib/python3.7/site-packages/airflow/example_dags/example_nested_branch_dag.py
[2025-12-05T01:03:30.072+0000] {processor.py:758} INFO - Processing file /home/airflow/.local/lib/python3.7/site-packages/airflow/example_dags/example_nested_branch_dag.py for tasks to queue
[2025-12-05T01:03:30.072+0000] {logging_mixin.py:117} INFO - [2025-12-05T01:03:30.072+0000] {dagbag.py:525} INFO - Filling up the DagBag from /home/airflow/.local/lib/python3.7/site-packages/airflow/example_dags/example_nested_branch_dag.py
[2025-12-05T01:03:30.083+0000] {processor.py:768} INFO - DAG(s) dict_keys(['example_nested_branch_dag']) retrieved from /home/airflow/.local/lib/python3.7/site-packages/airflow/example_dags/example_nested_branch_dag.py
[2025-12-05T01:03:30.101+0000] {logging_mixin.py:117} INFO - [2025-12-05T01:03:30.101+0000] {dag.py:2573} INFO - Sync 1 DAGs
[2025-12-05T01:03:30.113+0000] {logging_mixin.py:117} INFO - [2025-12-05T01:03:30.113+0000] {dag.py:3328} INFO - Setting next_dagrun for example_nested_branch_dag to 2025-12-04T00:00:00+00:00, run_after=2025-12-05T00:00:00+00:00
[2025-12-05T01:03:30.122+0000] {processor.py:178} INFO - Processing /home/airflow/.local/lib/python3.7/site-packages/airflow/example_dags/example_nested_branch_dag.py took 0.052 seconds
[2025-12-05T01:04:01.048+0000] {processor.py:156} INFO - Started process (PID=7251) to work on /home/airflow/.local/lib/python3.7/site-packages/airflow/example_dags/example_nested_branch_dag.py
[2025-12-05T01:04:01.049+0000] {processor.py:758} INFO - Processing file /home/airflow/.local/lib/python3.7/site-packages/airflow/example_dags/example_nested_branch_dag.py for tasks to queue
[2025-12-05T01:04:01.049+0000] {logging_mixin.py:117} INFO - [2025-12-05T01:04:01.049+0000] {dagbag.py:525} INFO - Filling up the DagBag from /home/airflow/.local/lib/python3.7/site-packages/airflow/example_dags/example_nested_branch_dag.py
[2025-12-05T01:04:01.061+0000] {processor.py:768} INFO - DAG(s) dict_keys(['example_nested_branch_dag']) retrieved from /home/airflow/.local/lib/python3.7/site-packages/airflow/example_dags/example_nested_branch_dag.py
[2025-12-05T01:04:01.082+0000] {logging_mixin.py:117} INFO - [2025-12-05T01:04:01.082+0000] {dag.py:2573} INFO - Sync 1 DAGs
[2025-12-05T01:04:01.094+0000] {logging_mixin.py:117} INFO - [2025-12-05T01:04:01.094+0000] {dag.py:3328} INFO - Setting next_dagrun for example_nested_branch_dag to 2025-12-04T00:00:00+00:00, run_after=2025-12-05T00:00:00+00:00
[2025-12-05T01:04:01.102+0000] {processor.py:178} INFO - Processing /home/airflow/.local/lib/python3.7/site-packages/airflow/example_dags/example_nested_branch_dag.py took 0.055 seconds
[2025-12-05T01:04:31.740+0000] {processor.py:156} INFO - Started process (PID=7452) to work on /home/airflow/.local/lib/python3.7/site-packages/airflow/example_dags/example_nested_branch_dag.py
[2025-12-05T01:04:31.741+0000] {processor.py:758} INFO - Processing file /home/airflow/.local/lib/python3.7/site-packages/airflow/example_dags/example_nested_branch_dag.py for tasks to queue
[2025-12-05T01:04:31.741+0000] {logging_mixin.py:117} INFO - [2025-12-05T01:04:31.741+0000] {dagbag.py:525} INFO - Filling up the DagBag from /home/airflow/.local/lib/python3.7/site-packages/airflow/example_dags/example_nested_branch_dag.py
[2025-12-05T01:04:31.758+0000] {processor.py:768} INFO - DAG(s) dict_keys(['example_nested_branch_dag']) retrieved from /home/airflow/.local/lib/python3.7/site-packages/airflow/example_dags/example_nested_branch_dag.py
[2025-12-05T01:04:31.781+0000] {logging_mixin.py:117} INFO - [2025-12-05T01:04:31.781+0000] {dag.py:2573} INFO - Sync 1 DAGs
[2025-12-05T01:04:31.801+0000] {logging_mixin.py:117} INFO - [2025-12-05T01:04:31.801+0000] {dag.py:3328} INFO - Setting next_dagrun for example_nested_branch_dag to 2025-12-04T00:00:00+00:00, run_after=2025-12-05T00:00:00+00:00
[2025-12-05T01:04:31.810+0000] {processor.py:178} INFO - Processing /home/airflow/.local/lib/python3.7/site-packages/airflow/example_dags/example_nested_branch_dag.py took 0.071 seconds
[2025-12-05T01:05:02.504+0000] {processor.py:156} INFO - Started process (PID=7653) to work on /home/airflow/.local/lib/python3.7/site-packages/airflow/example_dags/example_nested_branch_dag.py
[2025-12-05T01:05:02.508+0000] {processor.py:758} INFO - Processing file /home/airflow/.local/lib/python3.7/site-packages/airflow/example_dags/example_nested_branch_dag.py for tasks to queue
[2025-12-05T01:05:02.509+0000] {logging_mixin.py:117} INFO - [2025-12-05T01:05:02.509+0000] {dagbag.py:525} INFO - Filling up the DagBag from /home/airflow/.local/lib/python3.7/site-packages/airflow/example_dags/example_nested_branch_dag.py
[2025-12-05T01:05:02.521+0000] {processor.py:768} INFO - DAG(s) dict_keys(['example_nested_branch_dag']) retrieved from /home/airflow/.local/lib/python3.7/site-packages/airflow/example_dags/example_nested_branch_dag.py
[2025-12-05T01:05:02.539+0000] {logging_mixin.py:117} INFO - [2025-12-05T01:05:02.539+0000] {dag.py:2573} INFO - Sync 1 DAGs
[2025-12-05T01:05:02.551+0000] {logging_mixin.py:117} INFO - [2025-12-05T01:05:02.551+0000] {dag.py:3328} INFO - Setting next_dagrun for example_nested_branch_dag to 2025-12-04T00:00:00+00:00, run_after=2025-12-05T00:00:00+00:00
[2025-12-05T01:05:02.559+0000] {processor.py:178} INFO - Processing /home/airflow/.local/lib/python3.7/site-packages/airflow/example_dags/example_nested_branch_dag.py took 0.058 seconds
[2025-12-05T01:05:33.329+0000] {processor.py:156} INFO - Started process (PID=7854) to work on /home/airflow/.local/lib/python3.7/site-packages/airflow/example_dags/example_nested_branch_dag.py
[2025-12-05T01:05:33.332+0000] {processor.py:758} INFO - Processing file /home/airflow/.local/lib/python3.7/site-packages/airflow/example_dags/example_nested_branch_dag.py for tasks to queue
[2025-12-05T01:05:33.332+0000] {logging_mixin.py:117} INFO - [2025-12-05T01:05:33.332+0000] {dagbag.py:525} INFO - Filling up the DagBag from /home/airflow/.local/lib/python3.7/site-packages/airflow/example_dags/example_nested_branch_dag.py
[2025-12-05T01:05:33.347+0000] {processor.py:768} INFO - DAG(s) dict_keys(['example_nested_branch_dag']) retrieved from /home/airflow/.local/lib/python3.7/site-packages/airflow/example_dags/example_nested_branch_dag.py
[2025-12-05T01:05:33.367+0000] {logging_mixin.py:117} INFO - [2025-12-05T01:05:33.367+0000] {dag.py:2573} INFO - Sync 1 DAGs
[2025-12-05T01:05:33.380+0000] {logging_mixin.py:117} INFO - [2025-12-05T01:05:33.380+0000] {dag.py:3328} INFO - Setting next_dagrun for example_nested_branch_dag to 2025-12-04T00:00:00+00:00, run_after=2025-12-05T00:00:00+00:00
[2025-12-05T01:05:33.388+0000] {processor.py:178} INFO - Processing /home/airflow/.local/lib/python3.7/site-packages/airflow/example_dags/example_nested_branch_dag.py took 0.060 seconds
[2025-12-05T01:06:04.345+0000] {processor.py:156} INFO - Started process (PID=8057) to work on /home/airflow/.local/lib/python3.7/site-packages/airflow/example_dags/example_nested_branch_dag.py
[2025-12-05T01:06:04.345+0000] {processor.py:758} INFO - Processing file /home/airflow/.local/lib/python3.7/site-packages/airflow/example_dags/example_nested_branch_dag.py for tasks to queue
[2025-12-05T01:06:04.346+0000] {logging_mixin.py:117} INFO - [2025-12-05T01:06:04.346+0000] {dagbag.py:525} INFO - Filling up the DagBag from /home/airflow/.local/lib/python3.7/site-packages/airflow/example_dags/example_nested_branch_dag.py
[2025-12-05T01:06:04.357+0000] {processor.py:768} INFO - DAG(s) dict_keys(['example_nested_branch_dag']) retrieved from /home/airflow/.local/lib/python3.7/site-packages/airflow/example_dags/example_nested_branch_dag.py
[2025-12-05T01:06:04.374+0000] {logging_mixin.py:117} INFO - [2025-12-05T01:06:04.374+0000] {dag.py:2573} INFO - Sync 1 DAGs
[2025-12-05T01:06:04.385+0000] {logging_mixin.py:117} INFO - [2025-12-05T01:06:04.385+0000] {dag.py:3328} INFO - Setting next_dagrun for example_nested_branch_dag to 2025-12-04T00:00:00+00:00, run_after=2025-12-05T00:00:00+00:00
[2025-12-05T01:06:04.391+0000] {processor.py:178} INFO - Processing /home/airflow/.local/lib/python3.7/site-packages/airflow/example_dags/example_nested_branch_dag.py took 0.048 seconds
[2025-12-05T01:06:35.522+0000] {processor.py:156} INFO - Started process (PID=8256) to work on /home/airflow/.local/lib/python3.7/site-packages/airflow/example_dags/example_nested_branch_dag.py
[2025-12-05T01:06:35.522+0000] {processor.py:758} INFO - Processing file /home/airflow/.local/lib/python3.7/site-packages/airflow/example_dags/example_nested_branch_dag.py for tasks to queue
[2025-12-05T01:06:35.523+0000] {logging_mixin.py:117} INFO - [2025-12-05T01:06:35.523+0000] {dagbag.py:525} INFO - Filling up the DagBag from /home/airflow/.local/lib/python3.7/site-packages/airflow/example_dags/example_nested_branch_dag.py
[2025-12-05T01:06:35.539+0000] {processor.py:768} INFO - DAG(s) dict_keys(['example_nested_branch_dag']) retrieved from /home/airflow/.local/lib/python3.7/site-packages/airflow/example_dags/example_nested_branch_dag.py
[2025-12-05T01:06:35.574+0000] {logging_mixin.py:117} INFO - [2025-12-05T01:06:35.574+0000] {dag.py:2573} INFO - Sync 1 DAGs
[2025-12-05T01:06:35.591+0000] {logging_mixin.py:117} INFO - [2025-12-05T01:06:35.591+0000] {dag.py:3328} INFO - Setting next_dagrun for example_nested_branch_dag to 2025-12-04T00:00:00+00:00, run_after=2025-12-05T00:00:00+00:00
[2025-12-05T01:06:35.607+0000] {processor.py:178} INFO - Processing /home/airflow/.local/lib/python3.7/site-packages/airflow/example_dags/example_nested_branch_dag.py took 0.087 seconds
[2025-12-05T01:07:06.019+0000] {processor.py:156} INFO - Started process (PID=8457) to work on /home/airflow/.local/lib/python3.7/site-packages/airflow/example_dags/example_nested_branch_dag.py
[2025-12-05T01:07:06.020+0000] {processor.py:758} INFO - Processing file /home/airflow/.local/lib/python3.7/site-packages/airflow/example_dags/example_nested_branch_dag.py for tasks to queue
[2025-12-05T01:07:06.021+0000] {logging_mixin.py:117} INFO - [2025-12-05T01:07:06.021+0000] {dagbag.py:525} INFO - Filling up the DagBag from /home/airflow/.local/lib/python3.7/site-packages/airflow/example_dags/example_nested_branch_dag.py
[2025-12-05T01:07:06.038+0000] {processor.py:768} INFO - DAG(s) dict_keys(['example_nested_branch_dag']) retrieved from /home/airflow/.local/lib/python3.7/site-packages/airflow/example_dags/example_nested_branch_dag.py
[2025-12-05T01:07:06.062+0000] {logging_mixin.py:117} INFO - [2025-12-05T01:07:06.062+0000] {dag.py:2573} INFO - Sync 1 DAGs
[2025-12-05T01:07:06.088+0000] {logging_mixin.py:117} INFO - [2025-12-05T01:07:06.088+0000] {dag.py:3328} INFO - Setting next_dagrun for example_nested_branch_dag to 2025-12-04T00:00:00+00:00, run_after=2025-12-05T00:00:00+00:00
[2025-12-05T01:07:06.104+0000] {processor.py:178} INFO - Processing /home/airflow/.local/lib/python3.7/site-packages/airflow/example_dags/example_nested_branch_dag.py took 0.088 seconds
[2025-12-05T01:07:36.246+0000] {processor.py:156} INFO - Started process (PID=8660) to work on /home/airflow/.local/lib/python3.7/site-packages/airflow/example_dags/example_nested_branch_dag.py
[2025-12-05T01:07:36.247+0000] {processor.py:758} INFO - Processing file /home/airflow/.local/lib/python3.7/site-packages/airflow/example_dags/example_nested_branch_dag.py for tasks to queue
[2025-12-05T01:07:36.247+0000] {logging_mixin.py:117} INFO - [2025-12-05T01:07:36.247+0000] {dagbag.py:525} INFO - Filling up the DagBag from /home/airflow/.local/lib/python3.7/site-packages/airflow/example_dags/example_nested_branch_dag.py
[2025-12-05T01:07:36.262+0000] {processor.py:768} INFO - DAG(s) dict_keys(['example_nested_branch_dag']) retrieved from /home/airflow/.local/lib/python3.7/site-packages/airflow/example_dags/example_nested_branch_dag.py
[2025-12-05T01:07:36.283+0000] {logging_mixin.py:117} INFO - [2025-12-05T01:07:36.283+0000] {dag.py:2573} INFO - Sync 1 DAGs
[2025-12-05T01:07:36.303+0000] {logging_mixin.py:117} INFO - [2025-12-05T01:07:36.303+0000] {dag.py:3328} INFO - Setting next_dagrun for example_nested_branch_dag to 2025-12-04T00:00:00+00:00, run_after=2025-12-05T00:00:00+00:00
[2025-12-05T01:07:36.317+0000] {processor.py:178} INFO - Processing /home/airflow/.local/lib/python3.7/site-packages/airflow/example_dags/example_nested_branch_dag.py took 0.071 seconds
[2025-12-05T01:08:06.589+0000] {processor.py:156} INFO - Started process (PID=8859) to work on /home/airflow/.local/lib/python3.7/site-packages/airflow/example_dags/example_nested_branch_dag.py
[2025-12-05T01:08:06.590+0000] {processor.py:758} INFO - Processing file /home/airflow/.local/lib/python3.7/site-packages/airflow/example_dags/example_nested_branch_dag.py for tasks to queue
[2025-12-05T01:08:06.590+0000] {logging_mixin.py:117} INFO - [2025-12-05T01:08:06.590+0000] {dagbag.py:525} INFO - Filling up the DagBag from /home/airflow/.local/lib/python3.7/site-packages/airflow/example_dags/example_nested_branch_dag.py
[2025-12-05T01:08:06.603+0000] {processor.py:768} INFO - DAG(s) dict_keys(['example_nested_branch_dag']) retrieved from /home/airflow/.local/lib/python3.7/site-packages/airflow/example_dags/example_nested_branch_dag.py
[2025-12-05T01:08:06.626+0000] {logging_mixin.py:117} INFO - [2025-12-05T01:08:06.626+0000] {dag.py:2573} INFO - Sync 1 DAGs
[2025-12-05T01:08:06.640+0000] {logging_mixin.py:117} INFO - [2025-12-05T01:08:06.640+0000] {dag.py:3328} INFO - Setting next_dagrun for example_nested_branch_dag to 2025-12-04T00:00:00+00:00, run_after=2025-12-05T00:00:00+00:00
[2025-12-05T01:08:06.652+0000] {processor.py:178} INFO - Processing /home/airflow/.local/lib/python3.7/site-packages/airflow/example_dags/example_nested_branch_dag.py took 0.069 seconds
[2025-12-05T01:08:36.983+0000] {processor.py:156} INFO - Started process (PID=9060) to work on /home/airflow/.local/lib/python3.7/site-packages/airflow/example_dags/example_nested_branch_dag.py
[2025-12-05T01:08:36.984+0000] {processor.py:758} INFO - Processing file /home/airflow/.local/lib/python3.7/site-packages/airflow/example_dags/example_nested_branch_dag.py for tasks to queue
[2025-12-05T01:08:36.985+0000] {logging_mixin.py:117} INFO - [2025-12-05T01:08:36.985+0000] {dagbag.py:525} INFO - Filling up the DagBag from /home/airflow/.local/lib/python3.7/site-packages/airflow/example_dags/example_nested_branch_dag.py
[2025-12-05T01:08:37.003+0000] {processor.py:768} INFO - DAG(s) dict_keys(['example_nested_branch_dag']) retrieved from /home/airflow/.local/lib/python3.7/site-packages/airflow/example_dags/example_nested_branch_dag.py
[2025-12-05T01:08:37.032+0000] {logging_mixin.py:117} INFO - [2025-12-05T01:08:37.032+0000] {dag.py:2573} INFO - Sync 1 DAGs
[2025-12-05T01:08:37.053+0000] {logging_mixin.py:117} INFO - [2025-12-05T01:08:37.053+0000] {dag.py:3328} INFO - Setting next_dagrun for example_nested_branch_dag to 2025-12-04T00:00:00+00:00, run_after=2025-12-05T00:00:00+00:00
[2025-12-05T01:08:37.066+0000] {processor.py:178} INFO - Processing /home/airflow/.local/lib/python3.7/site-packages/airflow/example_dags/example_nested_branch_dag.py took 0.084 seconds
[2025-12-05T01:09:07.204+0000] {processor.py:156} INFO - Started process (PID=9261) to work on /home/airflow/.local/lib/python3.7/site-packages/airflow/example_dags/example_nested_branch_dag.py
[2025-12-05T01:09:07.205+0000] {processor.py:758} INFO - Processing file /home/airflow/.local/lib/python3.7/site-packages/airflow/example_dags/example_nested_branch_dag.py for tasks to queue
[2025-12-05T01:09:07.205+0000] {logging_mixin.py:117} INFO - [2025-12-05T01:09:07.205+0000] {dagbag.py:525} INFO - Filling up the DagBag from /home/airflow/.local/lib/python3.7/site-packages/airflow/example_dags/example_nested_branch_dag.py
[2025-12-05T01:09:07.219+0000] {processor.py:768} INFO - DAG(s) dict_keys(['example_nested_branch_dag']) retrieved from /home/airflow/.local/lib/python3.7/site-packages/airflow/example_dags/example_nested_branch_dag.py
[2025-12-05T01:09:07.237+0000] {logging_mixin.py:117} INFO - [2025-12-05T01:09:07.236+0000] {dag.py:2573} INFO - Sync 1 DAGs
[2025-12-05T01:09:07.250+0000] {logging_mixin.py:117} INFO - [2025-12-05T01:09:07.250+0000] {dag.py:3328} INFO - Setting next_dagrun for example_nested_branch_dag to 2025-12-04T00:00:00+00:00, run_after=2025-12-05T00:00:00+00:00
[2025-12-05T01:09:07.265+0000] {processor.py:178} INFO - Processing /home/airflow/.local/lib/python3.7/site-packages/airflow/example_dags/example_nested_branch_dag.py took 0.063 seconds
[2025-12-05T01:09:37.399+0000] {processor.py:156} INFO - Started process (PID=9462) to work on /home/airflow/.local/lib/python3.7/site-packages/airflow/example_dags/example_nested_branch_dag.py
[2025-12-05T01:09:37.401+0000] {processor.py:758} INFO - Processing file /home/airflow/.local/lib/python3.7/site-packages/airflow/example_dags/example_nested_branch_dag.py for tasks to queue
[2025-12-05T01:09:37.402+0000] {logging_mixin.py:117} INFO - [2025-12-05T01:09:37.401+0000] {dagbag.py:525} INFO - Filling up the DagBag from /home/airflow/.local/lib/python3.7/site-packages/airflow/example_dags/example_nested_branch_dag.py
[2025-12-05T01:09:37.421+0000] {processor.py:768} INFO - DAG(s) dict_keys(['example_nested_branch_dag']) retrieved from /home/airflow/.local/lib/python3.7/site-packages/airflow/example_dags/example_nested_branch_dag.py
[2025-12-05T01:09:37.451+0000] {logging_mixin.py:117} INFO - [2025-12-05T01:09:37.451+0000] {dag.py:2573} INFO - Sync 1 DAGs
[2025-12-05T01:09:37.468+0000] {logging_mixin.py:117} INFO - [2025-12-05T01:09:37.468+0000] {dag.py:3328} INFO - Setting next_dagrun for example_nested_branch_dag to 2025-12-04T00:00:00+00:00, run_after=2025-12-05T00:00:00+00:00
[2025-12-05T01:09:37.477+0000] {processor.py:178} INFO - Processing /home/airflow/.local/lib/python3.7/site-packages/airflow/example_dags/example_nested_branch_dag.py took 0.081 seconds
[2025-12-05T01:10:08.521+0000] {processor.py:156} INFO - Started process (PID=9663) to work on /home/airflow/.local/lib/python3.7/site-packages/airflow/example_dags/example_nested_branch_dag.py
[2025-12-05T01:10:08.523+0000] {processor.py:758} INFO - Processing file /home/airflow/.local/lib/python3.7/site-packages/airflow/example_dags/example_nested_branch_dag.py for tasks to queue
[2025-12-05T01:10:08.523+0000] {logging_mixin.py:117} INFO - [2025-12-05T01:10:08.523+0000] {dagbag.py:525} INFO - Filling up the DagBag from /home/airflow/.local/lib/python3.7/site-packages/airflow/example_dags/example_nested_branch_dag.py
[2025-12-05T01:10:08.536+0000] {processor.py:768} INFO - DAG(s) dict_keys(['example_nested_branch_dag']) retrieved from /home/airflow/.local/lib/python3.7/site-packages/airflow/example_dags/example_nested_branch_dag.py
[2025-12-05T01:10:08.557+0000] {logging_mixin.py:117} INFO - [2025-12-05T01:10:08.557+0000] {dag.py:2573} INFO - Sync 1 DAGs
[2025-12-05T01:10:08.572+0000] {logging_mixin.py:117} INFO - [2025-12-05T01:10:08.572+0000] {dag.py:3328} INFO - Setting next_dagrun for example_nested_branch_dag to 2025-12-04T00:00:00+00:00, run_after=2025-12-05T00:00:00+00:00
[2025-12-05T01:10:08.584+0000] {processor.py:178} INFO - Processing /home/airflow/.local/lib/python3.7/site-packages/airflow/example_dags/example_nested_branch_dag.py took 0.065 seconds
[2025-12-05T01:10:39.490+0000] {processor.py:156} INFO - Started process (PID=9864) to work on /home/airflow/.local/lib/python3.7/site-packages/airflow/example_dags/example_nested_branch_dag.py
[2025-12-05T01:10:39.491+0000] {processor.py:758} INFO - Processing file /home/airflow/.local/lib/python3.7/site-packages/airflow/example_dags/example_nested_branch_dag.py for tasks to queue
[2025-12-05T01:10:39.493+0000] {logging_mixin.py:117} INFO - [2025-12-05T01:10:39.492+0000] {dagbag.py:525} INFO - Filling up the DagBag from /home/airflow/.local/lib/python3.7/site-packages/airflow/example_dags/example_nested_branch_dag.py
[2025-12-05T01:10:39.506+0000] {processor.py:768} INFO - DAG(s) dict_keys(['example_nested_branch_dag']) retrieved from /home/airflow/.local/lib/python3.7/site-packages/airflow/example_dags/example_nested_branch_dag.py
[2025-12-05T01:10:39.528+0000] {logging_mixin.py:117} INFO - [2025-12-05T01:10:39.528+0000] {dag.py:2573} INFO - Sync 1 DAGs
[2025-12-05T01:10:39.540+0000] {logging_mixin.py:117} INFO - [2025-12-05T01:10:39.540+0000] {dag.py:3328} INFO - Setting next_dagrun for example_nested_branch_dag to 2025-12-04T00:00:00+00:00, run_after=2025-12-05T00:00:00+00:00
[2025-12-05T01:10:39.551+0000] {processor.py:178} INFO - Processing /home/airflow/.local/lib/python3.7/site-packages/airflow/example_dags/example_nested_branch_dag.py took 0.062 seconds
[2025-12-05T01:11:10.300+0000] {processor.py:156} INFO - Started process (PID=10072) to work on /home/airflow/.local/lib/python3.7/site-packages/airflow/example_dags/example_nested_branch_dag.py
[2025-12-05T01:11:10.302+0000] {processor.py:758} INFO - Processing file /home/airflow/.local/lib/python3.7/site-packages/airflow/example_dags/example_nested_branch_dag.py for tasks to queue
[2025-12-05T01:11:10.303+0000] {logging_mixin.py:117} INFO - [2025-12-05T01:11:10.303+0000] {dagbag.py:525} INFO - Filling up the DagBag from /home/airflow/.local/lib/python3.7/site-packages/airflow/example_dags/example_nested_branch_dag.py
[2025-12-05T01:11:10.316+0000] {processor.py:768} INFO - DAG(s) dict_keys(['example_nested_branch_dag']) retrieved from /home/airflow/.local/lib/python3.7/site-packages/airflow/example_dags/example_nested_branch_dag.py
[2025-12-05T01:11:10.334+0000] {logging_mixin.py:117} INFO - [2025-12-05T01:11:10.334+0000] {dag.py:2573} INFO - Sync 1 DAGs
[2025-12-05T01:11:10.345+0000] {logging_mixin.py:117} INFO - [2025-12-05T01:11:10.345+0000] {dag.py:3328} INFO - Setting next_dagrun for example_nested_branch_dag to 2025-12-04T00:00:00+00:00, run_after=2025-12-05T00:00:00+00:00
[2025-12-05T01:11:10.356+0000] {processor.py:178} INFO - Processing /home/airflow/.local/lib/python3.7/site-packages/airflow/example_dags/example_nested_branch_dag.py took 0.057 seconds
[2025-12-05T01:11:41.129+0000] {processor.py:156} INFO - Started process (PID=10272) to work on /home/airflow/.local/lib/python3.7/site-packages/airflow/example_dags/example_nested_branch_dag.py
[2025-12-05T01:11:41.132+0000] {processor.py:758} INFO - Processing file /home/airflow/.local/lib/python3.7/site-packages/airflow/example_dags/example_nested_branch_dag.py for tasks to queue
[2025-12-05T01:11:41.133+0000] {logging_mixin.py:117} INFO - [2025-12-05T01:11:41.133+0000] {dagbag.py:525} INFO - Filling up the DagBag from /home/airflow/.local/lib/python3.7/site-packages/airflow/example_dags/example_nested_branch_dag.py
[2025-12-05T01:11:41.146+0000] {processor.py:768} INFO - DAG(s) dict_keys(['example_nested_branch_dag']) retrieved from /home/airflow/.local/lib/python3.7/site-packages/airflow/example_dags/example_nested_branch_dag.py
[2025-12-05T01:11:41.166+0000] {logging_mixin.py:117} INFO - [2025-12-05T01:11:41.166+0000] {dag.py:2573} INFO - Sync 1 DAGs
[2025-12-05T01:11:41.178+0000] {logging_mixin.py:117} INFO - [2025-12-05T01:11:41.178+0000] {dag.py:3328} INFO - Setting next_dagrun for example_nested_branch_dag to 2025-12-04T00:00:00+00:00, run_after=2025-12-05T00:00:00+00:00
[2025-12-05T01:11:41.187+0000] {processor.py:178} INFO - Processing /home/airflow/.local/lib/python3.7/site-packages/airflow/example_dags/example_nested_branch_dag.py took 0.061 seconds
[2025-12-05T01:12:12.337+0000] {processor.py:156} INFO - Started process (PID=10472) to work on /home/airflow/.local/lib/python3.7/site-packages/airflow/example_dags/example_nested_branch_dag.py
[2025-12-05T01:12:12.338+0000] {processor.py:758} INFO - Processing file /home/airflow/.local/lib/python3.7/site-packages/airflow/example_dags/example_nested_branch_dag.py for tasks to queue
[2025-12-05T01:12:12.339+0000] {logging_mixin.py:117} INFO - [2025-12-05T01:12:12.339+0000] {dagbag.py:525} INFO - Filling up the DagBag from /home/airflow/.local/lib/python3.7/site-packages/airflow/example_dags/example_nested_branch_dag.py
[2025-12-05T01:12:12.353+0000] {processor.py:768} INFO - DAG(s) dict_keys(['example_nested_branch_dag']) retrieved from /home/airflow/.local/lib/python3.7/site-packages/airflow/example_dags/example_nested_branch_dag.py
[2025-12-05T01:12:12.377+0000] {logging_mixin.py:117} INFO - [2025-12-05T01:12:12.377+0000] {dag.py:2573} INFO - Sync 1 DAGs
[2025-12-05T01:12:12.393+0000] {logging_mixin.py:117} INFO - [2025-12-05T01:12:12.393+0000] {dag.py:3328} INFO - Setting next_dagrun for example_nested_branch_dag to 2025-12-04T00:00:00+00:00, run_after=2025-12-05T00:00:00+00:00
[2025-12-05T01:12:12.408+0000] {processor.py:178} INFO - Processing /home/airflow/.local/lib/python3.7/site-packages/airflow/example_dags/example_nested_branch_dag.py took 0.072 seconds
[2025-12-05T01:12:42.521+0000] {processor.py:156} INFO - Started process (PID=10673) to work on /home/airflow/.local/lib/python3.7/site-packages/airflow/example_dags/example_nested_branch_dag.py
[2025-12-05T01:12:42.522+0000] {processor.py:758} INFO - Processing file /home/airflow/.local/lib/python3.7/site-packages/airflow/example_dags/example_nested_branch_dag.py for tasks to queue
[2025-12-05T01:12:42.522+0000] {logging_mixin.py:117} INFO - [2025-12-05T01:12:42.522+0000] {dagbag.py:525} INFO - Filling up the DagBag from /home/airflow/.local/lib/python3.7/site-packages/airflow/example_dags/example_nested_branch_dag.py
[2025-12-05T01:12:42.537+0000] {processor.py:768} INFO - DAG(s) dict_keys(['example_nested_branch_dag']) retrieved from /home/airflow/.local/lib/python3.7/site-packages/airflow/example_dags/example_nested_branch_dag.py
[2025-12-05T01:12:42.551+0000] {logging_mixin.py:117} INFO - [2025-12-05T01:12:42.551+0000] {dag.py:2573} INFO - Sync 1 DAGs
[2025-12-05T01:12:42.569+0000] {logging_mixin.py:117} INFO - [2025-12-05T01:12:42.569+0000] {dag.py:3328} INFO - Setting next_dagrun for example_nested_branch_dag to 2025-12-04T00:00:00+00:00, run_after=2025-12-05T00:00:00+00:00
[2025-12-05T01:12:42.579+0000] {processor.py:178} INFO - Processing /home/airflow/.local/lib/python3.7/site-packages/airflow/example_dags/example_nested_branch_dag.py took 0.060 seconds
[2025-12-05T01:13:13.719+0000] {processor.py:156} INFO - Started process (PID=10876) to work on /home/airflow/.local/lib/python3.7/site-packages/airflow/example_dags/example_nested_branch_dag.py
[2025-12-05T01:13:13.720+0000] {processor.py:758} INFO - Processing file /home/airflow/.local/lib/python3.7/site-packages/airflow/example_dags/example_nested_branch_dag.py for tasks to queue
[2025-12-05T01:13:13.720+0000] {logging_mixin.py:117} INFO - [2025-12-05T01:13:13.720+0000] {dagbag.py:525} INFO - Filling up the DagBag from /home/airflow/.local/lib/python3.7/site-packages/airflow/example_dags/example_nested_branch_dag.py
[2025-12-05T01:13:13.733+0000] {processor.py:768} INFO - DAG(s) dict_keys(['example_nested_branch_dag']) retrieved from /home/airflow/.local/lib/python3.7/site-packages/airflow/example_dags/example_nested_branch_dag.py
[2025-12-05T01:13:13.753+0000] {logging_mixin.py:117} INFO - [2025-12-05T01:13:13.753+0000] {dag.py:2573} INFO - Sync 1 DAGs
[2025-12-05T01:13:13.765+0000] {logging_mixin.py:117} INFO - [2025-12-05T01:13:13.765+0000] {dag.py:3328} INFO - Setting next_dagrun for example_nested_branch_dag to 2025-12-04T00:00:00+00:00, run_after=2025-12-05T00:00:00+00:00
[2025-12-05T01:13:13.774+0000] {processor.py:178} INFO - Processing /home/airflow/.local/lib/python3.7/site-packages/airflow/example_dags/example_nested_branch_dag.py took 0.056 seconds
[2025-12-05T01:13:44.155+0000] {processor.py:156} INFO - Started process (PID=11077) to work on /home/airflow/.local/lib/python3.7/site-packages/airflow/example_dags/example_nested_branch_dag.py
[2025-12-05T01:13:44.155+0000] {processor.py:758} INFO - Processing file /home/airflow/.local/lib/python3.7/site-packages/airflow/example_dags/example_nested_branch_dag.py for tasks to queue
[2025-12-05T01:13:44.156+0000] {logging_mixin.py:117} INFO - [2025-12-05T01:13:44.155+0000] {dagbag.py:525} INFO - Filling up the DagBag from /home/airflow/.local/lib/python3.7/site-packages/airflow/example_dags/example_nested_branch_dag.py
[2025-12-05T01:13:44.168+0000] {processor.py:768} INFO - DAG(s) dict_keys(['example_nested_branch_dag']) retrieved from /home/airflow/.local/lib/python3.7/site-packages/airflow/example_dags/example_nested_branch_dag.py
[2025-12-05T01:13:44.197+0000] {logging_mixin.py:117} INFO - [2025-12-05T01:13:44.197+0000] {dag.py:2573} INFO - Sync 1 DAGs
[2025-12-05T01:13:44.211+0000] {logging_mixin.py:117} INFO - [2025-12-05T01:13:44.211+0000] {dag.py:3328} INFO - Setting next_dagrun for example_nested_branch_dag to 2025-12-04T00:00:00+00:00, run_after=2025-12-05T00:00:00+00:00
[2025-12-05T01:13:44.220+0000] {processor.py:178} INFO - Processing /home/airflow/.local/lib/python3.7/site-packages/airflow/example_dags/example_nested_branch_dag.py took 0.068 seconds
[2025-12-05T01:14:14.753+0000] {processor.py:156} INFO - Started process (PID=11278) to work on /home/airflow/.local/lib/python3.7/site-packages/airflow/example_dags/example_nested_branch_dag.py
[2025-12-05T01:14:14.755+0000] {processor.py:758} INFO - Processing file /home/airflow/.local/lib/python3.7/site-packages/airflow/example_dags/example_nested_branch_dag.py for tasks to queue
[2025-12-05T01:14:14.755+0000] {logging_mixin.py:117} INFO - [2025-12-05T01:14:14.755+0000] {dagbag.py:525} INFO - Filling up the DagBag from /home/airflow/.local/lib/python3.7/site-packages/airflow/example_dags/example_nested_branch_dag.py
[2025-12-05T01:14:14.768+0000] {processor.py:768} INFO - DAG(s) dict_keys(['example_nested_branch_dag']) retrieved from /home/airflow/.local/lib/python3.7/site-packages/airflow/example_dags/example_nested_branch_dag.py
[2025-12-05T01:14:14.797+0000] {logging_mixin.py:117} INFO - [2025-12-05T01:14:14.797+0000] {dag.py:2573} INFO - Sync 1 DAGs
[2025-12-05T01:14:14.810+0000] {logging_mixin.py:117} INFO - [2025-12-05T01:14:14.810+0000] {dag.py:3328} INFO - Setting next_dagrun for example_nested_branch_dag to 2025-12-04T00:00:00+00:00, run_after=2025-12-05T00:00:00+00:00
[2025-12-05T01:14:14.824+0000] {processor.py:178} INFO - Processing /home/airflow/.local/lib/python3.7/site-packages/airflow/example_dags/example_nested_branch_dag.py took 0.072 seconds
[2025-12-05T01:14:44.950+0000] {processor.py:156} INFO - Started process (PID=11477) to work on /home/airflow/.local/lib/python3.7/site-packages/airflow/example_dags/example_nested_branch_dag.py
[2025-12-05T01:14:44.952+0000] {processor.py:758} INFO - Processing file /home/airflow/.local/lib/python3.7/site-packages/airflow/example_dags/example_nested_branch_dag.py for tasks to queue
[2025-12-05T01:14:44.952+0000] {logging_mixin.py:117} INFO - [2025-12-05T01:14:44.952+0000] {dagbag.py:525} INFO - Filling up the DagBag from /home/airflow/.local/lib/python3.7/site-packages/airflow/example_dags/example_nested_branch_dag.py
[2025-12-05T01:14:44.963+0000] {processor.py:768} INFO - DAG(s) dict_keys(['example_nested_branch_dag']) retrieved from /home/airflow/.local/lib/python3.7/site-packages/airflow/example_dags/example_nested_branch_dag.py
[2025-12-05T01:14:44.985+0000] {logging_mixin.py:117} INFO - [2025-12-05T01:14:44.985+0000] {dag.py:2573} INFO - Sync 1 DAGs
[2025-12-05T01:14:45.000+0000] {logging_mixin.py:117} INFO - [2025-12-05T01:14:45.000+0000] {dag.py:3328} INFO - Setting next_dagrun for example_nested_branch_dag to 2025-12-04T00:00:00+00:00, run_after=2025-12-05T00:00:00+00:00
[2025-12-05T01:14:45.014+0000] {processor.py:178} INFO - Processing /home/airflow/.local/lib/python3.7/site-packages/airflow/example_dags/example_nested_branch_dag.py took 0.066 seconds
[2025-12-05T01:15:16.220+0000] {processor.py:156} INFO - Started process (PID=11679) to work on /home/airflow/.local/lib/python3.7/site-packages/airflow/example_dags/example_nested_branch_dag.py
[2025-12-05T01:15:16.221+0000] {processor.py:758} INFO - Processing file /home/airflow/.local/lib/python3.7/site-packages/airflow/example_dags/example_nested_branch_dag.py for tasks to queue
[2025-12-05T01:15:16.221+0000] {logging_mixin.py:117} INFO - [2025-12-05T01:15:16.221+0000] {dagbag.py:525} INFO - Filling up the DagBag from /home/airflow/.local/lib/python3.7/site-packages/airflow/example_dags/example_nested_branch_dag.py
[2025-12-05T01:15:16.234+0000] {processor.py:768} INFO - DAG(s) dict_keys(['example_nested_branch_dag']) retrieved from /home/airflow/.local/lib/python3.7/site-packages/airflow/example_dags/example_nested_branch_dag.py
[2025-12-05T01:15:16.265+0000] {logging_mixin.py:117} INFO - [2025-12-05T01:15:16.265+0000] {dag.py:2573} INFO - Sync 1 DAGs
[2025-12-05T01:15:16.278+0000] {logging_mixin.py:117} INFO - [2025-12-05T01:15:16.278+0000] {dag.py:3328} INFO - Setting next_dagrun for example_nested_branch_dag to 2025-12-04T00:00:00+00:00, run_after=2025-12-05T00:00:00+00:00
[2025-12-05T01:15:16.295+0000] {processor.py:178} INFO - Processing /home/airflow/.local/lib/python3.7/site-packages/airflow/example_dags/example_nested_branch_dag.py took 0.078 seconds
[2025-12-05T01:15:46.584+0000] {processor.py:156} INFO - Started process (PID=11880) to work on /home/airflow/.local/lib/python3.7/site-packages/airflow/example_dags/example_nested_branch_dag.py
[2025-12-05T01:15:46.588+0000] {processor.py:758} INFO - Processing file /home/airflow/.local/lib/python3.7/site-packages/airflow/example_dags/example_nested_branch_dag.py for tasks to queue
[2025-12-05T01:15:46.589+0000] {logging_mixin.py:117} INFO - [2025-12-05T01:15:46.589+0000] {dagbag.py:525} INFO - Filling up the DagBag from /home/airflow/.local/lib/python3.7/site-packages/airflow/example_dags/example_nested_branch_dag.py
[2025-12-05T01:15:46.606+0000] {processor.py:768} INFO - DAG(s) dict_keys(['example_nested_branch_dag']) retrieved from /home/airflow/.local/lib/python3.7/site-packages/airflow/example_dags/example_nested_branch_dag.py
[2025-12-05T01:15:46.624+0000] {logging_mixin.py:117} INFO - [2025-12-05T01:15:46.624+0000] {dag.py:2573} INFO - Sync 1 DAGs
[2025-12-05T01:15:46.642+0000] {logging_mixin.py:117} INFO - [2025-12-05T01:15:46.642+0000] {dag.py:3328} INFO - Setting next_dagrun for example_nested_branch_dag to 2025-12-04T00:00:00+00:00, run_after=2025-12-05T00:00:00+00:00
[2025-12-05T01:15:46.666+0000] {processor.py:178} INFO - Processing /home/airflow/.local/lib/python3.7/site-packages/airflow/example_dags/example_nested_branch_dag.py took 0.084 seconds
[2025-12-05T01:16:16.843+0000] {processor.py:156} INFO - Started process (PID=12086) to work on /home/airflow/.local/lib/python3.7/site-packages/airflow/example_dags/example_nested_branch_dag.py
[2025-12-05T01:16:16.846+0000] {processor.py:758} INFO - Processing file /home/airflow/.local/lib/python3.7/site-packages/airflow/example_dags/example_nested_branch_dag.py for tasks to queue
[2025-12-05T01:16:16.846+0000] {logging_mixin.py:117} INFO - [2025-12-05T01:16:16.846+0000] {dagbag.py:525} INFO - Filling up the DagBag from /home/airflow/.local/lib/python3.7/site-packages/airflow/example_dags/example_nested_branch_dag.py
[2025-12-05T01:16:16.860+0000] {processor.py:768} INFO - DAG(s) dict_keys(['example_nested_branch_dag']) retrieved from /home/airflow/.local/lib/python3.7/site-packages/airflow/example_dags/example_nested_branch_dag.py
[2025-12-05T01:16:16.886+0000] {logging_mixin.py:117} INFO - [2025-12-05T01:16:16.886+0000] {dag.py:2573} INFO - Sync 1 DAGs
[2025-12-05T01:16:16.898+0000] {logging_mixin.py:117} INFO - [2025-12-05T01:16:16.898+0000] {dag.py:3328} INFO - Setting next_dagrun for example_nested_branch_dag to 2025-12-04T00:00:00+00:00, run_after=2025-12-05T00:00:00+00:00
[2025-12-05T01:16:16.906+0000] {processor.py:178} INFO - Processing /home/airflow/.local/lib/python3.7/site-packages/airflow/example_dags/example_nested_branch_dag.py took 0.064 seconds
[2025-12-05T01:16:47.291+0000] {processor.py:156} INFO - Started process (PID=12299) to work on /home/airflow/.local/lib/python3.7/site-packages/airflow/example_dags/example_nested_branch_dag.py
[2025-12-05T01:16:47.292+0000] {processor.py:758} INFO - Processing file /home/airflow/.local/lib/python3.7/site-packages/airflow/example_dags/example_nested_branch_dag.py for tasks to queue
[2025-12-05T01:16:47.292+0000] {logging_mixin.py:117} INFO - [2025-12-05T01:16:47.292+0000] {dagbag.py:525} INFO - Filling up the DagBag from /home/airflow/.local/lib/python3.7/site-packages/airflow/example_dags/example_nested_branch_dag.py
[2025-12-05T01:16:47.305+0000] {processor.py:768} INFO - DAG(s) dict_keys(['example_nested_branch_dag']) retrieved from /home/airflow/.local/lib/python3.7/site-packages/airflow/example_dags/example_nested_branch_dag.py
[2025-12-05T01:16:47.324+0000] {logging_mixin.py:117} INFO - [2025-12-05T01:16:47.324+0000] {dag.py:2573} INFO - Sync 1 DAGs
[2025-12-05T01:16:47.336+0000] {logging_mixin.py:117} INFO - [2025-12-05T01:16:47.336+0000] {dag.py:3328} INFO - Setting next_dagrun for example_nested_branch_dag to 2025-12-04T00:00:00+00:00, run_after=2025-12-05T00:00:00+00:00
[2025-12-05T01:16:47.345+0000] {processor.py:178} INFO - Processing /home/airflow/.local/lib/python3.7/site-packages/airflow/example_dags/example_nested_branch_dag.py took 0.056 seconds
[2025-12-05T01:17:17.559+0000] {processor.py:156} INFO - Started process (PID=12503) to work on /home/airflow/.local/lib/python3.7/site-packages/airflow/example_dags/example_nested_branch_dag.py
[2025-12-05T01:17:17.560+0000] {processor.py:758} INFO - Processing file /home/airflow/.local/lib/python3.7/site-packages/airflow/example_dags/example_nested_branch_dag.py for tasks to queue
[2025-12-05T01:17:17.561+0000] {logging_mixin.py:117} INFO - [2025-12-05T01:17:17.560+0000] {dagbag.py:525} INFO - Filling up the DagBag from /home/airflow/.local/lib/python3.7/site-packages/airflow/example_dags/example_nested_branch_dag.py
[2025-12-05T01:17:17.577+0000] {processor.py:768} INFO - DAG(s) dict_keys(['example_nested_branch_dag']) retrieved from /home/airflow/.local/lib/python3.7/site-packages/airflow/example_dags/example_nested_branch_dag.py
[2025-12-05T01:17:17.605+0000] {logging_mixin.py:117} INFO - [2025-12-05T01:17:17.604+0000] {dag.py:2573} INFO - Sync 1 DAGs
[2025-12-05T01:17:17.628+0000] {logging_mixin.py:117} INFO - [2025-12-05T01:17:17.628+0000] {dag.py:3328} INFO - Setting next_dagrun for example_nested_branch_dag to 2025-12-04T00:00:00+00:00, run_after=2025-12-05T00:00:00+00:00
[2025-12-05T01:17:17.639+0000] {processor.py:178} INFO - Processing /home/airflow/.local/lib/python3.7/site-packages/airflow/example_dags/example_nested_branch_dag.py took 0.084 seconds
[2025-12-05T01:17:47.981+0000] {processor.py:156} INFO - Started process (PID=12713) to work on /home/airflow/.local/lib/python3.7/site-packages/airflow/example_dags/example_nested_branch_dag.py
[2025-12-05T01:17:47.982+0000] {processor.py:758} INFO - Processing file /home/airflow/.local/lib/python3.7/site-packages/airflow/example_dags/example_nested_branch_dag.py for tasks to queue
[2025-12-05T01:17:47.982+0000] {logging_mixin.py:117} INFO - [2025-12-05T01:17:47.982+0000] {dagbag.py:525} INFO - Filling up the DagBag from /home/airflow/.local/lib/python3.7/site-packages/airflow/example_dags/example_nested_branch_dag.py
[2025-12-05T01:17:47.998+0000] {processor.py:768} INFO - DAG(s) dict_keys(['example_nested_branch_dag']) retrieved from /home/airflow/.local/lib/python3.7/site-packages/airflow/example_dags/example_nested_branch_dag.py
[2025-12-05T01:17:48.027+0000] {logging_mixin.py:117} INFO - [2025-12-05T01:17:48.027+0000] {dag.py:2573} INFO - Sync 1 DAGs
[2025-12-05T01:17:48.039+0000] {logging_mixin.py:117} INFO - [2025-12-05T01:17:48.039+0000] {dag.py:3328} INFO - Setting next_dagrun for example_nested_branch_dag to 2025-12-04T00:00:00+00:00, run_after=2025-12-05T00:00:00+00:00
[2025-12-05T01:17:48.047+0000] {processor.py:178} INFO - Processing /home/airflow/.local/lib/python3.7/site-packages/airflow/example_dags/example_nested_branch_dag.py took 0.067 seconds
[2025-12-05T01:18:18.184+0000] {processor.py:156} INFO - Started process (PID=12919) to work on /home/airflow/.local/lib/python3.7/site-packages/airflow/example_dags/example_nested_branch_dag.py
[2025-12-05T01:18:18.185+0000] {processor.py:758} INFO - Processing file /home/airflow/.local/lib/python3.7/site-packages/airflow/example_dags/example_nested_branch_dag.py for tasks to queue
[2025-12-05T01:18:18.185+0000] {logging_mixin.py:117} INFO - [2025-12-05T01:18:18.185+0000] {dagbag.py:525} INFO - Filling up the DagBag from /home/airflow/.local/lib/python3.7/site-packages/airflow/example_dags/example_nested_branch_dag.py
[2025-12-05T01:18:18.200+0000] {processor.py:768} INFO - DAG(s) dict_keys(['example_nested_branch_dag']) retrieved from /home/airflow/.local/lib/python3.7/site-packages/airflow/example_dags/example_nested_branch_dag.py
[2025-12-05T01:18:18.228+0000] {logging_mixin.py:117} INFO - [2025-12-05T01:18:18.228+0000] {dag.py:2573} INFO - Sync 1 DAGs
[2025-12-05T01:18:18.241+0000] {logging_mixin.py:117} INFO - [2025-12-05T01:18:18.241+0000] {dag.py:3328} INFO - Setting next_dagrun for example_nested_branch_dag to 2025-12-04T00:00:00+00:00, run_after=2025-12-05T00:00:00+00:00
[2025-12-05T01:18:18.251+0000] {processor.py:178} INFO - Processing /home/airflow/.local/lib/python3.7/site-packages/airflow/example_dags/example_nested_branch_dag.py took 0.073 seconds
[2025-12-05T01:18:48.567+0000] {processor.py:156} INFO - Started process (PID=13125) to work on /home/airflow/.local/lib/python3.7/site-packages/airflow/example_dags/example_nested_branch_dag.py
[2025-12-05T01:18:48.568+0000] {processor.py:758} INFO - Processing file /home/airflow/.local/lib/python3.7/site-packages/airflow/example_dags/example_nested_branch_dag.py for tasks to queue
[2025-12-05T01:18:48.568+0000] {logging_mixin.py:117} INFO - [2025-12-05T01:18:48.568+0000] {dagbag.py:525} INFO - Filling up the DagBag from /home/airflow/.local/lib/python3.7/site-packages/airflow/example_dags/example_nested_branch_dag.py
[2025-12-05T01:18:48.580+0000] {processor.py:768} INFO - DAG(s) dict_keys(['example_nested_branch_dag']) retrieved from /home/airflow/.local/lib/python3.7/site-packages/airflow/example_dags/example_nested_branch_dag.py
[2025-12-05T01:18:48.599+0000] {logging_mixin.py:117} INFO - [2025-12-05T01:18:48.599+0000] {dag.py:2573} INFO - Sync 1 DAGs
[2025-12-05T01:18:48.612+0000] {logging_mixin.py:117} INFO - [2025-12-05T01:18:48.612+0000] {dag.py:3328} INFO - Setting next_dagrun for example_nested_branch_dag to 2025-12-04T00:00:00+00:00, run_after=2025-12-05T00:00:00+00:00
[2025-12-05T01:18:48.620+0000] {processor.py:178} INFO - Processing /home/airflow/.local/lib/python3.7/site-packages/airflow/example_dags/example_nested_branch_dag.py took 0.054 seconds
[2025-12-05T01:19:19.536+0000] {processor.py:156} INFO - Started process (PID=13331) to work on /home/airflow/.local/lib/python3.7/site-packages/airflow/example_dags/example_nested_branch_dag.py
[2025-12-05T01:19:19.537+0000] {processor.py:758} INFO - Processing file /home/airflow/.local/lib/python3.7/site-packages/airflow/example_dags/example_nested_branch_dag.py for tasks to queue
[2025-12-05T01:19:19.537+0000] {logging_mixin.py:117} INFO - [2025-12-05T01:19:19.537+0000] {dagbag.py:525} INFO - Filling up the DagBag from /home/airflow/.local/lib/python3.7/site-packages/airflow/example_dags/example_nested_branch_dag.py
[2025-12-05T01:19:19.550+0000] {processor.py:768} INFO - DAG(s) dict_keys(['example_nested_branch_dag']) retrieved from /home/airflow/.local/lib/python3.7/site-packages/airflow/example_dags/example_nested_branch_dag.py
[2025-12-05T01:19:19.576+0000] {logging_mixin.py:117} INFO - [2025-12-05T01:19:19.576+0000] {dag.py:2573} INFO - Sync 1 DAGs
[2025-12-05T01:19:19.589+0000] {logging_mixin.py:117} INFO - [2025-12-05T01:19:19.589+0000] {dag.py:3328} INFO - Setting next_dagrun for example_nested_branch_dag to 2025-12-04T00:00:00+00:00, run_after=2025-12-05T00:00:00+00:00
[2025-12-05T01:19:19.598+0000] {processor.py:178} INFO - Processing /home/airflow/.local/lib/python3.7/site-packages/airflow/example_dags/example_nested_branch_dag.py took 0.066 seconds
[2025-12-05T01:19:50.359+0000] {processor.py:156} INFO - Started process (PID=13537) to work on /home/airflow/.local/lib/python3.7/site-packages/airflow/example_dags/example_nested_branch_dag.py
[2025-12-05T01:19:50.359+0000] {processor.py:758} INFO - Processing file /home/airflow/.local/lib/python3.7/site-packages/airflow/example_dags/example_nested_branch_dag.py for tasks to queue
[2025-12-05T01:19:50.359+0000] {logging_mixin.py:117} INFO - [2025-12-05T01:19:50.359+0000] {dagbag.py:525} INFO - Filling up the DagBag from /home/airflow/.local/lib/python3.7/site-packages/airflow/example_dags/example_nested_branch_dag.py
[2025-12-05T01:19:50.370+0000] {processor.py:768} INFO - DAG(s) dict_keys(['example_nested_branch_dag']) retrieved from /home/airflow/.local/lib/python3.7/site-packages/airflow/example_dags/example_nested_branch_dag.py
[2025-12-05T01:19:50.389+0000] {logging_mixin.py:117} INFO - [2025-12-05T01:19:50.388+0000] {dag.py:2573} INFO - Sync 1 DAGs
[2025-12-05T01:19:50.400+0000] {logging_mixin.py:117} INFO - [2025-12-05T01:19:50.400+0000] {dag.py:3328} INFO - Setting next_dagrun for example_nested_branch_dag to 2025-12-04T00:00:00+00:00, run_after=2025-12-05T00:00:00+00:00
[2025-12-05T01:19:50.409+0000] {processor.py:178} INFO - Processing /home/airflow/.local/lib/python3.7/site-packages/airflow/example_dags/example_nested_branch_dag.py took 0.053 seconds
[2025-12-05T01:20:21.282+0000] {processor.py:156} INFO - Started process (PID=13743) to work on /home/airflow/.local/lib/python3.7/site-packages/airflow/example_dags/example_nested_branch_dag.py
[2025-12-05T01:20:21.286+0000] {processor.py:758} INFO - Processing file /home/airflow/.local/lib/python3.7/site-packages/airflow/example_dags/example_nested_branch_dag.py for tasks to queue
[2025-12-05T01:20:21.286+0000] {logging_mixin.py:117} INFO - [2025-12-05T01:20:21.286+0000] {dagbag.py:525} INFO - Filling up the DagBag from /home/airflow/.local/lib/python3.7/site-packages/airflow/example_dags/example_nested_branch_dag.py
[2025-12-05T01:20:21.297+0000] {processor.py:768} INFO - DAG(s) dict_keys(['example_nested_branch_dag']) retrieved from /home/airflow/.local/lib/python3.7/site-packages/airflow/example_dags/example_nested_branch_dag.py
[2025-12-05T01:20:21.318+0000] {logging_mixin.py:117} INFO - [2025-12-05T01:20:21.318+0000] {dag.py:2573} INFO - Sync 1 DAGs
[2025-12-05T01:20:21.335+0000] {logging_mixin.py:117} INFO - [2025-12-05T01:20:21.335+0000] {dag.py:3328} INFO - Setting next_dagrun for example_nested_branch_dag to 2025-12-04T00:00:00+00:00, run_after=2025-12-05T00:00:00+00:00
[2025-12-05T01:20:21.344+0000] {processor.py:178} INFO - Processing /home/airflow/.local/lib/python3.7/site-packages/airflow/example_dags/example_nested_branch_dag.py took 0.063 seconds
[2025-12-05T01:20:52.251+0000] {processor.py:156} INFO - Started process (PID=13949) to work on /home/airflow/.local/lib/python3.7/site-packages/airflow/example_dags/example_nested_branch_dag.py
[2025-12-05T01:20:52.251+0000] {processor.py:758} INFO - Processing file /home/airflow/.local/lib/python3.7/site-packages/airflow/example_dags/example_nested_branch_dag.py for tasks to queue
[2025-12-05T01:20:52.252+0000] {logging_mixin.py:117} INFO - [2025-12-05T01:20:52.252+0000] {dagbag.py:525} INFO - Filling up the DagBag from /home/airflow/.local/lib/python3.7/site-packages/airflow/example_dags/example_nested_branch_dag.py
[2025-12-05T01:20:52.264+0000] {processor.py:768} INFO - DAG(s) dict_keys(['example_nested_branch_dag']) retrieved from /home/airflow/.local/lib/python3.7/site-packages/airflow/example_dags/example_nested_branch_dag.py
[2025-12-05T01:20:52.284+0000] {logging_mixin.py:117} INFO - [2025-12-05T01:20:52.284+0000] {dag.py:2573} INFO - Sync 1 DAGs
[2025-12-05T01:20:52.297+0000] {logging_mixin.py:117} INFO - [2025-12-05T01:20:52.296+0000] {dag.py:3328} INFO - Setting next_dagrun for example_nested_branch_dag to 2025-12-04T00:00:00+00:00, run_after=2025-12-05T00:00:00+00:00
[2025-12-05T01:20:52.305+0000] {processor.py:178} INFO - Processing /home/airflow/.local/lib/python3.7/site-packages/airflow/example_dags/example_nested_branch_dag.py took 0.056 seconds
