[2025-12-05T00:46:03.091+0000] {processor.py:156} INFO - Started process (PID=187) to work on /home/airflow/.local/lib/python3.7/site-packages/airflow/example_dags/example_task_group.py
[2025-12-05T00:46:03.092+0000] {processor.py:758} INFO - Processing file /home/airflow/.local/lib/python3.7/site-packages/airflow/example_dags/example_task_group.py for tasks to queue
[2025-12-05T00:46:03.093+0000] {logging_mixin.py:117} INFO - [2025-12-05T00:46:03.092+0000] {dagbag.py:525} INFO - Filling up the DagBag from /home/airflow/.local/lib/python3.7/site-packages/airflow/example_dags/example_task_group.py
[2025-12-05T00:46:03.108+0000] {processor.py:768} INFO - DAG(s) dict_keys(['example_task_group']) retrieved from /home/airflow/.local/lib/python3.7/site-packages/airflow/example_dags/example_task_group.py
[2025-12-05T00:46:03.176+0000] {logging_mixin.py:117} INFO - [2025-12-05T00:46:03.176+0000] {manager.py:508} INFO - Created Permission View: can read on DAG:example_task_group
[2025-12-05T00:46:03.185+0000] {logging_mixin.py:117} INFO - [2025-12-05T00:46:03.185+0000] {manager.py:508} INFO - Created Permission View: can delete on DAG:example_task_group
[2025-12-05T00:46:03.196+0000] {logging_mixin.py:117} INFO - [2025-12-05T00:46:03.195+0000] {manager.py:508} INFO - Created Permission View: can edit on DAG:example_task_group
[2025-12-05T00:46:03.196+0000] {logging_mixin.py:117} INFO - [2025-12-05T00:46:03.196+0000] {dag.py:2573} INFO - Sync 1 DAGs
[2025-12-05T00:46:03.223+0000] {logging_mixin.py:117} INFO - [2025-12-05T00:46:03.223+0000] {dag.py:2594} INFO - Creating ORM DAG for example_task_group
[2025-12-05T00:46:03.338+0000] {logging_mixin.py:117} INFO - [2025-12-05T00:46:03.338+0000] {dag.py:3328} INFO - Setting next_dagrun for example_task_group to 2025-12-04T00:46:03.338270+00:00, run_after=2025-12-05T00:46:03.338270+00:00
[2025-12-05T00:46:03.355+0000] {processor.py:178} INFO - Processing /home/airflow/.local/lib/python3.7/site-packages/airflow/example_dags/example_task_group.py took 0.265 seconds
[2025-12-05T00:46:34.174+0000] {processor.py:156} INFO - Started process (PID=390) to work on /home/airflow/.local/lib/python3.7/site-packages/airflow/example_dags/example_task_group.py
[2025-12-05T00:46:34.175+0000] {processor.py:758} INFO - Processing file /home/airflow/.local/lib/python3.7/site-packages/airflow/example_dags/example_task_group.py for tasks to queue
[2025-12-05T00:46:34.176+0000] {logging_mixin.py:117} INFO - [2025-12-05T00:46:34.175+0000] {dagbag.py:525} INFO - Filling up the DagBag from /home/airflow/.local/lib/python3.7/site-packages/airflow/example_dags/example_task_group.py
[2025-12-05T00:46:34.185+0000] {processor.py:768} INFO - DAG(s) dict_keys(['example_task_group']) retrieved from /home/airflow/.local/lib/python3.7/site-packages/airflow/example_dags/example_task_group.py
[2025-12-05T00:46:34.205+0000] {logging_mixin.py:117} INFO - [2025-12-05T00:46:34.205+0000] {dag.py:2573} INFO - Sync 1 DAGs
[2025-12-05T00:46:34.216+0000] {logging_mixin.py:117} INFO - [2025-12-05T00:46:34.216+0000] {dag.py:3328} INFO - Setting next_dagrun for example_task_group to 2025-12-04T00:46:34.216373+00:00, run_after=2025-12-05T00:46:34.216373+00:00
[2025-12-05T00:46:34.228+0000] {processor.py:178} INFO - Processing /home/airflow/.local/lib/python3.7/site-packages/airflow/example_dags/example_task_group.py took 0.056 seconds
[2025-12-05T00:47:05.194+0000] {processor.py:156} INFO - Started process (PID=592) to work on /home/airflow/.local/lib/python3.7/site-packages/airflow/example_dags/example_task_group.py
[2025-12-05T00:47:05.195+0000] {processor.py:758} INFO - Processing file /home/airflow/.local/lib/python3.7/site-packages/airflow/example_dags/example_task_group.py for tasks to queue
[2025-12-05T00:47:05.196+0000] {logging_mixin.py:117} INFO - [2025-12-05T00:47:05.196+0000] {dagbag.py:525} INFO - Filling up the DagBag from /home/airflow/.local/lib/python3.7/site-packages/airflow/example_dags/example_task_group.py
[2025-12-05T00:47:05.204+0000] {processor.py:768} INFO - DAG(s) dict_keys(['example_task_group']) retrieved from /home/airflow/.local/lib/python3.7/site-packages/airflow/example_dags/example_task_group.py
[2025-12-05T00:47:05.226+0000] {logging_mixin.py:117} INFO - [2025-12-05T00:47:05.226+0000] {dag.py:2573} INFO - Sync 1 DAGs
[2025-12-05T00:47:05.237+0000] {logging_mixin.py:117} INFO - [2025-12-05T00:47:05.237+0000] {dag.py:3328} INFO - Setting next_dagrun for example_task_group to 2025-12-04T00:47:05.237692+00:00, run_after=2025-12-05T00:47:05.237692+00:00
[2025-12-05T00:47:05.246+0000] {processor.py:178} INFO - Processing /home/airflow/.local/lib/python3.7/site-packages/airflow/example_dags/example_task_group.py took 0.054 seconds
[2025-12-05T00:47:36.668+0000] {processor.py:156} INFO - Started process (PID=793) to work on /home/airflow/.local/lib/python3.7/site-packages/airflow/example_dags/example_task_group.py
[2025-12-05T00:47:36.670+0000] {processor.py:758} INFO - Processing file /home/airflow/.local/lib/python3.7/site-packages/airflow/example_dags/example_task_group.py for tasks to queue
[2025-12-05T00:47:36.670+0000] {logging_mixin.py:117} INFO - [2025-12-05T00:47:36.670+0000] {dagbag.py:525} INFO - Filling up the DagBag from /home/airflow/.local/lib/python3.7/site-packages/airflow/example_dags/example_task_group.py
[2025-12-05T00:47:36.680+0000] {processor.py:768} INFO - DAG(s) dict_keys(['example_task_group']) retrieved from /home/airflow/.local/lib/python3.7/site-packages/airflow/example_dags/example_task_group.py
[2025-12-05T00:47:36.735+0000] {logging_mixin.py:117} INFO - [2025-12-05T00:47:36.735+0000] {dag.py:2573} INFO - Sync 1 DAGs
[2025-12-05T00:47:36.745+0000] {logging_mixin.py:117} INFO - [2025-12-05T00:47:36.745+0000] {dag.py:3328} INFO - Setting next_dagrun for example_task_group to 2025-12-04T00:47:36.745553+00:00, run_after=2025-12-05T00:47:36.745553+00:00
[2025-12-05T00:47:36.753+0000] {processor.py:178} INFO - Processing /home/airflow/.local/lib/python3.7/site-packages/airflow/example_dags/example_task_group.py took 0.088 seconds
[2025-12-05T00:48:07.243+0000] {processor.py:156} INFO - Started process (PID=992) to work on /home/airflow/.local/lib/python3.7/site-packages/airflow/example_dags/example_task_group.py
[2025-12-05T00:48:07.245+0000] {processor.py:758} INFO - Processing file /home/airflow/.local/lib/python3.7/site-packages/airflow/example_dags/example_task_group.py for tasks to queue
[2025-12-05T00:48:07.246+0000] {logging_mixin.py:117} INFO - [2025-12-05T00:48:07.246+0000] {dagbag.py:525} INFO - Filling up the DagBag from /home/airflow/.local/lib/python3.7/site-packages/airflow/example_dags/example_task_group.py
[2025-12-05T00:48:07.253+0000] {processor.py:768} INFO - DAG(s) dict_keys(['example_task_group']) retrieved from /home/airflow/.local/lib/python3.7/site-packages/airflow/example_dags/example_task_group.py
[2025-12-05T00:48:07.281+0000] {logging_mixin.py:117} INFO - [2025-12-05T00:48:07.281+0000] {dag.py:2573} INFO - Sync 1 DAGs
[2025-12-05T00:48:07.404+0000] {logging_mixin.py:117} INFO - [2025-12-05T00:48:07.404+0000] {dag.py:3328} INFO - Setting next_dagrun for example_task_group to 2025-12-04T00:48:07.404405+00:00, run_after=2025-12-05T00:48:07.404405+00:00
[2025-12-05T00:48:07.416+0000] {processor.py:178} INFO - Processing /home/airflow/.local/lib/python3.7/site-packages/airflow/example_dags/example_task_group.py took 0.175 seconds
[2025-12-05T00:48:38.289+0000] {processor.py:156} INFO - Started process (PID=1193) to work on /home/airflow/.local/lib/python3.7/site-packages/airflow/example_dags/example_task_group.py
[2025-12-05T00:48:38.290+0000] {processor.py:758} INFO - Processing file /home/airflow/.local/lib/python3.7/site-packages/airflow/example_dags/example_task_group.py for tasks to queue
[2025-12-05T00:48:38.291+0000] {logging_mixin.py:117} INFO - [2025-12-05T00:48:38.291+0000] {dagbag.py:525} INFO - Filling up the DagBag from /home/airflow/.local/lib/python3.7/site-packages/airflow/example_dags/example_task_group.py
[2025-12-05T00:48:38.302+0000] {processor.py:768} INFO - DAG(s) dict_keys(['example_task_group']) retrieved from /home/airflow/.local/lib/python3.7/site-packages/airflow/example_dags/example_task_group.py
[2025-12-05T00:48:38.333+0000] {logging_mixin.py:117} INFO - [2025-12-05T00:48:38.333+0000] {dag.py:2573} INFO - Sync 1 DAGs
[2025-12-05T00:48:38.446+0000] {logging_mixin.py:117} INFO - [2025-12-05T00:48:38.446+0000] {dag.py:3328} INFO - Setting next_dagrun for example_task_group to 2025-12-04T00:48:38.446586+00:00, run_after=2025-12-05T00:48:38.446586+00:00
[2025-12-05T00:48:38.457+0000] {processor.py:178} INFO - Processing /home/airflow/.local/lib/python3.7/site-packages/airflow/example_dags/example_task_group.py took 0.171 seconds
[2025-12-05T00:49:09.079+0000] {processor.py:156} INFO - Started process (PID=1401) to work on /home/airflow/.local/lib/python3.7/site-packages/airflow/example_dags/example_task_group.py
[2025-12-05T00:49:09.080+0000] {processor.py:758} INFO - Processing file /home/airflow/.local/lib/python3.7/site-packages/airflow/example_dags/example_task_group.py for tasks to queue
[2025-12-05T00:49:09.080+0000] {logging_mixin.py:117} INFO - [2025-12-05T00:49:09.080+0000] {dagbag.py:525} INFO - Filling up the DagBag from /home/airflow/.local/lib/python3.7/site-packages/airflow/example_dags/example_task_group.py
[2025-12-05T00:49:09.088+0000] {processor.py:768} INFO - DAG(s) dict_keys(['example_task_group']) retrieved from /home/airflow/.local/lib/python3.7/site-packages/airflow/example_dags/example_task_group.py
[2025-12-05T00:49:09.207+0000] {logging_mixin.py:117} INFO - [2025-12-05T00:49:09.207+0000] {dag.py:2573} INFO - Sync 1 DAGs
[2025-12-05T00:49:09.224+0000] {logging_mixin.py:117} INFO - [2025-12-05T00:49:09.224+0000] {dag.py:3328} INFO - Setting next_dagrun for example_task_group to 2025-12-04T00:49:09.224472+00:00, run_after=2025-12-05T00:49:09.224472+00:00
[2025-12-05T00:49:09.240+0000] {processor.py:178} INFO - Processing /home/airflow/.local/lib/python3.7/site-packages/airflow/example_dags/example_task_group.py took 0.162 seconds
[2025-12-05T00:49:39.901+0000] {processor.py:156} INFO - Started process (PID=1602) to work on /home/airflow/.local/lib/python3.7/site-packages/airflow/example_dags/example_task_group.py
[2025-12-05T00:49:39.902+0000] {processor.py:758} INFO - Processing file /home/airflow/.local/lib/python3.7/site-packages/airflow/example_dags/example_task_group.py for tasks to queue
[2025-12-05T00:49:39.902+0000] {logging_mixin.py:117} INFO - [2025-12-05T00:49:39.902+0000] {dagbag.py:525} INFO - Filling up the DagBag from /home/airflow/.local/lib/python3.7/site-packages/airflow/example_dags/example_task_group.py
[2025-12-05T00:49:39.910+0000] {processor.py:768} INFO - DAG(s) dict_keys(['example_task_group']) retrieved from /home/airflow/.local/lib/python3.7/site-packages/airflow/example_dags/example_task_group.py
[2025-12-05T00:49:40.046+0000] {logging_mixin.py:117} INFO - [2025-12-05T00:49:40.046+0000] {dag.py:2573} INFO - Sync 1 DAGs
[2025-12-05T00:49:40.058+0000] {logging_mixin.py:117} INFO - [2025-12-05T00:49:40.058+0000] {dag.py:3328} INFO - Setting next_dagrun for example_task_group to 2025-12-04T00:49:40.058154+00:00, run_after=2025-12-05T00:49:40.058154+00:00
[2025-12-05T00:49:40.066+0000] {processor.py:178} INFO - Processing /home/airflow/.local/lib/python3.7/site-packages/airflow/example_dags/example_task_group.py took 0.166 seconds
[2025-12-05T00:50:10.597+0000] {processor.py:156} INFO - Started process (PID=1806) to work on /home/airflow/.local/lib/python3.7/site-packages/airflow/example_dags/example_task_group.py
[2025-12-05T00:50:10.598+0000] {processor.py:758} INFO - Processing file /home/airflow/.local/lib/python3.7/site-packages/airflow/example_dags/example_task_group.py for tasks to queue
[2025-12-05T00:50:10.598+0000] {logging_mixin.py:117} INFO - [2025-12-05T00:50:10.598+0000] {dagbag.py:525} INFO - Filling up the DagBag from /home/airflow/.local/lib/python3.7/site-packages/airflow/example_dags/example_task_group.py
[2025-12-05T00:50:10.609+0000] {processor.py:768} INFO - DAG(s) dict_keys(['example_task_group']) retrieved from /home/airflow/.local/lib/python3.7/site-packages/airflow/example_dags/example_task_group.py
[2025-12-05T00:50:10.642+0000] {logging_mixin.py:117} INFO - [2025-12-05T00:50:10.642+0000] {dag.py:2573} INFO - Sync 1 DAGs
[2025-12-05T00:50:10.657+0000] {logging_mixin.py:117} INFO - [2025-12-05T00:50:10.657+0000] {dag.py:3328} INFO - Setting next_dagrun for example_task_group to 2025-12-04T00:50:10.657643+00:00, run_after=2025-12-05T00:50:10.657643+00:00
[2025-12-05T00:50:10.765+0000] {processor.py:178} INFO - Processing /home/airflow/.local/lib/python3.7/site-packages/airflow/example_dags/example_task_group.py took 0.170 seconds
[2025-12-05T00:50:41.281+0000] {processor.py:156} INFO - Started process (PID=2005) to work on /home/airflow/.local/lib/python3.7/site-packages/airflow/example_dags/example_task_group.py
[2025-12-05T00:50:41.281+0000] {processor.py:758} INFO - Processing file /home/airflow/.local/lib/python3.7/site-packages/airflow/example_dags/example_task_group.py for tasks to queue
[2025-12-05T00:50:41.282+0000] {logging_mixin.py:117} INFO - [2025-12-05T00:50:41.282+0000] {dagbag.py:525} INFO - Filling up the DagBag from /home/airflow/.local/lib/python3.7/site-packages/airflow/example_dags/example_task_group.py
[2025-12-05T00:50:41.292+0000] {processor.py:768} INFO - DAG(s) dict_keys(['example_task_group']) retrieved from /home/airflow/.local/lib/python3.7/site-packages/airflow/example_dags/example_task_group.py
[2025-12-05T00:50:41.314+0000] {logging_mixin.py:117} INFO - [2025-12-05T00:50:41.313+0000] {dag.py:2573} INFO - Sync 1 DAGs
[2025-12-05T00:50:41.441+0000] {logging_mixin.py:117} INFO - [2025-12-05T00:50:41.441+0000] {dag.py:3328} INFO - Setting next_dagrun for example_task_group to 2025-12-04T00:50:41.441004+00:00, run_after=2025-12-05T00:50:41.441004+00:00
[2025-12-05T00:50:41.456+0000] {processor.py:178} INFO - Processing /home/airflow/.local/lib/python3.7/site-packages/airflow/example_dags/example_task_group.py took 0.178 seconds
[2025-12-05T00:51:12.247+0000] {processor.py:156} INFO - Started process (PID=2206) to work on /home/airflow/.local/lib/python3.7/site-packages/airflow/example_dags/example_task_group.py
[2025-12-05T00:51:12.248+0000] {processor.py:758} INFO - Processing file /home/airflow/.local/lib/python3.7/site-packages/airflow/example_dags/example_task_group.py for tasks to queue
[2025-12-05T00:51:12.248+0000] {logging_mixin.py:117} INFO - [2025-12-05T00:51:12.248+0000] {dagbag.py:525} INFO - Filling up the DagBag from /home/airflow/.local/lib/python3.7/site-packages/airflow/example_dags/example_task_group.py
[2025-12-05T00:51:12.257+0000] {processor.py:768} INFO - DAG(s) dict_keys(['example_task_group']) retrieved from /home/airflow/.local/lib/python3.7/site-packages/airflow/example_dags/example_task_group.py
[2025-12-05T00:51:12.369+0000] {logging_mixin.py:117} INFO - [2025-12-05T00:51:12.369+0000] {dag.py:2573} INFO - Sync 1 DAGs
[2025-12-05T00:51:12.381+0000] {logging_mixin.py:117} INFO - [2025-12-05T00:51:12.381+0000] {dag.py:3328} INFO - Setting next_dagrun for example_task_group to 2025-12-04T00:51:12.381188+00:00, run_after=2025-12-05T00:51:12.381188+00:00
[2025-12-05T00:51:12.389+0000] {processor.py:178} INFO - Processing /home/airflow/.local/lib/python3.7/site-packages/airflow/example_dags/example_task_group.py took 0.143 seconds
[2025-12-05T00:51:42.769+0000] {processor.py:156} INFO - Started process (PID=2407) to work on /home/airflow/.local/lib/python3.7/site-packages/airflow/example_dags/example_task_group.py
[2025-12-05T00:51:42.769+0000] {processor.py:758} INFO - Processing file /home/airflow/.local/lib/python3.7/site-packages/airflow/example_dags/example_task_group.py for tasks to queue
[2025-12-05T00:51:42.769+0000] {logging_mixin.py:117} INFO - [2025-12-05T00:51:42.769+0000] {dagbag.py:525} INFO - Filling up the DagBag from /home/airflow/.local/lib/python3.7/site-packages/airflow/example_dags/example_task_group.py
[2025-12-05T00:51:42.778+0000] {processor.py:768} INFO - DAG(s) dict_keys(['example_task_group']) retrieved from /home/airflow/.local/lib/python3.7/site-packages/airflow/example_dags/example_task_group.py
[2025-12-05T00:51:42.890+0000] {logging_mixin.py:117} INFO - [2025-12-05T00:51:42.890+0000] {dag.py:2573} INFO - Sync 1 DAGs
[2025-12-05T00:51:42.902+0000] {logging_mixin.py:117} INFO - [2025-12-05T00:51:42.902+0000] {dag.py:3328} INFO - Setting next_dagrun for example_task_group to 2025-12-04T00:51:42.902334+00:00, run_after=2025-12-05T00:51:42.902334+00:00
[2025-12-05T00:51:42.912+0000] {processor.py:178} INFO - Processing /home/airflow/.local/lib/python3.7/site-packages/airflow/example_dags/example_task_group.py took 0.146 seconds
[2025-12-05T00:52:13.503+0000] {processor.py:156} INFO - Started process (PID=2608) to work on /home/airflow/.local/lib/python3.7/site-packages/airflow/example_dags/example_task_group.py
[2025-12-05T00:52:13.504+0000] {processor.py:758} INFO - Processing file /home/airflow/.local/lib/python3.7/site-packages/airflow/example_dags/example_task_group.py for tasks to queue
[2025-12-05T00:52:13.504+0000] {logging_mixin.py:117} INFO - [2025-12-05T00:52:13.504+0000] {dagbag.py:525} INFO - Filling up the DagBag from /home/airflow/.local/lib/python3.7/site-packages/airflow/example_dags/example_task_group.py
[2025-12-05T00:52:13.512+0000] {processor.py:768} INFO - DAG(s) dict_keys(['example_task_group']) retrieved from /home/airflow/.local/lib/python3.7/site-packages/airflow/example_dags/example_task_group.py
[2025-12-05T00:52:13.530+0000] {logging_mixin.py:117} INFO - [2025-12-05T00:52:13.530+0000] {dag.py:2573} INFO - Sync 1 DAGs
[2025-12-05T00:52:13.542+0000] {logging_mixin.py:117} INFO - [2025-12-05T00:52:13.542+0000] {dag.py:3328} INFO - Setting next_dagrun for example_task_group to 2025-12-04T00:52:13.542375+00:00, run_after=2025-12-05T00:52:13.542375+00:00
[2025-12-05T00:52:13.641+0000] {processor.py:178} INFO - Processing /home/airflow/.local/lib/python3.7/site-packages/airflow/example_dags/example_task_group.py took 0.139 seconds
[2025-12-05T00:52:44.074+0000] {processor.py:156} INFO - Started process (PID=2809) to work on /home/airflow/.local/lib/python3.7/site-packages/airflow/example_dags/example_task_group.py
[2025-12-05T00:52:44.075+0000] {processor.py:758} INFO - Processing file /home/airflow/.local/lib/python3.7/site-packages/airflow/example_dags/example_task_group.py for tasks to queue
[2025-12-05T00:52:44.075+0000] {logging_mixin.py:117} INFO - [2025-12-05T00:52:44.075+0000] {dagbag.py:525} INFO - Filling up the DagBag from /home/airflow/.local/lib/python3.7/site-packages/airflow/example_dags/example_task_group.py
[2025-12-05T00:52:44.083+0000] {processor.py:768} INFO - DAG(s) dict_keys(['example_task_group']) retrieved from /home/airflow/.local/lib/python3.7/site-packages/airflow/example_dags/example_task_group.py
[2025-12-05T00:52:44.104+0000] {logging_mixin.py:117} INFO - [2025-12-05T00:52:44.104+0000] {dag.py:2573} INFO - Sync 1 DAGs
[2025-12-05T00:52:44.211+0000] {logging_mixin.py:117} INFO - [2025-12-05T00:52:44.211+0000] {dag.py:3328} INFO - Setting next_dagrun for example_task_group to 2025-12-04T00:52:44.211089+00:00, run_after=2025-12-05T00:52:44.211089+00:00
[2025-12-05T00:52:44.220+0000] {processor.py:178} INFO - Processing /home/airflow/.local/lib/python3.7/site-packages/airflow/example_dags/example_task_group.py took 0.148 seconds
[2025-12-05T00:53:14.619+0000] {processor.py:156} INFO - Started process (PID=3010) to work on /home/airflow/.local/lib/python3.7/site-packages/airflow/example_dags/example_task_group.py
[2025-12-05T00:53:14.620+0000] {processor.py:758} INFO - Processing file /home/airflow/.local/lib/python3.7/site-packages/airflow/example_dags/example_task_group.py for tasks to queue
[2025-12-05T00:53:14.620+0000] {logging_mixin.py:117} INFO - [2025-12-05T00:53:14.620+0000] {dagbag.py:525} INFO - Filling up the DagBag from /home/airflow/.local/lib/python3.7/site-packages/airflow/example_dags/example_task_group.py
[2025-12-05T00:53:14.628+0000] {processor.py:768} INFO - DAG(s) dict_keys(['example_task_group']) retrieved from /home/airflow/.local/lib/python3.7/site-packages/airflow/example_dags/example_task_group.py
[2025-12-05T00:53:14.769+0000] {logging_mixin.py:117} INFO - [2025-12-05T00:53:14.769+0000] {dag.py:2573} INFO - Sync 1 DAGs
[2025-12-05T00:53:14.782+0000] {logging_mixin.py:117} INFO - [2025-12-05T00:53:14.782+0000] {dag.py:3328} INFO - Setting next_dagrun for example_task_group to 2025-12-04T00:53:14.782658+00:00, run_after=2025-12-05T00:53:14.782658+00:00
[2025-12-05T00:53:14.791+0000] {processor.py:178} INFO - Processing /home/airflow/.local/lib/python3.7/site-packages/airflow/example_dags/example_task_group.py took 0.174 seconds
[2025-12-05T00:53:45.195+0000] {processor.py:156} INFO - Started process (PID=3211) to work on /home/airflow/.local/lib/python3.7/site-packages/airflow/example_dags/example_task_group.py
[2025-12-05T00:53:45.196+0000] {processor.py:758} INFO - Processing file /home/airflow/.local/lib/python3.7/site-packages/airflow/example_dags/example_task_group.py for tasks to queue
[2025-12-05T00:53:45.197+0000] {logging_mixin.py:117} INFO - [2025-12-05T00:53:45.197+0000] {dagbag.py:525} INFO - Filling up the DagBag from /home/airflow/.local/lib/python3.7/site-packages/airflow/example_dags/example_task_group.py
[2025-12-05T00:53:45.206+0000] {processor.py:768} INFO - DAG(s) dict_keys(['example_task_group']) retrieved from /home/airflow/.local/lib/python3.7/site-packages/airflow/example_dags/example_task_group.py
[2025-12-05T00:53:45.324+0000] {logging_mixin.py:117} INFO - [2025-12-05T00:53:45.323+0000] {dag.py:2573} INFO - Sync 1 DAGs
[2025-12-05T00:53:45.334+0000] {logging_mixin.py:117} INFO - [2025-12-05T00:53:45.334+0000] {dag.py:3328} INFO - Setting next_dagrun for example_task_group to 2025-12-04T00:53:45.334780+00:00, run_after=2025-12-05T00:53:45.334780+00:00
[2025-12-05T00:53:45.344+0000] {processor.py:178} INFO - Processing /home/airflow/.local/lib/python3.7/site-packages/airflow/example_dags/example_task_group.py took 0.150 seconds
[2025-12-05T00:54:16.091+0000] {processor.py:156} INFO - Started process (PID=3412) to work on /home/airflow/.local/lib/python3.7/site-packages/airflow/example_dags/example_task_group.py
[2025-12-05T00:54:16.092+0000] {processor.py:758} INFO - Processing file /home/airflow/.local/lib/python3.7/site-packages/airflow/example_dags/example_task_group.py for tasks to queue
[2025-12-05T00:54:16.096+0000] {logging_mixin.py:117} INFO - [2025-12-05T00:54:16.096+0000] {dagbag.py:525} INFO - Filling up the DagBag from /home/airflow/.local/lib/python3.7/site-packages/airflow/example_dags/example_task_group.py
[2025-12-05T00:54:16.106+0000] {processor.py:768} INFO - DAG(s) dict_keys(['example_task_group']) retrieved from /home/airflow/.local/lib/python3.7/site-packages/airflow/example_dags/example_task_group.py
[2025-12-05T00:54:16.141+0000] {logging_mixin.py:117} INFO - [2025-12-05T00:54:16.141+0000] {dag.py:2573} INFO - Sync 1 DAGs
[2025-12-05T00:54:16.156+0000] {logging_mixin.py:117} INFO - [2025-12-05T00:54:16.156+0000] {dag.py:3328} INFO - Setting next_dagrun for example_task_group to 2025-12-04T00:54:16.155880+00:00, run_after=2025-12-05T00:54:16.155880+00:00
[2025-12-05T00:54:16.268+0000] {processor.py:178} INFO - Processing /home/airflow/.local/lib/python3.7/site-packages/airflow/example_dags/example_task_group.py took 0.178 seconds
[2025-12-05T00:54:46.799+0000] {processor.py:156} INFO - Started process (PID=3613) to work on /home/airflow/.local/lib/python3.7/site-packages/airflow/example_dags/example_task_group.py
[2025-12-05T00:54:46.802+0000] {processor.py:758} INFO - Processing file /home/airflow/.local/lib/python3.7/site-packages/airflow/example_dags/example_task_group.py for tasks to queue
[2025-12-05T00:54:46.803+0000] {logging_mixin.py:117} INFO - [2025-12-05T00:54:46.803+0000] {dagbag.py:525} INFO - Filling up the DagBag from /home/airflow/.local/lib/python3.7/site-packages/airflow/example_dags/example_task_group.py
[2025-12-05T00:54:46.814+0000] {processor.py:768} INFO - DAG(s) dict_keys(['example_task_group']) retrieved from /home/airflow/.local/lib/python3.7/site-packages/airflow/example_dags/example_task_group.py
[2025-12-05T00:54:46.841+0000] {logging_mixin.py:117} INFO - [2025-12-05T00:54:46.840+0000] {dag.py:2573} INFO - Sync 1 DAGs
[2025-12-05T00:54:46.969+0000] {logging_mixin.py:117} INFO - [2025-12-05T00:54:46.969+0000] {dag.py:3328} INFO - Setting next_dagrun for example_task_group to 2025-12-04T00:54:46.969067+00:00, run_after=2025-12-05T00:54:46.969067+00:00
[2025-12-05T00:54:46.980+0000] {processor.py:178} INFO - Processing /home/airflow/.local/lib/python3.7/site-packages/airflow/example_dags/example_task_group.py took 0.183 seconds
[2025-12-05T00:55:17.527+0000] {processor.py:156} INFO - Started process (PID=3813) to work on /home/airflow/.local/lib/python3.7/site-packages/airflow/example_dags/example_task_group.py
[2025-12-05T00:55:17.527+0000] {processor.py:758} INFO - Processing file /home/airflow/.local/lib/python3.7/site-packages/airflow/example_dags/example_task_group.py for tasks to queue
[2025-12-05T00:55:17.528+0000] {logging_mixin.py:117} INFO - [2025-12-05T00:55:17.528+0000] {dagbag.py:525} INFO - Filling up the DagBag from /home/airflow/.local/lib/python3.7/site-packages/airflow/example_dags/example_task_group.py
[2025-12-05T00:55:17.536+0000] {processor.py:768} INFO - DAG(s) dict_keys(['example_task_group']) retrieved from /home/airflow/.local/lib/python3.7/site-packages/airflow/example_dags/example_task_group.py
[2025-12-05T00:55:17.674+0000] {logging_mixin.py:117} INFO - [2025-12-05T00:55:17.674+0000] {dag.py:2573} INFO - Sync 1 DAGs
[2025-12-05T00:55:17.686+0000] {logging_mixin.py:117} INFO - [2025-12-05T00:55:17.685+0000] {dag.py:3328} INFO - Setting next_dagrun for example_task_group to 2025-12-04T00:55:17.685876+00:00, run_after=2025-12-05T00:55:17.685876+00:00
[2025-12-05T00:55:17.694+0000] {processor.py:178} INFO - Processing /home/airflow/.local/lib/python3.7/site-packages/airflow/example_dags/example_task_group.py took 0.169 seconds
[2025-12-05T00:55:48.146+0000] {processor.py:156} INFO - Started process (PID=4014) to work on /home/airflow/.local/lib/python3.7/site-packages/airflow/example_dags/example_task_group.py
[2025-12-05T00:55:48.147+0000] {processor.py:758} INFO - Processing file /home/airflow/.local/lib/python3.7/site-packages/airflow/example_dags/example_task_group.py for tasks to queue
[2025-12-05T00:55:48.147+0000] {logging_mixin.py:117} INFO - [2025-12-05T00:55:48.147+0000] {dagbag.py:525} INFO - Filling up the DagBag from /home/airflow/.local/lib/python3.7/site-packages/airflow/example_dags/example_task_group.py
[2025-12-05T00:55:48.156+0000] {processor.py:768} INFO - DAG(s) dict_keys(['example_task_group']) retrieved from /home/airflow/.local/lib/python3.7/site-packages/airflow/example_dags/example_task_group.py
[2025-12-05T00:55:48.288+0000] {logging_mixin.py:117} INFO - [2025-12-05T00:55:48.288+0000] {dag.py:2573} INFO - Sync 1 DAGs
[2025-12-05T00:55:48.298+0000] {logging_mixin.py:117} INFO - [2025-12-05T00:55:48.298+0000] {dag.py:3328} INFO - Setting next_dagrun for example_task_group to 2025-12-04T00:55:48.298393+00:00, run_after=2025-12-05T00:55:48.298393+00:00
[2025-12-05T00:55:48.308+0000] {processor.py:178} INFO - Processing /home/airflow/.local/lib/python3.7/site-packages/airflow/example_dags/example_task_group.py took 0.163 seconds
[2025-12-05T00:56:18.863+0000] {processor.py:156} INFO - Started process (PID=4215) to work on /home/airflow/.local/lib/python3.7/site-packages/airflow/example_dags/example_task_group.py
[2025-12-05T00:56:18.865+0000] {processor.py:758} INFO - Processing file /home/airflow/.local/lib/python3.7/site-packages/airflow/example_dags/example_task_group.py for tasks to queue
[2025-12-05T00:56:18.865+0000] {logging_mixin.py:117} INFO - [2025-12-05T00:56:18.865+0000] {dagbag.py:525} INFO - Filling up the DagBag from /home/airflow/.local/lib/python3.7/site-packages/airflow/example_dags/example_task_group.py
[2025-12-05T00:56:18.874+0000] {processor.py:768} INFO - DAG(s) dict_keys(['example_task_group']) retrieved from /home/airflow/.local/lib/python3.7/site-packages/airflow/example_dags/example_task_group.py
[2025-12-05T00:56:18.893+0000] {logging_mixin.py:117} INFO - [2025-12-05T00:56:18.892+0000] {dag.py:2573} INFO - Sync 1 DAGs
[2025-12-05T00:56:18.904+0000] {logging_mixin.py:117} INFO - [2025-12-05T00:56:18.904+0000] {dag.py:3328} INFO - Setting next_dagrun for example_task_group to 2025-12-04T00:56:18.904236+00:00, run_after=2025-12-05T00:56:18.904236+00:00
[2025-12-05T00:56:18.912+0000] {processor.py:178} INFO - Processing /home/airflow/.local/lib/python3.7/site-packages/airflow/example_dags/example_task_group.py took 0.050 seconds
[2025-12-05T00:56:49.644+0000] {processor.py:156} INFO - Started process (PID=4415) to work on /home/airflow/.local/lib/python3.7/site-packages/airflow/example_dags/example_task_group.py
[2025-12-05T00:56:49.645+0000] {processor.py:758} INFO - Processing file /home/airflow/.local/lib/python3.7/site-packages/airflow/example_dags/example_task_group.py for tasks to queue
[2025-12-05T00:56:49.645+0000] {logging_mixin.py:117} INFO - [2025-12-05T00:56:49.645+0000] {dagbag.py:525} INFO - Filling up the DagBag from /home/airflow/.local/lib/python3.7/site-packages/airflow/example_dags/example_task_group.py
[2025-12-05T00:56:49.656+0000] {processor.py:768} INFO - DAG(s) dict_keys(['example_task_group']) retrieved from /home/airflow/.local/lib/python3.7/site-packages/airflow/example_dags/example_task_group.py
[2025-12-05T00:56:49.685+0000] {logging_mixin.py:117} INFO - [2025-12-05T00:56:49.684+0000] {dag.py:2573} INFO - Sync 1 DAGs
[2025-12-05T00:56:49.700+0000] {logging_mixin.py:117} INFO - [2025-12-05T00:56:49.700+0000] {dag.py:3328} INFO - Setting next_dagrun for example_task_group to 2025-12-04T00:56:49.700085+00:00, run_after=2025-12-05T00:56:49.700085+00:00
[2025-12-05T00:56:49.710+0000] {processor.py:178} INFO - Processing /home/airflow/.local/lib/python3.7/site-packages/airflow/example_dags/example_task_group.py took 0.068 seconds
[2025-12-05T00:57:20.596+0000] {processor.py:156} INFO - Started process (PID=4617) to work on /home/airflow/.local/lib/python3.7/site-packages/airflow/example_dags/example_task_group.py
[2025-12-05T00:57:20.597+0000] {processor.py:758} INFO - Processing file /home/airflow/.local/lib/python3.7/site-packages/airflow/example_dags/example_task_group.py for tasks to queue
[2025-12-05T00:57:20.597+0000] {logging_mixin.py:117} INFO - [2025-12-05T00:57:20.597+0000] {dagbag.py:525} INFO - Filling up the DagBag from /home/airflow/.local/lib/python3.7/site-packages/airflow/example_dags/example_task_group.py
[2025-12-05T00:57:20.605+0000] {processor.py:768} INFO - DAG(s) dict_keys(['example_task_group']) retrieved from /home/airflow/.local/lib/python3.7/site-packages/airflow/example_dags/example_task_group.py
[2025-12-05T00:57:20.622+0000] {logging_mixin.py:117} INFO - [2025-12-05T00:57:20.622+0000] {dag.py:2573} INFO - Sync 1 DAGs
[2025-12-05T00:57:20.633+0000] {logging_mixin.py:117} INFO - [2025-12-05T00:57:20.633+0000] {dag.py:3328} INFO - Setting next_dagrun for example_task_group to 2025-12-04T00:57:20.632860+00:00, run_after=2025-12-05T00:57:20.632860+00:00
[2025-12-05T00:57:20.640+0000] {processor.py:178} INFO - Processing /home/airflow/.local/lib/python3.7/site-packages/airflow/example_dags/example_task_group.py took 0.045 seconds
[2025-12-05T00:57:51.383+0000] {processor.py:156} INFO - Started process (PID=4818) to work on /home/airflow/.local/lib/python3.7/site-packages/airflow/example_dags/example_task_group.py
[2025-12-05T00:57:51.385+0000] {processor.py:758} INFO - Processing file /home/airflow/.local/lib/python3.7/site-packages/airflow/example_dags/example_task_group.py for tasks to queue
[2025-12-05T00:57:51.386+0000] {logging_mixin.py:117} INFO - [2025-12-05T00:57:51.386+0000] {dagbag.py:525} INFO - Filling up the DagBag from /home/airflow/.local/lib/python3.7/site-packages/airflow/example_dags/example_task_group.py
[2025-12-05T00:57:51.396+0000] {processor.py:768} INFO - DAG(s) dict_keys(['example_task_group']) retrieved from /home/airflow/.local/lib/python3.7/site-packages/airflow/example_dags/example_task_group.py
[2025-12-05T00:57:51.418+0000] {logging_mixin.py:117} INFO - [2025-12-05T00:57:51.418+0000] {dag.py:2573} INFO - Sync 1 DAGs
[2025-12-05T00:57:51.435+0000] {logging_mixin.py:117} INFO - [2025-12-05T00:57:51.435+0000] {dag.py:3328} INFO - Setting next_dagrun for example_task_group to 2025-12-04T00:57:51.435691+00:00, run_after=2025-12-05T00:57:51.435691+00:00
[2025-12-05T00:57:51.445+0000] {processor.py:178} INFO - Processing /home/airflow/.local/lib/python3.7/site-packages/airflow/example_dags/example_task_group.py took 0.063 seconds
[2025-12-05T00:58:22.413+0000] {processor.py:156} INFO - Started process (PID=5019) to work on /home/airflow/.local/lib/python3.7/site-packages/airflow/example_dags/example_task_group.py
[2025-12-05T00:58:22.414+0000] {processor.py:758} INFO - Processing file /home/airflow/.local/lib/python3.7/site-packages/airflow/example_dags/example_task_group.py for tasks to queue
[2025-12-05T00:58:22.414+0000] {logging_mixin.py:117} INFO - [2025-12-05T00:58:22.414+0000] {dagbag.py:525} INFO - Filling up the DagBag from /home/airflow/.local/lib/python3.7/site-packages/airflow/example_dags/example_task_group.py
[2025-12-05T00:58:22.423+0000] {processor.py:768} INFO - DAG(s) dict_keys(['example_task_group']) retrieved from /home/airflow/.local/lib/python3.7/site-packages/airflow/example_dags/example_task_group.py
[2025-12-05T00:58:22.444+0000] {logging_mixin.py:117} INFO - [2025-12-05T00:58:22.444+0000] {dag.py:2573} INFO - Sync 1 DAGs
[2025-12-05T00:58:22.458+0000] {logging_mixin.py:117} INFO - [2025-12-05T00:58:22.458+0000] {dag.py:3328} INFO - Setting next_dagrun for example_task_group to 2025-12-04T00:58:22.458620+00:00, run_after=2025-12-05T00:58:22.458620+00:00
[2025-12-05T00:58:22.468+0000] {processor.py:178} INFO - Processing /home/airflow/.local/lib/python3.7/site-packages/airflow/example_dags/example_task_group.py took 0.057 seconds
[2025-12-05T00:58:53.339+0000] {processor.py:156} INFO - Started process (PID=5220) to work on /home/airflow/.local/lib/python3.7/site-packages/airflow/example_dags/example_task_group.py
[2025-12-05T00:58:53.339+0000] {processor.py:758} INFO - Processing file /home/airflow/.local/lib/python3.7/site-packages/airflow/example_dags/example_task_group.py for tasks to queue
[2025-12-05T00:58:53.340+0000] {logging_mixin.py:117} INFO - [2025-12-05T00:58:53.340+0000] {dagbag.py:525} INFO - Filling up the DagBag from /home/airflow/.local/lib/python3.7/site-packages/airflow/example_dags/example_task_group.py
[2025-12-05T00:58:53.348+0000] {processor.py:768} INFO - DAG(s) dict_keys(['example_task_group']) retrieved from /home/airflow/.local/lib/python3.7/site-packages/airflow/example_dags/example_task_group.py
[2025-12-05T00:58:53.369+0000] {logging_mixin.py:117} INFO - [2025-12-05T00:58:53.369+0000] {dag.py:2573} INFO - Sync 1 DAGs
[2025-12-05T00:58:53.381+0000] {logging_mixin.py:117} INFO - [2025-12-05T00:58:53.381+0000] {dag.py:3328} INFO - Setting next_dagrun for example_task_group to 2025-12-04T00:58:53.381228+00:00, run_after=2025-12-05T00:58:53.381228+00:00
[2025-12-05T00:58:53.390+0000] {processor.py:178} INFO - Processing /home/airflow/.local/lib/python3.7/site-packages/airflow/example_dags/example_task_group.py took 0.053 seconds
[2025-12-05T00:59:24.069+0000] {processor.py:156} INFO - Started process (PID=5425) to work on /home/airflow/.local/lib/python3.7/site-packages/airflow/example_dags/example_task_group.py
[2025-12-05T00:59:24.069+0000] {processor.py:758} INFO - Processing file /home/airflow/.local/lib/python3.7/site-packages/airflow/example_dags/example_task_group.py for tasks to queue
[2025-12-05T00:59:24.070+0000] {logging_mixin.py:117} INFO - [2025-12-05T00:59:24.070+0000] {dagbag.py:525} INFO - Filling up the DagBag from /home/airflow/.local/lib/python3.7/site-packages/airflow/example_dags/example_task_group.py
[2025-12-05T00:59:24.077+0000] {processor.py:768} INFO - DAG(s) dict_keys(['example_task_group']) retrieved from /home/airflow/.local/lib/python3.7/site-packages/airflow/example_dags/example_task_group.py
[2025-12-05T00:59:24.095+0000] {logging_mixin.py:117} INFO - [2025-12-05T00:59:24.095+0000] {dag.py:2573} INFO - Sync 1 DAGs
[2025-12-05T00:59:24.106+0000] {logging_mixin.py:117} INFO - [2025-12-05T00:59:24.106+0000] {dag.py:3328} INFO - Setting next_dagrun for example_task_group to 2025-12-04T00:59:24.106440+00:00, run_after=2025-12-05T00:59:24.106440+00:00
[2025-12-05T00:59:24.114+0000] {processor.py:178} INFO - Processing /home/airflow/.local/lib/python3.7/site-packages/airflow/example_dags/example_task_group.py took 0.051 seconds
[2025-12-05T00:59:54.963+0000] {processor.py:156} INFO - Started process (PID=5628) to work on /home/airflow/.local/lib/python3.7/site-packages/airflow/example_dags/example_task_group.py
[2025-12-05T00:59:54.964+0000] {processor.py:758} INFO - Processing file /home/airflow/.local/lib/python3.7/site-packages/airflow/example_dags/example_task_group.py for tasks to queue
[2025-12-05T00:59:54.964+0000] {logging_mixin.py:117} INFO - [2025-12-05T00:59:54.964+0000] {dagbag.py:525} INFO - Filling up the DagBag from /home/airflow/.local/lib/python3.7/site-packages/airflow/example_dags/example_task_group.py
[2025-12-05T00:59:54.971+0000] {processor.py:768} INFO - DAG(s) dict_keys(['example_task_group']) retrieved from /home/airflow/.local/lib/python3.7/site-packages/airflow/example_dags/example_task_group.py
[2025-12-05T00:59:54.988+0000] {logging_mixin.py:117} INFO - [2025-12-05T00:59:54.988+0000] {dag.py:2573} INFO - Sync 1 DAGs
[2025-12-05T00:59:54.998+0000] {logging_mixin.py:117} INFO - [2025-12-05T00:59:54.998+0000] {dag.py:3328} INFO - Setting next_dagrun for example_task_group to 2025-12-04T00:59:54.998243+00:00, run_after=2025-12-05T00:59:54.998243+00:00
[2025-12-05T00:59:55.005+0000] {processor.py:178} INFO - Processing /home/airflow/.local/lib/python3.7/site-packages/airflow/example_dags/example_task_group.py took 0.051 seconds
[2025-12-05T01:00:25.980+0000] {processor.py:156} INFO - Started process (PID=5827) to work on /home/airflow/.local/lib/python3.7/site-packages/airflow/example_dags/example_task_group.py
[2025-12-05T01:00:25.981+0000] {processor.py:758} INFO - Processing file /home/airflow/.local/lib/python3.7/site-packages/airflow/example_dags/example_task_group.py for tasks to queue
[2025-12-05T01:00:25.981+0000] {logging_mixin.py:117} INFO - [2025-12-05T01:00:25.981+0000] {dagbag.py:525} INFO - Filling up the DagBag from /home/airflow/.local/lib/python3.7/site-packages/airflow/example_dags/example_task_group.py
[2025-12-05T01:00:25.990+0000] {processor.py:768} INFO - DAG(s) dict_keys(['example_task_group']) retrieved from /home/airflow/.local/lib/python3.7/site-packages/airflow/example_dags/example_task_group.py
[2025-12-05T01:00:26.014+0000] {logging_mixin.py:117} INFO - [2025-12-05T01:00:26.014+0000] {dag.py:2573} INFO - Sync 1 DAGs
[2025-12-05T01:00:26.026+0000] {logging_mixin.py:117} INFO - [2025-12-05T01:00:26.026+0000] {dag.py:3328} INFO - Setting next_dagrun for example_task_group to 2025-12-04T01:00:26.026538+00:00, run_after=2025-12-05T01:00:26.026538+00:00
[2025-12-05T01:00:26.036+0000] {processor.py:178} INFO - Processing /home/airflow/.local/lib/python3.7/site-packages/airflow/example_dags/example_task_group.py took 0.057 seconds
[2025-12-05T01:00:56.297+0000] {processor.py:156} INFO - Started process (PID=6027) to work on /home/airflow/.local/lib/python3.7/site-packages/airflow/example_dags/example_task_group.py
[2025-12-05T01:00:56.298+0000] {processor.py:758} INFO - Processing file /home/airflow/.local/lib/python3.7/site-packages/airflow/example_dags/example_task_group.py for tasks to queue
[2025-12-05T01:00:56.298+0000] {logging_mixin.py:117} INFO - [2025-12-05T01:00:56.298+0000] {dagbag.py:525} INFO - Filling up the DagBag from /home/airflow/.local/lib/python3.7/site-packages/airflow/example_dags/example_task_group.py
[2025-12-05T01:00:56.306+0000] {processor.py:768} INFO - DAG(s) dict_keys(['example_task_group']) retrieved from /home/airflow/.local/lib/python3.7/site-packages/airflow/example_dags/example_task_group.py
[2025-12-05T01:00:56.328+0000] {logging_mixin.py:117} INFO - [2025-12-05T01:00:56.328+0000] {dag.py:2573} INFO - Sync 1 DAGs
[2025-12-05T01:00:56.339+0000] {logging_mixin.py:117} INFO - [2025-12-05T01:00:56.339+0000] {dag.py:3328} INFO - Setting next_dagrun for example_task_group to 2025-12-04T01:00:56.339585+00:00, run_after=2025-12-05T01:00:56.339585+00:00
[2025-12-05T01:00:56.351+0000] {processor.py:178} INFO - Processing /home/airflow/.local/lib/python3.7/site-packages/airflow/example_dags/example_task_group.py took 0.057 seconds
[2025-12-05T01:01:26.773+0000] {processor.py:156} INFO - Started process (PID=6227) to work on /home/airflow/.local/lib/python3.7/site-packages/airflow/example_dags/example_task_group.py
[2025-12-05T01:01:26.774+0000] {processor.py:758} INFO - Processing file /home/airflow/.local/lib/python3.7/site-packages/airflow/example_dags/example_task_group.py for tasks to queue
[2025-12-05T01:01:26.774+0000] {logging_mixin.py:117} INFO - [2025-12-05T01:01:26.774+0000] {dagbag.py:525} INFO - Filling up the DagBag from /home/airflow/.local/lib/python3.7/site-packages/airflow/example_dags/example_task_group.py
[2025-12-05T01:01:26.784+0000] {processor.py:768} INFO - DAG(s) dict_keys(['example_task_group']) retrieved from /home/airflow/.local/lib/python3.7/site-packages/airflow/example_dags/example_task_group.py
[2025-12-05T01:01:26.807+0000] {logging_mixin.py:117} INFO - [2025-12-05T01:01:26.807+0000] {dag.py:2573} INFO - Sync 1 DAGs
[2025-12-05T01:01:26.820+0000] {logging_mixin.py:117} INFO - [2025-12-05T01:01:26.820+0000] {dag.py:3328} INFO - Setting next_dagrun for example_task_group to 2025-12-04T01:01:26.819565+00:00, run_after=2025-12-05T01:01:26.819565+00:00
[2025-12-05T01:01:26.829+0000] {processor.py:178} INFO - Processing /home/airflow/.local/lib/python3.7/site-packages/airflow/example_dags/example_task_group.py took 0.058 seconds
[2025-12-05T01:01:57.900+0000] {processor.py:156} INFO - Started process (PID=6428) to work on /home/airflow/.local/lib/python3.7/site-packages/airflow/example_dags/example_task_group.py
[2025-12-05T01:01:57.901+0000] {processor.py:758} INFO - Processing file /home/airflow/.local/lib/python3.7/site-packages/airflow/example_dags/example_task_group.py for tasks to queue
[2025-12-05T01:01:57.902+0000] {logging_mixin.py:117} INFO - [2025-12-05T01:01:57.902+0000] {dagbag.py:525} INFO - Filling up the DagBag from /home/airflow/.local/lib/python3.7/site-packages/airflow/example_dags/example_task_group.py
[2025-12-05T01:01:57.910+0000] {processor.py:768} INFO - DAG(s) dict_keys(['example_task_group']) retrieved from /home/airflow/.local/lib/python3.7/site-packages/airflow/example_dags/example_task_group.py
[2025-12-05T01:01:57.932+0000] {logging_mixin.py:117} INFO - [2025-12-05T01:01:57.932+0000] {dag.py:2573} INFO - Sync 1 DAGs
[2025-12-05T01:01:57.944+0000] {logging_mixin.py:117} INFO - [2025-12-05T01:01:57.944+0000] {dag.py:3328} INFO - Setting next_dagrun for example_task_group to 2025-12-04T01:01:57.944387+00:00, run_after=2025-12-05T01:01:57.944387+00:00
[2025-12-05T01:01:57.953+0000] {processor.py:178} INFO - Processing /home/airflow/.local/lib/python3.7/site-packages/airflow/example_dags/example_task_group.py took 0.054 seconds
[2025-12-05T01:02:28.729+0000] {processor.py:156} INFO - Started process (PID=6631) to work on /home/airflow/.local/lib/python3.7/site-packages/airflow/example_dags/example_task_group.py
[2025-12-05T01:02:28.730+0000] {processor.py:758} INFO - Processing file /home/airflow/.local/lib/python3.7/site-packages/airflow/example_dags/example_task_group.py for tasks to queue
[2025-12-05T01:02:28.730+0000] {logging_mixin.py:117} INFO - [2025-12-05T01:02:28.730+0000] {dagbag.py:525} INFO - Filling up the DagBag from /home/airflow/.local/lib/python3.7/site-packages/airflow/example_dags/example_task_group.py
[2025-12-05T01:02:28.739+0000] {processor.py:768} INFO - DAG(s) dict_keys(['example_task_group']) retrieved from /home/airflow/.local/lib/python3.7/site-packages/airflow/example_dags/example_task_group.py
[2025-12-05T01:02:28.758+0000] {logging_mixin.py:117} INFO - [2025-12-05T01:02:28.758+0000] {dag.py:2573} INFO - Sync 1 DAGs
[2025-12-05T01:02:28.770+0000] {logging_mixin.py:117} INFO - [2025-12-05T01:02:28.770+0000] {dag.py:3328} INFO - Setting next_dagrun for example_task_group to 2025-12-04T01:02:28.770147+00:00, run_after=2025-12-05T01:02:28.770147+00:00
[2025-12-05T01:02:28.778+0000] {processor.py:178} INFO - Processing /home/airflow/.local/lib/python3.7/site-packages/airflow/example_dags/example_task_group.py took 0.050 seconds
[2025-12-05T01:02:58.947+0000] {processor.py:156} INFO - Started process (PID=6832) to work on /home/airflow/.local/lib/python3.7/site-packages/airflow/example_dags/example_task_group.py
[2025-12-05T01:02:58.947+0000] {processor.py:758} INFO - Processing file /home/airflow/.local/lib/python3.7/site-packages/airflow/example_dags/example_task_group.py for tasks to queue
[2025-12-05T01:02:58.948+0000] {logging_mixin.py:117} INFO - [2025-12-05T01:02:58.948+0000] {dagbag.py:525} INFO - Filling up the DagBag from /home/airflow/.local/lib/python3.7/site-packages/airflow/example_dags/example_task_group.py
[2025-12-05T01:02:58.955+0000] {processor.py:768} INFO - DAG(s) dict_keys(['example_task_group']) retrieved from /home/airflow/.local/lib/python3.7/site-packages/airflow/example_dags/example_task_group.py
[2025-12-05T01:02:58.973+0000] {logging_mixin.py:117} INFO - [2025-12-05T01:02:58.973+0000] {dag.py:2573} INFO - Sync 1 DAGs
[2025-12-05T01:02:58.983+0000] {logging_mixin.py:117} INFO - [2025-12-05T01:02:58.983+0000] {dag.py:3328} INFO - Setting next_dagrun for example_task_group to 2025-12-04T01:02:58.983683+00:00, run_after=2025-12-05T01:02:58.983683+00:00
[2025-12-05T01:02:58.991+0000] {processor.py:178} INFO - Processing /home/airflow/.local/lib/python3.7/site-packages/airflow/example_dags/example_task_group.py took 0.046 seconds
[2025-12-05T01:03:29.929+0000] {processor.py:156} INFO - Started process (PID=7033) to work on /home/airflow/.local/lib/python3.7/site-packages/airflow/example_dags/example_task_group.py
[2025-12-05T01:03:29.929+0000] {processor.py:758} INFO - Processing file /home/airflow/.local/lib/python3.7/site-packages/airflow/example_dags/example_task_group.py for tasks to queue
[2025-12-05T01:03:29.930+0000] {logging_mixin.py:117} INFO - [2025-12-05T01:03:29.930+0000] {dagbag.py:525} INFO - Filling up the DagBag from /home/airflow/.local/lib/python3.7/site-packages/airflow/example_dags/example_task_group.py
[2025-12-05T01:03:29.938+0000] {processor.py:768} INFO - DAG(s) dict_keys(['example_task_group']) retrieved from /home/airflow/.local/lib/python3.7/site-packages/airflow/example_dags/example_task_group.py
[2025-12-05T01:03:29.956+0000] {logging_mixin.py:117} INFO - [2025-12-05T01:03:29.956+0000] {dag.py:2573} INFO - Sync 1 DAGs
[2025-12-05T01:03:29.966+0000] {logging_mixin.py:117} INFO - [2025-12-05T01:03:29.966+0000] {dag.py:3328} INFO - Setting next_dagrun for example_task_group to 2025-12-04T01:03:29.966172+00:00, run_after=2025-12-05T01:03:29.966172+00:00
[2025-12-05T01:03:29.973+0000] {processor.py:178} INFO - Processing /home/airflow/.local/lib/python3.7/site-packages/airflow/example_dags/example_task_group.py took 0.047 seconds
[2025-12-05T01:04:00.923+0000] {processor.py:156} INFO - Started process (PID=7233) to work on /home/airflow/.local/lib/python3.7/site-packages/airflow/example_dags/example_task_group.py
[2025-12-05T01:04:00.923+0000] {processor.py:758} INFO - Processing file /home/airflow/.local/lib/python3.7/site-packages/airflow/example_dags/example_task_group.py for tasks to queue
[2025-12-05T01:04:00.924+0000] {logging_mixin.py:117} INFO - [2025-12-05T01:04:00.924+0000] {dagbag.py:525} INFO - Filling up the DagBag from /home/airflow/.local/lib/python3.7/site-packages/airflow/example_dags/example_task_group.py
[2025-12-05T01:04:00.931+0000] {processor.py:768} INFO - DAG(s) dict_keys(['example_task_group']) retrieved from /home/airflow/.local/lib/python3.7/site-packages/airflow/example_dags/example_task_group.py
[2025-12-05T01:04:00.950+0000] {logging_mixin.py:117} INFO - [2025-12-05T01:04:00.950+0000] {dag.py:2573} INFO - Sync 1 DAGs
[2025-12-05T01:04:00.961+0000] {logging_mixin.py:117} INFO - [2025-12-05T01:04:00.961+0000] {dag.py:3328} INFO - Setting next_dagrun for example_task_group to 2025-12-04T01:04:00.961618+00:00, run_after=2025-12-05T01:04:00.961618+00:00
[2025-12-05T01:04:00.969+0000] {processor.py:178} INFO - Processing /home/airflow/.local/lib/python3.7/site-packages/airflow/example_dags/example_task_group.py took 0.048 seconds
[2025-12-05T01:04:31.610+0000] {processor.py:156} INFO - Started process (PID=7432) to work on /home/airflow/.local/lib/python3.7/site-packages/airflow/example_dags/example_task_group.py
[2025-12-05T01:04:31.611+0000] {processor.py:758} INFO - Processing file /home/airflow/.local/lib/python3.7/site-packages/airflow/example_dags/example_task_group.py for tasks to queue
[2025-12-05T01:04:31.612+0000] {logging_mixin.py:117} INFO - [2025-12-05T01:04:31.612+0000] {dagbag.py:525} INFO - Filling up the DagBag from /home/airflow/.local/lib/python3.7/site-packages/airflow/example_dags/example_task_group.py
[2025-12-05T01:04:31.621+0000] {processor.py:768} INFO - DAG(s) dict_keys(['example_task_group']) retrieved from /home/airflow/.local/lib/python3.7/site-packages/airflow/example_dags/example_task_group.py
[2025-12-05T01:04:31.641+0000] {logging_mixin.py:117} INFO - [2025-12-05T01:04:31.641+0000] {dag.py:2573} INFO - Sync 1 DAGs
[2025-12-05T01:04:31.653+0000] {logging_mixin.py:117} INFO - [2025-12-05T01:04:31.653+0000] {dag.py:3328} INFO - Setting next_dagrun for example_task_group to 2025-12-04T01:04:31.652971+00:00, run_after=2025-12-05T01:04:31.652971+00:00
[2025-12-05T01:04:31.661+0000] {processor.py:178} INFO - Processing /home/airflow/.local/lib/python3.7/site-packages/airflow/example_dags/example_task_group.py took 0.052 seconds
[2025-12-05T01:05:02.362+0000] {processor.py:156} INFO - Started process (PID=7633) to work on /home/airflow/.local/lib/python3.7/site-packages/airflow/example_dags/example_task_group.py
[2025-12-05T01:05:02.363+0000] {processor.py:758} INFO - Processing file /home/airflow/.local/lib/python3.7/site-packages/airflow/example_dags/example_task_group.py for tasks to queue
[2025-12-05T01:05:02.363+0000] {logging_mixin.py:117} INFO - [2025-12-05T01:05:02.363+0000] {dagbag.py:525} INFO - Filling up the DagBag from /home/airflow/.local/lib/python3.7/site-packages/airflow/example_dags/example_task_group.py
[2025-12-05T01:05:02.372+0000] {processor.py:768} INFO - DAG(s) dict_keys(['example_task_group']) retrieved from /home/airflow/.local/lib/python3.7/site-packages/airflow/example_dags/example_task_group.py
[2025-12-05T01:05:02.392+0000] {logging_mixin.py:117} INFO - [2025-12-05T01:05:02.392+0000] {dag.py:2573} INFO - Sync 1 DAGs
[2025-12-05T01:05:02.409+0000] {logging_mixin.py:117} INFO - [2025-12-05T01:05:02.409+0000] {dag.py:3328} INFO - Setting next_dagrun for example_task_group to 2025-12-04T01:05:02.408387+00:00, run_after=2025-12-05T01:05:02.408387+00:00
[2025-12-05T01:05:02.423+0000] {processor.py:178} INFO - Processing /home/airflow/.local/lib/python3.7/site-packages/airflow/example_dags/example_task_group.py took 0.063 seconds
[2025-12-05T01:05:33.192+0000] {processor.py:156} INFO - Started process (PID=7834) to work on /home/airflow/.local/lib/python3.7/site-packages/airflow/example_dags/example_task_group.py
[2025-12-05T01:05:33.196+0000] {processor.py:758} INFO - Processing file /home/airflow/.local/lib/python3.7/site-packages/airflow/example_dags/example_task_group.py for tasks to queue
[2025-12-05T01:05:33.196+0000] {logging_mixin.py:117} INFO - [2025-12-05T01:05:33.196+0000] {dagbag.py:525} INFO - Filling up the DagBag from /home/airflow/.local/lib/python3.7/site-packages/airflow/example_dags/example_task_group.py
[2025-12-05T01:05:33.206+0000] {processor.py:768} INFO - DAG(s) dict_keys(['example_task_group']) retrieved from /home/airflow/.local/lib/python3.7/site-packages/airflow/example_dags/example_task_group.py
[2025-12-05T01:05:33.225+0000] {logging_mixin.py:117} INFO - [2025-12-05T01:05:33.225+0000] {dag.py:2573} INFO - Sync 1 DAGs
[2025-12-05T01:05:33.239+0000] {logging_mixin.py:117} INFO - [2025-12-05T01:05:33.239+0000] {dag.py:3328} INFO - Setting next_dagrun for example_task_group to 2025-12-04T01:05:33.239229+00:00, run_after=2025-12-05T01:05:33.239229+00:00
[2025-12-05T01:05:33.247+0000] {processor.py:178} INFO - Processing /home/airflow/.local/lib/python3.7/site-packages/airflow/example_dags/example_task_group.py took 0.059 seconds
[2025-12-05T01:06:04.205+0000] {processor.py:156} INFO - Started process (PID=8035) to work on /home/airflow/.local/lib/python3.7/site-packages/airflow/example_dags/example_task_group.py
[2025-12-05T01:06:04.205+0000] {processor.py:758} INFO - Processing file /home/airflow/.local/lib/python3.7/site-packages/airflow/example_dags/example_task_group.py for tasks to queue
[2025-12-05T01:06:04.206+0000] {logging_mixin.py:117} INFO - [2025-12-05T01:06:04.206+0000] {dagbag.py:525} INFO - Filling up the DagBag from /home/airflow/.local/lib/python3.7/site-packages/airflow/example_dags/example_task_group.py
[2025-12-05T01:06:04.215+0000] {processor.py:768} INFO - DAG(s) dict_keys(['example_task_group']) retrieved from /home/airflow/.local/lib/python3.7/site-packages/airflow/example_dags/example_task_group.py
[2025-12-05T01:06:04.238+0000] {logging_mixin.py:117} INFO - [2025-12-05T01:06:04.238+0000] {dag.py:2573} INFO - Sync 1 DAGs
[2025-12-05T01:06:04.251+0000] {logging_mixin.py:117} INFO - [2025-12-05T01:06:04.251+0000] {dag.py:3328} INFO - Setting next_dagrun for example_task_group to 2025-12-04T01:06:04.251358+00:00, run_after=2025-12-05T01:06:04.251358+00:00
[2025-12-05T01:06:04.263+0000] {processor.py:178} INFO - Processing /home/airflow/.local/lib/python3.7/site-packages/airflow/example_dags/example_task_group.py took 0.060 seconds
[2025-12-05T01:06:35.129+0000] {processor.py:156} INFO - Started process (PID=8236) to work on /home/airflow/.local/lib/python3.7/site-packages/airflow/example_dags/example_task_group.py
[2025-12-05T01:06:35.131+0000] {processor.py:758} INFO - Processing file /home/airflow/.local/lib/python3.7/site-packages/airflow/example_dags/example_task_group.py for tasks to queue
[2025-12-05T01:06:35.132+0000] {logging_mixin.py:117} INFO - [2025-12-05T01:06:35.132+0000] {dagbag.py:525} INFO - Filling up the DagBag from /home/airflow/.local/lib/python3.7/site-packages/airflow/example_dags/example_task_group.py
[2025-12-05T01:06:35.142+0000] {processor.py:768} INFO - DAG(s) dict_keys(['example_task_group']) retrieved from /home/airflow/.local/lib/python3.7/site-packages/airflow/example_dags/example_task_group.py
[2025-12-05T01:06:35.166+0000] {logging_mixin.py:117} INFO - [2025-12-05T01:06:35.166+0000] {dag.py:2573} INFO - Sync 1 DAGs
[2025-12-05T01:06:35.183+0000] {logging_mixin.py:117} INFO - [2025-12-05T01:06:35.183+0000] {dag.py:3328} INFO - Setting next_dagrun for example_task_group to 2025-12-04T01:06:35.183326+00:00, run_after=2025-12-05T01:06:35.183326+00:00
[2025-12-05T01:06:35.195+0000] {processor.py:178} INFO - Processing /home/airflow/.local/lib/python3.7/site-packages/airflow/example_dags/example_task_group.py took 0.070 seconds
[2025-12-05T01:07:05.589+0000] {processor.py:156} INFO - Started process (PID=8437) to work on /home/airflow/.local/lib/python3.7/site-packages/airflow/example_dags/example_task_group.py
[2025-12-05T01:07:05.591+0000] {processor.py:758} INFO - Processing file /home/airflow/.local/lib/python3.7/site-packages/airflow/example_dags/example_task_group.py for tasks to queue
[2025-12-05T01:07:05.593+0000] {logging_mixin.py:117} INFO - [2025-12-05T01:07:05.593+0000] {dagbag.py:525} INFO - Filling up the DagBag from /home/airflow/.local/lib/python3.7/site-packages/airflow/example_dags/example_task_group.py
[2025-12-05T01:07:05.606+0000] {processor.py:768} INFO - DAG(s) dict_keys(['example_task_group']) retrieved from /home/airflow/.local/lib/python3.7/site-packages/airflow/example_dags/example_task_group.py
[2025-12-05T01:07:05.693+0000] {logging_mixin.py:117} INFO - [2025-12-05T01:07:05.693+0000] {dag.py:2573} INFO - Sync 1 DAGs
[2025-12-05T01:07:05.715+0000] {logging_mixin.py:117} INFO - [2025-12-05T01:07:05.715+0000] {dag.py:3328} INFO - Setting next_dagrun for example_task_group to 2025-12-04T01:07:05.715388+00:00, run_after=2025-12-05T01:07:05.715388+00:00
[2025-12-05T01:07:05.734+0000] {processor.py:178} INFO - Processing /home/airflow/.local/lib/python3.7/site-packages/airflow/example_dags/example_task_group.py took 0.151 seconds
[2025-12-05T01:07:36.049+0000] {processor.py:156} INFO - Started process (PID=8640) to work on /home/airflow/.local/lib/python3.7/site-packages/airflow/example_dags/example_task_group.py
[2025-12-05T01:07:36.049+0000] {processor.py:758} INFO - Processing file /home/airflow/.local/lib/python3.7/site-packages/airflow/example_dags/example_task_group.py for tasks to queue
[2025-12-05T01:07:36.050+0000] {logging_mixin.py:117} INFO - [2025-12-05T01:07:36.050+0000] {dagbag.py:525} INFO - Filling up the DagBag from /home/airflow/.local/lib/python3.7/site-packages/airflow/example_dags/example_task_group.py
[2025-12-05T01:07:36.057+0000] {processor.py:768} INFO - DAG(s) dict_keys(['example_task_group']) retrieved from /home/airflow/.local/lib/python3.7/site-packages/airflow/example_dags/example_task_group.py
[2025-12-05T01:07:36.075+0000] {logging_mixin.py:117} INFO - [2025-12-05T01:07:36.075+0000] {dag.py:2573} INFO - Sync 1 DAGs
[2025-12-05T01:07:36.086+0000] {logging_mixin.py:117} INFO - [2025-12-05T01:07:36.086+0000] {dag.py:3328} INFO - Setting next_dagrun for example_task_group to 2025-12-04T01:07:36.086126+00:00, run_after=2025-12-05T01:07:36.086126+00:00
[2025-12-05T01:07:36.094+0000] {processor.py:178} INFO - Processing /home/airflow/.local/lib/python3.7/site-packages/airflow/example_dags/example_task_group.py took 0.047 seconds
[2025-12-05T01:08:06.435+0000] {processor.py:156} INFO - Started process (PID=8841) to work on /home/airflow/.local/lib/python3.7/site-packages/airflow/example_dags/example_task_group.py
[2025-12-05T01:08:06.436+0000] {processor.py:758} INFO - Processing file /home/airflow/.local/lib/python3.7/site-packages/airflow/example_dags/example_task_group.py for tasks to queue
[2025-12-05T01:08:06.436+0000] {logging_mixin.py:117} INFO - [2025-12-05T01:08:06.436+0000] {dagbag.py:525} INFO - Filling up the DagBag from /home/airflow/.local/lib/python3.7/site-packages/airflow/example_dags/example_task_group.py
[2025-12-05T01:08:06.444+0000] {processor.py:768} INFO - DAG(s) dict_keys(['example_task_group']) retrieved from /home/airflow/.local/lib/python3.7/site-packages/airflow/example_dags/example_task_group.py
[2025-12-05T01:08:06.467+0000] {logging_mixin.py:117} INFO - [2025-12-05T01:08:06.467+0000] {dag.py:2573} INFO - Sync 1 DAGs
[2025-12-05T01:08:06.480+0000] {logging_mixin.py:117} INFO - [2025-12-05T01:08:06.479+0000] {dag.py:3328} INFO - Setting next_dagrun for example_task_group to 2025-12-04T01:08:06.479843+00:00, run_after=2025-12-05T01:08:06.479843+00:00
[2025-12-05T01:08:06.489+0000] {processor.py:178} INFO - Processing /home/airflow/.local/lib/python3.7/site-packages/airflow/example_dags/example_task_group.py took 0.056 seconds
[2025-12-05T01:08:36.801+0000] {processor.py:156} INFO - Started process (PID=9040) to work on /home/airflow/.local/lib/python3.7/site-packages/airflow/example_dags/example_task_group.py
[2025-12-05T01:08:36.803+0000] {processor.py:758} INFO - Processing file /home/airflow/.local/lib/python3.7/site-packages/airflow/example_dags/example_task_group.py for tasks to queue
[2025-12-05T01:08:36.805+0000] {logging_mixin.py:117} INFO - [2025-12-05T01:08:36.805+0000] {dagbag.py:525} INFO - Filling up the DagBag from /home/airflow/.local/lib/python3.7/site-packages/airflow/example_dags/example_task_group.py
[2025-12-05T01:08:36.823+0000] {processor.py:768} INFO - DAG(s) dict_keys(['example_task_group']) retrieved from /home/airflow/.local/lib/python3.7/site-packages/airflow/example_dags/example_task_group.py
[2025-12-05T01:08:36.851+0000] {logging_mixin.py:117} INFO - [2025-12-05T01:08:36.851+0000] {dag.py:2573} INFO - Sync 1 DAGs
[2025-12-05T01:08:36.868+0000] {logging_mixin.py:117} INFO - [2025-12-05T01:08:36.868+0000] {dag.py:3328} INFO - Setting next_dagrun for example_task_group to 2025-12-04T01:08:36.868056+00:00, run_after=2025-12-05T01:08:36.868056+00:00
[2025-12-05T01:08:36.879+0000] {processor.py:178} INFO - Processing /home/airflow/.local/lib/python3.7/site-packages/airflow/example_dags/example_task_group.py took 0.081 seconds
[2025-12-05T01:09:07.047+0000] {processor.py:156} INFO - Started process (PID=9241) to work on /home/airflow/.local/lib/python3.7/site-packages/airflow/example_dags/example_task_group.py
[2025-12-05T01:09:07.049+0000] {processor.py:758} INFO - Processing file /home/airflow/.local/lib/python3.7/site-packages/airflow/example_dags/example_task_group.py for tasks to queue
[2025-12-05T01:09:07.049+0000] {logging_mixin.py:117} INFO - [2025-12-05T01:09:07.049+0000] {dagbag.py:525} INFO - Filling up the DagBag from /home/airflow/.local/lib/python3.7/site-packages/airflow/example_dags/example_task_group.py
[2025-12-05T01:09:07.058+0000] {processor.py:768} INFO - DAG(s) dict_keys(['example_task_group']) retrieved from /home/airflow/.local/lib/python3.7/site-packages/airflow/example_dags/example_task_group.py
[2025-12-05T01:09:07.081+0000] {logging_mixin.py:117} INFO - [2025-12-05T01:09:07.081+0000] {dag.py:2573} INFO - Sync 1 DAGs
[2025-12-05T01:09:07.095+0000] {logging_mixin.py:117} INFO - [2025-12-05T01:09:07.095+0000] {dag.py:3328} INFO - Setting next_dagrun for example_task_group to 2025-12-04T01:09:07.094853+00:00, run_after=2025-12-05T01:09:07.094853+00:00
[2025-12-05T01:09:07.106+0000] {processor.py:178} INFO - Processing /home/airflow/.local/lib/python3.7/site-packages/airflow/example_dags/example_task_group.py took 0.061 seconds
[2025-12-05T01:09:37.218+0000] {processor.py:156} INFO - Started process (PID=9442) to work on /home/airflow/.local/lib/python3.7/site-packages/airflow/example_dags/example_task_group.py
[2025-12-05T01:09:37.222+0000] {processor.py:758} INFO - Processing file /home/airflow/.local/lib/python3.7/site-packages/airflow/example_dags/example_task_group.py for tasks to queue
[2025-12-05T01:09:37.223+0000] {logging_mixin.py:117} INFO - [2025-12-05T01:09:37.223+0000] {dagbag.py:525} INFO - Filling up the DagBag from /home/airflow/.local/lib/python3.7/site-packages/airflow/example_dags/example_task_group.py
[2025-12-05T01:09:37.248+0000] {processor.py:768} INFO - DAG(s) dict_keys(['example_task_group']) retrieved from /home/airflow/.local/lib/python3.7/site-packages/airflow/example_dags/example_task_group.py
[2025-12-05T01:09:37.282+0000] {logging_mixin.py:117} INFO - [2025-12-05T01:09:37.282+0000] {dag.py:2573} INFO - Sync 1 DAGs
[2025-12-05T01:09:37.295+0000] {logging_mixin.py:117} INFO - [2025-12-05T01:09:37.295+0000] {dag.py:3328} INFO - Setting next_dagrun for example_task_group to 2025-12-04T01:09:37.295001+00:00, run_after=2025-12-05T01:09:37.295001+00:00
[2025-12-05T01:09:37.305+0000] {processor.py:178} INFO - Processing /home/airflow/.local/lib/python3.7/site-packages/airflow/example_dags/example_task_group.py took 0.090 seconds
[2025-12-05T01:10:08.376+0000] {processor.py:156} INFO - Started process (PID=9643) to work on /home/airflow/.local/lib/python3.7/site-packages/airflow/example_dags/example_task_group.py
[2025-12-05T01:10:08.380+0000] {processor.py:758} INFO - Processing file /home/airflow/.local/lib/python3.7/site-packages/airflow/example_dags/example_task_group.py for tasks to queue
[2025-12-05T01:10:08.380+0000] {logging_mixin.py:117} INFO - [2025-12-05T01:10:08.380+0000] {dagbag.py:525} INFO - Filling up the DagBag from /home/airflow/.local/lib/python3.7/site-packages/airflow/example_dags/example_task_group.py
[2025-12-05T01:10:08.388+0000] {processor.py:768} INFO - DAG(s) dict_keys(['example_task_group']) retrieved from /home/airflow/.local/lib/python3.7/site-packages/airflow/example_dags/example_task_group.py
[2025-12-05T01:10:08.410+0000] {logging_mixin.py:117} INFO - [2025-12-05T01:10:08.410+0000] {dag.py:2573} INFO - Sync 1 DAGs
[2025-12-05T01:10:08.425+0000] {logging_mixin.py:117} INFO - [2025-12-05T01:10:08.425+0000] {dag.py:3328} INFO - Setting next_dagrun for example_task_group to 2025-12-04T01:10:08.425058+00:00, run_after=2025-12-05T01:10:08.425058+00:00
[2025-12-05T01:10:08.437+0000] {processor.py:178} INFO - Processing /home/airflow/.local/lib/python3.7/site-packages/airflow/example_dags/example_task_group.py took 0.064 seconds
[2025-12-05T01:10:39.358+0000] {processor.py:156} INFO - Started process (PID=9844) to work on /home/airflow/.local/lib/python3.7/site-packages/airflow/example_dags/example_task_group.py
[2025-12-05T01:10:39.360+0000] {processor.py:758} INFO - Processing file /home/airflow/.local/lib/python3.7/site-packages/airflow/example_dags/example_task_group.py for tasks to queue
[2025-12-05T01:10:39.360+0000] {logging_mixin.py:117} INFO - [2025-12-05T01:10:39.360+0000] {dagbag.py:525} INFO - Filling up the DagBag from /home/airflow/.local/lib/python3.7/site-packages/airflow/example_dags/example_task_group.py
[2025-12-05T01:10:39.368+0000] {processor.py:768} INFO - DAG(s) dict_keys(['example_task_group']) retrieved from /home/airflow/.local/lib/python3.7/site-packages/airflow/example_dags/example_task_group.py
[2025-12-05T01:10:39.387+0000] {logging_mixin.py:117} INFO - [2025-12-05T01:10:39.387+0000] {dag.py:2573} INFO - Sync 1 DAGs
[2025-12-05T01:10:39.401+0000] {logging_mixin.py:117} INFO - [2025-12-05T01:10:39.401+0000] {dag.py:3328} INFO - Setting next_dagrun for example_task_group to 2025-12-04T01:10:39.401537+00:00, run_after=2025-12-05T01:10:39.401537+00:00
[2025-12-05T01:10:39.409+0000] {processor.py:178} INFO - Processing /home/airflow/.local/lib/python3.7/site-packages/airflow/example_dags/example_task_group.py took 0.053 seconds
[2025-12-05T01:11:10.160+0000] {processor.py:156} INFO - Started process (PID=10045) to work on /home/airflow/.local/lib/python3.7/site-packages/airflow/example_dags/example_task_group.py
[2025-12-05T01:11:10.161+0000] {processor.py:758} INFO - Processing file /home/airflow/.local/lib/python3.7/site-packages/airflow/example_dags/example_task_group.py for tasks to queue
[2025-12-05T01:11:10.161+0000] {logging_mixin.py:117} INFO - [2025-12-05T01:11:10.161+0000] {dagbag.py:525} INFO - Filling up the DagBag from /home/airflow/.local/lib/python3.7/site-packages/airflow/example_dags/example_task_group.py
[2025-12-05T01:11:10.171+0000] {processor.py:768} INFO - DAG(s) dict_keys(['example_task_group']) retrieved from /home/airflow/.local/lib/python3.7/site-packages/airflow/example_dags/example_task_group.py
[2025-12-05T01:11:10.194+0000] {logging_mixin.py:117} INFO - [2025-12-05T01:11:10.194+0000] {dag.py:2573} INFO - Sync 1 DAGs
[2025-12-05T01:11:10.208+0000] {logging_mixin.py:117} INFO - [2025-12-05T01:11:10.208+0000] {dag.py:3328} INFO - Setting next_dagrun for example_task_group to 2025-12-04T01:11:10.207964+00:00, run_after=2025-12-05T01:11:10.207964+00:00
[2025-12-05T01:11:10.217+0000] {processor.py:178} INFO - Processing /home/airflow/.local/lib/python3.7/site-packages/airflow/example_dags/example_task_group.py took 0.060 seconds
[2025-12-05T01:11:40.987+0000] {processor.py:156} INFO - Started process (PID=10252) to work on /home/airflow/.local/lib/python3.7/site-packages/airflow/example_dags/example_task_group.py
[2025-12-05T01:11:40.988+0000] {processor.py:758} INFO - Processing file /home/airflow/.local/lib/python3.7/site-packages/airflow/example_dags/example_task_group.py for tasks to queue
[2025-12-05T01:11:40.988+0000] {logging_mixin.py:117} INFO - [2025-12-05T01:11:40.988+0000] {dagbag.py:525} INFO - Filling up the DagBag from /home/airflow/.local/lib/python3.7/site-packages/airflow/example_dags/example_task_group.py
[2025-12-05T01:11:40.998+0000] {processor.py:768} INFO - DAG(s) dict_keys(['example_task_group']) retrieved from /home/airflow/.local/lib/python3.7/site-packages/airflow/example_dags/example_task_group.py
[2025-12-05T01:11:41.019+0000] {logging_mixin.py:117} INFO - [2025-12-05T01:11:41.019+0000] {dag.py:2573} INFO - Sync 1 DAGs
[2025-12-05T01:11:41.031+0000] {logging_mixin.py:117} INFO - [2025-12-05T01:11:41.031+0000] {dag.py:3328} INFO - Setting next_dagrun for example_task_group to 2025-12-04T01:11:41.031351+00:00, run_after=2025-12-05T01:11:41.031351+00:00
[2025-12-05T01:11:41.045+0000] {processor.py:178} INFO - Processing /home/airflow/.local/lib/python3.7/site-packages/airflow/example_dags/example_task_group.py took 0.059 seconds
[2025-12-05T01:12:12.108+0000] {processor.py:156} INFO - Started process (PID=10452) to work on /home/airflow/.local/lib/python3.7/site-packages/airflow/example_dags/example_task_group.py
[2025-12-05T01:12:12.112+0000] {processor.py:758} INFO - Processing file /home/airflow/.local/lib/python3.7/site-packages/airflow/example_dags/example_task_group.py for tasks to queue
[2025-12-05T01:12:12.112+0000] {logging_mixin.py:117} INFO - [2025-12-05T01:12:12.112+0000] {dagbag.py:525} INFO - Filling up the DagBag from /home/airflow/.local/lib/python3.7/site-packages/airflow/example_dags/example_task_group.py
[2025-12-05T01:12:12.122+0000] {processor.py:768} INFO - DAG(s) dict_keys(['example_task_group']) retrieved from /home/airflow/.local/lib/python3.7/site-packages/airflow/example_dags/example_task_group.py
[2025-12-05T01:12:12.148+0000] {logging_mixin.py:117} INFO - [2025-12-05T01:12:12.148+0000] {dag.py:2573} INFO - Sync 1 DAGs
[2025-12-05T01:12:12.166+0000] {logging_mixin.py:117} INFO - [2025-12-05T01:12:12.166+0000] {dag.py:3328} INFO - Setting next_dagrun for example_task_group to 2025-12-04T01:12:12.166214+00:00, run_after=2025-12-05T01:12:12.166214+00:00
[2025-12-05T01:12:12.177+0000] {processor.py:178} INFO - Processing /home/airflow/.local/lib/python3.7/site-packages/airflow/example_dags/example_task_group.py took 0.070 seconds
[2025-12-05T01:12:42.379+0000] {processor.py:156} INFO - Started process (PID=10655) to work on /home/airflow/.local/lib/python3.7/site-packages/airflow/example_dags/example_task_group.py
[2025-12-05T01:12:42.379+0000] {processor.py:758} INFO - Processing file /home/airflow/.local/lib/python3.7/site-packages/airflow/example_dags/example_task_group.py for tasks to queue
[2025-12-05T01:12:42.380+0000] {logging_mixin.py:117} INFO - [2025-12-05T01:12:42.380+0000] {dagbag.py:525} INFO - Filling up the DagBag from /home/airflow/.local/lib/python3.7/site-packages/airflow/example_dags/example_task_group.py
[2025-12-05T01:12:42.388+0000] {processor.py:768} INFO - DAG(s) dict_keys(['example_task_group']) retrieved from /home/airflow/.local/lib/python3.7/site-packages/airflow/example_dags/example_task_group.py
[2025-12-05T01:12:42.405+0000] {logging_mixin.py:117} INFO - [2025-12-05T01:12:42.405+0000] {dag.py:2573} INFO - Sync 1 DAGs
[2025-12-05T01:12:42.418+0000] {logging_mixin.py:117} INFO - [2025-12-05T01:12:42.418+0000] {dag.py:3328} INFO - Setting next_dagrun for example_task_group to 2025-12-04T01:12:42.417805+00:00, run_after=2025-12-05T01:12:42.417805+00:00
[2025-12-05T01:12:42.430+0000] {processor.py:178} INFO - Processing /home/airflow/.local/lib/python3.7/site-packages/airflow/example_dags/example_task_group.py took 0.058 seconds
[2025-12-05T01:13:13.515+0000] {processor.py:156} INFO - Started process (PID=10856) to work on /home/airflow/.local/lib/python3.7/site-packages/airflow/example_dags/example_task_group.py
[2025-12-05T01:13:13.516+0000] {processor.py:758} INFO - Processing file /home/airflow/.local/lib/python3.7/site-packages/airflow/example_dags/example_task_group.py for tasks to queue
[2025-12-05T01:13:13.516+0000] {logging_mixin.py:117} INFO - [2025-12-05T01:13:13.516+0000] {dagbag.py:525} INFO - Filling up the DagBag from /home/airflow/.local/lib/python3.7/site-packages/airflow/example_dags/example_task_group.py
[2025-12-05T01:13:13.530+0000] {processor.py:768} INFO - DAG(s) dict_keys(['example_task_group']) retrieved from /home/airflow/.local/lib/python3.7/site-packages/airflow/example_dags/example_task_group.py
[2025-12-05T01:13:13.550+0000] {logging_mixin.py:117} INFO - [2025-12-05T01:13:13.550+0000] {dag.py:2573} INFO - Sync 1 DAGs
[2025-12-05T01:13:13.561+0000] {logging_mixin.py:117} INFO - [2025-12-05T01:13:13.561+0000] {dag.py:3328} INFO - Setting next_dagrun for example_task_group to 2025-12-04T01:13:13.560969+00:00, run_after=2025-12-05T01:13:13.560969+00:00
[2025-12-05T01:13:13.569+0000] {processor.py:178} INFO - Processing /home/airflow/.local/lib/python3.7/site-packages/airflow/example_dags/example_task_group.py took 0.056 seconds
[2025-12-05T01:13:43.960+0000] {processor.py:156} INFO - Started process (PID=11057) to work on /home/airflow/.local/lib/python3.7/site-packages/airflow/example_dags/example_task_group.py
[2025-12-05T01:13:43.960+0000] {processor.py:758} INFO - Processing file /home/airflow/.local/lib/python3.7/site-packages/airflow/example_dags/example_task_group.py for tasks to queue
[2025-12-05T01:13:43.961+0000] {logging_mixin.py:117} INFO - [2025-12-05T01:13:43.961+0000] {dagbag.py:525} INFO - Filling up the DagBag from /home/airflow/.local/lib/python3.7/site-packages/airflow/example_dags/example_task_group.py
[2025-12-05T01:13:43.969+0000] {processor.py:768} INFO - DAG(s) dict_keys(['example_task_group']) retrieved from /home/airflow/.local/lib/python3.7/site-packages/airflow/example_dags/example_task_group.py
[2025-12-05T01:13:43.988+0000] {logging_mixin.py:117} INFO - [2025-12-05T01:13:43.988+0000] {dag.py:2573} INFO - Sync 1 DAGs
[2025-12-05T01:13:43.999+0000] {logging_mixin.py:117} INFO - [2025-12-05T01:13:43.999+0000] {dag.py:3328} INFO - Setting next_dagrun for example_task_group to 2025-12-04T01:13:43.999041+00:00, run_after=2025-12-05T01:13:43.999041+00:00
[2025-12-05T01:13:44.006+0000] {processor.py:178} INFO - Processing /home/airflow/.local/lib/python3.7/site-packages/airflow/example_dags/example_task_group.py took 0.048 seconds
[2025-12-05T01:14:14.564+0000] {processor.py:156} INFO - Started process (PID=11258) to work on /home/airflow/.local/lib/python3.7/site-packages/airflow/example_dags/example_task_group.py
[2025-12-05T01:14:14.564+0000] {processor.py:758} INFO - Processing file /home/airflow/.local/lib/python3.7/site-packages/airflow/example_dags/example_task_group.py for tasks to queue
[2025-12-05T01:14:14.565+0000] {logging_mixin.py:117} INFO - [2025-12-05T01:14:14.565+0000] {dagbag.py:525} INFO - Filling up the DagBag from /home/airflow/.local/lib/python3.7/site-packages/airflow/example_dags/example_task_group.py
[2025-12-05T01:14:14.573+0000] {processor.py:768} INFO - DAG(s) dict_keys(['example_task_group']) retrieved from /home/airflow/.local/lib/python3.7/site-packages/airflow/example_dags/example_task_group.py
[2025-12-05T01:14:14.590+0000] {logging_mixin.py:117} INFO - [2025-12-05T01:14:14.590+0000] {dag.py:2573} INFO - Sync 1 DAGs
[2025-12-05T01:14:14.600+0000] {logging_mixin.py:117} INFO - [2025-12-05T01:14:14.600+0000] {dag.py:3328} INFO - Setting next_dagrun for example_task_group to 2025-12-04T01:14:14.600772+00:00, run_after=2025-12-05T01:14:14.600772+00:00
[2025-12-05T01:14:14.608+0000] {processor.py:178} INFO - Processing /home/airflow/.local/lib/python3.7/site-packages/airflow/example_dags/example_task_group.py took 0.046 seconds
[2025-12-05T01:14:44.804+0000] {processor.py:156} INFO - Started process (PID=11459) to work on /home/airflow/.local/lib/python3.7/site-packages/airflow/example_dags/example_task_group.py
[2025-12-05T01:14:44.805+0000] {processor.py:758} INFO - Processing file /home/airflow/.local/lib/python3.7/site-packages/airflow/example_dags/example_task_group.py for tasks to queue
[2025-12-05T01:14:44.805+0000] {logging_mixin.py:117} INFO - [2025-12-05T01:14:44.805+0000] {dagbag.py:525} INFO - Filling up the DagBag from /home/airflow/.local/lib/python3.7/site-packages/airflow/example_dags/example_task_group.py
[2025-12-05T01:14:44.812+0000] {processor.py:768} INFO - DAG(s) dict_keys(['example_task_group']) retrieved from /home/airflow/.local/lib/python3.7/site-packages/airflow/example_dags/example_task_group.py
[2025-12-05T01:14:44.830+0000] {logging_mixin.py:117} INFO - [2025-12-05T01:14:44.830+0000] {dag.py:2573} INFO - Sync 1 DAGs
[2025-12-05T01:14:44.841+0000] {logging_mixin.py:117} INFO - [2025-12-05T01:14:44.841+0000] {dag.py:3328} INFO - Setting next_dagrun for example_task_group to 2025-12-04T01:14:44.841148+00:00, run_after=2025-12-05T01:14:44.841148+00:00
[2025-12-05T01:14:44.851+0000] {processor.py:178} INFO - Processing /home/airflow/.local/lib/python3.7/site-packages/airflow/example_dags/example_task_group.py took 0.049 seconds
[2025-12-05T01:15:16.043+0000] {processor.py:156} INFO - Started process (PID=11659) to work on /home/airflow/.local/lib/python3.7/site-packages/airflow/example_dags/example_task_group.py
[2025-12-05T01:15:16.044+0000] {processor.py:758} INFO - Processing file /home/airflow/.local/lib/python3.7/site-packages/airflow/example_dags/example_task_group.py for tasks to queue
[2025-12-05T01:15:16.045+0000] {logging_mixin.py:117} INFO - [2025-12-05T01:15:16.044+0000] {dagbag.py:525} INFO - Filling up the DagBag from /home/airflow/.local/lib/python3.7/site-packages/airflow/example_dags/example_task_group.py
[2025-12-05T01:15:16.056+0000] {processor.py:768} INFO - DAG(s) dict_keys(['example_task_group']) retrieved from /home/airflow/.local/lib/python3.7/site-packages/airflow/example_dags/example_task_group.py
[2025-12-05T01:15:16.083+0000] {logging_mixin.py:117} INFO - [2025-12-05T01:15:16.083+0000] {dag.py:2573} INFO - Sync 1 DAGs
[2025-12-05T01:15:16.096+0000] {logging_mixin.py:117} INFO - [2025-12-05T01:15:16.096+0000] {dag.py:3328} INFO - Setting next_dagrun for example_task_group to 2025-12-04T01:15:16.096556+00:00, run_after=2025-12-05T01:15:16.096556+00:00
[2025-12-05T01:15:16.112+0000] {processor.py:178} INFO - Processing /home/airflow/.local/lib/python3.7/site-packages/airflow/example_dags/example_task_group.py took 0.070 seconds
[2025-12-05T01:15:46.404+0000] {processor.py:156} INFO - Started process (PID=11860) to work on /home/airflow/.local/lib/python3.7/site-packages/airflow/example_dags/example_task_group.py
[2025-12-05T01:15:46.408+0000] {processor.py:758} INFO - Processing file /home/airflow/.local/lib/python3.7/site-packages/airflow/example_dags/example_task_group.py for tasks to queue
[2025-12-05T01:15:46.408+0000] {logging_mixin.py:117} INFO - [2025-12-05T01:15:46.408+0000] {dagbag.py:525} INFO - Filling up the DagBag from /home/airflow/.local/lib/python3.7/site-packages/airflow/example_dags/example_task_group.py
[2025-12-05T01:15:46.423+0000] {processor.py:768} INFO - DAG(s) dict_keys(['example_task_group']) retrieved from /home/airflow/.local/lib/python3.7/site-packages/airflow/example_dags/example_task_group.py
[2025-12-05T01:15:46.445+0000] {logging_mixin.py:117} INFO - [2025-12-05T01:15:46.445+0000] {dag.py:2573} INFO - Sync 1 DAGs
[2025-12-05T01:15:46.459+0000] {logging_mixin.py:117} INFO - [2025-12-05T01:15:46.459+0000] {dag.py:3328} INFO - Setting next_dagrun for example_task_group to 2025-12-04T01:15:46.459449+00:00, run_after=2025-12-05T01:15:46.459449+00:00
[2025-12-05T01:15:46.473+0000] {processor.py:178} INFO - Processing /home/airflow/.local/lib/python3.7/site-packages/airflow/example_dags/example_task_group.py took 0.074 seconds
[2025-12-05T01:16:16.697+0000] {processor.py:156} INFO - Started process (PID=12066) to work on /home/airflow/.local/lib/python3.7/site-packages/airflow/example_dags/example_task_group.py
[2025-12-05T01:16:16.698+0000] {processor.py:758} INFO - Processing file /home/airflow/.local/lib/python3.7/site-packages/airflow/example_dags/example_task_group.py for tasks to queue
[2025-12-05T01:16:16.698+0000] {logging_mixin.py:117} INFO - [2025-12-05T01:16:16.698+0000] {dagbag.py:525} INFO - Filling up the DagBag from /home/airflow/.local/lib/python3.7/site-packages/airflow/example_dags/example_task_group.py
[2025-12-05T01:16:16.709+0000] {processor.py:768} INFO - DAG(s) dict_keys(['example_task_group']) retrieved from /home/airflow/.local/lib/python3.7/site-packages/airflow/example_dags/example_task_group.py
[2025-12-05T01:16:16.731+0000] {logging_mixin.py:117} INFO - [2025-12-05T01:16:16.731+0000] {dag.py:2573} INFO - Sync 1 DAGs
[2025-12-05T01:16:16.744+0000] {logging_mixin.py:117} INFO - [2025-12-05T01:16:16.744+0000] {dag.py:3328} INFO - Setting next_dagrun for example_task_group to 2025-12-04T01:16:16.744524+00:00, run_after=2025-12-05T01:16:16.744524+00:00
[2025-12-05T01:16:16.753+0000] {processor.py:178} INFO - Processing /home/airflow/.local/lib/python3.7/site-packages/airflow/example_dags/example_task_group.py took 0.059 seconds
[2025-12-05T01:16:46.964+0000] {processor.py:156} INFO - Started process (PID=12279) to work on /home/airflow/.local/lib/python3.7/site-packages/airflow/example_dags/example_task_group.py
[2025-12-05T01:16:46.964+0000] {processor.py:758} INFO - Processing file /home/airflow/.local/lib/python3.7/site-packages/airflow/example_dags/example_task_group.py for tasks to queue
[2025-12-05T01:16:46.965+0000] {logging_mixin.py:117} INFO - [2025-12-05T01:16:46.965+0000] {dagbag.py:525} INFO - Filling up the DagBag from /home/airflow/.local/lib/python3.7/site-packages/airflow/example_dags/example_task_group.py
[2025-12-05T01:16:46.973+0000] {processor.py:768} INFO - DAG(s) dict_keys(['example_task_group']) retrieved from /home/airflow/.local/lib/python3.7/site-packages/airflow/example_dags/example_task_group.py
[2025-12-05T01:16:46.995+0000] {logging_mixin.py:117} INFO - [2025-12-05T01:16:46.995+0000] {dag.py:2573} INFO - Sync 1 DAGs
[2025-12-05T01:16:47.013+0000] {logging_mixin.py:117} INFO - [2025-12-05T01:16:47.013+0000] {dag.py:3328} INFO - Setting next_dagrun for example_task_group to 2025-12-04T01:16:47.013630+00:00, run_after=2025-12-05T01:16:47.013630+00:00
[2025-12-05T01:16:47.095+0000] {processor.py:178} INFO - Processing /home/airflow/.local/lib/python3.7/site-packages/airflow/example_dags/example_task_group.py took 0.134 seconds
[2025-12-05T01:17:17.384+0000] {processor.py:156} INFO - Started process (PID=12483) to work on /home/airflow/.local/lib/python3.7/site-packages/airflow/example_dags/example_task_group.py
[2025-12-05T01:17:17.385+0000] {processor.py:758} INFO - Processing file /home/airflow/.local/lib/python3.7/site-packages/airflow/example_dags/example_task_group.py for tasks to queue
[2025-12-05T01:17:17.385+0000] {logging_mixin.py:117} INFO - [2025-12-05T01:17:17.385+0000] {dagbag.py:525} INFO - Filling up the DagBag from /home/airflow/.local/lib/python3.7/site-packages/airflow/example_dags/example_task_group.py
[2025-12-05T01:17:17.404+0000] {processor.py:768} INFO - DAG(s) dict_keys(['example_task_group']) retrieved from /home/airflow/.local/lib/python3.7/site-packages/airflow/example_dags/example_task_group.py
[2025-12-05T01:17:17.429+0000] {logging_mixin.py:117} INFO - [2025-12-05T01:17:17.429+0000] {dag.py:2573} INFO - Sync 1 DAGs
[2025-12-05T01:17:17.444+0000] {logging_mixin.py:117} INFO - [2025-12-05T01:17:17.444+0000] {dag.py:3328} INFO - Setting next_dagrun for example_task_group to 2025-12-04T01:17:17.444599+00:00, run_after=2025-12-05T01:17:17.444599+00:00
[2025-12-05T01:17:17.454+0000] {processor.py:178} INFO - Processing /home/airflow/.local/lib/python3.7/site-packages/airflow/example_dags/example_task_group.py took 0.073 seconds
[2025-12-05T01:17:47.830+0000] {processor.py:156} INFO - Started process (PID=12695) to work on /home/airflow/.local/lib/python3.7/site-packages/airflow/example_dags/example_task_group.py
[2025-12-05T01:17:47.831+0000] {processor.py:758} INFO - Processing file /home/airflow/.local/lib/python3.7/site-packages/airflow/example_dags/example_task_group.py for tasks to queue
[2025-12-05T01:17:47.831+0000] {logging_mixin.py:117} INFO - [2025-12-05T01:17:47.831+0000] {dagbag.py:525} INFO - Filling up the DagBag from /home/airflow/.local/lib/python3.7/site-packages/airflow/example_dags/example_task_group.py
[2025-12-05T01:17:47.841+0000] {processor.py:768} INFO - DAG(s) dict_keys(['example_task_group']) retrieved from /home/airflow/.local/lib/python3.7/site-packages/airflow/example_dags/example_task_group.py
[2025-12-05T01:17:47.863+0000] {logging_mixin.py:117} INFO - [2025-12-05T01:17:47.863+0000] {dag.py:2573} INFO - Sync 1 DAGs
[2025-12-05T01:17:47.877+0000] {logging_mixin.py:117} INFO - [2025-12-05T01:17:47.877+0000] {dag.py:3328} INFO - Setting next_dagrun for example_task_group to 2025-12-04T01:17:47.877290+00:00, run_after=2025-12-05T01:17:47.877290+00:00
[2025-12-05T01:17:47.887+0000] {processor.py:178} INFO - Processing /home/airflow/.local/lib/python3.7/site-packages/airflow/example_dags/example_task_group.py took 0.065 seconds
[2025-12-05T01:18:17.990+0000] {processor.py:156} INFO - Started process (PID=12899) to work on /home/airflow/.local/lib/python3.7/site-packages/airflow/example_dags/example_task_group.py
[2025-12-05T01:18:17.996+0000] {processor.py:758} INFO - Processing file /home/airflow/.local/lib/python3.7/site-packages/airflow/example_dags/example_task_group.py for tasks to queue
[2025-12-05T01:18:17.997+0000] {logging_mixin.py:117} INFO - [2025-12-05T01:18:17.997+0000] {dagbag.py:525} INFO - Filling up the DagBag from /home/airflow/.local/lib/python3.7/site-packages/airflow/example_dags/example_task_group.py
[2025-12-05T01:18:18.011+0000] {processor.py:768} INFO - DAG(s) dict_keys(['example_task_group']) retrieved from /home/airflow/.local/lib/python3.7/site-packages/airflow/example_dags/example_task_group.py
[2025-12-05T01:18:18.052+0000] {logging_mixin.py:117} INFO - [2025-12-05T01:18:18.052+0000] {dag.py:2573} INFO - Sync 1 DAGs
[2025-12-05T01:18:18.072+0000] {logging_mixin.py:117} INFO - [2025-12-05T01:18:18.071+0000] {dag.py:3328} INFO - Setting next_dagrun for example_task_group to 2025-12-04T01:18:18.071693+00:00, run_after=2025-12-05T01:18:18.071693+00:00
[2025-12-05T01:18:18.083+0000] {processor.py:178} INFO - Processing /home/airflow/.local/lib/python3.7/site-packages/airflow/example_dags/example_task_group.py took 0.098 seconds
[2025-12-05T01:18:48.415+0000] {processor.py:156} INFO - Started process (PID=13105) to work on /home/airflow/.local/lib/python3.7/site-packages/airflow/example_dags/example_task_group.py
[2025-12-05T01:18:48.418+0000] {processor.py:758} INFO - Processing file /home/airflow/.local/lib/python3.7/site-packages/airflow/example_dags/example_task_group.py for tasks to queue
[2025-12-05T01:18:48.419+0000] {logging_mixin.py:117} INFO - [2025-12-05T01:18:48.419+0000] {dagbag.py:525} INFO - Filling up the DagBag from /home/airflow/.local/lib/python3.7/site-packages/airflow/example_dags/example_task_group.py
[2025-12-05T01:18:48.426+0000] {processor.py:768} INFO - DAG(s) dict_keys(['example_task_group']) retrieved from /home/airflow/.local/lib/python3.7/site-packages/airflow/example_dags/example_task_group.py
[2025-12-05T01:18:48.466+0000] {logging_mixin.py:117} INFO - [2025-12-05T01:18:48.466+0000] {dag.py:2573} INFO - Sync 1 DAGs
[2025-12-05T01:18:48.480+0000] {logging_mixin.py:117} INFO - [2025-12-05T01:18:48.480+0000] {dag.py:3328} INFO - Setting next_dagrun for example_task_group to 2025-12-04T01:18:48.480221+00:00, run_after=2025-12-05T01:18:48.480221+00:00
[2025-12-05T01:18:48.488+0000] {processor.py:178} INFO - Processing /home/airflow/.local/lib/python3.7/site-packages/airflow/example_dags/example_task_group.py took 0.075 seconds
[2025-12-05T01:19:19.397+0000] {processor.py:156} INFO - Started process (PID=13311) to work on /home/airflow/.local/lib/python3.7/site-packages/airflow/example_dags/example_task_group.py
[2025-12-05T01:19:19.397+0000] {processor.py:758} INFO - Processing file /home/airflow/.local/lib/python3.7/site-packages/airflow/example_dags/example_task_group.py for tasks to queue
[2025-12-05T01:19:19.398+0000] {logging_mixin.py:117} INFO - [2025-12-05T01:19:19.398+0000] {dagbag.py:525} INFO - Filling up the DagBag from /home/airflow/.local/lib/python3.7/site-packages/airflow/example_dags/example_task_group.py
[2025-12-05T01:19:19.406+0000] {processor.py:768} INFO - DAG(s) dict_keys(['example_task_group']) retrieved from /home/airflow/.local/lib/python3.7/site-packages/airflow/example_dags/example_task_group.py
[2025-12-05T01:19:19.424+0000] {logging_mixin.py:117} INFO - [2025-12-05T01:19:19.424+0000] {dag.py:2573} INFO - Sync 1 DAGs
[2025-12-05T01:19:19.437+0000] {logging_mixin.py:117} INFO - [2025-12-05T01:19:19.437+0000] {dag.py:3328} INFO - Setting next_dagrun for example_task_group to 2025-12-04T01:19:19.437586+00:00, run_after=2025-12-05T01:19:19.437586+00:00
[2025-12-05T01:19:19.446+0000] {processor.py:178} INFO - Processing /home/airflow/.local/lib/python3.7/site-packages/airflow/example_dags/example_task_group.py took 0.052 seconds
[2025-12-05T01:19:50.198+0000] {processor.py:156} INFO - Started process (PID=13517) to work on /home/airflow/.local/lib/python3.7/site-packages/airflow/example_dags/example_task_group.py
[2025-12-05T01:19:50.201+0000] {processor.py:758} INFO - Processing file /home/airflow/.local/lib/python3.7/site-packages/airflow/example_dags/example_task_group.py for tasks to queue
[2025-12-05T01:19:50.202+0000] {logging_mixin.py:117} INFO - [2025-12-05T01:19:50.202+0000] {dagbag.py:525} INFO - Filling up the DagBag from /home/airflow/.local/lib/python3.7/site-packages/airflow/example_dags/example_task_group.py
[2025-12-05T01:19:50.209+0000] {processor.py:768} INFO - DAG(s) dict_keys(['example_task_group']) retrieved from /home/airflow/.local/lib/python3.7/site-packages/airflow/example_dags/example_task_group.py
[2025-12-05T01:19:50.240+0000] {logging_mixin.py:117} INFO - [2025-12-05T01:19:50.240+0000] {dag.py:2573} INFO - Sync 1 DAGs
[2025-12-05T01:19:50.261+0000] {logging_mixin.py:117} INFO - [2025-12-05T01:19:50.261+0000] {dag.py:3328} INFO - Setting next_dagrun for example_task_group to 2025-12-04T01:19:50.260938+00:00, run_after=2025-12-05T01:19:50.260938+00:00
[2025-12-05T01:19:50.271+0000] {processor.py:178} INFO - Processing /home/airflow/.local/lib/python3.7/site-packages/airflow/example_dags/example_task_group.py took 0.075 seconds
[2025-12-05T01:20:21.155+0000] {processor.py:156} INFO - Started process (PID=13723) to work on /home/airflow/.local/lib/python3.7/site-packages/airflow/example_dags/example_task_group.py
[2025-12-05T01:20:21.156+0000] {processor.py:758} INFO - Processing file /home/airflow/.local/lib/python3.7/site-packages/airflow/example_dags/example_task_group.py for tasks to queue
[2025-12-05T01:20:21.156+0000] {logging_mixin.py:117} INFO - [2025-12-05T01:20:21.156+0000] {dagbag.py:525} INFO - Filling up the DagBag from /home/airflow/.local/lib/python3.7/site-packages/airflow/example_dags/example_task_group.py
[2025-12-05T01:20:21.164+0000] {processor.py:768} INFO - DAG(s) dict_keys(['example_task_group']) retrieved from /home/airflow/.local/lib/python3.7/site-packages/airflow/example_dags/example_task_group.py
[2025-12-05T01:20:21.184+0000] {logging_mixin.py:117} INFO - [2025-12-05T01:20:21.184+0000] {dag.py:2573} INFO - Sync 1 DAGs
[2025-12-05T01:20:21.195+0000] {logging_mixin.py:117} INFO - [2025-12-05T01:20:21.195+0000] {dag.py:3328} INFO - Setting next_dagrun for example_task_group to 2025-12-04T01:20:21.195349+00:00, run_after=2025-12-05T01:20:21.195349+00:00
[2025-12-05T01:20:21.208+0000] {processor.py:178} INFO - Processing /home/airflow/.local/lib/python3.7/site-packages/airflow/example_dags/example_task_group.py took 0.054 seconds
[2025-12-05T01:20:52.078+0000] {processor.py:156} INFO - Started process (PID=13929) to work on /home/airflow/.local/lib/python3.7/site-packages/airflow/example_dags/example_task_group.py
[2025-12-05T01:20:52.080+0000] {processor.py:758} INFO - Processing file /home/airflow/.local/lib/python3.7/site-packages/airflow/example_dags/example_task_group.py for tasks to queue
[2025-12-05T01:20:52.081+0000] {logging_mixin.py:117} INFO - [2025-12-05T01:20:52.081+0000] {dagbag.py:525} INFO - Filling up the DagBag from /home/airflow/.local/lib/python3.7/site-packages/airflow/example_dags/example_task_group.py
[2025-12-05T01:20:52.099+0000] {processor.py:768} INFO - DAG(s) dict_keys(['example_task_group']) retrieved from /home/airflow/.local/lib/python3.7/site-packages/airflow/example_dags/example_task_group.py
[2025-12-05T01:20:52.129+0000] {logging_mixin.py:117} INFO - [2025-12-05T01:20:52.129+0000] {dag.py:2573} INFO - Sync 1 DAGs
[2025-12-05T01:20:52.142+0000] {logging_mixin.py:117} INFO - [2025-12-05T01:20:52.142+0000] {dag.py:3328} INFO - Setting next_dagrun for example_task_group to 2025-12-04T01:20:52.142498+00:00, run_after=2025-12-05T01:20:52.142498+00:00
[2025-12-05T01:20:52.152+0000] {processor.py:178} INFO - Processing /home/airflow/.local/lib/python3.7/site-packages/airflow/example_dags/example_task_group.py took 0.077 seconds
