[2025-12-05T00:46:07.981+0000] {processor.py:156} INFO - Started process (PID=324) to work on /home/airflow/.local/lib/python3.7/site-packages/airflow/example_dags/example_local_kubernetes_executor.py
[2025-12-05T00:46:07.982+0000] {processor.py:758} INFO - Processing file /home/airflow/.local/lib/python3.7/site-packages/airflow/example_dags/example_local_kubernetes_executor.py for tasks to queue
[2025-12-05T00:46:07.983+0000] {logging_mixin.py:117} INFO - [2025-12-05T00:46:07.983+0000] {dagbag.py:525} INFO - Filling up the DagBag from /home/airflow/.local/lib/python3.7/site-packages/airflow/example_dags/example_local_kubernetes_executor.py
[2025-12-05T00:46:08.009+0000] {processor.py:768} INFO - DAG(s) dict_keys(['example_local_kubernetes_executor']) retrieved from /home/airflow/.local/lib/python3.7/site-packages/airflow/example_dags/example_local_kubernetes_executor.py
[2025-12-05T00:46:08.122+0000] {logging_mixin.py:117} INFO - [2025-12-05T00:46:08.122+0000] {manager.py:508} INFO - Created Permission View: can read on DAG:example_local_kubernetes_executor
[2025-12-05T00:46:08.349+0000] {logging_mixin.py:117} INFO - [2025-12-05T00:46:08.348+0000] {manager.py:508} INFO - Created Permission View: can delete on DAG:example_local_kubernetes_executor
[2025-12-05T00:46:08.354+0000] {logging_mixin.py:117} INFO - [2025-12-05T00:46:08.354+0000] {manager.py:508} INFO - Created Permission View: can edit on DAG:example_local_kubernetes_executor
[2025-12-05T00:46:08.354+0000] {logging_mixin.py:117} INFO - [2025-12-05T00:46:08.354+0000] {dag.py:2573} INFO - Sync 1 DAGs
[2025-12-05T00:46:08.360+0000] {logging_mixin.py:117} INFO - [2025-12-05T00:46:08.360+0000] {dag.py:2594} INFO - Creating ORM DAG for example_local_kubernetes_executor
[2025-12-05T00:46:08.365+0000] {logging_mixin.py:117} INFO - [2025-12-05T00:46:08.365+0000] {dag.py:3328} INFO - Setting next_dagrun for example_local_kubernetes_executor to None, run_after=None
[2025-12-05T00:46:08.380+0000] {processor.py:178} INFO - Processing /home/airflow/.local/lib/python3.7/site-packages/airflow/example_dags/example_local_kubernetes_executor.py took 0.401 seconds
[2025-12-05T00:46:38.479+0000] {processor.py:156} INFO - Started process (PID=525) to work on /home/airflow/.local/lib/python3.7/site-packages/airflow/example_dags/example_local_kubernetes_executor.py
[2025-12-05T00:46:38.482+0000] {processor.py:758} INFO - Processing file /home/airflow/.local/lib/python3.7/site-packages/airflow/example_dags/example_local_kubernetes_executor.py for tasks to queue
[2025-12-05T00:46:38.482+0000] {logging_mixin.py:117} INFO - [2025-12-05T00:46:38.482+0000] {dagbag.py:525} INFO - Filling up the DagBag from /home/airflow/.local/lib/python3.7/site-packages/airflow/example_dags/example_local_kubernetes_executor.py
[2025-12-05T00:46:38.494+0000] {processor.py:768} INFO - DAG(s) dict_keys(['example_local_kubernetes_executor']) retrieved from /home/airflow/.local/lib/python3.7/site-packages/airflow/example_dags/example_local_kubernetes_executor.py
[2025-12-05T00:46:38.511+0000] {logging_mixin.py:117} INFO - [2025-12-05T00:46:38.511+0000] {dag.py:2573} INFO - Sync 1 DAGs
[2025-12-05T00:46:38.522+0000] {logging_mixin.py:117} INFO - [2025-12-05T00:46:38.522+0000] {dag.py:3328} INFO - Setting next_dagrun for example_local_kubernetes_executor to None, run_after=None
[2025-12-05T00:46:38.531+0000] {processor.py:178} INFO - Processing /home/airflow/.local/lib/python3.7/site-packages/airflow/example_dags/example_local_kubernetes_executor.py took 0.054 seconds
[2025-12-05T00:47:09.524+0000] {processor.py:156} INFO - Started process (PID=729) to work on /home/airflow/.local/lib/python3.7/site-packages/airflow/example_dags/example_local_kubernetes_executor.py
[2025-12-05T00:47:09.525+0000] {processor.py:758} INFO - Processing file /home/airflow/.local/lib/python3.7/site-packages/airflow/example_dags/example_local_kubernetes_executor.py for tasks to queue
[2025-12-05T00:47:09.525+0000] {logging_mixin.py:117} INFO - [2025-12-05T00:47:09.525+0000] {dagbag.py:525} INFO - Filling up the DagBag from /home/airflow/.local/lib/python3.7/site-packages/airflow/example_dags/example_local_kubernetes_executor.py
[2025-12-05T00:47:09.537+0000] {processor.py:768} INFO - DAG(s) dict_keys(['example_local_kubernetes_executor']) retrieved from /home/airflow/.local/lib/python3.7/site-packages/airflow/example_dags/example_local_kubernetes_executor.py
[2025-12-05T00:47:09.561+0000] {logging_mixin.py:117} INFO - [2025-12-05T00:47:09.561+0000] {dag.py:2573} INFO - Sync 1 DAGs
[2025-12-05T00:47:09.573+0000] {logging_mixin.py:117} INFO - [2025-12-05T00:47:09.573+0000] {dag.py:3328} INFO - Setting next_dagrun for example_local_kubernetes_executor to None, run_after=None
[2025-12-05T00:47:09.586+0000] {processor.py:178} INFO - Processing /home/airflow/.local/lib/python3.7/site-packages/airflow/example_dags/example_local_kubernetes_executor.py took 0.064 seconds
[2025-12-05T00:47:39.933+0000] {processor.py:156} INFO - Started process (PID=928) to work on /home/airflow/.local/lib/python3.7/site-packages/airflow/example_dags/example_local_kubernetes_executor.py
[2025-12-05T00:47:39.935+0000] {processor.py:758} INFO - Processing file /home/airflow/.local/lib/python3.7/site-packages/airflow/example_dags/example_local_kubernetes_executor.py for tasks to queue
[2025-12-05T00:47:39.936+0000] {logging_mixin.py:117} INFO - [2025-12-05T00:47:39.936+0000] {dagbag.py:525} INFO - Filling up the DagBag from /home/airflow/.local/lib/python3.7/site-packages/airflow/example_dags/example_local_kubernetes_executor.py
[2025-12-05T00:47:39.949+0000] {processor.py:768} INFO - DAG(s) dict_keys(['example_local_kubernetes_executor']) retrieved from /home/airflow/.local/lib/python3.7/site-packages/airflow/example_dags/example_local_kubernetes_executor.py
[2025-12-05T00:47:39.971+0000] {logging_mixin.py:117} INFO - [2025-12-05T00:47:39.971+0000] {dag.py:2573} INFO - Sync 1 DAGs
[2025-12-05T00:47:40.079+0000] {logging_mixin.py:117} INFO - [2025-12-05T00:47:40.079+0000] {dag.py:3328} INFO - Setting next_dagrun for example_local_kubernetes_executor to None, run_after=None
[2025-12-05T00:47:40.094+0000] {processor.py:178} INFO - Processing /home/airflow/.local/lib/python3.7/site-packages/airflow/example_dags/example_local_kubernetes_executor.py took 0.163 seconds
[2025-12-05T00:48:10.931+0000] {processor.py:156} INFO - Started process (PID=1131) to work on /home/airflow/.local/lib/python3.7/site-packages/airflow/example_dags/example_local_kubernetes_executor.py
[2025-12-05T00:48:10.931+0000] {processor.py:758} INFO - Processing file /home/airflow/.local/lib/python3.7/site-packages/airflow/example_dags/example_local_kubernetes_executor.py for tasks to queue
[2025-12-05T00:48:10.932+0000] {logging_mixin.py:117} INFO - [2025-12-05T00:48:10.932+0000] {dagbag.py:525} INFO - Filling up the DagBag from /home/airflow/.local/lib/python3.7/site-packages/airflow/example_dags/example_local_kubernetes_executor.py
[2025-12-05T00:48:10.943+0000] {processor.py:768} INFO - DAG(s) dict_keys(['example_local_kubernetes_executor']) retrieved from /home/airflow/.local/lib/python3.7/site-packages/airflow/example_dags/example_local_kubernetes_executor.py
[2025-12-05T00:48:10.967+0000] {logging_mixin.py:117} INFO - [2025-12-05T00:48:10.966+0000] {dag.py:2573} INFO - Sync 1 DAGs
[2025-12-05T00:48:11.060+0000] {logging_mixin.py:117} INFO - [2025-12-05T00:48:11.060+0000] {dag.py:3328} INFO - Setting next_dagrun for example_local_kubernetes_executor to None, run_after=None
[2025-12-05T00:48:11.071+0000] {processor.py:178} INFO - Processing /home/airflow/.local/lib/python3.7/site-packages/airflow/example_dags/example_local_kubernetes_executor.py took 0.141 seconds
[2025-12-05T00:48:41.777+0000] {processor.py:156} INFO - Started process (PID=1330) to work on /home/airflow/.local/lib/python3.7/site-packages/airflow/example_dags/example_local_kubernetes_executor.py
[2025-12-05T00:48:41.782+0000] {processor.py:758} INFO - Processing file /home/airflow/.local/lib/python3.7/site-packages/airflow/example_dags/example_local_kubernetes_executor.py for tasks to queue
[2025-12-05T00:48:41.783+0000] {logging_mixin.py:117} INFO - [2025-12-05T00:48:41.783+0000] {dagbag.py:525} INFO - Filling up the DagBag from /home/airflow/.local/lib/python3.7/site-packages/airflow/example_dags/example_local_kubernetes_executor.py
[2025-12-05T00:48:41.797+0000] {processor.py:768} INFO - DAG(s) dict_keys(['example_local_kubernetes_executor']) retrieved from /home/airflow/.local/lib/python3.7/site-packages/airflow/example_dags/example_local_kubernetes_executor.py
[2025-12-05T00:48:41.902+0000] {logging_mixin.py:117} INFO - [2025-12-05T00:48:41.902+0000] {dag.py:2573} INFO - Sync 1 DAGs
[2025-12-05T00:48:41.913+0000] {logging_mixin.py:117} INFO - [2025-12-05T00:48:41.912+0000] {dag.py:3328} INFO - Setting next_dagrun for example_local_kubernetes_executor to None, run_after=None
[2025-12-05T00:48:41.924+0000] {processor.py:178} INFO - Processing /home/airflow/.local/lib/python3.7/site-packages/airflow/example_dags/example_local_kubernetes_executor.py took 0.149 seconds
[2025-12-05T00:49:12.694+0000] {processor.py:156} INFO - Started process (PID=1533) to work on /home/airflow/.local/lib/python3.7/site-packages/airflow/example_dags/example_local_kubernetes_executor.py
[2025-12-05T00:49:12.694+0000] {processor.py:758} INFO - Processing file /home/airflow/.local/lib/python3.7/site-packages/airflow/example_dags/example_local_kubernetes_executor.py for tasks to queue
[2025-12-05T00:49:12.694+0000] {logging_mixin.py:117} INFO - [2025-12-05T00:49:12.694+0000] {dagbag.py:525} INFO - Filling up the DagBag from /home/airflow/.local/lib/python3.7/site-packages/airflow/example_dags/example_local_kubernetes_executor.py
[2025-12-05T00:49:12.707+0000] {processor.py:768} INFO - DAG(s) dict_keys(['example_local_kubernetes_executor']) retrieved from /home/airflow/.local/lib/python3.7/site-packages/airflow/example_dags/example_local_kubernetes_executor.py
[2025-12-05T00:49:12.818+0000] {logging_mixin.py:117} INFO - [2025-12-05T00:49:12.818+0000] {dag.py:2573} INFO - Sync 1 DAGs
[2025-12-05T00:49:12.828+0000] {logging_mixin.py:117} INFO - [2025-12-05T00:49:12.828+0000] {dag.py:3328} INFO - Setting next_dagrun for example_local_kubernetes_executor to None, run_after=None
[2025-12-05T00:49:12.839+0000] {processor.py:178} INFO - Processing /home/airflow/.local/lib/python3.7/site-packages/airflow/example_dags/example_local_kubernetes_executor.py took 0.146 seconds
[2025-12-05T00:49:43.132+0000] {processor.py:156} INFO - Started process (PID=1732) to work on /home/airflow/.local/lib/python3.7/site-packages/airflow/example_dags/example_local_kubernetes_executor.py
[2025-12-05T00:49:43.136+0000] {processor.py:758} INFO - Processing file /home/airflow/.local/lib/python3.7/site-packages/airflow/example_dags/example_local_kubernetes_executor.py for tasks to queue
[2025-12-05T00:49:43.136+0000] {logging_mixin.py:117} INFO - [2025-12-05T00:49:43.136+0000] {dagbag.py:525} INFO - Filling up the DagBag from /home/airflow/.local/lib/python3.7/site-packages/airflow/example_dags/example_local_kubernetes_executor.py
[2025-12-05T00:49:43.231+0000] {processor.py:768} INFO - DAG(s) dict_keys(['example_local_kubernetes_executor']) retrieved from /home/airflow/.local/lib/python3.7/site-packages/airflow/example_dags/example_local_kubernetes_executor.py
[2025-12-05T00:49:43.248+0000] {logging_mixin.py:117} INFO - [2025-12-05T00:49:43.248+0000] {dag.py:2573} INFO - Sync 1 DAGs
[2025-12-05T00:49:43.260+0000] {logging_mixin.py:117} INFO - [2025-12-05T00:49:43.260+0000] {dag.py:3328} INFO - Setting next_dagrun for example_local_kubernetes_executor to None, run_after=None
[2025-12-05T00:49:43.272+0000] {processor.py:178} INFO - Processing /home/airflow/.local/lib/python3.7/site-packages/airflow/example_dags/example_local_kubernetes_executor.py took 0.141 seconds
[2025-12-05T00:50:14.110+0000] {processor.py:156} INFO - Started process (PID=1936) to work on /home/airflow/.local/lib/python3.7/site-packages/airflow/example_dags/example_local_kubernetes_executor.py
[2025-12-05T00:50:14.111+0000] {processor.py:758} INFO - Processing file /home/airflow/.local/lib/python3.7/site-packages/airflow/example_dags/example_local_kubernetes_executor.py for tasks to queue
[2025-12-05T00:50:14.111+0000] {logging_mixin.py:117} INFO - [2025-12-05T00:50:14.111+0000] {dagbag.py:525} INFO - Filling up the DagBag from /home/airflow/.local/lib/python3.7/site-packages/airflow/example_dags/example_local_kubernetes_executor.py
[2025-12-05T00:50:14.122+0000] {processor.py:768} INFO - DAG(s) dict_keys(['example_local_kubernetes_executor']) retrieved from /home/airflow/.local/lib/python3.7/site-packages/airflow/example_dags/example_local_kubernetes_executor.py
[2025-12-05T00:50:14.139+0000] {logging_mixin.py:117} INFO - [2025-12-05T00:50:14.139+0000] {dag.py:2573} INFO - Sync 1 DAGs
[2025-12-05T00:50:14.231+0000] {logging_mixin.py:117} INFO - [2025-12-05T00:50:14.231+0000] {dag.py:3328} INFO - Setting next_dagrun for example_local_kubernetes_executor to None, run_after=None
[2025-12-05T00:50:14.241+0000] {processor.py:178} INFO - Processing /home/airflow/.local/lib/python3.7/site-packages/airflow/example_dags/example_local_kubernetes_executor.py took 0.133 seconds
[2025-12-05T00:50:44.786+0000] {processor.py:156} INFO - Started process (PID=2135) to work on /home/airflow/.local/lib/python3.7/site-packages/airflow/example_dags/example_local_kubernetes_executor.py
[2025-12-05T00:50:44.787+0000] {processor.py:758} INFO - Processing file /home/airflow/.local/lib/python3.7/site-packages/airflow/example_dags/example_local_kubernetes_executor.py for tasks to queue
[2025-12-05T00:50:44.788+0000] {logging_mixin.py:117} INFO - [2025-12-05T00:50:44.788+0000] {dagbag.py:525} INFO - Filling up the DagBag from /home/airflow/.local/lib/python3.7/site-packages/airflow/example_dags/example_local_kubernetes_executor.py
[2025-12-05T00:50:44.800+0000] {processor.py:768} INFO - DAG(s) dict_keys(['example_local_kubernetes_executor']) retrieved from /home/airflow/.local/lib/python3.7/site-packages/airflow/example_dags/example_local_kubernetes_executor.py
[2025-12-05T00:50:44.918+0000] {logging_mixin.py:117} INFO - [2025-12-05T00:50:44.918+0000] {dag.py:2573} INFO - Sync 1 DAGs
[2025-12-05T00:50:44.932+0000] {logging_mixin.py:117} INFO - [2025-12-05T00:50:44.932+0000] {dag.py:3328} INFO - Setting next_dagrun for example_local_kubernetes_executor to None, run_after=None
[2025-12-05T00:50:44.952+0000] {processor.py:178} INFO - Processing /home/airflow/.local/lib/python3.7/site-packages/airflow/example_dags/example_local_kubernetes_executor.py took 0.168 seconds
[2025-12-05T00:51:15.471+0000] {processor.py:156} INFO - Started process (PID=2336) to work on /home/airflow/.local/lib/python3.7/site-packages/airflow/example_dags/example_local_kubernetes_executor.py
[2025-12-05T00:51:15.472+0000] {processor.py:758} INFO - Processing file /home/airflow/.local/lib/python3.7/site-packages/airflow/example_dags/example_local_kubernetes_executor.py for tasks to queue
[2025-12-05T00:51:15.474+0000] {logging_mixin.py:117} INFO - [2025-12-05T00:51:15.474+0000] {dagbag.py:525} INFO - Filling up the DagBag from /home/airflow/.local/lib/python3.7/site-packages/airflow/example_dags/example_local_kubernetes_executor.py
[2025-12-05T00:51:15.488+0000] {processor.py:768} INFO - DAG(s) dict_keys(['example_local_kubernetes_executor']) retrieved from /home/airflow/.local/lib/python3.7/site-packages/airflow/example_dags/example_local_kubernetes_executor.py
[2025-12-05T00:51:15.594+0000] {logging_mixin.py:117} INFO - [2025-12-05T00:51:15.594+0000] {dag.py:2573} INFO - Sync 1 DAGs
[2025-12-05T00:51:15.605+0000] {logging_mixin.py:117} INFO - [2025-12-05T00:51:15.605+0000] {dag.py:3328} INFO - Setting next_dagrun for example_local_kubernetes_executor to None, run_after=None
[2025-12-05T00:51:15.613+0000] {processor.py:178} INFO - Processing /home/airflow/.local/lib/python3.7/site-packages/airflow/example_dags/example_local_kubernetes_executor.py took 0.143 seconds
[2025-12-05T00:51:46.360+0000] {processor.py:156} INFO - Started process (PID=2537) to work on /home/airflow/.local/lib/python3.7/site-packages/airflow/example_dags/example_local_kubernetes_executor.py
[2025-12-05T00:51:46.361+0000] {processor.py:758} INFO - Processing file /home/airflow/.local/lib/python3.7/site-packages/airflow/example_dags/example_local_kubernetes_executor.py for tasks to queue
[2025-12-05T00:51:46.361+0000] {logging_mixin.py:117} INFO - [2025-12-05T00:51:46.361+0000] {dagbag.py:525} INFO - Filling up the DagBag from /home/airflow/.local/lib/python3.7/site-packages/airflow/example_dags/example_local_kubernetes_executor.py
[2025-12-05T00:51:46.508+0000] {processor.py:768} INFO - DAG(s) dict_keys(['example_local_kubernetes_executor']) retrieved from /home/airflow/.local/lib/python3.7/site-packages/airflow/example_dags/example_local_kubernetes_executor.py
[2025-12-05T00:51:46.534+0000] {logging_mixin.py:117} INFO - [2025-12-05T00:51:46.534+0000] {dag.py:2573} INFO - Sync 1 DAGs
[2025-12-05T00:51:46.548+0000] {logging_mixin.py:117} INFO - [2025-12-05T00:51:46.547+0000] {dag.py:3328} INFO - Setting next_dagrun for example_local_kubernetes_executor to None, run_after=None
[2025-12-05T00:51:46.556+0000] {processor.py:178} INFO - Processing /home/airflow/.local/lib/python3.7/site-packages/airflow/example_dags/example_local_kubernetes_executor.py took 0.197 seconds
[2025-12-05T00:52:16.872+0000] {processor.py:156} INFO - Started process (PID=2738) to work on /home/airflow/.local/lib/python3.7/site-packages/airflow/example_dags/example_local_kubernetes_executor.py
[2025-12-05T00:52:16.872+0000] {processor.py:758} INFO - Processing file /home/airflow/.local/lib/python3.7/site-packages/airflow/example_dags/example_local_kubernetes_executor.py for tasks to queue
[2025-12-05T00:52:16.873+0000] {logging_mixin.py:117} INFO - [2025-12-05T00:52:16.873+0000] {dagbag.py:525} INFO - Filling up the DagBag from /home/airflow/.local/lib/python3.7/site-packages/airflow/example_dags/example_local_kubernetes_executor.py
[2025-12-05T00:52:16.885+0000] {processor.py:768} INFO - DAG(s) dict_keys(['example_local_kubernetes_executor']) retrieved from /home/airflow/.local/lib/python3.7/site-packages/airflow/example_dags/example_local_kubernetes_executor.py
[2025-12-05T00:52:16.909+0000] {logging_mixin.py:117} INFO - [2025-12-05T00:52:16.909+0000] {dag.py:2573} INFO - Sync 1 DAGs
[2025-12-05T00:52:17.043+0000] {logging_mixin.py:117} INFO - [2025-12-05T00:52:17.042+0000] {dag.py:3328} INFO - Setting next_dagrun for example_local_kubernetes_executor to None, run_after=None
[2025-12-05T00:52:17.051+0000] {processor.py:178} INFO - Processing /home/airflow/.local/lib/python3.7/site-packages/airflow/example_dags/example_local_kubernetes_executor.py took 0.181 seconds
[2025-12-05T00:52:47.468+0000] {processor.py:156} INFO - Started process (PID=2939) to work on /home/airflow/.local/lib/python3.7/site-packages/airflow/example_dags/example_local_kubernetes_executor.py
[2025-12-05T00:52:47.469+0000] {processor.py:758} INFO - Processing file /home/airflow/.local/lib/python3.7/site-packages/airflow/example_dags/example_local_kubernetes_executor.py for tasks to queue
[2025-12-05T00:52:47.470+0000] {logging_mixin.py:117} INFO - [2025-12-05T00:52:47.470+0000] {dagbag.py:525} INFO - Filling up the DagBag from /home/airflow/.local/lib/python3.7/site-packages/airflow/example_dags/example_local_kubernetes_executor.py
[2025-12-05T00:52:47.481+0000] {processor.py:768} INFO - DAG(s) dict_keys(['example_local_kubernetes_executor']) retrieved from /home/airflow/.local/lib/python3.7/site-packages/airflow/example_dags/example_local_kubernetes_executor.py
[2025-12-05T00:52:47.577+0000] {logging_mixin.py:117} INFO - [2025-12-05T00:52:47.577+0000] {dag.py:2573} INFO - Sync 1 DAGs
[2025-12-05T00:52:47.591+0000] {logging_mixin.py:117} INFO - [2025-12-05T00:52:47.591+0000] {dag.py:3328} INFO - Setting next_dagrun for example_local_kubernetes_executor to None, run_after=None
[2025-12-05T00:52:47.599+0000] {processor.py:178} INFO - Processing /home/airflow/.local/lib/python3.7/site-packages/airflow/example_dags/example_local_kubernetes_executor.py took 0.135 seconds
[2025-12-05T00:53:17.990+0000] {processor.py:156} INFO - Started process (PID=3142) to work on /home/airflow/.local/lib/python3.7/site-packages/airflow/example_dags/example_local_kubernetes_executor.py
[2025-12-05T00:53:17.991+0000] {processor.py:758} INFO - Processing file /home/airflow/.local/lib/python3.7/site-packages/airflow/example_dags/example_local_kubernetes_executor.py for tasks to queue
[2025-12-05T00:53:17.991+0000] {logging_mixin.py:117} INFO - [2025-12-05T00:53:17.991+0000] {dagbag.py:525} INFO - Filling up the DagBag from /home/airflow/.local/lib/python3.7/site-packages/airflow/example_dags/example_local_kubernetes_executor.py
[2025-12-05T00:53:18.002+0000] {processor.py:768} INFO - DAG(s) dict_keys(['example_local_kubernetes_executor']) retrieved from /home/airflow/.local/lib/python3.7/site-packages/airflow/example_dags/example_local_kubernetes_executor.py
[2025-12-05T00:53:18.104+0000] {logging_mixin.py:117} INFO - [2025-12-05T00:53:18.104+0000] {dag.py:2573} INFO - Sync 1 DAGs
[2025-12-05T00:53:18.113+0000] {logging_mixin.py:117} INFO - [2025-12-05T00:53:18.113+0000] {dag.py:3328} INFO - Setting next_dagrun for example_local_kubernetes_executor to None, run_after=None
[2025-12-05T00:53:18.120+0000] {processor.py:178} INFO - Processing /home/airflow/.local/lib/python3.7/site-packages/airflow/example_dags/example_local_kubernetes_executor.py took 0.131 seconds
[2025-12-05T00:53:48.922+0000] {processor.py:156} INFO - Started process (PID=3341) to work on /home/airflow/.local/lib/python3.7/site-packages/airflow/example_dags/example_local_kubernetes_executor.py
[2025-12-05T00:53:48.922+0000] {processor.py:758} INFO - Processing file /home/airflow/.local/lib/python3.7/site-packages/airflow/example_dags/example_local_kubernetes_executor.py for tasks to queue
[2025-12-05T00:53:48.923+0000] {logging_mixin.py:117} INFO - [2025-12-05T00:53:48.923+0000] {dagbag.py:525} INFO - Filling up the DagBag from /home/airflow/.local/lib/python3.7/site-packages/airflow/example_dags/example_local_kubernetes_executor.py
[2025-12-05T00:53:49.034+0000] {processor.py:768} INFO - DAG(s) dict_keys(['example_local_kubernetes_executor']) retrieved from /home/airflow/.local/lib/python3.7/site-packages/airflow/example_dags/example_local_kubernetes_executor.py
[2025-12-05T00:53:49.049+0000] {logging_mixin.py:117} INFO - [2025-12-05T00:53:49.049+0000] {dag.py:2573} INFO - Sync 1 DAGs
[2025-12-05T00:53:49.060+0000] {logging_mixin.py:117} INFO - [2025-12-05T00:53:49.060+0000] {dag.py:3328} INFO - Setting next_dagrun for example_local_kubernetes_executor to None, run_after=None
[2025-12-05T00:53:49.068+0000] {processor.py:178} INFO - Processing /home/airflow/.local/lib/python3.7/site-packages/airflow/example_dags/example_local_kubernetes_executor.py took 0.148 seconds
[2025-12-05T00:54:19.517+0000] {processor.py:156} INFO - Started process (PID=3542) to work on /home/airflow/.local/lib/python3.7/site-packages/airflow/example_dags/example_local_kubernetes_executor.py
[2025-12-05T00:54:19.518+0000] {processor.py:758} INFO - Processing file /home/airflow/.local/lib/python3.7/site-packages/airflow/example_dags/example_local_kubernetes_executor.py for tasks to queue
[2025-12-05T00:54:19.520+0000] {logging_mixin.py:117} INFO - [2025-12-05T00:54:19.520+0000] {dagbag.py:525} INFO - Filling up the DagBag from /home/airflow/.local/lib/python3.7/site-packages/airflow/example_dags/example_local_kubernetes_executor.py
[2025-12-05T00:54:19.534+0000] {processor.py:768} INFO - DAG(s) dict_keys(['example_local_kubernetes_executor']) retrieved from /home/airflow/.local/lib/python3.7/site-packages/airflow/example_dags/example_local_kubernetes_executor.py
[2025-12-05T00:54:19.566+0000] {logging_mixin.py:117} INFO - [2025-12-05T00:54:19.566+0000] {dag.py:2573} INFO - Sync 1 DAGs
[2025-12-05T00:54:19.664+0000] {logging_mixin.py:117} INFO - [2025-12-05T00:54:19.664+0000] {dag.py:3328} INFO - Setting next_dagrun for example_local_kubernetes_executor to None, run_after=None
[2025-12-05T00:54:19.672+0000] {processor.py:178} INFO - Processing /home/airflow/.local/lib/python3.7/site-packages/airflow/example_dags/example_local_kubernetes_executor.py took 0.157 seconds
[2025-12-05T00:54:50.398+0000] {processor.py:156} INFO - Started process (PID=3743) to work on /home/airflow/.local/lib/python3.7/site-packages/airflow/example_dags/example_local_kubernetes_executor.py
[2025-12-05T00:54:50.399+0000] {processor.py:758} INFO - Processing file /home/airflow/.local/lib/python3.7/site-packages/airflow/example_dags/example_local_kubernetes_executor.py for tasks to queue
[2025-12-05T00:54:50.399+0000] {logging_mixin.py:117} INFO - [2025-12-05T00:54:50.399+0000] {dagbag.py:525} INFO - Filling up the DagBag from /home/airflow/.local/lib/python3.7/site-packages/airflow/example_dags/example_local_kubernetes_executor.py
[2025-12-05T00:54:50.412+0000] {processor.py:768} INFO - DAG(s) dict_keys(['example_local_kubernetes_executor']) retrieved from /home/airflow/.local/lib/python3.7/site-packages/airflow/example_dags/example_local_kubernetes_executor.py
[2025-12-05T00:54:50.525+0000] {logging_mixin.py:117} INFO - [2025-12-05T00:54:50.525+0000] {dag.py:2573} INFO - Sync 1 DAGs
[2025-12-05T00:54:50.537+0000] {logging_mixin.py:117} INFO - [2025-12-05T00:54:50.537+0000] {dag.py:3328} INFO - Setting next_dagrun for example_local_kubernetes_executor to None, run_after=None
[2025-12-05T00:54:50.546+0000] {processor.py:178} INFO - Processing /home/airflow/.local/lib/python3.7/site-packages/airflow/example_dags/example_local_kubernetes_executor.py took 0.150 seconds
[2025-12-05T00:55:20.985+0000] {processor.py:156} INFO - Started process (PID=3945) to work on /home/airflow/.local/lib/python3.7/site-packages/airflow/example_dags/example_local_kubernetes_executor.py
[2025-12-05T00:55:20.986+0000] {processor.py:758} INFO - Processing file /home/airflow/.local/lib/python3.7/site-packages/airflow/example_dags/example_local_kubernetes_executor.py for tasks to queue
[2025-12-05T00:55:20.986+0000] {logging_mixin.py:117} INFO - [2025-12-05T00:55:20.986+0000] {dagbag.py:525} INFO - Filling up the DagBag from /home/airflow/.local/lib/python3.7/site-packages/airflow/example_dags/example_local_kubernetes_executor.py
[2025-12-05T00:55:21.000+0000] {processor.py:768} INFO - DAG(s) dict_keys(['example_local_kubernetes_executor']) retrieved from /home/airflow/.local/lib/python3.7/site-packages/airflow/example_dags/example_local_kubernetes_executor.py
[2025-12-05T00:55:21.125+0000] {logging_mixin.py:117} INFO - [2025-12-05T00:55:21.124+0000] {dag.py:2573} INFO - Sync 1 DAGs
[2025-12-05T00:55:21.134+0000] {logging_mixin.py:117} INFO - [2025-12-05T00:55:21.134+0000] {dag.py:3328} INFO - Setting next_dagrun for example_local_kubernetes_executor to None, run_after=None
[2025-12-05T00:55:21.142+0000] {processor.py:178} INFO - Processing /home/airflow/.local/lib/python3.7/site-packages/airflow/example_dags/example_local_kubernetes_executor.py took 0.158 seconds
[2025-12-05T00:55:51.576+0000] {processor.py:156} INFO - Started process (PID=4146) to work on /home/airflow/.local/lib/python3.7/site-packages/airflow/example_dags/example_local_kubernetes_executor.py
[2025-12-05T00:55:51.577+0000] {processor.py:758} INFO - Processing file /home/airflow/.local/lib/python3.7/site-packages/airflow/example_dags/example_local_kubernetes_executor.py for tasks to queue
[2025-12-05T00:55:51.577+0000] {logging_mixin.py:117} INFO - [2025-12-05T00:55:51.577+0000] {dagbag.py:525} INFO - Filling up the DagBag from /home/airflow/.local/lib/python3.7/site-packages/airflow/example_dags/example_local_kubernetes_executor.py
[2025-12-05T00:55:51.680+0000] {processor.py:768} INFO - DAG(s) dict_keys(['example_local_kubernetes_executor']) retrieved from /home/airflow/.local/lib/python3.7/site-packages/airflow/example_dags/example_local_kubernetes_executor.py
[2025-12-05T00:55:51.700+0000] {logging_mixin.py:117} INFO - [2025-12-05T00:55:51.700+0000] {dag.py:2573} INFO - Sync 1 DAGs
[2025-12-05T00:55:51.712+0000] {logging_mixin.py:117} INFO - [2025-12-05T00:55:51.712+0000] {dag.py:3328} INFO - Setting next_dagrun for example_local_kubernetes_executor to None, run_after=None
[2025-12-05T00:55:51.733+0000] {processor.py:178} INFO - Processing /home/airflow/.local/lib/python3.7/site-packages/airflow/example_dags/example_local_kubernetes_executor.py took 0.159 seconds
[2025-12-05T00:56:21.863+0000] {processor.py:156} INFO - Started process (PID=4346) to work on /home/airflow/.local/lib/python3.7/site-packages/airflow/example_dags/example_local_kubernetes_executor.py
[2025-12-05T00:56:21.863+0000] {processor.py:758} INFO - Processing file /home/airflow/.local/lib/python3.7/site-packages/airflow/example_dags/example_local_kubernetes_executor.py for tasks to queue
[2025-12-05T00:56:21.864+0000] {logging_mixin.py:117} INFO - [2025-12-05T00:56:21.864+0000] {dagbag.py:525} INFO - Filling up the DagBag from /home/airflow/.local/lib/python3.7/site-packages/airflow/example_dags/example_local_kubernetes_executor.py
[2025-12-05T00:56:21.874+0000] {processor.py:768} INFO - DAG(s) dict_keys(['example_local_kubernetes_executor']) retrieved from /home/airflow/.local/lib/python3.7/site-packages/airflow/example_dags/example_local_kubernetes_executor.py
[2025-12-05T00:56:21.890+0000] {logging_mixin.py:117} INFO - [2025-12-05T00:56:21.890+0000] {dag.py:2573} INFO - Sync 1 DAGs
[2025-12-05T00:56:21.899+0000] {logging_mixin.py:117} INFO - [2025-12-05T00:56:21.899+0000] {dag.py:3328} INFO - Setting next_dagrun for example_local_kubernetes_executor to None, run_after=None
[2025-12-05T00:56:21.906+0000] {processor.py:178} INFO - Processing /home/airflow/.local/lib/python3.7/site-packages/airflow/example_dags/example_local_kubernetes_executor.py took 0.045 seconds
[2025-12-05T00:56:52.747+0000] {processor.py:156} INFO - Started process (PID=4545) to work on /home/airflow/.local/lib/python3.7/site-packages/airflow/example_dags/example_local_kubernetes_executor.py
[2025-12-05T00:56:52.748+0000] {processor.py:758} INFO - Processing file /home/airflow/.local/lib/python3.7/site-packages/airflow/example_dags/example_local_kubernetes_executor.py for tasks to queue
[2025-12-05T00:56:52.749+0000] {logging_mixin.py:117} INFO - [2025-12-05T00:56:52.749+0000] {dagbag.py:525} INFO - Filling up the DagBag from /home/airflow/.local/lib/python3.7/site-packages/airflow/example_dags/example_local_kubernetes_executor.py
[2025-12-05T00:56:52.763+0000] {processor.py:768} INFO - DAG(s) dict_keys(['example_local_kubernetes_executor']) retrieved from /home/airflow/.local/lib/python3.7/site-packages/airflow/example_dags/example_local_kubernetes_executor.py
[2025-12-05T00:56:52.800+0000] {logging_mixin.py:117} INFO - [2025-12-05T00:56:52.800+0000] {dag.py:2573} INFO - Sync 1 DAGs
[2025-12-05T00:56:52.818+0000] {logging_mixin.py:117} INFO - [2025-12-05T00:56:52.818+0000] {dag.py:3328} INFO - Setting next_dagrun for example_local_kubernetes_executor to None, run_after=None
[2025-12-05T00:56:52.840+0000] {processor.py:178} INFO - Processing /home/airflow/.local/lib/python3.7/site-packages/airflow/example_dags/example_local_kubernetes_executor.py took 0.095 seconds
[2025-12-05T00:57:23.608+0000] {processor.py:156} INFO - Started process (PID=4752) to work on /home/airflow/.local/lib/python3.7/site-packages/airflow/example_dags/example_local_kubernetes_executor.py
[2025-12-05T00:57:23.609+0000] {processor.py:758} INFO - Processing file /home/airflow/.local/lib/python3.7/site-packages/airflow/example_dags/example_local_kubernetes_executor.py for tasks to queue
[2025-12-05T00:57:23.611+0000] {logging_mixin.py:117} INFO - [2025-12-05T00:57:23.611+0000] {dagbag.py:525} INFO - Filling up the DagBag from /home/airflow/.local/lib/python3.7/site-packages/airflow/example_dags/example_local_kubernetes_executor.py
[2025-12-05T00:57:23.622+0000] {processor.py:768} INFO - DAG(s) dict_keys(['example_local_kubernetes_executor']) retrieved from /home/airflow/.local/lib/python3.7/site-packages/airflow/example_dags/example_local_kubernetes_executor.py
[2025-12-05T00:57:23.641+0000] {logging_mixin.py:117} INFO - [2025-12-05T00:57:23.641+0000] {dag.py:2573} INFO - Sync 1 DAGs
[2025-12-05T00:57:23.652+0000] {logging_mixin.py:117} INFO - [2025-12-05T00:57:23.652+0000] {dag.py:3328} INFO - Setting next_dagrun for example_local_kubernetes_executor to None, run_after=None
[2025-12-05T00:57:23.660+0000] {processor.py:178} INFO - Processing /home/airflow/.local/lib/python3.7/site-packages/airflow/example_dags/example_local_kubernetes_executor.py took 0.053 seconds
[2025-12-05T00:57:54.513+0000] {processor.py:156} INFO - Started process (PID=4953) to work on /home/airflow/.local/lib/python3.7/site-packages/airflow/example_dags/example_local_kubernetes_executor.py
[2025-12-05T00:57:54.513+0000] {processor.py:758} INFO - Processing file /home/airflow/.local/lib/python3.7/site-packages/airflow/example_dags/example_local_kubernetes_executor.py for tasks to queue
[2025-12-05T00:57:54.514+0000] {logging_mixin.py:117} INFO - [2025-12-05T00:57:54.513+0000] {dagbag.py:525} INFO - Filling up the DagBag from /home/airflow/.local/lib/python3.7/site-packages/airflow/example_dags/example_local_kubernetes_executor.py
[2025-12-05T00:57:54.525+0000] {processor.py:768} INFO - DAG(s) dict_keys(['example_local_kubernetes_executor']) retrieved from /home/airflow/.local/lib/python3.7/site-packages/airflow/example_dags/example_local_kubernetes_executor.py
[2025-12-05T00:57:54.561+0000] {logging_mixin.py:117} INFO - [2025-12-05T00:57:54.560+0000] {dag.py:2573} INFO - Sync 1 DAGs
[2025-12-05T00:57:54.591+0000] {logging_mixin.py:117} INFO - [2025-12-05T00:57:54.591+0000] {dag.py:3328} INFO - Setting next_dagrun for example_local_kubernetes_executor to None, run_after=None
[2025-12-05T00:57:54.609+0000] {processor.py:178} INFO - Processing /home/airflow/.local/lib/python3.7/site-packages/airflow/example_dags/example_local_kubernetes_executor.py took 0.099 seconds
[2025-12-05T00:58:25.534+0000] {processor.py:156} INFO - Started process (PID=5154) to work on /home/airflow/.local/lib/python3.7/site-packages/airflow/example_dags/example_local_kubernetes_executor.py
[2025-12-05T00:58:25.536+0000] {processor.py:758} INFO - Processing file /home/airflow/.local/lib/python3.7/site-packages/airflow/example_dags/example_local_kubernetes_executor.py for tasks to queue
[2025-12-05T00:58:25.537+0000] {logging_mixin.py:117} INFO - [2025-12-05T00:58:25.536+0000] {dagbag.py:525} INFO - Filling up the DagBag from /home/airflow/.local/lib/python3.7/site-packages/airflow/example_dags/example_local_kubernetes_executor.py
[2025-12-05T00:58:25.548+0000] {processor.py:768} INFO - DAG(s) dict_keys(['example_local_kubernetes_executor']) retrieved from /home/airflow/.local/lib/python3.7/site-packages/airflow/example_dags/example_local_kubernetes_executor.py
[2025-12-05T00:58:25.565+0000] {logging_mixin.py:117} INFO - [2025-12-05T00:58:25.565+0000] {dag.py:2573} INFO - Sync 1 DAGs
[2025-12-05T00:58:25.576+0000] {logging_mixin.py:117} INFO - [2025-12-05T00:58:25.576+0000] {dag.py:3328} INFO - Setting next_dagrun for example_local_kubernetes_executor to None, run_after=None
[2025-12-05T00:58:25.584+0000] {processor.py:178} INFO - Processing /home/airflow/.local/lib/python3.7/site-packages/airflow/example_dags/example_local_kubernetes_executor.py took 0.051 seconds
[2025-12-05T00:58:56.329+0000] {processor.py:156} INFO - Started process (PID=5354) to work on /home/airflow/.local/lib/python3.7/site-packages/airflow/example_dags/example_local_kubernetes_executor.py
[2025-12-05T00:58:56.334+0000] {processor.py:758} INFO - Processing file /home/airflow/.local/lib/python3.7/site-packages/airflow/example_dags/example_local_kubernetes_executor.py for tasks to queue
[2025-12-05T00:58:56.334+0000] {logging_mixin.py:117} INFO - [2025-12-05T00:58:56.334+0000] {dagbag.py:525} INFO - Filling up the DagBag from /home/airflow/.local/lib/python3.7/site-packages/airflow/example_dags/example_local_kubernetes_executor.py
[2025-12-05T00:58:56.348+0000] {processor.py:768} INFO - DAG(s) dict_keys(['example_local_kubernetes_executor']) retrieved from /home/airflow/.local/lib/python3.7/site-packages/airflow/example_dags/example_local_kubernetes_executor.py
[2025-12-05T00:58:56.370+0000] {logging_mixin.py:117} INFO - [2025-12-05T00:58:56.370+0000] {dag.py:2573} INFO - Sync 1 DAGs
[2025-12-05T00:58:56.382+0000] {logging_mixin.py:117} INFO - [2025-12-05T00:58:56.382+0000] {dag.py:3328} INFO - Setting next_dagrun for example_local_kubernetes_executor to None, run_after=None
[2025-12-05T00:58:56.390+0000] {processor.py:178} INFO - Processing /home/airflow/.local/lib/python3.7/site-packages/airflow/example_dags/example_local_kubernetes_executor.py took 0.063 seconds
[2025-12-05T00:59:27.068+0000] {processor.py:156} INFO - Started process (PID=5555) to work on /home/airflow/.local/lib/python3.7/site-packages/airflow/example_dags/example_local_kubernetes_executor.py
[2025-12-05T00:59:27.069+0000] {processor.py:758} INFO - Processing file /home/airflow/.local/lib/python3.7/site-packages/airflow/example_dags/example_local_kubernetes_executor.py for tasks to queue
[2025-12-05T00:59:27.069+0000] {logging_mixin.py:117} INFO - [2025-12-05T00:59:27.069+0000] {dagbag.py:525} INFO - Filling up the DagBag from /home/airflow/.local/lib/python3.7/site-packages/airflow/example_dags/example_local_kubernetes_executor.py
[2025-12-05T00:59:27.081+0000] {processor.py:768} INFO - DAG(s) dict_keys(['example_local_kubernetes_executor']) retrieved from /home/airflow/.local/lib/python3.7/site-packages/airflow/example_dags/example_local_kubernetes_executor.py
[2025-12-05T00:59:27.098+0000] {logging_mixin.py:117} INFO - [2025-12-05T00:59:27.098+0000] {dag.py:2573} INFO - Sync 1 DAGs
[2025-12-05T00:59:27.109+0000] {logging_mixin.py:117} INFO - [2025-12-05T00:59:27.109+0000] {dag.py:3328} INFO - Setting next_dagrun for example_local_kubernetes_executor to None, run_after=None
[2025-12-05T00:59:27.119+0000] {processor.py:178} INFO - Processing /home/airflow/.local/lib/python3.7/site-packages/airflow/example_dags/example_local_kubernetes_executor.py took 0.052 seconds
[2025-12-05T00:59:58.055+0000] {processor.py:156} INFO - Started process (PID=5756) to work on /home/airflow/.local/lib/python3.7/site-packages/airflow/example_dags/example_local_kubernetes_executor.py
[2025-12-05T00:59:58.056+0000] {processor.py:758} INFO - Processing file /home/airflow/.local/lib/python3.7/site-packages/airflow/example_dags/example_local_kubernetes_executor.py for tasks to queue
[2025-12-05T00:59:58.056+0000] {logging_mixin.py:117} INFO - [2025-12-05T00:59:58.056+0000] {dagbag.py:525} INFO - Filling up the DagBag from /home/airflow/.local/lib/python3.7/site-packages/airflow/example_dags/example_local_kubernetes_executor.py
[2025-12-05T00:59:58.069+0000] {processor.py:768} INFO - DAG(s) dict_keys(['example_local_kubernetes_executor']) retrieved from /home/airflow/.local/lib/python3.7/site-packages/airflow/example_dags/example_local_kubernetes_executor.py
[2025-12-05T00:59:58.086+0000] {logging_mixin.py:117} INFO - [2025-12-05T00:59:58.086+0000] {dag.py:2573} INFO - Sync 1 DAGs
[2025-12-05T00:59:58.098+0000] {logging_mixin.py:117} INFO - [2025-12-05T00:59:58.098+0000] {dag.py:3328} INFO - Setting next_dagrun for example_local_kubernetes_executor to None, run_after=None
[2025-12-05T00:59:58.106+0000] {processor.py:178} INFO - Processing /home/airflow/.local/lib/python3.7/site-packages/airflow/example_dags/example_local_kubernetes_executor.py took 0.053 seconds
[2025-12-05T01:00:28.466+0000] {processor.py:156} INFO - Started process (PID=5957) to work on /home/airflow/.local/lib/python3.7/site-packages/airflow/example_dags/example_local_kubernetes_executor.py
[2025-12-05T01:00:28.469+0000] {processor.py:758} INFO - Processing file /home/airflow/.local/lib/python3.7/site-packages/airflow/example_dags/example_local_kubernetes_executor.py for tasks to queue
[2025-12-05T01:00:28.469+0000] {logging_mixin.py:117} INFO - [2025-12-05T01:00:28.469+0000] {dagbag.py:525} INFO - Filling up the DagBag from /home/airflow/.local/lib/python3.7/site-packages/airflow/example_dags/example_local_kubernetes_executor.py
[2025-12-05T01:00:28.484+0000] {processor.py:768} INFO - DAG(s) dict_keys(['example_local_kubernetes_executor']) retrieved from /home/airflow/.local/lib/python3.7/site-packages/airflow/example_dags/example_local_kubernetes_executor.py
[2025-12-05T01:00:28.507+0000] {logging_mixin.py:117} INFO - [2025-12-05T01:00:28.507+0000] {dag.py:2573} INFO - Sync 1 DAGs
[2025-12-05T01:00:28.522+0000] {logging_mixin.py:117} INFO - [2025-12-05T01:00:28.522+0000] {dag.py:3328} INFO - Setting next_dagrun for example_local_kubernetes_executor to None, run_after=None
[2025-12-05T01:00:28.532+0000] {processor.py:178} INFO - Processing /home/airflow/.local/lib/python3.7/site-packages/airflow/example_dags/example_local_kubernetes_executor.py took 0.068 seconds
[2025-12-05T01:00:58.674+0000] {processor.py:156} INFO - Started process (PID=6159) to work on /home/airflow/.local/lib/python3.7/site-packages/airflow/example_dags/example_local_kubernetes_executor.py
[2025-12-05T01:00:58.674+0000] {processor.py:758} INFO - Processing file /home/airflow/.local/lib/python3.7/site-packages/airflow/example_dags/example_local_kubernetes_executor.py for tasks to queue
[2025-12-05T01:00:58.674+0000] {logging_mixin.py:117} INFO - [2025-12-05T01:00:58.674+0000] {dagbag.py:525} INFO - Filling up the DagBag from /home/airflow/.local/lib/python3.7/site-packages/airflow/example_dags/example_local_kubernetes_executor.py
[2025-12-05T01:00:58.686+0000] {processor.py:768} INFO - DAG(s) dict_keys(['example_local_kubernetes_executor']) retrieved from /home/airflow/.local/lib/python3.7/site-packages/airflow/example_dags/example_local_kubernetes_executor.py
[2025-12-05T01:00:58.706+0000] {logging_mixin.py:117} INFO - [2025-12-05T01:00:58.706+0000] {dag.py:2573} INFO - Sync 1 DAGs
[2025-12-05T01:00:58.717+0000] {logging_mixin.py:117} INFO - [2025-12-05T01:00:58.716+0000] {dag.py:3328} INFO - Setting next_dagrun for example_local_kubernetes_executor to None, run_after=None
[2025-12-05T01:00:58.724+0000] {processor.py:178} INFO - Processing /home/airflow/.local/lib/python3.7/site-packages/airflow/example_dags/example_local_kubernetes_executor.py took 0.052 seconds
[2025-12-05T01:01:30.100+0000] {processor.py:156} INFO - Started process (PID=6357) to work on /home/airflow/.local/lib/python3.7/site-packages/airflow/example_dags/example_local_kubernetes_executor.py
[2025-12-05T01:01:30.101+0000] {processor.py:758} INFO - Processing file /home/airflow/.local/lib/python3.7/site-packages/airflow/example_dags/example_local_kubernetes_executor.py for tasks to queue
[2025-12-05T01:01:30.103+0000] {logging_mixin.py:117} INFO - [2025-12-05T01:01:30.103+0000] {dagbag.py:525} INFO - Filling up the DagBag from /home/airflow/.local/lib/python3.7/site-packages/airflow/example_dags/example_local_kubernetes_executor.py
[2025-12-05T01:01:30.118+0000] {processor.py:768} INFO - DAG(s) dict_keys(['example_local_kubernetes_executor']) retrieved from /home/airflow/.local/lib/python3.7/site-packages/airflow/example_dags/example_local_kubernetes_executor.py
[2025-12-05T01:01:30.137+0000] {logging_mixin.py:117} INFO - [2025-12-05T01:01:30.137+0000] {dag.py:2573} INFO - Sync 1 DAGs
[2025-12-05T01:01:30.150+0000] {logging_mixin.py:117} INFO - [2025-12-05T01:01:30.150+0000] {dag.py:3328} INFO - Setting next_dagrun for example_local_kubernetes_executor to None, run_after=None
[2025-12-05T01:01:30.158+0000] {processor.py:178} INFO - Processing /home/airflow/.local/lib/python3.7/site-packages/airflow/example_dags/example_local_kubernetes_executor.py took 0.059 seconds
[2025-12-05T01:02:01.023+0000] {processor.py:156} INFO - Started process (PID=6558) to work on /home/airflow/.local/lib/python3.7/site-packages/airflow/example_dags/example_local_kubernetes_executor.py
[2025-12-05T01:02:01.023+0000] {processor.py:758} INFO - Processing file /home/airflow/.local/lib/python3.7/site-packages/airflow/example_dags/example_local_kubernetes_executor.py for tasks to queue
[2025-12-05T01:02:01.024+0000] {logging_mixin.py:117} INFO - [2025-12-05T01:02:01.024+0000] {dagbag.py:525} INFO - Filling up the DagBag from /home/airflow/.local/lib/python3.7/site-packages/airflow/example_dags/example_local_kubernetes_executor.py
[2025-12-05T01:02:01.035+0000] {processor.py:768} INFO - DAG(s) dict_keys(['example_local_kubernetes_executor']) retrieved from /home/airflow/.local/lib/python3.7/site-packages/airflow/example_dags/example_local_kubernetes_executor.py
[2025-12-05T01:02:01.053+0000] {logging_mixin.py:117} INFO - [2025-12-05T01:02:01.053+0000] {dag.py:2573} INFO - Sync 1 DAGs
[2025-12-05T01:02:01.064+0000] {logging_mixin.py:117} INFO - [2025-12-05T01:02:01.064+0000] {dag.py:3328} INFO - Setting next_dagrun for example_local_kubernetes_executor to None, run_after=None
[2025-12-05T01:02:01.072+0000] {processor.py:178} INFO - Processing /home/airflow/.local/lib/python3.7/site-packages/airflow/example_dags/example_local_kubernetes_executor.py took 0.051 seconds
[2025-12-05T01:02:32.168+0000] {processor.py:156} INFO - Started process (PID=6759) to work on /home/airflow/.local/lib/python3.7/site-packages/airflow/example_dags/example_local_kubernetes_executor.py
[2025-12-05T01:02:32.169+0000] {processor.py:758} INFO - Processing file /home/airflow/.local/lib/python3.7/site-packages/airflow/example_dags/example_local_kubernetes_executor.py for tasks to queue
[2025-12-05T01:02:32.169+0000] {logging_mixin.py:117} INFO - [2025-12-05T01:02:32.169+0000] {dagbag.py:525} INFO - Filling up the DagBag from /home/airflow/.local/lib/python3.7/site-packages/airflow/example_dags/example_local_kubernetes_executor.py
[2025-12-05T01:02:32.182+0000] {processor.py:768} INFO - DAG(s) dict_keys(['example_local_kubernetes_executor']) retrieved from /home/airflow/.local/lib/python3.7/site-packages/airflow/example_dags/example_local_kubernetes_executor.py
[2025-12-05T01:02:32.202+0000] {logging_mixin.py:117} INFO - [2025-12-05T01:02:32.202+0000] {dag.py:2573} INFO - Sync 1 DAGs
[2025-12-05T01:02:32.213+0000] {logging_mixin.py:117} INFO - [2025-12-05T01:02:32.213+0000] {dag.py:3328} INFO - Setting next_dagrun for example_local_kubernetes_executor to None, run_after=None
[2025-12-05T01:02:32.221+0000] {processor.py:178} INFO - Processing /home/airflow/.local/lib/python3.7/site-packages/airflow/example_dags/example_local_kubernetes_executor.py took 0.057 seconds
[2025-12-05T01:03:03.110+0000] {processor.py:156} INFO - Started process (PID=6960) to work on /home/airflow/.local/lib/python3.7/site-packages/airflow/example_dags/example_local_kubernetes_executor.py
[2025-12-05T01:03:03.110+0000] {processor.py:758} INFO - Processing file /home/airflow/.local/lib/python3.7/site-packages/airflow/example_dags/example_local_kubernetes_executor.py for tasks to queue
[2025-12-05T01:03:03.111+0000] {logging_mixin.py:117} INFO - [2025-12-05T01:03:03.111+0000] {dagbag.py:525} INFO - Filling up the DagBag from /home/airflow/.local/lib/python3.7/site-packages/airflow/example_dags/example_local_kubernetes_executor.py
[2025-12-05T01:03:03.122+0000] {processor.py:768} INFO - DAG(s) dict_keys(['example_local_kubernetes_executor']) retrieved from /home/airflow/.local/lib/python3.7/site-packages/airflow/example_dags/example_local_kubernetes_executor.py
[2025-12-05T01:03:03.140+0000] {logging_mixin.py:117} INFO - [2025-12-05T01:03:03.140+0000] {dag.py:2573} INFO - Sync 1 DAGs
[2025-12-05T01:03:03.153+0000] {logging_mixin.py:117} INFO - [2025-12-05T01:03:03.153+0000] {dag.py:3328} INFO - Setting next_dagrun for example_local_kubernetes_executor to None, run_after=None
[2025-12-05T01:03:03.161+0000] {processor.py:178} INFO - Processing /home/airflow/.local/lib/python3.7/site-packages/airflow/example_dags/example_local_kubernetes_executor.py took 0.053 seconds
[2025-12-05T01:03:34.122+0000] {processor.py:156} INFO - Started process (PID=7161) to work on /home/airflow/.local/lib/python3.7/site-packages/airflow/example_dags/example_local_kubernetes_executor.py
[2025-12-05T01:03:34.124+0000] {processor.py:758} INFO - Processing file /home/airflow/.local/lib/python3.7/site-packages/airflow/example_dags/example_local_kubernetes_executor.py for tasks to queue
[2025-12-05T01:03:34.124+0000] {logging_mixin.py:117} INFO - [2025-12-05T01:03:34.124+0000] {dagbag.py:525} INFO - Filling up the DagBag from /home/airflow/.local/lib/python3.7/site-packages/airflow/example_dags/example_local_kubernetes_executor.py
[2025-12-05T01:03:34.137+0000] {processor.py:768} INFO - DAG(s) dict_keys(['example_local_kubernetes_executor']) retrieved from /home/airflow/.local/lib/python3.7/site-packages/airflow/example_dags/example_local_kubernetes_executor.py
[2025-12-05T01:03:34.168+0000] {logging_mixin.py:117} INFO - [2025-12-05T01:03:34.168+0000] {dag.py:2573} INFO - Sync 1 DAGs
[2025-12-05T01:03:34.183+0000] {logging_mixin.py:117} INFO - [2025-12-05T01:03:34.183+0000] {dag.py:3328} INFO - Setting next_dagrun for example_local_kubernetes_executor to None, run_after=None
[2025-12-05T01:03:34.196+0000] {processor.py:178} INFO - Processing /home/airflow/.local/lib/python3.7/site-packages/airflow/example_dags/example_local_kubernetes_executor.py took 0.076 seconds
[2025-12-05T01:04:04.910+0000] {processor.py:156} INFO - Started process (PID=7361) to work on /home/airflow/.local/lib/python3.7/site-packages/airflow/example_dags/example_local_kubernetes_executor.py
[2025-12-05T01:04:04.911+0000] {processor.py:758} INFO - Processing file /home/airflow/.local/lib/python3.7/site-packages/airflow/example_dags/example_local_kubernetes_executor.py for tasks to queue
[2025-12-05T01:04:04.911+0000] {logging_mixin.py:117} INFO - [2025-12-05T01:04:04.911+0000] {dagbag.py:525} INFO - Filling up the DagBag from /home/airflow/.local/lib/python3.7/site-packages/airflow/example_dags/example_local_kubernetes_executor.py
[2025-12-05T01:04:04.922+0000] {processor.py:768} INFO - DAG(s) dict_keys(['example_local_kubernetes_executor']) retrieved from /home/airflow/.local/lib/python3.7/site-packages/airflow/example_dags/example_local_kubernetes_executor.py
[2025-12-05T01:04:04.941+0000] {logging_mixin.py:117} INFO - [2025-12-05T01:04:04.940+0000] {dag.py:2573} INFO - Sync 1 DAGs
[2025-12-05T01:04:04.953+0000] {logging_mixin.py:117} INFO - [2025-12-05T01:04:04.953+0000] {dag.py:3328} INFO - Setting next_dagrun for example_local_kubernetes_executor to None, run_after=None
[2025-12-05T01:04:04.961+0000] {processor.py:178} INFO - Processing /home/airflow/.local/lib/python3.7/site-packages/airflow/example_dags/example_local_kubernetes_executor.py took 0.053 seconds
[2025-12-05T01:04:35.667+0000] {processor.py:156} INFO - Started process (PID=7562) to work on /home/airflow/.local/lib/python3.7/site-packages/airflow/example_dags/example_local_kubernetes_executor.py
[2025-12-05T01:04:35.670+0000] {processor.py:758} INFO - Processing file /home/airflow/.local/lib/python3.7/site-packages/airflow/example_dags/example_local_kubernetes_executor.py for tasks to queue
[2025-12-05T01:04:35.670+0000] {logging_mixin.py:117} INFO - [2025-12-05T01:04:35.670+0000] {dagbag.py:525} INFO - Filling up the DagBag from /home/airflow/.local/lib/python3.7/site-packages/airflow/example_dags/example_local_kubernetes_executor.py
[2025-12-05T01:04:35.681+0000] {processor.py:768} INFO - DAG(s) dict_keys(['example_local_kubernetes_executor']) retrieved from /home/airflow/.local/lib/python3.7/site-packages/airflow/example_dags/example_local_kubernetes_executor.py
[2025-12-05T01:04:35.699+0000] {logging_mixin.py:117} INFO - [2025-12-05T01:04:35.699+0000] {dag.py:2573} INFO - Sync 1 DAGs
[2025-12-05T01:04:35.711+0000] {logging_mixin.py:117} INFO - [2025-12-05T01:04:35.711+0000] {dag.py:3328} INFO - Setting next_dagrun for example_local_kubernetes_executor to None, run_after=None
[2025-12-05T01:04:35.720+0000] {processor.py:178} INFO - Processing /home/airflow/.local/lib/python3.7/site-packages/airflow/example_dags/example_local_kubernetes_executor.py took 0.054 seconds
[2025-12-05T01:05:06.384+0000] {processor.py:156} INFO - Started process (PID=7763) to work on /home/airflow/.local/lib/python3.7/site-packages/airflow/example_dags/example_local_kubernetes_executor.py
[2025-12-05T01:05:06.384+0000] {processor.py:758} INFO - Processing file /home/airflow/.local/lib/python3.7/site-packages/airflow/example_dags/example_local_kubernetes_executor.py for tasks to queue
[2025-12-05T01:05:06.385+0000] {logging_mixin.py:117} INFO - [2025-12-05T01:05:06.385+0000] {dagbag.py:525} INFO - Filling up the DagBag from /home/airflow/.local/lib/python3.7/site-packages/airflow/example_dags/example_local_kubernetes_executor.py
[2025-12-05T01:05:06.396+0000] {processor.py:768} INFO - DAG(s) dict_keys(['example_local_kubernetes_executor']) retrieved from /home/airflow/.local/lib/python3.7/site-packages/airflow/example_dags/example_local_kubernetes_executor.py
[2025-12-05T01:05:06.414+0000] {logging_mixin.py:117} INFO - [2025-12-05T01:05:06.414+0000] {dag.py:2573} INFO - Sync 1 DAGs
[2025-12-05T01:05:06.424+0000] {logging_mixin.py:117} INFO - [2025-12-05T01:05:06.424+0000] {dag.py:3328} INFO - Setting next_dagrun for example_local_kubernetes_executor to None, run_after=None
[2025-12-05T01:05:06.433+0000] {processor.py:178} INFO - Processing /home/airflow/.local/lib/python3.7/site-packages/airflow/example_dags/example_local_kubernetes_executor.py took 0.050 seconds
[2025-12-05T01:05:37.338+0000] {processor.py:156} INFO - Started process (PID=7964) to work on /home/airflow/.local/lib/python3.7/site-packages/airflow/example_dags/example_local_kubernetes_executor.py
[2025-12-05T01:05:37.341+0000] {processor.py:758} INFO - Processing file /home/airflow/.local/lib/python3.7/site-packages/airflow/example_dags/example_local_kubernetes_executor.py for tasks to queue
[2025-12-05T01:05:37.341+0000] {logging_mixin.py:117} INFO - [2025-12-05T01:05:37.341+0000] {dagbag.py:525} INFO - Filling up the DagBag from /home/airflow/.local/lib/python3.7/site-packages/airflow/example_dags/example_local_kubernetes_executor.py
[2025-12-05T01:05:37.354+0000] {processor.py:768} INFO - DAG(s) dict_keys(['example_local_kubernetes_executor']) retrieved from /home/airflow/.local/lib/python3.7/site-packages/airflow/example_dags/example_local_kubernetes_executor.py
[2025-12-05T01:05:37.385+0000] {logging_mixin.py:117} INFO - [2025-12-05T01:05:37.385+0000] {dag.py:2573} INFO - Sync 1 DAGs
[2025-12-05T01:05:37.405+0000] {logging_mixin.py:117} INFO - [2025-12-05T01:05:37.405+0000] {dag.py:3328} INFO - Setting next_dagrun for example_local_kubernetes_executor to None, run_after=None
[2025-12-05T01:05:37.438+0000] {processor.py:178} INFO - Processing /home/airflow/.local/lib/python3.7/site-packages/airflow/example_dags/example_local_kubernetes_executor.py took 0.102 seconds
[2025-12-05T01:06:08.247+0000] {processor.py:156} INFO - Started process (PID=8172) to work on /home/airflow/.local/lib/python3.7/site-packages/airflow/example_dags/example_local_kubernetes_executor.py
[2025-12-05T01:06:08.247+0000] {processor.py:758} INFO - Processing file /home/airflow/.local/lib/python3.7/site-packages/airflow/example_dags/example_local_kubernetes_executor.py for tasks to queue
[2025-12-05T01:06:08.249+0000] {logging_mixin.py:117} INFO - [2025-12-05T01:06:08.249+0000] {dagbag.py:525} INFO - Filling up the DagBag from /home/airflow/.local/lib/python3.7/site-packages/airflow/example_dags/example_local_kubernetes_executor.py
[2025-12-05T01:06:08.260+0000] {processor.py:768} INFO - DAG(s) dict_keys(['example_local_kubernetes_executor']) retrieved from /home/airflow/.local/lib/python3.7/site-packages/airflow/example_dags/example_local_kubernetes_executor.py
[2025-12-05T01:06:08.281+0000] {logging_mixin.py:117} INFO - [2025-12-05T01:06:08.280+0000] {dag.py:2573} INFO - Sync 1 DAGs
[2025-12-05T01:06:08.292+0000] {logging_mixin.py:117} INFO - [2025-12-05T01:06:08.292+0000] {dag.py:3328} INFO - Setting next_dagrun for example_local_kubernetes_executor to None, run_after=None
[2025-12-05T01:06:08.299+0000] {processor.py:178} INFO - Processing /home/airflow/.local/lib/python3.7/site-packages/airflow/example_dags/example_local_kubernetes_executor.py took 0.054 seconds
[2025-12-05T01:06:38.631+0000] {processor.py:156} INFO - Started process (PID=8373) to work on /home/airflow/.local/lib/python3.7/site-packages/airflow/example_dags/example_local_kubernetes_executor.py
[2025-12-05T01:06:38.631+0000] {processor.py:758} INFO - Processing file /home/airflow/.local/lib/python3.7/site-packages/airflow/example_dags/example_local_kubernetes_executor.py for tasks to queue
[2025-12-05T01:06:38.632+0000] {logging_mixin.py:117} INFO - [2025-12-05T01:06:38.632+0000] {dagbag.py:525} INFO - Filling up the DagBag from /home/airflow/.local/lib/python3.7/site-packages/airflow/example_dags/example_local_kubernetes_executor.py
[2025-12-05T01:06:38.648+0000] {processor.py:768} INFO - DAG(s) dict_keys(['example_local_kubernetes_executor']) retrieved from /home/airflow/.local/lib/python3.7/site-packages/airflow/example_dags/example_local_kubernetes_executor.py
[2025-12-05T01:06:38.669+0000] {logging_mixin.py:117} INFO - [2025-12-05T01:06:38.669+0000] {dag.py:2573} INFO - Sync 1 DAGs
[2025-12-05T01:06:38.681+0000] {logging_mixin.py:117} INFO - [2025-12-05T01:06:38.681+0000] {dag.py:3328} INFO - Setting next_dagrun for example_local_kubernetes_executor to None, run_after=None
[2025-12-05T01:06:38.690+0000] {processor.py:178} INFO - Processing /home/airflow/.local/lib/python3.7/site-packages/airflow/example_dags/example_local_kubernetes_executor.py took 0.061 seconds
[2025-12-05T01:07:09.137+0000] {processor.py:156} INFO - Started process (PID=8574) to work on /home/airflow/.local/lib/python3.7/site-packages/airflow/example_dags/example_local_kubernetes_executor.py
[2025-12-05T01:07:09.141+0000] {processor.py:758} INFO - Processing file /home/airflow/.local/lib/python3.7/site-packages/airflow/example_dags/example_local_kubernetes_executor.py for tasks to queue
[2025-12-05T01:07:09.142+0000] {logging_mixin.py:117} INFO - [2025-12-05T01:07:09.142+0000] {dagbag.py:525} INFO - Filling up the DagBag from /home/airflow/.local/lib/python3.7/site-packages/airflow/example_dags/example_local_kubernetes_executor.py
[2025-12-05T01:07:09.155+0000] {processor.py:768} INFO - DAG(s) dict_keys(['example_local_kubernetes_executor']) retrieved from /home/airflow/.local/lib/python3.7/site-packages/airflow/example_dags/example_local_kubernetes_executor.py
[2025-12-05T01:07:09.176+0000] {logging_mixin.py:117} INFO - [2025-12-05T01:07:09.176+0000] {dag.py:2573} INFO - Sync 1 DAGs
[2025-12-05T01:07:09.187+0000] {logging_mixin.py:117} INFO - [2025-12-05T01:07:09.187+0000] {dag.py:3328} INFO - Setting next_dagrun for example_local_kubernetes_executor to None, run_after=None
[2025-12-05T01:07:09.197+0000] {processor.py:178} INFO - Processing /home/airflow/.local/lib/python3.7/site-packages/airflow/example_dags/example_local_kubernetes_executor.py took 0.061 seconds
[2025-12-05T01:07:40.576+0000] {processor.py:156} INFO - Started process (PID=8777) to work on /home/airflow/.local/lib/python3.7/site-packages/airflow/example_dags/example_local_kubernetes_executor.py
[2025-12-05T01:07:40.576+0000] {processor.py:758} INFO - Processing file /home/airflow/.local/lib/python3.7/site-packages/airflow/example_dags/example_local_kubernetes_executor.py for tasks to queue
[2025-12-05T01:07:40.577+0000] {logging_mixin.py:117} INFO - [2025-12-05T01:07:40.577+0000] {dagbag.py:525} INFO - Filling up the DagBag from /home/airflow/.local/lib/python3.7/site-packages/airflow/example_dags/example_local_kubernetes_executor.py
[2025-12-05T01:07:40.590+0000] {processor.py:768} INFO - DAG(s) dict_keys(['example_local_kubernetes_executor']) retrieved from /home/airflow/.local/lib/python3.7/site-packages/airflow/example_dags/example_local_kubernetes_executor.py
[2025-12-05T01:07:40.611+0000] {logging_mixin.py:117} INFO - [2025-12-05T01:07:40.611+0000] {dag.py:2573} INFO - Sync 1 DAGs
[2025-12-05T01:07:40.625+0000] {logging_mixin.py:117} INFO - [2025-12-05T01:07:40.625+0000] {dag.py:3328} INFO - Setting next_dagrun for example_local_kubernetes_executor to None, run_after=None
[2025-12-05T01:07:40.637+0000] {processor.py:178} INFO - Processing /home/airflow/.local/lib/python3.7/site-packages/airflow/example_dags/example_local_kubernetes_executor.py took 0.063 seconds
[2025-12-05T01:08:10.843+0000] {processor.py:156} INFO - Started process (PID=8976) to work on /home/airflow/.local/lib/python3.7/site-packages/airflow/example_dags/example_local_kubernetes_executor.py
[2025-12-05T01:08:10.844+0000] {processor.py:758} INFO - Processing file /home/airflow/.local/lib/python3.7/site-packages/airflow/example_dags/example_local_kubernetes_executor.py for tasks to queue
[2025-12-05T01:08:10.844+0000] {logging_mixin.py:117} INFO - [2025-12-05T01:08:10.844+0000] {dagbag.py:525} INFO - Filling up the DagBag from /home/airflow/.local/lib/python3.7/site-packages/airflow/example_dags/example_local_kubernetes_executor.py
[2025-12-05T01:08:10.858+0000] {processor.py:768} INFO - DAG(s) dict_keys(['example_local_kubernetes_executor']) retrieved from /home/airflow/.local/lib/python3.7/site-packages/airflow/example_dags/example_local_kubernetes_executor.py
[2025-12-05T01:08:10.886+0000] {logging_mixin.py:117} INFO - [2025-12-05T01:08:10.886+0000] {dag.py:2573} INFO - Sync 1 DAGs
[2025-12-05T01:08:10.901+0000] {logging_mixin.py:117} INFO - [2025-12-05T01:08:10.901+0000] {dag.py:3328} INFO - Setting next_dagrun for example_local_kubernetes_executor to None, run_after=None
[2025-12-05T01:08:10.912+0000] {processor.py:178} INFO - Processing /home/airflow/.local/lib/python3.7/site-packages/airflow/example_dags/example_local_kubernetes_executor.py took 0.070 seconds
[2025-12-05T01:08:41.061+0000] {processor.py:156} INFO - Started process (PID=9177) to work on /home/airflow/.local/lib/python3.7/site-packages/airflow/example_dags/example_local_kubernetes_executor.py
[2025-12-05T01:08:41.064+0000] {processor.py:758} INFO - Processing file /home/airflow/.local/lib/python3.7/site-packages/airflow/example_dags/example_local_kubernetes_executor.py for tasks to queue
[2025-12-05T01:08:41.065+0000] {logging_mixin.py:117} INFO - [2025-12-05T01:08:41.065+0000] {dagbag.py:525} INFO - Filling up the DagBag from /home/airflow/.local/lib/python3.7/site-packages/airflow/example_dags/example_local_kubernetes_executor.py
[2025-12-05T01:08:41.078+0000] {processor.py:768} INFO - DAG(s) dict_keys(['example_local_kubernetes_executor']) retrieved from /home/airflow/.local/lib/python3.7/site-packages/airflow/example_dags/example_local_kubernetes_executor.py
[2025-12-05T01:08:41.097+0000] {logging_mixin.py:117} INFO - [2025-12-05T01:08:41.097+0000] {dag.py:2573} INFO - Sync 1 DAGs
[2025-12-05T01:08:41.110+0000] {logging_mixin.py:117} INFO - [2025-12-05T01:08:41.109+0000] {dag.py:3328} INFO - Setting next_dagrun for example_local_kubernetes_executor to None, run_after=None
[2025-12-05T01:08:41.120+0000] {processor.py:178} INFO - Processing /home/airflow/.local/lib/python3.7/site-packages/airflow/example_dags/example_local_kubernetes_executor.py took 0.060 seconds
[2025-12-05T01:09:11.256+0000] {processor.py:156} INFO - Started process (PID=9378) to work on /home/airflow/.local/lib/python3.7/site-packages/airflow/example_dags/example_local_kubernetes_executor.py
[2025-12-05T01:09:11.260+0000] {processor.py:758} INFO - Processing file /home/airflow/.local/lib/python3.7/site-packages/airflow/example_dags/example_local_kubernetes_executor.py for tasks to queue
[2025-12-05T01:09:11.261+0000] {logging_mixin.py:117} INFO - [2025-12-05T01:09:11.261+0000] {dagbag.py:525} INFO - Filling up the DagBag from /home/airflow/.local/lib/python3.7/site-packages/airflow/example_dags/example_local_kubernetes_executor.py
[2025-12-05T01:09:11.277+0000] {processor.py:768} INFO - DAG(s) dict_keys(['example_local_kubernetes_executor']) retrieved from /home/airflow/.local/lib/python3.7/site-packages/airflow/example_dags/example_local_kubernetes_executor.py
[2025-12-05T01:09:11.305+0000] {logging_mixin.py:117} INFO - [2025-12-05T01:09:11.305+0000] {dag.py:2573} INFO - Sync 1 DAGs
[2025-12-05T01:09:11.318+0000] {logging_mixin.py:117} INFO - [2025-12-05T01:09:11.318+0000] {dag.py:3328} INFO - Setting next_dagrun for example_local_kubernetes_executor to None, run_after=None
[2025-12-05T01:09:11.329+0000] {processor.py:178} INFO - Processing /home/airflow/.local/lib/python3.7/site-packages/airflow/example_dags/example_local_kubernetes_executor.py took 0.075 seconds
[2025-12-05T01:09:41.478+0000] {processor.py:156} INFO - Started process (PID=9579) to work on /home/airflow/.local/lib/python3.7/site-packages/airflow/example_dags/example_local_kubernetes_executor.py
[2025-12-05T01:09:41.479+0000] {processor.py:758} INFO - Processing file /home/airflow/.local/lib/python3.7/site-packages/airflow/example_dags/example_local_kubernetes_executor.py for tasks to queue
[2025-12-05T01:09:41.481+0000] {logging_mixin.py:117} INFO - [2025-12-05T01:09:41.481+0000] {dagbag.py:525} INFO - Filling up the DagBag from /home/airflow/.local/lib/python3.7/site-packages/airflow/example_dags/example_local_kubernetes_executor.py
[2025-12-05T01:09:41.499+0000] {processor.py:768} INFO - DAG(s) dict_keys(['example_local_kubernetes_executor']) retrieved from /home/airflow/.local/lib/python3.7/site-packages/airflow/example_dags/example_local_kubernetes_executor.py
[2025-12-05T01:09:41.523+0000] {logging_mixin.py:117} INFO - [2025-12-05T01:09:41.523+0000] {dag.py:2573} INFO - Sync 1 DAGs
[2025-12-05T01:09:41.535+0000] {logging_mixin.py:117} INFO - [2025-12-05T01:09:41.535+0000] {dag.py:3328} INFO - Setting next_dagrun for example_local_kubernetes_executor to None, run_after=None
[2025-12-05T01:09:41.544+0000] {processor.py:178} INFO - Processing /home/airflow/.local/lib/python3.7/site-packages/airflow/example_dags/example_local_kubernetes_executor.py took 0.067 seconds
[2025-12-05T01:10:12.691+0000] {processor.py:156} INFO - Started process (PID=9782) to work on /home/airflow/.local/lib/python3.7/site-packages/airflow/example_dags/example_local_kubernetes_executor.py
[2025-12-05T01:10:12.693+0000] {processor.py:758} INFO - Processing file /home/airflow/.local/lib/python3.7/site-packages/airflow/example_dags/example_local_kubernetes_executor.py for tasks to queue
[2025-12-05T01:10:12.694+0000] {logging_mixin.py:117} INFO - [2025-12-05T01:10:12.694+0000] {dagbag.py:525} INFO - Filling up the DagBag from /home/airflow/.local/lib/python3.7/site-packages/airflow/example_dags/example_local_kubernetes_executor.py
[2025-12-05T01:10:12.705+0000] {processor.py:768} INFO - DAG(s) dict_keys(['example_local_kubernetes_executor']) retrieved from /home/airflow/.local/lib/python3.7/site-packages/airflow/example_dags/example_local_kubernetes_executor.py
[2025-12-05T01:10:12.724+0000] {logging_mixin.py:117} INFO - [2025-12-05T01:10:12.724+0000] {dag.py:2573} INFO - Sync 1 DAGs
[2025-12-05T01:10:12.735+0000] {logging_mixin.py:117} INFO - [2025-12-05T01:10:12.735+0000] {dag.py:3328} INFO - Setting next_dagrun for example_local_kubernetes_executor to None, run_after=None
[2025-12-05T01:10:12.743+0000] {processor.py:178} INFO - Processing /home/airflow/.local/lib/python3.7/site-packages/airflow/example_dags/example_local_kubernetes_executor.py took 0.053 seconds
[2025-12-05T01:10:43.408+0000] {processor.py:156} INFO - Started process (PID=9983) to work on /home/airflow/.local/lib/python3.7/site-packages/airflow/example_dags/example_local_kubernetes_executor.py
[2025-12-05T01:10:43.408+0000] {processor.py:758} INFO - Processing file /home/airflow/.local/lib/python3.7/site-packages/airflow/example_dags/example_local_kubernetes_executor.py for tasks to queue
[2025-12-05T01:10:43.409+0000] {logging_mixin.py:117} INFO - [2025-12-05T01:10:43.409+0000] {dagbag.py:525} INFO - Filling up the DagBag from /home/airflow/.local/lib/python3.7/site-packages/airflow/example_dags/example_local_kubernetes_executor.py
[2025-12-05T01:10:43.422+0000] {processor.py:768} INFO - DAG(s) dict_keys(['example_local_kubernetes_executor']) retrieved from /home/airflow/.local/lib/python3.7/site-packages/airflow/example_dags/example_local_kubernetes_executor.py
[2025-12-05T01:10:43.441+0000] {logging_mixin.py:117} INFO - [2025-12-05T01:10:43.441+0000] {dag.py:2573} INFO - Sync 1 DAGs
[2025-12-05T01:10:43.452+0000] {logging_mixin.py:117} INFO - [2025-12-05T01:10:43.452+0000] {dag.py:3328} INFO - Setting next_dagrun for example_local_kubernetes_executor to None, run_after=None
[2025-12-05T01:10:43.465+0000] {processor.py:178} INFO - Processing /home/airflow/.local/lib/python3.7/site-packages/airflow/example_dags/example_local_kubernetes_executor.py took 0.058 seconds
[2025-12-05T01:11:14.293+0000] {processor.py:156} INFO - Started process (PID=10182) to work on /home/airflow/.local/lib/python3.7/site-packages/airflow/example_dags/example_local_kubernetes_executor.py
[2025-12-05T01:11:14.296+0000] {processor.py:758} INFO - Processing file /home/airflow/.local/lib/python3.7/site-packages/airflow/example_dags/example_local_kubernetes_executor.py for tasks to queue
[2025-12-05T01:11:14.298+0000] {logging_mixin.py:117} INFO - [2025-12-05T01:11:14.298+0000] {dagbag.py:525} INFO - Filling up the DagBag from /home/airflow/.local/lib/python3.7/site-packages/airflow/example_dags/example_local_kubernetes_executor.py
[2025-12-05T01:11:14.312+0000] {processor.py:768} INFO - DAG(s) dict_keys(['example_local_kubernetes_executor']) retrieved from /home/airflow/.local/lib/python3.7/site-packages/airflow/example_dags/example_local_kubernetes_executor.py
[2025-12-05T01:11:14.335+0000] {logging_mixin.py:117} INFO - [2025-12-05T01:11:14.335+0000] {dag.py:2573} INFO - Sync 1 DAGs
[2025-12-05T01:11:14.347+0000] {logging_mixin.py:117} INFO - [2025-12-05T01:11:14.347+0000] {dag.py:3328} INFO - Setting next_dagrun for example_local_kubernetes_executor to None, run_after=None
[2025-12-05T01:11:14.357+0000] {processor.py:178} INFO - Processing /home/airflow/.local/lib/python3.7/site-packages/airflow/example_dags/example_local_kubernetes_executor.py took 0.066 seconds
[2025-12-05T01:11:45.203+0000] {processor.py:156} INFO - Started process (PID=10384) to work on /home/airflow/.local/lib/python3.7/site-packages/airflow/example_dags/example_local_kubernetes_executor.py
[2025-12-05T01:11:45.205+0000] {processor.py:758} INFO - Processing file /home/airflow/.local/lib/python3.7/site-packages/airflow/example_dags/example_local_kubernetes_executor.py for tasks to queue
[2025-12-05T01:11:45.205+0000] {logging_mixin.py:117} INFO - [2025-12-05T01:11:45.205+0000] {dagbag.py:525} INFO - Filling up the DagBag from /home/airflow/.local/lib/python3.7/site-packages/airflow/example_dags/example_local_kubernetes_executor.py
[2025-12-05T01:11:45.221+0000] {processor.py:768} INFO - DAG(s) dict_keys(['example_local_kubernetes_executor']) retrieved from /home/airflow/.local/lib/python3.7/site-packages/airflow/example_dags/example_local_kubernetes_executor.py
[2025-12-05T01:11:45.250+0000] {logging_mixin.py:117} INFO - [2025-12-05T01:11:45.250+0000] {dag.py:2573} INFO - Sync 1 DAGs
[2025-12-05T01:11:45.267+0000] {logging_mixin.py:117} INFO - [2025-12-05T01:11:45.267+0000] {dag.py:3328} INFO - Setting next_dagrun for example_local_kubernetes_executor to None, run_after=None
[2025-12-05T01:11:45.283+0000] {processor.py:178} INFO - Processing /home/airflow/.local/lib/python3.7/site-packages/airflow/example_dags/example_local_kubernetes_executor.py took 0.082 seconds
[2025-12-05T01:12:15.563+0000] {processor.py:156} INFO - Started process (PID=10584) to work on /home/airflow/.local/lib/python3.7/site-packages/airflow/example_dags/example_local_kubernetes_executor.py
[2025-12-05T01:12:15.564+0000] {processor.py:758} INFO - Processing file /home/airflow/.local/lib/python3.7/site-packages/airflow/example_dags/example_local_kubernetes_executor.py for tasks to queue
[2025-12-05T01:12:15.564+0000] {logging_mixin.py:117} INFO - [2025-12-05T01:12:15.564+0000] {dagbag.py:525} INFO - Filling up the DagBag from /home/airflow/.local/lib/python3.7/site-packages/airflow/example_dags/example_local_kubernetes_executor.py
[2025-12-05T01:12:15.575+0000] {processor.py:768} INFO - DAG(s) dict_keys(['example_local_kubernetes_executor']) retrieved from /home/airflow/.local/lib/python3.7/site-packages/airflow/example_dags/example_local_kubernetes_executor.py
[2025-12-05T01:12:15.592+0000] {logging_mixin.py:117} INFO - [2025-12-05T01:12:15.592+0000] {dag.py:2573} INFO - Sync 1 DAGs
[2025-12-05T01:12:15.602+0000] {logging_mixin.py:117} INFO - [2025-12-05T01:12:15.602+0000] {dag.py:3328} INFO - Setting next_dagrun for example_local_kubernetes_executor to None, run_after=None
[2025-12-05T01:12:15.609+0000] {processor.py:178} INFO - Processing /home/airflow/.local/lib/python3.7/site-packages/airflow/example_dags/example_local_kubernetes_executor.py took 0.047 seconds
[2025-12-05T01:12:46.609+0000] {processor.py:156} INFO - Started process (PID=10783) to work on /home/airflow/.local/lib/python3.7/site-packages/airflow/example_dags/example_local_kubernetes_executor.py
[2025-12-05T01:12:46.609+0000] {processor.py:758} INFO - Processing file /home/airflow/.local/lib/python3.7/site-packages/airflow/example_dags/example_local_kubernetes_executor.py for tasks to queue
[2025-12-05T01:12:46.610+0000] {logging_mixin.py:117} INFO - [2025-12-05T01:12:46.610+0000] {dagbag.py:525} INFO - Filling up the DagBag from /home/airflow/.local/lib/python3.7/site-packages/airflow/example_dags/example_local_kubernetes_executor.py
[2025-12-05T01:12:46.623+0000] {processor.py:768} INFO - DAG(s) dict_keys(['example_local_kubernetes_executor']) retrieved from /home/airflow/.local/lib/python3.7/site-packages/airflow/example_dags/example_local_kubernetes_executor.py
[2025-12-05T01:12:46.639+0000] {logging_mixin.py:117} INFO - [2025-12-05T01:12:46.639+0000] {dag.py:2573} INFO - Sync 1 DAGs
[2025-12-05T01:12:46.649+0000] {logging_mixin.py:117} INFO - [2025-12-05T01:12:46.649+0000] {dag.py:3328} INFO - Setting next_dagrun for example_local_kubernetes_executor to None, run_after=None
[2025-12-05T01:12:46.662+0000] {processor.py:178} INFO - Processing /home/airflow/.local/lib/python3.7/site-packages/airflow/example_dags/example_local_kubernetes_executor.py took 0.054 seconds
[2025-12-05T01:13:17.905+0000] {processor.py:156} INFO - Started process (PID=10984) to work on /home/airflow/.local/lib/python3.7/site-packages/airflow/example_dags/example_local_kubernetes_executor.py
[2025-12-05T01:13:17.906+0000] {processor.py:758} INFO - Processing file /home/airflow/.local/lib/python3.7/site-packages/airflow/example_dags/example_local_kubernetes_executor.py for tasks to queue
[2025-12-05T01:13:17.907+0000] {logging_mixin.py:117} INFO - [2025-12-05T01:13:17.907+0000] {dagbag.py:525} INFO - Filling up the DagBag from /home/airflow/.local/lib/python3.7/site-packages/airflow/example_dags/example_local_kubernetes_executor.py
[2025-12-05T01:13:17.924+0000] {processor.py:768} INFO - DAG(s) dict_keys(['example_local_kubernetes_executor']) retrieved from /home/airflow/.local/lib/python3.7/site-packages/airflow/example_dags/example_local_kubernetes_executor.py
[2025-12-05T01:13:17.949+0000] {logging_mixin.py:117} INFO - [2025-12-05T01:13:17.949+0000] {dag.py:2573} INFO - Sync 1 DAGs
[2025-12-05T01:13:17.965+0000] {logging_mixin.py:117} INFO - [2025-12-05T01:13:17.965+0000] {dag.py:3328} INFO - Setting next_dagrun for example_local_kubernetes_executor to None, run_after=None
[2025-12-05T01:13:17.980+0000] {processor.py:178} INFO - Processing /home/airflow/.local/lib/python3.7/site-packages/airflow/example_dags/example_local_kubernetes_executor.py took 0.079 seconds
[2025-12-05T01:13:48.659+0000] {processor.py:156} INFO - Started process (PID=11187) to work on /home/airflow/.local/lib/python3.7/site-packages/airflow/example_dags/example_local_kubernetes_executor.py
[2025-12-05T01:13:48.660+0000] {processor.py:758} INFO - Processing file /home/airflow/.local/lib/python3.7/site-packages/airflow/example_dags/example_local_kubernetes_executor.py for tasks to queue
[2025-12-05T01:13:48.660+0000] {logging_mixin.py:117} INFO - [2025-12-05T01:13:48.660+0000] {dagbag.py:525} INFO - Filling up the DagBag from /home/airflow/.local/lib/python3.7/site-packages/airflow/example_dags/example_local_kubernetes_executor.py
[2025-12-05T01:13:48.681+0000] {processor.py:768} INFO - DAG(s) dict_keys(['example_local_kubernetes_executor']) retrieved from /home/airflow/.local/lib/python3.7/site-packages/airflow/example_dags/example_local_kubernetes_executor.py
[2025-12-05T01:13:48.704+0000] {logging_mixin.py:117} INFO - [2025-12-05T01:13:48.704+0000] {dag.py:2573} INFO - Sync 1 DAGs
[2025-12-05T01:13:48.723+0000] {logging_mixin.py:117} INFO - [2025-12-05T01:13:48.723+0000] {dag.py:3328} INFO - Setting next_dagrun for example_local_kubernetes_executor to None, run_after=None
[2025-12-05T01:13:48.739+0000] {processor.py:178} INFO - Processing /home/airflow/.local/lib/python3.7/site-packages/airflow/example_dags/example_local_kubernetes_executor.py took 0.081 seconds
[2025-12-05T01:14:18.907+0000] {processor.py:156} INFO - Started process (PID=11388) to work on /home/airflow/.local/lib/python3.7/site-packages/airflow/example_dags/example_local_kubernetes_executor.py
[2025-12-05T01:14:18.907+0000] {processor.py:758} INFO - Processing file /home/airflow/.local/lib/python3.7/site-packages/airflow/example_dags/example_local_kubernetes_executor.py for tasks to queue
[2025-12-05T01:14:18.908+0000] {logging_mixin.py:117} INFO - [2025-12-05T01:14:18.908+0000] {dagbag.py:525} INFO - Filling up the DagBag from /home/airflow/.local/lib/python3.7/site-packages/airflow/example_dags/example_local_kubernetes_executor.py
[2025-12-05T01:14:18.918+0000] {processor.py:768} INFO - DAG(s) dict_keys(['example_local_kubernetes_executor']) retrieved from /home/airflow/.local/lib/python3.7/site-packages/airflow/example_dags/example_local_kubernetes_executor.py
[2025-12-05T01:14:18.936+0000] {logging_mixin.py:117} INFO - [2025-12-05T01:14:18.936+0000] {dag.py:2573} INFO - Sync 1 DAGs
[2025-12-05T01:14:18.947+0000] {logging_mixin.py:117} INFO - [2025-12-05T01:14:18.947+0000] {dag.py:3328} INFO - Setting next_dagrun for example_local_kubernetes_executor to None, run_after=None
[2025-12-05T01:14:18.954+0000] {processor.py:178} INFO - Processing /home/airflow/.local/lib/python3.7/site-packages/airflow/example_dags/example_local_kubernetes_executor.py took 0.049 seconds
[2025-12-05T01:14:49.220+0000] {processor.py:156} INFO - Started process (PID=11589) to work on /home/airflow/.local/lib/python3.7/site-packages/airflow/example_dags/example_local_kubernetes_executor.py
[2025-12-05T01:14:49.220+0000] {processor.py:758} INFO - Processing file /home/airflow/.local/lib/python3.7/site-packages/airflow/example_dags/example_local_kubernetes_executor.py for tasks to queue
[2025-12-05T01:14:49.221+0000] {logging_mixin.py:117} INFO - [2025-12-05T01:14:49.221+0000] {dagbag.py:525} INFO - Filling up the DagBag from /home/airflow/.local/lib/python3.7/site-packages/airflow/example_dags/example_local_kubernetes_executor.py
[2025-12-05T01:14:49.233+0000] {processor.py:768} INFO - DAG(s) dict_keys(['example_local_kubernetes_executor']) retrieved from /home/airflow/.local/lib/python3.7/site-packages/airflow/example_dags/example_local_kubernetes_executor.py
[2025-12-05T01:14:49.255+0000] {logging_mixin.py:117} INFO - [2025-12-05T01:14:49.255+0000] {dag.py:2573} INFO - Sync 1 DAGs
[2025-12-05T01:14:49.270+0000] {logging_mixin.py:117} INFO - [2025-12-05T01:14:49.270+0000] {dag.py:3328} INFO - Setting next_dagrun for example_local_kubernetes_executor to None, run_after=None
[2025-12-05T01:14:49.283+0000] {processor.py:178} INFO - Processing /home/airflow/.local/lib/python3.7/site-packages/airflow/example_dags/example_local_kubernetes_executor.py took 0.065 seconds
[2025-12-05T01:15:19.511+0000] {processor.py:156} INFO - Started process (PID=11789) to work on /home/airflow/.local/lib/python3.7/site-packages/airflow/example_dags/example_local_kubernetes_executor.py
[2025-12-05T01:15:19.511+0000] {processor.py:758} INFO - Processing file /home/airflow/.local/lib/python3.7/site-packages/airflow/example_dags/example_local_kubernetes_executor.py for tasks to queue
[2025-12-05T01:15:19.513+0000] {logging_mixin.py:117} INFO - [2025-12-05T01:15:19.513+0000] {dagbag.py:525} INFO - Filling up the DagBag from /home/airflow/.local/lib/python3.7/site-packages/airflow/example_dags/example_local_kubernetes_executor.py
[2025-12-05T01:15:19.525+0000] {processor.py:768} INFO - DAG(s) dict_keys(['example_local_kubernetes_executor']) retrieved from /home/airflow/.local/lib/python3.7/site-packages/airflow/example_dags/example_local_kubernetes_executor.py
[2025-12-05T01:15:19.547+0000] {logging_mixin.py:117} INFO - [2025-12-05T01:15:19.547+0000] {dag.py:2573} INFO - Sync 1 DAGs
[2025-12-05T01:15:19.562+0000] {logging_mixin.py:117} INFO - [2025-12-05T01:15:19.562+0000] {dag.py:3328} INFO - Setting next_dagrun for example_local_kubernetes_executor to None, run_after=None
[2025-12-05T01:15:19.575+0000] {processor.py:178} INFO - Processing /home/airflow/.local/lib/python3.7/site-packages/airflow/example_dags/example_local_kubernetes_executor.py took 0.066 seconds
[2025-12-05T01:15:49.899+0000] {processor.py:156} INFO - Started process (PID=11992) to work on /home/airflow/.local/lib/python3.7/site-packages/airflow/example_dags/example_local_kubernetes_executor.py
[2025-12-05T01:15:49.900+0000] {processor.py:758} INFO - Processing file /home/airflow/.local/lib/python3.7/site-packages/airflow/example_dags/example_local_kubernetes_executor.py for tasks to queue
[2025-12-05T01:15:49.901+0000] {logging_mixin.py:117} INFO - [2025-12-05T01:15:49.901+0000] {dagbag.py:525} INFO - Filling up the DagBag from /home/airflow/.local/lib/python3.7/site-packages/airflow/example_dags/example_local_kubernetes_executor.py
[2025-12-05T01:15:49.913+0000] {processor.py:768} INFO - DAG(s) dict_keys(['example_local_kubernetes_executor']) retrieved from /home/airflow/.local/lib/python3.7/site-packages/airflow/example_dags/example_local_kubernetes_executor.py
[2025-12-05T01:15:49.934+0000] {logging_mixin.py:117} INFO - [2025-12-05T01:15:49.934+0000] {dag.py:2573} INFO - Sync 1 DAGs
[2025-12-05T01:15:49.953+0000] {logging_mixin.py:117} INFO - [2025-12-05T01:15:49.953+0000] {dag.py:3328} INFO - Setting next_dagrun for example_local_kubernetes_executor to None, run_after=None
[2025-12-05T01:15:49.968+0000] {processor.py:178} INFO - Processing /home/airflow/.local/lib/python3.7/site-packages/airflow/example_dags/example_local_kubernetes_executor.py took 0.071 seconds
[2025-12-05T01:16:20.914+0000] {processor.py:156} INFO - Started process (PID=12198) to work on /home/airflow/.local/lib/python3.7/site-packages/airflow/example_dags/example_local_kubernetes_executor.py
[2025-12-05T01:16:20.914+0000] {processor.py:758} INFO - Processing file /home/airflow/.local/lib/python3.7/site-packages/airflow/example_dags/example_local_kubernetes_executor.py for tasks to queue
[2025-12-05T01:16:20.915+0000] {logging_mixin.py:117} INFO - [2025-12-05T01:16:20.915+0000] {dagbag.py:525} INFO - Filling up the DagBag from /home/airflow/.local/lib/python3.7/site-packages/airflow/example_dags/example_local_kubernetes_executor.py
[2025-12-05T01:16:20.929+0000] {processor.py:768} INFO - DAG(s) dict_keys(['example_local_kubernetes_executor']) retrieved from /home/airflow/.local/lib/python3.7/site-packages/airflow/example_dags/example_local_kubernetes_executor.py
[2025-12-05T01:16:20.950+0000] {logging_mixin.py:117} INFO - [2025-12-05T01:16:20.950+0000] {dag.py:2573} INFO - Sync 1 DAGs
[2025-12-05T01:16:20.961+0000] {logging_mixin.py:117} INFO - [2025-12-05T01:16:20.961+0000] {dag.py:3328} INFO - Setting next_dagrun for example_local_kubernetes_executor to None, run_after=None
[2025-12-05T01:16:20.969+0000] {processor.py:178} INFO - Processing /home/airflow/.local/lib/python3.7/site-packages/airflow/example_dags/example_local_kubernetes_executor.py took 0.057 seconds
[2025-12-05T01:16:51.308+0000] {processor.py:156} INFO - Started process (PID=12409) to work on /home/airflow/.local/lib/python3.7/site-packages/airflow/example_dags/example_local_kubernetes_executor.py
[2025-12-05T01:16:51.309+0000] {processor.py:758} INFO - Processing file /home/airflow/.local/lib/python3.7/site-packages/airflow/example_dags/example_local_kubernetes_executor.py for tasks to queue
[2025-12-05T01:16:51.309+0000] {logging_mixin.py:117} INFO - [2025-12-05T01:16:51.309+0000] {dagbag.py:525} INFO - Filling up the DagBag from /home/airflow/.local/lib/python3.7/site-packages/airflow/example_dags/example_local_kubernetes_executor.py
[2025-12-05T01:16:51.321+0000] {processor.py:768} INFO - DAG(s) dict_keys(['example_local_kubernetes_executor']) retrieved from /home/airflow/.local/lib/python3.7/site-packages/airflow/example_dags/example_local_kubernetes_executor.py
[2025-12-05T01:16:51.342+0000] {logging_mixin.py:117} INFO - [2025-12-05T01:16:51.342+0000] {dag.py:2573} INFO - Sync 1 DAGs
[2025-12-05T01:16:51.353+0000] {logging_mixin.py:117} INFO - [2025-12-05T01:16:51.353+0000] {dag.py:3328} INFO - Setting next_dagrun for example_local_kubernetes_executor to None, run_after=None
[2025-12-05T01:16:51.360+0000] {processor.py:178} INFO - Processing /home/airflow/.local/lib/python3.7/site-packages/airflow/example_dags/example_local_kubernetes_executor.py took 0.054 seconds
[2025-12-05T01:17:21.931+0000] {processor.py:156} INFO - Started process (PID=12615) to work on /home/airflow/.local/lib/python3.7/site-packages/airflow/example_dags/example_local_kubernetes_executor.py
[2025-12-05T01:17:21.932+0000] {processor.py:758} INFO - Processing file /home/airflow/.local/lib/python3.7/site-packages/airflow/example_dags/example_local_kubernetes_executor.py for tasks to queue
[2025-12-05T01:17:21.932+0000] {logging_mixin.py:117} INFO - [2025-12-05T01:17:21.932+0000] {dagbag.py:525} INFO - Filling up the DagBag from /home/airflow/.local/lib/python3.7/site-packages/airflow/example_dags/example_local_kubernetes_executor.py
[2025-12-05T01:17:21.945+0000] {processor.py:768} INFO - DAG(s) dict_keys(['example_local_kubernetes_executor']) retrieved from /home/airflow/.local/lib/python3.7/site-packages/airflow/example_dags/example_local_kubernetes_executor.py
[2025-12-05T01:17:21.964+0000] {logging_mixin.py:117} INFO - [2025-12-05T01:17:21.964+0000] {dag.py:2573} INFO - Sync 1 DAGs
[2025-12-05T01:17:21.975+0000] {logging_mixin.py:117} INFO - [2025-12-05T01:17:21.975+0000] {dag.py:3328} INFO - Setting next_dagrun for example_local_kubernetes_executor to None, run_after=None
[2025-12-05T01:17:21.983+0000] {processor.py:178} INFO - Processing /home/airflow/.local/lib/python3.7/site-packages/airflow/example_dags/example_local_kubernetes_executor.py took 0.054 seconds
[2025-12-05T01:17:52.105+0000] {processor.py:156} INFO - Started process (PID=12823) to work on /home/airflow/.local/lib/python3.7/site-packages/airflow/example_dags/example_local_kubernetes_executor.py
[2025-12-05T01:17:52.106+0000] {processor.py:758} INFO - Processing file /home/airflow/.local/lib/python3.7/site-packages/airflow/example_dags/example_local_kubernetes_executor.py for tasks to queue
[2025-12-05T01:17:52.106+0000] {logging_mixin.py:117} INFO - [2025-12-05T01:17:52.106+0000] {dagbag.py:525} INFO - Filling up the DagBag from /home/airflow/.local/lib/python3.7/site-packages/airflow/example_dags/example_local_kubernetes_executor.py
[2025-12-05T01:17:52.120+0000] {processor.py:768} INFO - DAG(s) dict_keys(['example_local_kubernetes_executor']) retrieved from /home/airflow/.local/lib/python3.7/site-packages/airflow/example_dags/example_local_kubernetes_executor.py
[2025-12-05T01:17:52.148+0000] {logging_mixin.py:117} INFO - [2025-12-05T01:17:52.147+0000] {dag.py:2573} INFO - Sync 1 DAGs
[2025-12-05T01:17:52.161+0000] {logging_mixin.py:117} INFO - [2025-12-05T01:17:52.161+0000] {dag.py:3328} INFO - Setting next_dagrun for example_local_kubernetes_executor to None, run_after=None
[2025-12-05T01:17:52.172+0000] {processor.py:178} INFO - Processing /home/airflow/.local/lib/python3.7/site-packages/airflow/example_dags/example_local_kubernetes_executor.py took 0.076 seconds
[2025-12-05T01:18:22.574+0000] {processor.py:156} INFO - Started process (PID=13029) to work on /home/airflow/.local/lib/python3.7/site-packages/airflow/example_dags/example_local_kubernetes_executor.py
[2025-12-05T01:18:22.575+0000] {processor.py:758} INFO - Processing file /home/airflow/.local/lib/python3.7/site-packages/airflow/example_dags/example_local_kubernetes_executor.py for tasks to queue
[2025-12-05T01:18:22.575+0000] {logging_mixin.py:117} INFO - [2025-12-05T01:18:22.575+0000] {dagbag.py:525} INFO - Filling up the DagBag from /home/airflow/.local/lib/python3.7/site-packages/airflow/example_dags/example_local_kubernetes_executor.py
[2025-12-05T01:18:22.595+0000] {processor.py:768} INFO - DAG(s) dict_keys(['example_local_kubernetes_executor']) retrieved from /home/airflow/.local/lib/python3.7/site-packages/airflow/example_dags/example_local_kubernetes_executor.py
[2025-12-05T01:18:22.625+0000] {logging_mixin.py:117} INFO - [2025-12-05T01:18:22.625+0000] {dag.py:2573} INFO - Sync 1 DAGs
[2025-12-05T01:18:22.638+0000] {logging_mixin.py:117} INFO - [2025-12-05T01:18:22.638+0000] {dag.py:3328} INFO - Setting next_dagrun for example_local_kubernetes_executor to None, run_after=None
[2025-12-05T01:18:22.646+0000] {processor.py:178} INFO - Processing /home/airflow/.local/lib/python3.7/site-packages/airflow/example_dags/example_local_kubernetes_executor.py took 0.074 seconds
[2025-12-05T01:18:53.642+0000] {processor.py:156} INFO - Started process (PID=13235) to work on /home/airflow/.local/lib/python3.7/site-packages/airflow/example_dags/example_local_kubernetes_executor.py
[2025-12-05T01:18:53.646+0000] {processor.py:758} INFO - Processing file /home/airflow/.local/lib/python3.7/site-packages/airflow/example_dags/example_local_kubernetes_executor.py for tasks to queue
[2025-12-05T01:18:53.647+0000] {logging_mixin.py:117} INFO - [2025-12-05T01:18:53.647+0000] {dagbag.py:525} INFO - Filling up the DagBag from /home/airflow/.local/lib/python3.7/site-packages/airflow/example_dags/example_local_kubernetes_executor.py
[2025-12-05T01:18:53.664+0000] {processor.py:768} INFO - DAG(s) dict_keys(['example_local_kubernetes_executor']) retrieved from /home/airflow/.local/lib/python3.7/site-packages/airflow/example_dags/example_local_kubernetes_executor.py
[2025-12-05T01:18:53.693+0000] {logging_mixin.py:117} INFO - [2025-12-05T01:18:53.693+0000] {dag.py:2573} INFO - Sync 1 DAGs
[2025-12-05T01:18:53.705+0000] {logging_mixin.py:117} INFO - [2025-12-05T01:18:53.705+0000] {dag.py:3328} INFO - Setting next_dagrun for example_local_kubernetes_executor to None, run_after=None
[2025-12-05T01:18:53.713+0000] {processor.py:178} INFO - Processing /home/airflow/.local/lib/python3.7/site-packages/airflow/example_dags/example_local_kubernetes_executor.py took 0.073 seconds
[2025-12-05T01:19:24.458+0000] {processor.py:156} INFO - Started process (PID=13443) to work on /home/airflow/.local/lib/python3.7/site-packages/airflow/example_dags/example_local_kubernetes_executor.py
[2025-12-05T01:19:24.459+0000] {processor.py:758} INFO - Processing file /home/airflow/.local/lib/python3.7/site-packages/airflow/example_dags/example_local_kubernetes_executor.py for tasks to queue
[2025-12-05T01:19:24.459+0000] {logging_mixin.py:117} INFO - [2025-12-05T01:19:24.459+0000] {dagbag.py:525} INFO - Filling up the DagBag from /home/airflow/.local/lib/python3.7/site-packages/airflow/example_dags/example_local_kubernetes_executor.py
[2025-12-05T01:19:24.470+0000] {processor.py:768} INFO - DAG(s) dict_keys(['example_local_kubernetes_executor']) retrieved from /home/airflow/.local/lib/python3.7/site-packages/airflow/example_dags/example_local_kubernetes_executor.py
[2025-12-05T01:19:24.487+0000] {logging_mixin.py:117} INFO - [2025-12-05T01:19:24.487+0000] {dag.py:2573} INFO - Sync 1 DAGs
[2025-12-05T01:19:24.498+0000] {logging_mixin.py:117} INFO - [2025-12-05T01:19:24.498+0000] {dag.py:3328} INFO - Setting next_dagrun for example_local_kubernetes_executor to None, run_after=None
[2025-12-05T01:19:24.505+0000] {processor.py:178} INFO - Processing /home/airflow/.local/lib/python3.7/site-packages/airflow/example_dags/example_local_kubernetes_executor.py took 0.049 seconds
[2025-12-05T01:19:55.390+0000] {processor.py:156} INFO - Started process (PID=13654) to work on /home/airflow/.local/lib/python3.7/site-packages/airflow/example_dags/example_local_kubernetes_executor.py
[2025-12-05T01:19:55.390+0000] {processor.py:758} INFO - Processing file /home/airflow/.local/lib/python3.7/site-packages/airflow/example_dags/example_local_kubernetes_executor.py for tasks to queue
[2025-12-05T01:19:55.390+0000] {logging_mixin.py:117} INFO - [2025-12-05T01:19:55.390+0000] {dagbag.py:525} INFO - Filling up the DagBag from /home/airflow/.local/lib/python3.7/site-packages/airflow/example_dags/example_local_kubernetes_executor.py
[2025-12-05T01:19:55.402+0000] {processor.py:768} INFO - DAG(s) dict_keys(['example_local_kubernetes_executor']) retrieved from /home/airflow/.local/lib/python3.7/site-packages/airflow/example_dags/example_local_kubernetes_executor.py
[2025-12-05T01:19:55.423+0000] {logging_mixin.py:117} INFO - [2025-12-05T01:19:55.423+0000] {dag.py:2573} INFO - Sync 1 DAGs
[2025-12-05T01:19:55.436+0000] {logging_mixin.py:117} INFO - [2025-12-05T01:19:55.436+0000] {dag.py:3328} INFO - Setting next_dagrun for example_local_kubernetes_executor to None, run_after=None
[2025-12-05T01:19:55.445+0000] {processor.py:178} INFO - Processing /home/airflow/.local/lib/python3.7/site-packages/airflow/example_dags/example_local_kubernetes_executor.py took 0.057 seconds
[2025-12-05T01:20:26.315+0000] {processor.py:156} INFO - Started process (PID=13862) to work on /home/airflow/.local/lib/python3.7/site-packages/airflow/example_dags/example_local_kubernetes_executor.py
[2025-12-05T01:20:26.315+0000] {processor.py:758} INFO - Processing file /home/airflow/.local/lib/python3.7/site-packages/airflow/example_dags/example_local_kubernetes_executor.py for tasks to queue
[2025-12-05T01:20:26.315+0000] {logging_mixin.py:117} INFO - [2025-12-05T01:20:26.315+0000] {dagbag.py:525} INFO - Filling up the DagBag from /home/airflow/.local/lib/python3.7/site-packages/airflow/example_dags/example_local_kubernetes_executor.py
[2025-12-05T01:20:26.328+0000] {processor.py:768} INFO - DAG(s) dict_keys(['example_local_kubernetes_executor']) retrieved from /home/airflow/.local/lib/python3.7/site-packages/airflow/example_dags/example_local_kubernetes_executor.py
[2025-12-05T01:20:26.347+0000] {logging_mixin.py:117} INFO - [2025-12-05T01:20:26.347+0000] {dag.py:2573} INFO - Sync 1 DAGs
[2025-12-05T01:20:26.358+0000] {logging_mixin.py:117} INFO - [2025-12-05T01:20:26.358+0000] {dag.py:3328} INFO - Setting next_dagrun for example_local_kubernetes_executor to None, run_after=None
[2025-12-05T01:20:26.365+0000] {processor.py:178} INFO - Processing /home/airflow/.local/lib/python3.7/site-packages/airflow/example_dags/example_local_kubernetes_executor.py took 0.053 seconds
[2025-12-05T01:20:57.356+0000] {processor.py:156} INFO - Started process (PID=14066) to work on /home/airflow/.local/lib/python3.7/site-packages/airflow/example_dags/example_local_kubernetes_executor.py
[2025-12-05T01:20:57.358+0000] {processor.py:758} INFO - Processing file /home/airflow/.local/lib/python3.7/site-packages/airflow/example_dags/example_local_kubernetes_executor.py for tasks to queue
[2025-12-05T01:20:57.358+0000] {logging_mixin.py:117} INFO - [2025-12-05T01:20:57.358+0000] {dagbag.py:525} INFO - Filling up the DagBag from /home/airflow/.local/lib/python3.7/site-packages/airflow/example_dags/example_local_kubernetes_executor.py
[2025-12-05T01:20:57.375+0000] {processor.py:768} INFO - DAG(s) dict_keys(['example_local_kubernetes_executor']) retrieved from /home/airflow/.local/lib/python3.7/site-packages/airflow/example_dags/example_local_kubernetes_executor.py
[2025-12-05T01:20:57.394+0000] {logging_mixin.py:117} INFO - [2025-12-05T01:20:57.394+0000] {dag.py:2573} INFO - Sync 1 DAGs
[2025-12-05T01:20:57.405+0000] {logging_mixin.py:117} INFO - [2025-12-05T01:20:57.405+0000] {dag.py:3328} INFO - Setting next_dagrun for example_local_kubernetes_executor to None, run_after=None
[2025-12-05T01:20:57.414+0000] {processor.py:178} INFO - Processing /home/airflow/.local/lib/python3.7/site-packages/airflow/example_dags/example_local_kubernetes_executor.py took 0.061 seconds
