[2025-12-05T00:46:08.415+0000] {processor.py:156} INFO - Started process (PID=339) to work on /home/airflow/.local/lib/python3.7/site-packages/airflow/example_dags/example_xcom.py
[2025-12-05T00:46:08.418+0000] {processor.py:758} INFO - Processing file /home/airflow/.local/lib/python3.7/site-packages/airflow/example_dags/example_xcom.py for tasks to queue
[2025-12-05T00:46:08.419+0000] {logging_mixin.py:117} INFO - [2025-12-05T00:46:08.419+0000] {dagbag.py:525} INFO - Filling up the DagBag from /home/airflow/.local/lib/python3.7/site-packages/airflow/example_dags/example_xcom.py
[2025-12-05T00:46:08.434+0000] {processor.py:768} INFO - DAG(s) dict_keys(['example_xcom']) retrieved from /home/airflow/.local/lib/python3.7/site-packages/airflow/example_dags/example_xcom.py
[2025-12-05T00:46:08.583+0000] {logging_mixin.py:117} INFO - [2025-12-05T00:46:08.583+0000] {manager.py:508} INFO - Created Permission View: can read on DAG:example_xcom
[2025-12-05T00:46:08.589+0000] {logging_mixin.py:117} INFO - [2025-12-05T00:46:08.589+0000] {manager.py:508} INFO - Created Permission View: can delete on DAG:example_xcom
[2025-12-05T00:46:08.592+0000] {logging_mixin.py:117} INFO - [2025-12-05T00:46:08.592+0000] {manager.py:508} INFO - Created Permission View: can edit on DAG:example_xcom
[2025-12-05T00:46:08.592+0000] {logging_mixin.py:117} INFO - [2025-12-05T00:46:08.592+0000] {dag.py:2573} INFO - Sync 1 DAGs
[2025-12-05T00:46:08.598+0000] {logging_mixin.py:117} INFO - [2025-12-05T00:46:08.598+0000] {dag.py:2594} INFO - Creating ORM DAG for example_xcom
[2025-12-05T00:46:08.603+0000] {logging_mixin.py:117} INFO - [2025-12-05T00:46:08.603+0000] {dag.py:3328} INFO - Setting next_dagrun for example_xcom to 2021-01-01T00:00:00+00:00, run_after=2021-01-01T00:00:00+00:00
[2025-12-05T00:46:08.611+0000] {processor.py:178} INFO - Processing /home/airflow/.local/lib/python3.7/site-packages/airflow/example_dags/example_xcom.py took 0.199 seconds
[2025-12-05T00:46:39.585+0000] {processor.py:156} INFO - Started process (PID=540) to work on /home/airflow/.local/lib/python3.7/site-packages/airflow/example_dags/example_xcom.py
[2025-12-05T00:46:39.586+0000] {processor.py:758} INFO - Processing file /home/airflow/.local/lib/python3.7/site-packages/airflow/example_dags/example_xcom.py for tasks to queue
[2025-12-05T00:46:39.586+0000] {logging_mixin.py:117} INFO - [2025-12-05T00:46:39.586+0000] {dagbag.py:525} INFO - Filling up the DagBag from /home/airflow/.local/lib/python3.7/site-packages/airflow/example_dags/example_xcom.py
[2025-12-05T00:46:39.604+0000] {processor.py:768} INFO - DAG(s) dict_keys(['example_xcom']) retrieved from /home/airflow/.local/lib/python3.7/site-packages/airflow/example_dags/example_xcom.py
[2025-12-05T00:46:39.629+0000] {logging_mixin.py:117} INFO - [2025-12-05T00:46:39.629+0000] {dag.py:2573} INFO - Sync 1 DAGs
[2025-12-05T00:46:39.641+0000] {logging_mixin.py:117} INFO - [2025-12-05T00:46:39.641+0000] {dag.py:3328} INFO - Setting next_dagrun for example_xcom to 2021-01-01T00:00:00+00:00, run_after=2021-01-01T00:00:00+00:00
[2025-12-05T00:46:39.651+0000] {processor.py:178} INFO - Processing /home/airflow/.local/lib/python3.7/site-packages/airflow/example_dags/example_xcom.py took 0.069 seconds
[2025-12-05T00:47:09.673+0000] {processor.py:156} INFO - Started process (PID=742) to work on /home/airflow/.local/lib/python3.7/site-packages/airflow/example_dags/example_xcom.py
[2025-12-05T00:47:09.675+0000] {processor.py:758} INFO - Processing file /home/airflow/.local/lib/python3.7/site-packages/airflow/example_dags/example_xcom.py for tasks to queue
[2025-12-05T00:47:09.675+0000] {logging_mixin.py:117} INFO - [2025-12-05T00:47:09.675+0000] {dagbag.py:525} INFO - Filling up the DagBag from /home/airflow/.local/lib/python3.7/site-packages/airflow/example_dags/example_xcom.py
[2025-12-05T00:47:09.687+0000] {processor.py:768} INFO - DAG(s) dict_keys(['example_xcom']) retrieved from /home/airflow/.local/lib/python3.7/site-packages/airflow/example_dags/example_xcom.py
[2025-12-05T00:47:09.714+0000] {logging_mixin.py:117} INFO - [2025-12-05T00:47:09.714+0000] {dag.py:2573} INFO - Sync 1 DAGs
[2025-12-05T00:47:09.725+0000] {logging_mixin.py:117} INFO - [2025-12-05T00:47:09.725+0000] {dag.py:3328} INFO - Setting next_dagrun for example_xcom to 2021-01-01T00:00:00+00:00, run_after=2021-01-01T00:00:00+00:00
[2025-12-05T00:47:09.734+0000] {processor.py:178} INFO - Processing /home/airflow/.local/lib/python3.7/site-packages/airflow/example_dags/example_xcom.py took 0.063 seconds
[2025-12-05T00:47:40.190+0000] {processor.py:156} INFO - Started process (PID=943) to work on /home/airflow/.local/lib/python3.7/site-packages/airflow/example_dags/example_xcom.py
[2025-12-05T00:47:40.191+0000] {processor.py:758} INFO - Processing file /home/airflow/.local/lib/python3.7/site-packages/airflow/example_dags/example_xcom.py for tasks to queue
[2025-12-05T00:47:40.191+0000] {logging_mixin.py:117} INFO - [2025-12-05T00:47:40.191+0000] {dagbag.py:525} INFO - Filling up the DagBag from /home/airflow/.local/lib/python3.7/site-packages/airflow/example_dags/example_xcom.py
[2025-12-05T00:47:40.205+0000] {processor.py:768} INFO - DAG(s) dict_keys(['example_xcom']) retrieved from /home/airflow/.local/lib/python3.7/site-packages/airflow/example_dags/example_xcom.py
[2025-12-05T00:47:40.230+0000] {logging_mixin.py:117} INFO - [2025-12-05T00:47:40.230+0000] {dag.py:2573} INFO - Sync 1 DAGs
[2025-12-05T00:47:40.346+0000] {logging_mixin.py:117} INFO - [2025-12-05T00:47:40.345+0000] {dag.py:3328} INFO - Setting next_dagrun for example_xcom to 2021-01-01T00:00:00+00:00, run_after=2021-01-01T00:00:00+00:00
[2025-12-05T00:47:40.356+0000] {processor.py:178} INFO - Processing /home/airflow/.local/lib/python3.7/site-packages/airflow/example_dags/example_xcom.py took 0.167 seconds
[2025-12-05T00:48:11.214+0000] {processor.py:156} INFO - Started process (PID=1146) to work on /home/airflow/.local/lib/python3.7/site-packages/airflow/example_dags/example_xcom.py
[2025-12-05T00:48:11.214+0000] {processor.py:758} INFO - Processing file /home/airflow/.local/lib/python3.7/site-packages/airflow/example_dags/example_xcom.py for tasks to queue
[2025-12-05T00:48:11.214+0000] {logging_mixin.py:117} INFO - [2025-12-05T00:48:11.214+0000] {dagbag.py:525} INFO - Filling up the DagBag from /home/airflow/.local/lib/python3.7/site-packages/airflow/example_dags/example_xcom.py
[2025-12-05T00:48:11.230+0000] {processor.py:768} INFO - DAG(s) dict_keys(['example_xcom']) retrieved from /home/airflow/.local/lib/python3.7/site-packages/airflow/example_dags/example_xcom.py
[2025-12-05T00:48:11.249+0000] {logging_mixin.py:117} INFO - [2025-12-05T00:48:11.248+0000] {dag.py:2573} INFO - Sync 1 DAGs
[2025-12-05T00:48:11.340+0000] {logging_mixin.py:117} INFO - [2025-12-05T00:48:11.340+0000] {dag.py:3328} INFO - Setting next_dagrun for example_xcom to 2021-01-01T00:00:00+00:00, run_after=2021-01-01T00:00:00+00:00
[2025-12-05T00:48:11.351+0000] {processor.py:178} INFO - Processing /home/airflow/.local/lib/python3.7/site-packages/airflow/example_dags/example_xcom.py took 0.139 seconds
[2025-12-05T00:48:42.078+0000] {processor.py:156} INFO - Started process (PID=1347) to work on /home/airflow/.local/lib/python3.7/site-packages/airflow/example_dags/example_xcom.py
[2025-12-05T00:48:42.079+0000] {processor.py:758} INFO - Processing file /home/airflow/.local/lib/python3.7/site-packages/airflow/example_dags/example_xcom.py for tasks to queue
[2025-12-05T00:48:42.079+0000] {logging_mixin.py:117} INFO - [2025-12-05T00:48:42.079+0000] {dagbag.py:525} INFO - Filling up the DagBag from /home/airflow/.local/lib/python3.7/site-packages/airflow/example_dags/example_xcom.py
[2025-12-05T00:48:42.090+0000] {processor.py:768} INFO - DAG(s) dict_keys(['example_xcom']) retrieved from /home/airflow/.local/lib/python3.7/site-packages/airflow/example_dags/example_xcom.py
[2025-12-05T00:48:42.194+0000] {logging_mixin.py:117} INFO - [2025-12-05T00:48:42.194+0000] {dag.py:2573} INFO - Sync 1 DAGs
[2025-12-05T00:48:42.205+0000] {logging_mixin.py:117} INFO - [2025-12-05T00:48:42.205+0000] {dag.py:3328} INFO - Setting next_dagrun for example_xcom to 2021-01-01T00:00:00+00:00, run_after=2021-01-01T00:00:00+00:00
[2025-12-05T00:48:42.216+0000] {processor.py:178} INFO - Processing /home/airflow/.local/lib/python3.7/site-packages/airflow/example_dags/example_xcom.py took 0.139 seconds
[2025-12-05T00:49:12.976+0000] {processor.py:156} INFO - Started process (PID=1548) to work on /home/airflow/.local/lib/python3.7/site-packages/airflow/example_dags/example_xcom.py
[2025-12-05T00:49:12.977+0000] {processor.py:758} INFO - Processing file /home/airflow/.local/lib/python3.7/site-packages/airflow/example_dags/example_xcom.py for tasks to queue
[2025-12-05T00:49:12.977+0000] {logging_mixin.py:117} INFO - [2025-12-05T00:49:12.977+0000] {dagbag.py:525} INFO - Filling up the DagBag from /home/airflow/.local/lib/python3.7/site-packages/airflow/example_dags/example_xcom.py
[2025-12-05T00:49:12.989+0000] {processor.py:768} INFO - DAG(s) dict_keys(['example_xcom']) retrieved from /home/airflow/.local/lib/python3.7/site-packages/airflow/example_dags/example_xcom.py
[2025-12-05T00:49:13.099+0000] {logging_mixin.py:117} INFO - [2025-12-05T00:49:13.099+0000] {dag.py:2573} INFO - Sync 1 DAGs
[2025-12-05T00:49:13.110+0000] {logging_mixin.py:117} INFO - [2025-12-05T00:49:13.110+0000] {dag.py:3328} INFO - Setting next_dagrun for example_xcom to 2021-01-01T00:00:00+00:00, run_after=2021-01-01T00:00:00+00:00
[2025-12-05T00:49:13.121+0000] {processor.py:178} INFO - Processing /home/airflow/.local/lib/python3.7/site-packages/airflow/example_dags/example_xcom.py took 0.146 seconds
[2025-12-05T00:49:43.296+0000] {processor.py:156} INFO - Started process (PID=1747) to work on /home/airflow/.local/lib/python3.7/site-packages/airflow/example_dags/example_xcom.py
[2025-12-05T00:49:43.297+0000] {processor.py:758} INFO - Processing file /home/airflow/.local/lib/python3.7/site-packages/airflow/example_dags/example_xcom.py for tasks to queue
[2025-12-05T00:49:43.298+0000] {logging_mixin.py:117} INFO - [2025-12-05T00:49:43.298+0000] {dagbag.py:525} INFO - Filling up the DagBag from /home/airflow/.local/lib/python3.7/site-packages/airflow/example_dags/example_xcom.py
[2025-12-05T00:49:43.390+0000] {processor.py:768} INFO - DAG(s) dict_keys(['example_xcom']) retrieved from /home/airflow/.local/lib/python3.7/site-packages/airflow/example_dags/example_xcom.py
[2025-12-05T00:49:43.408+0000] {logging_mixin.py:117} INFO - [2025-12-05T00:49:43.408+0000] {dag.py:2573} INFO - Sync 1 DAGs
[2025-12-05T00:49:43.419+0000] {logging_mixin.py:117} INFO - [2025-12-05T00:49:43.419+0000] {dag.py:3328} INFO - Setting next_dagrun for example_xcom to 2021-01-01T00:00:00+00:00, run_after=2021-01-01T00:00:00+00:00
[2025-12-05T00:49:43.431+0000] {processor.py:178} INFO - Processing /home/airflow/.local/lib/python3.7/site-packages/airflow/example_dags/example_xcom.py took 0.136 seconds
[2025-12-05T00:50:14.287+0000] {processor.py:156} INFO - Started process (PID=1949) to work on /home/airflow/.local/lib/python3.7/site-packages/airflow/example_dags/example_xcom.py
[2025-12-05T00:50:14.288+0000] {processor.py:758} INFO - Processing file /home/airflow/.local/lib/python3.7/site-packages/airflow/example_dags/example_xcom.py for tasks to queue
[2025-12-05T00:50:14.289+0000] {logging_mixin.py:117} INFO - [2025-12-05T00:50:14.289+0000] {dagbag.py:525} INFO - Filling up the DagBag from /home/airflow/.local/lib/python3.7/site-packages/airflow/example_dags/example_xcom.py
[2025-12-05T00:50:14.300+0000] {processor.py:768} INFO - DAG(s) dict_keys(['example_xcom']) retrieved from /home/airflow/.local/lib/python3.7/site-packages/airflow/example_dags/example_xcom.py
[2025-12-05T00:50:14.323+0000] {logging_mixin.py:117} INFO - [2025-12-05T00:50:14.323+0000] {dag.py:2573} INFO - Sync 1 DAGs
[2025-12-05T00:50:14.417+0000] {logging_mixin.py:117} INFO - [2025-12-05T00:50:14.416+0000] {dag.py:3328} INFO - Setting next_dagrun for example_xcom to 2021-01-01T00:00:00+00:00, run_after=2021-01-01T00:00:00+00:00
[2025-12-05T00:50:14.424+0000] {processor.py:178} INFO - Processing /home/airflow/.local/lib/python3.7/site-packages/airflow/example_dags/example_xcom.py took 0.139 seconds
[2025-12-05T00:50:45.185+0000] {processor.py:156} INFO - Started process (PID=2150) to work on /home/airflow/.local/lib/python3.7/site-packages/airflow/example_dags/example_xcom.py
[2025-12-05T00:50:45.187+0000] {processor.py:758} INFO - Processing file /home/airflow/.local/lib/python3.7/site-packages/airflow/example_dags/example_xcom.py for tasks to queue
[2025-12-05T00:50:45.188+0000] {logging_mixin.py:117} INFO - [2025-12-05T00:50:45.188+0000] {dagbag.py:525} INFO - Filling up the DagBag from /home/airflow/.local/lib/python3.7/site-packages/airflow/example_dags/example_xcom.py
[2025-12-05T00:50:45.204+0000] {processor.py:768} INFO - DAG(s) dict_keys(['example_xcom']) retrieved from /home/airflow/.local/lib/python3.7/site-packages/airflow/example_dags/example_xcom.py
[2025-12-05T00:50:45.335+0000] {logging_mixin.py:117} INFO - [2025-12-05T00:50:45.335+0000] {dag.py:2573} INFO - Sync 1 DAGs
[2025-12-05T00:50:45.348+0000] {logging_mixin.py:117} INFO - [2025-12-05T00:50:45.347+0000] {dag.py:3328} INFO - Setting next_dagrun for example_xcom to 2021-01-01T00:00:00+00:00, run_after=2021-01-01T00:00:00+00:00
[2025-12-05T00:50:45.356+0000] {processor.py:178} INFO - Processing /home/airflow/.local/lib/python3.7/site-packages/airflow/example_dags/example_xcom.py took 0.178 seconds
[2025-12-05T00:51:15.656+0000] {processor.py:156} INFO - Started process (PID=2351) to work on /home/airflow/.local/lib/python3.7/site-packages/airflow/example_dags/example_xcom.py
[2025-12-05T00:51:15.657+0000] {processor.py:758} INFO - Processing file /home/airflow/.local/lib/python3.7/site-packages/airflow/example_dags/example_xcom.py for tasks to queue
[2025-12-05T00:51:15.658+0000] {logging_mixin.py:117} INFO - [2025-12-05T00:51:15.658+0000] {dagbag.py:525} INFO - Filling up the DagBag from /home/airflow/.local/lib/python3.7/site-packages/airflow/example_dags/example_xcom.py
[2025-12-05T00:51:15.671+0000] {processor.py:768} INFO - DAG(s) dict_keys(['example_xcom']) retrieved from /home/airflow/.local/lib/python3.7/site-packages/airflow/example_dags/example_xcom.py
[2025-12-05T00:51:15.779+0000] {logging_mixin.py:117} INFO - [2025-12-05T00:51:15.779+0000] {dag.py:2573} INFO - Sync 1 DAGs
[2025-12-05T00:51:15.789+0000] {logging_mixin.py:117} INFO - [2025-12-05T00:51:15.789+0000] {dag.py:3328} INFO - Setting next_dagrun for example_xcom to 2021-01-01T00:00:00+00:00, run_after=2021-01-01T00:00:00+00:00
[2025-12-05T00:51:15.798+0000] {processor.py:178} INFO - Processing /home/airflow/.local/lib/python3.7/site-packages/airflow/example_dags/example_xcom.py took 0.144 seconds
[2025-12-05T00:51:46.649+0000] {processor.py:156} INFO - Started process (PID=2552) to work on /home/airflow/.local/lib/python3.7/site-packages/airflow/example_dags/example_xcom.py
[2025-12-05T00:51:46.650+0000] {processor.py:758} INFO - Processing file /home/airflow/.local/lib/python3.7/site-packages/airflow/example_dags/example_xcom.py for tasks to queue
[2025-12-05T00:51:46.650+0000] {logging_mixin.py:117} INFO - [2025-12-05T00:51:46.650+0000] {dagbag.py:525} INFO - Filling up the DagBag from /home/airflow/.local/lib/python3.7/site-packages/airflow/example_dags/example_xcom.py
[2025-12-05T00:51:46.758+0000] {processor.py:768} INFO - DAG(s) dict_keys(['example_xcom']) retrieved from /home/airflow/.local/lib/python3.7/site-packages/airflow/example_dags/example_xcom.py
[2025-12-05T00:51:46.777+0000] {logging_mixin.py:117} INFO - [2025-12-05T00:51:46.777+0000] {dag.py:2573} INFO - Sync 1 DAGs
[2025-12-05T00:51:46.788+0000] {logging_mixin.py:117} INFO - [2025-12-05T00:51:46.788+0000] {dag.py:3328} INFO - Setting next_dagrun for example_xcom to 2021-01-01T00:00:00+00:00, run_after=2021-01-01T00:00:00+00:00
[2025-12-05T00:51:46.795+0000] {processor.py:178} INFO - Processing /home/airflow/.local/lib/python3.7/site-packages/airflow/example_dags/example_xcom.py took 0.148 seconds
[2025-12-05T00:52:17.203+0000] {processor.py:156} INFO - Started process (PID=2755) to work on /home/airflow/.local/lib/python3.7/site-packages/airflow/example_dags/example_xcom.py
[2025-12-05T00:52:17.204+0000] {processor.py:758} INFO - Processing file /home/airflow/.local/lib/python3.7/site-packages/airflow/example_dags/example_xcom.py for tasks to queue
[2025-12-05T00:52:17.204+0000] {logging_mixin.py:117} INFO - [2025-12-05T00:52:17.204+0000] {dagbag.py:525} INFO - Filling up the DagBag from /home/airflow/.local/lib/python3.7/site-packages/airflow/example_dags/example_xcom.py
[2025-12-05T00:52:17.216+0000] {processor.py:768} INFO - DAG(s) dict_keys(['example_xcom']) retrieved from /home/airflow/.local/lib/python3.7/site-packages/airflow/example_dags/example_xcom.py
[2025-12-05T00:52:17.238+0000] {logging_mixin.py:117} INFO - [2025-12-05T00:52:17.238+0000] {dag.py:2573} INFO - Sync 1 DAGs
[2025-12-05T00:52:17.331+0000] {logging_mixin.py:117} INFO - [2025-12-05T00:52:17.331+0000] {dag.py:3328} INFO - Setting next_dagrun for example_xcom to 2021-01-01T00:00:00+00:00, run_after=2021-01-01T00:00:00+00:00
[2025-12-05T00:52:17.339+0000] {processor.py:178} INFO - Processing /home/airflow/.local/lib/python3.7/site-packages/airflow/example_dags/example_xcom.py took 0.137 seconds
[2025-12-05T00:52:47.655+0000] {processor.py:156} INFO - Started process (PID=2954) to work on /home/airflow/.local/lib/python3.7/site-packages/airflow/example_dags/example_xcom.py
[2025-12-05T00:52:47.656+0000] {processor.py:758} INFO - Processing file /home/airflow/.local/lib/python3.7/site-packages/airflow/example_dags/example_xcom.py for tasks to queue
[2025-12-05T00:52:47.656+0000] {logging_mixin.py:117} INFO - [2025-12-05T00:52:47.656+0000] {dagbag.py:525} INFO - Filling up the DagBag from /home/airflow/.local/lib/python3.7/site-packages/airflow/example_dags/example_xcom.py
[2025-12-05T00:52:47.669+0000] {processor.py:768} INFO - DAG(s) dict_keys(['example_xcom']) retrieved from /home/airflow/.local/lib/python3.7/site-packages/airflow/example_dags/example_xcom.py
[2025-12-05T00:52:47.775+0000] {logging_mixin.py:117} INFO - [2025-12-05T00:52:47.774+0000] {dag.py:2573} INFO - Sync 1 DAGs
[2025-12-05T00:52:47.789+0000] {logging_mixin.py:117} INFO - [2025-12-05T00:52:47.789+0000] {dag.py:3328} INFO - Setting next_dagrun for example_xcom to 2021-01-01T00:00:00+00:00, run_after=2021-01-01T00:00:00+00:00
[2025-12-05T00:52:47.799+0000] {processor.py:178} INFO - Processing /home/airflow/.local/lib/python3.7/site-packages/airflow/example_dags/example_xcom.py took 0.145 seconds
[2025-12-05T00:53:18.138+0000] {processor.py:156} INFO - Started process (PID=3155) to work on /home/airflow/.local/lib/python3.7/site-packages/airflow/example_dags/example_xcom.py
[2025-12-05T00:53:18.140+0000] {processor.py:758} INFO - Processing file /home/airflow/.local/lib/python3.7/site-packages/airflow/example_dags/example_xcom.py for tasks to queue
[2025-12-05T00:53:18.140+0000] {logging_mixin.py:117} INFO - [2025-12-05T00:53:18.140+0000] {dagbag.py:525} INFO - Filling up the DagBag from /home/airflow/.local/lib/python3.7/site-packages/airflow/example_dags/example_xcom.py
[2025-12-05T00:53:18.151+0000] {processor.py:768} INFO - DAG(s) dict_keys(['example_xcom']) retrieved from /home/airflow/.local/lib/python3.7/site-packages/airflow/example_dags/example_xcom.py
[2025-12-05T00:53:18.247+0000] {logging_mixin.py:117} INFO - [2025-12-05T00:53:18.247+0000] {dag.py:2573} INFO - Sync 1 DAGs
[2025-12-05T00:53:18.257+0000] {logging_mixin.py:117} INFO - [2025-12-05T00:53:18.257+0000] {dag.py:3328} INFO - Setting next_dagrun for example_xcom to 2021-01-01T00:00:00+00:00, run_after=2021-01-01T00:00:00+00:00
[2025-12-05T00:53:18.264+0000] {processor.py:178} INFO - Processing /home/airflow/.local/lib/python3.7/site-packages/airflow/example_dags/example_xcom.py took 0.128 seconds
[2025-12-05T00:53:49.186+0000] {processor.py:156} INFO - Started process (PID=3356) to work on /home/airflow/.local/lib/python3.7/site-packages/airflow/example_dags/example_xcom.py
[2025-12-05T00:53:49.187+0000] {processor.py:758} INFO - Processing file /home/airflow/.local/lib/python3.7/site-packages/airflow/example_dags/example_xcom.py for tasks to queue
[2025-12-05T00:53:49.187+0000] {logging_mixin.py:117} INFO - [2025-12-05T00:53:49.187+0000] {dagbag.py:525} INFO - Filling up the DagBag from /home/airflow/.local/lib/python3.7/site-packages/airflow/example_dags/example_xcom.py
[2025-12-05T00:53:49.280+0000] {processor.py:768} INFO - DAG(s) dict_keys(['example_xcom']) retrieved from /home/airflow/.local/lib/python3.7/site-packages/airflow/example_dags/example_xcom.py
[2025-12-05T00:53:49.295+0000] {logging_mixin.py:117} INFO - [2025-12-05T00:53:49.295+0000] {dag.py:2573} INFO - Sync 1 DAGs
[2025-12-05T00:53:49.306+0000] {logging_mixin.py:117} INFO - [2025-12-05T00:53:49.305+0000] {dag.py:3328} INFO - Setting next_dagrun for example_xcom to 2021-01-01T00:00:00+00:00, run_after=2021-01-01T00:00:00+00:00
[2025-12-05T00:53:49.313+0000] {processor.py:178} INFO - Processing /home/airflow/.local/lib/python3.7/site-packages/airflow/example_dags/example_xcom.py took 0.129 seconds
[2025-12-05T00:54:19.797+0000] {processor.py:156} INFO - Started process (PID=3557) to work on /home/airflow/.local/lib/python3.7/site-packages/airflow/example_dags/example_xcom.py
[2025-12-05T00:54:19.798+0000] {processor.py:758} INFO - Processing file /home/airflow/.local/lib/python3.7/site-packages/airflow/example_dags/example_xcom.py for tasks to queue
[2025-12-05T00:54:19.798+0000] {logging_mixin.py:117} INFO - [2025-12-05T00:54:19.798+0000] {dagbag.py:525} INFO - Filling up the DagBag from /home/airflow/.local/lib/python3.7/site-packages/airflow/example_dags/example_xcom.py
[2025-12-05T00:54:19.815+0000] {processor.py:768} INFO - DAG(s) dict_keys(['example_xcom']) retrieved from /home/airflow/.local/lib/python3.7/site-packages/airflow/example_dags/example_xcom.py
[2025-12-05T00:54:19.841+0000] {logging_mixin.py:117} INFO - [2025-12-05T00:54:19.841+0000] {dag.py:2573} INFO - Sync 1 DAGs
[2025-12-05T00:54:19.936+0000] {logging_mixin.py:117} INFO - [2025-12-05T00:54:19.936+0000] {dag.py:3328} INFO - Setting next_dagrun for example_xcom to 2021-01-01T00:00:00+00:00, run_after=2021-01-01T00:00:00+00:00
[2025-12-05T00:54:19.944+0000] {processor.py:178} INFO - Processing /home/airflow/.local/lib/python3.7/site-packages/airflow/example_dags/example_xcom.py took 0.150 seconds
[2025-12-05T00:54:50.584+0000] {processor.py:156} INFO - Started process (PID=3758) to work on /home/airflow/.local/lib/python3.7/site-packages/airflow/example_dags/example_xcom.py
[2025-12-05T00:54:50.585+0000] {processor.py:758} INFO - Processing file /home/airflow/.local/lib/python3.7/site-packages/airflow/example_dags/example_xcom.py for tasks to queue
[2025-12-05T00:54:50.585+0000] {logging_mixin.py:117} INFO - [2025-12-05T00:54:50.585+0000] {dagbag.py:525} INFO - Filling up the DagBag from /home/airflow/.local/lib/python3.7/site-packages/airflow/example_dags/example_xcom.py
[2025-12-05T00:54:50.598+0000] {processor.py:768} INFO - DAG(s) dict_keys(['example_xcom']) retrieved from /home/airflow/.local/lib/python3.7/site-packages/airflow/example_dags/example_xcom.py
[2025-12-05T00:54:50.696+0000] {logging_mixin.py:117} INFO - [2025-12-05T00:54:50.696+0000] {dag.py:2573} INFO - Sync 1 DAGs
[2025-12-05T00:54:50.706+0000] {logging_mixin.py:117} INFO - [2025-12-05T00:54:50.706+0000] {dag.py:3328} INFO - Setting next_dagrun for example_xcom to 2021-01-01T00:00:00+00:00, run_after=2021-01-01T00:00:00+00:00
[2025-12-05T00:54:50.714+0000] {processor.py:178} INFO - Processing /home/airflow/.local/lib/python3.7/site-packages/airflow/example_dags/example_xcom.py took 0.131 seconds
[2025-12-05T00:55:21.166+0000] {processor.py:156} INFO - Started process (PID=3958) to work on /home/airflow/.local/lib/python3.7/site-packages/airflow/example_dags/example_xcom.py
[2025-12-05T00:55:21.170+0000] {processor.py:758} INFO - Processing file /home/airflow/.local/lib/python3.7/site-packages/airflow/example_dags/example_xcom.py for tasks to queue
[2025-12-05T00:55:21.171+0000] {logging_mixin.py:117} INFO - [2025-12-05T00:55:21.171+0000] {dagbag.py:525} INFO - Filling up the DagBag from /home/airflow/.local/lib/python3.7/site-packages/airflow/example_dags/example_xcom.py
[2025-12-05T00:55:21.184+0000] {processor.py:768} INFO - DAG(s) dict_keys(['example_xcom']) retrieved from /home/airflow/.local/lib/python3.7/site-packages/airflow/example_dags/example_xcom.py
[2025-12-05T00:55:21.283+0000] {logging_mixin.py:117} INFO - [2025-12-05T00:55:21.283+0000] {dag.py:2573} INFO - Sync 1 DAGs
[2025-12-05T00:55:21.293+0000] {logging_mixin.py:117} INFO - [2025-12-05T00:55:21.293+0000] {dag.py:3328} INFO - Setting next_dagrun for example_xcom to 2021-01-01T00:00:00+00:00, run_after=2021-01-01T00:00:00+00:00
[2025-12-05T00:55:21.305+0000] {processor.py:178} INFO - Processing /home/airflow/.local/lib/python3.7/site-packages/airflow/example_dags/example_xcom.py took 0.140 seconds
[2025-12-05T00:55:51.753+0000] {processor.py:156} INFO - Started process (PID=4159) to work on /home/airflow/.local/lib/python3.7/site-packages/airflow/example_dags/example_xcom.py
[2025-12-05T00:55:51.754+0000] {processor.py:758} INFO - Processing file /home/airflow/.local/lib/python3.7/site-packages/airflow/example_dags/example_xcom.py for tasks to queue
[2025-12-05T00:55:51.754+0000] {logging_mixin.py:117} INFO - [2025-12-05T00:55:51.754+0000] {dagbag.py:525} INFO - Filling up the DagBag from /home/airflow/.local/lib/python3.7/site-packages/airflow/example_dags/example_xcom.py
[2025-12-05T00:55:51.866+0000] {processor.py:768} INFO - DAG(s) dict_keys(['example_xcom']) retrieved from /home/airflow/.local/lib/python3.7/site-packages/airflow/example_dags/example_xcom.py
[2025-12-05T00:55:51.881+0000] {logging_mixin.py:117} INFO - [2025-12-05T00:55:51.881+0000] {dag.py:2573} INFO - Sync 1 DAGs
[2025-12-05T00:55:51.897+0000] {logging_mixin.py:117} INFO - [2025-12-05T00:55:51.897+0000] {dag.py:3328} INFO - Setting next_dagrun for example_xcom to 2021-01-01T00:00:00+00:00, run_after=2021-01-01T00:00:00+00:00
[2025-12-05T00:55:51.906+0000] {processor.py:178} INFO - Processing /home/airflow/.local/lib/python3.7/site-packages/airflow/example_dags/example_xcom.py took 0.154 seconds
[2025-12-05T00:56:21.980+0000] {processor.py:156} INFO - Started process (PID=4359) to work on /home/airflow/.local/lib/python3.7/site-packages/airflow/example_dags/example_xcom.py
[2025-12-05T00:56:21.983+0000] {processor.py:758} INFO - Processing file /home/airflow/.local/lib/python3.7/site-packages/airflow/example_dags/example_xcom.py for tasks to queue
[2025-12-05T00:56:21.984+0000] {logging_mixin.py:117} INFO - [2025-12-05T00:56:21.984+0000] {dagbag.py:525} INFO - Filling up the DagBag from /home/airflow/.local/lib/python3.7/site-packages/airflow/example_dags/example_xcom.py
[2025-12-05T00:56:21.995+0000] {processor.py:768} INFO - DAG(s) dict_keys(['example_xcom']) retrieved from /home/airflow/.local/lib/python3.7/site-packages/airflow/example_dags/example_xcom.py
[2025-12-05T00:56:22.015+0000] {logging_mixin.py:117} INFO - [2025-12-05T00:56:22.015+0000] {dag.py:2573} INFO - Sync 1 DAGs
[2025-12-05T00:56:22.028+0000] {logging_mixin.py:117} INFO - [2025-12-05T00:56:22.028+0000] {dag.py:3328} INFO - Setting next_dagrun for example_xcom to 2021-01-01T00:00:00+00:00, run_after=2021-01-01T00:00:00+00:00
[2025-12-05T00:56:22.038+0000] {processor.py:178} INFO - Processing /home/airflow/.local/lib/python3.7/site-packages/airflow/example_dags/example_xcom.py took 0.059 seconds
[2025-12-05T00:56:52.911+0000] {processor.py:156} INFO - Started process (PID=4566) to work on /home/airflow/.local/lib/python3.7/site-packages/airflow/example_dags/example_xcom.py
[2025-12-05T00:56:52.914+0000] {processor.py:758} INFO - Processing file /home/airflow/.local/lib/python3.7/site-packages/airflow/example_dags/example_xcom.py for tasks to queue
[2025-12-05T00:56:52.915+0000] {logging_mixin.py:117} INFO - [2025-12-05T00:56:52.915+0000] {dagbag.py:525} INFO - Filling up the DagBag from /home/airflow/.local/lib/python3.7/site-packages/airflow/example_dags/example_xcom.py
[2025-12-05T00:56:52.930+0000] {processor.py:768} INFO - DAG(s) dict_keys(['example_xcom']) retrieved from /home/airflow/.local/lib/python3.7/site-packages/airflow/example_dags/example_xcom.py
[2025-12-05T00:56:52.957+0000] {logging_mixin.py:117} INFO - [2025-12-05T00:56:52.957+0000] {dag.py:2573} INFO - Sync 1 DAGs
[2025-12-05T00:56:52.971+0000] {logging_mixin.py:117} INFO - [2025-12-05T00:56:52.971+0000] {dag.py:3328} INFO - Setting next_dagrun for example_xcom to 2021-01-01T00:00:00+00:00, run_after=2021-01-01T00:00:00+00:00
[2025-12-05T00:56:52.981+0000] {processor.py:178} INFO - Processing /home/airflow/.local/lib/python3.7/site-packages/airflow/example_dags/example_xcom.py took 0.072 seconds
[2025-12-05T00:57:23.712+0000] {processor.py:156} INFO - Started process (PID=4767) to work on /home/airflow/.local/lib/python3.7/site-packages/airflow/example_dags/example_xcom.py
[2025-12-05T00:57:23.713+0000] {processor.py:758} INFO - Processing file /home/airflow/.local/lib/python3.7/site-packages/airflow/example_dags/example_xcom.py for tasks to queue
[2025-12-05T00:57:23.714+0000] {logging_mixin.py:117} INFO - [2025-12-05T00:57:23.714+0000] {dagbag.py:525} INFO - Filling up the DagBag from /home/airflow/.local/lib/python3.7/site-packages/airflow/example_dags/example_xcom.py
[2025-12-05T00:57:23.725+0000] {processor.py:768} INFO - DAG(s) dict_keys(['example_xcom']) retrieved from /home/airflow/.local/lib/python3.7/site-packages/airflow/example_dags/example_xcom.py
[2025-12-05T00:57:23.744+0000] {logging_mixin.py:117} INFO - [2025-12-05T00:57:23.744+0000] {dag.py:2573} INFO - Sync 1 DAGs
[2025-12-05T00:57:23.754+0000] {logging_mixin.py:117} INFO - [2025-12-05T00:57:23.754+0000] {dag.py:3328} INFO - Setting next_dagrun for example_xcom to 2021-01-01T00:00:00+00:00, run_after=2021-01-01T00:00:00+00:00
[2025-12-05T00:57:23.761+0000] {processor.py:178} INFO - Processing /home/airflow/.local/lib/python3.7/site-packages/airflow/example_dags/example_xcom.py took 0.051 seconds
[2025-12-05T00:57:54.678+0000] {processor.py:156} INFO - Started process (PID=4968) to work on /home/airflow/.local/lib/python3.7/site-packages/airflow/example_dags/example_xcom.py
[2025-12-05T00:57:54.678+0000] {processor.py:758} INFO - Processing file /home/airflow/.local/lib/python3.7/site-packages/airflow/example_dags/example_xcom.py for tasks to queue
[2025-12-05T00:57:54.679+0000] {logging_mixin.py:117} INFO - [2025-12-05T00:57:54.679+0000] {dagbag.py:525} INFO - Filling up the DagBag from /home/airflow/.local/lib/python3.7/site-packages/airflow/example_dags/example_xcom.py
[2025-12-05T00:57:54.693+0000] {processor.py:768} INFO - DAG(s) dict_keys(['example_xcom']) retrieved from /home/airflow/.local/lib/python3.7/site-packages/airflow/example_dags/example_xcom.py
[2025-12-05T00:57:54.717+0000] {logging_mixin.py:117} INFO - [2025-12-05T00:57:54.717+0000] {dag.py:2573} INFO - Sync 1 DAGs
[2025-12-05T00:57:54.731+0000] {logging_mixin.py:117} INFO - [2025-12-05T00:57:54.731+0000] {dag.py:3328} INFO - Setting next_dagrun for example_xcom to 2021-01-01T00:00:00+00:00, run_after=2021-01-01T00:00:00+00:00
[2025-12-05T00:57:54.741+0000] {processor.py:178} INFO - Processing /home/airflow/.local/lib/python3.7/site-packages/airflow/example_dags/example_xcom.py took 0.065 seconds
[2025-12-05T00:58:25.645+0000] {processor.py:156} INFO - Started process (PID=5169) to work on /home/airflow/.local/lib/python3.7/site-packages/airflow/example_dags/example_xcom.py
[2025-12-05T00:58:25.645+0000] {processor.py:758} INFO - Processing file /home/airflow/.local/lib/python3.7/site-packages/airflow/example_dags/example_xcom.py for tasks to queue
[2025-12-05T00:58:25.646+0000] {logging_mixin.py:117} INFO - [2025-12-05T00:58:25.646+0000] {dagbag.py:525} INFO - Filling up the DagBag from /home/airflow/.local/lib/python3.7/site-packages/airflow/example_dags/example_xcom.py
[2025-12-05T00:58:25.657+0000] {processor.py:768} INFO - DAG(s) dict_keys(['example_xcom']) retrieved from /home/airflow/.local/lib/python3.7/site-packages/airflow/example_dags/example_xcom.py
[2025-12-05T00:58:25.674+0000] {logging_mixin.py:117} INFO - [2025-12-05T00:58:25.674+0000] {dag.py:2573} INFO - Sync 1 DAGs
[2025-12-05T00:58:25.685+0000] {logging_mixin.py:117} INFO - [2025-12-05T00:58:25.685+0000] {dag.py:3328} INFO - Setting next_dagrun for example_xcom to 2021-01-01T00:00:00+00:00, run_after=2021-01-01T00:00:00+00:00
[2025-12-05T00:58:25.692+0000] {processor.py:178} INFO - Processing /home/airflow/.local/lib/python3.7/site-packages/airflow/example_dags/example_xcom.py took 0.049 seconds
[2025-12-05T00:58:56.446+0000] {processor.py:156} INFO - Started process (PID=5369) to work on /home/airflow/.local/lib/python3.7/site-packages/airflow/example_dags/example_xcom.py
[2025-12-05T00:58:56.446+0000] {processor.py:758} INFO - Processing file /home/airflow/.local/lib/python3.7/site-packages/airflow/example_dags/example_xcom.py for tasks to queue
[2025-12-05T00:58:56.446+0000] {logging_mixin.py:117} INFO - [2025-12-05T00:58:56.446+0000] {dagbag.py:525} INFO - Filling up the DagBag from /home/airflow/.local/lib/python3.7/site-packages/airflow/example_dags/example_xcom.py
[2025-12-05T00:58:56.458+0000] {processor.py:768} INFO - DAG(s) dict_keys(['example_xcom']) retrieved from /home/airflow/.local/lib/python3.7/site-packages/airflow/example_dags/example_xcom.py
[2025-12-05T00:58:56.475+0000] {logging_mixin.py:117} INFO - [2025-12-05T00:58:56.475+0000] {dag.py:2573} INFO - Sync 1 DAGs
[2025-12-05T00:58:56.486+0000] {logging_mixin.py:117} INFO - [2025-12-05T00:58:56.486+0000] {dag.py:3328} INFO - Setting next_dagrun for example_xcom to 2021-01-01T00:00:00+00:00, run_after=2021-01-01T00:00:00+00:00
[2025-12-05T00:58:56.493+0000] {processor.py:178} INFO - Processing /home/airflow/.local/lib/python3.7/site-packages/airflow/example_dags/example_xcom.py took 0.049 seconds
[2025-12-05T00:59:27.189+0000] {processor.py:156} INFO - Started process (PID=5572) to work on /home/airflow/.local/lib/python3.7/site-packages/airflow/example_dags/example_xcom.py
[2025-12-05T00:59:27.189+0000] {processor.py:758} INFO - Processing file /home/airflow/.local/lib/python3.7/site-packages/airflow/example_dags/example_xcom.py for tasks to queue
[2025-12-05T00:59:27.189+0000] {logging_mixin.py:117} INFO - [2025-12-05T00:59:27.189+0000] {dagbag.py:525} INFO - Filling up the DagBag from /home/airflow/.local/lib/python3.7/site-packages/airflow/example_dags/example_xcom.py
[2025-12-05T00:59:27.201+0000] {processor.py:768} INFO - DAG(s) dict_keys(['example_xcom']) retrieved from /home/airflow/.local/lib/python3.7/site-packages/airflow/example_dags/example_xcom.py
[2025-12-05T00:59:27.222+0000] {logging_mixin.py:117} INFO - [2025-12-05T00:59:27.222+0000] {dag.py:2573} INFO - Sync 1 DAGs
[2025-12-05T00:59:27.237+0000] {logging_mixin.py:117} INFO - [2025-12-05T00:59:27.237+0000] {dag.py:3328} INFO - Setting next_dagrun for example_xcom to 2021-01-01T00:00:00+00:00, run_after=2021-01-01T00:00:00+00:00
[2025-12-05T00:59:27.246+0000] {processor.py:178} INFO - Processing /home/airflow/.local/lib/python3.7/site-packages/airflow/example_dags/example_xcom.py took 0.058 seconds
[2025-12-05T00:59:58.148+0000] {processor.py:156} INFO - Started process (PID=5771) to work on /home/airflow/.local/lib/python3.7/site-packages/airflow/example_dags/example_xcom.py
[2025-12-05T00:59:58.151+0000] {processor.py:758} INFO - Processing file /home/airflow/.local/lib/python3.7/site-packages/airflow/example_dags/example_xcom.py for tasks to queue
[2025-12-05T00:59:58.151+0000] {logging_mixin.py:117} INFO - [2025-12-05T00:59:58.151+0000] {dagbag.py:525} INFO - Filling up the DagBag from /home/airflow/.local/lib/python3.7/site-packages/airflow/example_dags/example_xcom.py
[2025-12-05T00:59:58.162+0000] {processor.py:768} INFO - DAG(s) dict_keys(['example_xcom']) retrieved from /home/airflow/.local/lib/python3.7/site-packages/airflow/example_dags/example_xcom.py
[2025-12-05T00:59:58.181+0000] {logging_mixin.py:117} INFO - [2025-12-05T00:59:58.181+0000] {dag.py:2573} INFO - Sync 1 DAGs
[2025-12-05T00:59:58.191+0000] {logging_mixin.py:117} INFO - [2025-12-05T00:59:58.191+0000] {dag.py:3328} INFO - Setting next_dagrun for example_xcom to 2021-01-01T00:00:00+00:00, run_after=2021-01-01T00:00:00+00:00
[2025-12-05T00:59:58.198+0000] {processor.py:178} INFO - Processing /home/airflow/.local/lib/python3.7/site-packages/airflow/example_dags/example_xcom.py took 0.051 seconds
[2025-12-05T01:00:28.622+0000] {processor.py:156} INFO - Started process (PID=5972) to work on /home/airflow/.local/lib/python3.7/site-packages/airflow/example_dags/example_xcom.py
[2025-12-05T01:00:28.625+0000] {processor.py:758} INFO - Processing file /home/airflow/.local/lib/python3.7/site-packages/airflow/example_dags/example_xcom.py for tasks to queue
[2025-12-05T01:00:28.626+0000] {logging_mixin.py:117} INFO - [2025-12-05T01:00:28.626+0000] {dagbag.py:525} INFO - Filling up the DagBag from /home/airflow/.local/lib/python3.7/site-packages/airflow/example_dags/example_xcom.py
[2025-12-05T01:00:28.638+0000] {processor.py:768} INFO - DAG(s) dict_keys(['example_xcom']) retrieved from /home/airflow/.local/lib/python3.7/site-packages/airflow/example_dags/example_xcom.py
[2025-12-05T01:00:28.657+0000] {logging_mixin.py:117} INFO - [2025-12-05T01:00:28.657+0000] {dag.py:2573} INFO - Sync 1 DAGs
[2025-12-05T01:00:28.670+0000] {logging_mixin.py:117} INFO - [2025-12-05T01:00:28.670+0000] {dag.py:3328} INFO - Setting next_dagrun for example_xcom to 2021-01-01T00:00:00+00:00, run_after=2021-01-01T00:00:00+00:00
[2025-12-05T01:00:28.677+0000] {processor.py:178} INFO - Processing /home/airflow/.local/lib/python3.7/site-packages/airflow/example_dags/example_xcom.py took 0.059 seconds
[2025-12-05T01:00:58.827+0000] {processor.py:156} INFO - Started process (PID=6174) to work on /home/airflow/.local/lib/python3.7/site-packages/airflow/example_dags/example_xcom.py
[2025-12-05T01:00:58.827+0000] {processor.py:758} INFO - Processing file /home/airflow/.local/lib/python3.7/site-packages/airflow/example_dags/example_xcom.py for tasks to queue
[2025-12-05T01:00:58.828+0000] {logging_mixin.py:117} INFO - [2025-12-05T01:00:58.828+0000] {dagbag.py:525} INFO - Filling up the DagBag from /home/airflow/.local/lib/python3.7/site-packages/airflow/example_dags/example_xcom.py
[2025-12-05T01:00:58.840+0000] {processor.py:768} INFO - DAG(s) dict_keys(['example_xcom']) retrieved from /home/airflow/.local/lib/python3.7/site-packages/airflow/example_dags/example_xcom.py
[2025-12-05T01:00:58.866+0000] {logging_mixin.py:117} INFO - [2025-12-05T01:00:58.866+0000] {dag.py:2573} INFO - Sync 1 DAGs
[2025-12-05T01:00:58.879+0000] {logging_mixin.py:117} INFO - [2025-12-05T01:00:58.879+0000] {dag.py:3328} INFO - Setting next_dagrun for example_xcom to 2021-01-01T00:00:00+00:00, run_after=2021-01-01T00:00:00+00:00
[2025-12-05T01:00:58.889+0000] {processor.py:178} INFO - Processing /home/airflow/.local/lib/python3.7/site-packages/airflow/example_dags/example_xcom.py took 0.064 seconds
[2025-12-05T01:01:30.204+0000] {processor.py:156} INFO - Started process (PID=6372) to work on /home/airflow/.local/lib/python3.7/site-packages/airflow/example_dags/example_xcom.py
[2025-12-05T01:01:30.208+0000] {processor.py:758} INFO - Processing file /home/airflow/.local/lib/python3.7/site-packages/airflow/example_dags/example_xcom.py for tasks to queue
[2025-12-05T01:01:30.209+0000] {logging_mixin.py:117} INFO - [2025-12-05T01:01:30.209+0000] {dagbag.py:525} INFO - Filling up the DagBag from /home/airflow/.local/lib/python3.7/site-packages/airflow/example_dags/example_xcom.py
[2025-12-05T01:01:30.221+0000] {processor.py:768} INFO - DAG(s) dict_keys(['example_xcom']) retrieved from /home/airflow/.local/lib/python3.7/site-packages/airflow/example_dags/example_xcom.py
[2025-12-05T01:01:30.247+0000] {logging_mixin.py:117} INFO - [2025-12-05T01:01:30.247+0000] {dag.py:2573} INFO - Sync 1 DAGs
[2025-12-05T01:01:30.261+0000] {logging_mixin.py:117} INFO - [2025-12-05T01:01:30.261+0000] {dag.py:3328} INFO - Setting next_dagrun for example_xcom to 2021-01-01T00:00:00+00:00, run_after=2021-01-01T00:00:00+00:00
[2025-12-05T01:01:30.272+0000] {processor.py:178} INFO - Processing /home/airflow/.local/lib/python3.7/site-packages/airflow/example_dags/example_xcom.py took 0.070 seconds
[2025-12-05T01:02:01.150+0000] {processor.py:156} INFO - Started process (PID=6575) to work on /home/airflow/.local/lib/python3.7/site-packages/airflow/example_dags/example_xcom.py
[2025-12-05T01:02:01.151+0000] {processor.py:758} INFO - Processing file /home/airflow/.local/lib/python3.7/site-packages/airflow/example_dags/example_xcom.py for tasks to queue
[2025-12-05T01:02:01.151+0000] {logging_mixin.py:117} INFO - [2025-12-05T01:02:01.151+0000] {dagbag.py:525} INFO - Filling up the DagBag from /home/airflow/.local/lib/python3.7/site-packages/airflow/example_dags/example_xcom.py
[2025-12-05T01:02:01.165+0000] {processor.py:768} INFO - DAG(s) dict_keys(['example_xcom']) retrieved from /home/airflow/.local/lib/python3.7/site-packages/airflow/example_dags/example_xcom.py
[2025-12-05T01:02:01.193+0000] {logging_mixin.py:117} INFO - [2025-12-05T01:02:01.193+0000] {dag.py:2573} INFO - Sync 1 DAGs
[2025-12-05T01:02:01.215+0000] {logging_mixin.py:117} INFO - [2025-12-05T01:02:01.215+0000] {dag.py:3328} INFO - Setting next_dagrun for example_xcom to 2021-01-01T00:00:00+00:00, run_after=2021-01-01T00:00:00+00:00
[2025-12-05T01:02:01.224+0000] {processor.py:178} INFO - Processing /home/airflow/.local/lib/python3.7/site-packages/airflow/example_dags/example_xcom.py took 0.077 seconds
[2025-12-05T01:02:32.257+0000] {processor.py:156} INFO - Started process (PID=6774) to work on /home/airflow/.local/lib/python3.7/site-packages/airflow/example_dags/example_xcom.py
[2025-12-05T01:02:32.258+0000] {processor.py:758} INFO - Processing file /home/airflow/.local/lib/python3.7/site-packages/airflow/example_dags/example_xcom.py for tasks to queue
[2025-12-05T01:02:32.258+0000] {logging_mixin.py:117} INFO - [2025-12-05T01:02:32.258+0000] {dagbag.py:525} INFO - Filling up the DagBag from /home/airflow/.local/lib/python3.7/site-packages/airflow/example_dags/example_xcom.py
[2025-12-05T01:02:32.269+0000] {processor.py:768} INFO - DAG(s) dict_keys(['example_xcom']) retrieved from /home/airflow/.local/lib/python3.7/site-packages/airflow/example_dags/example_xcom.py
[2025-12-05T01:02:32.296+0000] {logging_mixin.py:117} INFO - [2025-12-05T01:02:32.296+0000] {dag.py:2573} INFO - Sync 1 DAGs
[2025-12-05T01:02:32.307+0000] {logging_mixin.py:117} INFO - [2025-12-05T01:02:32.307+0000] {dag.py:3328} INFO - Setting next_dagrun for example_xcom to 2021-01-01T00:00:00+00:00, run_after=2021-01-01T00:00:00+00:00
[2025-12-05T01:02:32.316+0000] {processor.py:178} INFO - Processing /home/airflow/.local/lib/python3.7/site-packages/airflow/example_dags/example_xcom.py took 0.062 seconds
[2025-12-05T01:03:03.228+0000] {processor.py:156} INFO - Started process (PID=6975) to work on /home/airflow/.local/lib/python3.7/site-packages/airflow/example_dags/example_xcom.py
[2025-12-05T01:03:03.231+0000] {processor.py:758} INFO - Processing file /home/airflow/.local/lib/python3.7/site-packages/airflow/example_dags/example_xcom.py for tasks to queue
[2025-12-05T01:03:03.231+0000] {logging_mixin.py:117} INFO - [2025-12-05T01:03:03.231+0000] {dagbag.py:525} INFO - Filling up the DagBag from /home/airflow/.local/lib/python3.7/site-packages/airflow/example_dags/example_xcom.py
[2025-12-05T01:03:03.243+0000] {processor.py:768} INFO - DAG(s) dict_keys(['example_xcom']) retrieved from /home/airflow/.local/lib/python3.7/site-packages/airflow/example_dags/example_xcom.py
[2025-12-05T01:03:03.262+0000] {logging_mixin.py:117} INFO - [2025-12-05T01:03:03.262+0000] {dag.py:2573} INFO - Sync 1 DAGs
[2025-12-05T01:03:03.274+0000] {logging_mixin.py:117} INFO - [2025-12-05T01:03:03.274+0000] {dag.py:3328} INFO - Setting next_dagrun for example_xcom to 2021-01-01T00:00:00+00:00, run_after=2021-01-01T00:00:00+00:00
[2025-12-05T01:03:03.282+0000] {processor.py:178} INFO - Processing /home/airflow/.local/lib/python3.7/site-packages/airflow/example_dags/example_xcom.py took 0.056 seconds
[2025-12-05T01:03:34.278+0000] {processor.py:156} INFO - Started process (PID=7176) to work on /home/airflow/.local/lib/python3.7/site-packages/airflow/example_dags/example_xcom.py
[2025-12-05T01:03:34.279+0000] {processor.py:758} INFO - Processing file /home/airflow/.local/lib/python3.7/site-packages/airflow/example_dags/example_xcom.py for tasks to queue
[2025-12-05T01:03:34.281+0000] {logging_mixin.py:117} INFO - [2025-12-05T01:03:34.281+0000] {dagbag.py:525} INFO - Filling up the DagBag from /home/airflow/.local/lib/python3.7/site-packages/airflow/example_dags/example_xcom.py
[2025-12-05T01:03:34.303+0000] {processor.py:768} INFO - DAG(s) dict_keys(['example_xcom']) retrieved from /home/airflow/.local/lib/python3.7/site-packages/airflow/example_dags/example_xcom.py
[2025-12-05T01:03:34.324+0000] {logging_mixin.py:117} INFO - [2025-12-05T01:03:34.324+0000] {dag.py:2573} INFO - Sync 1 DAGs
[2025-12-05T01:03:34.337+0000] {logging_mixin.py:117} INFO - [2025-12-05T01:03:34.337+0000] {dag.py:3328} INFO - Setting next_dagrun for example_xcom to 2021-01-01T00:00:00+00:00, run_after=2021-01-01T00:00:00+00:00
[2025-12-05T01:03:34.346+0000] {processor.py:178} INFO - Processing /home/airflow/.local/lib/python3.7/site-packages/airflow/example_dags/example_xcom.py took 0.071 seconds
[2025-12-05T01:04:05.030+0000] {processor.py:156} INFO - Started process (PID=7376) to work on /home/airflow/.local/lib/python3.7/site-packages/airflow/example_dags/example_xcom.py
[2025-12-05T01:04:05.031+0000] {processor.py:758} INFO - Processing file /home/airflow/.local/lib/python3.7/site-packages/airflow/example_dags/example_xcom.py for tasks to queue
[2025-12-05T01:04:05.032+0000] {logging_mixin.py:117} INFO - [2025-12-05T01:04:05.032+0000] {dagbag.py:525} INFO - Filling up the DagBag from /home/airflow/.local/lib/python3.7/site-packages/airflow/example_dags/example_xcom.py
[2025-12-05T01:04:05.045+0000] {processor.py:768} INFO - DAG(s) dict_keys(['example_xcom']) retrieved from /home/airflow/.local/lib/python3.7/site-packages/airflow/example_dags/example_xcom.py
[2025-12-05T01:04:05.069+0000] {logging_mixin.py:117} INFO - [2025-12-05T01:04:05.069+0000] {dag.py:2573} INFO - Sync 1 DAGs
[2025-12-05T01:04:05.080+0000] {logging_mixin.py:117} INFO - [2025-12-05T01:04:05.080+0000] {dag.py:3328} INFO - Setting next_dagrun for example_xcom to 2021-01-01T00:00:00+00:00, run_after=2021-01-01T00:00:00+00:00
[2025-12-05T01:04:05.088+0000] {processor.py:178} INFO - Processing /home/airflow/.local/lib/python3.7/site-packages/airflow/example_dags/example_xcom.py took 0.059 seconds
[2025-12-05T01:04:35.783+0000] {processor.py:156} INFO - Started process (PID=7577) to work on /home/airflow/.local/lib/python3.7/site-packages/airflow/example_dags/example_xcom.py
[2025-12-05T01:04:35.784+0000] {processor.py:758} INFO - Processing file /home/airflow/.local/lib/python3.7/site-packages/airflow/example_dags/example_xcom.py for tasks to queue
[2025-12-05T01:04:35.784+0000] {logging_mixin.py:117} INFO - [2025-12-05T01:04:35.784+0000] {dagbag.py:525} INFO - Filling up the DagBag from /home/airflow/.local/lib/python3.7/site-packages/airflow/example_dags/example_xcom.py
[2025-12-05T01:04:35.798+0000] {processor.py:768} INFO - DAG(s) dict_keys(['example_xcom']) retrieved from /home/airflow/.local/lib/python3.7/site-packages/airflow/example_dags/example_xcom.py
[2025-12-05T01:04:35.816+0000] {logging_mixin.py:117} INFO - [2025-12-05T01:04:35.816+0000] {dag.py:2573} INFO - Sync 1 DAGs
[2025-12-05T01:04:35.827+0000] {logging_mixin.py:117} INFO - [2025-12-05T01:04:35.827+0000] {dag.py:3328} INFO - Setting next_dagrun for example_xcom to 2021-01-01T00:00:00+00:00, run_after=2021-01-01T00:00:00+00:00
[2025-12-05T01:04:35.835+0000] {processor.py:178} INFO - Processing /home/airflow/.local/lib/python3.7/site-packages/airflow/example_dags/example_xcom.py took 0.053 seconds
[2025-12-05T01:05:06.507+0000] {processor.py:156} INFO - Started process (PID=7780) to work on /home/airflow/.local/lib/python3.7/site-packages/airflow/example_dags/example_xcom.py
[2025-12-05T01:05:06.507+0000] {processor.py:758} INFO - Processing file /home/airflow/.local/lib/python3.7/site-packages/airflow/example_dags/example_xcom.py for tasks to queue
[2025-12-05T01:05:06.507+0000] {logging_mixin.py:117} INFO - [2025-12-05T01:05:06.507+0000] {dagbag.py:525} INFO - Filling up the DagBag from /home/airflow/.local/lib/python3.7/site-packages/airflow/example_dags/example_xcom.py
[2025-12-05T01:05:06.518+0000] {processor.py:768} INFO - DAG(s) dict_keys(['example_xcom']) retrieved from /home/airflow/.local/lib/python3.7/site-packages/airflow/example_dags/example_xcom.py
[2025-12-05T01:05:06.534+0000] {logging_mixin.py:117} INFO - [2025-12-05T01:05:06.534+0000] {dag.py:2573} INFO - Sync 1 DAGs
[2025-12-05T01:05:06.544+0000] {logging_mixin.py:117} INFO - [2025-12-05T01:05:06.544+0000] {dag.py:3328} INFO - Setting next_dagrun for example_xcom to 2021-01-01T00:00:00+00:00, run_after=2021-01-01T00:00:00+00:00
[2025-12-05T01:05:06.551+0000] {processor.py:178} INFO - Processing /home/airflow/.local/lib/python3.7/site-packages/airflow/example_dags/example_xcom.py took 0.046 seconds
[2025-12-05T01:05:37.543+0000] {processor.py:156} INFO - Started process (PID=7986) to work on /home/airflow/.local/lib/python3.7/site-packages/airflow/example_dags/example_xcom.py
[2025-12-05T01:05:37.545+0000] {processor.py:758} INFO - Processing file /home/airflow/.local/lib/python3.7/site-packages/airflow/example_dags/example_xcom.py for tasks to queue
[2025-12-05T01:05:37.546+0000] {logging_mixin.py:117} INFO - [2025-12-05T01:05:37.546+0000] {dagbag.py:525} INFO - Filling up the DagBag from /home/airflow/.local/lib/python3.7/site-packages/airflow/example_dags/example_xcom.py
[2025-12-05T01:05:37.564+0000] {processor.py:768} INFO - DAG(s) dict_keys(['example_xcom']) retrieved from /home/airflow/.local/lib/python3.7/site-packages/airflow/example_dags/example_xcom.py
[2025-12-05T01:05:37.592+0000] {logging_mixin.py:117} INFO - [2025-12-05T01:05:37.592+0000] {dag.py:2573} INFO - Sync 1 DAGs
[2025-12-05T01:05:37.604+0000] {logging_mixin.py:117} INFO - [2025-12-05T01:05:37.604+0000] {dag.py:3328} INFO - Setting next_dagrun for example_xcom to 2021-01-01T00:00:00+00:00, run_after=2021-01-01T00:00:00+00:00
[2025-12-05T01:05:37.612+0000] {processor.py:178} INFO - Processing /home/airflow/.local/lib/python3.7/site-packages/airflow/example_dags/example_xcom.py took 0.071 seconds
[2025-12-05T01:06:08.370+0000] {processor.py:156} INFO - Started process (PID=8189) to work on /home/airflow/.local/lib/python3.7/site-packages/airflow/example_dags/example_xcom.py
[2025-12-05T01:06:08.371+0000] {processor.py:758} INFO - Processing file /home/airflow/.local/lib/python3.7/site-packages/airflow/example_dags/example_xcom.py for tasks to queue
[2025-12-05T01:06:08.371+0000] {logging_mixin.py:117} INFO - [2025-12-05T01:06:08.371+0000] {dagbag.py:525} INFO - Filling up the DagBag from /home/airflow/.local/lib/python3.7/site-packages/airflow/example_dags/example_xcom.py
[2025-12-05T01:06:08.383+0000] {processor.py:768} INFO - DAG(s) dict_keys(['example_xcom']) retrieved from /home/airflow/.local/lib/python3.7/site-packages/airflow/example_dags/example_xcom.py
[2025-12-05T01:06:08.404+0000] {logging_mixin.py:117} INFO - [2025-12-05T01:06:08.404+0000] {dag.py:2573} INFO - Sync 1 DAGs
[2025-12-05T01:06:08.415+0000] {logging_mixin.py:117} INFO - [2025-12-05T01:06:08.415+0000] {dag.py:3328} INFO - Setting next_dagrun for example_xcom to 2021-01-01T00:00:00+00:00, run_after=2021-01-01T00:00:00+00:00
[2025-12-05T01:06:08.425+0000] {processor.py:178} INFO - Processing /home/airflow/.local/lib/python3.7/site-packages/airflow/example_dags/example_xcom.py took 0.056 seconds
[2025-12-05T01:06:38.794+0000] {processor.py:156} INFO - Started process (PID=8390) to work on /home/airflow/.local/lib/python3.7/site-packages/airflow/example_dags/example_xcom.py
[2025-12-05T01:06:38.795+0000] {processor.py:758} INFO - Processing file /home/airflow/.local/lib/python3.7/site-packages/airflow/example_dags/example_xcom.py for tasks to queue
[2025-12-05T01:06:38.795+0000] {logging_mixin.py:117} INFO - [2025-12-05T01:06:38.795+0000] {dagbag.py:525} INFO - Filling up the DagBag from /home/airflow/.local/lib/python3.7/site-packages/airflow/example_dags/example_xcom.py
[2025-12-05T01:06:38.810+0000] {processor.py:768} INFO - DAG(s) dict_keys(['example_xcom']) retrieved from /home/airflow/.local/lib/python3.7/site-packages/airflow/example_dags/example_xcom.py
[2025-12-05T01:06:38.842+0000] {logging_mixin.py:117} INFO - [2025-12-05T01:06:38.842+0000] {dag.py:2573} INFO - Sync 1 DAGs
[2025-12-05T01:06:38.864+0000] {logging_mixin.py:117} INFO - [2025-12-05T01:06:38.864+0000] {dag.py:3328} INFO - Setting next_dagrun for example_xcom to 2021-01-01T00:00:00+00:00, run_after=2021-01-01T00:00:00+00:00
[2025-12-05T01:06:38.876+0000] {processor.py:178} INFO - Processing /home/airflow/.local/lib/python3.7/site-packages/airflow/example_dags/example_xcom.py took 0.084 seconds
[2025-12-05T01:07:09.264+0000] {processor.py:156} INFO - Started process (PID=8589) to work on /home/airflow/.local/lib/python3.7/site-packages/airflow/example_dags/example_xcom.py
[2025-12-05T01:07:09.265+0000] {processor.py:758} INFO - Processing file /home/airflow/.local/lib/python3.7/site-packages/airflow/example_dags/example_xcom.py for tasks to queue
[2025-12-05T01:07:09.265+0000] {logging_mixin.py:117} INFO - [2025-12-05T01:07:09.265+0000] {dagbag.py:525} INFO - Filling up the DagBag from /home/airflow/.local/lib/python3.7/site-packages/airflow/example_dags/example_xcom.py
[2025-12-05T01:07:09.281+0000] {processor.py:768} INFO - DAG(s) dict_keys(['example_xcom']) retrieved from /home/airflow/.local/lib/python3.7/site-packages/airflow/example_dags/example_xcom.py
[2025-12-05T01:07:09.313+0000] {logging_mixin.py:117} INFO - [2025-12-05T01:07:09.313+0000] {dag.py:2573} INFO - Sync 1 DAGs
[2025-12-05T01:07:09.327+0000] {logging_mixin.py:117} INFO - [2025-12-05T01:07:09.327+0000] {dag.py:3328} INFO - Setting next_dagrun for example_xcom to 2021-01-01T00:00:00+00:00, run_after=2021-01-01T00:00:00+00:00
[2025-12-05T01:07:09.346+0000] {processor.py:178} INFO - Processing /home/airflow/.local/lib/python3.7/site-packages/airflow/example_dags/example_xcom.py took 0.083 seconds
[2025-12-05T01:07:40.658+0000] {processor.py:156} INFO - Started process (PID=8790) to work on /home/airflow/.local/lib/python3.7/site-packages/airflow/example_dags/example_xcom.py
[2025-12-05T01:07:40.659+0000] {processor.py:758} INFO - Processing file /home/airflow/.local/lib/python3.7/site-packages/airflow/example_dags/example_xcom.py for tasks to queue
[2025-12-05T01:07:40.660+0000] {logging_mixin.py:117} INFO - [2025-12-05T01:07:40.660+0000] {dagbag.py:525} INFO - Filling up the DagBag from /home/airflow/.local/lib/python3.7/site-packages/airflow/example_dags/example_xcom.py
[2025-12-05T01:07:40.672+0000] {processor.py:768} INFO - DAG(s) dict_keys(['example_xcom']) retrieved from /home/airflow/.local/lib/python3.7/site-packages/airflow/example_dags/example_xcom.py
[2025-12-05T01:07:40.692+0000] {logging_mixin.py:117} INFO - [2025-12-05T01:07:40.692+0000] {dag.py:2573} INFO - Sync 1 DAGs
[2025-12-05T01:07:40.704+0000] {logging_mixin.py:117} INFO - [2025-12-05T01:07:40.704+0000] {dag.py:3328} INFO - Setting next_dagrun for example_xcom to 2021-01-01T00:00:00+00:00, run_after=2021-01-01T00:00:00+00:00
[2025-12-05T01:07:40.716+0000] {processor.py:178} INFO - Processing /home/airflow/.local/lib/python3.7/site-packages/airflow/example_dags/example_xcom.py took 0.059 seconds
[2025-12-05T01:08:10.973+0000] {processor.py:156} INFO - Started process (PID=8991) to work on /home/airflow/.local/lib/python3.7/site-packages/airflow/example_dags/example_xcom.py
[2025-12-05T01:08:10.983+0000] {processor.py:758} INFO - Processing file /home/airflow/.local/lib/python3.7/site-packages/airflow/example_dags/example_xcom.py for tasks to queue
[2025-12-05T01:08:10.987+0000] {logging_mixin.py:117} INFO - [2025-12-05T01:08:10.986+0000] {dagbag.py:525} INFO - Filling up the DagBag from /home/airflow/.local/lib/python3.7/site-packages/airflow/example_dags/example_xcom.py
[2025-12-05T01:08:11.006+0000] {processor.py:768} INFO - DAG(s) dict_keys(['example_xcom']) retrieved from /home/airflow/.local/lib/python3.7/site-packages/airflow/example_dags/example_xcom.py
[2025-12-05T01:08:11.049+0000] {logging_mixin.py:117} INFO - [2025-12-05T01:08:11.048+0000] {dag.py:2573} INFO - Sync 1 DAGs
[2025-12-05T01:08:11.072+0000] {logging_mixin.py:117} INFO - [2025-12-05T01:08:11.072+0000] {dag.py:3328} INFO - Setting next_dagrun for example_xcom to 2021-01-01T00:00:00+00:00, run_after=2021-01-01T00:00:00+00:00
[2025-12-05T01:08:11.082+0000] {processor.py:178} INFO - Processing /home/airflow/.local/lib/python3.7/site-packages/airflow/example_dags/example_xcom.py took 0.112 seconds
[2025-12-05T01:08:41.199+0000] {processor.py:156} INFO - Started process (PID=9194) to work on /home/airflow/.local/lib/python3.7/site-packages/airflow/example_dags/example_xcom.py
[2025-12-05T01:08:41.200+0000] {processor.py:758} INFO - Processing file /home/airflow/.local/lib/python3.7/site-packages/airflow/example_dags/example_xcom.py for tasks to queue
[2025-12-05T01:08:41.200+0000] {logging_mixin.py:117} INFO - [2025-12-05T01:08:41.200+0000] {dagbag.py:525} INFO - Filling up the DagBag from /home/airflow/.local/lib/python3.7/site-packages/airflow/example_dags/example_xcom.py
[2025-12-05T01:08:41.211+0000] {processor.py:768} INFO - DAG(s) dict_keys(['example_xcom']) retrieved from /home/airflow/.local/lib/python3.7/site-packages/airflow/example_dags/example_xcom.py
[2025-12-05T01:08:41.235+0000] {logging_mixin.py:117} INFO - [2025-12-05T01:08:41.235+0000] {dag.py:2573} INFO - Sync 1 DAGs
[2025-12-05T01:08:41.250+0000] {logging_mixin.py:117} INFO - [2025-12-05T01:08:41.250+0000] {dag.py:3328} INFO - Setting next_dagrun for example_xcom to 2021-01-01T00:00:00+00:00, run_after=2021-01-01T00:00:00+00:00
[2025-12-05T01:08:41.260+0000] {processor.py:178} INFO - Processing /home/airflow/.local/lib/python3.7/site-packages/airflow/example_dags/example_xcom.py took 0.062 seconds
[2025-12-05T01:09:11.410+0000] {processor.py:156} INFO - Started process (PID=9393) to work on /home/airflow/.local/lib/python3.7/site-packages/airflow/example_dags/example_xcom.py
[2025-12-05T01:09:11.411+0000] {processor.py:758} INFO - Processing file /home/airflow/.local/lib/python3.7/site-packages/airflow/example_dags/example_xcom.py for tasks to queue
[2025-12-05T01:09:11.413+0000] {logging_mixin.py:117} INFO - [2025-12-05T01:09:11.413+0000] {dagbag.py:525} INFO - Filling up the DagBag from /home/airflow/.local/lib/python3.7/site-packages/airflow/example_dags/example_xcom.py
[2025-12-05T01:09:11.425+0000] {processor.py:768} INFO - DAG(s) dict_keys(['example_xcom']) retrieved from /home/airflow/.local/lib/python3.7/site-packages/airflow/example_dags/example_xcom.py
[2025-12-05T01:09:11.452+0000] {logging_mixin.py:117} INFO - [2025-12-05T01:09:11.452+0000] {dag.py:2573} INFO - Sync 1 DAGs
[2025-12-05T01:09:11.467+0000] {logging_mixin.py:117} INFO - [2025-12-05T01:09:11.467+0000] {dag.py:3328} INFO - Setting next_dagrun for example_xcom to 2021-01-01T00:00:00+00:00, run_after=2021-01-01T00:00:00+00:00
[2025-12-05T01:09:11.477+0000] {processor.py:178} INFO - Processing /home/airflow/.local/lib/python3.7/site-packages/airflow/example_dags/example_xcom.py took 0.070 seconds
[2025-12-05T01:09:41.618+0000] {processor.py:156} INFO - Started process (PID=9594) to work on /home/airflow/.local/lib/python3.7/site-packages/airflow/example_dags/example_xcom.py
[2025-12-05T01:09:41.619+0000] {processor.py:758} INFO - Processing file /home/airflow/.local/lib/python3.7/site-packages/airflow/example_dags/example_xcom.py for tasks to queue
[2025-12-05T01:09:41.620+0000] {logging_mixin.py:117} INFO - [2025-12-05T01:09:41.620+0000] {dagbag.py:525} INFO - Filling up the DagBag from /home/airflow/.local/lib/python3.7/site-packages/airflow/example_dags/example_xcom.py
[2025-12-05T01:09:41.635+0000] {processor.py:768} INFO - DAG(s) dict_keys(['example_xcom']) retrieved from /home/airflow/.local/lib/python3.7/site-packages/airflow/example_dags/example_xcom.py
[2025-12-05T01:09:41.661+0000] {logging_mixin.py:117} INFO - [2025-12-05T01:09:41.661+0000] {dag.py:2573} INFO - Sync 1 DAGs
[2025-12-05T01:09:41.674+0000] {logging_mixin.py:117} INFO - [2025-12-05T01:09:41.674+0000] {dag.py:3328} INFO - Setting next_dagrun for example_xcom to 2021-01-01T00:00:00+00:00, run_after=2021-01-01T00:00:00+00:00
[2025-12-05T01:09:41.682+0000] {processor.py:178} INFO - Processing /home/airflow/.local/lib/python3.7/site-packages/airflow/example_dags/example_xcom.py took 0.066 seconds
[2025-12-05T01:10:12.785+0000] {processor.py:156} INFO - Started process (PID=9795) to work on /home/airflow/.local/lib/python3.7/site-packages/airflow/example_dags/example_xcom.py
[2025-12-05T01:10:12.787+0000] {processor.py:758} INFO - Processing file /home/airflow/.local/lib/python3.7/site-packages/airflow/example_dags/example_xcom.py for tasks to queue
[2025-12-05T01:10:12.788+0000] {logging_mixin.py:117} INFO - [2025-12-05T01:10:12.788+0000] {dagbag.py:525} INFO - Filling up the DagBag from /home/airflow/.local/lib/python3.7/site-packages/airflow/example_dags/example_xcom.py
[2025-12-05T01:10:12.799+0000] {processor.py:768} INFO - DAG(s) dict_keys(['example_xcom']) retrieved from /home/airflow/.local/lib/python3.7/site-packages/airflow/example_dags/example_xcom.py
[2025-12-05T01:10:12.820+0000] {logging_mixin.py:117} INFO - [2025-12-05T01:10:12.820+0000] {dag.py:2573} INFO - Sync 1 DAGs
[2025-12-05T01:10:12.831+0000] {logging_mixin.py:117} INFO - [2025-12-05T01:10:12.831+0000] {dag.py:3328} INFO - Setting next_dagrun for example_xcom to 2021-01-01T00:00:00+00:00, run_after=2021-01-01T00:00:00+00:00
[2025-12-05T01:10:12.839+0000] {processor.py:178} INFO - Processing /home/airflow/.local/lib/python3.7/site-packages/airflow/example_dags/example_xcom.py took 0.057 seconds
[2025-12-05T01:10:43.529+0000] {processor.py:156} INFO - Started process (PID=9998) to work on /home/airflow/.local/lib/python3.7/site-packages/airflow/example_dags/example_xcom.py
[2025-12-05T01:10:43.529+0000] {processor.py:758} INFO - Processing file /home/airflow/.local/lib/python3.7/site-packages/airflow/example_dags/example_xcom.py for tasks to queue
[2025-12-05T01:10:43.530+0000] {logging_mixin.py:117} INFO - [2025-12-05T01:10:43.530+0000] {dagbag.py:525} INFO - Filling up the DagBag from /home/airflow/.local/lib/python3.7/site-packages/airflow/example_dags/example_xcom.py
[2025-12-05T01:10:43.540+0000] {processor.py:768} INFO - DAG(s) dict_keys(['example_xcom']) retrieved from /home/airflow/.local/lib/python3.7/site-packages/airflow/example_dags/example_xcom.py
[2025-12-05T01:10:43.560+0000] {logging_mixin.py:117} INFO - [2025-12-05T01:10:43.560+0000] {dag.py:2573} INFO - Sync 1 DAGs
[2025-12-05T01:10:43.571+0000] {logging_mixin.py:117} INFO - [2025-12-05T01:10:43.571+0000] {dag.py:3328} INFO - Setting next_dagrun for example_xcom to 2021-01-01T00:00:00+00:00, run_after=2021-01-01T00:00:00+00:00
[2025-12-05T01:10:43.580+0000] {processor.py:178} INFO - Processing /home/airflow/.local/lib/python3.7/site-packages/airflow/example_dags/example_xcom.py took 0.053 seconds
[2025-12-05T01:11:14.419+0000] {processor.py:156} INFO - Started process (PID=10197) to work on /home/airflow/.local/lib/python3.7/site-packages/airflow/example_dags/example_xcom.py
[2025-12-05T01:11:14.420+0000] {processor.py:758} INFO - Processing file /home/airflow/.local/lib/python3.7/site-packages/airflow/example_dags/example_xcom.py for tasks to queue
[2025-12-05T01:11:14.421+0000] {logging_mixin.py:117} INFO - [2025-12-05T01:11:14.421+0000] {dagbag.py:525} INFO - Filling up the DagBag from /home/airflow/.local/lib/python3.7/site-packages/airflow/example_dags/example_xcom.py
[2025-12-05T01:11:14.433+0000] {processor.py:768} INFO - DAG(s) dict_keys(['example_xcom']) retrieved from /home/airflow/.local/lib/python3.7/site-packages/airflow/example_dags/example_xcom.py
[2025-12-05T01:11:14.453+0000] {logging_mixin.py:117} INFO - [2025-12-05T01:11:14.453+0000] {dag.py:2573} INFO - Sync 1 DAGs
[2025-12-05T01:11:14.466+0000] {logging_mixin.py:117} INFO - [2025-12-05T01:11:14.466+0000] {dag.py:3328} INFO - Setting next_dagrun for example_xcom to 2021-01-01T00:00:00+00:00, run_after=2021-01-01T00:00:00+00:00
[2025-12-05T01:11:14.474+0000] {processor.py:178} INFO - Processing /home/airflow/.local/lib/python3.7/site-packages/airflow/example_dags/example_xcom.py took 0.057 seconds
[2025-12-05T01:11:45.316+0000] {processor.py:156} INFO - Started process (PID=10397) to work on /home/airflow/.local/lib/python3.7/site-packages/airflow/example_dags/example_xcom.py
[2025-12-05T01:11:45.318+0000] {processor.py:758} INFO - Processing file /home/airflow/.local/lib/python3.7/site-packages/airflow/example_dags/example_xcom.py for tasks to queue
[2025-12-05T01:11:45.319+0000] {logging_mixin.py:117} INFO - [2025-12-05T01:11:45.319+0000] {dagbag.py:525} INFO - Filling up the DagBag from /home/airflow/.local/lib/python3.7/site-packages/airflow/example_dags/example_xcom.py
[2025-12-05T01:11:45.348+0000] {processor.py:768} INFO - DAG(s) dict_keys(['example_xcom']) retrieved from /home/airflow/.local/lib/python3.7/site-packages/airflow/example_dags/example_xcom.py
[2025-12-05T01:11:45.386+0000] {logging_mixin.py:117} INFO - [2025-12-05T01:11:45.386+0000] {dag.py:2573} INFO - Sync 1 DAGs
[2025-12-05T01:11:45.412+0000] {logging_mixin.py:117} INFO - [2025-12-05T01:11:45.412+0000] {dag.py:3328} INFO - Setting next_dagrun for example_xcom to 2021-01-01T00:00:00+00:00, run_after=2021-01-01T00:00:00+00:00
[2025-12-05T01:11:45.434+0000] {processor.py:178} INFO - Processing /home/airflow/.local/lib/python3.7/site-packages/airflow/example_dags/example_xcom.py took 0.121 seconds
[2025-12-05T01:12:15.691+0000] {processor.py:156} INFO - Started process (PID=10599) to work on /home/airflow/.local/lib/python3.7/site-packages/airflow/example_dags/example_xcom.py
[2025-12-05T01:12:15.692+0000] {processor.py:758} INFO - Processing file /home/airflow/.local/lib/python3.7/site-packages/airflow/example_dags/example_xcom.py for tasks to queue
[2025-12-05T01:12:15.692+0000] {logging_mixin.py:117} INFO - [2025-12-05T01:12:15.692+0000] {dagbag.py:525} INFO - Filling up the DagBag from /home/airflow/.local/lib/python3.7/site-packages/airflow/example_dags/example_xcom.py
[2025-12-05T01:12:15.703+0000] {processor.py:768} INFO - DAG(s) dict_keys(['example_xcom']) retrieved from /home/airflow/.local/lib/python3.7/site-packages/airflow/example_dags/example_xcom.py
[2025-12-05T01:12:15.725+0000] {logging_mixin.py:117} INFO - [2025-12-05T01:12:15.725+0000] {dag.py:2573} INFO - Sync 1 DAGs
[2025-12-05T01:12:15.736+0000] {logging_mixin.py:117} INFO - [2025-12-05T01:12:15.736+0000] {dag.py:3328} INFO - Setting next_dagrun for example_xcom to 2021-01-01T00:00:00+00:00, run_after=2021-01-01T00:00:00+00:00
[2025-12-05T01:12:15.744+0000] {processor.py:178} INFO - Processing /home/airflow/.local/lib/python3.7/site-packages/airflow/example_dags/example_xcom.py took 0.055 seconds
[2025-12-05T01:12:46.728+0000] {processor.py:156} INFO - Started process (PID=10798) to work on /home/airflow/.local/lib/python3.7/site-packages/airflow/example_dags/example_xcom.py
[2025-12-05T01:12:46.729+0000] {processor.py:758} INFO - Processing file /home/airflow/.local/lib/python3.7/site-packages/airflow/example_dags/example_xcom.py for tasks to queue
[2025-12-05T01:12:46.729+0000] {logging_mixin.py:117} INFO - [2025-12-05T01:12:46.729+0000] {dagbag.py:525} INFO - Filling up the DagBag from /home/airflow/.local/lib/python3.7/site-packages/airflow/example_dags/example_xcom.py
[2025-12-05T01:12:46.740+0000] {processor.py:768} INFO - DAG(s) dict_keys(['example_xcom']) retrieved from /home/airflow/.local/lib/python3.7/site-packages/airflow/example_dags/example_xcom.py
[2025-12-05T01:12:46.758+0000] {logging_mixin.py:117} INFO - [2025-12-05T01:12:46.758+0000] {dag.py:2573} INFO - Sync 1 DAGs
[2025-12-05T01:12:46.772+0000] {logging_mixin.py:117} INFO - [2025-12-05T01:12:46.771+0000] {dag.py:3328} INFO - Setting next_dagrun for example_xcom to 2021-01-01T00:00:00+00:00, run_after=2021-01-01T00:00:00+00:00
[2025-12-05T01:12:46.785+0000] {processor.py:178} INFO - Processing /home/airflow/.local/lib/python3.7/site-packages/airflow/example_dags/example_xcom.py took 0.058 seconds
[2025-12-05T01:13:18.098+0000] {processor.py:156} INFO - Started process (PID=11001) to work on /home/airflow/.local/lib/python3.7/site-packages/airflow/example_dags/example_xcom.py
[2025-12-05T01:13:18.098+0000] {processor.py:758} INFO - Processing file /home/airflow/.local/lib/python3.7/site-packages/airflow/example_dags/example_xcom.py for tasks to queue
[2025-12-05T01:13:18.099+0000] {logging_mixin.py:117} INFO - [2025-12-05T01:13:18.099+0000] {dagbag.py:525} INFO - Filling up the DagBag from /home/airflow/.local/lib/python3.7/site-packages/airflow/example_dags/example_xcom.py
[2025-12-05T01:13:18.112+0000] {processor.py:768} INFO - DAG(s) dict_keys(['example_xcom']) retrieved from /home/airflow/.local/lib/python3.7/site-packages/airflow/example_dags/example_xcom.py
[2025-12-05T01:13:18.134+0000] {logging_mixin.py:117} INFO - [2025-12-05T01:13:18.133+0000] {dag.py:2573} INFO - Sync 1 DAGs
[2025-12-05T01:13:18.147+0000] {logging_mixin.py:117} INFO - [2025-12-05T01:13:18.147+0000] {dag.py:3328} INFO - Setting next_dagrun for example_xcom to 2021-01-01T00:00:00+00:00, run_after=2021-01-01T00:00:00+00:00
[2025-12-05T01:13:18.156+0000] {processor.py:178} INFO - Processing /home/airflow/.local/lib/python3.7/site-packages/airflow/example_dags/example_xcom.py took 0.061 seconds
[2025-12-05T01:13:48.852+0000] {processor.py:156} INFO - Started process (PID=11200) to work on /home/airflow/.local/lib/python3.7/site-packages/airflow/example_dags/example_xcom.py
[2025-12-05T01:13:48.853+0000] {processor.py:758} INFO - Processing file /home/airflow/.local/lib/python3.7/site-packages/airflow/example_dags/example_xcom.py for tasks to queue
[2025-12-05T01:13:48.854+0000] {logging_mixin.py:117} INFO - [2025-12-05T01:13:48.854+0000] {dagbag.py:525} INFO - Filling up the DagBag from /home/airflow/.local/lib/python3.7/site-packages/airflow/example_dags/example_xcom.py
[2025-12-05T01:13:48.884+0000] {processor.py:768} INFO - DAG(s) dict_keys(['example_xcom']) retrieved from /home/airflow/.local/lib/python3.7/site-packages/airflow/example_dags/example_xcom.py
[2025-12-05T01:13:48.925+0000] {logging_mixin.py:117} INFO - [2025-12-05T01:13:48.925+0000] {dag.py:2573} INFO - Sync 1 DAGs
[2025-12-05T01:13:48.943+0000] {logging_mixin.py:117} INFO - [2025-12-05T01:13:48.943+0000] {dag.py:3328} INFO - Setting next_dagrun for example_xcom to 2021-01-01T00:00:00+00:00, run_after=2021-01-01T00:00:00+00:00
[2025-12-05T01:13:48.955+0000] {processor.py:178} INFO - Processing /home/airflow/.local/lib/python3.7/site-packages/airflow/example_dags/example_xcom.py took 0.105 seconds
[2025-12-05T01:14:19.043+0000] {processor.py:156} INFO - Started process (PID=11403) to work on /home/airflow/.local/lib/python3.7/site-packages/airflow/example_dags/example_xcom.py
[2025-12-05T01:14:19.043+0000] {processor.py:758} INFO - Processing file /home/airflow/.local/lib/python3.7/site-packages/airflow/example_dags/example_xcom.py for tasks to queue
[2025-12-05T01:14:19.043+0000] {logging_mixin.py:117} INFO - [2025-12-05T01:14:19.043+0000] {dagbag.py:525} INFO - Filling up the DagBag from /home/airflow/.local/lib/python3.7/site-packages/airflow/example_dags/example_xcom.py
[2025-12-05T01:14:19.054+0000] {processor.py:768} INFO - DAG(s) dict_keys(['example_xcom']) retrieved from /home/airflow/.local/lib/python3.7/site-packages/airflow/example_dags/example_xcom.py
[2025-12-05T01:14:19.071+0000] {logging_mixin.py:117} INFO - [2025-12-05T01:14:19.071+0000] {dag.py:2573} INFO - Sync 1 DAGs
[2025-12-05T01:14:19.082+0000] {logging_mixin.py:117} INFO - [2025-12-05T01:14:19.082+0000] {dag.py:3328} INFO - Setting next_dagrun for example_xcom to 2021-01-01T00:00:00+00:00, run_after=2021-01-01T00:00:00+00:00
[2025-12-05T01:14:19.090+0000] {processor.py:178} INFO - Processing /home/airflow/.local/lib/python3.7/site-packages/airflow/example_dags/example_xcom.py took 0.049 seconds
[2025-12-05T01:14:49.349+0000] {processor.py:156} INFO - Started process (PID=11604) to work on /home/airflow/.local/lib/python3.7/site-packages/airflow/example_dags/example_xcom.py
[2025-12-05T01:14:49.350+0000] {processor.py:758} INFO - Processing file /home/airflow/.local/lib/python3.7/site-packages/airflow/example_dags/example_xcom.py for tasks to queue
[2025-12-05T01:14:49.350+0000] {logging_mixin.py:117} INFO - [2025-12-05T01:14:49.350+0000] {dagbag.py:525} INFO - Filling up the DagBag from /home/airflow/.local/lib/python3.7/site-packages/airflow/example_dags/example_xcom.py
[2025-12-05T01:14:49.362+0000] {processor.py:768} INFO - DAG(s) dict_keys(['example_xcom']) retrieved from /home/airflow/.local/lib/python3.7/site-packages/airflow/example_dags/example_xcom.py
[2025-12-05T01:14:49.396+0000] {logging_mixin.py:117} INFO - [2025-12-05T01:14:49.396+0000] {dag.py:2573} INFO - Sync 1 DAGs
[2025-12-05T01:14:49.408+0000] {logging_mixin.py:117} INFO - [2025-12-05T01:14:49.408+0000] {dag.py:3328} INFO - Setting next_dagrun for example_xcom to 2021-01-01T00:00:00+00:00, run_after=2021-01-01T00:00:00+00:00
[2025-12-05T01:14:49.421+0000] {processor.py:178} INFO - Processing /home/airflow/.local/lib/python3.7/site-packages/airflow/example_dags/example_xcom.py took 0.074 seconds
[2025-12-05T01:15:19.660+0000] {processor.py:156} INFO - Started process (PID=11806) to work on /home/airflow/.local/lib/python3.7/site-packages/airflow/example_dags/example_xcom.py
[2025-12-05T01:15:19.661+0000] {processor.py:758} INFO - Processing file /home/airflow/.local/lib/python3.7/site-packages/airflow/example_dags/example_xcom.py for tasks to queue
[2025-12-05T01:15:19.661+0000] {logging_mixin.py:117} INFO - [2025-12-05T01:15:19.661+0000] {dagbag.py:525} INFO - Filling up the DagBag from /home/airflow/.local/lib/python3.7/site-packages/airflow/example_dags/example_xcom.py
[2025-12-05T01:15:19.674+0000] {processor.py:768} INFO - DAG(s) dict_keys(['example_xcom']) retrieved from /home/airflow/.local/lib/python3.7/site-packages/airflow/example_dags/example_xcom.py
[2025-12-05T01:15:19.697+0000] {logging_mixin.py:117} INFO - [2025-12-05T01:15:19.697+0000] {dag.py:2573} INFO - Sync 1 DAGs
[2025-12-05T01:15:19.716+0000] {logging_mixin.py:117} INFO - [2025-12-05T01:15:19.716+0000] {dag.py:3328} INFO - Setting next_dagrun for example_xcom to 2021-01-01T00:00:00+00:00, run_after=2021-01-01T00:00:00+00:00
[2025-12-05T01:15:19.737+0000] {processor.py:178} INFO - Processing /home/airflow/.local/lib/python3.7/site-packages/airflow/example_dags/example_xcom.py took 0.078 seconds
[2025-12-05T01:15:49.992+0000] {processor.py:156} INFO - Started process (PID=12005) to work on /home/airflow/.local/lib/python3.7/site-packages/airflow/example_dags/example_xcom.py
[2025-12-05T01:15:49.993+0000] {processor.py:758} INFO - Processing file /home/airflow/.local/lib/python3.7/site-packages/airflow/example_dags/example_xcom.py for tasks to queue
[2025-12-05T01:15:49.993+0000] {logging_mixin.py:117} INFO - [2025-12-05T01:15:49.993+0000] {dagbag.py:525} INFO - Filling up the DagBag from /home/airflow/.local/lib/python3.7/site-packages/airflow/example_dags/example_xcom.py
[2025-12-05T01:15:50.004+0000] {processor.py:768} INFO - DAG(s) dict_keys(['example_xcom']) retrieved from /home/airflow/.local/lib/python3.7/site-packages/airflow/example_dags/example_xcom.py
[2025-12-05T01:15:50.033+0000] {logging_mixin.py:117} INFO - [2025-12-05T01:15:50.033+0000] {dag.py:2573} INFO - Sync 1 DAGs
[2025-12-05T01:15:50.049+0000] {logging_mixin.py:117} INFO - [2025-12-05T01:15:50.048+0000] {dag.py:3328} INFO - Setting next_dagrun for example_xcom to 2021-01-01T00:00:00+00:00, run_after=2021-01-01T00:00:00+00:00
[2025-12-05T01:15:50.060+0000] {processor.py:178} INFO - Processing /home/airflow/.local/lib/python3.7/site-packages/airflow/example_dags/example_xcom.py took 0.070 seconds
[2025-12-05T01:16:20.993+0000] {processor.py:156} INFO - Started process (PID=12211) to work on /home/airflow/.local/lib/python3.7/site-packages/airflow/example_dags/example_xcom.py
[2025-12-05T01:16:20.994+0000] {processor.py:758} INFO - Processing file /home/airflow/.local/lib/python3.7/site-packages/airflow/example_dags/example_xcom.py for tasks to queue
[2025-12-05T01:16:20.994+0000] {logging_mixin.py:117} INFO - [2025-12-05T01:16:20.994+0000] {dagbag.py:525} INFO - Filling up the DagBag from /home/airflow/.local/lib/python3.7/site-packages/airflow/example_dags/example_xcom.py
[2025-12-05T01:16:21.005+0000] {processor.py:768} INFO - DAG(s) dict_keys(['example_xcom']) retrieved from /home/airflow/.local/lib/python3.7/site-packages/airflow/example_dags/example_xcom.py
[2025-12-05T01:16:21.028+0000] {logging_mixin.py:117} INFO - [2025-12-05T01:16:21.028+0000] {dag.py:2573} INFO - Sync 1 DAGs
[2025-12-05T01:16:21.041+0000] {logging_mixin.py:117} INFO - [2025-12-05T01:16:21.041+0000] {dag.py:3328} INFO - Setting next_dagrun for example_xcom to 2021-01-01T00:00:00+00:00, run_after=2021-01-01T00:00:00+00:00
[2025-12-05T01:16:21.051+0000] {processor.py:178} INFO - Processing /home/airflow/.local/lib/python3.7/site-packages/airflow/example_dags/example_xcom.py took 0.060 seconds
[2025-12-05T01:16:51.396+0000] {processor.py:156} INFO - Started process (PID=12422) to work on /home/airflow/.local/lib/python3.7/site-packages/airflow/example_dags/example_xcom.py
[2025-12-05T01:16:51.398+0000] {processor.py:758} INFO - Processing file /home/airflow/.local/lib/python3.7/site-packages/airflow/example_dags/example_xcom.py for tasks to queue
[2025-12-05T01:16:51.401+0000] {logging_mixin.py:117} INFO - [2025-12-05T01:16:51.401+0000] {dagbag.py:525} INFO - Filling up the DagBag from /home/airflow/.local/lib/python3.7/site-packages/airflow/example_dags/example_xcom.py
[2025-12-05T01:16:51.415+0000] {processor.py:768} INFO - DAG(s) dict_keys(['example_xcom']) retrieved from /home/airflow/.local/lib/python3.7/site-packages/airflow/example_dags/example_xcom.py
[2025-12-05T01:16:51.435+0000] {logging_mixin.py:117} INFO - [2025-12-05T01:16:51.435+0000] {dag.py:2573} INFO - Sync 1 DAGs
[2025-12-05T01:16:51.450+0000] {logging_mixin.py:117} INFO - [2025-12-05T01:16:51.450+0000] {dag.py:3328} INFO - Setting next_dagrun for example_xcom to 2021-01-01T00:00:00+00:00, run_after=2021-01-01T00:00:00+00:00
[2025-12-05T01:16:51.458+0000] {processor.py:178} INFO - Processing /home/airflow/.local/lib/python3.7/site-packages/airflow/example_dags/example_xcom.py took 0.066 seconds
[2025-12-05T01:17:22.078+0000] {processor.py:156} INFO - Started process (PID=12630) to work on /home/airflow/.local/lib/python3.7/site-packages/airflow/example_dags/example_xcom.py
[2025-12-05T01:17:22.078+0000] {processor.py:758} INFO - Processing file /home/airflow/.local/lib/python3.7/site-packages/airflow/example_dags/example_xcom.py for tasks to queue
[2025-12-05T01:17:22.079+0000] {logging_mixin.py:117} INFO - [2025-12-05T01:17:22.079+0000] {dagbag.py:525} INFO - Filling up the DagBag from /home/airflow/.local/lib/python3.7/site-packages/airflow/example_dags/example_xcom.py
[2025-12-05T01:17:22.092+0000] {processor.py:768} INFO - DAG(s) dict_keys(['example_xcom']) retrieved from /home/airflow/.local/lib/python3.7/site-packages/airflow/example_dags/example_xcom.py
[2025-12-05T01:17:22.114+0000] {logging_mixin.py:117} INFO - [2025-12-05T01:17:22.114+0000] {dag.py:2573} INFO - Sync 1 DAGs
[2025-12-05T01:17:22.127+0000] {logging_mixin.py:117} INFO - [2025-12-05T01:17:22.127+0000] {dag.py:3328} INFO - Setting next_dagrun for example_xcom to 2021-01-01T00:00:00+00:00, run_after=2021-01-01T00:00:00+00:00
[2025-12-05T01:17:22.135+0000] {processor.py:178} INFO - Processing /home/airflow/.local/lib/python3.7/site-packages/airflow/example_dags/example_xcom.py took 0.060 seconds
[2025-12-05T01:17:52.215+0000] {processor.py:156} INFO - Started process (PID=12838) to work on /home/airflow/.local/lib/python3.7/site-packages/airflow/example_dags/example_xcom.py
[2025-12-05T01:17:52.218+0000] {processor.py:758} INFO - Processing file /home/airflow/.local/lib/python3.7/site-packages/airflow/example_dags/example_xcom.py for tasks to queue
[2025-12-05T01:17:52.219+0000] {logging_mixin.py:117} INFO - [2025-12-05T01:17:52.219+0000] {dagbag.py:525} INFO - Filling up the DagBag from /home/airflow/.local/lib/python3.7/site-packages/airflow/example_dags/example_xcom.py
[2025-12-05T01:17:52.231+0000] {processor.py:768} INFO - DAG(s) dict_keys(['example_xcom']) retrieved from /home/airflow/.local/lib/python3.7/site-packages/airflow/example_dags/example_xcom.py
[2025-12-05T01:17:52.264+0000] {logging_mixin.py:117} INFO - [2025-12-05T01:17:52.264+0000] {dag.py:2573} INFO - Sync 1 DAGs
[2025-12-05T01:17:52.276+0000] {logging_mixin.py:117} INFO - [2025-12-05T01:17:52.276+0000] {dag.py:3328} INFO - Setting next_dagrun for example_xcom to 2021-01-01T00:00:00+00:00, run_after=2021-01-01T00:00:00+00:00
[2025-12-05T01:17:52.286+0000] {processor.py:178} INFO - Processing /home/airflow/.local/lib/python3.7/site-packages/airflow/example_dags/example_xcom.py took 0.072 seconds
[2025-12-05T01:18:22.698+0000] {processor.py:156} INFO - Started process (PID=13044) to work on /home/airflow/.local/lib/python3.7/site-packages/airflow/example_dags/example_xcom.py
[2025-12-05T01:18:22.698+0000] {processor.py:758} INFO - Processing file /home/airflow/.local/lib/python3.7/site-packages/airflow/example_dags/example_xcom.py for tasks to queue
[2025-12-05T01:18:22.699+0000] {logging_mixin.py:117} INFO - [2025-12-05T01:18:22.698+0000] {dagbag.py:525} INFO - Filling up the DagBag from /home/airflow/.local/lib/python3.7/site-packages/airflow/example_dags/example_xcom.py
[2025-12-05T01:18:22.710+0000] {processor.py:768} INFO - DAG(s) dict_keys(['example_xcom']) retrieved from /home/airflow/.local/lib/python3.7/site-packages/airflow/example_dags/example_xcom.py
[2025-12-05T01:18:22.732+0000] {logging_mixin.py:117} INFO - [2025-12-05T01:18:22.732+0000] {dag.py:2573} INFO - Sync 1 DAGs
[2025-12-05T01:18:22.744+0000] {logging_mixin.py:117} INFO - [2025-12-05T01:18:22.744+0000] {dag.py:3328} INFO - Setting next_dagrun for example_xcom to 2021-01-01T00:00:00+00:00, run_after=2021-01-01T00:00:00+00:00
[2025-12-05T01:18:22.753+0000] {processor.py:178} INFO - Processing /home/airflow/.local/lib/python3.7/site-packages/airflow/example_dags/example_xcom.py took 0.056 seconds
[2025-12-05T01:18:53.770+0000] {processor.py:156} INFO - Started process (PID=13250) to work on /home/airflow/.local/lib/python3.7/site-packages/airflow/example_dags/example_xcom.py
[2025-12-05T01:18:53.771+0000] {processor.py:758} INFO - Processing file /home/airflow/.local/lib/python3.7/site-packages/airflow/example_dags/example_xcom.py for tasks to queue
[2025-12-05T01:18:53.774+0000] {logging_mixin.py:117} INFO - [2025-12-05T01:18:53.774+0000] {dagbag.py:525} INFO - Filling up the DagBag from /home/airflow/.local/lib/python3.7/site-packages/airflow/example_dags/example_xcom.py
[2025-12-05T01:18:53.786+0000] {processor.py:768} INFO - DAG(s) dict_keys(['example_xcom']) retrieved from /home/airflow/.local/lib/python3.7/site-packages/airflow/example_dags/example_xcom.py
[2025-12-05T01:18:53.808+0000] {logging_mixin.py:117} INFO - [2025-12-05T01:18:53.808+0000] {dag.py:2573} INFO - Sync 1 DAGs
[2025-12-05T01:18:53.819+0000] {logging_mixin.py:117} INFO - [2025-12-05T01:18:53.819+0000] {dag.py:3328} INFO - Setting next_dagrun for example_xcom to 2021-01-01T00:00:00+00:00, run_after=2021-01-01T00:00:00+00:00
[2025-12-05T01:18:53.829+0000] {processor.py:178} INFO - Processing /home/airflow/.local/lib/python3.7/site-packages/airflow/example_dags/example_xcom.py took 0.061 seconds
[2025-12-05T01:19:24.529+0000] {processor.py:156} INFO - Started process (PID=13456) to work on /home/airflow/.local/lib/python3.7/site-packages/airflow/example_dags/example_xcom.py
[2025-12-05T01:19:24.530+0000] {processor.py:758} INFO - Processing file /home/airflow/.local/lib/python3.7/site-packages/airflow/example_dags/example_xcom.py for tasks to queue
[2025-12-05T01:19:24.533+0000] {logging_mixin.py:117} INFO - [2025-12-05T01:19:24.533+0000] {dagbag.py:525} INFO - Filling up the DagBag from /home/airflow/.local/lib/python3.7/site-packages/airflow/example_dags/example_xcom.py
[2025-12-05T01:19:24.545+0000] {processor.py:768} INFO - DAG(s) dict_keys(['example_xcom']) retrieved from /home/airflow/.local/lib/python3.7/site-packages/airflow/example_dags/example_xcom.py
[2025-12-05T01:19:24.562+0000] {logging_mixin.py:117} INFO - [2025-12-05T01:19:24.562+0000] {dag.py:2573} INFO - Sync 1 DAGs
[2025-12-05T01:19:24.575+0000] {logging_mixin.py:117} INFO - [2025-12-05T01:19:24.575+0000] {dag.py:3328} INFO - Setting next_dagrun for example_xcom to 2021-01-01T00:00:00+00:00, run_after=2021-01-01T00:00:00+00:00
[2025-12-05T01:19:24.582+0000] {processor.py:178} INFO - Processing /home/airflow/.local/lib/python3.7/site-packages/airflow/example_dags/example_xcom.py took 0.055 seconds
[2025-12-05T01:19:55.500+0000] {processor.py:156} INFO - Started process (PID=13669) to work on /home/airflow/.local/lib/python3.7/site-packages/airflow/example_dags/example_xcom.py
[2025-12-05T01:19:55.500+0000] {processor.py:758} INFO - Processing file /home/airflow/.local/lib/python3.7/site-packages/airflow/example_dags/example_xcom.py for tasks to queue
[2025-12-05T01:19:55.500+0000] {logging_mixin.py:117} INFO - [2025-12-05T01:19:55.500+0000] {dagbag.py:525} INFO - Filling up the DagBag from /home/airflow/.local/lib/python3.7/site-packages/airflow/example_dags/example_xcom.py
[2025-12-05T01:19:55.517+0000] {processor.py:768} INFO - DAG(s) dict_keys(['example_xcom']) retrieved from /home/airflow/.local/lib/python3.7/site-packages/airflow/example_dags/example_xcom.py
[2025-12-05T01:19:55.559+0000] {logging_mixin.py:117} INFO - [2025-12-05T01:19:55.559+0000] {dag.py:2573} INFO - Sync 1 DAGs
[2025-12-05T01:19:55.575+0000] {logging_mixin.py:117} INFO - [2025-12-05T01:19:55.575+0000] {dag.py:3328} INFO - Setting next_dagrun for example_xcom to 2021-01-01T00:00:00+00:00, run_after=2021-01-01T00:00:00+00:00
[2025-12-05T01:19:55.592+0000] {processor.py:178} INFO - Processing /home/airflow/.local/lib/python3.7/site-packages/airflow/example_dags/example_xcom.py took 0.094 seconds
[2025-12-05T01:20:26.387+0000] {processor.py:156} INFO - Started process (PID=13875) to work on /home/airflow/.local/lib/python3.7/site-packages/airflow/example_dags/example_xcom.py
[2025-12-05T01:20:26.388+0000] {processor.py:758} INFO - Processing file /home/airflow/.local/lib/python3.7/site-packages/airflow/example_dags/example_xcom.py for tasks to queue
[2025-12-05T01:20:26.388+0000] {logging_mixin.py:117} INFO - [2025-12-05T01:20:26.388+0000] {dagbag.py:525} INFO - Filling up the DagBag from /home/airflow/.local/lib/python3.7/site-packages/airflow/example_dags/example_xcom.py
[2025-12-05T01:20:26.399+0000] {processor.py:768} INFO - DAG(s) dict_keys(['example_xcom']) retrieved from /home/airflow/.local/lib/python3.7/site-packages/airflow/example_dags/example_xcom.py
[2025-12-05T01:20:26.418+0000] {logging_mixin.py:117} INFO - [2025-12-05T01:20:26.418+0000] {dag.py:2573} INFO - Sync 1 DAGs
[2025-12-05T01:20:26.429+0000] {logging_mixin.py:117} INFO - [2025-12-05T01:20:26.429+0000] {dag.py:3328} INFO - Setting next_dagrun for example_xcom to 2021-01-01T00:00:00+00:00, run_after=2021-01-01T00:00:00+00:00
[2025-12-05T01:20:26.439+0000] {processor.py:178} INFO - Processing /home/airflow/.local/lib/python3.7/site-packages/airflow/example_dags/example_xcom.py took 0.053 seconds
[2025-12-05T01:20:57.464+0000] {processor.py:156} INFO - Started process (PID=14081) to work on /home/airflow/.local/lib/python3.7/site-packages/airflow/example_dags/example_xcom.py
[2025-12-05T01:20:57.465+0000] {processor.py:758} INFO - Processing file /home/airflow/.local/lib/python3.7/site-packages/airflow/example_dags/example_xcom.py for tasks to queue
[2025-12-05T01:20:57.466+0000] {logging_mixin.py:117} INFO - [2025-12-05T01:20:57.466+0000] {dagbag.py:525} INFO - Filling up the DagBag from /home/airflow/.local/lib/python3.7/site-packages/airflow/example_dags/example_xcom.py
[2025-12-05T01:20:57.477+0000] {processor.py:768} INFO - DAG(s) dict_keys(['example_xcom']) retrieved from /home/airflow/.local/lib/python3.7/site-packages/airflow/example_dags/example_xcom.py
[2025-12-05T01:20:57.497+0000] {logging_mixin.py:117} INFO - [2025-12-05T01:20:57.497+0000] {dag.py:2573} INFO - Sync 1 DAGs
[2025-12-05T01:20:57.511+0000] {logging_mixin.py:117} INFO - [2025-12-05T01:20:57.511+0000] {dag.py:3328} INFO - Setting next_dagrun for example_xcom to 2021-01-01T00:00:00+00:00, run_after=2021-01-01T00:00:00+00:00
[2025-12-05T01:20:57.522+0000] {processor.py:178} INFO - Processing /home/airflow/.local/lib/python3.7/site-packages/airflow/example_dags/example_xcom.py took 0.060 seconds
