[2025-12-05T00:46:07.291+0000] {processor.py:156} INFO - Started process (PID=302) to work on /home/airflow/.local/lib/python3.7/site-packages/airflow/example_dags/example_bash_operator.py
[2025-12-05T00:46:07.294+0000] {processor.py:758} INFO - Processing file /home/airflow/.local/lib/python3.7/site-packages/airflow/example_dags/example_bash_operator.py for tasks to queue
[2025-12-05T00:46:07.299+0000] {logging_mixin.py:117} INFO - [2025-12-05T00:46:07.299+0000] {dagbag.py:525} INFO - Filling up the DagBag from /home/airflow/.local/lib/python3.7/site-packages/airflow/example_dags/example_bash_operator.py
[2025-12-05T00:46:07.343+0000] {processor.py:768} INFO - DAG(s) dict_keys(['example_bash_operator']) retrieved from /home/airflow/.local/lib/python3.7/site-packages/airflow/example_dags/example_bash_operator.py
[2025-12-05T00:46:07.503+0000] {logging_mixin.py:117} INFO - [2025-12-05T00:46:07.502+0000] {manager.py:508} INFO - Created Permission View: can read on DAG:example_bash_operator
[2025-12-05T00:46:07.515+0000] {logging_mixin.py:117} INFO - [2025-12-05T00:46:07.515+0000] {manager.py:508} INFO - Created Permission View: can delete on DAG:example_bash_operator
[2025-12-05T00:46:07.521+0000] {logging_mixin.py:117} INFO - [2025-12-05T00:46:07.521+0000] {manager.py:508} INFO - Created Permission View: can edit on DAG:example_bash_operator
[2025-12-05T00:46:07.522+0000] {logging_mixin.py:117} INFO - [2025-12-05T00:46:07.522+0000] {dag.py:2573} INFO - Sync 1 DAGs
[2025-12-05T00:46:07.697+0000] {logging_mixin.py:117} INFO - [2025-12-05T00:46:07.697+0000] {dag.py:2594} INFO - Creating ORM DAG for example_bash_operator
[2025-12-05T00:46:07.707+0000] {logging_mixin.py:117} INFO - [2025-12-05T00:46:07.706+0000] {dag.py:3328} INFO - Setting next_dagrun for example_bash_operator to 2025-12-04T00:00:00+00:00, run_after=2025-12-05T00:00:00+00:00
[2025-12-05T00:46:07.721+0000] {processor.py:178} INFO - Processing /home/airflow/.local/lib/python3.7/site-packages/airflow/example_dags/example_bash_operator.py took 0.433 seconds
[2025-12-05T00:46:38.320+0000] {processor.py:156} INFO - Started process (PID=510) to work on /home/airflow/.local/lib/python3.7/site-packages/airflow/example_dags/example_bash_operator.py
[2025-12-05T00:46:38.321+0000] {processor.py:758} INFO - Processing file /home/airflow/.local/lib/python3.7/site-packages/airflow/example_dags/example_bash_operator.py for tasks to queue
[2025-12-05T00:46:38.321+0000] {logging_mixin.py:117} INFO - [2025-12-05T00:46:38.321+0000] {dagbag.py:525} INFO - Filling up the DagBag from /home/airflow/.local/lib/python3.7/site-packages/airflow/example_dags/example_bash_operator.py
[2025-12-05T00:46:38.331+0000] {processor.py:768} INFO - DAG(s) dict_keys(['example_bash_operator']) retrieved from /home/airflow/.local/lib/python3.7/site-packages/airflow/example_dags/example_bash_operator.py
[2025-12-05T00:46:38.358+0000] {logging_mixin.py:117} INFO - [2025-12-05T00:46:38.358+0000] {dag.py:2573} INFO - Sync 1 DAGs
[2025-12-05T00:46:38.372+0000] {logging_mixin.py:117} INFO - [2025-12-05T00:46:38.372+0000] {dag.py:3328} INFO - Setting next_dagrun for example_bash_operator to 2025-12-04T00:00:00+00:00, run_after=2025-12-05T00:00:00+00:00
[2025-12-05T00:46:38.387+0000] {processor.py:178} INFO - Processing /home/airflow/.local/lib/python3.7/site-packages/airflow/example_dags/example_bash_operator.py took 0.069 seconds
[2025-12-05T00:47:09.303+0000] {processor.py:156} INFO - Started process (PID=712) to work on /home/airflow/.local/lib/python3.7/site-packages/airflow/example_dags/example_bash_operator.py
[2025-12-05T00:47:09.304+0000] {processor.py:758} INFO - Processing file /home/airflow/.local/lib/python3.7/site-packages/airflow/example_dags/example_bash_operator.py for tasks to queue
[2025-12-05T00:47:09.307+0000] {logging_mixin.py:117} INFO - [2025-12-05T00:47:09.307+0000] {dagbag.py:525} INFO - Filling up the DagBag from /home/airflow/.local/lib/python3.7/site-packages/airflow/example_dags/example_bash_operator.py
[2025-12-05T00:47:09.318+0000] {processor.py:768} INFO - DAG(s) dict_keys(['example_bash_operator']) retrieved from /home/airflow/.local/lib/python3.7/site-packages/airflow/example_dags/example_bash_operator.py
[2025-12-05T00:47:09.348+0000] {logging_mixin.py:117} INFO - [2025-12-05T00:47:09.348+0000] {dag.py:2573} INFO - Sync 1 DAGs
[2025-12-05T00:47:09.362+0000] {logging_mixin.py:117} INFO - [2025-12-05T00:47:09.362+0000] {dag.py:3328} INFO - Setting next_dagrun for example_bash_operator to 2025-12-04T00:00:00+00:00, run_after=2025-12-05T00:00:00+00:00
[2025-12-05T00:47:09.373+0000] {processor.py:178} INFO - Processing /home/airflow/.local/lib/python3.7/site-packages/airflow/example_dags/example_bash_operator.py took 0.072 seconds
[2025-12-05T00:47:39.733+0000] {processor.py:156} INFO - Started process (PID=913) to work on /home/airflow/.local/lib/python3.7/site-packages/airflow/example_dags/example_bash_operator.py
[2025-12-05T00:47:39.734+0000] {processor.py:758} INFO - Processing file /home/airflow/.local/lib/python3.7/site-packages/airflow/example_dags/example_bash_operator.py for tasks to queue
[2025-12-05T00:47:39.735+0000] {logging_mixin.py:117} INFO - [2025-12-05T00:47:39.735+0000] {dagbag.py:525} INFO - Filling up the DagBag from /home/airflow/.local/lib/python3.7/site-packages/airflow/example_dags/example_bash_operator.py
[2025-12-05T00:47:39.749+0000] {processor.py:768} INFO - DAG(s) dict_keys(['example_bash_operator']) retrieved from /home/airflow/.local/lib/python3.7/site-packages/airflow/example_dags/example_bash_operator.py
[2025-12-05T00:47:39.784+0000] {logging_mixin.py:117} INFO - [2025-12-05T00:47:39.784+0000] {dag.py:2573} INFO - Sync 1 DAGs
[2025-12-05T00:47:39.802+0000] {logging_mixin.py:117} INFO - [2025-12-05T00:47:39.802+0000] {dag.py:3328} INFO - Setting next_dagrun for example_bash_operator to 2025-12-04T00:00:00+00:00, run_after=2025-12-05T00:00:00+00:00
[2025-12-05T00:47:39.911+0000] {processor.py:178} INFO - Processing /home/airflow/.local/lib/python3.7/site-packages/airflow/example_dags/example_bash_operator.py took 0.180 seconds
[2025-12-05T00:48:10.619+0000] {processor.py:156} INFO - Started process (PID=1114) to work on /home/airflow/.local/lib/python3.7/site-packages/airflow/example_dags/example_bash_operator.py
[2025-12-05T00:48:10.620+0000] {processor.py:758} INFO - Processing file /home/airflow/.local/lib/python3.7/site-packages/airflow/example_dags/example_bash_operator.py for tasks to queue
[2025-12-05T00:48:10.621+0000] {logging_mixin.py:117} INFO - [2025-12-05T00:48:10.621+0000] {dagbag.py:525} INFO - Filling up the DagBag from /home/airflow/.local/lib/python3.7/site-packages/airflow/example_dags/example_bash_operator.py
[2025-12-05T00:48:10.639+0000] {processor.py:768} INFO - DAG(s) dict_keys(['example_bash_operator']) retrieved from /home/airflow/.local/lib/python3.7/site-packages/airflow/example_dags/example_bash_operator.py
[2025-12-05T00:48:10.670+0000] {logging_mixin.py:117} INFO - [2025-12-05T00:48:10.670+0000] {dag.py:2573} INFO - Sync 1 DAGs
[2025-12-05T00:48:10.775+0000] {logging_mixin.py:117} INFO - [2025-12-05T00:48:10.775+0000] {dag.py:3328} INFO - Setting next_dagrun for example_bash_operator to 2025-12-04T00:00:00+00:00, run_after=2025-12-05T00:00:00+00:00
[2025-12-05T00:48:10.792+0000] {processor.py:178} INFO - Processing /home/airflow/.local/lib/python3.7/site-packages/airflow/example_dags/example_bash_operator.py took 0.175 seconds
[2025-12-05T00:48:41.614+0000] {processor.py:156} INFO - Started process (PID=1315) to work on /home/airflow/.local/lib/python3.7/site-packages/airflow/example_dags/example_bash_operator.py
[2025-12-05T00:48:41.614+0000] {processor.py:758} INFO - Processing file /home/airflow/.local/lib/python3.7/site-packages/airflow/example_dags/example_bash_operator.py for tasks to queue
[2025-12-05T00:48:41.615+0000] {logging_mixin.py:117} INFO - [2025-12-05T00:48:41.615+0000] {dagbag.py:525} INFO - Filling up the DagBag from /home/airflow/.local/lib/python3.7/site-packages/airflow/example_dags/example_bash_operator.py
[2025-12-05T00:48:41.626+0000] {processor.py:768} INFO - DAG(s) dict_keys(['example_bash_operator']) retrieved from /home/airflow/.local/lib/python3.7/site-packages/airflow/example_dags/example_bash_operator.py
[2025-12-05T00:48:41.739+0000] {logging_mixin.py:117} INFO - [2025-12-05T00:48:41.739+0000] {dag.py:2573} INFO - Sync 1 DAGs
[2025-12-05T00:48:41.750+0000] {logging_mixin.py:117} INFO - [2025-12-05T00:48:41.749+0000] {dag.py:3328} INFO - Setting next_dagrun for example_bash_operator to 2025-12-04T00:00:00+00:00, run_after=2025-12-05T00:00:00+00:00
[2025-12-05T00:48:41.761+0000] {processor.py:178} INFO - Processing /home/airflow/.local/lib/python3.7/site-packages/airflow/example_dags/example_bash_operator.py took 0.150 seconds
[2025-12-05T00:49:12.398+0000] {processor.py:156} INFO - Started process (PID=1516) to work on /home/airflow/.local/lib/python3.7/site-packages/airflow/example_dags/example_bash_operator.py
[2025-12-05T00:49:12.400+0000] {processor.py:758} INFO - Processing file /home/airflow/.local/lib/python3.7/site-packages/airflow/example_dags/example_bash_operator.py for tasks to queue
[2025-12-05T00:49:12.400+0000] {logging_mixin.py:117} INFO - [2025-12-05T00:49:12.400+0000] {dagbag.py:525} INFO - Filling up the DagBag from /home/airflow/.local/lib/python3.7/site-packages/airflow/example_dags/example_bash_operator.py
[2025-12-05T00:49:12.412+0000] {processor.py:768} INFO - DAG(s) dict_keys(['example_bash_operator']) retrieved from /home/airflow/.local/lib/python3.7/site-packages/airflow/example_dags/example_bash_operator.py
[2025-12-05T00:49:12.515+0000] {logging_mixin.py:117} INFO - [2025-12-05T00:49:12.515+0000] {dag.py:2573} INFO - Sync 1 DAGs
[2025-12-05T00:49:12.529+0000] {logging_mixin.py:117} INFO - [2025-12-05T00:49:12.529+0000] {dag.py:3328} INFO - Setting next_dagrun for example_bash_operator to 2025-12-04T00:00:00+00:00, run_after=2025-12-05T00:00:00+00:00
[2025-12-05T00:49:12.542+0000] {processor.py:178} INFO - Processing /home/airflow/.local/lib/python3.7/site-packages/airflow/example_dags/example_bash_operator.py took 0.146 seconds
[2025-12-05T00:49:42.860+0000] {processor.py:156} INFO - Started process (PID=1717) to work on /home/airflow/.local/lib/python3.7/site-packages/airflow/example_dags/example_bash_operator.py
[2025-12-05T00:49:42.861+0000] {processor.py:758} INFO - Processing file /home/airflow/.local/lib/python3.7/site-packages/airflow/example_dags/example_bash_operator.py for tasks to queue
[2025-12-05T00:49:42.862+0000] {logging_mixin.py:117} INFO - [2025-12-05T00:49:42.862+0000] {dagbag.py:525} INFO - Filling up the DagBag from /home/airflow/.local/lib/python3.7/site-packages/airflow/example_dags/example_bash_operator.py
[2025-12-05T00:49:42.951+0000] {processor.py:768} INFO - DAG(s) dict_keys(['example_bash_operator']) retrieved from /home/airflow/.local/lib/python3.7/site-packages/airflow/example_dags/example_bash_operator.py
[2025-12-05T00:49:42.973+0000] {logging_mixin.py:117} INFO - [2025-12-05T00:49:42.973+0000] {dag.py:2573} INFO - Sync 1 DAGs
[2025-12-05T00:49:42.985+0000] {logging_mixin.py:117} INFO - [2025-12-05T00:49:42.984+0000] {dag.py:3328} INFO - Setting next_dagrun for example_bash_operator to 2025-12-04T00:00:00+00:00, run_after=2025-12-05T00:00:00+00:00
[2025-12-05T00:49:42.992+0000] {processor.py:178} INFO - Processing /home/airflow/.local/lib/python3.7/site-packages/airflow/example_dags/example_bash_operator.py took 0.134 seconds
[2025-12-05T00:50:13.826+0000] {processor.py:156} INFO - Started process (PID=1919) to work on /home/airflow/.local/lib/python3.7/site-packages/airflow/example_dags/example_bash_operator.py
[2025-12-05T00:50:13.827+0000] {processor.py:758} INFO - Processing file /home/airflow/.local/lib/python3.7/site-packages/airflow/example_dags/example_bash_operator.py for tasks to queue
[2025-12-05T00:50:13.830+0000] {logging_mixin.py:117} INFO - [2025-12-05T00:50:13.830+0000] {dagbag.py:525} INFO - Filling up the DagBag from /home/airflow/.local/lib/python3.7/site-packages/airflow/example_dags/example_bash_operator.py
[2025-12-05T00:50:13.839+0000] {processor.py:768} INFO - DAG(s) dict_keys(['example_bash_operator']) retrieved from /home/airflow/.local/lib/python3.7/site-packages/airflow/example_dags/example_bash_operator.py
[2025-12-05T00:50:13.862+0000] {logging_mixin.py:117} INFO - [2025-12-05T00:50:13.862+0000] {dag.py:2573} INFO - Sync 1 DAGs
[2025-12-05T00:50:13.950+0000] {logging_mixin.py:117} INFO - [2025-12-05T00:50:13.950+0000] {dag.py:3328} INFO - Setting next_dagrun for example_bash_operator to 2025-12-04T00:00:00+00:00, run_after=2025-12-05T00:00:00+00:00
[2025-12-05T00:50:13.959+0000] {processor.py:178} INFO - Processing /home/airflow/.local/lib/python3.7/site-packages/airflow/example_dags/example_bash_operator.py took 0.134 seconds
[2025-12-05T00:50:44.534+0000] {processor.py:156} INFO - Started process (PID=2120) to work on /home/airflow/.local/lib/python3.7/site-packages/airflow/example_dags/example_bash_operator.py
[2025-12-05T00:50:44.534+0000] {processor.py:758} INFO - Processing file /home/airflow/.local/lib/python3.7/site-packages/airflow/example_dags/example_bash_operator.py for tasks to queue
[2025-12-05T00:50:44.535+0000] {logging_mixin.py:117} INFO - [2025-12-05T00:50:44.535+0000] {dagbag.py:525} INFO - Filling up the DagBag from /home/airflow/.local/lib/python3.7/site-packages/airflow/example_dags/example_bash_operator.py
[2025-12-05T00:50:44.547+0000] {processor.py:768} INFO - DAG(s) dict_keys(['example_bash_operator']) retrieved from /home/airflow/.local/lib/python3.7/site-packages/airflow/example_dags/example_bash_operator.py
[2025-12-05T00:50:44.663+0000] {logging_mixin.py:117} INFO - [2025-12-05T00:50:44.663+0000] {dag.py:2573} INFO - Sync 1 DAGs
[2025-12-05T00:50:44.675+0000] {logging_mixin.py:117} INFO - [2025-12-05T00:50:44.675+0000] {dag.py:3328} INFO - Setting next_dagrun for example_bash_operator to 2025-12-04T00:00:00+00:00, run_after=2025-12-05T00:00:00+00:00
[2025-12-05T00:50:44.687+0000] {processor.py:178} INFO - Processing /home/airflow/.local/lib/python3.7/site-packages/airflow/example_dags/example_bash_operator.py took 0.154 seconds
[2025-12-05T00:51:15.189+0000] {processor.py:156} INFO - Started process (PID=2321) to work on /home/airflow/.local/lib/python3.7/site-packages/airflow/example_dags/example_bash_operator.py
[2025-12-05T00:51:15.190+0000] {processor.py:758} INFO - Processing file /home/airflow/.local/lib/python3.7/site-packages/airflow/example_dags/example_bash_operator.py for tasks to queue
[2025-12-05T00:51:15.190+0000] {logging_mixin.py:117} INFO - [2025-12-05T00:51:15.190+0000] {dagbag.py:525} INFO - Filling up the DagBag from /home/airflow/.local/lib/python3.7/site-packages/airflow/example_dags/example_bash_operator.py
[2025-12-05T00:51:15.203+0000] {processor.py:768} INFO - DAG(s) dict_keys(['example_bash_operator']) retrieved from /home/airflow/.local/lib/python3.7/site-packages/airflow/example_dags/example_bash_operator.py
[2025-12-05T00:51:15.315+0000] {logging_mixin.py:117} INFO - [2025-12-05T00:51:15.315+0000] {dag.py:2573} INFO - Sync 1 DAGs
[2025-12-05T00:51:15.326+0000] {logging_mixin.py:117} INFO - [2025-12-05T00:51:15.326+0000] {dag.py:3328} INFO - Setting next_dagrun for example_bash_operator to 2025-12-04T00:00:00+00:00, run_after=2025-12-05T00:00:00+00:00
[2025-12-05T00:51:15.333+0000] {processor.py:178} INFO - Processing /home/airflow/.local/lib/python3.7/site-packages/airflow/example_dags/example_bash_operator.py took 0.145 seconds
[2025-12-05T00:51:46.097+0000] {processor.py:156} INFO - Started process (PID=2522) to work on /home/airflow/.local/lib/python3.7/site-packages/airflow/example_dags/example_bash_operator.py
[2025-12-05T00:51:46.097+0000] {processor.py:758} INFO - Processing file /home/airflow/.local/lib/python3.7/site-packages/airflow/example_dags/example_bash_operator.py for tasks to queue
[2025-12-05T00:51:46.098+0000] {logging_mixin.py:117} INFO - [2025-12-05T00:51:46.098+0000] {dagbag.py:525} INFO - Filling up the DagBag from /home/airflow/.local/lib/python3.7/site-packages/airflow/example_dags/example_bash_operator.py
[2025-12-05T00:51:46.228+0000] {processor.py:768} INFO - DAG(s) dict_keys(['example_bash_operator']) retrieved from /home/airflow/.local/lib/python3.7/site-packages/airflow/example_dags/example_bash_operator.py
[2025-12-05T00:51:46.247+0000] {logging_mixin.py:117} INFO - [2025-12-05T00:51:46.247+0000] {dag.py:2573} INFO - Sync 1 DAGs
[2025-12-05T00:51:46.259+0000] {logging_mixin.py:117} INFO - [2025-12-05T00:51:46.259+0000] {dag.py:3328} INFO - Setting next_dagrun for example_bash_operator to 2025-12-04T00:00:00+00:00, run_after=2025-12-05T00:00:00+00:00
[2025-12-05T00:51:46.266+0000] {processor.py:178} INFO - Processing /home/airflow/.local/lib/python3.7/site-packages/airflow/example_dags/example_bash_operator.py took 0.172 seconds
[2025-12-05T00:52:16.580+0000] {processor.py:156} INFO - Started process (PID=2723) to work on /home/airflow/.local/lib/python3.7/site-packages/airflow/example_dags/example_bash_operator.py
[2025-12-05T00:52:16.581+0000] {processor.py:758} INFO - Processing file /home/airflow/.local/lib/python3.7/site-packages/airflow/example_dags/example_bash_operator.py for tasks to queue
[2025-12-05T00:52:16.581+0000] {logging_mixin.py:117} INFO - [2025-12-05T00:52:16.581+0000] {dagbag.py:525} INFO - Filling up the DagBag from /home/airflow/.local/lib/python3.7/site-packages/airflow/example_dags/example_bash_operator.py
[2025-12-05T00:52:16.591+0000] {processor.py:768} INFO - DAG(s) dict_keys(['example_bash_operator']) retrieved from /home/airflow/.local/lib/python3.7/site-packages/airflow/example_dags/example_bash_operator.py
[2025-12-05T00:52:16.613+0000] {logging_mixin.py:117} INFO - [2025-12-05T00:52:16.613+0000] {dag.py:2573} INFO - Sync 1 DAGs
[2025-12-05T00:52:16.706+0000] {logging_mixin.py:117} INFO - [2025-12-05T00:52:16.706+0000] {dag.py:3328} INFO - Setting next_dagrun for example_bash_operator to 2025-12-04T00:00:00+00:00, run_after=2025-12-05T00:00:00+00:00
[2025-12-05T00:52:16.714+0000] {processor.py:178} INFO - Processing /home/airflow/.local/lib/python3.7/site-packages/airflow/example_dags/example_bash_operator.py took 0.135 seconds
[2025-12-05T00:52:47.116+0000] {processor.py:156} INFO - Started process (PID=2924) to work on /home/airflow/.local/lib/python3.7/site-packages/airflow/example_dags/example_bash_operator.py
[2025-12-05T00:52:47.116+0000] {processor.py:758} INFO - Processing file /home/airflow/.local/lib/python3.7/site-packages/airflow/example_dags/example_bash_operator.py for tasks to queue
[2025-12-05T00:52:47.117+0000] {logging_mixin.py:117} INFO - [2025-12-05T00:52:47.117+0000] {dagbag.py:525} INFO - Filling up the DagBag from /home/airflow/.local/lib/python3.7/site-packages/airflow/example_dags/example_bash_operator.py
[2025-12-05T00:52:47.128+0000] {processor.py:768} INFO - DAG(s) dict_keys(['example_bash_operator']) retrieved from /home/airflow/.local/lib/python3.7/site-packages/airflow/example_dags/example_bash_operator.py
[2025-12-05T00:52:47.270+0000] {logging_mixin.py:117} INFO - [2025-12-05T00:52:47.270+0000] {dag.py:2573} INFO - Sync 1 DAGs
[2025-12-05T00:52:47.284+0000] {logging_mixin.py:117} INFO - [2025-12-05T00:52:47.284+0000] {dag.py:3328} INFO - Setting next_dagrun for example_bash_operator to 2025-12-04T00:00:00+00:00, run_after=2025-12-05T00:00:00+00:00
[2025-12-05T00:52:47.297+0000] {processor.py:178} INFO - Processing /home/airflow/.local/lib/python3.7/site-packages/airflow/example_dags/example_bash_operator.py took 0.182 seconds
[2025-12-05T00:53:17.704+0000] {processor.py:156} INFO - Started process (PID=3125) to work on /home/airflow/.local/lib/python3.7/site-packages/airflow/example_dags/example_bash_operator.py
[2025-12-05T00:53:17.705+0000] {processor.py:758} INFO - Processing file /home/airflow/.local/lib/python3.7/site-packages/airflow/example_dags/example_bash_operator.py for tasks to queue
[2025-12-05T00:53:17.705+0000] {logging_mixin.py:117} INFO - [2025-12-05T00:53:17.705+0000] {dagbag.py:525} INFO - Filling up the DagBag from /home/airflow/.local/lib/python3.7/site-packages/airflow/example_dags/example_bash_operator.py
[2025-12-05T00:53:17.717+0000] {processor.py:768} INFO - DAG(s) dict_keys(['example_bash_operator']) retrieved from /home/airflow/.local/lib/python3.7/site-packages/airflow/example_dags/example_bash_operator.py
[2025-12-05T00:53:17.823+0000] {logging_mixin.py:117} INFO - [2025-12-05T00:53:17.823+0000] {dag.py:2573} INFO - Sync 1 DAGs
[2025-12-05T00:53:17.834+0000] {logging_mixin.py:117} INFO - [2025-12-05T00:53:17.833+0000] {dag.py:3328} INFO - Setting next_dagrun for example_bash_operator to 2025-12-04T00:00:00+00:00, run_after=2025-12-05T00:00:00+00:00
[2025-12-05T00:53:17.842+0000] {processor.py:178} INFO - Processing /home/airflow/.local/lib/python3.7/site-packages/airflow/example_dags/example_bash_operator.py took 0.140 seconds
[2025-12-05T00:53:48.710+0000] {processor.py:156} INFO - Started process (PID=3326) to work on /home/airflow/.local/lib/python3.7/site-packages/airflow/example_dags/example_bash_operator.py
[2025-12-05T00:53:48.711+0000] {processor.py:758} INFO - Processing file /home/airflow/.local/lib/python3.7/site-packages/airflow/example_dags/example_bash_operator.py for tasks to queue
[2025-12-05T00:53:48.711+0000] {logging_mixin.py:117} INFO - [2025-12-05T00:53:48.711+0000] {dagbag.py:525} INFO - Filling up the DagBag from /home/airflow/.local/lib/python3.7/site-packages/airflow/example_dags/example_bash_operator.py
[2025-12-05T00:53:48.809+0000] {processor.py:768} INFO - DAG(s) dict_keys(['example_bash_operator']) retrieved from /home/airflow/.local/lib/python3.7/site-packages/airflow/example_dags/example_bash_operator.py
[2025-12-05T00:53:48.831+0000] {logging_mixin.py:117} INFO - [2025-12-05T00:53:48.831+0000] {dag.py:2573} INFO - Sync 1 DAGs
[2025-12-05T00:53:48.844+0000] {logging_mixin.py:117} INFO - [2025-12-05T00:53:48.844+0000] {dag.py:3328} INFO - Setting next_dagrun for example_bash_operator to 2025-12-04T00:00:00+00:00, run_after=2025-12-05T00:00:00+00:00
[2025-12-05T00:53:48.852+0000] {processor.py:178} INFO - Processing /home/airflow/.local/lib/python3.7/site-packages/airflow/example_dags/example_bash_operator.py took 0.144 seconds
[2025-12-05T00:54:19.304+0000] {processor.py:156} INFO - Started process (PID=3527) to work on /home/airflow/.local/lib/python3.7/site-packages/airflow/example_dags/example_bash_operator.py
[2025-12-05T00:54:19.305+0000] {processor.py:758} INFO - Processing file /home/airflow/.local/lib/python3.7/site-packages/airflow/example_dags/example_bash_operator.py for tasks to queue
[2025-12-05T00:54:19.305+0000] {logging_mixin.py:117} INFO - [2025-12-05T00:54:19.305+0000] {dagbag.py:525} INFO - Filling up the DagBag from /home/airflow/.local/lib/python3.7/site-packages/airflow/example_dags/example_bash_operator.py
[2025-12-05T00:54:19.315+0000] {processor.py:768} INFO - DAG(s) dict_keys(['example_bash_operator']) retrieved from /home/airflow/.local/lib/python3.7/site-packages/airflow/example_dags/example_bash_operator.py
[2025-12-05T00:54:19.340+0000] {logging_mixin.py:117} INFO - [2025-12-05T00:54:19.340+0000] {dag.py:2573} INFO - Sync 1 DAGs
[2025-12-05T00:54:19.434+0000] {logging_mixin.py:117} INFO - [2025-12-05T00:54:19.434+0000] {dag.py:3328} INFO - Setting next_dagrun for example_bash_operator to 2025-12-04T00:00:00+00:00, run_after=2025-12-05T00:00:00+00:00
[2025-12-05T00:54:19.445+0000] {processor.py:178} INFO - Processing /home/airflow/.local/lib/python3.7/site-packages/airflow/example_dags/example_bash_operator.py took 0.143 seconds
[2025-12-05T00:54:50.088+0000] {processor.py:156} INFO - Started process (PID=3728) to work on /home/airflow/.local/lib/python3.7/site-packages/airflow/example_dags/example_bash_operator.py
[2025-12-05T00:54:50.088+0000] {processor.py:758} INFO - Processing file /home/airflow/.local/lib/python3.7/site-packages/airflow/example_dags/example_bash_operator.py for tasks to queue
[2025-12-05T00:54:50.088+0000] {logging_mixin.py:117} INFO - [2025-12-05T00:54:50.088+0000] {dagbag.py:525} INFO - Filling up the DagBag from /home/airflow/.local/lib/python3.7/site-packages/airflow/example_dags/example_bash_operator.py
[2025-12-05T00:54:50.102+0000] {processor.py:768} INFO - DAG(s) dict_keys(['example_bash_operator']) retrieved from /home/airflow/.local/lib/python3.7/site-packages/airflow/example_dags/example_bash_operator.py
[2025-12-05T00:54:50.220+0000] {logging_mixin.py:117} INFO - [2025-12-05T00:54:50.220+0000] {dag.py:2573} INFO - Sync 1 DAGs
[2025-12-05T00:54:50.234+0000] {logging_mixin.py:117} INFO - [2025-12-05T00:54:50.234+0000] {dag.py:3328} INFO - Setting next_dagrun for example_bash_operator to 2025-12-04T00:00:00+00:00, run_after=2025-12-05T00:00:00+00:00
[2025-12-05T00:54:50.241+0000] {processor.py:178} INFO - Processing /home/airflow/.local/lib/python3.7/site-packages/airflow/example_dags/example_bash_operator.py took 0.155 seconds
[2025-12-05T00:55:20.707+0000] {processor.py:156} INFO - Started process (PID=3930) to work on /home/airflow/.local/lib/python3.7/site-packages/airflow/example_dags/example_bash_operator.py
[2025-12-05T00:55:20.707+0000] {processor.py:758} INFO - Processing file /home/airflow/.local/lib/python3.7/site-packages/airflow/example_dags/example_bash_operator.py for tasks to queue
[2025-12-05T00:55:20.708+0000] {logging_mixin.py:117} INFO - [2025-12-05T00:55:20.708+0000] {dagbag.py:525} INFO - Filling up the DagBag from /home/airflow/.local/lib/python3.7/site-packages/airflow/example_dags/example_bash_operator.py
[2025-12-05T00:55:20.720+0000] {processor.py:768} INFO - DAG(s) dict_keys(['example_bash_operator']) retrieved from /home/airflow/.local/lib/python3.7/site-packages/airflow/example_dags/example_bash_operator.py
[2025-12-05T00:55:20.808+0000] {logging_mixin.py:117} INFO - [2025-12-05T00:55:20.807+0000] {dag.py:2573} INFO - Sync 1 DAGs
[2025-12-05T00:55:20.817+0000] {logging_mixin.py:117} INFO - [2025-12-05T00:55:20.817+0000] {dag.py:3328} INFO - Setting next_dagrun for example_bash_operator to 2025-12-04T00:00:00+00:00, run_after=2025-12-05T00:00:00+00:00
[2025-12-05T00:55:20.825+0000] {processor.py:178} INFO - Processing /home/airflow/.local/lib/python3.7/site-packages/airflow/example_dags/example_bash_operator.py took 0.119 seconds
[2025-12-05T00:55:51.042+0000] {processor.py:156} INFO - Started process (PID=4129) to work on /home/airflow/.local/lib/python3.7/site-packages/airflow/example_dags/example_bash_operator.py
[2025-12-05T00:55:51.043+0000] {processor.py:758} INFO - Processing file /home/airflow/.local/lib/python3.7/site-packages/airflow/example_dags/example_bash_operator.py for tasks to queue
[2025-12-05T00:55:51.043+0000] {logging_mixin.py:117} INFO - [2025-12-05T00:55:51.043+0000] {dagbag.py:525} INFO - Filling up the DagBag from /home/airflow/.local/lib/python3.7/site-packages/airflow/example_dags/example_bash_operator.py
[2025-12-05T00:55:51.149+0000] {processor.py:768} INFO - DAG(s) dict_keys(['example_bash_operator']) retrieved from /home/airflow/.local/lib/python3.7/site-packages/airflow/example_dags/example_bash_operator.py
[2025-12-05T00:55:51.190+0000] {logging_mixin.py:117} INFO - [2025-12-05T00:55:51.189+0000] {dag.py:2573} INFO - Sync 1 DAGs
[2025-12-05T00:55:51.284+0000] {logging_mixin.py:117} INFO - [2025-12-05T00:55:51.284+0000] {dag.py:3328} INFO - Setting next_dagrun for example_bash_operator to 2025-12-04T00:00:00+00:00, run_after=2025-12-05T00:00:00+00:00
[2025-12-05T00:55:51.297+0000] {processor.py:178} INFO - Processing /home/airflow/.local/lib/python3.7/site-packages/airflow/example_dags/example_bash_operator.py took 0.256 seconds
[2025-12-05T00:56:21.751+0000] {processor.py:156} INFO - Started process (PID=4331) to work on /home/airflow/.local/lib/python3.7/site-packages/airflow/example_dags/example_bash_operator.py
[2025-12-05T00:56:21.751+0000] {processor.py:758} INFO - Processing file /home/airflow/.local/lib/python3.7/site-packages/airflow/example_dags/example_bash_operator.py for tasks to queue
[2025-12-05T00:56:21.751+0000] {logging_mixin.py:117} INFO - [2025-12-05T00:56:21.751+0000] {dagbag.py:525} INFO - Filling up the DagBag from /home/airflow/.local/lib/python3.7/site-packages/airflow/example_dags/example_bash_operator.py
[2025-12-05T00:56:21.762+0000] {processor.py:768} INFO - DAG(s) dict_keys(['example_bash_operator']) retrieved from /home/airflow/.local/lib/python3.7/site-packages/airflow/example_dags/example_bash_operator.py
[2025-12-05T00:56:21.783+0000] {logging_mixin.py:117} INFO - [2025-12-05T00:56:21.783+0000] {dag.py:2573} INFO - Sync 1 DAGs
[2025-12-05T00:56:21.794+0000] {logging_mixin.py:117} INFO - [2025-12-05T00:56:21.794+0000] {dag.py:3328} INFO - Setting next_dagrun for example_bash_operator to 2025-12-04T00:00:00+00:00, run_after=2025-12-05T00:00:00+00:00
[2025-12-05T00:56:21.801+0000] {processor.py:178} INFO - Processing /home/airflow/.local/lib/python3.7/site-packages/airflow/example_dags/example_bash_operator.py took 0.053 seconds
[2025-12-05T00:56:52.590+0000] {processor.py:156} INFO - Started process (PID=4530) to work on /home/airflow/.local/lib/python3.7/site-packages/airflow/example_dags/example_bash_operator.py
[2025-12-05T00:56:52.591+0000] {processor.py:758} INFO - Processing file /home/airflow/.local/lib/python3.7/site-packages/airflow/example_dags/example_bash_operator.py for tasks to queue
[2025-12-05T00:56:52.591+0000] {logging_mixin.py:117} INFO - [2025-12-05T00:56:52.591+0000] {dagbag.py:525} INFO - Filling up the DagBag from /home/airflow/.local/lib/python3.7/site-packages/airflow/example_dags/example_bash_operator.py
[2025-12-05T00:56:52.607+0000] {processor.py:768} INFO - DAG(s) dict_keys(['example_bash_operator']) retrieved from /home/airflow/.local/lib/python3.7/site-packages/airflow/example_dags/example_bash_operator.py
[2025-12-05T00:56:52.639+0000] {logging_mixin.py:117} INFO - [2025-12-05T00:56:52.639+0000] {dag.py:2573} INFO - Sync 1 DAGs
[2025-12-05T00:56:52.656+0000] {logging_mixin.py:117} INFO - [2025-12-05T00:56:52.656+0000] {dag.py:3328} INFO - Setting next_dagrun for example_bash_operator to 2025-12-04T00:00:00+00:00, run_after=2025-12-05T00:00:00+00:00
[2025-12-05T00:56:52.670+0000] {processor.py:178} INFO - Processing /home/airflow/.local/lib/python3.7/site-packages/airflow/example_dags/example_bash_operator.py took 0.081 seconds
[2025-12-05T00:57:23.498+0000] {processor.py:156} INFO - Started process (PID=4737) to work on /home/airflow/.local/lib/python3.7/site-packages/airflow/example_dags/example_bash_operator.py
[2025-12-05T00:57:23.499+0000] {processor.py:758} INFO - Processing file /home/airflow/.local/lib/python3.7/site-packages/airflow/example_dags/example_bash_operator.py for tasks to queue
[2025-12-05T00:57:23.499+0000] {logging_mixin.py:117} INFO - [2025-12-05T00:57:23.499+0000] {dagbag.py:525} INFO - Filling up the DagBag from /home/airflow/.local/lib/python3.7/site-packages/airflow/example_dags/example_bash_operator.py
[2025-12-05T00:57:23.510+0000] {processor.py:768} INFO - DAG(s) dict_keys(['example_bash_operator']) retrieved from /home/airflow/.local/lib/python3.7/site-packages/airflow/example_dags/example_bash_operator.py
[2025-12-05T00:57:23.532+0000] {logging_mixin.py:117} INFO - [2025-12-05T00:57:23.532+0000] {dag.py:2573} INFO - Sync 1 DAGs
[2025-12-05T00:57:23.548+0000] {logging_mixin.py:117} INFO - [2025-12-05T00:57:23.548+0000] {dag.py:3328} INFO - Setting next_dagrun for example_bash_operator to 2025-12-04T00:00:00+00:00, run_after=2025-12-05T00:00:00+00:00
[2025-12-05T00:57:23.559+0000] {processor.py:178} INFO - Processing /home/airflow/.local/lib/python3.7/site-packages/airflow/example_dags/example_bash_operator.py took 0.062 seconds
[2025-12-05T00:57:54.418+0000] {processor.py:156} INFO - Started process (PID=4938) to work on /home/airflow/.local/lib/python3.7/site-packages/airflow/example_dags/example_bash_operator.py
[2025-12-05T00:57:54.419+0000] {processor.py:758} INFO - Processing file /home/airflow/.local/lib/python3.7/site-packages/airflow/example_dags/example_bash_operator.py for tasks to queue
[2025-12-05T00:57:54.420+0000] {logging_mixin.py:117} INFO - [2025-12-05T00:57:54.419+0000] {dagbag.py:525} INFO - Filling up the DagBag from /home/airflow/.local/lib/python3.7/site-packages/airflow/example_dags/example_bash_operator.py
[2025-12-05T00:57:54.432+0000] {processor.py:768} INFO - DAG(s) dict_keys(['example_bash_operator']) retrieved from /home/airflow/.local/lib/python3.7/site-packages/airflow/example_dags/example_bash_operator.py
[2025-12-05T00:57:54.455+0000] {logging_mixin.py:117} INFO - [2025-12-05T00:57:54.455+0000] {dag.py:2573} INFO - Sync 1 DAGs
[2025-12-05T00:57:54.470+0000] {logging_mixin.py:117} INFO - [2025-12-05T00:57:54.470+0000] {dag.py:3328} INFO - Setting next_dagrun for example_bash_operator to 2025-12-04T00:00:00+00:00, run_after=2025-12-05T00:00:00+00:00
[2025-12-05T00:57:54.480+0000] {processor.py:178} INFO - Processing /home/airflow/.local/lib/python3.7/site-packages/airflow/example_dags/example_bash_operator.py took 0.064 seconds
[2025-12-05T00:58:25.456+0000] {processor.py:156} INFO - Started process (PID=5139) to work on /home/airflow/.local/lib/python3.7/site-packages/airflow/example_dags/example_bash_operator.py
[2025-12-05T00:58:25.456+0000] {processor.py:758} INFO - Processing file /home/airflow/.local/lib/python3.7/site-packages/airflow/example_dags/example_bash_operator.py for tasks to queue
[2025-12-05T00:58:25.457+0000] {logging_mixin.py:117} INFO - [2025-12-05T00:58:25.456+0000] {dagbag.py:525} INFO - Filling up the DagBag from /home/airflow/.local/lib/python3.7/site-packages/airflow/example_dags/example_bash_operator.py
[2025-12-05T00:58:25.467+0000] {processor.py:768} INFO - DAG(s) dict_keys(['example_bash_operator']) retrieved from /home/airflow/.local/lib/python3.7/site-packages/airflow/example_dags/example_bash_operator.py
[2025-12-05T00:58:25.492+0000] {logging_mixin.py:117} INFO - [2025-12-05T00:58:25.492+0000] {dag.py:2573} INFO - Sync 1 DAGs
[2025-12-05T00:58:25.503+0000] {logging_mixin.py:117} INFO - [2025-12-05T00:58:25.503+0000] {dag.py:3328} INFO - Setting next_dagrun for example_bash_operator to 2025-12-04T00:00:00+00:00, run_after=2025-12-05T00:00:00+00:00
[2025-12-05T00:58:25.510+0000] {processor.py:178} INFO - Processing /home/airflow/.local/lib/python3.7/site-packages/airflow/example_dags/example_bash_operator.py took 0.057 seconds
[2025-12-05T00:58:56.214+0000] {processor.py:156} INFO - Started process (PID=5339) to work on /home/airflow/.local/lib/python3.7/site-packages/airflow/example_dags/example_bash_operator.py
[2025-12-05T00:58:56.217+0000] {processor.py:758} INFO - Processing file /home/airflow/.local/lib/python3.7/site-packages/airflow/example_dags/example_bash_operator.py for tasks to queue
[2025-12-05T00:58:56.218+0000] {logging_mixin.py:117} INFO - [2025-12-05T00:58:56.218+0000] {dagbag.py:525} INFO - Filling up the DagBag from /home/airflow/.local/lib/python3.7/site-packages/airflow/example_dags/example_bash_operator.py
[2025-12-05T00:58:56.237+0000] {processor.py:768} INFO - DAG(s) dict_keys(['example_bash_operator']) retrieved from /home/airflow/.local/lib/python3.7/site-packages/airflow/example_dags/example_bash_operator.py
[2025-12-05T00:58:56.272+0000] {logging_mixin.py:117} INFO - [2025-12-05T00:58:56.272+0000] {dag.py:2573} INFO - Sync 1 DAGs
[2025-12-05T00:58:56.289+0000] {logging_mixin.py:117} INFO - [2025-12-05T00:58:56.288+0000] {dag.py:3328} INFO - Setting next_dagrun for example_bash_operator to 2025-12-04T00:00:00+00:00, run_after=2025-12-05T00:00:00+00:00
[2025-12-05T00:58:56.297+0000] {processor.py:178} INFO - Processing /home/airflow/.local/lib/python3.7/site-packages/airflow/example_dags/example_bash_operator.py took 0.092 seconds
[2025-12-05T00:59:26.983+0000] {processor.py:156} INFO - Started process (PID=5540) to work on /home/airflow/.local/lib/python3.7/site-packages/airflow/example_dags/example_bash_operator.py
[2025-12-05T00:59:26.986+0000] {processor.py:758} INFO - Processing file /home/airflow/.local/lib/python3.7/site-packages/airflow/example_dags/example_bash_operator.py for tasks to queue
[2025-12-05T00:59:26.986+0000] {logging_mixin.py:117} INFO - [2025-12-05T00:59:26.986+0000] {dagbag.py:525} INFO - Filling up the DagBag from /home/airflow/.local/lib/python3.7/site-packages/airflow/example_dags/example_bash_operator.py
[2025-12-05T00:59:26.997+0000] {processor.py:768} INFO - DAG(s) dict_keys(['example_bash_operator']) retrieved from /home/airflow/.local/lib/python3.7/site-packages/airflow/example_dags/example_bash_operator.py
[2025-12-05T00:59:27.020+0000] {logging_mixin.py:117} INFO - [2025-12-05T00:59:27.019+0000] {dag.py:2573} INFO - Sync 1 DAGs
[2025-12-05T00:59:27.032+0000] {logging_mixin.py:117} INFO - [2025-12-05T00:59:27.032+0000] {dag.py:3328} INFO - Setting next_dagrun for example_bash_operator to 2025-12-04T00:00:00+00:00, run_after=2025-12-05T00:00:00+00:00
[2025-12-05T00:59:27.041+0000] {processor.py:178} INFO - Processing /home/airflow/.local/lib/python3.7/site-packages/airflow/example_dags/example_bash_operator.py took 0.060 seconds
[2025-12-05T00:59:57.929+0000] {processor.py:156} INFO - Started process (PID=5741) to work on /home/airflow/.local/lib/python3.7/site-packages/airflow/example_dags/example_bash_operator.py
[2025-12-05T00:59:57.930+0000] {processor.py:758} INFO - Processing file /home/airflow/.local/lib/python3.7/site-packages/airflow/example_dags/example_bash_operator.py for tasks to queue
[2025-12-05T00:59:57.930+0000] {logging_mixin.py:117} INFO - [2025-12-05T00:59:57.930+0000] {dagbag.py:525} INFO - Filling up the DagBag from /home/airflow/.local/lib/python3.7/site-packages/airflow/example_dags/example_bash_operator.py
[2025-12-05T00:59:57.947+0000] {processor.py:768} INFO - DAG(s) dict_keys(['example_bash_operator']) retrieved from /home/airflow/.local/lib/python3.7/site-packages/airflow/example_dags/example_bash_operator.py
[2025-12-05T00:59:57.971+0000] {logging_mixin.py:117} INFO - [2025-12-05T00:59:57.971+0000] {dag.py:2573} INFO - Sync 1 DAGs
[2025-12-05T00:59:57.986+0000] {logging_mixin.py:117} INFO - [2025-12-05T00:59:57.986+0000] {dag.py:3328} INFO - Setting next_dagrun for example_bash_operator to 2025-12-04T00:00:00+00:00, run_after=2025-12-05T00:00:00+00:00
[2025-12-05T00:59:57.995+0000] {processor.py:178} INFO - Processing /home/airflow/.local/lib/python3.7/site-packages/airflow/example_dags/example_bash_operator.py took 0.069 seconds
[2025-12-05T01:00:28.367+0000] {processor.py:156} INFO - Started process (PID=5942) to work on /home/airflow/.local/lib/python3.7/site-packages/airflow/example_dags/example_bash_operator.py
[2025-12-05T01:00:28.369+0000] {processor.py:758} INFO - Processing file /home/airflow/.local/lib/python3.7/site-packages/airflow/example_dags/example_bash_operator.py for tasks to queue
[2025-12-05T01:00:28.370+0000] {logging_mixin.py:117} INFO - [2025-12-05T01:00:28.370+0000] {dagbag.py:525} INFO - Filling up the DagBag from /home/airflow/.local/lib/python3.7/site-packages/airflow/example_dags/example_bash_operator.py
[2025-12-05T01:00:28.385+0000] {processor.py:768} INFO - DAG(s) dict_keys(['example_bash_operator']) retrieved from /home/airflow/.local/lib/python3.7/site-packages/airflow/example_dags/example_bash_operator.py
[2025-12-05T01:00:28.409+0000] {logging_mixin.py:117} INFO - [2025-12-05T01:00:28.409+0000] {dag.py:2573} INFO - Sync 1 DAGs
[2025-12-05T01:00:28.429+0000] {logging_mixin.py:117} INFO - [2025-12-05T01:00:28.429+0000] {dag.py:3328} INFO - Setting next_dagrun for example_bash_operator to 2025-12-04T00:00:00+00:00, run_after=2025-12-05T00:00:00+00:00
[2025-12-05T01:00:28.438+0000] {processor.py:178} INFO - Processing /home/airflow/.local/lib/python3.7/site-packages/airflow/example_dags/example_bash_operator.py took 0.074 seconds
[2025-12-05T01:00:58.533+0000] {processor.py:156} INFO - Started process (PID=6142) to work on /home/airflow/.local/lib/python3.7/site-packages/airflow/example_dags/example_bash_operator.py
[2025-12-05T01:00:58.534+0000] {processor.py:758} INFO - Processing file /home/airflow/.local/lib/python3.7/site-packages/airflow/example_dags/example_bash_operator.py for tasks to queue
[2025-12-05T01:00:58.534+0000] {logging_mixin.py:117} INFO - [2025-12-05T01:00:58.534+0000] {dagbag.py:525} INFO - Filling up the DagBag from /home/airflow/.local/lib/python3.7/site-packages/airflow/example_dags/example_bash_operator.py
[2025-12-05T01:00:58.546+0000] {processor.py:768} INFO - DAG(s) dict_keys(['example_bash_operator']) retrieved from /home/airflow/.local/lib/python3.7/site-packages/airflow/example_dags/example_bash_operator.py
[2025-12-05T01:00:58.569+0000] {logging_mixin.py:117} INFO - [2025-12-05T01:00:58.569+0000] {dag.py:2573} INFO - Sync 1 DAGs
[2025-12-05T01:00:58.584+0000] {logging_mixin.py:117} INFO - [2025-12-05T01:00:58.583+0000] {dag.py:3328} INFO - Setting next_dagrun for example_bash_operator to 2025-12-04T00:00:00+00:00, run_after=2025-12-05T00:00:00+00:00
[2025-12-05T01:00:58.595+0000] {processor.py:178} INFO - Processing /home/airflow/.local/lib/python3.7/site-packages/airflow/example_dags/example_bash_operator.py took 0.064 seconds
[2025-12-05T01:01:29.960+0000] {processor.py:156} INFO - Started process (PID=6342) to work on /home/airflow/.local/lib/python3.7/site-packages/airflow/example_dags/example_bash_operator.py
[2025-12-05T01:01:29.961+0000] {processor.py:758} INFO - Processing file /home/airflow/.local/lib/python3.7/site-packages/airflow/example_dags/example_bash_operator.py for tasks to queue
[2025-12-05T01:01:29.962+0000] {logging_mixin.py:117} INFO - [2025-12-05T01:01:29.962+0000] {dagbag.py:525} INFO - Filling up the DagBag from /home/airflow/.local/lib/python3.7/site-packages/airflow/example_dags/example_bash_operator.py
[2025-12-05T01:01:29.975+0000] {processor.py:768} INFO - DAG(s) dict_keys(['example_bash_operator']) retrieved from /home/airflow/.local/lib/python3.7/site-packages/airflow/example_dags/example_bash_operator.py
[2025-12-05T01:01:29.999+0000] {logging_mixin.py:117} INFO - [2025-12-05T01:01:29.999+0000] {dag.py:2573} INFO - Sync 1 DAGs
[2025-12-05T01:01:30.013+0000] {logging_mixin.py:117} INFO - [2025-12-05T01:01:30.013+0000] {dag.py:3328} INFO - Setting next_dagrun for example_bash_operator to 2025-12-04T00:00:00+00:00, run_after=2025-12-05T00:00:00+00:00
[2025-12-05T01:01:30.023+0000] {processor.py:178} INFO - Processing /home/airflow/.local/lib/python3.7/site-packages/airflow/example_dags/example_bash_operator.py took 0.065 seconds
[2025-12-05T01:02:00.954+0000] {processor.py:156} INFO - Started process (PID=6545) to work on /home/airflow/.local/lib/python3.7/site-packages/airflow/example_dags/example_bash_operator.py
[2025-12-05T01:02:00.954+0000] {processor.py:758} INFO - Processing file /home/airflow/.local/lib/python3.7/site-packages/airflow/example_dags/example_bash_operator.py for tasks to queue
[2025-12-05T01:02:00.954+0000] {logging_mixin.py:117} INFO - [2025-12-05T01:02:00.954+0000] {dagbag.py:525} INFO - Filling up the DagBag from /home/airflow/.local/lib/python3.7/site-packages/airflow/example_dags/example_bash_operator.py
[2025-12-05T01:02:00.967+0000] {processor.py:768} INFO - DAG(s) dict_keys(['example_bash_operator']) retrieved from /home/airflow/.local/lib/python3.7/site-packages/airflow/example_dags/example_bash_operator.py
[2025-12-05T01:02:00.988+0000] {logging_mixin.py:117} INFO - [2025-12-05T01:02:00.988+0000] {dag.py:2573} INFO - Sync 1 DAGs
[2025-12-05T01:02:00.999+0000] {logging_mixin.py:117} INFO - [2025-12-05T01:02:00.999+0000] {dag.py:3328} INFO - Setting next_dagrun for example_bash_operator to 2025-12-04T00:00:00+00:00, run_after=2025-12-05T00:00:00+00:00
[2025-12-05T01:02:01.007+0000] {processor.py:178} INFO - Processing /home/airflow/.local/lib/python3.7/site-packages/airflow/example_dags/example_bash_operator.py took 0.055 seconds
[2025-12-05T01:02:32.038+0000] {processor.py:156} INFO - Started process (PID=6744) to work on /home/airflow/.local/lib/python3.7/site-packages/airflow/example_dags/example_bash_operator.py
[2025-12-05T01:02:32.039+0000] {processor.py:758} INFO - Processing file /home/airflow/.local/lib/python3.7/site-packages/airflow/example_dags/example_bash_operator.py for tasks to queue
[2025-12-05T01:02:32.039+0000] {logging_mixin.py:117} INFO - [2025-12-05T01:02:32.039+0000] {dagbag.py:525} INFO - Filling up the DagBag from /home/airflow/.local/lib/python3.7/site-packages/airflow/example_dags/example_bash_operator.py
[2025-12-05T01:02:32.052+0000] {processor.py:768} INFO - DAG(s) dict_keys(['example_bash_operator']) retrieved from /home/airflow/.local/lib/python3.7/site-packages/airflow/example_dags/example_bash_operator.py
[2025-12-05T01:02:32.075+0000] {logging_mixin.py:117} INFO - [2025-12-05T01:02:32.075+0000] {dag.py:2573} INFO - Sync 1 DAGs
[2025-12-05T01:02:32.090+0000] {logging_mixin.py:117} INFO - [2025-12-05T01:02:32.090+0000] {dag.py:3328} INFO - Setting next_dagrun for example_bash_operator to 2025-12-04T00:00:00+00:00, run_after=2025-12-05T00:00:00+00:00
[2025-12-05T01:02:32.099+0000] {processor.py:178} INFO - Processing /home/airflow/.local/lib/python3.7/site-packages/airflow/example_dags/example_bash_operator.py took 0.063 seconds
[2025-12-05T01:03:03.030+0000] {processor.py:156} INFO - Started process (PID=6945) to work on /home/airflow/.local/lib/python3.7/site-packages/airflow/example_dags/example_bash_operator.py
[2025-12-05T01:03:03.031+0000] {processor.py:758} INFO - Processing file /home/airflow/.local/lib/python3.7/site-packages/airflow/example_dags/example_bash_operator.py for tasks to queue
[2025-12-05T01:03:03.032+0000] {logging_mixin.py:117} INFO - [2025-12-05T01:03:03.031+0000] {dagbag.py:525} INFO - Filling up the DagBag from /home/airflow/.local/lib/python3.7/site-packages/airflow/example_dags/example_bash_operator.py
[2025-12-05T01:03:03.043+0000] {processor.py:768} INFO - DAG(s) dict_keys(['example_bash_operator']) retrieved from /home/airflow/.local/lib/python3.7/site-packages/airflow/example_dags/example_bash_operator.py
[2025-12-05T01:03:03.064+0000] {logging_mixin.py:117} INFO - [2025-12-05T01:03:03.064+0000] {dag.py:2573} INFO - Sync 1 DAGs
[2025-12-05T01:03:03.076+0000] {logging_mixin.py:117} INFO - [2025-12-05T01:03:03.076+0000] {dag.py:3328} INFO - Setting next_dagrun for example_bash_operator to 2025-12-04T00:00:00+00:00, run_after=2025-12-05T00:00:00+00:00
[2025-12-05T01:03:03.083+0000] {processor.py:178} INFO - Processing /home/airflow/.local/lib/python3.7/site-packages/airflow/example_dags/example_bash_operator.py took 0.055 seconds
[2025-12-05T01:03:34.024+0000] {processor.py:156} INFO - Started process (PID=7147) to work on /home/airflow/.local/lib/python3.7/site-packages/airflow/example_dags/example_bash_operator.py
[2025-12-05T01:03:34.025+0000] {processor.py:758} INFO - Processing file /home/airflow/.local/lib/python3.7/site-packages/airflow/example_dags/example_bash_operator.py for tasks to queue
[2025-12-05T01:03:34.026+0000] {logging_mixin.py:117} INFO - [2025-12-05T01:03:34.026+0000] {dagbag.py:525} INFO - Filling up the DagBag from /home/airflow/.local/lib/python3.7/site-packages/airflow/example_dags/example_bash_operator.py
[2025-12-05T01:03:34.044+0000] {processor.py:768} INFO - DAG(s) dict_keys(['example_bash_operator']) retrieved from /home/airflow/.local/lib/python3.7/site-packages/airflow/example_dags/example_bash_operator.py
[2025-12-05T01:03:34.079+0000] {logging_mixin.py:117} INFO - [2025-12-05T01:03:34.079+0000] {dag.py:2573} INFO - Sync 1 DAGs
[2025-12-05T01:03:34.095+0000] {logging_mixin.py:117} INFO - [2025-12-05T01:03:34.095+0000] {dag.py:3328} INFO - Setting next_dagrun for example_bash_operator to 2025-12-04T00:00:00+00:00, run_after=2025-12-05T00:00:00+00:00
[2025-12-05T01:03:34.105+0000] {processor.py:178} INFO - Processing /home/airflow/.local/lib/python3.7/site-packages/airflow/example_dags/example_bash_operator.py took 0.086 seconds
[2025-12-05T01:04:04.833+0000] {processor.py:156} INFO - Started process (PID=7346) to work on /home/airflow/.local/lib/python3.7/site-packages/airflow/example_dags/example_bash_operator.py
[2025-12-05T01:04:04.837+0000] {processor.py:758} INFO - Processing file /home/airflow/.local/lib/python3.7/site-packages/airflow/example_dags/example_bash_operator.py for tasks to queue
[2025-12-05T01:04:04.837+0000] {logging_mixin.py:117} INFO - [2025-12-05T01:04:04.837+0000] {dagbag.py:525} INFO - Filling up the DagBag from /home/airflow/.local/lib/python3.7/site-packages/airflow/example_dags/example_bash_operator.py
[2025-12-05T01:04:04.849+0000] {processor.py:768} INFO - DAG(s) dict_keys(['example_bash_operator']) retrieved from /home/airflow/.local/lib/python3.7/site-packages/airflow/example_dags/example_bash_operator.py
[2025-12-05T01:04:04.870+0000] {logging_mixin.py:117} INFO - [2025-12-05T01:04:04.870+0000] {dag.py:2573} INFO - Sync 1 DAGs
[2025-12-05T01:04:04.882+0000] {logging_mixin.py:117} INFO - [2025-12-05T01:04:04.881+0000] {dag.py:3328} INFO - Setting next_dagrun for example_bash_operator to 2025-12-04T00:00:00+00:00, run_after=2025-12-05T00:00:00+00:00
[2025-12-05T01:04:04.889+0000] {processor.py:178} INFO - Processing /home/airflow/.local/lib/python3.7/site-packages/airflow/example_dags/example_bash_operator.py took 0.057 seconds
[2025-12-05T01:04:35.545+0000] {processor.py:156} INFO - Started process (PID=7547) to work on /home/airflow/.local/lib/python3.7/site-packages/airflow/example_dags/example_bash_operator.py
[2025-12-05T01:04:35.559+0000] {processor.py:758} INFO - Processing file /home/airflow/.local/lib/python3.7/site-packages/airflow/example_dags/example_bash_operator.py for tasks to queue
[2025-12-05T01:04:35.566+0000] {logging_mixin.py:117} INFO - [2025-12-05T01:04:35.566+0000] {dagbag.py:525} INFO - Filling up the DagBag from /home/airflow/.local/lib/python3.7/site-packages/airflow/example_dags/example_bash_operator.py
[2025-12-05T01:04:35.600+0000] {processor.py:768} INFO - DAG(s) dict_keys(['example_bash_operator']) retrieved from /home/airflow/.local/lib/python3.7/site-packages/airflow/example_dags/example_bash_operator.py
[2025-12-05T01:04:35.625+0000] {logging_mixin.py:117} INFO - [2025-12-05T01:04:35.624+0000] {dag.py:2573} INFO - Sync 1 DAGs
[2025-12-05T01:04:35.636+0000] {logging_mixin.py:117} INFO - [2025-12-05T01:04:35.636+0000] {dag.py:3328} INFO - Setting next_dagrun for example_bash_operator to 2025-12-04T00:00:00+00:00, run_after=2025-12-05T00:00:00+00:00
[2025-12-05T01:04:35.644+0000] {processor.py:178} INFO - Processing /home/airflow/.local/lib/python3.7/site-packages/airflow/example_dags/example_bash_operator.py took 0.103 seconds
[2025-12-05T01:05:06.315+0000] {processor.py:156} INFO - Started process (PID=7750) to work on /home/airflow/.local/lib/python3.7/site-packages/airflow/example_dags/example_bash_operator.py
[2025-12-05T01:05:06.315+0000] {processor.py:758} INFO - Processing file /home/airflow/.local/lib/python3.7/site-packages/airflow/example_dags/example_bash_operator.py for tasks to queue
[2025-12-05T01:05:06.316+0000] {logging_mixin.py:117} INFO - [2025-12-05T01:05:06.316+0000] {dagbag.py:525} INFO - Filling up the DagBag from /home/airflow/.local/lib/python3.7/site-packages/airflow/example_dags/example_bash_operator.py
[2025-12-05T01:05:06.327+0000] {processor.py:768} INFO - DAG(s) dict_keys(['example_bash_operator']) retrieved from /home/airflow/.local/lib/python3.7/site-packages/airflow/example_dags/example_bash_operator.py
[2025-12-05T01:05:06.349+0000] {logging_mixin.py:117} INFO - [2025-12-05T01:05:06.349+0000] {dag.py:2573} INFO - Sync 1 DAGs
[2025-12-05T01:05:06.360+0000] {logging_mixin.py:117} INFO - [2025-12-05T01:05:06.360+0000] {dag.py:3328} INFO - Setting next_dagrun for example_bash_operator to 2025-12-04T00:00:00+00:00, run_after=2025-12-05T00:00:00+00:00
[2025-12-05T01:05:06.368+0000] {processor.py:178} INFO - Processing /home/airflow/.local/lib/python3.7/site-packages/airflow/example_dags/example_bash_operator.py took 0.055 seconds
[2025-12-05T01:05:37.257+0000] {processor.py:156} INFO - Started process (PID=7949) to work on /home/airflow/.local/lib/python3.7/site-packages/airflow/example_dags/example_bash_operator.py
[2025-12-05T01:05:37.258+0000] {processor.py:758} INFO - Processing file /home/airflow/.local/lib/python3.7/site-packages/airflow/example_dags/example_bash_operator.py for tasks to queue
[2025-12-05T01:05:37.259+0000] {logging_mixin.py:117} INFO - [2025-12-05T01:05:37.259+0000] {dagbag.py:525} INFO - Filling up the DagBag from /home/airflow/.local/lib/python3.7/site-packages/airflow/example_dags/example_bash_operator.py
[2025-12-05T01:05:37.274+0000] {processor.py:768} INFO - DAG(s) dict_keys(['example_bash_operator']) retrieved from /home/airflow/.local/lib/python3.7/site-packages/airflow/example_dags/example_bash_operator.py
[2025-12-05T01:05:37.304+0000] {logging_mixin.py:117} INFO - [2025-12-05T01:05:37.304+0000] {dag.py:2573} INFO - Sync 1 DAGs
[2025-12-05T01:05:37.317+0000] {logging_mixin.py:117} INFO - [2025-12-05T01:05:37.317+0000] {dag.py:3328} INFO - Setting next_dagrun for example_bash_operator to 2025-12-04T00:00:00+00:00, run_after=2025-12-05T00:00:00+00:00
[2025-12-05T01:05:37.325+0000] {processor.py:178} INFO - Processing /home/airflow/.local/lib/python3.7/site-packages/airflow/example_dags/example_bash_operator.py took 0.071 seconds
[2025-12-05T01:06:08.174+0000] {processor.py:156} INFO - Started process (PID=8158) to work on /home/airflow/.local/lib/python3.7/site-packages/airflow/example_dags/example_bash_operator.py
[2025-12-05T01:06:08.174+0000] {processor.py:758} INFO - Processing file /home/airflow/.local/lib/python3.7/site-packages/airflow/example_dags/example_bash_operator.py for tasks to queue
[2025-12-05T01:06:08.175+0000] {logging_mixin.py:117} INFO - [2025-12-05T01:06:08.175+0000] {dagbag.py:525} INFO - Filling up the DagBag from /home/airflow/.local/lib/python3.7/site-packages/airflow/example_dags/example_bash_operator.py
[2025-12-05T01:06:08.186+0000] {processor.py:768} INFO - DAG(s) dict_keys(['example_bash_operator']) retrieved from /home/airflow/.local/lib/python3.7/site-packages/airflow/example_dags/example_bash_operator.py
[2025-12-05T01:06:08.207+0000] {logging_mixin.py:117} INFO - [2025-12-05T01:06:08.207+0000] {dag.py:2573} INFO - Sync 1 DAGs
[2025-12-05T01:06:08.218+0000] {logging_mixin.py:117} INFO - [2025-12-05T01:06:08.218+0000] {dag.py:3328} INFO - Setting next_dagrun for example_bash_operator to 2025-12-04T00:00:00+00:00, run_after=2025-12-05T00:00:00+00:00
[2025-12-05T01:06:08.228+0000] {processor.py:178} INFO - Processing /home/airflow/.local/lib/python3.7/site-packages/airflow/example_dags/example_bash_operator.py took 0.056 seconds
[2025-12-05T01:06:38.529+0000] {processor.py:156} INFO - Started process (PID=8358) to work on /home/airflow/.local/lib/python3.7/site-packages/airflow/example_dags/example_bash_operator.py
[2025-12-05T01:06:38.530+0000] {processor.py:758} INFO - Processing file /home/airflow/.local/lib/python3.7/site-packages/airflow/example_dags/example_bash_operator.py for tasks to queue
[2025-12-05T01:06:38.531+0000] {logging_mixin.py:117} INFO - [2025-12-05T01:06:38.531+0000] {dagbag.py:525} INFO - Filling up the DagBag from /home/airflow/.local/lib/python3.7/site-packages/airflow/example_dags/example_bash_operator.py
[2025-12-05T01:06:38.546+0000] {processor.py:768} INFO - DAG(s) dict_keys(['example_bash_operator']) retrieved from /home/airflow/.local/lib/python3.7/site-packages/airflow/example_dags/example_bash_operator.py
[2025-12-05T01:06:38.570+0000] {logging_mixin.py:117} INFO - [2025-12-05T01:06:38.570+0000] {dag.py:2573} INFO - Sync 1 DAGs
[2025-12-05T01:06:38.583+0000] {logging_mixin.py:117} INFO - [2025-12-05T01:06:38.583+0000] {dag.py:3328} INFO - Setting next_dagrun for example_bash_operator to 2025-12-04T00:00:00+00:00, run_after=2025-12-05T00:00:00+00:00
[2025-12-05T01:06:38.592+0000] {processor.py:178} INFO - Processing /home/airflow/.local/lib/python3.7/site-packages/airflow/example_dags/example_bash_operator.py took 0.067 seconds
[2025-12-05T01:07:09.058+0000] {processor.py:156} INFO - Started process (PID=8561) to work on /home/airflow/.local/lib/python3.7/site-packages/airflow/example_dags/example_bash_operator.py
[2025-12-05T01:07:09.058+0000] {processor.py:758} INFO - Processing file /home/airflow/.local/lib/python3.7/site-packages/airflow/example_dags/example_bash_operator.py for tasks to queue
[2025-12-05T01:07:09.058+0000] {logging_mixin.py:117} INFO - [2025-12-05T01:07:09.058+0000] {dagbag.py:525} INFO - Filling up the DagBag from /home/airflow/.local/lib/python3.7/site-packages/airflow/example_dags/example_bash_operator.py
[2025-12-05T01:07:09.069+0000] {processor.py:768} INFO - DAG(s) dict_keys(['example_bash_operator']) retrieved from /home/airflow/.local/lib/python3.7/site-packages/airflow/example_dags/example_bash_operator.py
[2025-12-05T01:07:09.092+0000] {logging_mixin.py:117} INFO - [2025-12-05T01:07:09.092+0000] {dag.py:2573} INFO - Sync 1 DAGs
[2025-12-05T01:07:09.107+0000] {logging_mixin.py:117} INFO - [2025-12-05T01:07:09.106+0000] {dag.py:3328} INFO - Setting next_dagrun for example_bash_operator to 2025-12-04T00:00:00+00:00, run_after=2025-12-05T00:00:00+00:00
[2025-12-05T01:07:09.118+0000] {processor.py:178} INFO - Processing /home/airflow/.local/lib/python3.7/site-packages/airflow/example_dags/example_bash_operator.py took 0.062 seconds
[2025-12-05T01:07:40.362+0000] {processor.py:156} INFO - Started process (PID=8762) to work on /home/airflow/.local/lib/python3.7/site-packages/airflow/example_dags/example_bash_operator.py
[2025-12-05T01:07:40.362+0000] {processor.py:758} INFO - Processing file /home/airflow/.local/lib/python3.7/site-packages/airflow/example_dags/example_bash_operator.py for tasks to queue
[2025-12-05T01:07:40.363+0000] {logging_mixin.py:117} INFO - [2025-12-05T01:07:40.363+0000] {dagbag.py:525} INFO - Filling up the DagBag from /home/airflow/.local/lib/python3.7/site-packages/airflow/example_dags/example_bash_operator.py
[2025-12-05T01:07:40.376+0000] {processor.py:768} INFO - DAG(s) dict_keys(['example_bash_operator']) retrieved from /home/airflow/.local/lib/python3.7/site-packages/airflow/example_dags/example_bash_operator.py
[2025-12-05T01:07:40.427+0000] {logging_mixin.py:117} INFO - [2025-12-05T01:07:40.426+0000] {dag.py:2573} INFO - Sync 1 DAGs
[2025-12-05T01:07:40.466+0000] {logging_mixin.py:117} INFO - [2025-12-05T01:07:40.466+0000] {dag.py:3328} INFO - Setting next_dagrun for example_bash_operator to 2025-12-04T00:00:00+00:00, run_after=2025-12-05T00:00:00+00:00
[2025-12-05T01:07:40.482+0000] {processor.py:178} INFO - Processing /home/airflow/.local/lib/python3.7/site-packages/airflow/example_dags/example_bash_operator.py took 0.122 seconds
[2025-12-05T01:08:10.677+0000] {processor.py:156} INFO - Started process (PID=8961) to work on /home/airflow/.local/lib/python3.7/site-packages/airflow/example_dags/example_bash_operator.py
[2025-12-05T01:08:10.679+0000] {processor.py:758} INFO - Processing file /home/airflow/.local/lib/python3.7/site-packages/airflow/example_dags/example_bash_operator.py for tasks to queue
[2025-12-05T01:08:10.680+0000] {logging_mixin.py:117} INFO - [2025-12-05T01:08:10.680+0000] {dagbag.py:525} INFO - Filling up the DagBag from /home/airflow/.local/lib/python3.7/site-packages/airflow/example_dags/example_bash_operator.py
[2025-12-05T01:08:10.694+0000] {processor.py:768} INFO - DAG(s) dict_keys(['example_bash_operator']) retrieved from /home/airflow/.local/lib/python3.7/site-packages/airflow/example_dags/example_bash_operator.py
[2025-12-05T01:08:10.729+0000] {logging_mixin.py:117} INFO - [2025-12-05T01:08:10.728+0000] {dag.py:2573} INFO - Sync 1 DAGs
[2025-12-05T01:08:10.746+0000] {logging_mixin.py:117} INFO - [2025-12-05T01:08:10.746+0000] {dag.py:3328} INFO - Setting next_dagrun for example_bash_operator to 2025-12-04T00:00:00+00:00, run_after=2025-12-05T00:00:00+00:00
[2025-12-05T01:08:10.757+0000] {processor.py:178} INFO - Processing /home/airflow/.local/lib/python3.7/site-packages/airflow/example_dags/example_bash_operator.py took 0.082 seconds
[2025-12-05T01:08:40.934+0000] {processor.py:156} INFO - Started process (PID=9164) to work on /home/airflow/.local/lib/python3.7/site-packages/airflow/example_dags/example_bash_operator.py
[2025-12-05T01:08:40.935+0000] {processor.py:758} INFO - Processing file /home/airflow/.local/lib/python3.7/site-packages/airflow/example_dags/example_bash_operator.py for tasks to queue
[2025-12-05T01:08:40.936+0000] {logging_mixin.py:117} INFO - [2025-12-05T01:08:40.936+0000] {dagbag.py:525} INFO - Filling up the DagBag from /home/airflow/.local/lib/python3.7/site-packages/airflow/example_dags/example_bash_operator.py
[2025-12-05T01:08:40.952+0000] {processor.py:768} INFO - DAG(s) dict_keys(['example_bash_operator']) retrieved from /home/airflow/.local/lib/python3.7/site-packages/airflow/example_dags/example_bash_operator.py
[2025-12-05T01:08:40.975+0000] {logging_mixin.py:117} INFO - [2025-12-05T01:08:40.975+0000] {dag.py:2573} INFO - Sync 1 DAGs
[2025-12-05T01:08:40.986+0000] {logging_mixin.py:117} INFO - [2025-12-05T01:08:40.986+0000] {dag.py:3328} INFO - Setting next_dagrun for example_bash_operator to 2025-12-04T00:00:00+00:00, run_after=2025-12-05T00:00:00+00:00
[2025-12-05T01:08:40.994+0000] {processor.py:178} INFO - Processing /home/airflow/.local/lib/python3.7/site-packages/airflow/example_dags/example_bash_operator.py took 0.062 seconds
[2025-12-05T01:09:11.117+0000] {processor.py:156} INFO - Started process (PID=9363) to work on /home/airflow/.local/lib/python3.7/site-packages/airflow/example_dags/example_bash_operator.py
[2025-12-05T01:09:11.118+0000] {processor.py:758} INFO - Processing file /home/airflow/.local/lib/python3.7/site-packages/airflow/example_dags/example_bash_operator.py for tasks to queue
[2025-12-05T01:09:11.118+0000] {logging_mixin.py:117} INFO - [2025-12-05T01:09:11.118+0000] {dagbag.py:525} INFO - Filling up the DagBag from /home/airflow/.local/lib/python3.7/site-packages/airflow/example_dags/example_bash_operator.py
[2025-12-05T01:09:11.129+0000] {processor.py:768} INFO - DAG(s) dict_keys(['example_bash_operator']) retrieved from /home/airflow/.local/lib/python3.7/site-packages/airflow/example_dags/example_bash_operator.py
[2025-12-05T01:09:11.152+0000] {logging_mixin.py:117} INFO - [2025-12-05T01:09:11.152+0000] {dag.py:2573} INFO - Sync 1 DAGs
[2025-12-05T01:09:11.167+0000] {logging_mixin.py:117} INFO - [2025-12-05T01:09:11.166+0000] {dag.py:3328} INFO - Setting next_dagrun for example_bash_operator to 2025-12-04T00:00:00+00:00, run_after=2025-12-05T00:00:00+00:00
[2025-12-05T01:09:11.179+0000] {processor.py:178} INFO - Processing /home/airflow/.local/lib/python3.7/site-packages/airflow/example_dags/example_bash_operator.py took 0.063 seconds
[2025-12-05T01:09:41.394+0000] {processor.py:156} INFO - Started process (PID=9564) to work on /home/airflow/.local/lib/python3.7/site-packages/airflow/example_dags/example_bash_operator.py
[2025-12-05T01:09:41.395+0000] {processor.py:758} INFO - Processing file /home/airflow/.local/lib/python3.7/site-packages/airflow/example_dags/example_bash_operator.py for tasks to queue
[2025-12-05T01:09:41.396+0000] {logging_mixin.py:117} INFO - [2025-12-05T01:09:41.396+0000] {dagbag.py:525} INFO - Filling up the DagBag from /home/airflow/.local/lib/python3.7/site-packages/airflow/example_dags/example_bash_operator.py
[2025-12-05T01:09:41.406+0000] {processor.py:768} INFO - DAG(s) dict_keys(['example_bash_operator']) retrieved from /home/airflow/.local/lib/python3.7/site-packages/airflow/example_dags/example_bash_operator.py
[2025-12-05T01:09:41.427+0000] {logging_mixin.py:117} INFO - [2025-12-05T01:09:41.427+0000] {dag.py:2573} INFO - Sync 1 DAGs
[2025-12-05T01:09:41.440+0000] {logging_mixin.py:117} INFO - [2025-12-05T01:09:41.440+0000] {dag.py:3328} INFO - Setting next_dagrun for example_bash_operator to 2025-12-04T00:00:00+00:00, run_after=2025-12-05T00:00:00+00:00
[2025-12-05T01:09:41.451+0000] {processor.py:178} INFO - Processing /home/airflow/.local/lib/python3.7/site-packages/airflow/example_dags/example_bash_operator.py took 0.059 seconds
[2025-12-05T01:10:12.538+0000] {processor.py:156} INFO - Started process (PID=9765) to work on /home/airflow/.local/lib/python3.7/site-packages/airflow/example_dags/example_bash_operator.py
[2025-12-05T01:10:12.545+0000] {processor.py:758} INFO - Processing file /home/airflow/.local/lib/python3.7/site-packages/airflow/example_dags/example_bash_operator.py for tasks to queue
[2025-12-05T01:10:12.546+0000] {logging_mixin.py:117} INFO - [2025-12-05T01:10:12.546+0000] {dagbag.py:525} INFO - Filling up the DagBag from /home/airflow/.local/lib/python3.7/site-packages/airflow/example_dags/example_bash_operator.py
[2025-12-05T01:10:12.560+0000] {processor.py:768} INFO - DAG(s) dict_keys(['example_bash_operator']) retrieved from /home/airflow/.local/lib/python3.7/site-packages/airflow/example_dags/example_bash_operator.py
[2025-12-05T01:10:12.586+0000] {logging_mixin.py:117} INFO - [2025-12-05T01:10:12.586+0000] {dag.py:2573} INFO - Sync 1 DAGs
[2025-12-05T01:10:12.600+0000] {logging_mixin.py:117} INFO - [2025-12-05T01:10:12.600+0000] {dag.py:3328} INFO - Setting next_dagrun for example_bash_operator to 2025-12-04T00:00:00+00:00, run_after=2025-12-05T00:00:00+00:00
[2025-12-05T01:10:12.608+0000] {processor.py:178} INFO - Processing /home/airflow/.local/lib/python3.7/site-packages/airflow/example_dags/example_bash_operator.py took 0.072 seconds
[2025-12-05T01:10:43.291+0000] {processor.py:156} INFO - Started process (PID=9966) to work on /home/airflow/.local/lib/python3.7/site-packages/airflow/example_dags/example_bash_operator.py
[2025-12-05T01:10:43.291+0000] {processor.py:758} INFO - Processing file /home/airflow/.local/lib/python3.7/site-packages/airflow/example_dags/example_bash_operator.py for tasks to queue
[2025-12-05T01:10:43.292+0000] {logging_mixin.py:117} INFO - [2025-12-05T01:10:43.291+0000] {dagbag.py:525} INFO - Filling up the DagBag from /home/airflow/.local/lib/python3.7/site-packages/airflow/example_dags/example_bash_operator.py
[2025-12-05T01:10:43.302+0000] {processor.py:768} INFO - DAG(s) dict_keys(['example_bash_operator']) retrieved from /home/airflow/.local/lib/python3.7/site-packages/airflow/example_dags/example_bash_operator.py
[2025-12-05T01:10:43.325+0000] {logging_mixin.py:117} INFO - [2025-12-05T01:10:43.324+0000] {dag.py:2573} INFO - Sync 1 DAGs
[2025-12-05T01:10:43.337+0000] {logging_mixin.py:117} INFO - [2025-12-05T01:10:43.336+0000] {dag.py:3328} INFO - Setting next_dagrun for example_bash_operator to 2025-12-04T00:00:00+00:00, run_after=2025-12-05T00:00:00+00:00
[2025-12-05T01:10:43.345+0000] {processor.py:178} INFO - Processing /home/airflow/.local/lib/python3.7/site-packages/airflow/example_dags/example_bash_operator.py took 0.056 seconds
[2025-12-05T01:11:14.216+0000] {processor.py:156} INFO - Started process (PID=10167) to work on /home/airflow/.local/lib/python3.7/site-packages/airflow/example_dags/example_bash_operator.py
[2025-12-05T01:11:14.216+0000] {processor.py:758} INFO - Processing file /home/airflow/.local/lib/python3.7/site-packages/airflow/example_dags/example_bash_operator.py for tasks to queue
[2025-12-05T01:11:14.217+0000] {logging_mixin.py:117} INFO - [2025-12-05T01:11:14.217+0000] {dagbag.py:525} INFO - Filling up the DagBag from /home/airflow/.local/lib/python3.7/site-packages/airflow/example_dags/example_bash_operator.py
[2025-12-05T01:11:14.228+0000] {processor.py:768} INFO - DAG(s) dict_keys(['example_bash_operator']) retrieved from /home/airflow/.local/lib/python3.7/site-packages/airflow/example_dags/example_bash_operator.py
[2025-12-05T01:11:14.251+0000] {logging_mixin.py:117} INFO - [2025-12-05T01:11:14.251+0000] {dag.py:2573} INFO - Sync 1 DAGs
[2025-12-05T01:11:14.262+0000] {logging_mixin.py:117} INFO - [2025-12-05T01:11:14.262+0000] {dag.py:3328} INFO - Setting next_dagrun for example_bash_operator to 2025-12-04T00:00:00+00:00, run_after=2025-12-05T00:00:00+00:00
[2025-12-05T01:11:14.273+0000] {processor.py:178} INFO - Processing /home/airflow/.local/lib/python3.7/site-packages/airflow/example_dags/example_bash_operator.py took 0.059 seconds
[2025-12-05T01:11:45.023+0000] {processor.py:156} INFO - Started process (PID=10367) to work on /home/airflow/.local/lib/python3.7/site-packages/airflow/example_dags/example_bash_operator.py
[2025-12-05T01:11:45.024+0000] {processor.py:758} INFO - Processing file /home/airflow/.local/lib/python3.7/site-packages/airflow/example_dags/example_bash_operator.py for tasks to queue
[2025-12-05T01:11:45.024+0000] {logging_mixin.py:117} INFO - [2025-12-05T01:11:45.024+0000] {dagbag.py:525} INFO - Filling up the DagBag from /home/airflow/.local/lib/python3.7/site-packages/airflow/example_dags/example_bash_operator.py
[2025-12-05T01:11:45.037+0000] {processor.py:768} INFO - DAG(s) dict_keys(['example_bash_operator']) retrieved from /home/airflow/.local/lib/python3.7/site-packages/airflow/example_dags/example_bash_operator.py
[2025-12-05T01:11:45.070+0000] {logging_mixin.py:117} INFO - [2025-12-05T01:11:45.070+0000] {dag.py:2573} INFO - Sync 1 DAGs
[2025-12-05T01:11:45.088+0000] {logging_mixin.py:117} INFO - [2025-12-05T01:11:45.087+0000] {dag.py:3328} INFO - Setting next_dagrun for example_bash_operator to 2025-12-04T00:00:00+00:00, run_after=2025-12-05T00:00:00+00:00
[2025-12-05T01:11:45.103+0000] {processor.py:178} INFO - Processing /home/airflow/.local/lib/python3.7/site-packages/airflow/example_dags/example_bash_operator.py took 0.083 seconds
[2025-12-05T01:12:15.427+0000] {processor.py:156} INFO - Started process (PID=10569) to work on /home/airflow/.local/lib/python3.7/site-packages/airflow/example_dags/example_bash_operator.py
[2025-12-05T01:12:15.427+0000] {processor.py:758} INFO - Processing file /home/airflow/.local/lib/python3.7/site-packages/airflow/example_dags/example_bash_operator.py for tasks to queue
[2025-12-05T01:12:15.428+0000] {logging_mixin.py:117} INFO - [2025-12-05T01:12:15.428+0000] {dagbag.py:525} INFO - Filling up the DagBag from /home/airflow/.local/lib/python3.7/site-packages/airflow/example_dags/example_bash_operator.py
[2025-12-05T01:12:15.446+0000] {processor.py:768} INFO - DAG(s) dict_keys(['example_bash_operator']) retrieved from /home/airflow/.local/lib/python3.7/site-packages/airflow/example_dags/example_bash_operator.py
[2025-12-05T01:12:15.474+0000] {logging_mixin.py:117} INFO - [2025-12-05T01:12:15.474+0000] {dag.py:2573} INFO - Sync 1 DAGs
[2025-12-05T01:12:15.489+0000] {logging_mixin.py:117} INFO - [2025-12-05T01:12:15.488+0000] {dag.py:3328} INFO - Setting next_dagrun for example_bash_operator to 2025-12-04T00:00:00+00:00, run_after=2025-12-05T00:00:00+00:00
[2025-12-05T01:12:15.499+0000] {processor.py:178} INFO - Processing /home/airflow/.local/lib/python3.7/site-packages/airflow/example_dags/example_bash_operator.py took 0.075 seconds
[2025-12-05T01:12:46.483+0000] {processor.py:156} INFO - Started process (PID=10768) to work on /home/airflow/.local/lib/python3.7/site-packages/airflow/example_dags/example_bash_operator.py
[2025-12-05T01:12:46.486+0000] {processor.py:758} INFO - Processing file /home/airflow/.local/lib/python3.7/site-packages/airflow/example_dags/example_bash_operator.py for tasks to queue
[2025-12-05T01:12:46.488+0000] {logging_mixin.py:117} INFO - [2025-12-05T01:12:46.488+0000] {dagbag.py:525} INFO - Filling up the DagBag from /home/airflow/.local/lib/python3.7/site-packages/airflow/example_dags/example_bash_operator.py
[2025-12-05T01:12:46.508+0000] {processor.py:768} INFO - DAG(s) dict_keys(['example_bash_operator']) retrieved from /home/airflow/.local/lib/python3.7/site-packages/airflow/example_dags/example_bash_operator.py
[2025-12-05T01:12:46.521+0000] {logging_mixin.py:117} INFO - [2025-12-05T01:12:46.521+0000] {dag.py:2573} INFO - Sync 1 DAGs
[2025-12-05T01:12:46.534+0000] {logging_mixin.py:117} INFO - [2025-12-05T01:12:46.534+0000] {dag.py:3328} INFO - Setting next_dagrun for example_bash_operator to 2025-12-04T00:00:00+00:00, run_after=2025-12-05T00:00:00+00:00
[2025-12-05T01:12:46.544+0000] {processor.py:178} INFO - Processing /home/airflow/.local/lib/python3.7/site-packages/airflow/example_dags/example_bash_operator.py took 0.062 seconds
[2025-12-05T01:13:17.721+0000] {processor.py:156} INFO - Started process (PID=10971) to work on /home/airflow/.local/lib/python3.7/site-packages/airflow/example_dags/example_bash_operator.py
[2025-12-05T01:13:17.762+0000] {processor.py:758} INFO - Processing file /home/airflow/.local/lib/python3.7/site-packages/airflow/example_dags/example_bash_operator.py for tasks to queue
[2025-12-05T01:13:17.763+0000] {logging_mixin.py:117} INFO - [2025-12-05T01:13:17.763+0000] {dagbag.py:525} INFO - Filling up the DagBag from /home/airflow/.local/lib/python3.7/site-packages/airflow/example_dags/example_bash_operator.py
[2025-12-05T01:13:17.794+0000] {processor.py:768} INFO - DAG(s) dict_keys(['example_bash_operator']) retrieved from /home/airflow/.local/lib/python3.7/site-packages/airflow/example_dags/example_bash_operator.py
[2025-12-05T01:13:17.828+0000] {logging_mixin.py:117} INFO - [2025-12-05T01:13:17.828+0000] {dag.py:2573} INFO - Sync 1 DAGs
[2025-12-05T01:13:17.853+0000] {logging_mixin.py:117} INFO - [2025-12-05T01:13:17.852+0000] {dag.py:3328} INFO - Setting next_dagrun for example_bash_operator to 2025-12-04T00:00:00+00:00, run_after=2025-12-05T00:00:00+00:00
[2025-12-05T01:13:17.867+0000] {processor.py:178} INFO - Processing /home/airflow/.local/lib/python3.7/site-packages/airflow/example_dags/example_bash_operator.py took 0.178 seconds
[2025-12-05T01:13:48.417+0000] {processor.py:156} INFO - Started process (PID=11172) to work on /home/airflow/.local/lib/python3.7/site-packages/airflow/example_dags/example_bash_operator.py
[2025-12-05T01:13:48.418+0000] {processor.py:758} INFO - Processing file /home/airflow/.local/lib/python3.7/site-packages/airflow/example_dags/example_bash_operator.py for tasks to queue
[2025-12-05T01:13:48.418+0000] {logging_mixin.py:117} INFO - [2025-12-05T01:13:48.418+0000] {dagbag.py:525} INFO - Filling up the DagBag from /home/airflow/.local/lib/python3.7/site-packages/airflow/example_dags/example_bash_operator.py
[2025-12-05T01:13:48.447+0000] {processor.py:768} INFO - DAG(s) dict_keys(['example_bash_operator']) retrieved from /home/airflow/.local/lib/python3.7/site-packages/airflow/example_dags/example_bash_operator.py
[2025-12-05T01:13:48.509+0000] {logging_mixin.py:117} INFO - [2025-12-05T01:13:48.509+0000] {dag.py:2573} INFO - Sync 1 DAGs
[2025-12-05T01:13:48.544+0000] {logging_mixin.py:117} INFO - [2025-12-05T01:13:48.543+0000] {dag.py:3328} INFO - Setting next_dagrun for example_bash_operator to 2025-12-04T00:00:00+00:00, run_after=2025-12-05T00:00:00+00:00
[2025-12-05T01:13:48.570+0000] {processor.py:178} INFO - Processing /home/airflow/.local/lib/python3.7/site-packages/airflow/example_dags/example_bash_operator.py took 0.160 seconds
[2025-12-05T01:14:18.780+0000] {processor.py:156} INFO - Started process (PID=11371) to work on /home/airflow/.local/lib/python3.7/site-packages/airflow/example_dags/example_bash_operator.py
[2025-12-05T01:14:18.780+0000] {processor.py:758} INFO - Processing file /home/airflow/.local/lib/python3.7/site-packages/airflow/example_dags/example_bash_operator.py for tasks to queue
[2025-12-05T01:14:18.781+0000] {logging_mixin.py:117} INFO - [2025-12-05T01:14:18.781+0000] {dagbag.py:525} INFO - Filling up the DagBag from /home/airflow/.local/lib/python3.7/site-packages/airflow/example_dags/example_bash_operator.py
[2025-12-05T01:14:18.791+0000] {processor.py:768} INFO - DAG(s) dict_keys(['example_bash_operator']) retrieved from /home/airflow/.local/lib/python3.7/site-packages/airflow/example_dags/example_bash_operator.py
[2025-12-05T01:14:18.818+0000] {logging_mixin.py:117} INFO - [2025-12-05T01:14:18.818+0000] {dag.py:2573} INFO - Sync 1 DAGs
[2025-12-05T01:14:18.833+0000] {logging_mixin.py:117} INFO - [2025-12-05T01:14:18.833+0000] {dag.py:3328} INFO - Setting next_dagrun for example_bash_operator to 2025-12-04T00:00:00+00:00, run_after=2025-12-05T00:00:00+00:00
[2025-12-05T01:14:18.844+0000] {processor.py:178} INFO - Processing /home/airflow/.local/lib/python3.7/site-packages/airflow/example_dags/example_bash_operator.py took 0.066 seconds
[2025-12-05T01:14:49.069+0000] {processor.py:156} INFO - Started process (PID=11574) to work on /home/airflow/.local/lib/python3.7/site-packages/airflow/example_dags/example_bash_operator.py
[2025-12-05T01:14:49.071+0000] {processor.py:758} INFO - Processing file /home/airflow/.local/lib/python3.7/site-packages/airflow/example_dags/example_bash_operator.py for tasks to queue
[2025-12-05T01:14:49.072+0000] {logging_mixin.py:117} INFO - [2025-12-05T01:14:49.072+0000] {dagbag.py:525} INFO - Filling up the DagBag from /home/airflow/.local/lib/python3.7/site-packages/airflow/example_dags/example_bash_operator.py
[2025-12-05T01:14:49.086+0000] {processor.py:768} INFO - DAG(s) dict_keys(['example_bash_operator']) retrieved from /home/airflow/.local/lib/python3.7/site-packages/airflow/example_dags/example_bash_operator.py
[2025-12-05T01:14:49.110+0000] {logging_mixin.py:117} INFO - [2025-12-05T01:14:49.110+0000] {dag.py:2573} INFO - Sync 1 DAGs
[2025-12-05T01:14:49.131+0000] {logging_mixin.py:117} INFO - [2025-12-05T01:14:49.130+0000] {dag.py:3328} INFO - Setting next_dagrun for example_bash_operator to 2025-12-04T00:00:00+00:00, run_after=2025-12-05T00:00:00+00:00
[2025-12-05T01:14:49.144+0000] {processor.py:178} INFO - Processing /home/airflow/.local/lib/python3.7/site-packages/airflow/example_dags/example_bash_operator.py took 0.077 seconds
[2025-12-05T01:15:19.419+0000] {processor.py:156} INFO - Started process (PID=11776) to work on /home/airflow/.local/lib/python3.7/site-packages/airflow/example_dags/example_bash_operator.py
[2025-12-05T01:15:19.419+0000] {processor.py:758} INFO - Processing file /home/airflow/.local/lib/python3.7/site-packages/airflow/example_dags/example_bash_operator.py for tasks to queue
[2025-12-05T01:15:19.419+0000] {logging_mixin.py:117} INFO - [2025-12-05T01:15:19.419+0000] {dagbag.py:525} INFO - Filling up the DagBag from /home/airflow/.local/lib/python3.7/site-packages/airflow/example_dags/example_bash_operator.py
[2025-12-05T01:15:19.439+0000] {processor.py:768} INFO - DAG(s) dict_keys(['example_bash_operator']) retrieved from /home/airflow/.local/lib/python3.7/site-packages/airflow/example_dags/example_bash_operator.py
[2025-12-05T01:15:19.468+0000] {logging_mixin.py:117} INFO - [2025-12-05T01:15:19.468+0000] {dag.py:2573} INFO - Sync 1 DAGs
[2025-12-05T01:15:19.481+0000] {logging_mixin.py:117} INFO - [2025-12-05T01:15:19.481+0000] {dag.py:3328} INFO - Setting next_dagrun for example_bash_operator to 2025-12-04T00:00:00+00:00, run_after=2025-12-05T00:00:00+00:00
[2025-12-05T01:15:19.496+0000] {processor.py:178} INFO - Processing /home/airflow/.local/lib/python3.7/site-packages/airflow/example_dags/example_bash_operator.py took 0.079 seconds
[2025-12-05T01:15:49.765+0000] {processor.py:156} INFO - Started process (PID=11977) to work on /home/airflow/.local/lib/python3.7/site-packages/airflow/example_dags/example_bash_operator.py
[2025-12-05T01:15:49.765+0000] {processor.py:758} INFO - Processing file /home/airflow/.local/lib/python3.7/site-packages/airflow/example_dags/example_bash_operator.py for tasks to queue
[2025-12-05T01:15:49.766+0000] {logging_mixin.py:117} INFO - [2025-12-05T01:15:49.766+0000] {dagbag.py:525} INFO - Filling up the DagBag from /home/airflow/.local/lib/python3.7/site-packages/airflow/example_dags/example_bash_operator.py
[2025-12-05T01:15:49.775+0000] {processor.py:768} INFO - DAG(s) dict_keys(['example_bash_operator']) retrieved from /home/airflow/.local/lib/python3.7/site-packages/airflow/example_dags/example_bash_operator.py
[2025-12-05T01:15:49.795+0000] {logging_mixin.py:117} INFO - [2025-12-05T01:15:49.795+0000] {dag.py:2573} INFO - Sync 1 DAGs
[2025-12-05T01:15:49.806+0000] {logging_mixin.py:117} INFO - [2025-12-05T01:15:49.806+0000] {dag.py:3328} INFO - Setting next_dagrun for example_bash_operator to 2025-12-04T00:00:00+00:00, run_after=2025-12-05T00:00:00+00:00
[2025-12-05T01:15:49.813+0000] {processor.py:178} INFO - Processing /home/airflow/.local/lib/python3.7/site-packages/airflow/example_dags/example_bash_operator.py took 0.050 seconds
[2025-12-05T01:16:20.782+0000] {processor.py:156} INFO - Started process (PID=12183) to work on /home/airflow/.local/lib/python3.7/site-packages/airflow/example_dags/example_bash_operator.py
[2025-12-05T01:16:20.783+0000] {processor.py:758} INFO - Processing file /home/airflow/.local/lib/python3.7/site-packages/airflow/example_dags/example_bash_operator.py for tasks to queue
[2025-12-05T01:16:20.783+0000] {logging_mixin.py:117} INFO - [2025-12-05T01:16:20.783+0000] {dagbag.py:525} INFO - Filling up the DagBag from /home/airflow/.local/lib/python3.7/site-packages/airflow/example_dags/example_bash_operator.py
[2025-12-05T01:16:20.797+0000] {processor.py:768} INFO - DAG(s) dict_keys(['example_bash_operator']) retrieved from /home/airflow/.local/lib/python3.7/site-packages/airflow/example_dags/example_bash_operator.py
[2025-12-05T01:16:20.822+0000] {logging_mixin.py:117} INFO - [2025-12-05T01:16:20.822+0000] {dag.py:2573} INFO - Sync 1 DAGs
[2025-12-05T01:16:20.834+0000] {logging_mixin.py:117} INFO - [2025-12-05T01:16:20.834+0000] {dag.py:3328} INFO - Setting next_dagrun for example_bash_operator to 2025-12-04T00:00:00+00:00, run_after=2025-12-05T00:00:00+00:00
[2025-12-05T01:16:20.842+0000] {processor.py:178} INFO - Processing /home/airflow/.local/lib/python3.7/site-packages/airflow/example_dags/example_bash_operator.py took 0.063 seconds
[2025-12-05T01:16:51.157+0000] {processor.py:156} INFO - Started process (PID=12392) to work on /home/airflow/.local/lib/python3.7/site-packages/airflow/example_dags/example_bash_operator.py
[2025-12-05T01:16:51.158+0000] {processor.py:758} INFO - Processing file /home/airflow/.local/lib/python3.7/site-packages/airflow/example_dags/example_bash_operator.py for tasks to queue
[2025-12-05T01:16:51.158+0000] {logging_mixin.py:117} INFO - [2025-12-05T01:16:51.158+0000] {dagbag.py:525} INFO - Filling up the DagBag from /home/airflow/.local/lib/python3.7/site-packages/airflow/example_dags/example_bash_operator.py
[2025-12-05T01:16:51.174+0000] {processor.py:768} INFO - DAG(s) dict_keys(['example_bash_operator']) retrieved from /home/airflow/.local/lib/python3.7/site-packages/airflow/example_dags/example_bash_operator.py
[2025-12-05T01:16:51.201+0000] {logging_mixin.py:117} INFO - [2025-12-05T01:16:51.201+0000] {dag.py:2573} INFO - Sync 1 DAGs
[2025-12-05T01:16:51.219+0000] {logging_mixin.py:117} INFO - [2025-12-05T01:16:51.219+0000] {dag.py:3328} INFO - Setting next_dagrun for example_bash_operator to 2025-12-04T00:00:00+00:00, run_after=2025-12-05T00:00:00+00:00
[2025-12-05T01:16:51.233+0000] {processor.py:178} INFO - Processing /home/airflow/.local/lib/python3.7/site-packages/airflow/example_dags/example_bash_operator.py took 0.078 seconds
[2025-12-05T01:17:21.785+0000] {processor.py:156} INFO - Started process (PID=12600) to work on /home/airflow/.local/lib/python3.7/site-packages/airflow/example_dags/example_bash_operator.py
[2025-12-05T01:17:21.786+0000] {processor.py:758} INFO - Processing file /home/airflow/.local/lib/python3.7/site-packages/airflow/example_dags/example_bash_operator.py for tasks to queue
[2025-12-05T01:17:21.786+0000] {logging_mixin.py:117} INFO - [2025-12-05T01:17:21.786+0000] {dagbag.py:525} INFO - Filling up the DagBag from /home/airflow/.local/lib/python3.7/site-packages/airflow/example_dags/example_bash_operator.py
[2025-12-05T01:17:21.800+0000] {processor.py:768} INFO - DAG(s) dict_keys(['example_bash_operator']) retrieved from /home/airflow/.local/lib/python3.7/site-packages/airflow/example_dags/example_bash_operator.py
[2025-12-05T01:17:21.825+0000] {logging_mixin.py:117} INFO - [2025-12-05T01:17:21.825+0000] {dag.py:2573} INFO - Sync 1 DAGs
[2025-12-05T01:17:21.836+0000] {logging_mixin.py:117} INFO - [2025-12-05T01:17:21.836+0000] {dag.py:3328} INFO - Setting next_dagrun for example_bash_operator to 2025-12-04T00:00:00+00:00, run_after=2025-12-05T00:00:00+00:00
[2025-12-05T01:17:21.846+0000] {processor.py:178} INFO - Processing /home/airflow/.local/lib/python3.7/site-packages/airflow/example_dags/example_bash_operator.py took 0.063 seconds
[2025-12-05T01:17:51.990+0000] {processor.py:156} INFO - Started process (PID=12808) to work on /home/airflow/.local/lib/python3.7/site-packages/airflow/example_dags/example_bash_operator.py
[2025-12-05T01:17:51.993+0000] {processor.py:758} INFO - Processing file /home/airflow/.local/lib/python3.7/site-packages/airflow/example_dags/example_bash_operator.py for tasks to queue
[2025-12-05T01:17:51.994+0000] {logging_mixin.py:117} INFO - [2025-12-05T01:17:51.994+0000] {dagbag.py:525} INFO - Filling up the DagBag from /home/airflow/.local/lib/python3.7/site-packages/airflow/example_dags/example_bash_operator.py
[2025-12-05T01:17:52.007+0000] {processor.py:768} INFO - DAG(s) dict_keys(['example_bash_operator']) retrieved from /home/airflow/.local/lib/python3.7/site-packages/airflow/example_dags/example_bash_operator.py
[2025-12-05T01:17:52.027+0000] {logging_mixin.py:117} INFO - [2025-12-05T01:17:52.027+0000] {dag.py:2573} INFO - Sync 1 DAGs
[2025-12-05T01:17:52.039+0000] {logging_mixin.py:117} INFO - [2025-12-05T01:17:52.039+0000] {dag.py:3328} INFO - Setting next_dagrun for example_bash_operator to 2025-12-04T00:00:00+00:00, run_after=2025-12-05T00:00:00+00:00
[2025-12-05T01:17:52.048+0000] {processor.py:178} INFO - Processing /home/airflow/.local/lib/python3.7/site-packages/airflow/example_dags/example_bash_operator.py took 0.060 seconds
[2025-12-05T01:18:22.488+0000] {processor.py:156} INFO - Started process (PID=13016) to work on /home/airflow/.local/lib/python3.7/site-packages/airflow/example_dags/example_bash_operator.py
[2025-12-05T01:18:22.489+0000] {processor.py:758} INFO - Processing file /home/airflow/.local/lib/python3.7/site-packages/airflow/example_dags/example_bash_operator.py for tasks to queue
[2025-12-05T01:18:22.490+0000] {logging_mixin.py:117} INFO - [2025-12-05T01:18:22.490+0000] {dagbag.py:525} INFO - Filling up the DagBag from /home/airflow/.local/lib/python3.7/site-packages/airflow/example_dags/example_bash_operator.py
[2025-12-05T01:18:22.500+0000] {processor.py:768} INFO - DAG(s) dict_keys(['example_bash_operator']) retrieved from /home/airflow/.local/lib/python3.7/site-packages/airflow/example_dags/example_bash_operator.py
[2025-12-05T01:18:22.525+0000] {logging_mixin.py:117} INFO - [2025-12-05T01:18:22.525+0000] {dag.py:2573} INFO - Sync 1 DAGs
[2025-12-05T01:18:22.537+0000] {logging_mixin.py:117} INFO - [2025-12-05T01:18:22.537+0000] {dag.py:3328} INFO - Setting next_dagrun for example_bash_operator to 2025-12-04T00:00:00+00:00, run_after=2025-12-05T00:00:00+00:00
[2025-12-05T01:18:22.544+0000] {processor.py:178} INFO - Processing /home/airflow/.local/lib/python3.7/site-packages/airflow/example_dags/example_bash_operator.py took 0.064 seconds
[2025-12-05T01:18:53.564+0000] {processor.py:156} INFO - Started process (PID=13220) to work on /home/airflow/.local/lib/python3.7/site-packages/airflow/example_dags/example_bash_operator.py
[2025-12-05T01:18:53.565+0000] {processor.py:758} INFO - Processing file /home/airflow/.local/lib/python3.7/site-packages/airflow/example_dags/example_bash_operator.py for tasks to queue
[2025-12-05T01:18:53.565+0000] {logging_mixin.py:117} INFO - [2025-12-05T01:18:53.565+0000] {dagbag.py:525} INFO - Filling up the DagBag from /home/airflow/.local/lib/python3.7/site-packages/airflow/example_dags/example_bash_operator.py
[2025-12-05T01:18:53.579+0000] {processor.py:768} INFO - DAG(s) dict_keys(['example_bash_operator']) retrieved from /home/airflow/.local/lib/python3.7/site-packages/airflow/example_dags/example_bash_operator.py
[2025-12-05T01:18:53.601+0000] {logging_mixin.py:117} INFO - [2025-12-05T01:18:53.601+0000] {dag.py:2573} INFO - Sync 1 DAGs
[2025-12-05T01:18:53.614+0000] {logging_mixin.py:117} INFO - [2025-12-05T01:18:53.614+0000] {dag.py:3328} INFO - Setting next_dagrun for example_bash_operator to 2025-12-04T00:00:00+00:00, run_after=2025-12-05T00:00:00+00:00
[2025-12-05T01:18:53.621+0000] {processor.py:178} INFO - Processing /home/airflow/.local/lib/python3.7/site-packages/airflow/example_dags/example_bash_operator.py took 0.059 seconds
[2025-12-05T01:19:24.343+0000] {processor.py:156} INFO - Started process (PID=13428) to work on /home/airflow/.local/lib/python3.7/site-packages/airflow/example_dags/example_bash_operator.py
[2025-12-05T01:19:24.343+0000] {processor.py:758} INFO - Processing file /home/airflow/.local/lib/python3.7/site-packages/airflow/example_dags/example_bash_operator.py for tasks to queue
[2025-12-05T01:19:24.343+0000] {logging_mixin.py:117} INFO - [2025-12-05T01:19:24.343+0000] {dagbag.py:525} INFO - Filling up the DagBag from /home/airflow/.local/lib/python3.7/site-packages/airflow/example_dags/example_bash_operator.py
[2025-12-05T01:19:24.353+0000] {processor.py:768} INFO - DAG(s) dict_keys(['example_bash_operator']) retrieved from /home/airflow/.local/lib/python3.7/site-packages/airflow/example_dags/example_bash_operator.py
[2025-12-05T01:19:24.372+0000] {logging_mixin.py:117} INFO - [2025-12-05T01:19:24.372+0000] {dag.py:2573} INFO - Sync 1 DAGs
[2025-12-05T01:19:24.383+0000] {logging_mixin.py:117} INFO - [2025-12-05T01:19:24.383+0000] {dag.py:3328} INFO - Setting next_dagrun for example_bash_operator to 2025-12-04T00:00:00+00:00, run_after=2025-12-05T00:00:00+00:00
[2025-12-05T01:19:24.390+0000] {processor.py:178} INFO - Processing /home/airflow/.local/lib/python3.7/site-packages/airflow/example_dags/example_bash_operator.py took 0.049 seconds
[2025-12-05T01:19:55.303+0000] {processor.py:156} INFO - Started process (PID=13639) to work on /home/airflow/.local/lib/python3.7/site-packages/airflow/example_dags/example_bash_operator.py
[2025-12-05T01:19:55.303+0000] {processor.py:758} INFO - Processing file /home/airflow/.local/lib/python3.7/site-packages/airflow/example_dags/example_bash_operator.py for tasks to queue
[2025-12-05T01:19:55.304+0000] {logging_mixin.py:117} INFO - [2025-12-05T01:19:55.303+0000] {dagbag.py:525} INFO - Filling up the DagBag from /home/airflow/.local/lib/python3.7/site-packages/airflow/example_dags/example_bash_operator.py
[2025-12-05T01:19:55.316+0000] {processor.py:768} INFO - DAG(s) dict_keys(['example_bash_operator']) retrieved from /home/airflow/.local/lib/python3.7/site-packages/airflow/example_dags/example_bash_operator.py
[2025-12-05T01:19:55.338+0000] {logging_mixin.py:117} INFO - [2025-12-05T01:19:55.338+0000] {dag.py:2573} INFO - Sync 1 DAGs
[2025-12-05T01:19:55.352+0000] {logging_mixin.py:117} INFO - [2025-12-05T01:19:55.352+0000] {dag.py:3328} INFO - Setting next_dagrun for example_bash_operator to 2025-12-04T00:00:00+00:00, run_after=2025-12-05T00:00:00+00:00
[2025-12-05T01:19:55.360+0000] {processor.py:178} INFO - Processing /home/airflow/.local/lib/python3.7/site-packages/airflow/example_dags/example_bash_operator.py took 0.059 seconds
[2025-12-05T01:20:26.186+0000] {processor.py:156} INFO - Started process (PID=13845) to work on /home/airflow/.local/lib/python3.7/site-packages/airflow/example_dags/example_bash_operator.py
[2025-12-05T01:20:26.187+0000] {processor.py:758} INFO - Processing file /home/airflow/.local/lib/python3.7/site-packages/airflow/example_dags/example_bash_operator.py for tasks to queue
[2025-12-05T01:20:26.188+0000] {logging_mixin.py:117} INFO - [2025-12-05T01:20:26.188+0000] {dagbag.py:525} INFO - Filling up the DagBag from /home/airflow/.local/lib/python3.7/site-packages/airflow/example_dags/example_bash_operator.py
[2025-12-05T01:20:26.200+0000] {processor.py:768} INFO - DAG(s) dict_keys(['example_bash_operator']) retrieved from /home/airflow/.local/lib/python3.7/site-packages/airflow/example_dags/example_bash_operator.py
[2025-12-05T01:20:26.224+0000] {logging_mixin.py:117} INFO - [2025-12-05T01:20:26.224+0000] {dag.py:2573} INFO - Sync 1 DAGs
[2025-12-05T01:20:26.237+0000] {logging_mixin.py:117} INFO - [2025-12-05T01:20:26.237+0000] {dag.py:3328} INFO - Setting next_dagrun for example_bash_operator to 2025-12-04T00:00:00+00:00, run_after=2025-12-05T00:00:00+00:00
[2025-12-05T01:20:26.246+0000] {processor.py:178} INFO - Processing /home/airflow/.local/lib/python3.7/site-packages/airflow/example_dags/example_bash_operator.py took 0.061 seconds
[2025-12-05T01:20:57.253+0000] {processor.py:156} INFO - Started process (PID=14051) to work on /home/airflow/.local/lib/python3.7/site-packages/airflow/example_dags/example_bash_operator.py
[2025-12-05T01:20:57.254+0000] {processor.py:758} INFO - Processing file /home/airflow/.local/lib/python3.7/site-packages/airflow/example_dags/example_bash_operator.py for tasks to queue
[2025-12-05T01:20:57.254+0000] {logging_mixin.py:117} INFO - [2025-12-05T01:20:57.254+0000] {dagbag.py:525} INFO - Filling up the DagBag from /home/airflow/.local/lib/python3.7/site-packages/airflow/example_dags/example_bash_operator.py
[2025-12-05T01:20:57.266+0000] {processor.py:768} INFO - DAG(s) dict_keys(['example_bash_operator']) retrieved from /home/airflow/.local/lib/python3.7/site-packages/airflow/example_dags/example_bash_operator.py
[2025-12-05T01:20:57.291+0000] {logging_mixin.py:117} INFO - [2025-12-05T01:20:57.291+0000] {dag.py:2573} INFO - Sync 1 DAGs
[2025-12-05T01:20:57.302+0000] {logging_mixin.py:117} INFO - [2025-12-05T01:20:57.302+0000] {dag.py:3328} INFO - Setting next_dagrun for example_bash_operator to 2025-12-04T00:00:00+00:00, run_after=2025-12-05T00:00:00+00:00
[2025-12-05T01:20:57.311+0000] {processor.py:178} INFO - Processing /home/airflow/.local/lib/python3.7/site-packages/airflow/example_dags/example_bash_operator.py took 0.062 seconds
