[2025-12-05T00:46:07.189+0000] {processor.py:156} INFO - Started process (PID=297) to work on /home/airflow/.local/lib/python3.7/site-packages/airflow/example_dags/example_python_operator.py
[2025-12-05T00:46:07.190+0000] {processor.py:758} INFO - Processing file /home/airflow/.local/lib/python3.7/site-packages/airflow/example_dags/example_python_operator.py for tasks to queue
[2025-12-05T00:46:07.191+0000] {logging_mixin.py:117} INFO - [2025-12-05T00:46:07.191+0000] {dagbag.py:525} INFO - Filling up the DagBag from /home/airflow/.local/lib/python3.7/site-packages/airflow/example_dags/example_python_operator.py
[2025-12-05T00:46:07.225+0000] {processor.py:768} INFO - DAG(s) dict_keys(['example_python_operator']) retrieved from /home/airflow/.local/lib/python3.7/site-packages/airflow/example_dags/example_python_operator.py
[2025-12-05T00:46:07.386+0000] {logging_mixin.py:117} INFO - [2025-12-05T00:46:07.385+0000] {manager.py:508} INFO - Created Permission View: can read on DAG:example_python_operator
[2025-12-05T00:46:07.535+0000] {logging_mixin.py:117} INFO - [2025-12-05T00:46:07.534+0000] {manager.py:508} INFO - Created Permission View: can delete on DAG:example_python_operator
[2025-12-05T00:46:07.549+0000] {logging_mixin.py:117} INFO - [2025-12-05T00:46:07.549+0000] {manager.py:508} INFO - Created Permission View: can edit on DAG:example_python_operator
[2025-12-05T00:46:07.550+0000] {logging_mixin.py:117} INFO - [2025-12-05T00:46:07.550+0000] {dag.py:2573} INFO - Sync 1 DAGs
[2025-12-05T00:46:07.580+0000] {logging_mixin.py:117} INFO - [2025-12-05T00:46:07.580+0000] {dag.py:2594} INFO - Creating ORM DAG for example_python_operator
[2025-12-05T00:46:07.599+0000] {logging_mixin.py:117} INFO - [2025-12-05T00:46:07.599+0000] {dag.py:3328} INFO - Setting next_dagrun for example_python_operator to None, run_after=None
[2025-12-05T00:46:07.619+0000] {processor.py:178} INFO - Processing /home/airflow/.local/lib/python3.7/site-packages/airflow/example_dags/example_python_operator.py took 0.433 seconds
[2025-12-05T00:46:38.229+0000] {processor.py:156} INFO - Started process (PID=505) to work on /home/airflow/.local/lib/python3.7/site-packages/airflow/example_dags/example_python_operator.py
[2025-12-05T00:46:38.230+0000] {processor.py:758} INFO - Processing file /home/airflow/.local/lib/python3.7/site-packages/airflow/example_dags/example_python_operator.py for tasks to queue
[2025-12-05T00:46:38.231+0000] {logging_mixin.py:117} INFO - [2025-12-05T00:46:38.231+0000] {dagbag.py:525} INFO - Filling up the DagBag from /home/airflow/.local/lib/python3.7/site-packages/airflow/example_dags/example_python_operator.py
[2025-12-05T00:46:38.258+0000] {processor.py:768} INFO - DAG(s) dict_keys(['example_python_operator']) retrieved from /home/airflow/.local/lib/python3.7/site-packages/airflow/example_dags/example_python_operator.py
[2025-12-05T00:46:38.284+0000] {logging_mixin.py:117} INFO - [2025-12-05T00:46:38.284+0000] {dag.py:2573} INFO - Sync 1 DAGs
[2025-12-05T00:46:38.298+0000] {logging_mixin.py:117} INFO - [2025-12-05T00:46:38.298+0000] {dag.py:3328} INFO - Setting next_dagrun for example_python_operator to None, run_after=None
[2025-12-05T00:46:38.308+0000] {processor.py:178} INFO - Processing /home/airflow/.local/lib/python3.7/site-packages/airflow/example_dags/example_python_operator.py took 0.084 seconds
[2025-12-05T00:47:09.203+0000] {processor.py:156} INFO - Started process (PID=707) to work on /home/airflow/.local/lib/python3.7/site-packages/airflow/example_dags/example_python_operator.py
[2025-12-05T00:47:09.210+0000] {processor.py:758} INFO - Processing file /home/airflow/.local/lib/python3.7/site-packages/airflow/example_dags/example_python_operator.py for tasks to queue
[2025-12-05T00:47:09.213+0000] {logging_mixin.py:117} INFO - [2025-12-05T00:47:09.213+0000] {dagbag.py:525} INFO - Filling up the DagBag from /home/airflow/.local/lib/python3.7/site-packages/airflow/example_dags/example_python_operator.py
[2025-12-05T00:47:09.234+0000] {processor.py:768} INFO - DAG(s) dict_keys(['example_python_operator']) retrieved from /home/airflow/.local/lib/python3.7/site-packages/airflow/example_dags/example_python_operator.py
[2025-12-05T00:47:09.260+0000] {logging_mixin.py:117} INFO - [2025-12-05T00:47:09.260+0000] {dag.py:2573} INFO - Sync 1 DAGs
[2025-12-05T00:47:09.275+0000] {logging_mixin.py:117} INFO - [2025-12-05T00:47:09.275+0000] {dag.py:3328} INFO - Setting next_dagrun for example_python_operator to None, run_after=None
[2025-12-05T00:47:09.289+0000] {processor.py:178} INFO - Processing /home/airflow/.local/lib/python3.7/site-packages/airflow/example_dags/example_python_operator.py took 0.090 seconds
[2025-12-05T00:47:39.531+0000] {processor.py:156} INFO - Started process (PID=908) to work on /home/airflow/.local/lib/python3.7/site-packages/airflow/example_dags/example_python_operator.py
[2025-12-05T00:47:39.532+0000] {processor.py:758} INFO - Processing file /home/airflow/.local/lib/python3.7/site-packages/airflow/example_dags/example_python_operator.py for tasks to queue
[2025-12-05T00:47:39.533+0000] {logging_mixin.py:117} INFO - [2025-12-05T00:47:39.533+0000] {dagbag.py:525} INFO - Filling up the DagBag from /home/airflow/.local/lib/python3.7/site-packages/airflow/example_dags/example_python_operator.py
[2025-12-05T00:47:39.554+0000] {processor.py:768} INFO - DAG(s) dict_keys(['example_python_operator']) retrieved from /home/airflow/.local/lib/python3.7/site-packages/airflow/example_dags/example_python_operator.py
[2025-12-05T00:47:39.583+0000] {logging_mixin.py:117} INFO - [2025-12-05T00:47:39.583+0000] {dag.py:2573} INFO - Sync 1 DAGs
[2025-12-05T00:47:39.705+0000] {logging_mixin.py:117} INFO - [2025-12-05T00:47:39.705+0000] {dag.py:3328} INFO - Setting next_dagrun for example_python_operator to None, run_after=None
[2025-12-05T00:47:39.716+0000] {processor.py:178} INFO - Processing /home/airflow/.local/lib/python3.7/site-packages/airflow/example_dags/example_python_operator.py took 0.189 seconds
[2025-12-05T00:48:10.265+0000] {processor.py:156} INFO - Started process (PID=1109) to work on /home/airflow/.local/lib/python3.7/site-packages/airflow/example_dags/example_python_operator.py
[2025-12-05T00:48:10.267+0000] {processor.py:758} INFO - Processing file /home/airflow/.local/lib/python3.7/site-packages/airflow/example_dags/example_python_operator.py for tasks to queue
[2025-12-05T00:48:10.270+0000] {logging_mixin.py:117} INFO - [2025-12-05T00:48:10.270+0000] {dagbag.py:525} INFO - Filling up the DagBag from /home/airflow/.local/lib/python3.7/site-packages/airflow/example_dags/example_python_operator.py
[2025-12-05T00:48:10.294+0000] {processor.py:768} INFO - DAG(s) dict_keys(['example_python_operator']) retrieved from /home/airflow/.local/lib/python3.7/site-packages/airflow/example_dags/example_python_operator.py
[2025-12-05T00:48:10.322+0000] {logging_mixin.py:117} INFO - [2025-12-05T00:48:10.322+0000] {dag.py:2573} INFO - Sync 1 DAGs
[2025-12-05T00:48:10.579+0000] {logging_mixin.py:117} INFO - [2025-12-05T00:48:10.579+0000] {dag.py:3328} INFO - Setting next_dagrun for example_python_operator to None, run_after=None
[2025-12-05T00:48:10.597+0000] {processor.py:178} INFO - Processing /home/airflow/.local/lib/python3.7/site-packages/airflow/example_dags/example_python_operator.py took 0.336 seconds
[2025-12-05T00:48:41.456+0000] {processor.py:156} INFO - Started process (PID=1310) to work on /home/airflow/.local/lib/python3.7/site-packages/airflow/example_dags/example_python_operator.py
[2025-12-05T00:48:41.456+0000] {processor.py:758} INFO - Processing file /home/airflow/.local/lib/python3.7/site-packages/airflow/example_dags/example_python_operator.py for tasks to queue
[2025-12-05T00:48:41.456+0000] {logging_mixin.py:117} INFO - [2025-12-05T00:48:41.456+0000] {dagbag.py:525} INFO - Filling up the DagBag from /home/airflow/.local/lib/python3.7/site-packages/airflow/example_dags/example_python_operator.py
[2025-12-05T00:48:41.469+0000] {processor.py:768} INFO - DAG(s) dict_keys(['example_python_operator']) retrieved from /home/airflow/.local/lib/python3.7/site-packages/airflow/example_dags/example_python_operator.py
[2025-12-05T00:48:41.572+0000] {logging_mixin.py:117} INFO - [2025-12-05T00:48:41.572+0000] {dag.py:2573} INFO - Sync 1 DAGs
[2025-12-05T00:48:41.583+0000] {logging_mixin.py:117} INFO - [2025-12-05T00:48:41.583+0000] {dag.py:3328} INFO - Setting next_dagrun for example_python_operator to None, run_after=None
[2025-12-05T00:48:41.594+0000] {processor.py:178} INFO - Processing /home/airflow/.local/lib/python3.7/site-packages/airflow/example_dags/example_python_operator.py took 0.139 seconds
[2025-12-05T00:49:12.391+0000] {processor.py:156} INFO - Started process (PID=1513) to work on /home/airflow/.local/lib/python3.7/site-packages/airflow/example_dags/example_python_operator.py
[2025-12-05T00:49:12.391+0000] {processor.py:758} INFO - Processing file /home/airflow/.local/lib/python3.7/site-packages/airflow/example_dags/example_python_operator.py for tasks to queue
[2025-12-05T00:49:12.391+0000] {logging_mixin.py:117} INFO - [2025-12-05T00:49:12.391+0000] {dagbag.py:525} INFO - Filling up the DagBag from /home/airflow/.local/lib/python3.7/site-packages/airflow/example_dags/example_python_operator.py
[2025-12-05T00:49:12.405+0000] {processor.py:768} INFO - DAG(s) dict_keys(['example_python_operator']) retrieved from /home/airflow/.local/lib/python3.7/site-packages/airflow/example_dags/example_python_operator.py
[2025-12-05T00:49:12.515+0000] {logging_mixin.py:117} INFO - [2025-12-05T00:49:12.515+0000] {dag.py:2573} INFO - Sync 1 DAGs
[2025-12-05T00:49:12.524+0000] {logging_mixin.py:117} INFO - [2025-12-05T00:49:12.524+0000] {dag.py:3328} INFO - Setting next_dagrun for example_python_operator to None, run_after=None
[2025-12-05T00:49:12.534+0000] {processor.py:178} INFO - Processing /home/airflow/.local/lib/python3.7/site-packages/airflow/example_dags/example_python_operator.py took 0.145 seconds
[2025-12-05T00:49:42.835+0000] {processor.py:156} INFO - Started process (PID=1712) to work on /home/airflow/.local/lib/python3.7/site-packages/airflow/example_dags/example_python_operator.py
[2025-12-05T00:49:42.836+0000] {processor.py:758} INFO - Processing file /home/airflow/.local/lib/python3.7/site-packages/airflow/example_dags/example_python_operator.py for tasks to queue
[2025-12-05T00:49:42.836+0000] {logging_mixin.py:117} INFO - [2025-12-05T00:49:42.836+0000] {dagbag.py:525} INFO - Filling up the DagBag from /home/airflow/.local/lib/python3.7/site-packages/airflow/example_dags/example_python_operator.py
[2025-12-05T00:49:42.930+0000] {processor.py:768} INFO - DAG(s) dict_keys(['example_python_operator']) retrieved from /home/airflow/.local/lib/python3.7/site-packages/airflow/example_dags/example_python_operator.py
[2025-12-05T00:49:42.946+0000] {logging_mixin.py:117} INFO - [2025-12-05T00:49:42.946+0000] {dag.py:2573} INFO - Sync 1 DAGs
[2025-12-05T00:49:42.957+0000] {logging_mixin.py:117} INFO - [2025-12-05T00:49:42.957+0000] {dag.py:3328} INFO - Setting next_dagrun for example_python_operator to None, run_after=None
[2025-12-05T00:49:42.968+0000] {processor.py:178} INFO - Processing /home/airflow/.local/lib/python3.7/site-packages/airflow/example_dags/example_python_operator.py took 0.135 seconds
[2025-12-05T00:50:13.800+0000] {processor.py:156} INFO - Started process (PID=1914) to work on /home/airflow/.local/lib/python3.7/site-packages/airflow/example_dags/example_python_operator.py
[2025-12-05T00:50:13.801+0000] {processor.py:758} INFO - Processing file /home/airflow/.local/lib/python3.7/site-packages/airflow/example_dags/example_python_operator.py for tasks to queue
[2025-12-05T00:50:13.801+0000] {logging_mixin.py:117} INFO - [2025-12-05T00:50:13.801+0000] {dagbag.py:525} INFO - Filling up the DagBag from /home/airflow/.local/lib/python3.7/site-packages/airflow/example_dags/example_python_operator.py
[2025-12-05T00:50:13.813+0000] {processor.py:768} INFO - DAG(s) dict_keys(['example_python_operator']) retrieved from /home/airflow/.local/lib/python3.7/site-packages/airflow/example_dags/example_python_operator.py
[2025-12-05T00:50:13.833+0000] {logging_mixin.py:117} INFO - [2025-12-05T00:50:13.833+0000] {dag.py:2573} INFO - Sync 1 DAGs
[2025-12-05T00:50:13.926+0000] {logging_mixin.py:117} INFO - [2025-12-05T00:50:13.926+0000] {dag.py:3328} INFO - Setting next_dagrun for example_python_operator to None, run_after=None
[2025-12-05T00:50:13.940+0000] {processor.py:178} INFO - Processing /home/airflow/.local/lib/python3.7/site-packages/airflow/example_dags/example_python_operator.py took 0.141 seconds
[2025-12-05T00:50:44.452+0000] {processor.py:156} INFO - Started process (PID=2115) to work on /home/airflow/.local/lib/python3.7/site-packages/airflow/example_dags/example_python_operator.py
[2025-12-05T00:50:44.453+0000] {processor.py:758} INFO - Processing file /home/airflow/.local/lib/python3.7/site-packages/airflow/example_dags/example_python_operator.py for tasks to queue
[2025-12-05T00:50:44.453+0000] {logging_mixin.py:117} INFO - [2025-12-05T00:50:44.453+0000] {dagbag.py:525} INFO - Filling up the DagBag from /home/airflow/.local/lib/python3.7/site-packages/airflow/example_dags/example_python_operator.py
[2025-12-05T00:50:44.465+0000] {processor.py:768} INFO - DAG(s) dict_keys(['example_python_operator']) retrieved from /home/airflow/.local/lib/python3.7/site-packages/airflow/example_dags/example_python_operator.py
[2025-12-05T00:50:44.589+0000] {logging_mixin.py:117} INFO - [2025-12-05T00:50:44.589+0000] {dag.py:2573} INFO - Sync 1 DAGs
[2025-12-05T00:50:44.601+0000] {logging_mixin.py:117} INFO - [2025-12-05T00:50:44.601+0000] {dag.py:3328} INFO - Setting next_dagrun for example_python_operator to None, run_after=None
[2025-12-05T00:50:44.615+0000] {processor.py:178} INFO - Processing /home/airflow/.local/lib/python3.7/site-packages/airflow/example_dags/example_python_operator.py took 0.164 seconds
[2025-12-05T00:51:15.159+0000] {processor.py:156} INFO - Started process (PID=2316) to work on /home/airflow/.local/lib/python3.7/site-packages/airflow/example_dags/example_python_operator.py
[2025-12-05T00:51:15.159+0000] {processor.py:758} INFO - Processing file /home/airflow/.local/lib/python3.7/site-packages/airflow/example_dags/example_python_operator.py for tasks to queue
[2025-12-05T00:51:15.160+0000] {logging_mixin.py:117} INFO - [2025-12-05T00:51:15.159+0000] {dagbag.py:525} INFO - Filling up the DagBag from /home/airflow/.local/lib/python3.7/site-packages/airflow/example_dags/example_python_operator.py
[2025-12-05T00:51:15.172+0000] {processor.py:768} INFO - DAG(s) dict_keys(['example_python_operator']) retrieved from /home/airflow/.local/lib/python3.7/site-packages/airflow/example_dags/example_python_operator.py
[2025-12-05T00:51:15.279+0000] {logging_mixin.py:117} INFO - [2025-12-05T00:51:15.279+0000] {dag.py:2573} INFO - Sync 1 DAGs
[2025-12-05T00:51:15.290+0000] {logging_mixin.py:117} INFO - [2025-12-05T00:51:15.289+0000] {dag.py:3328} INFO - Setting next_dagrun for example_python_operator to None, run_after=None
[2025-12-05T00:51:15.298+0000] {processor.py:178} INFO - Processing /home/airflow/.local/lib/python3.7/site-packages/airflow/example_dags/example_python_operator.py took 0.141 seconds
[2025-12-05T00:51:46.017+0000] {processor.py:156} INFO - Started process (PID=2517) to work on /home/airflow/.local/lib/python3.7/site-packages/airflow/example_dags/example_python_operator.py
[2025-12-05T00:51:46.018+0000] {processor.py:758} INFO - Processing file /home/airflow/.local/lib/python3.7/site-packages/airflow/example_dags/example_python_operator.py for tasks to queue
[2025-12-05T00:51:46.018+0000] {logging_mixin.py:117} INFO - [2025-12-05T00:51:46.018+0000] {dagbag.py:525} INFO - Filling up the DagBag from /home/airflow/.local/lib/python3.7/site-packages/airflow/example_dags/example_python_operator.py
[2025-12-05T00:51:46.141+0000] {processor.py:768} INFO - DAG(s) dict_keys(['example_python_operator']) retrieved from /home/airflow/.local/lib/python3.7/site-packages/airflow/example_dags/example_python_operator.py
[2025-12-05T00:51:46.164+0000] {logging_mixin.py:117} INFO - [2025-12-05T00:51:46.164+0000] {dag.py:2573} INFO - Sync 1 DAGs
[2025-12-05T00:51:46.180+0000] {logging_mixin.py:117} INFO - [2025-12-05T00:51:46.180+0000] {dag.py:3328} INFO - Setting next_dagrun for example_python_operator to None, run_after=None
[2025-12-05T00:51:46.189+0000] {processor.py:178} INFO - Processing /home/airflow/.local/lib/python3.7/site-packages/airflow/example_dags/example_python_operator.py took 0.173 seconds
[2025-12-05T00:52:16.555+0000] {processor.py:156} INFO - Started process (PID=2718) to work on /home/airflow/.local/lib/python3.7/site-packages/airflow/example_dags/example_python_operator.py
[2025-12-05T00:52:16.556+0000] {processor.py:758} INFO - Processing file /home/airflow/.local/lib/python3.7/site-packages/airflow/example_dags/example_python_operator.py for tasks to queue
[2025-12-05T00:52:16.556+0000] {logging_mixin.py:117} INFO - [2025-12-05T00:52:16.556+0000] {dagbag.py:525} INFO - Filling up the DagBag from /home/airflow/.local/lib/python3.7/site-packages/airflow/example_dags/example_python_operator.py
[2025-12-05T00:52:16.568+0000] {processor.py:768} INFO - DAG(s) dict_keys(['example_python_operator']) retrieved from /home/airflow/.local/lib/python3.7/site-packages/airflow/example_dags/example_python_operator.py
[2025-12-05T00:52:16.589+0000] {logging_mixin.py:117} INFO - [2025-12-05T00:52:16.588+0000] {dag.py:2573} INFO - Sync 1 DAGs
[2025-12-05T00:52:16.680+0000] {logging_mixin.py:117} INFO - [2025-12-05T00:52:16.680+0000] {dag.py:3328} INFO - Setting next_dagrun for example_python_operator to None, run_after=None
[2025-12-05T00:52:16.689+0000] {processor.py:178} INFO - Processing /home/airflow/.local/lib/python3.7/site-packages/airflow/example_dags/example_python_operator.py took 0.136 seconds
[2025-12-05T00:52:47.065+0000] {processor.py:156} INFO - Started process (PID=2919) to work on /home/airflow/.local/lib/python3.7/site-packages/airflow/example_dags/example_python_operator.py
[2025-12-05T00:52:47.066+0000] {processor.py:758} INFO - Processing file /home/airflow/.local/lib/python3.7/site-packages/airflow/example_dags/example_python_operator.py for tasks to queue
[2025-12-05T00:52:47.067+0000] {logging_mixin.py:117} INFO - [2025-12-05T00:52:47.066+0000] {dagbag.py:525} INFO - Filling up the DagBag from /home/airflow/.local/lib/python3.7/site-packages/airflow/example_dags/example_python_operator.py
[2025-12-05T00:52:47.079+0000] {processor.py:768} INFO - DAG(s) dict_keys(['example_python_operator']) retrieved from /home/airflow/.local/lib/python3.7/site-packages/airflow/example_dags/example_python_operator.py
[2025-12-05T00:52:47.188+0000] {logging_mixin.py:117} INFO - [2025-12-05T00:52:47.187+0000] {dag.py:2573} INFO - Sync 1 DAGs
[2025-12-05T00:52:47.207+0000] {logging_mixin.py:117} INFO - [2025-12-05T00:52:47.206+0000] {dag.py:3328} INFO - Setting next_dagrun for example_python_operator to None, run_after=None
[2025-12-05T00:52:47.219+0000] {processor.py:178} INFO - Processing /home/airflow/.local/lib/python3.7/site-packages/airflow/example_dags/example_python_operator.py took 0.158 seconds
[2025-12-05T00:53:17.680+0000] {processor.py:156} INFO - Started process (PID=3120) to work on /home/airflow/.local/lib/python3.7/site-packages/airflow/example_dags/example_python_operator.py
[2025-12-05T00:53:17.680+0000] {processor.py:758} INFO - Processing file /home/airflow/.local/lib/python3.7/site-packages/airflow/example_dags/example_python_operator.py for tasks to queue
[2025-12-05T00:53:17.681+0000] {logging_mixin.py:117} INFO - [2025-12-05T00:53:17.681+0000] {dagbag.py:525} INFO - Filling up the DagBag from /home/airflow/.local/lib/python3.7/site-packages/airflow/example_dags/example_python_operator.py
[2025-12-05T00:53:17.696+0000] {processor.py:768} INFO - DAG(s) dict_keys(['example_python_operator']) retrieved from /home/airflow/.local/lib/python3.7/site-packages/airflow/example_dags/example_python_operator.py
[2025-12-05T00:53:17.811+0000] {logging_mixin.py:117} INFO - [2025-12-05T00:53:17.811+0000] {dag.py:2573} INFO - Sync 1 DAGs
[2025-12-05T00:53:17.822+0000] {logging_mixin.py:117} INFO - [2025-12-05T00:53:17.822+0000] {dag.py:3328} INFO - Setting next_dagrun for example_python_operator to None, run_after=None
[2025-12-05T00:53:17.831+0000] {processor.py:178} INFO - Processing /home/airflow/.local/lib/python3.7/site-packages/airflow/example_dags/example_python_operator.py took 0.153 seconds
[2025-12-05T00:53:48.608+0000] {processor.py:156} INFO - Started process (PID=3321) to work on /home/airflow/.local/lib/python3.7/site-packages/airflow/example_dags/example_python_operator.py
[2025-12-05T00:53:48.609+0000] {processor.py:758} INFO - Processing file /home/airflow/.local/lib/python3.7/site-packages/airflow/example_dags/example_python_operator.py for tasks to queue
[2025-12-05T00:53:48.609+0000] {logging_mixin.py:117} INFO - [2025-12-05T00:53:48.609+0000] {dagbag.py:525} INFO - Filling up the DagBag from /home/airflow/.local/lib/python3.7/site-packages/airflow/example_dags/example_python_operator.py
[2025-12-05T00:53:48.713+0000] {processor.py:768} INFO - DAG(s) dict_keys(['example_python_operator']) retrieved from /home/airflow/.local/lib/python3.7/site-packages/airflow/example_dags/example_python_operator.py
[2025-12-05T00:53:48.730+0000] {logging_mixin.py:117} INFO - [2025-12-05T00:53:48.730+0000] {dag.py:2573} INFO - Sync 1 DAGs
[2025-12-05T00:53:48.740+0000] {logging_mixin.py:117} INFO - [2025-12-05T00:53:48.740+0000] {dag.py:3328} INFO - Setting next_dagrun for example_python_operator to None, run_after=None
[2025-12-05T00:53:48.749+0000] {processor.py:178} INFO - Processing /home/airflow/.local/lib/python3.7/site-packages/airflow/example_dags/example_python_operator.py took 0.142 seconds
[2025-12-05T00:54:19.205+0000] {processor.py:156} INFO - Started process (PID=3522) to work on /home/airflow/.local/lib/python3.7/site-packages/airflow/example_dags/example_python_operator.py
[2025-12-05T00:54:19.206+0000] {processor.py:758} INFO - Processing file /home/airflow/.local/lib/python3.7/site-packages/airflow/example_dags/example_python_operator.py for tasks to queue
[2025-12-05T00:54:19.206+0000] {logging_mixin.py:117} INFO - [2025-12-05T00:54:19.206+0000] {dagbag.py:525} INFO - Filling up the DagBag from /home/airflow/.local/lib/python3.7/site-packages/airflow/example_dags/example_python_operator.py
[2025-12-05T00:54:19.218+0000] {processor.py:768} INFO - DAG(s) dict_keys(['example_python_operator']) retrieved from /home/airflow/.local/lib/python3.7/site-packages/airflow/example_dags/example_python_operator.py
[2025-12-05T00:54:19.238+0000] {logging_mixin.py:117} INFO - [2025-12-05T00:54:19.238+0000] {dag.py:2573} INFO - Sync 1 DAGs
[2025-12-05T00:54:19.337+0000] {logging_mixin.py:117} INFO - [2025-12-05T00:54:19.337+0000] {dag.py:3328} INFO - Setting next_dagrun for example_python_operator to None, run_after=None
[2025-12-05T00:54:19.344+0000] {processor.py:178} INFO - Processing /home/airflow/.local/lib/python3.7/site-packages/airflow/example_dags/example_python_operator.py took 0.141 seconds
[2025-12-05T00:54:50.057+0000] {processor.py:156} INFO - Started process (PID=3723) to work on /home/airflow/.local/lib/python3.7/site-packages/airflow/example_dags/example_python_operator.py
[2025-12-05T00:54:50.058+0000] {processor.py:758} INFO - Processing file /home/airflow/.local/lib/python3.7/site-packages/airflow/example_dags/example_python_operator.py for tasks to queue
[2025-12-05T00:54:50.058+0000] {logging_mixin.py:117} INFO - [2025-12-05T00:54:50.058+0000] {dagbag.py:525} INFO - Filling up the DagBag from /home/airflow/.local/lib/python3.7/site-packages/airflow/example_dags/example_python_operator.py
[2025-12-05T00:54:50.072+0000] {processor.py:768} INFO - DAG(s) dict_keys(['example_python_operator']) retrieved from /home/airflow/.local/lib/python3.7/site-packages/airflow/example_dags/example_python_operator.py
[2025-12-05T00:54:50.185+0000] {logging_mixin.py:117} INFO - [2025-12-05T00:54:50.185+0000] {dag.py:2573} INFO - Sync 1 DAGs
[2025-12-05T00:54:50.197+0000] {logging_mixin.py:117} INFO - [2025-12-05T00:54:50.197+0000] {dag.py:3328} INFO - Setting next_dagrun for example_python_operator to None, run_after=None
[2025-12-05T00:54:50.207+0000] {processor.py:178} INFO - Processing /home/airflow/.local/lib/python3.7/site-packages/airflow/example_dags/example_python_operator.py took 0.151 seconds
[2025-12-05T00:55:20.566+0000] {processor.py:156} INFO - Started process (PID=3925) to work on /home/airflow/.local/lib/python3.7/site-packages/airflow/example_dags/example_python_operator.py
[2025-12-05T00:55:20.566+0000] {processor.py:758} INFO - Processing file /home/airflow/.local/lib/python3.7/site-packages/airflow/example_dags/example_python_operator.py for tasks to queue
[2025-12-05T00:55:20.566+0000] {logging_mixin.py:117} INFO - [2025-12-05T00:55:20.566+0000] {dagbag.py:525} INFO - Filling up the DagBag from /home/airflow/.local/lib/python3.7/site-packages/airflow/example_dags/example_python_operator.py
[2025-12-05T00:55:20.578+0000] {processor.py:768} INFO - DAG(s) dict_keys(['example_python_operator']) retrieved from /home/airflow/.local/lib/python3.7/site-packages/airflow/example_dags/example_python_operator.py
[2025-12-05T00:55:20.673+0000] {logging_mixin.py:117} INFO - [2025-12-05T00:55:20.673+0000] {dag.py:2573} INFO - Sync 1 DAGs
[2025-12-05T00:55:20.685+0000] {logging_mixin.py:117} INFO - [2025-12-05T00:55:20.685+0000] {dag.py:3328} INFO - Setting next_dagrun for example_python_operator to None, run_after=None
[2025-12-05T00:55:20.692+0000] {processor.py:178} INFO - Processing /home/airflow/.local/lib/python3.7/site-packages/airflow/example_dags/example_python_operator.py took 0.128 seconds
[2025-12-05T00:55:51.025+0000] {processor.py:156} INFO - Started process (PID=4124) to work on /home/airflow/.local/lib/python3.7/site-packages/airflow/example_dags/example_python_operator.py
[2025-12-05T00:55:51.026+0000] {processor.py:758} INFO - Processing file /home/airflow/.local/lib/python3.7/site-packages/airflow/example_dags/example_python_operator.py for tasks to queue
[2025-12-05T00:55:51.027+0000] {logging_mixin.py:117} INFO - [2025-12-05T00:55:51.027+0000] {dagbag.py:525} INFO - Filling up the DagBag from /home/airflow/.local/lib/python3.7/site-packages/airflow/example_dags/example_python_operator.py
[2025-12-05T00:55:51.138+0000] {processor.py:768} INFO - DAG(s) dict_keys(['example_python_operator']) retrieved from /home/airflow/.local/lib/python3.7/site-packages/airflow/example_dags/example_python_operator.py
[2025-12-05T00:55:51.159+0000] {logging_mixin.py:117} INFO - [2025-12-05T00:55:51.159+0000] {dag.py:2573} INFO - Sync 1 DAGs
[2025-12-05T00:55:51.194+0000] {logging_mixin.py:117} INFO - [2025-12-05T00:55:51.193+0000] {dag.py:3328} INFO - Setting next_dagrun for example_python_operator to None, run_after=None
[2025-12-05T00:55:51.281+0000] {processor.py:178} INFO - Processing /home/airflow/.local/lib/python3.7/site-packages/airflow/example_dags/example_python_operator.py took 0.258 seconds
[2025-12-05T00:56:21.691+0000] {processor.py:156} INFO - Started process (PID=4324) to work on /home/airflow/.local/lib/python3.7/site-packages/airflow/example_dags/example_python_operator.py
[2025-12-05T00:56:21.691+0000] {processor.py:758} INFO - Processing file /home/airflow/.local/lib/python3.7/site-packages/airflow/example_dags/example_python_operator.py for tasks to queue
[2025-12-05T00:56:21.691+0000] {logging_mixin.py:117} INFO - [2025-12-05T00:56:21.691+0000] {dagbag.py:525} INFO - Filling up the DagBag from /home/airflow/.local/lib/python3.7/site-packages/airflow/example_dags/example_python_operator.py
[2025-12-05T00:56:21.703+0000] {processor.py:768} INFO - DAG(s) dict_keys(['example_python_operator']) retrieved from /home/airflow/.local/lib/python3.7/site-packages/airflow/example_dags/example_python_operator.py
[2025-12-05T00:56:21.721+0000] {logging_mixin.py:117} INFO - [2025-12-05T00:56:21.721+0000] {dag.py:2573} INFO - Sync 1 DAGs
[2025-12-05T00:56:21.731+0000] {logging_mixin.py:117} INFO - [2025-12-05T00:56:21.731+0000] {dag.py:3328} INFO - Setting next_dagrun for example_python_operator to None, run_after=None
[2025-12-05T00:56:21.739+0000] {processor.py:178} INFO - Processing /home/airflow/.local/lib/python3.7/site-packages/airflow/example_dags/example_python_operator.py took 0.050 seconds
[2025-12-05T00:56:52.571+0000] {processor.py:156} INFO - Started process (PID=4525) to work on /home/airflow/.local/lib/python3.7/site-packages/airflow/example_dags/example_python_operator.py
[2025-12-05T00:56:52.573+0000] {processor.py:758} INFO - Processing file /home/airflow/.local/lib/python3.7/site-packages/airflow/example_dags/example_python_operator.py for tasks to queue
[2025-12-05T00:56:52.573+0000] {logging_mixin.py:117} INFO - [2025-12-05T00:56:52.573+0000] {dagbag.py:525} INFO - Filling up the DagBag from /home/airflow/.local/lib/python3.7/site-packages/airflow/example_dags/example_python_operator.py
[2025-12-05T00:56:52.586+0000] {processor.py:768} INFO - DAG(s) dict_keys(['example_python_operator']) retrieved from /home/airflow/.local/lib/python3.7/site-packages/airflow/example_dags/example_python_operator.py
[2025-12-05T00:56:52.611+0000] {logging_mixin.py:117} INFO - [2025-12-05T00:56:52.611+0000] {dag.py:2573} INFO - Sync 1 DAGs
[2025-12-05T00:56:52.627+0000] {logging_mixin.py:117} INFO - [2025-12-05T00:56:52.627+0000] {dag.py:3328} INFO - Setting next_dagrun for example_python_operator to None, run_after=None
[2025-12-05T00:56:52.641+0000] {processor.py:178} INFO - Processing /home/airflow/.local/lib/python3.7/site-packages/airflow/example_dags/example_python_operator.py took 0.071 seconds
[2025-12-05T00:57:23.480+0000] {processor.py:156} INFO - Started process (PID=4732) to work on /home/airflow/.local/lib/python3.7/site-packages/airflow/example_dags/example_python_operator.py
[2025-12-05T00:57:23.481+0000] {processor.py:758} INFO - Processing file /home/airflow/.local/lib/python3.7/site-packages/airflow/example_dags/example_python_operator.py for tasks to queue
[2025-12-05T00:57:23.481+0000] {logging_mixin.py:117} INFO - [2025-12-05T00:57:23.481+0000] {dagbag.py:525} INFO - Filling up the DagBag from /home/airflow/.local/lib/python3.7/site-packages/airflow/example_dags/example_python_operator.py
[2025-12-05T00:57:23.494+0000] {processor.py:768} INFO - DAG(s) dict_keys(['example_python_operator']) retrieved from /home/airflow/.local/lib/python3.7/site-packages/airflow/example_dags/example_python_operator.py
[2025-12-05T00:57:23.512+0000] {logging_mixin.py:117} INFO - [2025-12-05T00:57:23.512+0000] {dag.py:2573} INFO - Sync 1 DAGs
[2025-12-05T00:57:23.524+0000] {logging_mixin.py:117} INFO - [2025-12-05T00:57:23.524+0000] {dag.py:3328} INFO - Setting next_dagrun for example_python_operator to None, run_after=None
[2025-12-05T00:57:23.531+0000] {processor.py:178} INFO - Processing /home/airflow/.local/lib/python3.7/site-packages/airflow/example_dags/example_python_operator.py took 0.053 seconds
[2025-12-05T00:57:54.360+0000] {processor.py:156} INFO - Started process (PID=4933) to work on /home/airflow/.local/lib/python3.7/site-packages/airflow/example_dags/example_python_operator.py
[2025-12-05T00:57:54.361+0000] {processor.py:758} INFO - Processing file /home/airflow/.local/lib/python3.7/site-packages/airflow/example_dags/example_python_operator.py for tasks to queue
[2025-12-05T00:57:54.361+0000] {logging_mixin.py:117} INFO - [2025-12-05T00:57:54.361+0000] {dagbag.py:525} INFO - Filling up the DagBag from /home/airflow/.local/lib/python3.7/site-packages/airflow/example_dags/example_python_operator.py
[2025-12-05T00:57:54.374+0000] {processor.py:768} INFO - DAG(s) dict_keys(['example_python_operator']) retrieved from /home/airflow/.local/lib/python3.7/site-packages/airflow/example_dags/example_python_operator.py
[2025-12-05T00:57:54.394+0000] {logging_mixin.py:117} INFO - [2025-12-05T00:57:54.394+0000] {dag.py:2573} INFO - Sync 1 DAGs
[2025-12-05T00:57:54.408+0000] {logging_mixin.py:117} INFO - [2025-12-05T00:57:54.408+0000] {dag.py:3328} INFO - Setting next_dagrun for example_python_operator to None, run_after=None
[2025-12-05T00:57:54.419+0000] {processor.py:178} INFO - Processing /home/airflow/.local/lib/python3.7/site-packages/airflow/example_dags/example_python_operator.py took 0.061 seconds
[2025-12-05T00:58:25.406+0000] {processor.py:156} INFO - Started process (PID=5134) to work on /home/airflow/.local/lib/python3.7/site-packages/airflow/example_dags/example_python_operator.py
[2025-12-05T00:58:25.407+0000] {processor.py:758} INFO - Processing file /home/airflow/.local/lib/python3.7/site-packages/airflow/example_dags/example_python_operator.py for tasks to queue
[2025-12-05T00:58:25.407+0000] {logging_mixin.py:117} INFO - [2025-12-05T00:58:25.407+0000] {dagbag.py:525} INFO - Filling up the DagBag from /home/airflow/.local/lib/python3.7/site-packages/airflow/example_dags/example_python_operator.py
[2025-12-05T00:58:25.419+0000] {processor.py:768} INFO - DAG(s) dict_keys(['example_python_operator']) retrieved from /home/airflow/.local/lib/python3.7/site-packages/airflow/example_dags/example_python_operator.py
[2025-12-05T00:58:25.437+0000] {logging_mixin.py:117} INFO - [2025-12-05T00:58:25.437+0000] {dag.py:2573} INFO - Sync 1 DAGs
[2025-12-05T00:58:25.450+0000] {logging_mixin.py:117} INFO - [2025-12-05T00:58:25.450+0000] {dag.py:3328} INFO - Setting next_dagrun for example_python_operator to None, run_after=None
[2025-12-05T00:58:25.460+0000] {processor.py:178} INFO - Processing /home/airflow/.local/lib/python3.7/site-packages/airflow/example_dags/example_python_operator.py took 0.055 seconds
[2025-12-05T00:58:56.164+0000] {processor.py:156} INFO - Started process (PID=5334) to work on /home/airflow/.local/lib/python3.7/site-packages/airflow/example_dags/example_python_operator.py
[2025-12-05T00:58:56.166+0000] {processor.py:758} INFO - Processing file /home/airflow/.local/lib/python3.7/site-packages/airflow/example_dags/example_python_operator.py for tasks to queue
[2025-12-05T00:58:56.167+0000] {logging_mixin.py:117} INFO - [2025-12-05T00:58:56.167+0000] {dagbag.py:525} INFO - Filling up the DagBag from /home/airflow/.local/lib/python3.7/site-packages/airflow/example_dags/example_python_operator.py
[2025-12-05T00:58:56.178+0000] {processor.py:768} INFO - DAG(s) dict_keys(['example_python_operator']) retrieved from /home/airflow/.local/lib/python3.7/site-packages/airflow/example_dags/example_python_operator.py
[2025-12-05T00:58:56.198+0000] {logging_mixin.py:117} INFO - [2025-12-05T00:58:56.198+0000] {dag.py:2573} INFO - Sync 1 DAGs
[2025-12-05T00:58:56.215+0000] {logging_mixin.py:117} INFO - [2025-12-05T00:58:56.214+0000] {dag.py:3328} INFO - Setting next_dagrun for example_python_operator to None, run_after=None
[2025-12-05T00:58:56.226+0000] {processor.py:178} INFO - Processing /home/airflow/.local/lib/python3.7/site-packages/airflow/example_dags/example_python_operator.py took 0.063 seconds
[2025-12-05T00:59:26.943+0000] {processor.py:156} INFO - Started process (PID=5535) to work on /home/airflow/.local/lib/python3.7/site-packages/airflow/example_dags/example_python_operator.py
[2025-12-05T00:59:26.945+0000] {processor.py:758} INFO - Processing file /home/airflow/.local/lib/python3.7/site-packages/airflow/example_dags/example_python_operator.py for tasks to queue
[2025-12-05T00:59:26.946+0000] {logging_mixin.py:117} INFO - [2025-12-05T00:59:26.946+0000] {dagbag.py:525} INFO - Filling up the DagBag from /home/airflow/.local/lib/python3.7/site-packages/airflow/example_dags/example_python_operator.py
[2025-12-05T00:59:26.958+0000] {processor.py:768} INFO - DAG(s) dict_keys(['example_python_operator']) retrieved from /home/airflow/.local/lib/python3.7/site-packages/airflow/example_dags/example_python_operator.py
[2025-12-05T00:59:26.977+0000] {logging_mixin.py:117} INFO - [2025-12-05T00:59:26.977+0000] {dag.py:2573} INFO - Sync 1 DAGs
[2025-12-05T00:59:26.988+0000] {logging_mixin.py:117} INFO - [2025-12-05T00:59:26.988+0000] {dag.py:3328} INFO - Setting next_dagrun for example_python_operator to None, run_after=None
[2025-12-05T00:59:26.996+0000] {processor.py:178} INFO - Processing /home/airflow/.local/lib/python3.7/site-packages/airflow/example_dags/example_python_operator.py took 0.055 seconds
[2025-12-05T00:59:57.889+0000] {processor.py:156} INFO - Started process (PID=5736) to work on /home/airflow/.local/lib/python3.7/site-packages/airflow/example_dags/example_python_operator.py
[2025-12-05T00:59:57.890+0000] {processor.py:758} INFO - Processing file /home/airflow/.local/lib/python3.7/site-packages/airflow/example_dags/example_python_operator.py for tasks to queue
[2025-12-05T00:59:57.891+0000] {logging_mixin.py:117} INFO - [2025-12-05T00:59:57.891+0000] {dagbag.py:525} INFO - Filling up the DagBag from /home/airflow/.local/lib/python3.7/site-packages/airflow/example_dags/example_python_operator.py
[2025-12-05T00:59:57.915+0000] {processor.py:768} INFO - DAG(s) dict_keys(['example_python_operator']) retrieved from /home/airflow/.local/lib/python3.7/site-packages/airflow/example_dags/example_python_operator.py
[2025-12-05T00:59:57.944+0000] {logging_mixin.py:117} INFO - [2025-12-05T00:59:57.944+0000] {dag.py:2573} INFO - Sync 1 DAGs
[2025-12-05T00:59:57.958+0000] {logging_mixin.py:117} INFO - [2025-12-05T00:59:57.958+0000] {dag.py:3328} INFO - Setting next_dagrun for example_python_operator to None, run_after=None
[2025-12-05T00:59:57.967+0000] {processor.py:178} INFO - Processing /home/airflow/.local/lib/python3.7/site-packages/airflow/example_dags/example_python_operator.py took 0.079 seconds
[2025-12-05T01:00:28.296+0000] {processor.py:156} INFO - Started process (PID=5937) to work on /home/airflow/.local/lib/python3.7/site-packages/airflow/example_dags/example_python_operator.py
[2025-12-05T01:00:28.296+0000] {processor.py:758} INFO - Processing file /home/airflow/.local/lib/python3.7/site-packages/airflow/example_dags/example_python_operator.py for tasks to queue
[2025-12-05T01:00:28.297+0000] {logging_mixin.py:117} INFO - [2025-12-05T01:00:28.297+0000] {dagbag.py:525} INFO - Filling up the DagBag from /home/airflow/.local/lib/python3.7/site-packages/airflow/example_dags/example_python_operator.py
[2025-12-05T01:00:28.313+0000] {processor.py:768} INFO - DAG(s) dict_keys(['example_python_operator']) retrieved from /home/airflow/.local/lib/python3.7/site-packages/airflow/example_dags/example_python_operator.py
[2025-12-05T01:00:28.338+0000] {logging_mixin.py:117} INFO - [2025-12-05T01:00:28.338+0000] {dag.py:2573} INFO - Sync 1 DAGs
[2025-12-05T01:00:28.351+0000] {logging_mixin.py:117} INFO - [2025-12-05T01:00:28.351+0000] {dag.py:3328} INFO - Setting next_dagrun for example_python_operator to None, run_after=None
[2025-12-05T01:00:28.365+0000] {processor.py:178} INFO - Processing /home/airflow/.local/lib/python3.7/site-packages/airflow/example_dags/example_python_operator.py took 0.071 seconds
[2025-12-05T01:00:58.437+0000] {processor.py:156} INFO - Started process (PID=6137) to work on /home/airflow/.local/lib/python3.7/site-packages/airflow/example_dags/example_python_operator.py
[2025-12-05T01:00:58.438+0000] {processor.py:758} INFO - Processing file /home/airflow/.local/lib/python3.7/site-packages/airflow/example_dags/example_python_operator.py for tasks to queue
[2025-12-05T01:00:58.438+0000] {logging_mixin.py:117} INFO - [2025-12-05T01:00:58.438+0000] {dagbag.py:525} INFO - Filling up the DagBag from /home/airflow/.local/lib/python3.7/site-packages/airflow/example_dags/example_python_operator.py
[2025-12-05T01:00:58.460+0000] {processor.py:768} INFO - DAG(s) dict_keys(['example_python_operator']) retrieved from /home/airflow/.local/lib/python3.7/site-packages/airflow/example_dags/example_python_operator.py
[2025-12-05T01:00:58.487+0000] {logging_mixin.py:117} INFO - [2025-12-05T01:00:58.487+0000] {dag.py:2573} INFO - Sync 1 DAGs
[2025-12-05T01:00:58.502+0000] {logging_mixin.py:117} INFO - [2025-12-05T01:00:58.502+0000] {dag.py:3328} INFO - Setting next_dagrun for example_python_operator to None, run_after=None
[2025-12-05T01:00:58.512+0000] {processor.py:178} INFO - Processing /home/airflow/.local/lib/python3.7/site-packages/airflow/example_dags/example_python_operator.py took 0.078 seconds
[2025-12-05T01:01:29.933+0000] {processor.py:156} INFO - Started process (PID=6337) to work on /home/airflow/.local/lib/python3.7/site-packages/airflow/example_dags/example_python_operator.py
[2025-12-05T01:01:29.934+0000] {processor.py:758} INFO - Processing file /home/airflow/.local/lib/python3.7/site-packages/airflow/example_dags/example_python_operator.py for tasks to queue
[2025-12-05T01:01:29.934+0000] {logging_mixin.py:117} INFO - [2025-12-05T01:01:29.934+0000] {dagbag.py:525} INFO - Filling up the DagBag from /home/airflow/.local/lib/python3.7/site-packages/airflow/example_dags/example_python_operator.py
[2025-12-05T01:01:29.953+0000] {processor.py:768} INFO - DAG(s) dict_keys(['example_python_operator']) retrieved from /home/airflow/.local/lib/python3.7/site-packages/airflow/example_dags/example_python_operator.py
[2025-12-05T01:01:29.977+0000] {logging_mixin.py:117} INFO - [2025-12-05T01:01:29.977+0000] {dag.py:2573} INFO - Sync 1 DAGs
[2025-12-05T01:01:29.991+0000] {logging_mixin.py:117} INFO - [2025-12-05T01:01:29.991+0000] {dag.py:3328} INFO - Setting next_dagrun for example_python_operator to None, run_after=None
[2025-12-05T01:01:30.001+0000] {processor.py:178} INFO - Processing /home/airflow/.local/lib/python3.7/site-packages/airflow/example_dags/example_python_operator.py took 0.071 seconds
[2025-12-05T01:02:00.896+0000] {processor.py:156} INFO - Started process (PID=6540) to work on /home/airflow/.local/lib/python3.7/site-packages/airflow/example_dags/example_python_operator.py
[2025-12-05T01:02:00.897+0000] {processor.py:758} INFO - Processing file /home/airflow/.local/lib/python3.7/site-packages/airflow/example_dags/example_python_operator.py for tasks to queue
[2025-12-05T01:02:00.897+0000] {logging_mixin.py:117} INFO - [2025-12-05T01:02:00.897+0000] {dagbag.py:525} INFO - Filling up the DagBag from /home/airflow/.local/lib/python3.7/site-packages/airflow/example_dags/example_python_operator.py
[2025-12-05T01:02:00.908+0000] {processor.py:768} INFO - DAG(s) dict_keys(['example_python_operator']) retrieved from /home/airflow/.local/lib/python3.7/site-packages/airflow/example_dags/example_python_operator.py
[2025-12-05T01:02:00.925+0000] {logging_mixin.py:117} INFO - [2025-12-05T01:02:00.925+0000] {dag.py:2573} INFO - Sync 1 DAGs
[2025-12-05T01:02:00.935+0000] {logging_mixin.py:117} INFO - [2025-12-05T01:02:00.935+0000] {dag.py:3328} INFO - Setting next_dagrun for example_python_operator to None, run_after=None
[2025-12-05T01:02:00.943+0000] {processor.py:178} INFO - Processing /home/airflow/.local/lib/python3.7/site-packages/airflow/example_dags/example_python_operator.py took 0.048 seconds
[2025-12-05T01:02:32.005+0000] {processor.py:156} INFO - Started process (PID=6739) to work on /home/airflow/.local/lib/python3.7/site-packages/airflow/example_dags/example_python_operator.py
[2025-12-05T01:02:32.005+0000] {processor.py:758} INFO - Processing file /home/airflow/.local/lib/python3.7/site-packages/airflow/example_dags/example_python_operator.py for tasks to queue
[2025-12-05T01:02:32.006+0000] {logging_mixin.py:117} INFO - [2025-12-05T01:02:32.006+0000] {dagbag.py:525} INFO - Filling up the DagBag from /home/airflow/.local/lib/python3.7/site-packages/airflow/example_dags/example_python_operator.py
[2025-12-05T01:02:32.024+0000] {processor.py:768} INFO - DAG(s) dict_keys(['example_python_operator']) retrieved from /home/airflow/.local/lib/python3.7/site-packages/airflow/example_dags/example_python_operator.py
[2025-12-05T01:02:32.054+0000] {logging_mixin.py:117} INFO - [2025-12-05T01:02:32.054+0000] {dag.py:2573} INFO - Sync 1 DAGs
[2025-12-05T01:02:32.069+0000] {logging_mixin.py:117} INFO - [2025-12-05T01:02:32.069+0000] {dag.py:3328} INFO - Setting next_dagrun for example_python_operator to None, run_after=None
[2025-12-05T01:02:32.077+0000] {processor.py:178} INFO - Processing /home/airflow/.local/lib/python3.7/site-packages/airflow/example_dags/example_python_operator.py took 0.076 seconds
[2025-12-05T01:03:02.968+0000] {processor.py:156} INFO - Started process (PID=6940) to work on /home/airflow/.local/lib/python3.7/site-packages/airflow/example_dags/example_python_operator.py
[2025-12-05T01:03:02.968+0000] {processor.py:758} INFO - Processing file /home/airflow/.local/lib/python3.7/site-packages/airflow/example_dags/example_python_operator.py for tasks to queue
[2025-12-05T01:03:02.969+0000] {logging_mixin.py:117} INFO - [2025-12-05T01:03:02.969+0000] {dagbag.py:525} INFO - Filling up the DagBag from /home/airflow/.local/lib/python3.7/site-packages/airflow/example_dags/example_python_operator.py
[2025-12-05T01:03:02.981+0000] {processor.py:768} INFO - DAG(s) dict_keys(['example_python_operator']) retrieved from /home/airflow/.local/lib/python3.7/site-packages/airflow/example_dags/example_python_operator.py
[2025-12-05T01:03:03.002+0000] {logging_mixin.py:117} INFO - [2025-12-05T01:03:03.002+0000] {dag.py:2573} INFO - Sync 1 DAGs
[2025-12-05T01:03:03.015+0000] {logging_mixin.py:117} INFO - [2025-12-05T01:03:03.015+0000] {dag.py:3328} INFO - Setting next_dagrun for example_python_operator to None, run_after=None
[2025-12-05T01:03:03.023+0000] {processor.py:178} INFO - Processing /home/airflow/.local/lib/python3.7/site-packages/airflow/example_dags/example_python_operator.py took 0.057 seconds
[2025-12-05T01:03:33.891+0000] {processor.py:156} INFO - Started process (PID=7141) to work on /home/airflow/.local/lib/python3.7/site-packages/airflow/example_dags/example_python_operator.py
[2025-12-05T01:03:33.892+0000] {processor.py:758} INFO - Processing file /home/airflow/.local/lib/python3.7/site-packages/airflow/example_dags/example_python_operator.py for tasks to queue
[2025-12-05T01:03:33.892+0000] {logging_mixin.py:117} INFO - [2025-12-05T01:03:33.892+0000] {dagbag.py:525} INFO - Filling up the DagBag from /home/airflow/.local/lib/python3.7/site-packages/airflow/example_dags/example_python_operator.py
[2025-12-05T01:03:33.905+0000] {processor.py:768} INFO - DAG(s) dict_keys(['example_python_operator']) retrieved from /home/airflow/.local/lib/python3.7/site-packages/airflow/example_dags/example_python_operator.py
[2025-12-05T01:03:33.927+0000] {logging_mixin.py:117} INFO - [2025-12-05T01:03:33.927+0000] {dag.py:2573} INFO - Sync 1 DAGs
[2025-12-05T01:03:33.989+0000] {logging_mixin.py:117} INFO - [2025-12-05T01:03:33.988+0000] {dag.py:3328} INFO - Setting next_dagrun for example_python_operator to None, run_after=None
[2025-12-05T01:03:34.013+0000] {processor.py:178} INFO - Processing /home/airflow/.local/lib/python3.7/site-packages/airflow/example_dags/example_python_operator.py took 0.124 seconds
[2025-12-05T01:04:04.777+0000] {processor.py:156} INFO - Started process (PID=7341) to work on /home/airflow/.local/lib/python3.7/site-packages/airflow/example_dags/example_python_operator.py
[2025-12-05T01:04:04.778+0000] {processor.py:758} INFO - Processing file /home/airflow/.local/lib/python3.7/site-packages/airflow/example_dags/example_python_operator.py for tasks to queue
[2025-12-05T01:04:04.778+0000] {logging_mixin.py:117} INFO - [2025-12-05T01:04:04.778+0000] {dagbag.py:525} INFO - Filling up the DagBag from /home/airflow/.local/lib/python3.7/site-packages/airflow/example_dags/example_python_operator.py
[2025-12-05T01:04:04.790+0000] {processor.py:768} INFO - DAG(s) dict_keys(['example_python_operator']) retrieved from /home/airflow/.local/lib/python3.7/site-packages/airflow/example_dags/example_python_operator.py
[2025-12-05T01:04:04.808+0000] {logging_mixin.py:117} INFO - [2025-12-05T01:04:04.808+0000] {dag.py:2573} INFO - Sync 1 DAGs
[2025-12-05T01:04:04.823+0000] {logging_mixin.py:117} INFO - [2025-12-05T01:04:04.823+0000] {dag.py:3328} INFO - Setting next_dagrun for example_python_operator to None, run_after=None
[2025-12-05T01:04:04.833+0000] {processor.py:178} INFO - Processing /home/airflow/.local/lib/python3.7/site-packages/airflow/example_dags/example_python_operator.py took 0.057 seconds
[2025-12-05T01:04:35.477+0000] {processor.py:156} INFO - Started process (PID=7542) to work on /home/airflow/.local/lib/python3.7/site-packages/airflow/example_dags/example_python_operator.py
[2025-12-05T01:04:35.481+0000] {processor.py:758} INFO - Processing file /home/airflow/.local/lib/python3.7/site-packages/airflow/example_dags/example_python_operator.py for tasks to queue
[2025-12-05T01:04:35.481+0000] {logging_mixin.py:117} INFO - [2025-12-05T01:04:35.481+0000] {dagbag.py:525} INFO - Filling up the DagBag from /home/airflow/.local/lib/python3.7/site-packages/airflow/example_dags/example_python_operator.py
[2025-12-05T01:04:35.493+0000] {processor.py:768} INFO - DAG(s) dict_keys(['example_python_operator']) retrieved from /home/airflow/.local/lib/python3.7/site-packages/airflow/example_dags/example_python_operator.py
[2025-12-05T01:04:35.515+0000] {logging_mixin.py:117} INFO - [2025-12-05T01:04:35.515+0000] {dag.py:2573} INFO - Sync 1 DAGs
[2025-12-05T01:04:35.529+0000] {logging_mixin.py:117} INFO - [2025-12-05T01:04:35.529+0000] {dag.py:3328} INFO - Setting next_dagrun for example_python_operator to None, run_after=None
[2025-12-05T01:04:35.537+0000] {processor.py:178} INFO - Processing /home/airflow/.local/lib/python3.7/site-packages/airflow/example_dags/example_python_operator.py took 0.061 seconds
[2025-12-05T01:05:06.254+0000] {processor.py:156} INFO - Started process (PID=7743) to work on /home/airflow/.local/lib/python3.7/site-packages/airflow/example_dags/example_python_operator.py
[2025-12-05T01:05:06.254+0000] {processor.py:758} INFO - Processing file /home/airflow/.local/lib/python3.7/site-packages/airflow/example_dags/example_python_operator.py for tasks to queue
[2025-12-05T01:05:06.255+0000] {logging_mixin.py:117} INFO - [2025-12-05T01:05:06.255+0000] {dagbag.py:525} INFO - Filling up the DagBag from /home/airflow/.local/lib/python3.7/site-packages/airflow/example_dags/example_python_operator.py
[2025-12-05T01:05:06.267+0000] {processor.py:768} INFO - DAG(s) dict_keys(['example_python_operator']) retrieved from /home/airflow/.local/lib/python3.7/site-packages/airflow/example_dags/example_python_operator.py
[2025-12-05T01:05:06.285+0000] {logging_mixin.py:117} INFO - [2025-12-05T01:05:06.284+0000] {dag.py:2573} INFO - Sync 1 DAGs
[2025-12-05T01:05:06.295+0000] {logging_mixin.py:117} INFO - [2025-12-05T01:05:06.294+0000] {dag.py:3328} INFO - Setting next_dagrun for example_python_operator to None, run_after=None
[2025-12-05T01:05:06.302+0000] {processor.py:178} INFO - Processing /home/airflow/.local/lib/python3.7/site-packages/airflow/example_dags/example_python_operator.py took 0.050 seconds
[2025-12-05T01:05:37.149+0000] {processor.py:156} INFO - Started process (PID=7944) to work on /home/airflow/.local/lib/python3.7/site-packages/airflow/example_dags/example_python_operator.py
[2025-12-05T01:05:37.150+0000] {processor.py:758} INFO - Processing file /home/airflow/.local/lib/python3.7/site-packages/airflow/example_dags/example_python_operator.py for tasks to queue
[2025-12-05T01:05:37.151+0000] {logging_mixin.py:117} INFO - [2025-12-05T01:05:37.151+0000] {dagbag.py:525} INFO - Filling up the DagBag from /home/airflow/.local/lib/python3.7/site-packages/airflow/example_dags/example_python_operator.py
[2025-12-05T01:05:37.171+0000] {processor.py:768} INFO - DAG(s) dict_keys(['example_python_operator']) retrieved from /home/airflow/.local/lib/python3.7/site-packages/airflow/example_dags/example_python_operator.py
[2025-12-05T01:05:37.216+0000] {logging_mixin.py:117} INFO - [2025-12-05T01:05:37.216+0000] {dag.py:2573} INFO - Sync 1 DAGs
[2025-12-05T01:05:37.233+0000] {logging_mixin.py:117} INFO - [2025-12-05T01:05:37.233+0000] {dag.py:3328} INFO - Setting next_dagrun for example_python_operator to None, run_after=None
[2025-12-05T01:05:37.245+0000] {processor.py:178} INFO - Processing /home/airflow/.local/lib/python3.7/site-packages/airflow/example_dags/example_python_operator.py took 0.099 seconds
[2025-12-05T01:06:08.108+0000] {processor.py:156} INFO - Started process (PID=8152) to work on /home/airflow/.local/lib/python3.7/site-packages/airflow/example_dags/example_python_operator.py
[2025-12-05T01:06:08.108+0000] {processor.py:758} INFO - Processing file /home/airflow/.local/lib/python3.7/site-packages/airflow/example_dags/example_python_operator.py for tasks to queue
[2025-12-05T01:06:08.110+0000] {logging_mixin.py:117} INFO - [2025-12-05T01:06:08.110+0000] {dagbag.py:525} INFO - Filling up the DagBag from /home/airflow/.local/lib/python3.7/site-packages/airflow/example_dags/example_python_operator.py
[2025-12-05T01:06:08.122+0000] {processor.py:768} INFO - DAG(s) dict_keys(['example_python_operator']) retrieved from /home/airflow/.local/lib/python3.7/site-packages/airflow/example_dags/example_python_operator.py
[2025-12-05T01:06:08.147+0000] {logging_mixin.py:117} INFO - [2025-12-05T01:06:08.147+0000] {dag.py:2573} INFO - Sync 1 DAGs
[2025-12-05T01:06:08.159+0000] {logging_mixin.py:117} INFO - [2025-12-05T01:06:08.159+0000] {dag.py:3328} INFO - Setting next_dagrun for example_python_operator to None, run_after=None
[2025-12-05T01:06:08.168+0000] {processor.py:178} INFO - Processing /home/airflow/.local/lib/python3.7/site-packages/airflow/example_dags/example_python_operator.py took 0.062 seconds
[2025-12-05T01:06:38.432+0000] {processor.py:156} INFO - Started process (PID=8353) to work on /home/airflow/.local/lib/python3.7/site-packages/airflow/example_dags/example_python_operator.py
[2025-12-05T01:06:38.433+0000] {processor.py:758} INFO - Processing file /home/airflow/.local/lib/python3.7/site-packages/airflow/example_dags/example_python_operator.py for tasks to queue
[2025-12-05T01:06:38.433+0000] {logging_mixin.py:117} INFO - [2025-12-05T01:06:38.433+0000] {dagbag.py:525} INFO - Filling up the DagBag from /home/airflow/.local/lib/python3.7/site-packages/airflow/example_dags/example_python_operator.py
[2025-12-05T01:06:38.449+0000] {processor.py:768} INFO - DAG(s) dict_keys(['example_python_operator']) retrieved from /home/airflow/.local/lib/python3.7/site-packages/airflow/example_dags/example_python_operator.py
[2025-12-05T01:06:38.476+0000] {logging_mixin.py:117} INFO - [2025-12-05T01:06:38.475+0000] {dag.py:2573} INFO - Sync 1 DAGs
[2025-12-05T01:06:38.516+0000] {logging_mixin.py:117} INFO - [2025-12-05T01:06:38.516+0000] {dag.py:3328} INFO - Setting next_dagrun for example_python_operator to None, run_after=None
[2025-12-05T01:06:38.540+0000] {processor.py:178} INFO - Processing /home/airflow/.local/lib/python3.7/site-packages/airflow/example_dags/example_python_operator.py took 0.110 seconds
[2025-12-05T01:07:08.981+0000] {processor.py:156} INFO - Started process (PID=8554) to work on /home/airflow/.local/lib/python3.7/site-packages/airflow/example_dags/example_python_operator.py
[2025-12-05T01:07:08.982+0000] {processor.py:758} INFO - Processing file /home/airflow/.local/lib/python3.7/site-packages/airflow/example_dags/example_python_operator.py for tasks to queue
[2025-12-05T01:07:08.985+0000] {logging_mixin.py:117} INFO - [2025-12-05T01:07:08.985+0000] {dagbag.py:525} INFO - Filling up the DagBag from /home/airflow/.local/lib/python3.7/site-packages/airflow/example_dags/example_python_operator.py
[2025-12-05T01:07:09.000+0000] {processor.py:768} INFO - DAG(s) dict_keys(['example_python_operator']) retrieved from /home/airflow/.local/lib/python3.7/site-packages/airflow/example_dags/example_python_operator.py
[2025-12-05T01:07:09.026+0000] {logging_mixin.py:117} INFO - [2025-12-05T01:07:09.026+0000] {dag.py:2573} INFO - Sync 1 DAGs
[2025-12-05T01:07:09.036+0000] {logging_mixin.py:117} INFO - [2025-12-05T01:07:09.036+0000] {dag.py:3328} INFO - Setting next_dagrun for example_python_operator to None, run_after=None
[2025-12-05T01:07:09.050+0000] {processor.py:178} INFO - Processing /home/airflow/.local/lib/python3.7/site-packages/airflow/example_dags/example_python_operator.py took 0.071 seconds
[2025-12-05T01:07:40.211+0000] {processor.py:156} INFO - Started process (PID=8755) to work on /home/airflow/.local/lib/python3.7/site-packages/airflow/example_dags/example_python_operator.py
[2025-12-05T01:07:40.213+0000] {processor.py:758} INFO - Processing file /home/airflow/.local/lib/python3.7/site-packages/airflow/example_dags/example_python_operator.py for tasks to queue
[2025-12-05T01:07:40.213+0000] {logging_mixin.py:117} INFO - [2025-12-05T01:07:40.213+0000] {dagbag.py:525} INFO - Filling up the DagBag from /home/airflow/.local/lib/python3.7/site-packages/airflow/example_dags/example_python_operator.py
[2025-12-05T01:07:40.234+0000] {processor.py:768} INFO - DAG(s) dict_keys(['example_python_operator']) retrieved from /home/airflow/.local/lib/python3.7/site-packages/airflow/example_dags/example_python_operator.py
[2025-12-05T01:07:40.280+0000] {logging_mixin.py:117} INFO - [2025-12-05T01:07:40.280+0000] {dag.py:2573} INFO - Sync 1 DAGs
[2025-12-05T01:07:40.310+0000] {logging_mixin.py:117} INFO - [2025-12-05T01:07:40.310+0000] {dag.py:3328} INFO - Setting next_dagrun for example_python_operator to None, run_after=None
[2025-12-05T01:07:40.345+0000] {processor.py:178} INFO - Processing /home/airflow/.local/lib/python3.7/site-packages/airflow/example_dags/example_python_operator.py took 0.135 seconds
[2025-12-05T01:08:10.674+0000] {processor.py:156} INFO - Started process (PID=8958) to work on /home/airflow/.local/lib/python3.7/site-packages/airflow/example_dags/example_python_operator.py
[2025-12-05T01:08:10.675+0000] {processor.py:758} INFO - Processing file /home/airflow/.local/lib/python3.7/site-packages/airflow/example_dags/example_python_operator.py for tasks to queue
[2025-12-05T01:08:10.675+0000] {logging_mixin.py:117} INFO - [2025-12-05T01:08:10.675+0000] {dagbag.py:525} INFO - Filling up the DagBag from /home/airflow/.local/lib/python3.7/site-packages/airflow/example_dags/example_python_operator.py
[2025-12-05T01:08:10.688+0000] {processor.py:768} INFO - DAG(s) dict_keys(['example_python_operator']) retrieved from /home/airflow/.local/lib/python3.7/site-packages/airflow/example_dags/example_python_operator.py
[2025-12-05T01:08:10.712+0000] {logging_mixin.py:117} INFO - [2025-12-05T01:08:10.712+0000] {dag.py:2573} INFO - Sync 1 DAGs
[2025-12-05T01:08:10.726+0000] {logging_mixin.py:117} INFO - [2025-12-05T01:08:10.726+0000] {dag.py:3328} INFO - Setting next_dagrun for example_python_operator to None, run_after=None
[2025-12-05T01:08:10.741+0000] {processor.py:178} INFO - Processing /home/airflow/.local/lib/python3.7/site-packages/airflow/example_dags/example_python_operator.py took 0.069 seconds
[2025-12-05T01:08:40.844+0000] {processor.py:156} INFO - Started process (PID=9157) to work on /home/airflow/.local/lib/python3.7/site-packages/airflow/example_dags/example_python_operator.py
[2025-12-05T01:08:40.845+0000] {processor.py:758} INFO - Processing file /home/airflow/.local/lib/python3.7/site-packages/airflow/example_dags/example_python_operator.py for tasks to queue
[2025-12-05T01:08:40.846+0000] {logging_mixin.py:117} INFO - [2025-12-05T01:08:40.845+0000] {dagbag.py:525} INFO - Filling up the DagBag from /home/airflow/.local/lib/python3.7/site-packages/airflow/example_dags/example_python_operator.py
[2025-12-05T01:08:40.860+0000] {processor.py:768} INFO - DAG(s) dict_keys(['example_python_operator']) retrieved from /home/airflow/.local/lib/python3.7/site-packages/airflow/example_dags/example_python_operator.py
[2025-12-05T01:08:40.889+0000] {logging_mixin.py:117} INFO - [2025-12-05T01:08:40.889+0000] {dag.py:2573} INFO - Sync 1 DAGs
[2025-12-05T01:08:40.903+0000] {logging_mixin.py:117} INFO - [2025-12-05T01:08:40.903+0000] {dag.py:3328} INFO - Setting next_dagrun for example_python_operator to None, run_after=None
[2025-12-05T01:08:40.916+0000] {processor.py:178} INFO - Processing /home/airflow/.local/lib/python3.7/site-packages/airflow/example_dags/example_python_operator.py took 0.074 seconds
[2025-12-05T01:09:11.117+0000] {processor.py:156} INFO - Started process (PID=9360) to work on /home/airflow/.local/lib/python3.7/site-packages/airflow/example_dags/example_python_operator.py
[2025-12-05T01:09:11.118+0000] {processor.py:758} INFO - Processing file /home/airflow/.local/lib/python3.7/site-packages/airflow/example_dags/example_python_operator.py for tasks to queue
[2025-12-05T01:09:11.118+0000] {logging_mixin.py:117} INFO - [2025-12-05T01:09:11.118+0000] {dagbag.py:525} INFO - Filling up the DagBag from /home/airflow/.local/lib/python3.7/site-packages/airflow/example_dags/example_python_operator.py
[2025-12-05T01:09:11.130+0000] {processor.py:768} INFO - DAG(s) dict_keys(['example_python_operator']) retrieved from /home/airflow/.local/lib/python3.7/site-packages/airflow/example_dags/example_python_operator.py
[2025-12-05T01:09:11.149+0000] {logging_mixin.py:117} INFO - [2025-12-05T01:09:11.149+0000] {dag.py:2573} INFO - Sync 1 DAGs
[2025-12-05T01:09:11.164+0000] {logging_mixin.py:117} INFO - [2025-12-05T01:09:11.164+0000] {dag.py:3328} INFO - Setting next_dagrun for example_python_operator to None, run_after=None
[2025-12-05T01:09:11.176+0000] {processor.py:178} INFO - Processing /home/airflow/.local/lib/python3.7/site-packages/airflow/example_dags/example_python_operator.py took 0.060 seconds
[2025-12-05T01:09:41.341+0000] {processor.py:156} INFO - Started process (PID=9559) to work on /home/airflow/.local/lib/python3.7/site-packages/airflow/example_dags/example_python_operator.py
[2025-12-05T01:09:41.342+0000] {processor.py:758} INFO - Processing file /home/airflow/.local/lib/python3.7/site-packages/airflow/example_dags/example_python_operator.py for tasks to queue
[2025-12-05T01:09:41.343+0000] {logging_mixin.py:117} INFO - [2025-12-05T01:09:41.343+0000] {dagbag.py:525} INFO - Filling up the DagBag from /home/airflow/.local/lib/python3.7/site-packages/airflow/example_dags/example_python_operator.py
[2025-12-05T01:09:41.354+0000] {processor.py:768} INFO - DAG(s) dict_keys(['example_python_operator']) retrieved from /home/airflow/.local/lib/python3.7/site-packages/airflow/example_dags/example_python_operator.py
[2025-12-05T01:09:41.378+0000] {logging_mixin.py:117} INFO - [2025-12-05T01:09:41.378+0000] {dag.py:2573} INFO - Sync 1 DAGs
[2025-12-05T01:09:41.392+0000] {logging_mixin.py:117} INFO - [2025-12-05T01:09:41.392+0000] {dag.py:3328} INFO - Setting next_dagrun for example_python_operator to None, run_after=None
[2025-12-05T01:09:41.400+0000] {processor.py:178} INFO - Processing /home/airflow/.local/lib/python3.7/site-packages/airflow/example_dags/example_python_operator.py took 0.061 seconds
[2025-12-05T01:10:12.530+0000] {processor.py:156} INFO - Started process (PID=9762) to work on /home/airflow/.local/lib/python3.7/site-packages/airflow/example_dags/example_python_operator.py
[2025-12-05T01:10:12.536+0000] {processor.py:758} INFO - Processing file /home/airflow/.local/lib/python3.7/site-packages/airflow/example_dags/example_python_operator.py for tasks to queue
[2025-12-05T01:10:12.536+0000] {logging_mixin.py:117} INFO - [2025-12-05T01:10:12.536+0000] {dagbag.py:525} INFO - Filling up the DagBag from /home/airflow/.local/lib/python3.7/site-packages/airflow/example_dags/example_python_operator.py
[2025-12-05T01:10:12.549+0000] {processor.py:768} INFO - DAG(s) dict_keys(['example_python_operator']) retrieved from /home/airflow/.local/lib/python3.7/site-packages/airflow/example_dags/example_python_operator.py
[2025-12-05T01:10:12.573+0000] {logging_mixin.py:117} INFO - [2025-12-05T01:10:12.573+0000] {dag.py:2573} INFO - Sync 1 DAGs
[2025-12-05T01:10:12.585+0000] {logging_mixin.py:117} INFO - [2025-12-05T01:10:12.585+0000] {dag.py:3328} INFO - Setting next_dagrun for example_python_operator to None, run_after=None
[2025-12-05T01:10:12.594+0000] {processor.py:178} INFO - Processing /home/airflow/.local/lib/python3.7/site-packages/airflow/example_dags/example_python_operator.py took 0.065 seconds
[2025-12-05T01:10:43.231+0000] {processor.py:156} INFO - Started process (PID=9961) to work on /home/airflow/.local/lib/python3.7/site-packages/airflow/example_dags/example_python_operator.py
[2025-12-05T01:10:43.232+0000] {processor.py:758} INFO - Processing file /home/airflow/.local/lib/python3.7/site-packages/airflow/example_dags/example_python_operator.py for tasks to queue
[2025-12-05T01:10:43.233+0000] {logging_mixin.py:117} INFO - [2025-12-05T01:10:43.233+0000] {dagbag.py:525} INFO - Filling up the DagBag from /home/airflow/.local/lib/python3.7/site-packages/airflow/example_dags/example_python_operator.py
[2025-12-05T01:10:43.244+0000] {processor.py:768} INFO - DAG(s) dict_keys(['example_python_operator']) retrieved from /home/airflow/.local/lib/python3.7/site-packages/airflow/example_dags/example_python_operator.py
[2025-12-05T01:10:43.266+0000] {logging_mixin.py:117} INFO - [2025-12-05T01:10:43.266+0000] {dag.py:2573} INFO - Sync 1 DAGs
[2025-12-05T01:10:43.277+0000] {logging_mixin.py:117} INFO - [2025-12-05T01:10:43.277+0000] {dag.py:3328} INFO - Setting next_dagrun for example_python_operator to None, run_after=None
[2025-12-05T01:10:43.285+0000] {processor.py:178} INFO - Processing /home/airflow/.local/lib/python3.7/site-packages/airflow/example_dags/example_python_operator.py took 0.056 seconds
[2025-12-05T01:11:14.147+0000] {processor.py:156} INFO - Started process (PID=10162) to work on /home/airflow/.local/lib/python3.7/site-packages/airflow/example_dags/example_python_operator.py
[2025-12-05T01:11:14.148+0000] {processor.py:758} INFO - Processing file /home/airflow/.local/lib/python3.7/site-packages/airflow/example_dags/example_python_operator.py for tasks to queue
[2025-12-05T01:11:14.149+0000] {logging_mixin.py:117} INFO - [2025-12-05T01:11:14.149+0000] {dagbag.py:525} INFO - Filling up the DagBag from /home/airflow/.local/lib/python3.7/site-packages/airflow/example_dags/example_python_operator.py
[2025-12-05T01:11:14.163+0000] {processor.py:768} INFO - DAG(s) dict_keys(['example_python_operator']) retrieved from /home/airflow/.local/lib/python3.7/site-packages/airflow/example_dags/example_python_operator.py
[2025-12-05T01:11:14.187+0000] {logging_mixin.py:117} INFO - [2025-12-05T01:11:14.187+0000] {dag.py:2573} INFO - Sync 1 DAGs
[2025-12-05T01:11:14.199+0000] {logging_mixin.py:117} INFO - [2025-12-05T01:11:14.199+0000] {dag.py:3328} INFO - Setting next_dagrun for example_python_operator to None, run_after=None
[2025-12-05T01:11:14.210+0000] {processor.py:178} INFO - Processing /home/airflow/.local/lib/python3.7/site-packages/airflow/example_dags/example_python_operator.py took 0.064 seconds
[2025-12-05T01:11:45.019+0000] {processor.py:156} INFO - Started process (PID=10364) to work on /home/airflow/.local/lib/python3.7/site-packages/airflow/example_dags/example_python_operator.py
[2025-12-05T01:11:45.020+0000] {processor.py:758} INFO - Processing file /home/airflow/.local/lib/python3.7/site-packages/airflow/example_dags/example_python_operator.py for tasks to queue
[2025-12-05T01:11:45.020+0000] {logging_mixin.py:117} INFO - [2025-12-05T01:11:45.020+0000] {dagbag.py:525} INFO - Filling up the DagBag from /home/airflow/.local/lib/python3.7/site-packages/airflow/example_dags/example_python_operator.py
[2025-12-05T01:11:45.035+0000] {processor.py:768} INFO - DAG(s) dict_keys(['example_python_operator']) retrieved from /home/airflow/.local/lib/python3.7/site-packages/airflow/example_dags/example_python_operator.py
[2025-12-05T01:11:45.063+0000] {logging_mixin.py:117} INFO - [2025-12-05T01:11:45.062+0000] {dag.py:2573} INFO - Sync 1 DAGs
[2025-12-05T01:11:45.080+0000] {logging_mixin.py:117} INFO - [2025-12-05T01:11:45.080+0000] {dag.py:3328} INFO - Setting next_dagrun for example_python_operator to None, run_after=None
[2025-12-05T01:11:45.093+0000] {processor.py:178} INFO - Processing /home/airflow/.local/lib/python3.7/site-packages/airflow/example_dags/example_python_operator.py took 0.076 seconds
[2025-12-05T01:12:15.304+0000] {processor.py:156} INFO - Started process (PID=10562) to work on /home/airflow/.local/lib/python3.7/site-packages/airflow/example_dags/example_python_operator.py
[2025-12-05T01:12:15.305+0000] {processor.py:758} INFO - Processing file /home/airflow/.local/lib/python3.7/site-packages/airflow/example_dags/example_python_operator.py for tasks to queue
[2025-12-05T01:12:15.306+0000] {logging_mixin.py:117} INFO - [2025-12-05T01:12:15.306+0000] {dagbag.py:525} INFO - Filling up the DagBag from /home/airflow/.local/lib/python3.7/site-packages/airflow/example_dags/example_python_operator.py
[2025-12-05T01:12:15.321+0000] {processor.py:768} INFO - DAG(s) dict_keys(['example_python_operator']) retrieved from /home/airflow/.local/lib/python3.7/site-packages/airflow/example_dags/example_python_operator.py
[2025-12-05T01:12:15.367+0000] {logging_mixin.py:117} INFO - [2025-12-05T01:12:15.367+0000] {dag.py:2573} INFO - Sync 1 DAGs
[2025-12-05T01:12:15.394+0000] {logging_mixin.py:117} INFO - [2025-12-05T01:12:15.394+0000] {dag.py:3328} INFO - Setting next_dagrun for example_python_operator to None, run_after=None
[2025-12-05T01:12:15.415+0000] {processor.py:178} INFO - Processing /home/airflow/.local/lib/python3.7/site-packages/airflow/example_dags/example_python_operator.py took 0.113 seconds
[2025-12-05T01:12:46.481+0000] {processor.py:156} INFO - Started process (PID=10765) to work on /home/airflow/.local/lib/python3.7/site-packages/airflow/example_dags/example_python_operator.py
[2025-12-05T01:12:46.482+0000] {processor.py:758} INFO - Processing file /home/airflow/.local/lib/python3.7/site-packages/airflow/example_dags/example_python_operator.py for tasks to queue
[2025-12-05T01:12:46.482+0000] {logging_mixin.py:117} INFO - [2025-12-05T01:12:46.482+0000] {dagbag.py:525} INFO - Filling up the DagBag from /home/airflow/.local/lib/python3.7/site-packages/airflow/example_dags/example_python_operator.py
[2025-12-05T01:12:46.495+0000] {processor.py:768} INFO - DAG(s) dict_keys(['example_python_operator']) retrieved from /home/airflow/.local/lib/python3.7/site-packages/airflow/example_dags/example_python_operator.py
[2025-12-05T01:12:46.510+0000] {logging_mixin.py:117} INFO - [2025-12-05T01:12:46.510+0000] {dag.py:2573} INFO - Sync 1 DAGs
[2025-12-05T01:12:46.523+0000] {logging_mixin.py:117} INFO - [2025-12-05T01:12:46.523+0000] {dag.py:3328} INFO - Setting next_dagrun for example_python_operator to None, run_after=None
[2025-12-05T01:12:46.536+0000] {processor.py:178} INFO - Processing /home/airflow/.local/lib/python3.7/site-packages/airflow/example_dags/example_python_operator.py took 0.057 seconds
[2025-12-05T01:13:17.616+0000] {processor.py:156} INFO - Started process (PID=10964) to work on /home/airflow/.local/lib/python3.7/site-packages/airflow/example_dags/example_python_operator.py
[2025-12-05T01:13:17.617+0000] {processor.py:758} INFO - Processing file /home/airflow/.local/lib/python3.7/site-packages/airflow/example_dags/example_python_operator.py for tasks to queue
[2025-12-05T01:13:17.618+0000] {logging_mixin.py:117} INFO - [2025-12-05T01:13:17.618+0000] {dagbag.py:525} INFO - Filling up the DagBag from /home/airflow/.local/lib/python3.7/site-packages/airflow/example_dags/example_python_operator.py
[2025-12-05T01:13:17.633+0000] {processor.py:768} INFO - DAG(s) dict_keys(['example_python_operator']) retrieved from /home/airflow/.local/lib/python3.7/site-packages/airflow/example_dags/example_python_operator.py
[2025-12-05T01:13:17.658+0000] {logging_mixin.py:117} INFO - [2025-12-05T01:13:17.658+0000] {dag.py:2573} INFO - Sync 1 DAGs
[2025-12-05T01:13:17.671+0000] {logging_mixin.py:117} INFO - [2025-12-05T01:13:17.671+0000] {dag.py:3328} INFO - Setting next_dagrun for example_python_operator to None, run_after=None
[2025-12-05T01:13:17.681+0000] {processor.py:178} INFO - Processing /home/airflow/.local/lib/python3.7/site-packages/airflow/example_dags/example_python_operator.py took 0.067 seconds
[2025-12-05T01:13:48.247+0000] {processor.py:156} INFO - Started process (PID=11165) to work on /home/airflow/.local/lib/python3.7/site-packages/airflow/example_dags/example_python_operator.py
[2025-12-05T01:13:48.252+0000] {processor.py:758} INFO - Processing file /home/airflow/.local/lib/python3.7/site-packages/airflow/example_dags/example_python_operator.py for tasks to queue
[2025-12-05T01:13:48.258+0000] {logging_mixin.py:117} INFO - [2025-12-05T01:13:48.257+0000] {dagbag.py:525} INFO - Filling up the DagBag from /home/airflow/.local/lib/python3.7/site-packages/airflow/example_dags/example_python_operator.py
[2025-12-05T01:13:48.281+0000] {processor.py:768} INFO - DAG(s) dict_keys(['example_python_operator']) retrieved from /home/airflow/.local/lib/python3.7/site-packages/airflow/example_dags/example_python_operator.py
[2025-12-05T01:13:48.329+0000] {logging_mixin.py:117} INFO - [2025-12-05T01:13:48.329+0000] {dag.py:2573} INFO - Sync 1 DAGs
[2025-12-05T01:13:48.366+0000] {logging_mixin.py:117} INFO - [2025-12-05T01:13:48.365+0000] {dag.py:3328} INFO - Setting next_dagrun for example_python_operator to None, run_after=None
[2025-12-05T01:13:48.377+0000] {processor.py:178} INFO - Processing /home/airflow/.local/lib/python3.7/site-packages/airflow/example_dags/example_python_operator.py took 0.159 seconds
[2025-12-05T01:14:18.708+0000] {processor.py:156} INFO - Started process (PID=11366) to work on /home/airflow/.local/lib/python3.7/site-packages/airflow/example_dags/example_python_operator.py
[2025-12-05T01:14:18.708+0000] {processor.py:758} INFO - Processing file /home/airflow/.local/lib/python3.7/site-packages/airflow/example_dags/example_python_operator.py for tasks to queue
[2025-12-05T01:14:18.710+0000] {logging_mixin.py:117} INFO - [2025-12-05T01:14:18.710+0000] {dagbag.py:525} INFO - Filling up the DagBag from /home/airflow/.local/lib/python3.7/site-packages/airflow/example_dags/example_python_operator.py
[2025-12-05T01:14:18.724+0000] {processor.py:768} INFO - DAG(s) dict_keys(['example_python_operator']) retrieved from /home/airflow/.local/lib/python3.7/site-packages/airflow/example_dags/example_python_operator.py
[2025-12-05T01:14:18.750+0000] {logging_mixin.py:117} INFO - [2025-12-05T01:14:18.750+0000] {dag.py:2573} INFO - Sync 1 DAGs
[2025-12-05T01:14:18.764+0000] {logging_mixin.py:117} INFO - [2025-12-05T01:14:18.764+0000] {dag.py:3328} INFO - Setting next_dagrun for example_python_operator to None, run_after=None
[2025-12-05T01:14:18.773+0000] {processor.py:178} INFO - Processing /home/airflow/.local/lib/python3.7/site-packages/airflow/example_dags/example_python_operator.py took 0.067 seconds
[2025-12-05T01:14:49.001+0000] {processor.py:156} INFO - Started process (PID=11567) to work on /home/airflow/.local/lib/python3.7/site-packages/airflow/example_dags/example_python_operator.py
[2025-12-05T01:14:49.002+0000] {processor.py:758} INFO - Processing file /home/airflow/.local/lib/python3.7/site-packages/airflow/example_dags/example_python_operator.py for tasks to queue
[2025-12-05T01:14:49.002+0000] {logging_mixin.py:117} INFO - [2025-12-05T01:14:49.002+0000] {dagbag.py:525} INFO - Filling up the DagBag from /home/airflow/.local/lib/python3.7/site-packages/airflow/example_dags/example_python_operator.py
[2025-12-05T01:14:49.016+0000] {processor.py:768} INFO - DAG(s) dict_keys(['example_python_operator']) retrieved from /home/airflow/.local/lib/python3.7/site-packages/airflow/example_dags/example_python_operator.py
[2025-12-05T01:14:49.038+0000] {logging_mixin.py:117} INFO - [2025-12-05T01:14:49.038+0000] {dag.py:2573} INFO - Sync 1 DAGs
[2025-12-05T01:14:49.051+0000] {logging_mixin.py:117} INFO - [2025-12-05T01:14:49.051+0000] {dag.py:3328} INFO - Setting next_dagrun for example_python_operator to None, run_after=None
[2025-12-05T01:14:49.061+0000] {processor.py:178} INFO - Processing /home/airflow/.local/lib/python3.7/site-packages/airflow/example_dags/example_python_operator.py took 0.061 seconds
[2025-12-05T01:15:19.327+0000] {processor.py:156} INFO - Started process (PID=11769) to work on /home/airflow/.local/lib/python3.7/site-packages/airflow/example_dags/example_python_operator.py
[2025-12-05T01:15:19.330+0000] {processor.py:758} INFO - Processing file /home/airflow/.local/lib/python3.7/site-packages/airflow/example_dags/example_python_operator.py for tasks to queue
[2025-12-05T01:15:19.332+0000] {logging_mixin.py:117} INFO - [2025-12-05T01:15:19.332+0000] {dagbag.py:525} INFO - Filling up the DagBag from /home/airflow/.local/lib/python3.7/site-packages/airflow/example_dags/example_python_operator.py
[2025-12-05T01:15:19.344+0000] {processor.py:768} INFO - DAG(s) dict_keys(['example_python_operator']) retrieved from /home/airflow/.local/lib/python3.7/site-packages/airflow/example_dags/example_python_operator.py
[2025-12-05T01:15:19.380+0000] {logging_mixin.py:117} INFO - [2025-12-05T01:15:19.380+0000] {dag.py:2573} INFO - Sync 1 DAGs
[2025-12-05T01:15:19.398+0000] {logging_mixin.py:117} INFO - [2025-12-05T01:15:19.398+0000] {dag.py:3328} INFO - Setting next_dagrun for example_python_operator to None, run_after=None
[2025-12-05T01:15:19.412+0000] {processor.py:178} INFO - Processing /home/airflow/.local/lib/python3.7/site-packages/airflow/example_dags/example_python_operator.py took 0.086 seconds
[2025-12-05T01:15:49.680+0000] {processor.py:156} INFO - Started process (PID=11970) to work on /home/airflow/.local/lib/python3.7/site-packages/airflow/example_dags/example_python_operator.py
[2025-12-05T01:15:49.684+0000] {processor.py:758} INFO - Processing file /home/airflow/.local/lib/python3.7/site-packages/airflow/example_dags/example_python_operator.py for tasks to queue
[2025-12-05T01:15:49.684+0000] {logging_mixin.py:117} INFO - [2025-12-05T01:15:49.684+0000] {dagbag.py:525} INFO - Filling up the DagBag from /home/airflow/.local/lib/python3.7/site-packages/airflow/example_dags/example_python_operator.py
[2025-12-05T01:15:49.700+0000] {processor.py:768} INFO - DAG(s) dict_keys(['example_python_operator']) retrieved from /home/airflow/.local/lib/python3.7/site-packages/airflow/example_dags/example_python_operator.py
[2025-12-05T01:15:49.724+0000] {logging_mixin.py:117} INFO - [2025-12-05T01:15:49.724+0000] {dag.py:2573} INFO - Sync 1 DAGs
[2025-12-05T01:15:49.739+0000] {logging_mixin.py:117} INFO - [2025-12-05T01:15:49.739+0000] {dag.py:3328} INFO - Setting next_dagrun for example_python_operator to None, run_after=None
[2025-12-05T01:15:49.750+0000] {processor.py:178} INFO - Processing /home/airflow/.local/lib/python3.7/site-packages/airflow/example_dags/example_python_operator.py took 0.072 seconds
[2025-12-05T01:16:20.706+0000] {processor.py:156} INFO - Started process (PID=12176) to work on /home/airflow/.local/lib/python3.7/site-packages/airflow/example_dags/example_python_operator.py
[2025-12-05T01:16:20.709+0000] {processor.py:758} INFO - Processing file /home/airflow/.local/lib/python3.7/site-packages/airflow/example_dags/example_python_operator.py for tasks to queue
[2025-12-05T01:16:20.709+0000] {logging_mixin.py:117} INFO - [2025-12-05T01:16:20.709+0000] {dagbag.py:525} INFO - Filling up the DagBag from /home/airflow/.local/lib/python3.7/site-packages/airflow/example_dags/example_python_operator.py
[2025-12-05T01:16:20.722+0000] {processor.py:768} INFO - DAG(s) dict_keys(['example_python_operator']) retrieved from /home/airflow/.local/lib/python3.7/site-packages/airflow/example_dags/example_python_operator.py
[2025-12-05T01:16:20.743+0000] {logging_mixin.py:117} INFO - [2025-12-05T01:16:20.742+0000] {dag.py:2573} INFO - Sync 1 DAGs
[2025-12-05T01:16:20.757+0000] {logging_mixin.py:117} INFO - [2025-12-05T01:16:20.757+0000] {dag.py:3328} INFO - Setting next_dagrun for example_python_operator to None, run_after=None
[2025-12-05T01:16:20.767+0000] {processor.py:178} INFO - Processing /home/airflow/.local/lib/python3.7/site-packages/airflow/example_dags/example_python_operator.py took 0.064 seconds
[2025-12-05T01:16:51.097+0000] {processor.py:156} INFO - Started process (PID=12387) to work on /home/airflow/.local/lib/python3.7/site-packages/airflow/example_dags/example_python_operator.py
[2025-12-05T01:16:51.099+0000] {processor.py:758} INFO - Processing file /home/airflow/.local/lib/python3.7/site-packages/airflow/example_dags/example_python_operator.py for tasks to queue
[2025-12-05T01:16:51.099+0000] {logging_mixin.py:117} INFO - [2025-12-05T01:16:51.099+0000] {dagbag.py:525} INFO - Filling up the DagBag from /home/airflow/.local/lib/python3.7/site-packages/airflow/example_dags/example_python_operator.py
[2025-12-05T01:16:51.114+0000] {processor.py:768} INFO - DAG(s) dict_keys(['example_python_operator']) retrieved from /home/airflow/.local/lib/python3.7/site-packages/airflow/example_dags/example_python_operator.py
[2025-12-05T01:16:51.142+0000] {logging_mixin.py:117} INFO - [2025-12-05T01:16:51.142+0000] {dag.py:2573} INFO - Sync 1 DAGs
[2025-12-05T01:16:51.159+0000] {logging_mixin.py:117} INFO - [2025-12-05T01:16:51.159+0000] {dag.py:3328} INFO - Setting next_dagrun for example_python_operator to None, run_after=None
[2025-12-05T01:16:51.169+0000] {processor.py:178} INFO - Processing /home/airflow/.local/lib/python3.7/site-packages/airflow/example_dags/example_python_operator.py took 0.074 seconds
[2025-12-05T01:17:21.707+0000] {processor.py:156} INFO - Started process (PID=12593) to work on /home/airflow/.local/lib/python3.7/site-packages/airflow/example_dags/example_python_operator.py
[2025-12-05T01:17:21.708+0000] {processor.py:758} INFO - Processing file /home/airflow/.local/lib/python3.7/site-packages/airflow/example_dags/example_python_operator.py for tasks to queue
[2025-12-05T01:17:21.709+0000] {logging_mixin.py:117} INFO - [2025-12-05T01:17:21.709+0000] {dagbag.py:525} INFO - Filling up the DagBag from /home/airflow/.local/lib/python3.7/site-packages/airflow/example_dags/example_python_operator.py
[2025-12-05T01:17:21.725+0000] {processor.py:768} INFO - DAG(s) dict_keys(['example_python_operator']) retrieved from /home/airflow/.local/lib/python3.7/site-packages/airflow/example_dags/example_python_operator.py
[2025-12-05T01:17:21.747+0000] {logging_mixin.py:117} INFO - [2025-12-05T01:17:21.747+0000] {dag.py:2573} INFO - Sync 1 DAGs
[2025-12-05T01:17:21.760+0000] {logging_mixin.py:117} INFO - [2025-12-05T01:17:21.759+0000] {dag.py:3328} INFO - Setting next_dagrun for example_python_operator to None, run_after=None
[2025-12-05T01:17:21.770+0000] {processor.py:178} INFO - Processing /home/airflow/.local/lib/python3.7/site-packages/airflow/example_dags/example_python_operator.py took 0.069 seconds
[2025-12-05T01:17:51.931+0000] {processor.py:156} INFO - Started process (PID=12803) to work on /home/airflow/.local/lib/python3.7/site-packages/airflow/example_dags/example_python_operator.py
[2025-12-05T01:17:51.932+0000] {processor.py:758} INFO - Processing file /home/airflow/.local/lib/python3.7/site-packages/airflow/example_dags/example_python_operator.py for tasks to queue
[2025-12-05T01:17:51.932+0000] {logging_mixin.py:117} INFO - [2025-12-05T01:17:51.932+0000] {dagbag.py:525} INFO - Filling up the DagBag from /home/airflow/.local/lib/python3.7/site-packages/airflow/example_dags/example_python_operator.py
[2025-12-05T01:17:51.946+0000] {processor.py:768} INFO - DAG(s) dict_keys(['example_python_operator']) retrieved from /home/airflow/.local/lib/python3.7/site-packages/airflow/example_dags/example_python_operator.py
[2025-12-05T01:17:51.966+0000] {logging_mixin.py:117} INFO - [2025-12-05T01:17:51.966+0000] {dag.py:2573} INFO - Sync 1 DAGs
[2025-12-05T01:17:51.979+0000] {logging_mixin.py:117} INFO - [2025-12-05T01:17:51.978+0000] {dag.py:3328} INFO - Setting next_dagrun for example_python_operator to None, run_after=None
[2025-12-05T01:17:51.990+0000] {processor.py:178} INFO - Processing /home/airflow/.local/lib/python3.7/site-packages/airflow/example_dags/example_python_operator.py took 0.060 seconds
[2025-12-05T01:18:22.414+0000] {processor.py:156} INFO - Started process (PID=13011) to work on /home/airflow/.local/lib/python3.7/site-packages/airflow/example_dags/example_python_operator.py
[2025-12-05T01:18:22.415+0000] {processor.py:758} INFO - Processing file /home/airflow/.local/lib/python3.7/site-packages/airflow/example_dags/example_python_operator.py for tasks to queue
[2025-12-05T01:18:22.415+0000] {logging_mixin.py:117} INFO - [2025-12-05T01:18:22.415+0000] {dagbag.py:525} INFO - Filling up the DagBag from /home/airflow/.local/lib/python3.7/site-packages/airflow/example_dags/example_python_operator.py
[2025-12-05T01:18:22.428+0000] {processor.py:768} INFO - DAG(s) dict_keys(['example_python_operator']) retrieved from /home/airflow/.local/lib/python3.7/site-packages/airflow/example_dags/example_python_operator.py
[2025-12-05T01:18:22.446+0000] {logging_mixin.py:117} INFO - [2025-12-05T01:18:22.446+0000] {dag.py:2573} INFO - Sync 1 DAGs
[2025-12-05T01:18:22.456+0000] {logging_mixin.py:117} INFO - [2025-12-05T01:18:22.455+0000] {dag.py:3328} INFO - Setting next_dagrun for example_python_operator to None, run_after=None
[2025-12-05T01:18:22.463+0000] {processor.py:178} INFO - Processing /home/airflow/.local/lib/python3.7/site-packages/airflow/example_dags/example_python_operator.py took 0.051 seconds
[2025-12-05T01:18:53.494+0000] {processor.py:156} INFO - Started process (PID=13215) to work on /home/airflow/.local/lib/python3.7/site-packages/airflow/example_dags/example_python_operator.py
[2025-12-05T01:18:53.497+0000] {processor.py:758} INFO - Processing file /home/airflow/.local/lib/python3.7/site-packages/airflow/example_dags/example_python_operator.py for tasks to queue
[2025-12-05T01:18:53.498+0000] {logging_mixin.py:117} INFO - [2025-12-05T01:18:53.498+0000] {dagbag.py:525} INFO - Filling up the DagBag from /home/airflow/.local/lib/python3.7/site-packages/airflow/example_dags/example_python_operator.py
[2025-12-05T01:18:53.512+0000] {processor.py:768} INFO - DAG(s) dict_keys(['example_python_operator']) retrieved from /home/airflow/.local/lib/python3.7/site-packages/airflow/example_dags/example_python_operator.py
[2025-12-05T01:18:53.538+0000] {logging_mixin.py:117} INFO - [2025-12-05T01:18:53.538+0000] {dag.py:2573} INFO - Sync 1 DAGs
[2025-12-05T01:18:53.550+0000] {logging_mixin.py:117} INFO - [2025-12-05T01:18:53.550+0000] {dag.py:3328} INFO - Setting next_dagrun for example_python_operator to None, run_after=None
[2025-12-05T01:18:53.559+0000] {processor.py:178} INFO - Processing /home/airflow/.local/lib/python3.7/site-packages/airflow/example_dags/example_python_operator.py took 0.067 seconds
[2025-12-05T01:19:24.282+0000] {processor.py:156} INFO - Started process (PID=13421) to work on /home/airflow/.local/lib/python3.7/site-packages/airflow/example_dags/example_python_operator.py
[2025-12-05T01:19:24.282+0000] {processor.py:758} INFO - Processing file /home/airflow/.local/lib/python3.7/site-packages/airflow/example_dags/example_python_operator.py for tasks to queue
[2025-12-05T01:19:24.283+0000] {logging_mixin.py:117} INFO - [2025-12-05T01:19:24.282+0000] {dagbag.py:525} INFO - Filling up the DagBag from /home/airflow/.local/lib/python3.7/site-packages/airflow/example_dags/example_python_operator.py
[2025-12-05T01:19:24.293+0000] {processor.py:768} INFO - DAG(s) dict_keys(['example_python_operator']) retrieved from /home/airflow/.local/lib/python3.7/site-packages/airflow/example_dags/example_python_operator.py
[2025-12-05T01:19:24.311+0000] {logging_mixin.py:117} INFO - [2025-12-05T01:19:24.311+0000] {dag.py:2573} INFO - Sync 1 DAGs
[2025-12-05T01:19:24.324+0000] {logging_mixin.py:117} INFO - [2025-12-05T01:19:24.324+0000] {dag.py:3328} INFO - Setting next_dagrun for example_python_operator to None, run_after=None
[2025-12-05T01:19:24.332+0000] {processor.py:178} INFO - Processing /home/airflow/.local/lib/python3.7/site-packages/airflow/example_dags/example_python_operator.py took 0.051 seconds
[2025-12-05T01:19:55.250+0000] {processor.py:156} INFO - Started process (PID=13634) to work on /home/airflow/.local/lib/python3.7/site-packages/airflow/example_dags/example_python_operator.py
[2025-12-05T01:19:55.250+0000] {processor.py:758} INFO - Processing file /home/airflow/.local/lib/python3.7/site-packages/airflow/example_dags/example_python_operator.py for tasks to queue
[2025-12-05T01:19:55.251+0000] {logging_mixin.py:117} INFO - [2025-12-05T01:19:55.251+0000] {dagbag.py:525} INFO - Filling up the DagBag from /home/airflow/.local/lib/python3.7/site-packages/airflow/example_dags/example_python_operator.py
[2025-12-05T01:19:55.263+0000] {processor.py:768} INFO - DAG(s) dict_keys(['example_python_operator']) retrieved from /home/airflow/.local/lib/python3.7/site-packages/airflow/example_dags/example_python_operator.py
[2025-12-05T01:19:55.282+0000] {logging_mixin.py:117} INFO - [2025-12-05T01:19:55.282+0000] {dag.py:2573} INFO - Sync 1 DAGs
[2025-12-05T01:19:55.294+0000] {logging_mixin.py:117} INFO - [2025-12-05T01:19:55.294+0000] {dag.py:3328} INFO - Setting next_dagrun for example_python_operator to None, run_after=None
[2025-12-05T01:19:55.302+0000] {processor.py:178} INFO - Processing /home/airflow/.local/lib/python3.7/site-packages/airflow/example_dags/example_python_operator.py took 0.054 seconds
[2025-12-05T01:20:26.118+0000] {processor.py:156} INFO - Started process (PID=13840) to work on /home/airflow/.local/lib/python3.7/site-packages/airflow/example_dags/example_python_operator.py
[2025-12-05T01:20:26.118+0000] {processor.py:758} INFO - Processing file /home/airflow/.local/lib/python3.7/site-packages/airflow/example_dags/example_python_operator.py for tasks to queue
[2025-12-05T01:20:26.119+0000] {logging_mixin.py:117} INFO - [2025-12-05T01:20:26.119+0000] {dagbag.py:525} INFO - Filling up the DagBag from /home/airflow/.local/lib/python3.7/site-packages/airflow/example_dags/example_python_operator.py
[2025-12-05T01:20:26.132+0000] {processor.py:768} INFO - DAG(s) dict_keys(['example_python_operator']) retrieved from /home/airflow/.local/lib/python3.7/site-packages/airflow/example_dags/example_python_operator.py
[2025-12-05T01:20:26.156+0000] {logging_mixin.py:117} INFO - [2025-12-05T01:20:26.156+0000] {dag.py:2573} INFO - Sync 1 DAGs
[2025-12-05T01:20:26.170+0000] {logging_mixin.py:117} INFO - [2025-12-05T01:20:26.170+0000] {dag.py:3328} INFO - Setting next_dagrun for example_python_operator to None, run_after=None
[2025-12-05T01:20:26.181+0000] {processor.py:178} INFO - Processing /home/airflow/.local/lib/python3.7/site-packages/airflow/example_dags/example_python_operator.py took 0.065 seconds
[2025-12-05T01:20:57.166+0000] {processor.py:156} INFO - Started process (PID=14046) to work on /home/airflow/.local/lib/python3.7/site-packages/airflow/example_dags/example_python_operator.py
[2025-12-05T01:20:57.168+0000] {processor.py:758} INFO - Processing file /home/airflow/.local/lib/python3.7/site-packages/airflow/example_dags/example_python_operator.py for tasks to queue
[2025-12-05T01:20:57.169+0000] {logging_mixin.py:117} INFO - [2025-12-05T01:20:57.169+0000] {dagbag.py:525} INFO - Filling up the DagBag from /home/airflow/.local/lib/python3.7/site-packages/airflow/example_dags/example_python_operator.py
[2025-12-05T01:20:57.185+0000] {processor.py:768} INFO - DAG(s) dict_keys(['example_python_operator']) retrieved from /home/airflow/.local/lib/python3.7/site-packages/airflow/example_dags/example_python_operator.py
[2025-12-05T01:20:57.234+0000] {logging_mixin.py:117} INFO - [2025-12-05T01:20:57.234+0000] {dag.py:2573} INFO - Sync 1 DAGs
[2025-12-05T01:20:57.257+0000] {logging_mixin.py:117} INFO - [2025-12-05T01:20:57.257+0000] {dag.py:3328} INFO - Setting next_dagrun for example_python_operator to None, run_after=None
[2025-12-05T01:20:57.268+0000] {processor.py:178} INFO - Processing /home/airflow/.local/lib/python3.7/site-packages/airflow/example_dags/example_python_operator.py took 0.105 seconds
