[2025-12-05T00:46:04.467+0000] {processor.py:156} INFO - Started process (PID=232) to work on /home/airflow/.local/lib/python3.7/site-packages/airflow/example_dags/example_sla_dag.py
[2025-12-05T00:46:04.468+0000] {processor.py:758} INFO - Processing file /home/airflow/.local/lib/python3.7/site-packages/airflow/example_dags/example_sla_dag.py for tasks to queue
[2025-12-05T00:46:04.469+0000] {logging_mixin.py:117} INFO - [2025-12-05T00:46:04.469+0000] {dagbag.py:525} INFO - Filling up the DagBag from /home/airflow/.local/lib/python3.7/site-packages/airflow/example_dags/example_sla_dag.py
[2025-12-05T00:46:04.484+0000] {processor.py:768} INFO - DAG(s) dict_keys(['example_sla_dag']) retrieved from /home/airflow/.local/lib/python3.7/site-packages/airflow/example_dags/example_sla_dag.py
[2025-12-05T00:46:04.545+0000] {logging_mixin.py:117} INFO - [2025-12-05T00:46:04.545+0000] {manager.py:508} INFO - Created Permission View: can read on DAG:example_sla_dag
[2025-12-05T00:46:04.552+0000] {logging_mixin.py:117} INFO - [2025-12-05T00:46:04.552+0000] {manager.py:508} INFO - Created Permission View: can delete on DAG:example_sla_dag
[2025-12-05T00:46:04.554+0000] {logging_mixin.py:117} INFO - [2025-12-05T00:46:04.554+0000] {manager.py:508} INFO - Created Permission View: can edit on DAG:example_sla_dag
[2025-12-05T00:46:04.555+0000] {logging_mixin.py:117} INFO - [2025-12-05T00:46:04.555+0000] {dag.py:2573} INFO - Sync 1 DAGs
[2025-12-05T00:46:04.645+0000] {logging_mixin.py:117} INFO - [2025-12-05T00:46:04.645+0000] {dag.py:2594} INFO - Creating ORM DAG for example_sla_dag
[2025-12-05T00:46:04.652+0000] {logging_mixin.py:117} INFO - [2025-12-05T00:46:04.652+0000] {dag.py:3328} INFO - Setting next_dagrun for example_sla_dag to 2025-12-05T00:44:00+00:00, run_after=2025-12-05T00:46:00+00:00
[2025-12-05T00:46:04.661+0000] {processor.py:178} INFO - Processing /home/airflow/.local/lib/python3.7/site-packages/airflow/example_dags/example_sla_dag.py took 0.198 seconds
[2025-12-05T00:46:35.508+0000] {processor.py:156} INFO - Started process (PID=435) to work on /home/airflow/.local/lib/python3.7/site-packages/airflow/example_dags/example_sla_dag.py
[2025-12-05T00:46:35.509+0000] {processor.py:758} INFO - Processing file /home/airflow/.local/lib/python3.7/site-packages/airflow/example_dags/example_sla_dag.py for tasks to queue
[2025-12-05T00:46:35.509+0000] {logging_mixin.py:117} INFO - [2025-12-05T00:46:35.509+0000] {dagbag.py:525} INFO - Filling up the DagBag from /home/airflow/.local/lib/python3.7/site-packages/airflow/example_dags/example_sla_dag.py
[2025-12-05T00:46:35.521+0000] {processor.py:768} INFO - DAG(s) dict_keys(['example_sla_dag']) retrieved from /home/airflow/.local/lib/python3.7/site-packages/airflow/example_dags/example_sla_dag.py
[2025-12-05T00:46:35.544+0000] {logging_mixin.py:117} INFO - [2025-12-05T00:46:35.544+0000] {dag.py:2573} INFO - Sync 1 DAGs
[2025-12-05T00:46:35.560+0000] {logging_mixin.py:117} INFO - [2025-12-05T00:46:35.560+0000] {dag.py:3328} INFO - Setting next_dagrun for example_sla_dag to 2025-12-05T00:44:00+00:00, run_after=2025-12-05T00:46:00+00:00
[2025-12-05T00:46:35.572+0000] {processor.py:178} INFO - Processing /home/airflow/.local/lib/python3.7/site-packages/airflow/example_dags/example_sla_dag.py took 0.066 seconds
[2025-12-05T00:47:06.524+0000] {processor.py:156} INFO - Started process (PID=635) to work on /home/airflow/.local/lib/python3.7/site-packages/airflow/example_dags/example_sla_dag.py
[2025-12-05T00:47:06.524+0000] {processor.py:758} INFO - Processing file /home/airflow/.local/lib/python3.7/site-packages/airflow/example_dags/example_sla_dag.py for tasks to queue
[2025-12-05T00:47:06.525+0000] {logging_mixin.py:117} INFO - [2025-12-05T00:47:06.525+0000] {dagbag.py:525} INFO - Filling up the DagBag from /home/airflow/.local/lib/python3.7/site-packages/airflow/example_dags/example_sla_dag.py
[2025-12-05T00:47:06.538+0000] {processor.py:768} INFO - DAG(s) dict_keys(['example_sla_dag']) retrieved from /home/airflow/.local/lib/python3.7/site-packages/airflow/example_dags/example_sla_dag.py
[2025-12-05T00:47:06.558+0000] {logging_mixin.py:117} INFO - [2025-12-05T00:47:06.558+0000] {dag.py:2573} INFO - Sync 1 DAGs
[2025-12-05T00:47:06.575+0000] {logging_mixin.py:117} INFO - [2025-12-05T00:47:06.575+0000] {dag.py:3328} INFO - Setting next_dagrun for example_sla_dag to 2025-12-05T00:44:00+00:00, run_after=2025-12-05T00:46:00+00:00
[2025-12-05T00:47:06.583+0000] {processor.py:178} INFO - Processing /home/airflow/.local/lib/python3.7/site-packages/airflow/example_dags/example_sla_dag.py took 0.061 seconds
[2025-12-05T00:47:37.395+0000] {processor.py:156} INFO - Started process (PID=836) to work on /home/airflow/.local/lib/python3.7/site-packages/airflow/example_dags/example_sla_dag.py
[2025-12-05T00:47:37.397+0000] {processor.py:758} INFO - Processing file /home/airflow/.local/lib/python3.7/site-packages/airflow/example_dags/example_sla_dag.py for tasks to queue
[2025-12-05T00:47:37.398+0000] {logging_mixin.py:117} INFO - [2025-12-05T00:47:37.398+0000] {dagbag.py:525} INFO - Filling up the DagBag from /home/airflow/.local/lib/python3.7/site-packages/airflow/example_dags/example_sla_dag.py
[2025-12-05T00:47:37.409+0000] {processor.py:768} INFO - DAG(s) dict_keys(['example_sla_dag']) retrieved from /home/airflow/.local/lib/python3.7/site-packages/airflow/example_dags/example_sla_dag.py
[2025-12-05T00:47:37.427+0000] {logging_mixin.py:117} INFO - [2025-12-05T00:47:37.427+0000] {dag.py:2573} INFO - Sync 1 DAGs
[2025-12-05T00:47:37.440+0000] {logging_mixin.py:117} INFO - [2025-12-05T00:47:37.440+0000] {dag.py:3328} INFO - Setting next_dagrun for example_sla_dag to 2025-12-05T00:44:00+00:00, run_after=2025-12-05T00:46:00+00:00
[2025-12-05T00:47:37.538+0000] {processor.py:178} INFO - Processing /home/airflow/.local/lib/python3.7/site-packages/airflow/example_dags/example_sla_dag.py took 0.145 seconds
[2025-12-05T00:48:08.077+0000] {processor.py:156} INFO - Started process (PID=1039) to work on /home/airflow/.local/lib/python3.7/site-packages/airflow/example_dags/example_sla_dag.py
[2025-12-05T00:48:08.077+0000] {processor.py:758} INFO - Processing file /home/airflow/.local/lib/python3.7/site-packages/airflow/example_dags/example_sla_dag.py for tasks to queue
[2025-12-05T00:48:08.078+0000] {logging_mixin.py:117} INFO - [2025-12-05T00:48:08.078+0000] {dagbag.py:525} INFO - Filling up the DagBag from /home/airflow/.local/lib/python3.7/site-packages/airflow/example_dags/example_sla_dag.py
[2025-12-05T00:48:08.088+0000] {processor.py:768} INFO - DAG(s) dict_keys(['example_sla_dag']) retrieved from /home/airflow/.local/lib/python3.7/site-packages/airflow/example_dags/example_sla_dag.py
[2025-12-05T00:48:08.104+0000] {logging_mixin.py:117} INFO - [2025-12-05T00:48:08.104+0000] {dag.py:2573} INFO - Sync 1 DAGs
[2025-12-05T00:48:08.180+0000] {logging_mixin.py:117} INFO - [2025-12-05T00:48:08.180+0000] {dag.py:3328} INFO - Setting next_dagrun for example_sla_dag to 2025-12-05T00:46:00+00:00, run_after=2025-12-05T00:48:00+00:00
[2025-12-05T00:48:08.187+0000] {processor.py:178} INFO - Processing /home/airflow/.local/lib/python3.7/site-packages/airflow/example_dags/example_sla_dag.py took 0.112 seconds
[2025-12-05T00:48:39.598+0000] {processor.py:156} INFO - Started process (PID=1245) to work on /home/airflow/.local/lib/python3.7/site-packages/airflow/example_dags/example_sla_dag.py
[2025-12-05T00:48:39.599+0000] {processor.py:758} INFO - Processing file /home/airflow/.local/lib/python3.7/site-packages/airflow/example_dags/example_sla_dag.py for tasks to queue
[2025-12-05T00:48:39.601+0000] {logging_mixin.py:117} INFO - [2025-12-05T00:48:39.601+0000] {dagbag.py:525} INFO - Filling up the DagBag from /home/airflow/.local/lib/python3.7/site-packages/airflow/example_dags/example_sla_dag.py
[2025-12-05T00:48:39.625+0000] {processor.py:768} INFO - DAG(s) dict_keys(['example_sla_dag']) retrieved from /home/airflow/.local/lib/python3.7/site-packages/airflow/example_dags/example_sla_dag.py
[2025-12-05T00:48:39.793+0000] {logging_mixin.py:117} INFO - [2025-12-05T00:48:39.793+0000] {dag.py:2573} INFO - Sync 1 DAGs
[2025-12-05T00:48:39.816+0000] {logging_mixin.py:117} INFO - [2025-12-05T00:48:39.816+0000] {dag.py:3328} INFO - Setting next_dagrun for example_sla_dag to 2025-12-05T00:46:00+00:00, run_after=2025-12-05T00:48:00+00:00
[2025-12-05T00:48:39.835+0000] {processor.py:178} INFO - Processing /home/airflow/.local/lib/python3.7/site-packages/airflow/example_dags/example_sla_dag.py took 0.242 seconds
[2025-12-05T00:49:09.931+0000] {processor.py:156} INFO - Started process (PID=1446) to work on /home/airflow/.local/lib/python3.7/site-packages/airflow/example_dags/example_sla_dag.py
[2025-12-05T00:49:09.933+0000] {processor.py:758} INFO - Processing file /home/airflow/.local/lib/python3.7/site-packages/airflow/example_dags/example_sla_dag.py for tasks to queue
[2025-12-05T00:49:09.933+0000] {logging_mixin.py:117} INFO - [2025-12-05T00:49:09.933+0000] {dagbag.py:525} INFO - Filling up the DagBag from /home/airflow/.local/lib/python3.7/site-packages/airflow/example_dags/example_sla_dag.py
[2025-12-05T00:49:09.944+0000] {processor.py:768} INFO - DAG(s) dict_keys(['example_sla_dag']) retrieved from /home/airflow/.local/lib/python3.7/site-packages/airflow/example_dags/example_sla_dag.py
[2025-12-05T00:49:10.066+0000] {logging_mixin.py:117} INFO - [2025-12-05T00:49:10.066+0000] {dag.py:2573} INFO - Sync 1 DAGs
[2025-12-05T00:49:10.080+0000] {logging_mixin.py:117} INFO - [2025-12-05T00:49:10.080+0000] {dag.py:3328} INFO - Setting next_dagrun for example_sla_dag to 2025-12-05T00:46:00+00:00, run_after=2025-12-05T00:48:00+00:00
[2025-12-05T00:49:10.090+0000] {processor.py:178} INFO - Processing /home/airflow/.local/lib/python3.7/site-packages/airflow/example_dags/example_sla_dag.py took 0.160 seconds
[2025-12-05T00:49:40.696+0000] {processor.py:156} INFO - Started process (PID=1647) to work on /home/airflow/.local/lib/python3.7/site-packages/airflow/example_dags/example_sla_dag.py
[2025-12-05T00:49:40.698+0000] {processor.py:758} INFO - Processing file /home/airflow/.local/lib/python3.7/site-packages/airflow/example_dags/example_sla_dag.py for tasks to queue
[2025-12-05T00:49:40.698+0000] {logging_mixin.py:117} INFO - [2025-12-05T00:49:40.698+0000] {dagbag.py:525} INFO - Filling up the DagBag from /home/airflow/.local/lib/python3.7/site-packages/airflow/example_dags/example_sla_dag.py
[2025-12-05T00:49:40.787+0000] {processor.py:768} INFO - DAG(s) dict_keys(['example_sla_dag']) retrieved from /home/airflow/.local/lib/python3.7/site-packages/airflow/example_dags/example_sla_dag.py
[2025-12-05T00:49:40.800+0000] {logging_mixin.py:117} INFO - [2025-12-05T00:49:40.800+0000] {dag.py:2573} INFO - Sync 1 DAGs
[2025-12-05T00:49:40.811+0000] {logging_mixin.py:117} INFO - [2025-12-05T00:49:40.811+0000] {dag.py:3328} INFO - Setting next_dagrun for example_sla_dag to 2025-12-05T00:46:00+00:00, run_after=2025-12-05T00:48:00+00:00
[2025-12-05T00:49:40.818+0000] {processor.py:178} INFO - Processing /home/airflow/.local/lib/python3.7/site-packages/airflow/example_dags/example_sla_dag.py took 0.125 seconds
[2025-12-05T00:50:11.420+0000] {processor.py:156} INFO - Started process (PID=1849) to work on /home/airflow/.local/lib/python3.7/site-packages/airflow/example_dags/example_sla_dag.py
[2025-12-05T00:50:11.423+0000] {processor.py:758} INFO - Processing file /home/airflow/.local/lib/python3.7/site-packages/airflow/example_dags/example_sla_dag.py for tasks to queue
[2025-12-05T00:50:11.425+0000] {logging_mixin.py:117} INFO - [2025-12-05T00:50:11.425+0000] {dagbag.py:525} INFO - Filling up the DagBag from /home/airflow/.local/lib/python3.7/site-packages/airflow/example_dags/example_sla_dag.py
[2025-12-05T00:50:11.438+0000] {processor.py:768} INFO - DAG(s) dict_keys(['example_sla_dag']) retrieved from /home/airflow/.local/lib/python3.7/site-packages/airflow/example_dags/example_sla_dag.py
[2025-12-05T00:50:11.459+0000] {logging_mixin.py:117} INFO - [2025-12-05T00:50:11.459+0000] {dag.py:2573} INFO - Sync 1 DAGs
[2025-12-05T00:50:11.559+0000] {logging_mixin.py:117} INFO - [2025-12-05T00:50:11.559+0000] {dag.py:3328} INFO - Setting next_dagrun for example_sla_dag to 2025-12-05T00:48:00+00:00, run_after=2025-12-05T00:50:00+00:00
[2025-12-05T00:50:11.568+0000] {processor.py:178} INFO - Processing /home/airflow/.local/lib/python3.7/site-packages/airflow/example_dags/example_sla_dag.py took 0.149 seconds
[2025-12-05T00:50:42.141+0000] {processor.py:156} INFO - Started process (PID=2050) to work on /home/airflow/.local/lib/python3.7/site-packages/airflow/example_dags/example_sla_dag.py
[2025-12-05T00:50:42.142+0000] {processor.py:758} INFO - Processing file /home/airflow/.local/lib/python3.7/site-packages/airflow/example_dags/example_sla_dag.py for tasks to queue
[2025-12-05T00:50:42.142+0000] {logging_mixin.py:117} INFO - [2025-12-05T00:50:42.142+0000] {dagbag.py:525} INFO - Filling up the DagBag from /home/airflow/.local/lib/python3.7/site-packages/airflow/example_dags/example_sla_dag.py
[2025-12-05T00:50:42.156+0000] {processor.py:768} INFO - DAG(s) dict_keys(['example_sla_dag']) retrieved from /home/airflow/.local/lib/python3.7/site-packages/airflow/example_dags/example_sla_dag.py
[2025-12-05T00:50:42.249+0000] {logging_mixin.py:117} INFO - [2025-12-05T00:50:42.249+0000] {dag.py:2573} INFO - Sync 1 DAGs
[2025-12-05T00:50:42.259+0000] {logging_mixin.py:117} INFO - [2025-12-05T00:50:42.259+0000] {dag.py:3328} INFO - Setting next_dagrun for example_sla_dag to 2025-12-05T00:48:00+00:00, run_after=2025-12-05T00:50:00+00:00
[2025-12-05T00:50:42.266+0000] {processor.py:178} INFO - Processing /home/airflow/.local/lib/python3.7/site-packages/airflow/example_dags/example_sla_dag.py took 0.129 seconds
[2025-12-05T00:51:12.966+0000] {processor.py:156} INFO - Started process (PID=2251) to work on /home/airflow/.local/lib/python3.7/site-packages/airflow/example_dags/example_sla_dag.py
[2025-12-05T00:51:12.967+0000] {processor.py:758} INFO - Processing file /home/airflow/.local/lib/python3.7/site-packages/airflow/example_dags/example_sla_dag.py for tasks to queue
[2025-12-05T00:51:12.967+0000] {logging_mixin.py:117} INFO - [2025-12-05T00:51:12.967+0000] {dagbag.py:525} INFO - Filling up the DagBag from /home/airflow/.local/lib/python3.7/site-packages/airflow/example_dags/example_sla_dag.py
[2025-12-05T00:51:12.980+0000] {processor.py:768} INFO - DAG(s) dict_keys(['example_sla_dag']) retrieved from /home/airflow/.local/lib/python3.7/site-packages/airflow/example_dags/example_sla_dag.py
[2025-12-05T00:51:13.068+0000] {logging_mixin.py:117} INFO - [2025-12-05T00:51:13.068+0000] {dag.py:2573} INFO - Sync 1 DAGs
[2025-12-05T00:51:13.078+0000] {logging_mixin.py:117} INFO - [2025-12-05T00:51:13.078+0000] {dag.py:3328} INFO - Setting next_dagrun for example_sla_dag to 2025-12-05T00:48:00+00:00, run_after=2025-12-05T00:50:00+00:00
[2025-12-05T00:51:13.085+0000] {processor.py:178} INFO - Processing /home/airflow/.local/lib/python3.7/site-packages/airflow/example_dags/example_sla_dag.py took 0.121 seconds
[2025-12-05T00:51:43.522+0000] {processor.py:156} INFO - Started process (PID=2452) to work on /home/airflow/.local/lib/python3.7/site-packages/airflow/example_dags/example_sla_dag.py
[2025-12-05T00:51:43.523+0000] {processor.py:758} INFO - Processing file /home/airflow/.local/lib/python3.7/site-packages/airflow/example_dags/example_sla_dag.py for tasks to queue
[2025-12-05T00:51:43.523+0000] {logging_mixin.py:117} INFO - [2025-12-05T00:51:43.523+0000] {dagbag.py:525} INFO - Filling up the DagBag from /home/airflow/.local/lib/python3.7/site-packages/airflow/example_dags/example_sla_dag.py
[2025-12-05T00:51:43.607+0000] {processor.py:768} INFO - DAG(s) dict_keys(['example_sla_dag']) retrieved from /home/airflow/.local/lib/python3.7/site-packages/airflow/example_dags/example_sla_dag.py
[2025-12-05T00:51:43.620+0000] {logging_mixin.py:117} INFO - [2025-12-05T00:51:43.620+0000] {dag.py:2573} INFO - Sync 1 DAGs
[2025-12-05T00:51:43.631+0000] {logging_mixin.py:117} INFO - [2025-12-05T00:51:43.631+0000] {dag.py:3328} INFO - Setting next_dagrun for example_sla_dag to 2025-12-05T00:48:00+00:00, run_after=2025-12-05T00:50:00+00:00
[2025-12-05T00:51:43.638+0000] {processor.py:178} INFO - Processing /home/airflow/.local/lib/python3.7/site-packages/airflow/example_dags/example_sla_dag.py took 0.118 seconds
[2025-12-05T00:52:14.234+0000] {processor.py:156} INFO - Started process (PID=2653) to work on /home/airflow/.local/lib/python3.7/site-packages/airflow/example_dags/example_sla_dag.py
[2025-12-05T00:52:14.237+0000] {processor.py:758} INFO - Processing file /home/airflow/.local/lib/python3.7/site-packages/airflow/example_dags/example_sla_dag.py for tasks to queue
[2025-12-05T00:52:14.237+0000] {logging_mixin.py:117} INFO - [2025-12-05T00:52:14.237+0000] {dagbag.py:525} INFO - Filling up the DagBag from /home/airflow/.local/lib/python3.7/site-packages/airflow/example_dags/example_sla_dag.py
[2025-12-05T00:52:14.248+0000] {processor.py:768} INFO - DAG(s) dict_keys(['example_sla_dag']) retrieved from /home/airflow/.local/lib/python3.7/site-packages/airflow/example_dags/example_sla_dag.py
[2025-12-05T00:52:14.265+0000] {logging_mixin.py:117} INFO - [2025-12-05T00:52:14.265+0000] {dag.py:2573} INFO - Sync 1 DAGs
[2025-12-05T00:52:14.360+0000] {logging_mixin.py:117} INFO - [2025-12-05T00:52:14.360+0000] {dag.py:3328} INFO - Setting next_dagrun for example_sla_dag to 2025-12-05T00:50:00+00:00, run_after=2025-12-05T00:52:00+00:00
[2025-12-05T00:52:14.368+0000] {processor.py:178} INFO - Processing /home/airflow/.local/lib/python3.7/site-packages/airflow/example_dags/example_sla_dag.py took 0.135 seconds
[2025-12-05T00:52:44.823+0000] {processor.py:156} INFO - Started process (PID=2854) to work on /home/airflow/.local/lib/python3.7/site-packages/airflow/example_dags/example_sla_dag.py
[2025-12-05T00:52:44.823+0000] {processor.py:758} INFO - Processing file /home/airflow/.local/lib/python3.7/site-packages/airflow/example_dags/example_sla_dag.py for tasks to queue
[2025-12-05T00:52:44.823+0000] {logging_mixin.py:117} INFO - [2025-12-05T00:52:44.823+0000] {dagbag.py:525} INFO - Filling up the DagBag from /home/airflow/.local/lib/python3.7/site-packages/airflow/example_dags/example_sla_dag.py
[2025-12-05T00:52:44.833+0000] {processor.py:768} INFO - DAG(s) dict_keys(['example_sla_dag']) retrieved from /home/airflow/.local/lib/python3.7/site-packages/airflow/example_dags/example_sla_dag.py
[2025-12-05T00:52:44.920+0000] {logging_mixin.py:117} INFO - [2025-12-05T00:52:44.919+0000] {dag.py:2573} INFO - Sync 1 DAGs
[2025-12-05T00:52:44.930+0000] {logging_mixin.py:117} INFO - [2025-12-05T00:52:44.930+0000] {dag.py:3328} INFO - Setting next_dagrun for example_sla_dag to 2025-12-05T00:50:00+00:00, run_after=2025-12-05T00:52:00+00:00
[2025-12-05T00:52:44.937+0000] {processor.py:178} INFO - Processing /home/airflow/.local/lib/python3.7/site-packages/airflow/example_dags/example_sla_dag.py took 0.117 seconds
[2025-12-05T00:53:15.426+0000] {processor.py:156} INFO - Started process (PID=3055) to work on /home/airflow/.local/lib/python3.7/site-packages/airflow/example_dags/example_sla_dag.py
[2025-12-05T00:53:15.427+0000] {processor.py:758} INFO - Processing file /home/airflow/.local/lib/python3.7/site-packages/airflow/example_dags/example_sla_dag.py for tasks to queue
[2025-12-05T00:53:15.427+0000] {logging_mixin.py:117} INFO - [2025-12-05T00:53:15.427+0000] {dagbag.py:525} INFO - Filling up the DagBag from /home/airflow/.local/lib/python3.7/site-packages/airflow/example_dags/example_sla_dag.py
[2025-12-05T00:53:15.439+0000] {processor.py:768} INFO - DAG(s) dict_keys(['example_sla_dag']) retrieved from /home/airflow/.local/lib/python3.7/site-packages/airflow/example_dags/example_sla_dag.py
[2025-12-05T00:53:15.534+0000] {logging_mixin.py:117} INFO - [2025-12-05T00:53:15.534+0000] {dag.py:2573} INFO - Sync 1 DAGs
[2025-12-05T00:53:15.544+0000] {logging_mixin.py:117} INFO - [2025-12-05T00:53:15.544+0000] {dag.py:3328} INFO - Setting next_dagrun for example_sla_dag to 2025-12-05T00:50:00+00:00, run_after=2025-12-05T00:52:00+00:00
[2025-12-05T00:53:15.551+0000] {processor.py:178} INFO - Processing /home/airflow/.local/lib/python3.7/site-packages/airflow/example_dags/example_sla_dag.py took 0.127 seconds
[2025-12-05T00:53:46.015+0000] {processor.py:156} INFO - Started process (PID=3256) to work on /home/airflow/.local/lib/python3.7/site-packages/airflow/example_dags/example_sla_dag.py
[2025-12-05T00:53:46.016+0000] {processor.py:758} INFO - Processing file /home/airflow/.local/lib/python3.7/site-packages/airflow/example_dags/example_sla_dag.py for tasks to queue
[2025-12-05T00:53:46.016+0000] {logging_mixin.py:117} INFO - [2025-12-05T00:53:46.016+0000] {dagbag.py:525} INFO - Filling up the DagBag from /home/airflow/.local/lib/python3.7/site-packages/airflow/example_dags/example_sla_dag.py
[2025-12-05T00:53:46.103+0000] {processor.py:768} INFO - DAG(s) dict_keys(['example_sla_dag']) retrieved from /home/airflow/.local/lib/python3.7/site-packages/airflow/example_dags/example_sla_dag.py
[2025-12-05T00:53:46.117+0000] {logging_mixin.py:117} INFO - [2025-12-05T00:53:46.117+0000] {dag.py:2573} INFO - Sync 1 DAGs
[2025-12-05T00:53:46.128+0000] {logging_mixin.py:117} INFO - [2025-12-05T00:53:46.128+0000] {dag.py:3328} INFO - Setting next_dagrun for example_sla_dag to 2025-12-05T00:50:00+00:00, run_after=2025-12-05T00:52:00+00:00
[2025-12-05T00:53:46.134+0000] {processor.py:178} INFO - Processing /home/airflow/.local/lib/python3.7/site-packages/airflow/example_dags/example_sla_dag.py took 0.121 seconds
[2025-12-05T00:54:16.887+0000] {processor.py:156} INFO - Started process (PID=3457) to work on /home/airflow/.local/lib/python3.7/site-packages/airflow/example_dags/example_sla_dag.py
[2025-12-05T00:54:16.890+0000] {processor.py:758} INFO - Processing file /home/airflow/.local/lib/python3.7/site-packages/airflow/example_dags/example_sla_dag.py for tasks to queue
[2025-12-05T00:54:16.890+0000] {logging_mixin.py:117} INFO - [2025-12-05T00:54:16.890+0000] {dagbag.py:525} INFO - Filling up the DagBag from /home/airflow/.local/lib/python3.7/site-packages/airflow/example_dags/example_sla_dag.py
[2025-12-05T00:54:16.901+0000] {processor.py:768} INFO - DAG(s) dict_keys(['example_sla_dag']) retrieved from /home/airflow/.local/lib/python3.7/site-packages/airflow/example_dags/example_sla_dag.py
[2025-12-05T00:54:16.918+0000] {logging_mixin.py:117} INFO - [2025-12-05T00:54:16.918+0000] {dag.py:2573} INFO - Sync 1 DAGs
[2025-12-05T00:54:17.014+0000] {logging_mixin.py:117} INFO - [2025-12-05T00:54:17.014+0000] {dag.py:3328} INFO - Setting next_dagrun for example_sla_dag to 2025-12-05T00:52:00+00:00, run_after=2025-12-05T00:54:00+00:00
[2025-12-05T00:54:17.022+0000] {processor.py:178} INFO - Processing /home/airflow/.local/lib/python3.7/site-packages/airflow/example_dags/example_sla_dag.py took 0.136 seconds
[2025-12-05T00:54:47.627+0000] {processor.py:156} INFO - Started process (PID=3658) to work on /home/airflow/.local/lib/python3.7/site-packages/airflow/example_dags/example_sla_dag.py
[2025-12-05T00:54:47.627+0000] {processor.py:758} INFO - Processing file /home/airflow/.local/lib/python3.7/site-packages/airflow/example_dags/example_sla_dag.py for tasks to queue
[2025-12-05T00:54:47.628+0000] {logging_mixin.py:117} INFO - [2025-12-05T00:54:47.628+0000] {dagbag.py:525} INFO - Filling up the DagBag from /home/airflow/.local/lib/python3.7/site-packages/airflow/example_dags/example_sla_dag.py
[2025-12-05T00:54:47.641+0000] {processor.py:768} INFO - DAG(s) dict_keys(['example_sla_dag']) retrieved from /home/airflow/.local/lib/python3.7/site-packages/airflow/example_dags/example_sla_dag.py
[2025-12-05T00:54:47.738+0000] {logging_mixin.py:117} INFO - [2025-12-05T00:54:47.738+0000] {dag.py:2573} INFO - Sync 1 DAGs
[2025-12-05T00:54:47.749+0000] {logging_mixin.py:117} INFO - [2025-12-05T00:54:47.749+0000] {dag.py:3328} INFO - Setting next_dagrun for example_sla_dag to 2025-12-05T00:52:00+00:00, run_after=2025-12-05T00:54:00+00:00
[2025-12-05T00:54:47.757+0000] {processor.py:178} INFO - Processing /home/airflow/.local/lib/python3.7/site-packages/airflow/example_dags/example_sla_dag.py took 0.132 seconds
[2025-12-05T00:55:18.291+0000] {processor.py:156} INFO - Started process (PID=3858) to work on /home/airflow/.local/lib/python3.7/site-packages/airflow/example_dags/example_sla_dag.py
[2025-12-05T00:55:18.291+0000] {processor.py:758} INFO - Processing file /home/airflow/.local/lib/python3.7/site-packages/airflow/example_dags/example_sla_dag.py for tasks to queue
[2025-12-05T00:55:18.292+0000] {logging_mixin.py:117} INFO - [2025-12-05T00:55:18.291+0000] {dagbag.py:525} INFO - Filling up the DagBag from /home/airflow/.local/lib/python3.7/site-packages/airflow/example_dags/example_sla_dag.py
[2025-12-05T00:55:18.303+0000] {processor.py:768} INFO - DAG(s) dict_keys(['example_sla_dag']) retrieved from /home/airflow/.local/lib/python3.7/site-packages/airflow/example_dags/example_sla_dag.py
[2025-12-05T00:55:18.400+0000] {logging_mixin.py:117} INFO - [2025-12-05T00:55:18.400+0000] {dag.py:2573} INFO - Sync 1 DAGs
[2025-12-05T00:55:18.411+0000] {logging_mixin.py:117} INFO - [2025-12-05T00:55:18.411+0000] {dag.py:3328} INFO - Setting next_dagrun for example_sla_dag to 2025-12-05T00:52:00+00:00, run_after=2025-12-05T00:54:00+00:00
[2025-12-05T00:55:18.418+0000] {processor.py:178} INFO - Processing /home/airflow/.local/lib/python3.7/site-packages/airflow/example_dags/example_sla_dag.py took 0.130 seconds
[2025-12-05T00:55:48.864+0000] {processor.py:156} INFO - Started process (PID=4059) to work on /home/airflow/.local/lib/python3.7/site-packages/airflow/example_dags/example_sla_dag.py
[2025-12-05T00:55:48.864+0000] {processor.py:758} INFO - Processing file /home/airflow/.local/lib/python3.7/site-packages/airflow/example_dags/example_sla_dag.py for tasks to queue
[2025-12-05T00:55:48.865+0000] {logging_mixin.py:117} INFO - [2025-12-05T00:55:48.865+0000] {dagbag.py:525} INFO - Filling up the DagBag from /home/airflow/.local/lib/python3.7/site-packages/airflow/example_dags/example_sla_dag.py
[2025-12-05T00:55:48.959+0000] {processor.py:768} INFO - DAG(s) dict_keys(['example_sla_dag']) retrieved from /home/airflow/.local/lib/python3.7/site-packages/airflow/example_dags/example_sla_dag.py
[2025-12-05T00:55:48.973+0000] {logging_mixin.py:117} INFO - [2025-12-05T00:55:48.973+0000] {dag.py:2573} INFO - Sync 1 DAGs
[2025-12-05T00:55:48.983+0000] {logging_mixin.py:117} INFO - [2025-12-05T00:55:48.983+0000] {dag.py:3328} INFO - Setting next_dagrun for example_sla_dag to 2025-12-05T00:52:00+00:00, run_after=2025-12-05T00:54:00+00:00
[2025-12-05T00:55:48.990+0000] {processor.py:178} INFO - Processing /home/airflow/.local/lib/python3.7/site-packages/airflow/example_dags/example_sla_dag.py took 0.128 seconds
[2025-12-05T00:56:19.164+0000] {processor.py:156} INFO - Started process (PID=4259) to work on /home/airflow/.local/lib/python3.7/site-packages/airflow/example_dags/example_sla_dag.py
[2025-12-05T00:56:19.165+0000] {processor.py:758} INFO - Processing file /home/airflow/.local/lib/python3.7/site-packages/airflow/example_dags/example_sla_dag.py for tasks to queue
[2025-12-05T00:56:19.165+0000] {logging_mixin.py:117} INFO - [2025-12-05T00:56:19.165+0000] {dagbag.py:525} INFO - Filling up the DagBag from /home/airflow/.local/lib/python3.7/site-packages/airflow/example_dags/example_sla_dag.py
[2025-12-05T00:56:19.175+0000] {processor.py:768} INFO - DAG(s) dict_keys(['example_sla_dag']) retrieved from /home/airflow/.local/lib/python3.7/site-packages/airflow/example_dags/example_sla_dag.py
[2025-12-05T00:56:19.192+0000] {logging_mixin.py:117} INFO - [2025-12-05T00:56:19.192+0000] {dag.py:2573} INFO - Sync 1 DAGs
[2025-12-05T00:56:19.203+0000] {logging_mixin.py:117} INFO - [2025-12-05T00:56:19.203+0000] {dag.py:3328} INFO - Setting next_dagrun for example_sla_dag to 2025-12-05T00:54:00+00:00, run_after=2025-12-05T00:56:00+00:00
[2025-12-05T00:56:19.210+0000] {processor.py:178} INFO - Processing /home/airflow/.local/lib/python3.7/site-packages/airflow/example_dags/example_sla_dag.py took 0.048 seconds
[2025-12-05T00:56:50.011+0000] {processor.py:156} INFO - Started process (PID=4460) to work on /home/airflow/.local/lib/python3.7/site-packages/airflow/example_dags/example_sla_dag.py
[2025-12-05T00:56:50.013+0000] {processor.py:758} INFO - Processing file /home/airflow/.local/lib/python3.7/site-packages/airflow/example_dags/example_sla_dag.py for tasks to queue
[2025-12-05T00:56:50.014+0000] {logging_mixin.py:117} INFO - [2025-12-05T00:56:50.013+0000] {dagbag.py:525} INFO - Filling up the DagBag from /home/airflow/.local/lib/python3.7/site-packages/airflow/example_dags/example_sla_dag.py
[2025-12-05T00:56:50.027+0000] {processor.py:768} INFO - DAG(s) dict_keys(['example_sla_dag']) retrieved from /home/airflow/.local/lib/python3.7/site-packages/airflow/example_dags/example_sla_dag.py
[2025-12-05T00:56:50.047+0000] {logging_mixin.py:117} INFO - [2025-12-05T00:56:50.047+0000] {dag.py:2573} INFO - Sync 1 DAGs
[2025-12-05T00:56:50.060+0000] {logging_mixin.py:117} INFO - [2025-12-05T00:56:50.059+0000] {dag.py:3328} INFO - Setting next_dagrun for example_sla_dag to 2025-12-05T00:54:00+00:00, run_after=2025-12-05T00:56:00+00:00
[2025-12-05T00:56:50.068+0000] {processor.py:178} INFO - Processing /home/airflow/.local/lib/python3.7/site-packages/airflow/example_dags/example_sla_dag.py took 0.059 seconds
[2025-12-05T00:57:20.946+0000] {processor.py:156} INFO - Started process (PID=4660) to work on /home/airflow/.local/lib/python3.7/site-packages/airflow/example_dags/example_sla_dag.py
[2025-12-05T00:57:20.946+0000] {processor.py:758} INFO - Processing file /home/airflow/.local/lib/python3.7/site-packages/airflow/example_dags/example_sla_dag.py for tasks to queue
[2025-12-05T00:57:20.950+0000] {logging_mixin.py:117} INFO - [2025-12-05T00:57:20.950+0000] {dagbag.py:525} INFO - Filling up the DagBag from /home/airflow/.local/lib/python3.7/site-packages/airflow/example_dags/example_sla_dag.py
[2025-12-05T00:57:20.961+0000] {processor.py:768} INFO - DAG(s) dict_keys(['example_sla_dag']) retrieved from /home/airflow/.local/lib/python3.7/site-packages/airflow/example_dags/example_sla_dag.py
[2025-12-05T00:57:20.978+0000] {logging_mixin.py:117} INFO - [2025-12-05T00:57:20.978+0000] {dag.py:2573} INFO - Sync 1 DAGs
[2025-12-05T00:57:20.989+0000] {logging_mixin.py:117} INFO - [2025-12-05T00:57:20.989+0000] {dag.py:3328} INFO - Setting next_dagrun for example_sla_dag to 2025-12-05T00:54:00+00:00, run_after=2025-12-05T00:56:00+00:00
[2025-12-05T00:57:20.996+0000] {processor.py:178} INFO - Processing /home/airflow/.local/lib/python3.7/site-packages/airflow/example_dags/example_sla_dag.py took 0.053 seconds
[2025-12-05T00:57:51.716+0000] {processor.py:156} INFO - Started process (PID=4861) to work on /home/airflow/.local/lib/python3.7/site-packages/airflow/example_dags/example_sla_dag.py
[2025-12-05T00:57:51.718+0000] {processor.py:758} INFO - Processing file /home/airflow/.local/lib/python3.7/site-packages/airflow/example_dags/example_sla_dag.py for tasks to queue
[2025-12-05T00:57:51.718+0000] {logging_mixin.py:117} INFO - [2025-12-05T00:57:51.718+0000] {dagbag.py:525} INFO - Filling up the DagBag from /home/airflow/.local/lib/python3.7/site-packages/airflow/example_dags/example_sla_dag.py
[2025-12-05T00:57:51.729+0000] {processor.py:768} INFO - DAG(s) dict_keys(['example_sla_dag']) retrieved from /home/airflow/.local/lib/python3.7/site-packages/airflow/example_dags/example_sla_dag.py
[2025-12-05T00:57:51.751+0000] {logging_mixin.py:117} INFO - [2025-12-05T00:57:51.751+0000] {dag.py:2573} INFO - Sync 1 DAGs
[2025-12-05T00:57:51.766+0000] {logging_mixin.py:117} INFO - [2025-12-05T00:57:51.766+0000] {dag.py:3328} INFO - Setting next_dagrun for example_sla_dag to 2025-12-05T00:54:00+00:00, run_after=2025-12-05T00:56:00+00:00
[2025-12-05T00:57:51.773+0000] {processor.py:178} INFO - Processing /home/airflow/.local/lib/python3.7/site-packages/airflow/example_dags/example_sla_dag.py took 0.059 seconds
[2025-12-05T00:58:22.775+0000] {processor.py:156} INFO - Started process (PID=5062) to work on /home/airflow/.local/lib/python3.7/site-packages/airflow/example_dags/example_sla_dag.py
[2025-12-05T00:58:22.776+0000] {processor.py:758} INFO - Processing file /home/airflow/.local/lib/python3.7/site-packages/airflow/example_dags/example_sla_dag.py for tasks to queue
[2025-12-05T00:58:22.776+0000] {logging_mixin.py:117} INFO - [2025-12-05T00:58:22.776+0000] {dagbag.py:525} INFO - Filling up the DagBag from /home/airflow/.local/lib/python3.7/site-packages/airflow/example_dags/example_sla_dag.py
[2025-12-05T00:58:22.791+0000] {processor.py:768} INFO - DAG(s) dict_keys(['example_sla_dag']) retrieved from /home/airflow/.local/lib/python3.7/site-packages/airflow/example_dags/example_sla_dag.py
[2025-12-05T00:58:22.812+0000] {logging_mixin.py:117} INFO - [2025-12-05T00:58:22.812+0000] {dag.py:2573} INFO - Sync 1 DAGs
[2025-12-05T00:58:22.826+0000] {logging_mixin.py:117} INFO - [2025-12-05T00:58:22.826+0000] {dag.py:3328} INFO - Setting next_dagrun for example_sla_dag to 2025-12-05T00:56:00+00:00, run_after=2025-12-05T00:58:00+00:00
[2025-12-05T00:58:22.835+0000] {processor.py:178} INFO - Processing /home/airflow/.local/lib/python3.7/site-packages/airflow/example_dags/example_sla_dag.py took 0.062 seconds
[2025-12-05T00:58:53.672+0000] {processor.py:156} INFO - Started process (PID=5264) to work on /home/airflow/.local/lib/python3.7/site-packages/airflow/example_dags/example_sla_dag.py
[2025-12-05T00:58:53.673+0000] {processor.py:758} INFO - Processing file /home/airflow/.local/lib/python3.7/site-packages/airflow/example_dags/example_sla_dag.py for tasks to queue
[2025-12-05T00:58:53.673+0000] {logging_mixin.py:117} INFO - [2025-12-05T00:58:53.673+0000] {dagbag.py:525} INFO - Filling up the DagBag from /home/airflow/.local/lib/python3.7/site-packages/airflow/example_dags/example_sla_dag.py
[2025-12-05T00:58:53.684+0000] {processor.py:768} INFO - DAG(s) dict_keys(['example_sla_dag']) retrieved from /home/airflow/.local/lib/python3.7/site-packages/airflow/example_dags/example_sla_dag.py
[2025-12-05T00:58:53.700+0000] {logging_mixin.py:117} INFO - [2025-12-05T00:58:53.699+0000] {dag.py:2573} INFO - Sync 1 DAGs
[2025-12-05T00:58:53.710+0000] {logging_mixin.py:117} INFO - [2025-12-05T00:58:53.710+0000] {dag.py:3328} INFO - Setting next_dagrun for example_sla_dag to 2025-12-05T00:56:00+00:00, run_after=2025-12-05T00:58:00+00:00
[2025-12-05T00:58:53.722+0000] {processor.py:178} INFO - Processing /home/airflow/.local/lib/python3.7/site-packages/airflow/example_dags/example_sla_dag.py took 0.051 seconds
[2025-12-05T00:59:24.387+0000] {processor.py:156} INFO - Started process (PID=5470) to work on /home/airflow/.local/lib/python3.7/site-packages/airflow/example_dags/example_sla_dag.py
[2025-12-05T00:59:24.388+0000] {processor.py:758} INFO - Processing file /home/airflow/.local/lib/python3.7/site-packages/airflow/example_dags/example_sla_dag.py for tasks to queue
[2025-12-05T00:59:24.390+0000] {logging_mixin.py:117} INFO - [2025-12-05T00:59:24.390+0000] {dagbag.py:525} INFO - Filling up the DagBag from /home/airflow/.local/lib/python3.7/site-packages/airflow/example_dags/example_sla_dag.py
[2025-12-05T00:59:24.402+0000] {processor.py:768} INFO - DAG(s) dict_keys(['example_sla_dag']) retrieved from /home/airflow/.local/lib/python3.7/site-packages/airflow/example_dags/example_sla_dag.py
[2025-12-05T00:59:24.421+0000] {logging_mixin.py:117} INFO - [2025-12-05T00:59:24.421+0000] {dag.py:2573} INFO - Sync 1 DAGs
[2025-12-05T00:59:24.434+0000] {logging_mixin.py:117} INFO - [2025-12-05T00:59:24.434+0000] {dag.py:3328} INFO - Setting next_dagrun for example_sla_dag to 2025-12-05T00:56:00+00:00, run_after=2025-12-05T00:58:00+00:00
[2025-12-05T00:59:24.441+0000] {processor.py:178} INFO - Processing /home/airflow/.local/lib/python3.7/site-packages/airflow/example_dags/example_sla_dag.py took 0.057 seconds
[2025-12-05T00:59:55.335+0000] {processor.py:156} INFO - Started process (PID=5673) to work on /home/airflow/.local/lib/python3.7/site-packages/airflow/example_dags/example_sla_dag.py
[2025-12-05T00:59:55.335+0000] {processor.py:758} INFO - Processing file /home/airflow/.local/lib/python3.7/site-packages/airflow/example_dags/example_sla_dag.py for tasks to queue
[2025-12-05T00:59:55.336+0000] {logging_mixin.py:117} INFO - [2025-12-05T00:59:55.336+0000] {dagbag.py:525} INFO - Filling up the DagBag from /home/airflow/.local/lib/python3.7/site-packages/airflow/example_dags/example_sla_dag.py
[2025-12-05T00:59:55.346+0000] {processor.py:768} INFO - DAG(s) dict_keys(['example_sla_dag']) retrieved from /home/airflow/.local/lib/python3.7/site-packages/airflow/example_dags/example_sla_dag.py
[2025-12-05T00:59:55.361+0000] {logging_mixin.py:117} INFO - [2025-12-05T00:59:55.361+0000] {dag.py:2573} INFO - Sync 1 DAGs
[2025-12-05T00:59:55.373+0000] {logging_mixin.py:117} INFO - [2025-12-05T00:59:55.372+0000] {dag.py:3328} INFO - Setting next_dagrun for example_sla_dag to 2025-12-05T00:56:00+00:00, run_after=2025-12-05T00:58:00+00:00
[2025-12-05T00:59:55.379+0000] {processor.py:178} INFO - Processing /home/airflow/.local/lib/python3.7/site-packages/airflow/example_dags/example_sla_dag.py took 0.046 seconds
[2025-12-05T01:00:26.399+0000] {processor.py:156} INFO - Started process (PID=5872) to work on /home/airflow/.local/lib/python3.7/site-packages/airflow/example_dags/example_sla_dag.py
[2025-12-05T01:00:26.400+0000] {processor.py:758} INFO - Processing file /home/airflow/.local/lib/python3.7/site-packages/airflow/example_dags/example_sla_dag.py for tasks to queue
[2025-12-05T01:00:26.400+0000] {logging_mixin.py:117} INFO - [2025-12-05T01:00:26.400+0000] {dagbag.py:525} INFO - Filling up the DagBag from /home/airflow/.local/lib/python3.7/site-packages/airflow/example_dags/example_sla_dag.py
[2025-12-05T01:00:26.413+0000] {processor.py:768} INFO - DAG(s) dict_keys(['example_sla_dag']) retrieved from /home/airflow/.local/lib/python3.7/site-packages/airflow/example_dags/example_sla_dag.py
[2025-12-05T01:00:26.434+0000] {logging_mixin.py:117} INFO - [2025-12-05T01:00:26.434+0000] {dag.py:2573} INFO - Sync 1 DAGs
[2025-12-05T01:00:26.448+0000] {logging_mixin.py:117} INFO - [2025-12-05T01:00:26.448+0000] {dag.py:3328} INFO - Setting next_dagrun for example_sla_dag to 2025-12-05T00:58:00+00:00, run_after=2025-12-05T01:00:00+00:00
[2025-12-05T01:00:26.455+0000] {processor.py:178} INFO - Processing /home/airflow/.local/lib/python3.7/site-packages/airflow/example_dags/example_sla_dag.py took 0.059 seconds
[2025-12-05T01:00:56.654+0000] {processor.py:156} INFO - Started process (PID=6074) to work on /home/airflow/.local/lib/python3.7/site-packages/airflow/example_dags/example_sla_dag.py
[2025-12-05T01:00:56.655+0000] {processor.py:758} INFO - Processing file /home/airflow/.local/lib/python3.7/site-packages/airflow/example_dags/example_sla_dag.py for tasks to queue
[2025-12-05T01:00:56.655+0000] {logging_mixin.py:117} INFO - [2025-12-05T01:00:56.655+0000] {dagbag.py:525} INFO - Filling up the DagBag from /home/airflow/.local/lib/python3.7/site-packages/airflow/example_dags/example_sla_dag.py
[2025-12-05T01:00:56.666+0000] {processor.py:768} INFO - DAG(s) dict_keys(['example_sla_dag']) retrieved from /home/airflow/.local/lib/python3.7/site-packages/airflow/example_dags/example_sla_dag.py
[2025-12-05T01:00:56.683+0000] {logging_mixin.py:117} INFO - [2025-12-05T01:00:56.683+0000] {dag.py:2573} INFO - Sync 1 DAGs
[2025-12-05T01:00:56.694+0000] {logging_mixin.py:117} INFO - [2025-12-05T01:00:56.694+0000] {dag.py:3328} INFO - Setting next_dagrun for example_sla_dag to 2025-12-05T00:58:00+00:00, run_after=2025-12-05T01:00:00+00:00
[2025-12-05T01:00:56.701+0000] {processor.py:178} INFO - Processing /home/airflow/.local/lib/python3.7/site-packages/airflow/example_dags/example_sla_dag.py took 0.048 seconds
[2025-12-05T01:01:27.143+0000] {processor.py:156} INFO - Started process (PID=6272) to work on /home/airflow/.local/lib/python3.7/site-packages/airflow/example_dags/example_sla_dag.py
[2025-12-05T01:01:27.144+0000] {processor.py:758} INFO - Processing file /home/airflow/.local/lib/python3.7/site-packages/airflow/example_dags/example_sla_dag.py for tasks to queue
[2025-12-05T01:01:27.145+0000] {logging_mixin.py:117} INFO - [2025-12-05T01:01:27.145+0000] {dagbag.py:525} INFO - Filling up the DagBag from /home/airflow/.local/lib/python3.7/site-packages/airflow/example_dags/example_sla_dag.py
[2025-12-05T01:01:27.157+0000] {processor.py:768} INFO - DAG(s) dict_keys(['example_sla_dag']) retrieved from /home/airflow/.local/lib/python3.7/site-packages/airflow/example_dags/example_sla_dag.py
[2025-12-05T01:01:27.174+0000] {logging_mixin.py:117} INFO - [2025-12-05T01:01:27.174+0000] {dag.py:2573} INFO - Sync 1 DAGs
[2025-12-05T01:01:27.186+0000] {logging_mixin.py:117} INFO - [2025-12-05T01:01:27.186+0000] {dag.py:3328} INFO - Setting next_dagrun for example_sla_dag to 2025-12-05T00:58:00+00:00, run_after=2025-12-05T01:00:00+00:00
[2025-12-05T01:01:27.193+0000] {processor.py:178} INFO - Processing /home/airflow/.local/lib/python3.7/site-packages/airflow/example_dags/example_sla_dag.py took 0.052 seconds
[2025-12-05T01:01:58.249+0000] {processor.py:156} INFO - Started process (PID=6473) to work on /home/airflow/.local/lib/python3.7/site-packages/airflow/example_dags/example_sla_dag.py
[2025-12-05T01:01:58.253+0000] {processor.py:758} INFO - Processing file /home/airflow/.local/lib/python3.7/site-packages/airflow/example_dags/example_sla_dag.py for tasks to queue
[2025-12-05T01:01:58.253+0000] {logging_mixin.py:117} INFO - [2025-12-05T01:01:58.253+0000] {dagbag.py:525} INFO - Filling up the DagBag from /home/airflow/.local/lib/python3.7/site-packages/airflow/example_dags/example_sla_dag.py
[2025-12-05T01:01:58.289+0000] {processor.py:768} INFO - DAG(s) dict_keys(['example_sla_dag']) retrieved from /home/airflow/.local/lib/python3.7/site-packages/airflow/example_dags/example_sla_dag.py
[2025-12-05T01:01:58.309+0000] {logging_mixin.py:117} INFO - [2025-12-05T01:01:58.309+0000] {dag.py:2573} INFO - Sync 1 DAGs
[2025-12-05T01:01:58.323+0000] {logging_mixin.py:117} INFO - [2025-12-05T01:01:58.322+0000] {dag.py:3328} INFO - Setting next_dagrun for example_sla_dag to 2025-12-05T00:58:00+00:00, run_after=2025-12-05T01:00:00+00:00
[2025-12-05T01:01:58.330+0000] {processor.py:178} INFO - Processing /home/airflow/.local/lib/python3.7/site-packages/airflow/example_dags/example_sla_dag.py took 0.083 seconds
[2025-12-05T01:02:29.094+0000] {processor.py:156} INFO - Started process (PID=6674) to work on /home/airflow/.local/lib/python3.7/site-packages/airflow/example_dags/example_sla_dag.py
[2025-12-05T01:02:29.094+0000] {processor.py:758} INFO - Processing file /home/airflow/.local/lib/python3.7/site-packages/airflow/example_dags/example_sla_dag.py for tasks to queue
[2025-12-05T01:02:29.095+0000] {logging_mixin.py:117} INFO - [2025-12-05T01:02:29.095+0000] {dagbag.py:525} INFO - Filling up the DagBag from /home/airflow/.local/lib/python3.7/site-packages/airflow/example_dags/example_sla_dag.py
[2025-12-05T01:02:29.106+0000] {processor.py:768} INFO - DAG(s) dict_keys(['example_sla_dag']) retrieved from /home/airflow/.local/lib/python3.7/site-packages/airflow/example_dags/example_sla_dag.py
[2025-12-05T01:02:29.125+0000] {logging_mixin.py:117} INFO - [2025-12-05T01:02:29.124+0000] {dag.py:2573} INFO - Sync 1 DAGs
[2025-12-05T01:02:29.139+0000] {logging_mixin.py:117} INFO - [2025-12-05T01:02:29.138+0000] {dag.py:3328} INFO - Setting next_dagrun for example_sla_dag to 2025-12-05T01:00:00+00:00, run_after=2025-12-05T01:02:00+00:00
[2025-12-05T01:02:29.148+0000] {processor.py:178} INFO - Processing /home/airflow/.local/lib/python3.7/site-packages/airflow/example_dags/example_sla_dag.py took 0.056 seconds
[2025-12-05T01:02:59.299+0000] {processor.py:156} INFO - Started process (PID=6877) to work on /home/airflow/.local/lib/python3.7/site-packages/airflow/example_dags/example_sla_dag.py
[2025-12-05T01:02:59.299+0000] {processor.py:758} INFO - Processing file /home/airflow/.local/lib/python3.7/site-packages/airflow/example_dags/example_sla_dag.py for tasks to queue
[2025-12-05T01:02:59.299+0000] {logging_mixin.py:117} INFO - [2025-12-05T01:02:59.299+0000] {dagbag.py:525} INFO - Filling up the DagBag from /home/airflow/.local/lib/python3.7/site-packages/airflow/example_dags/example_sla_dag.py
[2025-12-05T01:02:59.310+0000] {processor.py:768} INFO - DAG(s) dict_keys(['example_sla_dag']) retrieved from /home/airflow/.local/lib/python3.7/site-packages/airflow/example_dags/example_sla_dag.py
[2025-12-05T01:02:59.329+0000] {logging_mixin.py:117} INFO - [2025-12-05T01:02:59.329+0000] {dag.py:2573} INFO - Sync 1 DAGs
[2025-12-05T01:02:59.343+0000] {logging_mixin.py:117} INFO - [2025-12-05T01:02:59.342+0000] {dag.py:3328} INFO - Setting next_dagrun for example_sla_dag to 2025-12-05T01:00:00+00:00, run_after=2025-12-05T01:02:00+00:00
[2025-12-05T01:02:59.354+0000] {processor.py:178} INFO - Processing /home/airflow/.local/lib/python3.7/site-packages/airflow/example_dags/example_sla_dag.py took 0.057 seconds
[2025-12-05T01:03:30.281+0000] {processor.py:156} INFO - Started process (PID=7076) to work on /home/airflow/.local/lib/python3.7/site-packages/airflow/example_dags/example_sla_dag.py
[2025-12-05T01:03:30.282+0000] {processor.py:758} INFO - Processing file /home/airflow/.local/lib/python3.7/site-packages/airflow/example_dags/example_sla_dag.py for tasks to queue
[2025-12-05T01:03:30.282+0000] {logging_mixin.py:117} INFO - [2025-12-05T01:03:30.282+0000] {dagbag.py:525} INFO - Filling up the DagBag from /home/airflow/.local/lib/python3.7/site-packages/airflow/example_dags/example_sla_dag.py
[2025-12-05T01:03:30.296+0000] {processor.py:768} INFO - DAG(s) dict_keys(['example_sla_dag']) retrieved from /home/airflow/.local/lib/python3.7/site-packages/airflow/example_dags/example_sla_dag.py
[2025-12-05T01:03:30.314+0000] {logging_mixin.py:117} INFO - [2025-12-05T01:03:30.314+0000] {dag.py:2573} INFO - Sync 1 DAGs
[2025-12-05T01:03:30.327+0000] {logging_mixin.py:117} INFO - [2025-12-05T01:03:30.327+0000] {dag.py:3328} INFO - Setting next_dagrun for example_sla_dag to 2025-12-05T01:00:00+00:00, run_after=2025-12-05T01:02:00+00:00
[2025-12-05T01:03:30.335+0000] {processor.py:178} INFO - Processing /home/airflow/.local/lib/python3.7/site-packages/airflow/example_dags/example_sla_dag.py took 0.056 seconds
[2025-12-05T01:04:01.251+0000] {processor.py:156} INFO - Started process (PID=7277) to work on /home/airflow/.local/lib/python3.7/site-packages/airflow/example_dags/example_sla_dag.py
[2025-12-05T01:04:01.252+0000] {processor.py:758} INFO - Processing file /home/airflow/.local/lib/python3.7/site-packages/airflow/example_dags/example_sla_dag.py for tasks to queue
[2025-12-05T01:04:01.253+0000] {logging_mixin.py:117} INFO - [2025-12-05T01:04:01.252+0000] {dagbag.py:525} INFO - Filling up the DagBag from /home/airflow/.local/lib/python3.7/site-packages/airflow/example_dags/example_sla_dag.py
[2025-12-05T01:04:01.265+0000] {processor.py:768} INFO - DAG(s) dict_keys(['example_sla_dag']) retrieved from /home/airflow/.local/lib/python3.7/site-packages/airflow/example_dags/example_sla_dag.py
[2025-12-05T01:04:01.283+0000] {logging_mixin.py:117} INFO - [2025-12-05T01:04:01.282+0000] {dag.py:2573} INFO - Sync 1 DAGs
[2025-12-05T01:04:01.295+0000] {logging_mixin.py:117} INFO - [2025-12-05T01:04:01.295+0000] {dag.py:3328} INFO - Setting next_dagrun for example_sla_dag to 2025-12-05T01:02:00+00:00, run_after=2025-12-05T01:04:00+00:00
[2025-12-05T01:04:01.302+0000] {processor.py:178} INFO - Processing /home/airflow/.local/lib/python3.7/site-packages/airflow/example_dags/example_sla_dag.py took 0.053 seconds
[2025-12-05T01:04:31.957+0000] {processor.py:156} INFO - Started process (PID=7477) to work on /home/airflow/.local/lib/python3.7/site-packages/airflow/example_dags/example_sla_dag.py
[2025-12-05T01:04:31.958+0000] {processor.py:758} INFO - Processing file /home/airflow/.local/lib/python3.7/site-packages/airflow/example_dags/example_sla_dag.py for tasks to queue
[2025-12-05T01:04:31.959+0000] {logging_mixin.py:117} INFO - [2025-12-05T01:04:31.959+0000] {dagbag.py:525} INFO - Filling up the DagBag from /home/airflow/.local/lib/python3.7/site-packages/airflow/example_dags/example_sla_dag.py
[2025-12-05T01:04:31.971+0000] {processor.py:768} INFO - DAG(s) dict_keys(['example_sla_dag']) retrieved from /home/airflow/.local/lib/python3.7/site-packages/airflow/example_dags/example_sla_dag.py
[2025-12-05T01:04:31.995+0000] {logging_mixin.py:117} INFO - [2025-12-05T01:04:31.995+0000] {dag.py:2573} INFO - Sync 1 DAGs
[2025-12-05T01:04:32.007+0000] {logging_mixin.py:117} INFO - [2025-12-05T01:04:32.007+0000] {dag.py:3328} INFO - Setting next_dagrun for example_sla_dag to 2025-12-05T01:02:00+00:00, run_after=2025-12-05T01:04:00+00:00
[2025-12-05T01:04:32.014+0000] {processor.py:178} INFO - Processing /home/airflow/.local/lib/python3.7/site-packages/airflow/example_dags/example_sla_dag.py took 0.059 seconds
[2025-12-05T01:05:02.704+0000] {processor.py:156} INFO - Started process (PID=7678) to work on /home/airflow/.local/lib/python3.7/site-packages/airflow/example_dags/example_sla_dag.py
[2025-12-05T01:05:02.707+0000] {processor.py:758} INFO - Processing file /home/airflow/.local/lib/python3.7/site-packages/airflow/example_dags/example_sla_dag.py for tasks to queue
[2025-12-05T01:05:02.707+0000] {logging_mixin.py:117} INFO - [2025-12-05T01:05:02.707+0000] {dagbag.py:525} INFO - Filling up the DagBag from /home/airflow/.local/lib/python3.7/site-packages/airflow/example_dags/example_sla_dag.py
[2025-12-05T01:05:02.718+0000] {processor.py:768} INFO - DAG(s) dict_keys(['example_sla_dag']) retrieved from /home/airflow/.local/lib/python3.7/site-packages/airflow/example_dags/example_sla_dag.py
[2025-12-05T01:05:02.736+0000] {logging_mixin.py:117} INFO - [2025-12-05T01:05:02.736+0000] {dag.py:2573} INFO - Sync 1 DAGs
[2025-12-05T01:05:02.748+0000] {logging_mixin.py:117} INFO - [2025-12-05T01:05:02.747+0000] {dag.py:3328} INFO - Setting next_dagrun for example_sla_dag to 2025-12-05T01:02:00+00:00, run_after=2025-12-05T01:04:00+00:00
[2025-12-05T01:05:02.755+0000] {processor.py:178} INFO - Processing /home/airflow/.local/lib/python3.7/site-packages/airflow/example_dags/example_sla_dag.py took 0.053 seconds
[2025-12-05T01:05:33.529+0000] {processor.py:156} INFO - Started process (PID=7881) to work on /home/airflow/.local/lib/python3.7/site-packages/airflow/example_dags/example_sla_dag.py
[2025-12-05T01:05:33.530+0000] {processor.py:758} INFO - Processing file /home/airflow/.local/lib/python3.7/site-packages/airflow/example_dags/example_sla_dag.py for tasks to queue
[2025-12-05T01:05:33.530+0000] {logging_mixin.py:117} INFO - [2025-12-05T01:05:33.530+0000] {dagbag.py:525} INFO - Filling up the DagBag from /home/airflow/.local/lib/python3.7/site-packages/airflow/example_dags/example_sla_dag.py
[2025-12-05T01:05:33.540+0000] {processor.py:768} INFO - DAG(s) dict_keys(['example_sla_dag']) retrieved from /home/airflow/.local/lib/python3.7/site-packages/airflow/example_dags/example_sla_dag.py
[2025-12-05T01:05:33.556+0000] {logging_mixin.py:117} INFO - [2025-12-05T01:05:33.556+0000] {dag.py:2573} INFO - Sync 1 DAGs
[2025-12-05T01:05:33.567+0000] {logging_mixin.py:117} INFO - [2025-12-05T01:05:33.567+0000] {dag.py:3328} INFO - Setting next_dagrun for example_sla_dag to 2025-12-05T01:02:00+00:00, run_after=2025-12-05T01:04:00+00:00
[2025-12-05T01:05:33.574+0000] {processor.py:178} INFO - Processing /home/airflow/.local/lib/python3.7/site-packages/airflow/example_dags/example_sla_dag.py took 0.046 seconds
[2025-12-05T01:06:04.551+0000] {processor.py:156} INFO - Started process (PID=8080) to work on /home/airflow/.local/lib/python3.7/site-packages/airflow/example_dags/example_sla_dag.py
[2025-12-05T01:06:04.552+0000] {processor.py:758} INFO - Processing file /home/airflow/.local/lib/python3.7/site-packages/airflow/example_dags/example_sla_dag.py for tasks to queue
[2025-12-05T01:06:04.553+0000] {logging_mixin.py:117} INFO - [2025-12-05T01:06:04.553+0000] {dagbag.py:525} INFO - Filling up the DagBag from /home/airflow/.local/lib/python3.7/site-packages/airflow/example_dags/example_sla_dag.py
[2025-12-05T01:06:04.564+0000] {processor.py:768} INFO - DAG(s) dict_keys(['example_sla_dag']) retrieved from /home/airflow/.local/lib/python3.7/site-packages/airflow/example_dags/example_sla_dag.py
[2025-12-05T01:06:04.593+0000] {logging_mixin.py:117} INFO - [2025-12-05T01:06:04.592+0000] {dag.py:2573} INFO - Sync 1 DAGs
[2025-12-05T01:06:04.607+0000] {logging_mixin.py:117} INFO - [2025-12-05T01:06:04.607+0000] {dag.py:3328} INFO - Setting next_dagrun for example_sla_dag to 2025-12-05T01:04:00+00:00, run_after=2025-12-05T01:06:00+00:00
[2025-12-05T01:06:04.618+0000] {processor.py:178} INFO - Processing /home/airflow/.local/lib/python3.7/site-packages/airflow/example_dags/example_sla_dag.py took 0.068 seconds
[2025-12-05T01:06:35.801+0000] {processor.py:156} INFO - Started process (PID=8281) to work on /home/airflow/.local/lib/python3.7/site-packages/airflow/example_dags/example_sla_dag.py
[2025-12-05T01:06:35.801+0000] {processor.py:758} INFO - Processing file /home/airflow/.local/lib/python3.7/site-packages/airflow/example_dags/example_sla_dag.py for tasks to queue
[2025-12-05T01:06:35.801+0000] {logging_mixin.py:117} INFO - [2025-12-05T01:06:35.801+0000] {dagbag.py:525} INFO - Filling up the DagBag from /home/airflow/.local/lib/python3.7/site-packages/airflow/example_dags/example_sla_dag.py
[2025-12-05T01:06:35.816+0000] {processor.py:768} INFO - DAG(s) dict_keys(['example_sla_dag']) retrieved from /home/airflow/.local/lib/python3.7/site-packages/airflow/example_dags/example_sla_dag.py
[2025-12-05T01:06:35.838+0000] {logging_mixin.py:117} INFO - [2025-12-05T01:06:35.838+0000] {dag.py:2573} INFO - Sync 1 DAGs
[2025-12-05T01:06:35.852+0000] {logging_mixin.py:117} INFO - [2025-12-05T01:06:35.852+0000] {dag.py:3328} INFO - Setting next_dagrun for example_sla_dag to 2025-12-05T01:04:00+00:00, run_after=2025-12-05T01:06:00+00:00
[2025-12-05T01:06:35.864+0000] {processor.py:178} INFO - Processing /home/airflow/.local/lib/python3.7/site-packages/airflow/example_dags/example_sla_dag.py took 0.065 seconds
[2025-12-05T01:07:06.335+0000] {processor.py:156} INFO - Started process (PID=8482) to work on /home/airflow/.local/lib/python3.7/site-packages/airflow/example_dags/example_sla_dag.py
[2025-12-05T01:07:06.336+0000] {processor.py:758} INFO - Processing file /home/airflow/.local/lib/python3.7/site-packages/airflow/example_dags/example_sla_dag.py for tasks to queue
[2025-12-05T01:07:06.336+0000] {logging_mixin.py:117} INFO - [2025-12-05T01:07:06.336+0000] {dagbag.py:525} INFO - Filling up the DagBag from /home/airflow/.local/lib/python3.7/site-packages/airflow/example_dags/example_sla_dag.py
[2025-12-05T01:07:06.348+0000] {processor.py:768} INFO - DAG(s) dict_keys(['example_sla_dag']) retrieved from /home/airflow/.local/lib/python3.7/site-packages/airflow/example_dags/example_sla_dag.py
[2025-12-05T01:07:06.372+0000] {logging_mixin.py:117} INFO - [2025-12-05T01:07:06.372+0000] {dag.py:2573} INFO - Sync 1 DAGs
[2025-12-05T01:07:06.402+0000] {logging_mixin.py:117} INFO - [2025-12-05T01:07:06.402+0000] {dag.py:3328} INFO - Setting next_dagrun for example_sla_dag to 2025-12-05T01:04:00+00:00, run_after=2025-12-05T01:06:00+00:00
[2025-12-05T01:07:06.418+0000] {processor.py:178} INFO - Processing /home/airflow/.local/lib/python3.7/site-packages/airflow/example_dags/example_sla_dag.py took 0.085 seconds
[2025-12-05T01:07:36.445+0000] {processor.py:156} INFO - Started process (PID=8683) to work on /home/airflow/.local/lib/python3.7/site-packages/airflow/example_dags/example_sla_dag.py
[2025-12-05T01:07:36.446+0000] {processor.py:758} INFO - Processing file /home/airflow/.local/lib/python3.7/site-packages/airflow/example_dags/example_sla_dag.py for tasks to queue
[2025-12-05T01:07:36.447+0000] {logging_mixin.py:117} INFO - [2025-12-05T01:07:36.447+0000] {dagbag.py:525} INFO - Filling up the DagBag from /home/airflow/.local/lib/python3.7/site-packages/airflow/example_dags/example_sla_dag.py
[2025-12-05T01:07:36.461+0000] {processor.py:768} INFO - DAG(s) dict_keys(['example_sla_dag']) retrieved from /home/airflow/.local/lib/python3.7/site-packages/airflow/example_dags/example_sla_dag.py
[2025-12-05T01:07:36.488+0000] {logging_mixin.py:117} INFO - [2025-12-05T01:07:36.488+0000] {dag.py:2573} INFO - Sync 1 DAGs
[2025-12-05T01:07:36.503+0000] {logging_mixin.py:117} INFO - [2025-12-05T01:07:36.503+0000] {dag.py:3328} INFO - Setting next_dagrun for example_sla_dag to 2025-12-05T01:04:00+00:00, run_after=2025-12-05T01:06:00+00:00
[2025-12-05T01:07:36.515+0000] {processor.py:178} INFO - Processing /home/airflow/.local/lib/python3.7/site-packages/airflow/example_dags/example_sla_dag.py took 0.072 seconds
[2025-12-05T01:08:06.776+0000] {processor.py:156} INFO - Started process (PID=8884) to work on /home/airflow/.local/lib/python3.7/site-packages/airflow/example_dags/example_sla_dag.py
[2025-12-05T01:08:06.777+0000] {processor.py:758} INFO - Processing file /home/airflow/.local/lib/python3.7/site-packages/airflow/example_dags/example_sla_dag.py for tasks to queue
[2025-12-05T01:08:06.778+0000] {logging_mixin.py:117} INFO - [2025-12-05T01:08:06.778+0000] {dagbag.py:525} INFO - Filling up the DagBag from /home/airflow/.local/lib/python3.7/site-packages/airflow/example_dags/example_sla_dag.py
[2025-12-05T01:08:06.788+0000] {processor.py:768} INFO - DAG(s) dict_keys(['example_sla_dag']) retrieved from /home/airflow/.local/lib/python3.7/site-packages/airflow/example_dags/example_sla_dag.py
[2025-12-05T01:08:06.811+0000] {logging_mixin.py:117} INFO - [2025-12-05T01:08:06.811+0000] {dag.py:2573} INFO - Sync 1 DAGs
[2025-12-05T01:08:06.824+0000] {logging_mixin.py:117} INFO - [2025-12-05T01:08:06.824+0000] {dag.py:3328} INFO - Setting next_dagrun for example_sla_dag to 2025-12-05T01:06:00+00:00, run_after=2025-12-05T01:08:00+00:00
[2025-12-05T01:08:06.834+0000] {processor.py:178} INFO - Processing /home/airflow/.local/lib/python3.7/site-packages/airflow/example_dags/example_sla_dag.py took 0.061 seconds
[2025-12-05T01:08:37.207+0000] {processor.py:156} INFO - Started process (PID=9085) to work on /home/airflow/.local/lib/python3.7/site-packages/airflow/example_dags/example_sla_dag.py
[2025-12-05T01:08:37.207+0000] {processor.py:758} INFO - Processing file /home/airflow/.local/lib/python3.7/site-packages/airflow/example_dags/example_sla_dag.py for tasks to queue
[2025-12-05T01:08:37.207+0000] {logging_mixin.py:117} INFO - [2025-12-05T01:08:37.207+0000] {dagbag.py:525} INFO - Filling up the DagBag from /home/airflow/.local/lib/python3.7/site-packages/airflow/example_dags/example_sla_dag.py
[2025-12-05T01:08:37.219+0000] {processor.py:768} INFO - DAG(s) dict_keys(['example_sla_dag']) retrieved from /home/airflow/.local/lib/python3.7/site-packages/airflow/example_dags/example_sla_dag.py
[2025-12-05T01:08:37.242+0000] {logging_mixin.py:117} INFO - [2025-12-05T01:08:37.242+0000] {dag.py:2573} INFO - Sync 1 DAGs
[2025-12-05T01:08:37.255+0000] {logging_mixin.py:117} INFO - [2025-12-05T01:08:37.255+0000] {dag.py:3328} INFO - Setting next_dagrun for example_sla_dag to 2025-12-05T01:06:00+00:00, run_after=2025-12-05T01:08:00+00:00
[2025-12-05T01:08:37.268+0000] {processor.py:178} INFO - Processing /home/airflow/.local/lib/python3.7/site-packages/airflow/example_dags/example_sla_dag.py took 0.063 seconds
[2025-12-05T01:09:07.430+0000] {processor.py:156} INFO - Started process (PID=9288) to work on /home/airflow/.local/lib/python3.7/site-packages/airflow/example_dags/example_sla_dag.py
[2025-12-05T01:09:07.431+0000] {processor.py:758} INFO - Processing file /home/airflow/.local/lib/python3.7/site-packages/airflow/example_dags/example_sla_dag.py for tasks to queue
[2025-12-05T01:09:07.431+0000] {logging_mixin.py:117} INFO - [2025-12-05T01:09:07.431+0000] {dagbag.py:525} INFO - Filling up the DagBag from /home/airflow/.local/lib/python3.7/site-packages/airflow/example_dags/example_sla_dag.py
[2025-12-05T01:09:07.443+0000] {processor.py:768} INFO - DAG(s) dict_keys(['example_sla_dag']) retrieved from /home/airflow/.local/lib/python3.7/site-packages/airflow/example_dags/example_sla_dag.py
[2025-12-05T01:09:07.462+0000] {logging_mixin.py:117} INFO - [2025-12-05T01:09:07.462+0000] {dag.py:2573} INFO - Sync 1 DAGs
[2025-12-05T01:09:07.476+0000] {logging_mixin.py:117} INFO - [2025-12-05T01:09:07.476+0000] {dag.py:3328} INFO - Setting next_dagrun for example_sla_dag to 2025-12-05T01:06:00+00:00, run_after=2025-12-05T01:08:00+00:00
[2025-12-05T01:09:07.487+0000] {processor.py:178} INFO - Processing /home/airflow/.local/lib/python3.7/site-packages/airflow/example_dags/example_sla_dag.py took 0.058 seconds
[2025-12-05T01:09:37.657+0000] {processor.py:156} INFO - Started process (PID=9487) to work on /home/airflow/.local/lib/python3.7/site-packages/airflow/example_dags/example_sla_dag.py
[2025-12-05T01:09:37.658+0000] {processor.py:758} INFO - Processing file /home/airflow/.local/lib/python3.7/site-packages/airflow/example_dags/example_sla_dag.py for tasks to queue
[2025-12-05T01:09:37.658+0000] {logging_mixin.py:117} INFO - [2025-12-05T01:09:37.658+0000] {dagbag.py:525} INFO - Filling up the DagBag from /home/airflow/.local/lib/python3.7/site-packages/airflow/example_dags/example_sla_dag.py
[2025-12-05T01:09:37.674+0000] {processor.py:768} INFO - DAG(s) dict_keys(['example_sla_dag']) retrieved from /home/airflow/.local/lib/python3.7/site-packages/airflow/example_dags/example_sla_dag.py
[2025-12-05T01:09:37.697+0000] {logging_mixin.py:117} INFO - [2025-12-05T01:09:37.697+0000] {dag.py:2573} INFO - Sync 1 DAGs
[2025-12-05T01:09:37.713+0000] {logging_mixin.py:117} INFO - [2025-12-05T01:09:37.713+0000] {dag.py:3328} INFO - Setting next_dagrun for example_sla_dag to 2025-12-05T01:06:00+00:00, run_after=2025-12-05T01:08:00+00:00
[2025-12-05T01:09:37.723+0000] {processor.py:178} INFO - Processing /home/airflow/.local/lib/python3.7/site-packages/airflow/example_dags/example_sla_dag.py took 0.067 seconds
[2025-12-05T01:10:08.730+0000] {processor.py:156} INFO - Started process (PID=9688) to work on /home/airflow/.local/lib/python3.7/site-packages/airflow/example_dags/example_sla_dag.py
[2025-12-05T01:10:08.731+0000] {processor.py:758} INFO - Processing file /home/airflow/.local/lib/python3.7/site-packages/airflow/example_dags/example_sla_dag.py for tasks to queue
[2025-12-05T01:10:08.731+0000] {logging_mixin.py:117} INFO - [2025-12-05T01:10:08.731+0000] {dagbag.py:525} INFO - Filling up the DagBag from /home/airflow/.local/lib/python3.7/site-packages/airflow/example_dags/example_sla_dag.py
[2025-12-05T01:10:08.744+0000] {processor.py:768} INFO - DAG(s) dict_keys(['example_sla_dag']) retrieved from /home/airflow/.local/lib/python3.7/site-packages/airflow/example_dags/example_sla_dag.py
[2025-12-05T01:10:08.766+0000] {logging_mixin.py:117} INFO - [2025-12-05T01:10:08.766+0000] {dag.py:2573} INFO - Sync 1 DAGs
[2025-12-05T01:10:08.783+0000] {logging_mixin.py:117} INFO - [2025-12-05T01:10:08.783+0000] {dag.py:3328} INFO - Setting next_dagrun for example_sla_dag to 2025-12-05T01:08:00+00:00, run_after=2025-12-05T01:10:00+00:00
[2025-12-05T01:10:08.797+0000] {processor.py:178} INFO - Processing /home/airflow/.local/lib/python3.7/site-packages/airflow/example_dags/example_sla_dag.py took 0.069 seconds
[2025-12-05T01:10:39.648+0000] {processor.py:156} INFO - Started process (PID=9889) to work on /home/airflow/.local/lib/python3.7/site-packages/airflow/example_dags/example_sla_dag.py
[2025-12-05T01:10:39.649+0000] {processor.py:758} INFO - Processing file /home/airflow/.local/lib/python3.7/site-packages/airflow/example_dags/example_sla_dag.py for tasks to queue
[2025-12-05T01:10:39.650+0000] {logging_mixin.py:117} INFO - [2025-12-05T01:10:39.650+0000] {dagbag.py:525} INFO - Filling up the DagBag from /home/airflow/.local/lib/python3.7/site-packages/airflow/example_dags/example_sla_dag.py
[2025-12-05T01:10:39.662+0000] {processor.py:768} INFO - DAG(s) dict_keys(['example_sla_dag']) retrieved from /home/airflow/.local/lib/python3.7/site-packages/airflow/example_dags/example_sla_dag.py
[2025-12-05T01:10:39.683+0000] {logging_mixin.py:117} INFO - [2025-12-05T01:10:39.683+0000] {dag.py:2573} INFO - Sync 1 DAGs
[2025-12-05T01:10:39.694+0000] {logging_mixin.py:117} INFO - [2025-12-05T01:10:39.694+0000] {dag.py:3328} INFO - Setting next_dagrun for example_sla_dag to 2025-12-05T01:08:00+00:00, run_after=2025-12-05T01:10:00+00:00
[2025-12-05T01:10:39.705+0000] {processor.py:178} INFO - Processing /home/airflow/.local/lib/python3.7/site-packages/airflow/example_dags/example_sla_dag.py took 0.059 seconds
[2025-12-05T01:11:10.513+0000] {processor.py:156} INFO - Started process (PID=10097) to work on /home/airflow/.local/lib/python3.7/site-packages/airflow/example_dags/example_sla_dag.py
[2025-12-05T01:11:10.514+0000] {processor.py:758} INFO - Processing file /home/airflow/.local/lib/python3.7/site-packages/airflow/example_dags/example_sla_dag.py for tasks to queue
[2025-12-05T01:11:10.514+0000] {logging_mixin.py:117} INFO - [2025-12-05T01:11:10.514+0000] {dagbag.py:525} INFO - Filling up the DagBag from /home/airflow/.local/lib/python3.7/site-packages/airflow/example_dags/example_sla_dag.py
[2025-12-05T01:11:10.529+0000] {processor.py:768} INFO - DAG(s) dict_keys(['example_sla_dag']) retrieved from /home/airflow/.local/lib/python3.7/site-packages/airflow/example_dags/example_sla_dag.py
[2025-12-05T01:11:10.554+0000] {logging_mixin.py:117} INFO - [2025-12-05T01:11:10.553+0000] {dag.py:2573} INFO - Sync 1 DAGs
[2025-12-05T01:11:10.570+0000] {logging_mixin.py:117} INFO - [2025-12-05T01:11:10.569+0000] {dag.py:3328} INFO - Setting next_dagrun for example_sla_dag to 2025-12-05T01:08:00+00:00, run_after=2025-12-05T01:10:00+00:00
[2025-12-05T01:11:10.581+0000] {processor.py:178} INFO - Processing /home/airflow/.local/lib/python3.7/site-packages/airflow/example_dags/example_sla_dag.py took 0.070 seconds
[2025-12-05T01:11:41.343+0000] {processor.py:156} INFO - Started process (PID=10297) to work on /home/airflow/.local/lib/python3.7/site-packages/airflow/example_dags/example_sla_dag.py
[2025-12-05T01:11:41.343+0000] {processor.py:758} INFO - Processing file /home/airflow/.local/lib/python3.7/site-packages/airflow/example_dags/example_sla_dag.py for tasks to queue
[2025-12-05T01:11:41.344+0000] {logging_mixin.py:117} INFO - [2025-12-05T01:11:41.344+0000] {dagbag.py:525} INFO - Filling up the DagBag from /home/airflow/.local/lib/python3.7/site-packages/airflow/example_dags/example_sla_dag.py
[2025-12-05T01:11:41.357+0000] {processor.py:768} INFO - DAG(s) dict_keys(['example_sla_dag']) retrieved from /home/airflow/.local/lib/python3.7/site-packages/airflow/example_dags/example_sla_dag.py
[2025-12-05T01:11:41.376+0000] {logging_mixin.py:117} INFO - [2025-12-05T01:11:41.376+0000] {dag.py:2573} INFO - Sync 1 DAGs
[2025-12-05T01:11:41.390+0000] {logging_mixin.py:117} INFO - [2025-12-05T01:11:41.390+0000] {dag.py:3328} INFO - Setting next_dagrun for example_sla_dag to 2025-12-05T01:08:00+00:00, run_after=2025-12-05T01:10:00+00:00
[2025-12-05T01:11:41.402+0000] {processor.py:178} INFO - Processing /home/airflow/.local/lib/python3.7/site-packages/airflow/example_dags/example_sla_dag.py took 0.061 seconds
[2025-12-05T01:12:12.617+0000] {processor.py:156} INFO - Started process (PID=10497) to work on /home/airflow/.local/lib/python3.7/site-packages/airflow/example_dags/example_sla_dag.py
[2025-12-05T01:12:12.618+0000] {processor.py:758} INFO - Processing file /home/airflow/.local/lib/python3.7/site-packages/airflow/example_dags/example_sla_dag.py for tasks to queue
[2025-12-05T01:12:12.619+0000] {logging_mixin.py:117} INFO - [2025-12-05T01:12:12.618+0000] {dagbag.py:525} INFO - Filling up the DagBag from /home/airflow/.local/lib/python3.7/site-packages/airflow/example_dags/example_sla_dag.py
[2025-12-05T01:12:12.633+0000] {processor.py:768} INFO - DAG(s) dict_keys(['example_sla_dag']) retrieved from /home/airflow/.local/lib/python3.7/site-packages/airflow/example_dags/example_sla_dag.py
[2025-12-05T01:12:12.661+0000] {logging_mixin.py:117} INFO - [2025-12-05T01:12:12.661+0000] {dag.py:2573} INFO - Sync 1 DAGs
[2025-12-05T01:12:12.680+0000] {logging_mixin.py:117} INFO - [2025-12-05T01:12:12.680+0000] {dag.py:3328} INFO - Setting next_dagrun for example_sla_dag to 2025-12-05T01:10:00+00:00, run_after=2025-12-05T01:12:00+00:00
[2025-12-05T01:12:12.700+0000] {processor.py:178} INFO - Processing /home/airflow/.local/lib/python3.7/site-packages/airflow/example_dags/example_sla_dag.py took 0.085 seconds
[2025-12-05T01:12:42.732+0000] {processor.py:156} INFO - Started process (PID=10698) to work on /home/airflow/.local/lib/python3.7/site-packages/airflow/example_dags/example_sla_dag.py
[2025-12-05T01:12:42.736+0000] {processor.py:758} INFO - Processing file /home/airflow/.local/lib/python3.7/site-packages/airflow/example_dags/example_sla_dag.py for tasks to queue
[2025-12-05T01:12:42.736+0000] {logging_mixin.py:117} INFO - [2025-12-05T01:12:42.736+0000] {dagbag.py:525} INFO - Filling up the DagBag from /home/airflow/.local/lib/python3.7/site-packages/airflow/example_dags/example_sla_dag.py
[2025-12-05T01:12:42.748+0000] {processor.py:768} INFO - DAG(s) dict_keys(['example_sla_dag']) retrieved from /home/airflow/.local/lib/python3.7/site-packages/airflow/example_dags/example_sla_dag.py
[2025-12-05T01:12:42.759+0000] {logging_mixin.py:117} INFO - [2025-12-05T01:12:42.759+0000] {dag.py:2573} INFO - Sync 1 DAGs
[2025-12-05T01:12:42.773+0000] {logging_mixin.py:117} INFO - [2025-12-05T01:12:42.772+0000] {dag.py:3328} INFO - Setting next_dagrun for example_sla_dag to 2025-12-05T01:10:00+00:00, run_after=2025-12-05T01:12:00+00:00
[2025-12-05T01:12:42.783+0000] {processor.py:178} INFO - Processing /home/airflow/.local/lib/python3.7/site-packages/airflow/example_dags/example_sla_dag.py took 0.053 seconds
[2025-12-05T01:13:13.912+0000] {processor.py:156} INFO - Started process (PID=10899) to work on /home/airflow/.local/lib/python3.7/site-packages/airflow/example_dags/example_sla_dag.py
[2025-12-05T01:13:13.913+0000] {processor.py:758} INFO - Processing file /home/airflow/.local/lib/python3.7/site-packages/airflow/example_dags/example_sla_dag.py for tasks to queue
[2025-12-05T01:13:13.914+0000] {logging_mixin.py:117} INFO - [2025-12-05T01:13:13.913+0000] {dagbag.py:525} INFO - Filling up the DagBag from /home/airflow/.local/lib/python3.7/site-packages/airflow/example_dags/example_sla_dag.py
[2025-12-05T01:13:13.926+0000] {processor.py:768} INFO - DAG(s) dict_keys(['example_sla_dag']) retrieved from /home/airflow/.local/lib/python3.7/site-packages/airflow/example_dags/example_sla_dag.py
[2025-12-05T01:13:13.947+0000] {logging_mixin.py:117} INFO - [2025-12-05T01:13:13.947+0000] {dag.py:2573} INFO - Sync 1 DAGs
[2025-12-05T01:13:13.960+0000] {logging_mixin.py:117} INFO - [2025-12-05T01:13:13.960+0000] {dag.py:3328} INFO - Setting next_dagrun for example_sla_dag to 2025-12-05T01:10:00+00:00, run_after=2025-12-05T01:12:00+00:00
[2025-12-05T01:13:13.973+0000] {processor.py:178} INFO - Processing /home/airflow/.local/lib/python3.7/site-packages/airflow/example_dags/example_sla_dag.py took 0.062 seconds
[2025-12-05T01:13:44.356+0000] {processor.py:156} INFO - Started process (PID=11100) to work on /home/airflow/.local/lib/python3.7/site-packages/airflow/example_dags/example_sla_dag.py
[2025-12-05T01:13:44.359+0000] {processor.py:758} INFO - Processing file /home/airflow/.local/lib/python3.7/site-packages/airflow/example_dags/example_sla_dag.py for tasks to queue
[2025-12-05T01:13:44.360+0000] {logging_mixin.py:117} INFO - [2025-12-05T01:13:44.360+0000] {dagbag.py:525} INFO - Filling up the DagBag from /home/airflow/.local/lib/python3.7/site-packages/airflow/example_dags/example_sla_dag.py
[2025-12-05T01:13:44.373+0000] {processor.py:768} INFO - DAG(s) dict_keys(['example_sla_dag']) retrieved from /home/airflow/.local/lib/python3.7/site-packages/airflow/example_dags/example_sla_dag.py
[2025-12-05T01:13:44.394+0000] {logging_mixin.py:117} INFO - [2025-12-05T01:13:44.394+0000] {dag.py:2573} INFO - Sync 1 DAGs
[2025-12-05T01:13:44.408+0000] {logging_mixin.py:117} INFO - [2025-12-05T01:13:44.408+0000] {dag.py:3328} INFO - Setting next_dagrun for example_sla_dag to 2025-12-05T01:10:00+00:00, run_after=2025-12-05T01:12:00+00:00
[2025-12-05T01:13:44.417+0000] {processor.py:178} INFO - Processing /home/airflow/.local/lib/python3.7/site-packages/airflow/example_dags/example_sla_dag.py took 0.063 seconds
[2025-12-05T01:14:14.998+0000] {processor.py:156} INFO - Started process (PID=11303) to work on /home/airflow/.local/lib/python3.7/site-packages/airflow/example_dags/example_sla_dag.py
[2025-12-05T01:14:14.998+0000] {processor.py:758} INFO - Processing file /home/airflow/.local/lib/python3.7/site-packages/airflow/example_dags/example_sla_dag.py for tasks to queue
[2025-12-05T01:14:14.998+0000] {logging_mixin.py:117} INFO - [2025-12-05T01:14:14.998+0000] {dagbag.py:525} INFO - Filling up the DagBag from /home/airflow/.local/lib/python3.7/site-packages/airflow/example_dags/example_sla_dag.py
[2025-12-05T01:14:15.014+0000] {processor.py:768} INFO - DAG(s) dict_keys(['example_sla_dag']) retrieved from /home/airflow/.local/lib/python3.7/site-packages/airflow/example_dags/example_sla_dag.py
[2025-12-05T01:14:15.041+0000] {logging_mixin.py:117} INFO - [2025-12-05T01:14:15.041+0000] {dag.py:2573} INFO - Sync 1 DAGs
[2025-12-05T01:14:15.058+0000] {logging_mixin.py:117} INFO - [2025-12-05T01:14:15.058+0000] {dag.py:3328} INFO - Setting next_dagrun for example_sla_dag to 2025-12-05T01:12:00+00:00, run_after=2025-12-05T01:14:00+00:00
[2025-12-05T01:14:15.070+0000] {processor.py:178} INFO - Processing /home/airflow/.local/lib/python3.7/site-packages/airflow/example_dags/example_sla_dag.py took 0.075 seconds
[2025-12-05T01:14:45.196+0000] {processor.py:156} INFO - Started process (PID=11504) to work on /home/airflow/.local/lib/python3.7/site-packages/airflow/example_dags/example_sla_dag.py
[2025-12-05T01:14:45.197+0000] {processor.py:758} INFO - Processing file /home/airflow/.local/lib/python3.7/site-packages/airflow/example_dags/example_sla_dag.py for tasks to queue
[2025-12-05T01:14:45.197+0000] {logging_mixin.py:117} INFO - [2025-12-05T01:14:45.197+0000] {dagbag.py:525} INFO - Filling up the DagBag from /home/airflow/.local/lib/python3.7/site-packages/airflow/example_dags/example_sla_dag.py
[2025-12-05T01:14:45.212+0000] {processor.py:768} INFO - DAG(s) dict_keys(['example_sla_dag']) retrieved from /home/airflow/.local/lib/python3.7/site-packages/airflow/example_dags/example_sla_dag.py
[2025-12-05T01:14:45.231+0000] {logging_mixin.py:117} INFO - [2025-12-05T01:14:45.231+0000] {dag.py:2573} INFO - Sync 1 DAGs
[2025-12-05T01:14:45.246+0000] {logging_mixin.py:117} INFO - [2025-12-05T01:14:45.246+0000] {dag.py:3328} INFO - Setting next_dagrun for example_sla_dag to 2025-12-05T01:12:00+00:00, run_after=2025-12-05T01:14:00+00:00
[2025-12-05T01:14:45.261+0000] {processor.py:178} INFO - Processing /home/airflow/.local/lib/python3.7/site-packages/airflow/example_dags/example_sla_dag.py took 0.066 seconds
[2025-12-05T01:15:16.486+0000] {processor.py:156} INFO - Started process (PID=11704) to work on /home/airflow/.local/lib/python3.7/site-packages/airflow/example_dags/example_sla_dag.py
[2025-12-05T01:15:16.491+0000] {processor.py:758} INFO - Processing file /home/airflow/.local/lib/python3.7/site-packages/airflow/example_dags/example_sla_dag.py for tasks to queue
[2025-12-05T01:15:16.492+0000] {logging_mixin.py:117} INFO - [2025-12-05T01:15:16.492+0000] {dagbag.py:525} INFO - Filling up the DagBag from /home/airflow/.local/lib/python3.7/site-packages/airflow/example_dags/example_sla_dag.py
[2025-12-05T01:15:16.510+0000] {processor.py:768} INFO - DAG(s) dict_keys(['example_sla_dag']) retrieved from /home/airflow/.local/lib/python3.7/site-packages/airflow/example_dags/example_sla_dag.py
[2025-12-05T01:15:16.542+0000] {logging_mixin.py:117} INFO - [2025-12-05T01:15:16.542+0000] {dag.py:2573} INFO - Sync 1 DAGs
[2025-12-05T01:15:16.559+0000] {logging_mixin.py:117} INFO - [2025-12-05T01:15:16.559+0000] {dag.py:3328} INFO - Setting next_dagrun for example_sla_dag to 2025-12-05T01:12:00+00:00, run_after=2025-12-05T01:14:00+00:00
[2025-12-05T01:15:16.578+0000] {processor.py:178} INFO - Processing /home/airflow/.local/lib/python3.7/site-packages/airflow/example_dags/example_sla_dag.py took 0.094 seconds
[2025-12-05T01:15:46.823+0000] {processor.py:156} INFO - Started process (PID=11905) to work on /home/airflow/.local/lib/python3.7/site-packages/airflow/example_dags/example_sla_dag.py
[2025-12-05T01:15:46.827+0000] {processor.py:758} INFO - Processing file /home/airflow/.local/lib/python3.7/site-packages/airflow/example_dags/example_sla_dag.py for tasks to queue
[2025-12-05T01:15:46.829+0000] {logging_mixin.py:117} INFO - [2025-12-05T01:15:46.829+0000] {dagbag.py:525} INFO - Filling up the DagBag from /home/airflow/.local/lib/python3.7/site-packages/airflow/example_dags/example_sla_dag.py
[2025-12-05T01:15:46.867+0000] {processor.py:768} INFO - DAG(s) dict_keys(['example_sla_dag']) retrieved from /home/airflow/.local/lib/python3.7/site-packages/airflow/example_dags/example_sla_dag.py
[2025-12-05T01:15:46.911+0000] {logging_mixin.py:117} INFO - [2025-12-05T01:15:46.911+0000] {dag.py:2573} INFO - Sync 1 DAGs
[2025-12-05T01:15:46.929+0000] {logging_mixin.py:117} INFO - [2025-12-05T01:15:46.929+0000] {dag.py:3328} INFO - Setting next_dagrun for example_sla_dag to 2025-12-05T01:12:00+00:00, run_after=2025-12-05T01:14:00+00:00
[2025-12-05T01:15:46.945+0000] {processor.py:178} INFO - Processing /home/airflow/.local/lib/python3.7/site-packages/airflow/example_dags/example_sla_dag.py took 0.125 seconds
[2025-12-05T01:16:17.067+0000] {processor.py:156} INFO - Started process (PID=12111) to work on /home/airflow/.local/lib/python3.7/site-packages/airflow/example_dags/example_sla_dag.py
[2025-12-05T01:16:17.068+0000] {processor.py:758} INFO - Processing file /home/airflow/.local/lib/python3.7/site-packages/airflow/example_dags/example_sla_dag.py for tasks to queue
[2025-12-05T01:16:17.068+0000] {logging_mixin.py:117} INFO - [2025-12-05T01:16:17.068+0000] {dagbag.py:525} INFO - Filling up the DagBag from /home/airflow/.local/lib/python3.7/site-packages/airflow/example_dags/example_sla_dag.py
[2025-12-05T01:16:17.080+0000] {processor.py:768} INFO - DAG(s) dict_keys(['example_sla_dag']) retrieved from /home/airflow/.local/lib/python3.7/site-packages/airflow/example_dags/example_sla_dag.py
[2025-12-05T01:16:17.100+0000] {logging_mixin.py:117} INFO - [2025-12-05T01:16:17.100+0000] {dag.py:2573} INFO - Sync 1 DAGs
[2025-12-05T01:16:17.113+0000] {logging_mixin.py:117} INFO - [2025-12-05T01:16:17.113+0000] {dag.py:3328} INFO - Setting next_dagrun for example_sla_dag to 2025-12-05T01:14:00+00:00, run_after=2025-12-05T01:16:00+00:00
[2025-12-05T01:16:17.121+0000] {processor.py:178} INFO - Processing /home/airflow/.local/lib/python3.7/site-packages/airflow/example_dags/example_sla_dag.py took 0.057 seconds
[2025-12-05T01:16:47.462+0000] {processor.py:156} INFO - Started process (PID=12322) to work on /home/airflow/.local/lib/python3.7/site-packages/airflow/example_dags/example_sla_dag.py
[2025-12-05T01:16:47.463+0000] {processor.py:758} INFO - Processing file /home/airflow/.local/lib/python3.7/site-packages/airflow/example_dags/example_sla_dag.py for tasks to queue
[2025-12-05T01:16:47.463+0000] {logging_mixin.py:117} INFO - [2025-12-05T01:16:47.463+0000] {dagbag.py:525} INFO - Filling up the DagBag from /home/airflow/.local/lib/python3.7/site-packages/airflow/example_dags/example_sla_dag.py
[2025-12-05T01:16:47.474+0000] {processor.py:768} INFO - DAG(s) dict_keys(['example_sla_dag']) retrieved from /home/airflow/.local/lib/python3.7/site-packages/airflow/example_dags/example_sla_dag.py
[2025-12-05T01:16:47.493+0000] {logging_mixin.py:117} INFO - [2025-12-05T01:16:47.493+0000] {dag.py:2573} INFO - Sync 1 DAGs
[2025-12-05T01:16:47.508+0000] {logging_mixin.py:117} INFO - [2025-12-05T01:16:47.508+0000] {dag.py:3328} INFO - Setting next_dagrun for example_sla_dag to 2025-12-05T01:14:00+00:00, run_after=2025-12-05T01:16:00+00:00
[2025-12-05T01:16:47.516+0000] {processor.py:178} INFO - Processing /home/airflow/.local/lib/python3.7/site-packages/airflow/example_dags/example_sla_dag.py took 0.056 seconds
[2025-12-05T01:17:17.863+0000] {processor.py:156} INFO - Started process (PID=12530) to work on /home/airflow/.local/lib/python3.7/site-packages/airflow/example_dags/example_sla_dag.py
[2025-12-05T01:17:17.864+0000] {processor.py:758} INFO - Processing file /home/airflow/.local/lib/python3.7/site-packages/airflow/example_dags/example_sla_dag.py for tasks to queue
[2025-12-05T01:17:17.865+0000] {logging_mixin.py:117} INFO - [2025-12-05T01:17:17.865+0000] {dagbag.py:525} INFO - Filling up the DagBag from /home/airflow/.local/lib/python3.7/site-packages/airflow/example_dags/example_sla_dag.py
[2025-12-05T01:17:17.878+0000] {processor.py:768} INFO - DAG(s) dict_keys(['example_sla_dag']) retrieved from /home/airflow/.local/lib/python3.7/site-packages/airflow/example_dags/example_sla_dag.py
[2025-12-05T01:17:17.900+0000] {logging_mixin.py:117} INFO - [2025-12-05T01:17:17.899+0000] {dag.py:2573} INFO - Sync 1 DAGs
[2025-12-05T01:17:17.919+0000] {logging_mixin.py:117} INFO - [2025-12-05T01:17:17.919+0000] {dag.py:3328} INFO - Setting next_dagrun for example_sla_dag to 2025-12-05T01:14:00+00:00, run_after=2025-12-05T01:16:00+00:00
[2025-12-05T01:17:17.935+0000] {processor.py:178} INFO - Processing /home/airflow/.local/lib/python3.7/site-packages/airflow/example_dags/example_sla_dag.py took 0.073 seconds
[2025-12-05T01:17:48.219+0000] {processor.py:156} INFO - Started process (PID=12738) to work on /home/airflow/.local/lib/python3.7/site-packages/airflow/example_dags/example_sla_dag.py
[2025-12-05T01:17:48.220+0000] {processor.py:758} INFO - Processing file /home/airflow/.local/lib/python3.7/site-packages/airflow/example_dags/example_sla_dag.py for tasks to queue
[2025-12-05T01:17:48.221+0000] {logging_mixin.py:117} INFO - [2025-12-05T01:17:48.221+0000] {dagbag.py:525} INFO - Filling up the DagBag from /home/airflow/.local/lib/python3.7/site-packages/airflow/example_dags/example_sla_dag.py
[2025-12-05T01:17:48.232+0000] {processor.py:768} INFO - DAG(s) dict_keys(['example_sla_dag']) retrieved from /home/airflow/.local/lib/python3.7/site-packages/airflow/example_dags/example_sla_dag.py
[2025-12-05T01:17:48.257+0000] {logging_mixin.py:117} INFO - [2025-12-05T01:17:48.257+0000] {dag.py:2573} INFO - Sync 1 DAGs
[2025-12-05T01:17:48.272+0000] {logging_mixin.py:117} INFO - [2025-12-05T01:17:48.272+0000] {dag.py:3328} INFO - Setting next_dagrun for example_sla_dag to 2025-12-05T01:14:00+00:00, run_after=2025-12-05T01:16:00+00:00
[2025-12-05T01:17:48.282+0000] {processor.py:178} INFO - Processing /home/airflow/.local/lib/python3.7/site-packages/airflow/example_dags/example_sla_dag.py took 0.065 seconds
[2025-12-05T01:18:18.393+0000] {processor.py:156} INFO - Started process (PID=12944) to work on /home/airflow/.local/lib/python3.7/site-packages/airflow/example_dags/example_sla_dag.py
[2025-12-05T01:18:18.395+0000] {processor.py:758} INFO - Processing file /home/airflow/.local/lib/python3.7/site-packages/airflow/example_dags/example_sla_dag.py for tasks to queue
[2025-12-05T01:18:18.396+0000] {logging_mixin.py:117} INFO - [2025-12-05T01:18:18.395+0000] {dagbag.py:525} INFO - Filling up the DagBag from /home/airflow/.local/lib/python3.7/site-packages/airflow/example_dags/example_sla_dag.py
[2025-12-05T01:18:18.408+0000] {processor.py:768} INFO - DAG(s) dict_keys(['example_sla_dag']) retrieved from /home/airflow/.local/lib/python3.7/site-packages/airflow/example_dags/example_sla_dag.py
[2025-12-05T01:18:18.429+0000] {logging_mixin.py:117} INFO - [2025-12-05T01:18:18.429+0000] {dag.py:2573} INFO - Sync 1 DAGs
[2025-12-05T01:18:18.442+0000] {logging_mixin.py:117} INFO - [2025-12-05T01:18:18.442+0000] {dag.py:3328} INFO - Setting next_dagrun for example_sla_dag to 2025-12-05T01:16:00+00:00, run_after=2025-12-05T01:18:00+00:00
[2025-12-05T01:18:18.451+0000] {processor.py:178} INFO - Processing /home/airflow/.local/lib/python3.7/site-packages/airflow/example_dags/example_sla_dag.py took 0.059 seconds
[2025-12-05T01:18:48.777+0000] {processor.py:156} INFO - Started process (PID=13150) to work on /home/airflow/.local/lib/python3.7/site-packages/airflow/example_dags/example_sla_dag.py
[2025-12-05T01:18:48.778+0000] {processor.py:758} INFO - Processing file /home/airflow/.local/lib/python3.7/site-packages/airflow/example_dags/example_sla_dag.py for tasks to queue
[2025-12-05T01:18:48.779+0000] {logging_mixin.py:117} INFO - [2025-12-05T01:18:48.779+0000] {dagbag.py:525} INFO - Filling up the DagBag from /home/airflow/.local/lib/python3.7/site-packages/airflow/example_dags/example_sla_dag.py
[2025-12-05T01:18:48.794+0000] {processor.py:768} INFO - DAG(s) dict_keys(['example_sla_dag']) retrieved from /home/airflow/.local/lib/python3.7/site-packages/airflow/example_dags/example_sla_dag.py
[2025-12-05T01:18:48.818+0000] {logging_mixin.py:117} INFO - [2025-12-05T01:18:48.818+0000] {dag.py:2573} INFO - Sync 1 DAGs
[2025-12-05T01:18:48.830+0000] {logging_mixin.py:117} INFO - [2025-12-05T01:18:48.830+0000] {dag.py:3328} INFO - Setting next_dagrun for example_sla_dag to 2025-12-05T01:16:00+00:00, run_after=2025-12-05T01:18:00+00:00
[2025-12-05T01:18:48.838+0000] {processor.py:178} INFO - Processing /home/airflow/.local/lib/python3.7/site-packages/airflow/example_dags/example_sla_dag.py took 0.063 seconds
[2025-12-05T01:19:19.725+0000] {processor.py:156} INFO - Started process (PID=13356) to work on /home/airflow/.local/lib/python3.7/site-packages/airflow/example_dags/example_sla_dag.py
[2025-12-05T01:19:19.725+0000] {processor.py:758} INFO - Processing file /home/airflow/.local/lib/python3.7/site-packages/airflow/example_dags/example_sla_dag.py for tasks to queue
[2025-12-05T01:19:19.726+0000] {logging_mixin.py:117} INFO - [2025-12-05T01:19:19.726+0000] {dagbag.py:525} INFO - Filling up the DagBag from /home/airflow/.local/lib/python3.7/site-packages/airflow/example_dags/example_sla_dag.py
[2025-12-05T01:19:19.737+0000] {processor.py:768} INFO - DAG(s) dict_keys(['example_sla_dag']) retrieved from /home/airflow/.local/lib/python3.7/site-packages/airflow/example_dags/example_sla_dag.py
[2025-12-05T01:19:19.754+0000] {logging_mixin.py:117} INFO - [2025-12-05T01:19:19.754+0000] {dag.py:2573} INFO - Sync 1 DAGs
[2025-12-05T01:19:19.767+0000] {logging_mixin.py:117} INFO - [2025-12-05T01:19:19.767+0000] {dag.py:3328} INFO - Setting next_dagrun for example_sla_dag to 2025-12-05T01:16:00+00:00, run_after=2025-12-05T01:18:00+00:00
[2025-12-05T01:19:19.777+0000] {processor.py:178} INFO - Processing /home/airflow/.local/lib/python3.7/site-packages/airflow/example_dags/example_sla_dag.py took 0.054 seconds
[2025-12-05T01:19:50.582+0000] {processor.py:156} INFO - Started process (PID=13562) to work on /home/airflow/.local/lib/python3.7/site-packages/airflow/example_dags/example_sla_dag.py
[2025-12-05T01:19:50.582+0000] {processor.py:758} INFO - Processing file /home/airflow/.local/lib/python3.7/site-packages/airflow/example_dags/example_sla_dag.py for tasks to queue
[2025-12-05T01:19:50.582+0000] {logging_mixin.py:117} INFO - [2025-12-05T01:19:50.582+0000] {dagbag.py:525} INFO - Filling up the DagBag from /home/airflow/.local/lib/python3.7/site-packages/airflow/example_dags/example_sla_dag.py
[2025-12-05T01:19:50.596+0000] {processor.py:768} INFO - DAG(s) dict_keys(['example_sla_dag']) retrieved from /home/airflow/.local/lib/python3.7/site-packages/airflow/example_dags/example_sla_dag.py
[2025-12-05T01:19:50.625+0000] {logging_mixin.py:117} INFO - [2025-12-05T01:19:50.625+0000] {dag.py:2573} INFO - Sync 1 DAGs
[2025-12-05T01:19:50.640+0000] {logging_mixin.py:117} INFO - [2025-12-05T01:19:50.640+0000] {dag.py:3328} INFO - Setting next_dagrun for example_sla_dag to 2025-12-05T01:16:00+00:00, run_after=2025-12-05T01:18:00+00:00
[2025-12-05T01:19:50.652+0000] {processor.py:178} INFO - Processing /home/airflow/.local/lib/python3.7/site-packages/airflow/example_dags/example_sla_dag.py took 0.072 seconds
[2025-12-05T01:20:21.494+0000] {processor.py:156} INFO - Started process (PID=13770) to work on /home/airflow/.local/lib/python3.7/site-packages/airflow/example_dags/example_sla_dag.py
[2025-12-05T01:20:21.495+0000] {processor.py:758} INFO - Processing file /home/airflow/.local/lib/python3.7/site-packages/airflow/example_dags/example_sla_dag.py for tasks to queue
[2025-12-05T01:20:21.495+0000] {logging_mixin.py:117} INFO - [2025-12-05T01:20:21.495+0000] {dagbag.py:525} INFO - Filling up the DagBag from /home/airflow/.local/lib/python3.7/site-packages/airflow/example_dags/example_sla_dag.py
[2025-12-05T01:20:21.506+0000] {processor.py:768} INFO - DAG(s) dict_keys(['example_sla_dag']) retrieved from /home/airflow/.local/lib/python3.7/site-packages/airflow/example_dags/example_sla_dag.py
[2025-12-05T01:20:21.523+0000] {logging_mixin.py:117} INFO - [2025-12-05T01:20:21.523+0000] {dag.py:2573} INFO - Sync 1 DAGs
[2025-12-05T01:20:21.536+0000] {logging_mixin.py:117} INFO - [2025-12-05T01:20:21.536+0000] {dag.py:3328} INFO - Setting next_dagrun for example_sla_dag to 2025-12-05T01:18:00+00:00, run_after=2025-12-05T01:20:00+00:00
[2025-12-05T01:20:21.543+0000] {processor.py:178} INFO - Processing /home/airflow/.local/lib/python3.7/site-packages/airflow/example_dags/example_sla_dag.py took 0.050 seconds
[2025-12-05T01:20:52.461+0000] {processor.py:156} INFO - Started process (PID=13974) to work on /home/airflow/.local/lib/python3.7/site-packages/airflow/example_dags/example_sla_dag.py
[2025-12-05T01:20:52.464+0000] {processor.py:758} INFO - Processing file /home/airflow/.local/lib/python3.7/site-packages/airflow/example_dags/example_sla_dag.py for tasks to queue
[2025-12-05T01:20:52.466+0000] {logging_mixin.py:117} INFO - [2025-12-05T01:20:52.466+0000] {dagbag.py:525} INFO - Filling up the DagBag from /home/airflow/.local/lib/python3.7/site-packages/airflow/example_dags/example_sla_dag.py
[2025-12-05T01:20:52.479+0000] {processor.py:768} INFO - DAG(s) dict_keys(['example_sla_dag']) retrieved from /home/airflow/.local/lib/python3.7/site-packages/airflow/example_dags/example_sla_dag.py
[2025-12-05T01:20:52.498+0000] {logging_mixin.py:117} INFO - [2025-12-05T01:20:52.498+0000] {dag.py:2573} INFO - Sync 1 DAGs
[2025-12-05T01:20:52.511+0000] {logging_mixin.py:117} INFO - [2025-12-05T01:20:52.510+0000] {dag.py:3328} INFO - Setting next_dagrun for example_sla_dag to 2025-12-05T01:18:00+00:00, run_after=2025-12-05T01:20:00+00:00
[2025-12-05T01:20:52.518+0000] {processor.py:178} INFO - Processing /home/airflow/.local/lib/python3.7/site-packages/airflow/example_dags/example_sla_dag.py took 0.059 seconds
