[2025-12-05T00:46:08.614+0000] {processor.py:156} INFO - Started process (PID=344) to work on /home/airflow/.local/lib/python3.7/site-packages/airflow/example_dags/example_complex.py
[2025-12-05T00:46:08.616+0000] {processor.py:758} INFO - Processing file /home/airflow/.local/lib/python3.7/site-packages/airflow/example_dags/example_complex.py for tasks to queue
[2025-12-05T00:46:08.616+0000] {logging_mixin.py:117} INFO - [2025-12-05T00:46:08.616+0000] {dagbag.py:525} INFO - Filling up the DagBag from /home/airflow/.local/lib/python3.7/site-packages/airflow/example_dags/example_complex.py
[2025-12-05T00:46:08.631+0000] {processor.py:768} INFO - DAG(s) dict_keys(['example_complex']) retrieved from /home/airflow/.local/lib/python3.7/site-packages/airflow/example_dags/example_complex.py
[2025-12-05T00:46:08.698+0000] {logging_mixin.py:117} INFO - [2025-12-05T00:46:08.698+0000] {manager.py:508} INFO - Created Permission View: can read on DAG:example_complex
[2025-12-05T00:46:08.702+0000] {logging_mixin.py:117} INFO - [2025-12-05T00:46:08.702+0000] {manager.py:508} INFO - Created Permission View: can delete on DAG:example_complex
[2025-12-05T00:46:08.704+0000] {logging_mixin.py:117} INFO - [2025-12-05T00:46:08.704+0000] {manager.py:508} INFO - Created Permission View: can edit on DAG:example_complex
[2025-12-05T00:46:08.704+0000] {logging_mixin.py:117} INFO - [2025-12-05T00:46:08.704+0000] {dag.py:2573} INFO - Sync 1 DAGs
[2025-12-05T00:46:08.784+0000] {logging_mixin.py:117} INFO - [2025-12-05T00:46:08.784+0000] {dag.py:2594} INFO - Creating ORM DAG for example_complex
[2025-12-05T00:46:08.789+0000] {logging_mixin.py:117} INFO - [2025-12-05T00:46:08.789+0000] {dag.py:3328} INFO - Setting next_dagrun for example_complex to None, run_after=None
[2025-12-05T00:46:08.797+0000] {processor.py:178} INFO - Processing /home/airflow/.local/lib/python3.7/site-packages/airflow/example_dags/example_complex.py took 0.184 seconds
[2025-12-05T00:46:39.664+0000] {processor.py:156} INFO - Started process (PID=547) to work on /home/airflow/.local/lib/python3.7/site-packages/airflow/example_dags/example_complex.py
[2025-12-05T00:46:39.665+0000] {processor.py:758} INFO - Processing file /home/airflow/.local/lib/python3.7/site-packages/airflow/example_dags/example_complex.py for tasks to queue
[2025-12-05T00:46:39.665+0000] {logging_mixin.py:117} INFO - [2025-12-05T00:46:39.665+0000] {dagbag.py:525} INFO - Filling up the DagBag from /home/airflow/.local/lib/python3.7/site-packages/airflow/example_dags/example_complex.py
[2025-12-05T00:46:39.674+0000] {processor.py:768} INFO - DAG(s) dict_keys(['example_complex']) retrieved from /home/airflow/.local/lib/python3.7/site-packages/airflow/example_dags/example_complex.py
[2025-12-05T00:46:39.695+0000] {logging_mixin.py:117} INFO - [2025-12-05T00:46:39.695+0000] {dag.py:2573} INFO - Sync 1 DAGs
[2025-12-05T00:46:39.707+0000] {logging_mixin.py:117} INFO - [2025-12-05T00:46:39.707+0000] {dag.py:3328} INFO - Setting next_dagrun for example_complex to None, run_after=None
[2025-12-05T00:46:39.716+0000] {processor.py:178} INFO - Processing /home/airflow/.local/lib/python3.7/site-packages/airflow/example_dags/example_complex.py took 0.054 seconds
[2025-12-05T00:47:09.737+0000] {processor.py:156} INFO - Started process (PID=747) to work on /home/airflow/.local/lib/python3.7/site-packages/airflow/example_dags/example_complex.py
[2025-12-05T00:47:09.737+0000] {processor.py:758} INFO - Processing file /home/airflow/.local/lib/python3.7/site-packages/airflow/example_dags/example_complex.py for tasks to queue
[2025-12-05T00:47:09.738+0000] {logging_mixin.py:117} INFO - [2025-12-05T00:47:09.738+0000] {dagbag.py:525} INFO - Filling up the DagBag from /home/airflow/.local/lib/python3.7/site-packages/airflow/example_dags/example_complex.py
[2025-12-05T00:47:09.748+0000] {processor.py:768} INFO - DAG(s) dict_keys(['example_complex']) retrieved from /home/airflow/.local/lib/python3.7/site-packages/airflow/example_dags/example_complex.py
[2025-12-05T00:47:09.767+0000] {logging_mixin.py:117} INFO - [2025-12-05T00:47:09.767+0000] {dag.py:2573} INFO - Sync 1 DAGs
[2025-12-05T00:47:09.777+0000] {logging_mixin.py:117} INFO - [2025-12-05T00:47:09.777+0000] {dag.py:3328} INFO - Setting next_dagrun for example_complex to None, run_after=None
[2025-12-05T00:47:09.784+0000] {processor.py:178} INFO - Processing /home/airflow/.local/lib/python3.7/site-packages/airflow/example_dags/example_complex.py took 0.049 seconds
[2025-12-05T00:47:40.306+0000] {processor.py:156} INFO - Started process (PID=948) to work on /home/airflow/.local/lib/python3.7/site-packages/airflow/example_dags/example_complex.py
[2025-12-05T00:47:40.307+0000] {processor.py:758} INFO - Processing file /home/airflow/.local/lib/python3.7/site-packages/airflow/example_dags/example_complex.py for tasks to queue
[2025-12-05T00:47:40.308+0000] {logging_mixin.py:117} INFO - [2025-12-05T00:47:40.308+0000] {dagbag.py:525} INFO - Filling up the DagBag from /home/airflow/.local/lib/python3.7/site-packages/airflow/example_dags/example_complex.py
[2025-12-05T00:47:40.320+0000] {processor.py:768} INFO - DAG(s) dict_keys(['example_complex']) retrieved from /home/airflow/.local/lib/python3.7/site-packages/airflow/example_dags/example_complex.py
[2025-12-05T00:47:40.344+0000] {logging_mixin.py:117} INFO - [2025-12-05T00:47:40.344+0000] {dag.py:2573} INFO - Sync 1 DAGs
[2025-12-05T00:47:40.354+0000] {logging_mixin.py:117} INFO - [2025-12-05T00:47:40.354+0000] {dag.py:3328} INFO - Setting next_dagrun for example_complex to None, run_after=None
[2025-12-05T00:47:40.444+0000] {processor.py:178} INFO - Processing /home/airflow/.local/lib/python3.7/site-packages/airflow/example_dags/example_complex.py took 0.140 seconds
[2025-12-05T00:48:11.216+0000] {processor.py:156} INFO - Started process (PID=1149) to work on /home/airflow/.local/lib/python3.7/site-packages/airflow/example_dags/example_complex.py
[2025-12-05T00:48:11.217+0000] {processor.py:758} INFO - Processing file /home/airflow/.local/lib/python3.7/site-packages/airflow/example_dags/example_complex.py for tasks to queue
[2025-12-05T00:48:11.218+0000] {logging_mixin.py:117} INFO - [2025-12-05T00:48:11.218+0000] {dagbag.py:525} INFO - Filling up the DagBag from /home/airflow/.local/lib/python3.7/site-packages/airflow/example_dags/example_complex.py
[2025-12-05T00:48:11.230+0000] {processor.py:768} INFO - DAG(s) dict_keys(['example_complex']) retrieved from /home/airflow/.local/lib/python3.7/site-packages/airflow/example_dags/example_complex.py
[2025-12-05T00:48:11.261+0000] {logging_mixin.py:117} INFO - [2025-12-05T00:48:11.260+0000] {dag.py:2573} INFO - Sync 1 DAGs
[2025-12-05T00:48:11.349+0000] {logging_mixin.py:117} INFO - [2025-12-05T00:48:11.349+0000] {dag.py:3328} INFO - Setting next_dagrun for example_complex to None, run_after=None
[2025-12-05T00:48:11.360+0000] {processor.py:178} INFO - Processing /home/airflow/.local/lib/python3.7/site-packages/airflow/example_dags/example_complex.py took 0.145 seconds
[2025-12-05T00:48:42.085+0000] {processor.py:156} INFO - Started process (PID=1350) to work on /home/airflow/.local/lib/python3.7/site-packages/airflow/example_dags/example_complex.py
[2025-12-05T00:48:42.086+0000] {processor.py:758} INFO - Processing file /home/airflow/.local/lib/python3.7/site-packages/airflow/example_dags/example_complex.py for tasks to queue
[2025-12-05T00:48:42.088+0000] {logging_mixin.py:117} INFO - [2025-12-05T00:48:42.088+0000] {dagbag.py:525} INFO - Filling up the DagBag from /home/airflow/.local/lib/python3.7/site-packages/airflow/example_dags/example_complex.py
[2025-12-05T00:48:42.097+0000] {processor.py:768} INFO - DAG(s) dict_keys(['example_complex']) retrieved from /home/airflow/.local/lib/python3.7/site-packages/airflow/example_dags/example_complex.py
[2025-12-05T00:48:42.196+0000] {logging_mixin.py:117} INFO - [2025-12-05T00:48:42.196+0000] {dag.py:2573} INFO - Sync 1 DAGs
[2025-12-05T00:48:42.207+0000] {logging_mixin.py:117} INFO - [2025-12-05T00:48:42.207+0000] {dag.py:3328} INFO - Setting next_dagrun for example_complex to None, run_after=None
[2025-12-05T00:48:42.220+0000] {processor.py:178} INFO - Processing /home/airflow/.local/lib/python3.7/site-packages/airflow/example_dags/example_complex.py took 0.136 seconds
[2025-12-05T00:49:12.979+0000] {processor.py:156} INFO - Started process (PID=1551) to work on /home/airflow/.local/lib/python3.7/site-packages/airflow/example_dags/example_complex.py
[2025-12-05T00:49:12.981+0000] {processor.py:758} INFO - Processing file /home/airflow/.local/lib/python3.7/site-packages/airflow/example_dags/example_complex.py for tasks to queue
[2025-12-05T00:49:12.981+0000] {logging_mixin.py:117} INFO - [2025-12-05T00:49:12.981+0000] {dagbag.py:525} INFO - Filling up the DagBag from /home/airflow/.local/lib/python3.7/site-packages/airflow/example_dags/example_complex.py
[2025-12-05T00:49:12.990+0000] {processor.py:768} INFO - DAG(s) dict_keys(['example_complex']) retrieved from /home/airflow/.local/lib/python3.7/site-packages/airflow/example_dags/example_complex.py
[2025-12-05T00:49:13.091+0000] {logging_mixin.py:117} INFO - [2025-12-05T00:49:13.091+0000] {dag.py:2573} INFO - Sync 1 DAGs
[2025-12-05T00:49:13.103+0000] {logging_mixin.py:117} INFO - [2025-12-05T00:49:13.103+0000] {dag.py:3328} INFO - Setting next_dagrun for example_complex to None, run_after=None
[2025-12-05T00:49:13.112+0000] {processor.py:178} INFO - Processing /home/airflow/.local/lib/python3.7/site-packages/airflow/example_dags/example_complex.py took 0.135 seconds
[2025-12-05T00:49:43.443+0000] {processor.py:156} INFO - Started process (PID=1754) to work on /home/airflow/.local/lib/python3.7/site-packages/airflow/example_dags/example_complex.py
[2025-12-05T00:49:43.443+0000] {processor.py:758} INFO - Processing file /home/airflow/.local/lib/python3.7/site-packages/airflow/example_dags/example_complex.py for tasks to queue
[2025-12-05T00:49:43.444+0000] {logging_mixin.py:117} INFO - [2025-12-05T00:49:43.443+0000] {dagbag.py:525} INFO - Filling up the DagBag from /home/airflow/.local/lib/python3.7/site-packages/airflow/example_dags/example_complex.py
[2025-12-05T00:49:43.526+0000] {processor.py:768} INFO - DAG(s) dict_keys(['example_complex']) retrieved from /home/airflow/.local/lib/python3.7/site-packages/airflow/example_dags/example_complex.py
[2025-12-05T00:49:43.542+0000] {logging_mixin.py:117} INFO - [2025-12-05T00:49:43.542+0000] {dag.py:2573} INFO - Sync 1 DAGs
[2025-12-05T00:49:43.552+0000] {logging_mixin.py:117} INFO - [2025-12-05T00:49:43.551+0000] {dag.py:3328} INFO - Setting next_dagrun for example_complex to None, run_after=None
[2025-12-05T00:49:43.559+0000] {processor.py:178} INFO - Processing /home/airflow/.local/lib/python3.7/site-packages/airflow/example_dags/example_complex.py took 0.117 seconds
[2025-12-05T00:50:14.412+0000] {processor.py:156} INFO - Started process (PID=1954) to work on /home/airflow/.local/lib/python3.7/site-packages/airflow/example_dags/example_complex.py
[2025-12-05T00:50:14.413+0000] {processor.py:758} INFO - Processing file /home/airflow/.local/lib/python3.7/site-packages/airflow/example_dags/example_complex.py for tasks to queue
[2025-12-05T00:50:14.413+0000] {logging_mixin.py:117} INFO - [2025-12-05T00:50:14.413+0000] {dagbag.py:525} INFO - Filling up the DagBag from /home/airflow/.local/lib/python3.7/site-packages/airflow/example_dags/example_complex.py
[2025-12-05T00:50:14.423+0000] {processor.py:768} INFO - DAG(s) dict_keys(['example_complex']) retrieved from /home/airflow/.local/lib/python3.7/site-packages/airflow/example_dags/example_complex.py
[2025-12-05T00:50:14.449+0000] {logging_mixin.py:117} INFO - [2025-12-05T00:50:14.449+0000] {dag.py:2573} INFO - Sync 1 DAGs
[2025-12-05T00:50:14.536+0000] {logging_mixin.py:117} INFO - [2025-12-05T00:50:14.536+0000] {dag.py:3328} INFO - Setting next_dagrun for example_complex to None, run_after=None
[2025-12-05T00:50:14.544+0000] {processor.py:178} INFO - Processing /home/airflow/.local/lib/python3.7/site-packages/airflow/example_dags/example_complex.py took 0.133 seconds
[2025-12-05T00:50:45.265+0000] {processor.py:156} INFO - Started process (PID=2155) to work on /home/airflow/.local/lib/python3.7/site-packages/airflow/example_dags/example_complex.py
[2025-12-05T00:50:45.266+0000] {processor.py:758} INFO - Processing file /home/airflow/.local/lib/python3.7/site-packages/airflow/example_dags/example_complex.py for tasks to queue
[2025-12-05T00:50:45.266+0000] {logging_mixin.py:117} INFO - [2025-12-05T00:50:45.266+0000] {dagbag.py:525} INFO - Filling up the DagBag from /home/airflow/.local/lib/python3.7/site-packages/airflow/example_dags/example_complex.py
[2025-12-05T00:50:45.279+0000] {processor.py:768} INFO - DAG(s) dict_keys(['example_complex']) retrieved from /home/airflow/.local/lib/python3.7/site-packages/airflow/example_dags/example_complex.py
[2025-12-05T00:50:45.403+0000] {logging_mixin.py:117} INFO - [2025-12-05T00:50:45.403+0000] {dag.py:2573} INFO - Sync 1 DAGs
[2025-12-05T00:50:45.414+0000] {logging_mixin.py:117} INFO - [2025-12-05T00:50:45.414+0000] {dag.py:3328} INFO - Setting next_dagrun for example_complex to None, run_after=None
[2025-12-05T00:50:45.422+0000] {processor.py:178} INFO - Processing /home/airflow/.local/lib/python3.7/site-packages/airflow/example_dags/example_complex.py took 0.159 seconds
[2025-12-05T00:51:15.801+0000] {processor.py:156} INFO - Started process (PID=2356) to work on /home/airflow/.local/lib/python3.7/site-packages/airflow/example_dags/example_complex.py
[2025-12-05T00:51:15.802+0000] {processor.py:758} INFO - Processing file /home/airflow/.local/lib/python3.7/site-packages/airflow/example_dags/example_complex.py for tasks to queue
[2025-12-05T00:51:15.804+0000] {logging_mixin.py:117} INFO - [2025-12-05T00:51:15.804+0000] {dagbag.py:525} INFO - Filling up the DagBag from /home/airflow/.local/lib/python3.7/site-packages/airflow/example_dags/example_complex.py
[2025-12-05T00:51:15.815+0000] {processor.py:768} INFO - DAG(s) dict_keys(['example_complex']) retrieved from /home/airflow/.local/lib/python3.7/site-packages/airflow/example_dags/example_complex.py
[2025-12-05T00:51:15.945+0000] {logging_mixin.py:117} INFO - [2025-12-05T00:51:15.944+0000] {dag.py:2573} INFO - Sync 1 DAGs
[2025-12-05T00:51:15.955+0000] {logging_mixin.py:117} INFO - [2025-12-05T00:51:15.955+0000] {dag.py:3328} INFO - Setting next_dagrun for example_complex to None, run_after=None
[2025-12-05T00:51:15.962+0000] {processor.py:178} INFO - Processing /home/airflow/.local/lib/python3.7/site-packages/airflow/example_dags/example_complex.py took 0.163 seconds
[2025-12-05T00:51:46.779+0000] {processor.py:156} INFO - Started process (PID=2567) to work on /home/airflow/.local/lib/python3.7/site-packages/airflow/example_dags/example_complex.py
[2025-12-05T00:51:46.779+0000] {processor.py:758} INFO - Processing file /home/airflow/.local/lib/python3.7/site-packages/airflow/example_dags/example_complex.py for tasks to queue
[2025-12-05T00:51:46.780+0000] {logging_mixin.py:117} INFO - [2025-12-05T00:51:46.780+0000] {dagbag.py:525} INFO - Filling up the DagBag from /home/airflow/.local/lib/python3.7/site-packages/airflow/example_dags/example_complex.py
[2025-12-05T00:51:46.862+0000] {processor.py:768} INFO - DAG(s) dict_keys(['example_complex']) retrieved from /home/airflow/.local/lib/python3.7/site-packages/airflow/example_dags/example_complex.py
[2025-12-05T00:51:46.878+0000] {logging_mixin.py:117} INFO - [2025-12-05T00:51:46.878+0000] {dag.py:2573} INFO - Sync 1 DAGs
[2025-12-05T00:51:46.889+0000] {logging_mixin.py:117} INFO - [2025-12-05T00:51:46.889+0000] {dag.py:3328} INFO - Setting next_dagrun for example_complex to None, run_after=None
[2025-12-05T00:51:46.896+0000] {processor.py:178} INFO - Processing /home/airflow/.local/lib/python3.7/site-packages/airflow/example_dags/example_complex.py took 0.118 seconds
[2025-12-05T00:52:17.257+0000] {processor.py:156} INFO - Started process (PID=2768) to work on /home/airflow/.local/lib/python3.7/site-packages/airflow/example_dags/example_complex.py
[2025-12-05T00:52:17.257+0000] {processor.py:758} INFO - Processing file /home/airflow/.local/lib/python3.7/site-packages/airflow/example_dags/example_complex.py for tasks to queue
[2025-12-05T00:52:17.258+0000] {logging_mixin.py:117} INFO - [2025-12-05T00:52:17.258+0000] {dagbag.py:525} INFO - Filling up the DagBag from /home/airflow/.local/lib/python3.7/site-packages/airflow/example_dags/example_complex.py
[2025-12-05T00:52:17.268+0000] {processor.py:768} INFO - DAG(s) dict_keys(['example_complex']) retrieved from /home/airflow/.local/lib/python3.7/site-packages/airflow/example_dags/example_complex.py
[2025-12-05T00:52:17.289+0000] {logging_mixin.py:117} INFO - [2025-12-05T00:52:17.289+0000] {dag.py:2573} INFO - Sync 1 DAGs
[2025-12-05T00:52:17.381+0000] {logging_mixin.py:117} INFO - [2025-12-05T00:52:17.381+0000] {dag.py:3328} INFO - Setting next_dagrun for example_complex to None, run_after=None
[2025-12-05T00:52:17.388+0000] {processor.py:178} INFO - Processing /home/airflow/.local/lib/python3.7/site-packages/airflow/example_dags/example_complex.py took 0.134 seconds
[2025-12-05T00:52:47.788+0000] {processor.py:156} INFO - Started process (PID=2959) to work on /home/airflow/.local/lib/python3.7/site-packages/airflow/example_dags/example_complex.py
[2025-12-05T00:52:47.789+0000] {processor.py:758} INFO - Processing file /home/airflow/.local/lib/python3.7/site-packages/airflow/example_dags/example_complex.py for tasks to queue
[2025-12-05T00:52:47.789+0000] {logging_mixin.py:117} INFO - [2025-12-05T00:52:47.789+0000] {dagbag.py:525} INFO - Filling up the DagBag from /home/airflow/.local/lib/python3.7/site-packages/airflow/example_dags/example_complex.py
[2025-12-05T00:52:47.802+0000] {processor.py:768} INFO - DAG(s) dict_keys(['example_complex']) retrieved from /home/airflow/.local/lib/python3.7/site-packages/airflow/example_dags/example_complex.py
[2025-12-05T00:52:47.904+0000] {logging_mixin.py:117} INFO - [2025-12-05T00:52:47.903+0000] {dag.py:2573} INFO - Sync 1 DAGs
[2025-12-05T00:52:47.915+0000] {logging_mixin.py:117} INFO - [2025-12-05T00:52:47.915+0000] {dag.py:3328} INFO - Setting next_dagrun for example_complex to None, run_after=None
[2025-12-05T00:52:47.922+0000] {processor.py:178} INFO - Processing /home/airflow/.local/lib/python3.7/site-packages/airflow/example_dags/example_complex.py took 0.136 seconds
[2025-12-05T00:53:18.275+0000] {processor.py:156} INFO - Started process (PID=3162) to work on /home/airflow/.local/lib/python3.7/site-packages/airflow/example_dags/example_complex.py
[2025-12-05T00:53:18.276+0000] {processor.py:758} INFO - Processing file /home/airflow/.local/lib/python3.7/site-packages/airflow/example_dags/example_complex.py for tasks to queue
[2025-12-05T00:53:18.276+0000] {logging_mixin.py:117} INFO - [2025-12-05T00:53:18.276+0000] {dagbag.py:525} INFO - Filling up the DagBag from /home/airflow/.local/lib/python3.7/site-packages/airflow/example_dags/example_complex.py
[2025-12-05T00:53:18.286+0000] {processor.py:768} INFO - DAG(s) dict_keys(['example_complex']) retrieved from /home/airflow/.local/lib/python3.7/site-packages/airflow/example_dags/example_complex.py
[2025-12-05T00:53:18.387+0000] {logging_mixin.py:117} INFO - [2025-12-05T00:53:18.387+0000] {dag.py:2573} INFO - Sync 1 DAGs
[2025-12-05T00:53:18.397+0000] {logging_mixin.py:117} INFO - [2025-12-05T00:53:18.397+0000] {dag.py:3328} INFO - Setting next_dagrun for example_complex to None, run_after=None
[2025-12-05T00:53:18.404+0000] {processor.py:178} INFO - Processing /home/airflow/.local/lib/python3.7/site-packages/airflow/example_dags/example_complex.py took 0.130 seconds
[2025-12-05T00:53:49.228+0000] {processor.py:156} INFO - Started process (PID=3361) to work on /home/airflow/.local/lib/python3.7/site-packages/airflow/example_dags/example_complex.py
[2025-12-05T00:53:49.229+0000] {processor.py:758} INFO - Processing file /home/airflow/.local/lib/python3.7/site-packages/airflow/example_dags/example_complex.py for tasks to queue
[2025-12-05T00:53:49.229+0000] {logging_mixin.py:117} INFO - [2025-12-05T00:53:49.229+0000] {dagbag.py:525} INFO - Filling up the DagBag from /home/airflow/.local/lib/python3.7/site-packages/airflow/example_dags/example_complex.py
[2025-12-05T00:53:49.321+0000] {processor.py:768} INFO - DAG(s) dict_keys(['example_complex']) retrieved from /home/airflow/.local/lib/python3.7/site-packages/airflow/example_dags/example_complex.py
[2025-12-05T00:53:49.338+0000] {logging_mixin.py:117} INFO - [2025-12-05T00:53:49.338+0000] {dag.py:2573} INFO - Sync 1 DAGs
[2025-12-05T00:53:49.350+0000] {logging_mixin.py:117} INFO - [2025-12-05T00:53:49.350+0000] {dag.py:3328} INFO - Setting next_dagrun for example_complex to None, run_after=None
[2025-12-05T00:53:49.358+0000] {processor.py:178} INFO - Processing /home/airflow/.local/lib/python3.7/site-packages/airflow/example_dags/example_complex.py took 0.131 seconds
[2025-12-05T00:54:19.856+0000] {processor.py:156} INFO - Started process (PID=3562) to work on /home/airflow/.local/lib/python3.7/site-packages/airflow/example_dags/example_complex.py
[2025-12-05T00:54:19.857+0000] {processor.py:758} INFO - Processing file /home/airflow/.local/lib/python3.7/site-packages/airflow/example_dags/example_complex.py for tasks to queue
[2025-12-05T00:54:19.857+0000] {logging_mixin.py:117} INFO - [2025-12-05T00:54:19.857+0000] {dagbag.py:525} INFO - Filling up the DagBag from /home/airflow/.local/lib/python3.7/site-packages/airflow/example_dags/example_complex.py
[2025-12-05T00:54:19.868+0000] {processor.py:768} INFO - DAG(s) dict_keys(['example_complex']) retrieved from /home/airflow/.local/lib/python3.7/site-packages/airflow/example_dags/example_complex.py
[2025-12-05T00:54:19.890+0000] {logging_mixin.py:117} INFO - [2025-12-05T00:54:19.890+0000] {dag.py:2573} INFO - Sync 1 DAGs
[2025-12-05T00:54:19.994+0000] {logging_mixin.py:117} INFO - [2025-12-05T00:54:19.994+0000] {dag.py:3328} INFO - Setting next_dagrun for example_complex to None, run_after=None
[2025-12-05T00:54:20.003+0000] {processor.py:178} INFO - Processing /home/airflow/.local/lib/python3.7/site-packages/airflow/example_dags/example_complex.py took 0.149 seconds
[2025-12-05T00:54:50.711+0000] {processor.py:156} INFO - Started process (PID=3763) to work on /home/airflow/.local/lib/python3.7/site-packages/airflow/example_dags/example_complex.py
[2025-12-05T00:54:50.712+0000] {processor.py:758} INFO - Processing file /home/airflow/.local/lib/python3.7/site-packages/airflow/example_dags/example_complex.py for tasks to queue
[2025-12-05T00:54:50.713+0000] {logging_mixin.py:117} INFO - [2025-12-05T00:54:50.713+0000] {dagbag.py:525} INFO - Filling up the DagBag from /home/airflow/.local/lib/python3.7/site-packages/airflow/example_dags/example_complex.py
[2025-12-05T00:54:50.723+0000] {processor.py:768} INFO - DAG(s) dict_keys(['example_complex']) retrieved from /home/airflow/.local/lib/python3.7/site-packages/airflow/example_dags/example_complex.py
[2025-12-05T00:54:50.831+0000] {logging_mixin.py:117} INFO - [2025-12-05T00:54:50.831+0000] {dag.py:2573} INFO - Sync 1 DAGs
[2025-12-05T00:54:50.840+0000] {logging_mixin.py:117} INFO - [2025-12-05T00:54:50.840+0000] {dag.py:3328} INFO - Setting next_dagrun for example_complex to None, run_after=None
[2025-12-05T00:54:50.848+0000] {processor.py:178} INFO - Processing /home/airflow/.local/lib/python3.7/site-packages/airflow/example_dags/example_complex.py took 0.138 seconds
[2025-12-05T00:55:21.329+0000] {processor.py:156} INFO - Started process (PID=3973) to work on /home/airflow/.local/lib/python3.7/site-packages/airflow/example_dags/example_complex.py
[2025-12-05T00:55:21.330+0000] {processor.py:758} INFO - Processing file /home/airflow/.local/lib/python3.7/site-packages/airflow/example_dags/example_complex.py for tasks to queue
[2025-12-05T00:55:21.330+0000] {logging_mixin.py:117} INFO - [2025-12-05T00:55:21.330+0000] {dagbag.py:525} INFO - Filling up the DagBag from /home/airflow/.local/lib/python3.7/site-packages/airflow/example_dags/example_complex.py
[2025-12-05T00:55:21.340+0000] {processor.py:768} INFO - DAG(s) dict_keys(['example_complex']) retrieved from /home/airflow/.local/lib/python3.7/site-packages/airflow/example_dags/example_complex.py
[2025-12-05T00:55:21.430+0000] {logging_mixin.py:117} INFO - [2025-12-05T00:55:21.430+0000] {dag.py:2573} INFO - Sync 1 DAGs
[2025-12-05T00:55:21.439+0000] {logging_mixin.py:117} INFO - [2025-12-05T00:55:21.439+0000] {dag.py:3328} INFO - Setting next_dagrun for example_complex to None, run_after=None
[2025-12-05T00:55:21.446+0000] {processor.py:178} INFO - Processing /home/airflow/.local/lib/python3.7/site-packages/airflow/example_dags/example_complex.py took 0.119 seconds
[2025-12-05T00:55:51.922+0000] {processor.py:156} INFO - Started process (PID=4166) to work on /home/airflow/.local/lib/python3.7/site-packages/airflow/example_dags/example_complex.py
[2025-12-05T00:55:51.923+0000] {processor.py:758} INFO - Processing file /home/airflow/.local/lib/python3.7/site-packages/airflow/example_dags/example_complex.py for tasks to queue
[2025-12-05T00:55:51.923+0000] {logging_mixin.py:117} INFO - [2025-12-05T00:55:51.923+0000] {dagbag.py:525} INFO - Filling up the DagBag from /home/airflow/.local/lib/python3.7/site-packages/airflow/example_dags/example_complex.py
[2025-12-05T00:55:52.010+0000] {processor.py:768} INFO - DAG(s) dict_keys(['example_complex']) retrieved from /home/airflow/.local/lib/python3.7/site-packages/airflow/example_dags/example_complex.py
[2025-12-05T00:55:52.027+0000] {logging_mixin.py:117} INFO - [2025-12-05T00:55:52.027+0000] {dag.py:2573} INFO - Sync 1 DAGs
[2025-12-05T00:55:52.036+0000] {logging_mixin.py:117} INFO - [2025-12-05T00:55:52.036+0000] {dag.py:3328} INFO - Setting next_dagrun for example_complex to None, run_after=None
[2025-12-05T00:55:52.043+0000] {processor.py:178} INFO - Processing /home/airflow/.local/lib/python3.7/site-packages/airflow/example_dags/example_complex.py took 0.123 seconds
[2025-12-05T00:56:23.062+0000] {processor.py:156} INFO - Started process (PID=4373) to work on /home/airflow/.local/lib/python3.7/site-packages/airflow/example_dags/example_complex.py
[2025-12-05T00:56:23.064+0000] {processor.py:758} INFO - Processing file /home/airflow/.local/lib/python3.7/site-packages/airflow/example_dags/example_complex.py for tasks to queue
[2025-12-05T00:56:23.064+0000] {logging_mixin.py:117} INFO - [2025-12-05T00:56:23.064+0000] {dagbag.py:525} INFO - Filling up the DagBag from /home/airflow/.local/lib/python3.7/site-packages/airflow/example_dags/example_complex.py
[2025-12-05T00:56:23.081+0000] {processor.py:768} INFO - DAG(s) dict_keys(['example_complex']) retrieved from /home/airflow/.local/lib/python3.7/site-packages/airflow/example_dags/example_complex.py
[2025-12-05T00:56:23.118+0000] {logging_mixin.py:117} INFO - [2025-12-05T00:56:23.118+0000] {dag.py:2573} INFO - Sync 1 DAGs
[2025-12-05T00:56:23.132+0000] {logging_mixin.py:117} INFO - [2025-12-05T00:56:23.131+0000] {dag.py:3328} INFO - Setting next_dagrun for example_complex to None, run_after=None
[2025-12-05T00:56:23.143+0000] {processor.py:178} INFO - Processing /home/airflow/.local/lib/python3.7/site-packages/airflow/example_dags/example_complex.py took 0.083 seconds
[2025-12-05T00:56:53.988+0000] {processor.py:156} INFO - Started process (PID=4573) to work on /home/airflow/.local/lib/python3.7/site-packages/airflow/example_dags/example_complex.py
[2025-12-05T00:56:53.991+0000] {processor.py:758} INFO - Processing file /home/airflow/.local/lib/python3.7/site-packages/airflow/example_dags/example_complex.py for tasks to queue
[2025-12-05T00:56:53.992+0000] {logging_mixin.py:117} INFO - [2025-12-05T00:56:53.992+0000] {dagbag.py:525} INFO - Filling up the DagBag from /home/airflow/.local/lib/python3.7/site-packages/airflow/example_dags/example_complex.py
[2025-12-05T00:56:54.014+0000] {processor.py:768} INFO - DAG(s) dict_keys(['example_complex']) retrieved from /home/airflow/.local/lib/python3.7/site-packages/airflow/example_dags/example_complex.py
[2025-12-05T00:56:54.065+0000] {logging_mixin.py:117} INFO - [2025-12-05T00:56:54.065+0000] {dag.py:2573} INFO - Sync 1 DAGs
[2025-12-05T00:56:54.085+0000] {logging_mixin.py:117} INFO - [2025-12-05T00:56:54.085+0000] {dag.py:3328} INFO - Setting next_dagrun for example_complex to None, run_after=None
[2025-12-05T00:56:54.098+0000] {processor.py:178} INFO - Processing /home/airflow/.local/lib/python3.7/site-packages/airflow/example_dags/example_complex.py took 0.114 seconds
[2025-12-05T00:57:24.754+0000] {processor.py:156} INFO - Started process (PID=4774) to work on /home/airflow/.local/lib/python3.7/site-packages/airflow/example_dags/example_complex.py
[2025-12-05T00:57:24.755+0000] {processor.py:758} INFO - Processing file /home/airflow/.local/lib/python3.7/site-packages/airflow/example_dags/example_complex.py for tasks to queue
[2025-12-05T00:57:24.755+0000] {logging_mixin.py:117} INFO - [2025-12-05T00:57:24.755+0000] {dagbag.py:525} INFO - Filling up the DagBag from /home/airflow/.local/lib/python3.7/site-packages/airflow/example_dags/example_complex.py
[2025-12-05T00:57:24.773+0000] {processor.py:768} INFO - DAG(s) dict_keys(['example_complex']) retrieved from /home/airflow/.local/lib/python3.7/site-packages/airflow/example_dags/example_complex.py
[2025-12-05T00:57:24.801+0000] {logging_mixin.py:117} INFO - [2025-12-05T00:57:24.800+0000] {dag.py:2573} INFO - Sync 1 DAGs
[2025-12-05T00:57:24.813+0000] {logging_mixin.py:117} INFO - [2025-12-05T00:57:24.813+0000] {dag.py:3328} INFO - Setting next_dagrun for example_complex to None, run_after=None
[2025-12-05T00:57:24.822+0000] {processor.py:178} INFO - Processing /home/airflow/.local/lib/python3.7/site-packages/airflow/example_dags/example_complex.py took 0.072 seconds
[2025-12-05T00:57:55.759+0000] {processor.py:156} INFO - Started process (PID=4975) to work on /home/airflow/.local/lib/python3.7/site-packages/airflow/example_dags/example_complex.py
[2025-12-05T00:57:55.761+0000] {processor.py:758} INFO - Processing file /home/airflow/.local/lib/python3.7/site-packages/airflow/example_dags/example_complex.py for tasks to queue
[2025-12-05T00:57:55.761+0000] {logging_mixin.py:117} INFO - [2025-12-05T00:57:55.761+0000] {dagbag.py:525} INFO - Filling up the DagBag from /home/airflow/.local/lib/python3.7/site-packages/airflow/example_dags/example_complex.py
[2025-12-05T00:57:55.780+0000] {processor.py:768} INFO - DAG(s) dict_keys(['example_complex']) retrieved from /home/airflow/.local/lib/python3.7/site-packages/airflow/example_dags/example_complex.py
[2025-12-05T00:57:55.816+0000] {logging_mixin.py:117} INFO - [2025-12-05T00:57:55.816+0000] {dag.py:2573} INFO - Sync 1 DAGs
[2025-12-05T00:57:55.837+0000] {logging_mixin.py:117} INFO - [2025-12-05T00:57:55.836+0000] {dag.py:3328} INFO - Setting next_dagrun for example_complex to None, run_after=None
[2025-12-05T00:57:55.848+0000] {processor.py:178} INFO - Processing /home/airflow/.local/lib/python3.7/site-packages/airflow/example_dags/example_complex.py took 0.093 seconds
[2025-12-05T00:58:26.695+0000] {processor.py:156} INFO - Started process (PID=5176) to work on /home/airflow/.local/lib/python3.7/site-packages/airflow/example_dags/example_complex.py
[2025-12-05T00:58:26.697+0000] {processor.py:758} INFO - Processing file /home/airflow/.local/lib/python3.7/site-packages/airflow/example_dags/example_complex.py for tasks to queue
[2025-12-05T00:58:26.698+0000] {logging_mixin.py:117} INFO - [2025-12-05T00:58:26.698+0000] {dagbag.py:525} INFO - Filling up the DagBag from /home/airflow/.local/lib/python3.7/site-packages/airflow/example_dags/example_complex.py
[2025-12-05T00:58:26.727+0000] {processor.py:768} INFO - DAG(s) dict_keys(['example_complex']) retrieved from /home/airflow/.local/lib/python3.7/site-packages/airflow/example_dags/example_complex.py
[2025-12-05T00:58:26.765+0000] {logging_mixin.py:117} INFO - [2025-12-05T00:58:26.765+0000] {dag.py:2573} INFO - Sync 1 DAGs
[2025-12-05T00:58:26.787+0000] {logging_mixin.py:117} INFO - [2025-12-05T00:58:26.787+0000] {dag.py:3328} INFO - Setting next_dagrun for example_complex to None, run_after=None
[2025-12-05T00:58:26.805+0000] {processor.py:178} INFO - Processing /home/airflow/.local/lib/python3.7/site-packages/airflow/example_dags/example_complex.py took 0.116 seconds
[2025-12-05T00:58:57.494+0000] {processor.py:156} INFO - Started process (PID=5376) to work on /home/airflow/.local/lib/python3.7/site-packages/airflow/example_dags/example_complex.py
[2025-12-05T00:58:57.495+0000] {processor.py:758} INFO - Processing file /home/airflow/.local/lib/python3.7/site-packages/airflow/example_dags/example_complex.py for tasks to queue
[2025-12-05T00:58:57.496+0000] {logging_mixin.py:117} INFO - [2025-12-05T00:58:57.495+0000] {dagbag.py:525} INFO - Filling up the DagBag from /home/airflow/.local/lib/python3.7/site-packages/airflow/example_dags/example_complex.py
[2025-12-05T00:58:57.512+0000] {processor.py:768} INFO - DAG(s) dict_keys(['example_complex']) retrieved from /home/airflow/.local/lib/python3.7/site-packages/airflow/example_dags/example_complex.py
[2025-12-05T00:58:57.537+0000] {logging_mixin.py:117} INFO - [2025-12-05T00:58:57.537+0000] {dag.py:2573} INFO - Sync 1 DAGs
[2025-12-05T00:58:57.551+0000] {logging_mixin.py:117} INFO - [2025-12-05T00:58:57.551+0000] {dag.py:3328} INFO - Setting next_dagrun for example_complex to None, run_after=None
[2025-12-05T00:58:57.558+0000] {processor.py:178} INFO - Processing /home/airflow/.local/lib/python3.7/site-packages/airflow/example_dags/example_complex.py took 0.068 seconds
[2025-12-05T00:59:28.285+0000] {processor.py:156} INFO - Started process (PID=5577) to work on /home/airflow/.local/lib/python3.7/site-packages/airflow/example_dags/example_complex.py
[2025-12-05T00:59:28.286+0000] {processor.py:758} INFO - Processing file /home/airflow/.local/lib/python3.7/site-packages/airflow/example_dags/example_complex.py for tasks to queue
[2025-12-05T00:59:28.287+0000] {logging_mixin.py:117} INFO - [2025-12-05T00:59:28.287+0000] {dagbag.py:525} INFO - Filling up the DagBag from /home/airflow/.local/lib/python3.7/site-packages/airflow/example_dags/example_complex.py
[2025-12-05T00:59:28.328+0000] {processor.py:768} INFO - DAG(s) dict_keys(['example_complex']) retrieved from /home/airflow/.local/lib/python3.7/site-packages/airflow/example_dags/example_complex.py
[2025-12-05T00:59:28.388+0000] {logging_mixin.py:117} INFO - [2025-12-05T00:59:28.388+0000] {dag.py:2573} INFO - Sync 1 DAGs
[2025-12-05T00:59:28.404+0000] {logging_mixin.py:117} INFO - [2025-12-05T00:59:28.404+0000] {dag.py:3328} INFO - Setting next_dagrun for example_complex to None, run_after=None
[2025-12-05T00:59:28.413+0000] {processor.py:178} INFO - Processing /home/airflow/.local/lib/python3.7/site-packages/airflow/example_dags/example_complex.py took 0.136 seconds
[2025-12-05T00:59:59.207+0000] {processor.py:156} INFO - Started process (PID=5778) to work on /home/airflow/.local/lib/python3.7/site-packages/airflow/example_dags/example_complex.py
[2025-12-05T00:59:59.208+0000] {processor.py:758} INFO - Processing file /home/airflow/.local/lib/python3.7/site-packages/airflow/example_dags/example_complex.py for tasks to queue
[2025-12-05T00:59:59.210+0000] {logging_mixin.py:117} INFO - [2025-12-05T00:59:59.210+0000] {dagbag.py:525} INFO - Filling up the DagBag from /home/airflow/.local/lib/python3.7/site-packages/airflow/example_dags/example_complex.py
[2025-12-05T00:59:59.235+0000] {processor.py:768} INFO - DAG(s) dict_keys(['example_complex']) retrieved from /home/airflow/.local/lib/python3.7/site-packages/airflow/example_dags/example_complex.py
[2025-12-05T00:59:59.269+0000] {logging_mixin.py:117} INFO - [2025-12-05T00:59:59.269+0000] {dag.py:2573} INFO - Sync 1 DAGs
[2025-12-05T00:59:59.282+0000] {logging_mixin.py:117} INFO - [2025-12-05T00:59:59.282+0000] {dag.py:3328} INFO - Setting next_dagrun for example_complex to None, run_after=None
[2025-12-05T00:59:59.291+0000] {processor.py:178} INFO - Processing /home/airflow/.local/lib/python3.7/site-packages/airflow/example_dags/example_complex.py took 0.089 seconds
[2025-12-05T01:00:29.586+0000] {processor.py:156} INFO - Started process (PID=5979) to work on /home/airflow/.local/lib/python3.7/site-packages/airflow/example_dags/example_complex.py
[2025-12-05T01:00:29.587+0000] {processor.py:758} INFO - Processing file /home/airflow/.local/lib/python3.7/site-packages/airflow/example_dags/example_complex.py for tasks to queue
[2025-12-05T01:00:29.588+0000] {logging_mixin.py:117} INFO - [2025-12-05T01:00:29.588+0000] {dagbag.py:525} INFO - Filling up the DagBag from /home/airflow/.local/lib/python3.7/site-packages/airflow/example_dags/example_complex.py
[2025-12-05T01:00:29.612+0000] {processor.py:768} INFO - DAG(s) dict_keys(['example_complex']) retrieved from /home/airflow/.local/lib/python3.7/site-packages/airflow/example_dags/example_complex.py
[2025-12-05T01:00:29.652+0000] {logging_mixin.py:117} INFO - [2025-12-05T01:00:29.652+0000] {dag.py:2573} INFO - Sync 1 DAGs
[2025-12-05T01:00:29.666+0000] {logging_mixin.py:117} INFO - [2025-12-05T01:00:29.666+0000] {dag.py:3328} INFO - Setting next_dagrun for example_complex to None, run_after=None
[2025-12-05T01:00:29.684+0000] {processor.py:178} INFO - Processing /home/airflow/.local/lib/python3.7/site-packages/airflow/example_dags/example_complex.py took 0.103 seconds
[2025-12-05T01:00:59.872+0000] {processor.py:156} INFO - Started process (PID=6179) to work on /home/airflow/.local/lib/python3.7/site-packages/airflow/example_dags/example_complex.py
[2025-12-05T01:00:59.874+0000] {processor.py:758} INFO - Processing file /home/airflow/.local/lib/python3.7/site-packages/airflow/example_dags/example_complex.py for tasks to queue
[2025-12-05T01:00:59.875+0000] {logging_mixin.py:117} INFO - [2025-12-05T01:00:59.875+0000] {dagbag.py:525} INFO - Filling up the DagBag from /home/airflow/.local/lib/python3.7/site-packages/airflow/example_dags/example_complex.py
[2025-12-05T01:00:59.918+0000] {processor.py:768} INFO - DAG(s) dict_keys(['example_complex']) retrieved from /home/airflow/.local/lib/python3.7/site-packages/airflow/example_dags/example_complex.py
[2025-12-05T01:00:59.969+0000] {logging_mixin.py:117} INFO - [2025-12-05T01:00:59.968+0000] {dag.py:2573} INFO - Sync 1 DAGs
[2025-12-05T01:00:59.990+0000] {logging_mixin.py:117} INFO - [2025-12-05T01:00:59.990+0000] {dag.py:3328} INFO - Setting next_dagrun for example_complex to None, run_after=None
[2025-12-05T01:00:59.999+0000] {processor.py:178} INFO - Processing /home/airflow/.local/lib/python3.7/site-packages/airflow/example_dags/example_complex.py took 0.132 seconds
[2025-12-05T01:01:30.241+0000] {processor.py:156} INFO - Started process (PID=6377) to work on /home/airflow/.local/lib/python3.7/site-packages/airflow/example_dags/example_complex.py
[2025-12-05T01:01:30.242+0000] {processor.py:758} INFO - Processing file /home/airflow/.local/lib/python3.7/site-packages/airflow/example_dags/example_complex.py for tasks to queue
[2025-12-05T01:01:30.242+0000] {logging_mixin.py:117} INFO - [2025-12-05T01:01:30.242+0000] {dagbag.py:525} INFO - Filling up the DagBag from /home/airflow/.local/lib/python3.7/site-packages/airflow/example_dags/example_complex.py
[2025-12-05T01:01:30.253+0000] {processor.py:768} INFO - DAG(s) dict_keys(['example_complex']) retrieved from /home/airflow/.local/lib/python3.7/site-packages/airflow/example_dags/example_complex.py
[2025-12-05T01:01:30.275+0000] {logging_mixin.py:117} INFO - [2025-12-05T01:01:30.275+0000] {dag.py:2573} INFO - Sync 1 DAGs
[2025-12-05T01:01:30.286+0000] {logging_mixin.py:117} INFO - [2025-12-05T01:01:30.286+0000] {dag.py:3328} INFO - Setting next_dagrun for example_complex to None, run_after=None
[2025-12-05T01:01:30.295+0000] {processor.py:178} INFO - Processing /home/airflow/.local/lib/python3.7/site-packages/airflow/example_dags/example_complex.py took 0.056 seconds
[2025-12-05T01:02:01.152+0000] {processor.py:156} INFO - Started process (PID=6578) to work on /home/airflow/.local/lib/python3.7/site-packages/airflow/example_dags/example_complex.py
[2025-12-05T01:02:01.155+0000] {processor.py:758} INFO - Processing file /home/airflow/.local/lib/python3.7/site-packages/airflow/example_dags/example_complex.py for tasks to queue
[2025-12-05T01:02:01.156+0000] {logging_mixin.py:117} INFO - [2025-12-05T01:02:01.156+0000] {dagbag.py:525} INFO - Filling up the DagBag from /home/airflow/.local/lib/python3.7/site-packages/airflow/example_dags/example_complex.py
[2025-12-05T01:02:01.168+0000] {processor.py:768} INFO - DAG(s) dict_keys(['example_complex']) retrieved from /home/airflow/.local/lib/python3.7/site-packages/airflow/example_dags/example_complex.py
[2025-12-05T01:02:01.207+0000] {logging_mixin.py:117} INFO - [2025-12-05T01:02:01.206+0000] {dag.py:2573} INFO - Sync 1 DAGs
[2025-12-05T01:02:01.222+0000] {logging_mixin.py:117} INFO - [2025-12-05T01:02:01.222+0000] {dag.py:3328} INFO - Setting next_dagrun for example_complex to None, run_after=None
[2025-12-05T01:02:01.231+0000] {processor.py:178} INFO - Processing /home/airflow/.local/lib/python3.7/site-packages/airflow/example_dags/example_complex.py took 0.082 seconds
[2025-12-05T01:02:32.302+0000] {processor.py:156} INFO - Started process (PID=6779) to work on /home/airflow/.local/lib/python3.7/site-packages/airflow/example_dags/example_complex.py
[2025-12-05T01:02:32.305+0000] {processor.py:758} INFO - Processing file /home/airflow/.local/lib/python3.7/site-packages/airflow/example_dags/example_complex.py for tasks to queue
[2025-12-05T01:02:32.306+0000] {logging_mixin.py:117} INFO - [2025-12-05T01:02:32.305+0000] {dagbag.py:525} INFO - Filling up the DagBag from /home/airflow/.local/lib/python3.7/site-packages/airflow/example_dags/example_complex.py
[2025-12-05T01:02:32.315+0000] {processor.py:768} INFO - DAG(s) dict_keys(['example_complex']) retrieved from /home/airflow/.local/lib/python3.7/site-packages/airflow/example_dags/example_complex.py
[2025-12-05T01:02:32.341+0000] {logging_mixin.py:117} INFO - [2025-12-05T01:02:32.341+0000] {dag.py:2573} INFO - Sync 1 DAGs
[2025-12-05T01:02:32.354+0000] {logging_mixin.py:117} INFO - [2025-12-05T01:02:32.354+0000] {dag.py:3328} INFO - Setting next_dagrun for example_complex to None, run_after=None
[2025-12-05T01:02:32.365+0000] {processor.py:178} INFO - Processing /home/airflow/.local/lib/python3.7/site-packages/airflow/example_dags/example_complex.py took 0.065 seconds
[2025-12-05T01:03:03.239+0000] {processor.py:156} INFO - Started process (PID=6980) to work on /home/airflow/.local/lib/python3.7/site-packages/airflow/example_dags/example_complex.py
[2025-12-05T01:03:03.240+0000] {processor.py:758} INFO - Processing file /home/airflow/.local/lib/python3.7/site-packages/airflow/example_dags/example_complex.py for tasks to queue
[2025-12-05T01:03:03.240+0000] {logging_mixin.py:117} INFO - [2025-12-05T01:03:03.240+0000] {dagbag.py:525} INFO - Filling up the DagBag from /home/airflow/.local/lib/python3.7/site-packages/airflow/example_dags/example_complex.py
[2025-12-05T01:03:03.249+0000] {processor.py:768} INFO - DAG(s) dict_keys(['example_complex']) retrieved from /home/airflow/.local/lib/python3.7/site-packages/airflow/example_dags/example_complex.py
[2025-12-05T01:03:03.272+0000] {logging_mixin.py:117} INFO - [2025-12-05T01:03:03.272+0000] {dag.py:2573} INFO - Sync 1 DAGs
[2025-12-05T01:03:03.283+0000] {logging_mixin.py:117} INFO - [2025-12-05T01:03:03.282+0000] {dag.py:3328} INFO - Setting next_dagrun for example_complex to None, run_after=None
[2025-12-05T01:03:03.291+0000] {processor.py:178} INFO - Processing /home/airflow/.local/lib/python3.7/site-packages/airflow/example_dags/example_complex.py took 0.053 seconds
[2025-12-05T01:03:34.298+0000] {processor.py:156} INFO - Started process (PID=7181) to work on /home/airflow/.local/lib/python3.7/site-packages/airflow/example_dags/example_complex.py
[2025-12-05T01:03:34.299+0000] {processor.py:758} INFO - Processing file /home/airflow/.local/lib/python3.7/site-packages/airflow/example_dags/example_complex.py for tasks to queue
[2025-12-05T01:03:34.299+0000] {logging_mixin.py:117} INFO - [2025-12-05T01:03:34.299+0000] {dagbag.py:525} INFO - Filling up the DagBag from /home/airflow/.local/lib/python3.7/site-packages/airflow/example_dags/example_complex.py
[2025-12-05T01:03:34.312+0000] {processor.py:768} INFO - DAG(s) dict_keys(['example_complex']) retrieved from /home/airflow/.local/lib/python3.7/site-packages/airflow/example_dags/example_complex.py
[2025-12-05T01:03:34.335+0000] {logging_mixin.py:117} INFO - [2025-12-05T01:03:34.335+0000] {dag.py:2573} INFO - Sync 1 DAGs
[2025-12-05T01:03:34.349+0000] {logging_mixin.py:117} INFO - [2025-12-05T01:03:34.349+0000] {dag.py:3328} INFO - Setting next_dagrun for example_complex to None, run_after=None
[2025-12-05T01:03:34.360+0000] {processor.py:178} INFO - Processing /home/airflow/.local/lib/python3.7/site-packages/airflow/example_dags/example_complex.py took 0.065 seconds
[2025-12-05T01:04:05.052+0000] {processor.py:156} INFO - Started process (PID=7381) to work on /home/airflow/.local/lib/python3.7/site-packages/airflow/example_dags/example_complex.py
[2025-12-05T01:04:05.053+0000] {processor.py:758} INFO - Processing file /home/airflow/.local/lib/python3.7/site-packages/airflow/example_dags/example_complex.py for tasks to queue
[2025-12-05T01:04:05.054+0000] {logging_mixin.py:117} INFO - [2025-12-05T01:04:05.054+0000] {dagbag.py:525} INFO - Filling up the DagBag from /home/airflow/.local/lib/python3.7/site-packages/airflow/example_dags/example_complex.py
[2025-12-05T01:04:05.066+0000] {processor.py:768} INFO - DAG(s) dict_keys(['example_complex']) retrieved from /home/airflow/.local/lib/python3.7/site-packages/airflow/example_dags/example_complex.py
[2025-12-05T01:04:05.089+0000] {logging_mixin.py:117} INFO - [2025-12-05T01:04:05.089+0000] {dag.py:2573} INFO - Sync 1 DAGs
[2025-12-05T01:04:05.104+0000] {logging_mixin.py:117} INFO - [2025-12-05T01:04:05.104+0000] {dag.py:3328} INFO - Setting next_dagrun for example_complex to None, run_after=None
[2025-12-05T01:04:05.113+0000] {processor.py:178} INFO - Processing /home/airflow/.local/lib/python3.7/site-packages/airflow/example_dags/example_complex.py took 0.063 seconds
[2025-12-05T01:04:35.798+0000] {processor.py:156} INFO - Started process (PID=7582) to work on /home/airflow/.local/lib/python3.7/site-packages/airflow/example_dags/example_complex.py
[2025-12-05T01:04:35.801+0000] {processor.py:758} INFO - Processing file /home/airflow/.local/lib/python3.7/site-packages/airflow/example_dags/example_complex.py for tasks to queue
[2025-12-05T01:04:35.801+0000] {logging_mixin.py:117} INFO - [2025-12-05T01:04:35.801+0000] {dagbag.py:525} INFO - Filling up the DagBag from /home/airflow/.local/lib/python3.7/site-packages/airflow/example_dags/example_complex.py
[2025-12-05T01:04:35.811+0000] {processor.py:768} INFO - DAG(s) dict_keys(['example_complex']) retrieved from /home/airflow/.local/lib/python3.7/site-packages/airflow/example_dags/example_complex.py
[2025-12-05T01:04:35.832+0000] {logging_mixin.py:117} INFO - [2025-12-05T01:04:35.832+0000] {dag.py:2573} INFO - Sync 1 DAGs
[2025-12-05T01:04:35.843+0000] {logging_mixin.py:117} INFO - [2025-12-05T01:04:35.842+0000] {dag.py:3328} INFO - Setting next_dagrun for example_complex to None, run_after=None
[2025-12-05T01:04:35.850+0000] {processor.py:178} INFO - Processing /home/airflow/.local/lib/python3.7/site-packages/airflow/example_dags/example_complex.py took 0.054 seconds
[2025-12-05T01:05:06.562+0000] {processor.py:156} INFO - Started process (PID=7785) to work on /home/airflow/.local/lib/python3.7/site-packages/airflow/example_dags/example_complex.py
[2025-12-05T01:05:06.563+0000] {processor.py:758} INFO - Processing file /home/airflow/.local/lib/python3.7/site-packages/airflow/example_dags/example_complex.py for tasks to queue
[2025-12-05T01:05:06.563+0000] {logging_mixin.py:117} INFO - [2025-12-05T01:05:06.563+0000] {dagbag.py:525} INFO - Filling up the DagBag from /home/airflow/.local/lib/python3.7/site-packages/airflow/example_dags/example_complex.py
[2025-12-05T01:05:06.573+0000] {processor.py:768} INFO - DAG(s) dict_keys(['example_complex']) retrieved from /home/airflow/.local/lib/python3.7/site-packages/airflow/example_dags/example_complex.py
[2025-12-05T01:05:06.596+0000] {logging_mixin.py:117} INFO - [2025-12-05T01:05:06.596+0000] {dag.py:2573} INFO - Sync 1 DAGs
[2025-12-05T01:05:06.607+0000] {logging_mixin.py:117} INFO - [2025-12-05T01:05:06.607+0000] {dag.py:3328} INFO - Setting next_dagrun for example_complex to None, run_after=None
[2025-12-05T01:05:06.614+0000] {processor.py:178} INFO - Processing /home/airflow/.local/lib/python3.7/site-packages/airflow/example_dags/example_complex.py took 0.053 seconds
[2025-12-05T01:05:37.562+0000] {processor.py:156} INFO - Started process (PID=7991) to work on /home/airflow/.local/lib/python3.7/site-packages/airflow/example_dags/example_complex.py
[2025-12-05T01:05:37.563+0000] {processor.py:758} INFO - Processing file /home/airflow/.local/lib/python3.7/site-packages/airflow/example_dags/example_complex.py for tasks to queue
[2025-12-05T01:05:37.564+0000] {logging_mixin.py:117} INFO - [2025-12-05T01:05:37.564+0000] {dagbag.py:525} INFO - Filling up the DagBag from /home/airflow/.local/lib/python3.7/site-packages/airflow/example_dags/example_complex.py
[2025-12-05T01:05:37.581+0000] {processor.py:768} INFO - DAG(s) dict_keys(['example_complex']) retrieved from /home/airflow/.local/lib/python3.7/site-packages/airflow/example_dags/example_complex.py
[2025-12-05T01:05:37.608+0000] {logging_mixin.py:117} INFO - [2025-12-05T01:05:37.608+0000] {dag.py:2573} INFO - Sync 1 DAGs
[2025-12-05T01:05:37.622+0000] {logging_mixin.py:117} INFO - [2025-12-05T01:05:37.622+0000] {dag.py:3328} INFO - Setting next_dagrun for example_complex to None, run_after=None
[2025-12-05T01:05:37.632+0000] {processor.py:178} INFO - Processing /home/airflow/.local/lib/python3.7/site-packages/airflow/example_dags/example_complex.py took 0.073 seconds
[2025-12-05T01:06:08.378+0000] {processor.py:156} INFO - Started process (PID=8192) to work on /home/airflow/.local/lib/python3.7/site-packages/airflow/example_dags/example_complex.py
[2025-12-05T01:06:08.379+0000] {processor.py:758} INFO - Processing file /home/airflow/.local/lib/python3.7/site-packages/airflow/example_dags/example_complex.py for tasks to queue
[2025-12-05T01:06:08.380+0000] {logging_mixin.py:117} INFO - [2025-12-05T01:06:08.379+0000] {dagbag.py:525} INFO - Filling up the DagBag from /home/airflow/.local/lib/python3.7/site-packages/airflow/example_dags/example_complex.py
[2025-12-05T01:06:08.390+0000] {processor.py:768} INFO - DAG(s) dict_keys(['example_complex']) retrieved from /home/airflow/.local/lib/python3.7/site-packages/airflow/example_dags/example_complex.py
[2025-12-05T01:06:08.412+0000] {logging_mixin.py:117} INFO - [2025-12-05T01:06:08.412+0000] {dag.py:2573} INFO - Sync 1 DAGs
[2025-12-05T01:06:08.423+0000] {logging_mixin.py:117} INFO - [2025-12-05T01:06:08.423+0000] {dag.py:3328} INFO - Setting next_dagrun for example_complex to None, run_after=None
[2025-12-05T01:06:08.433+0000] {processor.py:178} INFO - Processing /home/airflow/.local/lib/python3.7/site-packages/airflow/example_dags/example_complex.py took 0.057 seconds
[2025-12-05T01:06:38.802+0000] {processor.py:156} INFO - Started process (PID=8393) to work on /home/airflow/.local/lib/python3.7/site-packages/airflow/example_dags/example_complex.py
[2025-12-05T01:06:38.806+0000] {processor.py:758} INFO - Processing file /home/airflow/.local/lib/python3.7/site-packages/airflow/example_dags/example_complex.py for tasks to queue
[2025-12-05T01:06:38.807+0000] {logging_mixin.py:117} INFO - [2025-12-05T01:06:38.807+0000] {dagbag.py:525} INFO - Filling up the DagBag from /home/airflow/.local/lib/python3.7/site-packages/airflow/example_dags/example_complex.py
[2025-12-05T01:06:38.822+0000] {processor.py:768} INFO - DAG(s) dict_keys(['example_complex']) retrieved from /home/airflow/.local/lib/python3.7/site-packages/airflow/example_dags/example_complex.py
[2025-12-05T01:06:38.852+0000] {logging_mixin.py:117} INFO - [2025-12-05T01:06:38.852+0000] {dag.py:2573} INFO - Sync 1 DAGs
[2025-12-05T01:06:38.865+0000] {logging_mixin.py:117} INFO - [2025-12-05T01:06:38.865+0000] {dag.py:3328} INFO - Setting next_dagrun for example_complex to None, run_after=None
[2025-12-05T01:06:38.877+0000] {processor.py:178} INFO - Processing /home/airflow/.local/lib/python3.7/site-packages/airflow/example_dags/example_complex.py took 0.077 seconds
[2025-12-05T01:07:09.298+0000] {processor.py:156} INFO - Started process (PID=8594) to work on /home/airflow/.local/lib/python3.7/site-packages/airflow/example_dags/example_complex.py
[2025-12-05T01:07:09.299+0000] {processor.py:758} INFO - Processing file /home/airflow/.local/lib/python3.7/site-packages/airflow/example_dags/example_complex.py for tasks to queue
[2025-12-05T01:07:09.299+0000] {logging_mixin.py:117} INFO - [2025-12-05T01:07:09.299+0000] {dagbag.py:525} INFO - Filling up the DagBag from /home/airflow/.local/lib/python3.7/site-packages/airflow/example_dags/example_complex.py
[2025-12-05T01:07:09.313+0000] {processor.py:768} INFO - DAG(s) dict_keys(['example_complex']) retrieved from /home/airflow/.local/lib/python3.7/site-packages/airflow/example_dags/example_complex.py
[2025-12-05T01:07:09.346+0000] {logging_mixin.py:117} INFO - [2025-12-05T01:07:09.346+0000] {dag.py:2573} INFO - Sync 1 DAGs
[2025-12-05T01:07:09.359+0000] {logging_mixin.py:117} INFO - [2025-12-05T01:07:09.359+0000] {dag.py:3328} INFO - Setting next_dagrun for example_complex to None, run_after=None
[2025-12-05T01:07:09.371+0000] {processor.py:178} INFO - Processing /home/airflow/.local/lib/python3.7/site-packages/airflow/example_dags/example_complex.py took 0.076 seconds
[2025-12-05T01:07:40.729+0000] {processor.py:156} INFO - Started process (PID=8797) to work on /home/airflow/.local/lib/python3.7/site-packages/airflow/example_dags/example_complex.py
[2025-12-05T01:07:40.729+0000] {processor.py:758} INFO - Processing file /home/airflow/.local/lib/python3.7/site-packages/airflow/example_dags/example_complex.py for tasks to queue
[2025-12-05T01:07:40.730+0000] {logging_mixin.py:117} INFO - [2025-12-05T01:07:40.730+0000] {dagbag.py:525} INFO - Filling up the DagBag from /home/airflow/.local/lib/python3.7/site-packages/airflow/example_dags/example_complex.py
[2025-12-05T01:07:40.739+0000] {processor.py:768} INFO - DAG(s) dict_keys(['example_complex']) retrieved from /home/airflow/.local/lib/python3.7/site-packages/airflow/example_dags/example_complex.py
[2025-12-05T01:07:40.759+0000] {logging_mixin.py:117} INFO - [2025-12-05T01:07:40.759+0000] {dag.py:2573} INFO - Sync 1 DAGs
[2025-12-05T01:07:40.770+0000] {logging_mixin.py:117} INFO - [2025-12-05T01:07:40.770+0000] {dag.py:3328} INFO - Setting next_dagrun for example_complex to None, run_after=None
[2025-12-05T01:07:40.777+0000] {processor.py:178} INFO - Processing /home/airflow/.local/lib/python3.7/site-packages/airflow/example_dags/example_complex.py took 0.050 seconds
[2025-12-05T01:08:11.023+0000] {processor.py:156} INFO - Started process (PID=8996) to work on /home/airflow/.local/lib/python3.7/site-packages/airflow/example_dags/example_complex.py
[2025-12-05T01:08:11.024+0000] {processor.py:758} INFO - Processing file /home/airflow/.local/lib/python3.7/site-packages/airflow/example_dags/example_complex.py for tasks to queue
[2025-12-05T01:08:11.025+0000] {logging_mixin.py:117} INFO - [2025-12-05T01:08:11.025+0000] {dagbag.py:525} INFO - Filling up the DagBag from /home/airflow/.local/lib/python3.7/site-packages/airflow/example_dags/example_complex.py
[2025-12-05T01:08:11.046+0000] {processor.py:768} INFO - DAG(s) dict_keys(['example_complex']) retrieved from /home/airflow/.local/lib/python3.7/site-packages/airflow/example_dags/example_complex.py
[2025-12-05T01:08:11.077+0000] {logging_mixin.py:117} INFO - [2025-12-05T01:08:11.077+0000] {dag.py:2573} INFO - Sync 1 DAGs
[2025-12-05T01:08:11.093+0000] {logging_mixin.py:117} INFO - [2025-12-05T01:08:11.093+0000] {dag.py:3328} INFO - Setting next_dagrun for example_complex to None, run_after=None
[2025-12-05T01:08:11.108+0000] {processor.py:178} INFO - Processing /home/airflow/.local/lib/python3.7/site-packages/airflow/example_dags/example_complex.py took 0.089 seconds
[2025-12-05T01:08:41.205+0000] {processor.py:156} INFO - Started process (PID=9197) to work on /home/airflow/.local/lib/python3.7/site-packages/airflow/example_dags/example_complex.py
[2025-12-05T01:08:41.207+0000] {processor.py:758} INFO - Processing file /home/airflow/.local/lib/python3.7/site-packages/airflow/example_dags/example_complex.py for tasks to queue
[2025-12-05T01:08:41.208+0000] {logging_mixin.py:117} INFO - [2025-12-05T01:08:41.208+0000] {dagbag.py:525} INFO - Filling up the DagBag from /home/airflow/.local/lib/python3.7/site-packages/airflow/example_dags/example_complex.py
[2025-12-05T01:08:41.218+0000] {processor.py:768} INFO - DAG(s) dict_keys(['example_complex']) retrieved from /home/airflow/.local/lib/python3.7/site-packages/airflow/example_dags/example_complex.py
[2025-12-05T01:08:41.243+0000] {logging_mixin.py:117} INFO - [2025-12-05T01:08:41.243+0000] {dag.py:2573} INFO - Sync 1 DAGs
[2025-12-05T01:08:41.254+0000] {logging_mixin.py:117} INFO - [2025-12-05T01:08:41.254+0000] {dag.py:3328} INFO - Setting next_dagrun for example_complex to None, run_after=None
[2025-12-05T01:08:41.265+0000] {processor.py:178} INFO - Processing /home/airflow/.local/lib/python3.7/site-packages/airflow/example_dags/example_complex.py took 0.061 seconds
[2025-12-05T01:09:11.480+0000] {processor.py:156} INFO - Started process (PID=9398) to work on /home/airflow/.local/lib/python3.7/site-packages/airflow/example_dags/example_complex.py
[2025-12-05T01:09:11.482+0000] {processor.py:758} INFO - Processing file /home/airflow/.local/lib/python3.7/site-packages/airflow/example_dags/example_complex.py for tasks to queue
[2025-12-05T01:09:11.482+0000] {logging_mixin.py:117} INFO - [2025-12-05T01:09:11.482+0000] {dagbag.py:525} INFO - Filling up the DagBag from /home/airflow/.local/lib/python3.7/site-packages/airflow/example_dags/example_complex.py
[2025-12-05T01:09:11.496+0000] {processor.py:768} INFO - DAG(s) dict_keys(['example_complex']) retrieved from /home/airflow/.local/lib/python3.7/site-packages/airflow/example_dags/example_complex.py
[2025-12-05T01:09:11.523+0000] {logging_mixin.py:117} INFO - [2025-12-05T01:09:11.523+0000] {dag.py:2573} INFO - Sync 1 DAGs
[2025-12-05T01:09:11.536+0000] {logging_mixin.py:117} INFO - [2025-12-05T01:09:11.536+0000] {dag.py:3328} INFO - Setting next_dagrun for example_complex to None, run_after=None
[2025-12-05T01:09:11.543+0000] {processor.py:178} INFO - Processing /home/airflow/.local/lib/python3.7/site-packages/airflow/example_dags/example_complex.py took 0.066 seconds
[2025-12-05T01:09:41.636+0000] {processor.py:156} INFO - Started process (PID=9599) to work on /home/airflow/.local/lib/python3.7/site-packages/airflow/example_dags/example_complex.py
[2025-12-05T01:09:41.639+0000] {processor.py:758} INFO - Processing file /home/airflow/.local/lib/python3.7/site-packages/airflow/example_dags/example_complex.py for tasks to queue
[2025-12-05T01:09:41.640+0000] {logging_mixin.py:117} INFO - [2025-12-05T01:09:41.640+0000] {dagbag.py:525} INFO - Filling up the DagBag from /home/airflow/.local/lib/python3.7/site-packages/airflow/example_dags/example_complex.py
[2025-12-05T01:09:41.651+0000] {processor.py:768} INFO - DAG(s) dict_keys(['example_complex']) retrieved from /home/airflow/.local/lib/python3.7/site-packages/airflow/example_dags/example_complex.py
[2025-12-05T01:09:41.675+0000] {logging_mixin.py:117} INFO - [2025-12-05T01:09:41.675+0000] {dag.py:2573} INFO - Sync 1 DAGs
[2025-12-05T01:09:41.687+0000] {logging_mixin.py:117} INFO - [2025-12-05T01:09:41.686+0000] {dag.py:3328} INFO - Setting next_dagrun for example_complex to None, run_after=None
[2025-12-05T01:09:41.697+0000] {processor.py:178} INFO - Processing /home/airflow/.local/lib/python3.7/site-packages/airflow/example_dags/example_complex.py took 0.063 seconds
[2025-12-05T01:10:12.837+0000] {processor.py:156} INFO - Started process (PID=9800) to work on /home/airflow/.local/lib/python3.7/site-packages/airflow/example_dags/example_complex.py
[2025-12-05T01:10:12.840+0000] {processor.py:758} INFO - Processing file /home/airflow/.local/lib/python3.7/site-packages/airflow/example_dags/example_complex.py for tasks to queue
[2025-12-05T01:10:12.841+0000] {logging_mixin.py:117} INFO - [2025-12-05T01:10:12.841+0000] {dagbag.py:525} INFO - Filling up the DagBag from /home/airflow/.local/lib/python3.7/site-packages/airflow/example_dags/example_complex.py
[2025-12-05T01:10:12.851+0000] {processor.py:768} INFO - DAG(s) dict_keys(['example_complex']) retrieved from /home/airflow/.local/lib/python3.7/site-packages/airflow/example_dags/example_complex.py
[2025-12-05T01:10:12.872+0000] {logging_mixin.py:117} INFO - [2025-12-05T01:10:12.872+0000] {dag.py:2573} INFO - Sync 1 DAGs
[2025-12-05T01:10:12.884+0000] {logging_mixin.py:117} INFO - [2025-12-05T01:10:12.884+0000] {dag.py:3328} INFO - Setting next_dagrun for example_complex to None, run_after=None
[2025-12-05T01:10:12.894+0000] {processor.py:178} INFO - Processing /home/airflow/.local/lib/python3.7/site-packages/airflow/example_dags/example_complex.py took 0.058 seconds
[2025-12-05T01:10:43.530+0000] {processor.py:156} INFO - Started process (PID=10001) to work on /home/airflow/.local/lib/python3.7/site-packages/airflow/example_dags/example_complex.py
[2025-12-05T01:10:43.533+0000] {processor.py:758} INFO - Processing file /home/airflow/.local/lib/python3.7/site-packages/airflow/example_dags/example_complex.py for tasks to queue
[2025-12-05T01:10:43.533+0000] {logging_mixin.py:117} INFO - [2025-12-05T01:10:43.533+0000] {dagbag.py:525} INFO - Filling up the DagBag from /home/airflow/.local/lib/python3.7/site-packages/airflow/example_dags/example_complex.py
[2025-12-05T01:10:43.543+0000] {processor.py:768} INFO - DAG(s) dict_keys(['example_complex']) retrieved from /home/airflow/.local/lib/python3.7/site-packages/airflow/example_dags/example_complex.py
[2025-12-05T01:10:43.566+0000] {logging_mixin.py:117} INFO - [2025-12-05T01:10:43.566+0000] {dag.py:2573} INFO - Sync 1 DAGs
[2025-12-05T01:10:43.577+0000] {logging_mixin.py:117} INFO - [2025-12-05T01:10:43.577+0000] {dag.py:3328} INFO - Setting next_dagrun for example_complex to None, run_after=None
[2025-12-05T01:10:43.586+0000] {processor.py:178} INFO - Processing /home/airflow/.local/lib/python3.7/site-packages/airflow/example_dags/example_complex.py took 0.057 seconds
[2025-12-05T01:11:14.439+0000] {processor.py:156} INFO - Started process (PID=10202) to work on /home/airflow/.local/lib/python3.7/site-packages/airflow/example_dags/example_complex.py
[2025-12-05T01:11:14.440+0000] {processor.py:758} INFO - Processing file /home/airflow/.local/lib/python3.7/site-packages/airflow/example_dags/example_complex.py for tasks to queue
[2025-12-05T01:11:14.441+0000] {logging_mixin.py:117} INFO - [2025-12-05T01:11:14.441+0000] {dagbag.py:525} INFO - Filling up the DagBag from /home/airflow/.local/lib/python3.7/site-packages/airflow/example_dags/example_complex.py
[2025-12-05T01:11:14.451+0000] {processor.py:768} INFO - DAG(s) dict_keys(['example_complex']) retrieved from /home/airflow/.local/lib/python3.7/site-packages/airflow/example_dags/example_complex.py
[2025-12-05T01:11:14.472+0000] {logging_mixin.py:117} INFO - [2025-12-05T01:11:14.472+0000] {dag.py:2573} INFO - Sync 1 DAGs
[2025-12-05T01:11:14.485+0000] {logging_mixin.py:117} INFO - [2025-12-05T01:11:14.485+0000] {dag.py:3328} INFO - Setting next_dagrun for example_complex to None, run_after=None
[2025-12-05T01:11:14.497+0000] {processor.py:178} INFO - Processing /home/airflow/.local/lib/python3.7/site-packages/airflow/example_dags/example_complex.py took 0.060 seconds
[2025-12-05T01:11:45.436+0000] {processor.py:156} INFO - Started process (PID=10402) to work on /home/airflow/.local/lib/python3.7/site-packages/airflow/example_dags/example_complex.py
[2025-12-05T01:11:45.439+0000] {processor.py:758} INFO - Processing file /home/airflow/.local/lib/python3.7/site-packages/airflow/example_dags/example_complex.py for tasks to queue
[2025-12-05T01:11:45.440+0000] {logging_mixin.py:117} INFO - [2025-12-05T01:11:45.440+0000] {dagbag.py:525} INFO - Filling up the DagBag from /home/airflow/.local/lib/python3.7/site-packages/airflow/example_dags/example_complex.py
[2025-12-05T01:11:45.451+0000] {processor.py:768} INFO - DAG(s) dict_keys(['example_complex']) retrieved from /home/airflow/.local/lib/python3.7/site-packages/airflow/example_dags/example_complex.py
[2025-12-05T01:11:45.481+0000] {logging_mixin.py:117} INFO - [2025-12-05T01:11:45.481+0000] {dag.py:2573} INFO - Sync 1 DAGs
[2025-12-05T01:11:45.496+0000] {logging_mixin.py:117} INFO - [2025-12-05T01:11:45.496+0000] {dag.py:3328} INFO - Setting next_dagrun for example_complex to None, run_after=None
[2025-12-05T01:11:45.505+0000] {processor.py:178} INFO - Processing /home/airflow/.local/lib/python3.7/site-packages/airflow/example_dags/example_complex.py took 0.073 seconds
[2025-12-05T01:12:15.698+0000] {processor.py:156} INFO - Started process (PID=10602) to work on /home/airflow/.local/lib/python3.7/site-packages/airflow/example_dags/example_complex.py
[2025-12-05T01:12:15.699+0000] {processor.py:758} INFO - Processing file /home/airflow/.local/lib/python3.7/site-packages/airflow/example_dags/example_complex.py for tasks to queue
[2025-12-05T01:12:15.700+0000] {logging_mixin.py:117} INFO - [2025-12-05T01:12:15.700+0000] {dagbag.py:525} INFO - Filling up the DagBag from /home/airflow/.local/lib/python3.7/site-packages/airflow/example_dags/example_complex.py
[2025-12-05T01:12:15.711+0000] {processor.py:768} INFO - DAG(s) dict_keys(['example_complex']) retrieved from /home/airflow/.local/lib/python3.7/site-packages/airflow/example_dags/example_complex.py
[2025-12-05T01:12:15.732+0000] {logging_mixin.py:117} INFO - [2025-12-05T01:12:15.732+0000] {dag.py:2573} INFO - Sync 1 DAGs
[2025-12-05T01:12:15.745+0000] {logging_mixin.py:117} INFO - [2025-12-05T01:12:15.745+0000] {dag.py:3328} INFO - Setting next_dagrun for example_complex to None, run_after=None
[2025-12-05T01:12:15.756+0000] {processor.py:178} INFO - Processing /home/airflow/.local/lib/python3.7/site-packages/airflow/example_dags/example_complex.py took 0.060 seconds
[2025-12-05T01:12:46.795+0000] {processor.py:156} INFO - Started process (PID=10805) to work on /home/airflow/.local/lib/python3.7/site-packages/airflow/example_dags/example_complex.py
[2025-12-05T01:12:46.796+0000] {processor.py:758} INFO - Processing file /home/airflow/.local/lib/python3.7/site-packages/airflow/example_dags/example_complex.py for tasks to queue
[2025-12-05T01:12:46.796+0000] {logging_mixin.py:117} INFO - [2025-12-05T01:12:46.796+0000] {dagbag.py:525} INFO - Filling up the DagBag from /home/airflow/.local/lib/python3.7/site-packages/airflow/example_dags/example_complex.py
[2025-12-05T01:12:46.810+0000] {processor.py:768} INFO - DAG(s) dict_keys(['example_complex']) retrieved from /home/airflow/.local/lib/python3.7/site-packages/airflow/example_dags/example_complex.py
[2025-12-05T01:12:46.828+0000] {logging_mixin.py:117} INFO - [2025-12-05T01:12:46.828+0000] {dag.py:2573} INFO - Sync 1 DAGs
[2025-12-05T01:12:46.844+0000] {logging_mixin.py:117} INFO - [2025-12-05T01:12:46.843+0000] {dag.py:3328} INFO - Setting next_dagrun for example_complex to None, run_after=None
[2025-12-05T01:12:46.853+0000] {processor.py:178} INFO - Processing /home/airflow/.local/lib/python3.7/site-packages/airflow/example_dags/example_complex.py took 0.061 seconds
[2025-12-05T01:13:18.172+0000] {processor.py:156} INFO - Started process (PID=11006) to work on /home/airflow/.local/lib/python3.7/site-packages/airflow/example_dags/example_complex.py
[2025-12-05T01:13:18.173+0000] {processor.py:758} INFO - Processing file /home/airflow/.local/lib/python3.7/site-packages/airflow/example_dags/example_complex.py for tasks to queue
[2025-12-05T01:13:18.174+0000] {logging_mixin.py:117} INFO - [2025-12-05T01:13:18.174+0000] {dagbag.py:525} INFO - Filling up the DagBag from /home/airflow/.local/lib/python3.7/site-packages/airflow/example_dags/example_complex.py
[2025-12-05T01:13:18.187+0000] {processor.py:768} INFO - DAG(s) dict_keys(['example_complex']) retrieved from /home/airflow/.local/lib/python3.7/site-packages/airflow/example_dags/example_complex.py
[2025-12-05T01:13:18.220+0000] {logging_mixin.py:117} INFO - [2025-12-05T01:13:18.220+0000] {dag.py:2573} INFO - Sync 1 DAGs
[2025-12-05T01:13:18.240+0000] {logging_mixin.py:117} INFO - [2025-12-05T01:13:18.240+0000] {dag.py:3328} INFO - Setting next_dagrun for example_complex to None, run_after=None
[2025-12-05T01:13:18.251+0000] {processor.py:178} INFO - Processing /home/airflow/.local/lib/python3.7/site-packages/airflow/example_dags/example_complex.py took 0.082 seconds
[2025-12-05T01:13:48.955+0000] {processor.py:156} INFO - Started process (PID=11205) to work on /home/airflow/.local/lib/python3.7/site-packages/airflow/example_dags/example_complex.py
[2025-12-05T01:13:48.955+0000] {processor.py:758} INFO - Processing file /home/airflow/.local/lib/python3.7/site-packages/airflow/example_dags/example_complex.py for tasks to queue
[2025-12-05T01:13:48.956+0000] {logging_mixin.py:117} INFO - [2025-12-05T01:13:48.956+0000] {dagbag.py:525} INFO - Filling up the DagBag from /home/airflow/.local/lib/python3.7/site-packages/airflow/example_dags/example_complex.py
[2025-12-05T01:13:48.969+0000] {processor.py:768} INFO - DAG(s) dict_keys(['example_complex']) retrieved from /home/airflow/.local/lib/python3.7/site-packages/airflow/example_dags/example_complex.py
[2025-12-05T01:13:48.994+0000] {logging_mixin.py:117} INFO - [2025-12-05T01:13:48.994+0000] {dag.py:2573} INFO - Sync 1 DAGs
[2025-12-05T01:13:49.007+0000] {logging_mixin.py:117} INFO - [2025-12-05T01:13:49.006+0000] {dag.py:3328} INFO - Setting next_dagrun for example_complex to None, run_after=None
[2025-12-05T01:13:49.017+0000] {processor.py:178} INFO - Processing /home/airflow/.local/lib/python3.7/site-packages/airflow/example_dags/example_complex.py took 0.065 seconds
[2025-12-05T01:14:19.106+0000] {processor.py:156} INFO - Started process (PID=11408) to work on /home/airflow/.local/lib/python3.7/site-packages/airflow/example_dags/example_complex.py
[2025-12-05T01:14:19.107+0000] {processor.py:758} INFO - Processing file /home/airflow/.local/lib/python3.7/site-packages/airflow/example_dags/example_complex.py for tasks to queue
[2025-12-05T01:14:19.107+0000] {logging_mixin.py:117} INFO - [2025-12-05T01:14:19.107+0000] {dagbag.py:525} INFO - Filling up the DagBag from /home/airflow/.local/lib/python3.7/site-packages/airflow/example_dags/example_complex.py
[2025-12-05T01:14:19.119+0000] {processor.py:768} INFO - DAG(s) dict_keys(['example_complex']) retrieved from /home/airflow/.local/lib/python3.7/site-packages/airflow/example_dags/example_complex.py
[2025-12-05T01:14:19.142+0000] {logging_mixin.py:117} INFO - [2025-12-05T01:14:19.142+0000] {dag.py:2573} INFO - Sync 1 DAGs
[2025-12-05T01:14:19.154+0000] {logging_mixin.py:117} INFO - [2025-12-05T01:14:19.154+0000] {dag.py:3328} INFO - Setting next_dagrun for example_complex to None, run_after=None
[2025-12-05T01:14:19.161+0000] {processor.py:178} INFO - Processing /home/airflow/.local/lib/python3.7/site-packages/airflow/example_dags/example_complex.py took 0.057 seconds
[2025-12-05T01:14:49.349+0000] {processor.py:156} INFO - Started process (PID=11607) to work on /home/airflow/.local/lib/python3.7/site-packages/airflow/example_dags/example_complex.py
[2025-12-05T01:14:49.350+0000] {processor.py:758} INFO - Processing file /home/airflow/.local/lib/python3.7/site-packages/airflow/example_dags/example_complex.py for tasks to queue
[2025-12-05T01:14:49.350+0000] {logging_mixin.py:117} INFO - [2025-12-05T01:14:49.350+0000] {dagbag.py:525} INFO - Filling up the DagBag from /home/airflow/.local/lib/python3.7/site-packages/airflow/example_dags/example_complex.py
[2025-12-05T01:14:49.361+0000] {processor.py:768} INFO - DAG(s) dict_keys(['example_complex']) retrieved from /home/airflow/.local/lib/python3.7/site-packages/airflow/example_dags/example_complex.py
[2025-12-05T01:14:49.388+0000] {logging_mixin.py:117} INFO - [2025-12-05T01:14:49.388+0000] {dag.py:2573} INFO - Sync 1 DAGs
[2025-12-05T01:14:49.400+0000] {logging_mixin.py:117} INFO - [2025-12-05T01:14:49.400+0000] {dag.py:3328} INFO - Setting next_dagrun for example_complex to None, run_after=None
[2025-12-05T01:14:49.416+0000] {processor.py:178} INFO - Processing /home/airflow/.local/lib/python3.7/site-packages/airflow/example_dags/example_complex.py took 0.068 seconds
[2025-12-05T01:15:19.667+0000] {processor.py:156} INFO - Started process (PID=11809) to work on /home/airflow/.local/lib/python3.7/site-packages/airflow/example_dags/example_complex.py
[2025-12-05T01:15:19.668+0000] {processor.py:758} INFO - Processing file /home/airflow/.local/lib/python3.7/site-packages/airflow/example_dags/example_complex.py for tasks to queue
[2025-12-05T01:15:19.669+0000] {logging_mixin.py:117} INFO - [2025-12-05T01:15:19.669+0000] {dagbag.py:525} INFO - Filling up the DagBag from /home/airflow/.local/lib/python3.7/site-packages/airflow/example_dags/example_complex.py
[2025-12-05T01:15:19.682+0000] {processor.py:768} INFO - DAG(s) dict_keys(['example_complex']) retrieved from /home/airflow/.local/lib/python3.7/site-packages/airflow/example_dags/example_complex.py
[2025-12-05T01:15:19.713+0000] {logging_mixin.py:117} INFO - [2025-12-05T01:15:19.713+0000] {dag.py:2573} INFO - Sync 1 DAGs
[2025-12-05T01:15:19.727+0000] {logging_mixin.py:117} INFO - [2025-12-05T01:15:19.727+0000] {dag.py:3328} INFO - Setting next_dagrun for example_complex to None, run_after=None
[2025-12-05T01:15:19.742+0000] {processor.py:178} INFO - Processing /home/airflow/.local/lib/python3.7/site-packages/airflow/example_dags/example_complex.py took 0.077 seconds
[2025-12-05T01:15:50.066+0000] {processor.py:156} INFO - Started process (PID=12010) to work on /home/airflow/.local/lib/python3.7/site-packages/airflow/example_dags/example_complex.py
[2025-12-05T01:15:50.066+0000] {processor.py:758} INFO - Processing file /home/airflow/.local/lib/python3.7/site-packages/airflow/example_dags/example_complex.py for tasks to queue
[2025-12-05T01:15:50.067+0000] {logging_mixin.py:117} INFO - [2025-12-05T01:15:50.067+0000] {dagbag.py:525} INFO - Filling up the DagBag from /home/airflow/.local/lib/python3.7/site-packages/airflow/example_dags/example_complex.py
[2025-12-05T01:15:50.077+0000] {processor.py:768} INFO - DAG(s) dict_keys(['example_complex']) retrieved from /home/airflow/.local/lib/python3.7/site-packages/airflow/example_dags/example_complex.py
[2025-12-05T01:15:50.103+0000] {logging_mixin.py:117} INFO - [2025-12-05T01:15:50.103+0000] {dag.py:2573} INFO - Sync 1 DAGs
[2025-12-05T01:15:50.122+0000] {logging_mixin.py:117} INFO - [2025-12-05T01:15:50.122+0000] {dag.py:3328} INFO - Setting next_dagrun for example_complex to None, run_after=None
[2025-12-05T01:15:50.134+0000] {processor.py:178} INFO - Processing /home/airflow/.local/lib/python3.7/site-packages/airflow/example_dags/example_complex.py took 0.069 seconds
[2025-12-05T01:16:21.052+0000] {processor.py:156} INFO - Started process (PID=12216) to work on /home/airflow/.local/lib/python3.7/site-packages/airflow/example_dags/example_complex.py
[2025-12-05T01:16:21.055+0000] {processor.py:758} INFO - Processing file /home/airflow/.local/lib/python3.7/site-packages/airflow/example_dags/example_complex.py for tasks to queue
[2025-12-05T01:16:21.056+0000] {logging_mixin.py:117} INFO - [2025-12-05T01:16:21.056+0000] {dagbag.py:525} INFO - Filling up the DagBag from /home/airflow/.local/lib/python3.7/site-packages/airflow/example_dags/example_complex.py
[2025-12-05T01:16:21.070+0000] {processor.py:768} INFO - DAG(s) dict_keys(['example_complex']) retrieved from /home/airflow/.local/lib/python3.7/site-packages/airflow/example_dags/example_complex.py
[2025-12-05T01:16:21.096+0000] {logging_mixin.py:117} INFO - [2025-12-05T01:16:21.096+0000] {dag.py:2573} INFO - Sync 1 DAGs
[2025-12-05T01:16:21.108+0000] {logging_mixin.py:117} INFO - [2025-12-05T01:16:21.108+0000] {dag.py:3328} INFO - Setting next_dagrun for example_complex to None, run_after=None
[2025-12-05T01:16:21.116+0000] {processor.py:178} INFO - Processing /home/airflow/.local/lib/python3.7/site-packages/airflow/example_dags/example_complex.py took 0.066 seconds
[2025-12-05T01:16:51.442+0000] {processor.py:156} INFO - Started process (PID=12427) to work on /home/airflow/.local/lib/python3.7/site-packages/airflow/example_dags/example_complex.py
[2025-12-05T01:16:51.442+0000] {processor.py:758} INFO - Processing file /home/airflow/.local/lib/python3.7/site-packages/airflow/example_dags/example_complex.py for tasks to queue
[2025-12-05T01:16:51.443+0000] {logging_mixin.py:117} INFO - [2025-12-05T01:16:51.443+0000] {dagbag.py:525} INFO - Filling up the DagBag from /home/airflow/.local/lib/python3.7/site-packages/airflow/example_dags/example_complex.py
[2025-12-05T01:16:51.453+0000] {processor.py:768} INFO - DAG(s) dict_keys(['example_complex']) retrieved from /home/airflow/.local/lib/python3.7/site-packages/airflow/example_dags/example_complex.py
[2025-12-05T01:16:51.475+0000] {logging_mixin.py:117} INFO - [2025-12-05T01:16:51.475+0000] {dag.py:2573} INFO - Sync 1 DAGs
[2025-12-05T01:16:51.487+0000] {logging_mixin.py:117} INFO - [2025-12-05T01:16:51.487+0000] {dag.py:3328} INFO - Setting next_dagrun for example_complex to None, run_after=None
[2025-12-05T01:16:51.496+0000] {processor.py:178} INFO - Processing /home/airflow/.local/lib/python3.7/site-packages/airflow/example_dags/example_complex.py took 0.056 seconds
[2025-12-05T01:17:22.080+0000] {processor.py:156} INFO - Started process (PID=12633) to work on /home/airflow/.local/lib/python3.7/site-packages/airflow/example_dags/example_complex.py
[2025-12-05T01:17:22.080+0000] {processor.py:758} INFO - Processing file /home/airflow/.local/lib/python3.7/site-packages/airflow/example_dags/example_complex.py for tasks to queue
[2025-12-05T01:17:22.081+0000] {logging_mixin.py:117} INFO - [2025-12-05T01:17:22.081+0000] {dagbag.py:525} INFO - Filling up the DagBag from /home/airflow/.local/lib/python3.7/site-packages/airflow/example_dags/example_complex.py
[2025-12-05T01:17:22.099+0000] {processor.py:768} INFO - DAG(s) dict_keys(['example_complex']) retrieved from /home/airflow/.local/lib/python3.7/site-packages/airflow/example_dags/example_complex.py
[2025-12-05T01:17:22.127+0000] {logging_mixin.py:117} INFO - [2025-12-05T01:17:22.127+0000] {dag.py:2573} INFO - Sync 1 DAGs
[2025-12-05T01:17:22.140+0000] {logging_mixin.py:117} INFO - [2025-12-05T01:17:22.140+0000] {dag.py:3328} INFO - Setting next_dagrun for example_complex to None, run_after=None
[2025-12-05T01:17:22.150+0000] {processor.py:178} INFO - Processing /home/airflow/.local/lib/python3.7/site-packages/airflow/example_dags/example_complex.py took 0.073 seconds
[2025-12-05T01:17:52.253+0000] {processor.py:156} INFO - Started process (PID=12843) to work on /home/airflow/.local/lib/python3.7/site-packages/airflow/example_dags/example_complex.py
[2025-12-05T01:17:52.256+0000] {processor.py:758} INFO - Processing file /home/airflow/.local/lib/python3.7/site-packages/airflow/example_dags/example_complex.py for tasks to queue
[2025-12-05T01:17:52.257+0000] {logging_mixin.py:117} INFO - [2025-12-05T01:17:52.257+0000] {dagbag.py:525} INFO - Filling up the DagBag from /home/airflow/.local/lib/python3.7/site-packages/airflow/example_dags/example_complex.py
[2025-12-05T01:17:52.269+0000] {processor.py:768} INFO - DAG(s) dict_keys(['example_complex']) retrieved from /home/airflow/.local/lib/python3.7/site-packages/airflow/example_dags/example_complex.py
[2025-12-05T01:17:52.299+0000] {logging_mixin.py:117} INFO - [2025-12-05T01:17:52.299+0000] {dag.py:2573} INFO - Sync 1 DAGs
[2025-12-05T01:17:52.311+0000] {logging_mixin.py:117} INFO - [2025-12-05T01:17:52.311+0000] {dag.py:3328} INFO - Setting next_dagrun for example_complex to None, run_after=None
[2025-12-05T01:17:52.319+0000] {processor.py:178} INFO - Processing /home/airflow/.local/lib/python3.7/site-packages/airflow/example_dags/example_complex.py took 0.073 seconds
[2025-12-05T01:18:22.730+0000] {processor.py:156} INFO - Started process (PID=13049) to work on /home/airflow/.local/lib/python3.7/site-packages/airflow/example_dags/example_complex.py
[2025-12-05T01:18:22.731+0000] {processor.py:758} INFO - Processing file /home/airflow/.local/lib/python3.7/site-packages/airflow/example_dags/example_complex.py for tasks to queue
[2025-12-05T01:18:22.731+0000] {logging_mixin.py:117} INFO - [2025-12-05T01:18:22.731+0000] {dagbag.py:525} INFO - Filling up the DagBag from /home/airflow/.local/lib/python3.7/site-packages/airflow/example_dags/example_complex.py
[2025-12-05T01:18:22.741+0000] {processor.py:768} INFO - DAG(s) dict_keys(['example_complex']) retrieved from /home/airflow/.local/lib/python3.7/site-packages/airflow/example_dags/example_complex.py
[2025-12-05T01:18:22.767+0000] {logging_mixin.py:117} INFO - [2025-12-05T01:18:22.766+0000] {dag.py:2573} INFO - Sync 1 DAGs
[2025-12-05T01:18:22.778+0000] {logging_mixin.py:117} INFO - [2025-12-05T01:18:22.778+0000] {dag.py:3328} INFO - Setting next_dagrun for example_complex to None, run_after=None
[2025-12-05T01:18:22.787+0000] {processor.py:178} INFO - Processing /home/airflow/.local/lib/python3.7/site-packages/airflow/example_dags/example_complex.py took 0.058 seconds
[2025-12-05T01:18:53.806+0000] {processor.py:156} INFO - Started process (PID=13255) to work on /home/airflow/.local/lib/python3.7/site-packages/airflow/example_dags/example_complex.py
[2025-12-05T01:18:53.807+0000] {processor.py:758} INFO - Processing file /home/airflow/.local/lib/python3.7/site-packages/airflow/example_dags/example_complex.py for tasks to queue
[2025-12-05T01:18:53.807+0000] {logging_mixin.py:117} INFO - [2025-12-05T01:18:53.807+0000] {dagbag.py:525} INFO - Filling up the DagBag from /home/airflow/.local/lib/python3.7/site-packages/airflow/example_dags/example_complex.py
[2025-12-05T01:18:53.819+0000] {processor.py:768} INFO - DAG(s) dict_keys(['example_complex']) retrieved from /home/airflow/.local/lib/python3.7/site-packages/airflow/example_dags/example_complex.py
[2025-12-05T01:18:53.850+0000] {logging_mixin.py:117} INFO - [2025-12-05T01:18:53.850+0000] {dag.py:2573} INFO - Sync 1 DAGs
[2025-12-05T01:18:53.862+0000] {logging_mixin.py:117} INFO - [2025-12-05T01:18:53.862+0000] {dag.py:3328} INFO - Setting next_dagrun for example_complex to None, run_after=None
[2025-12-05T01:18:53.870+0000] {processor.py:178} INFO - Processing /home/airflow/.local/lib/python3.7/site-packages/airflow/example_dags/example_complex.py took 0.067 seconds
[2025-12-05T01:19:24.581+0000] {processor.py:156} INFO - Started process (PID=13461) to work on /home/airflow/.local/lib/python3.7/site-packages/airflow/example_dags/example_complex.py
[2025-12-05T01:19:24.581+0000] {processor.py:758} INFO - Processing file /home/airflow/.local/lib/python3.7/site-packages/airflow/example_dags/example_complex.py for tasks to queue
[2025-12-05T01:19:24.582+0000] {logging_mixin.py:117} INFO - [2025-12-05T01:19:24.582+0000] {dagbag.py:525} INFO - Filling up the DagBag from /home/airflow/.local/lib/python3.7/site-packages/airflow/example_dags/example_complex.py
[2025-12-05T01:19:24.593+0000] {processor.py:768} INFO - DAG(s) dict_keys(['example_complex']) retrieved from /home/airflow/.local/lib/python3.7/site-packages/airflow/example_dags/example_complex.py
[2025-12-05T01:19:24.614+0000] {logging_mixin.py:117} INFO - [2025-12-05T01:19:24.614+0000] {dag.py:2573} INFO - Sync 1 DAGs
[2025-12-05T01:19:24.630+0000] {logging_mixin.py:117} INFO - [2025-12-05T01:19:24.630+0000] {dag.py:3328} INFO - Setting next_dagrun for example_complex to None, run_after=None
[2025-12-05T01:19:24.645+0000] {processor.py:178} INFO - Processing /home/airflow/.local/lib/python3.7/site-packages/airflow/example_dags/example_complex.py took 0.066 seconds
[2025-12-05T01:19:55.552+0000] {processor.py:156} INFO - Started process (PID=13674) to work on /home/airflow/.local/lib/python3.7/site-packages/airflow/example_dags/example_complex.py
[2025-12-05T01:19:55.553+0000] {processor.py:758} INFO - Processing file /home/airflow/.local/lib/python3.7/site-packages/airflow/example_dags/example_complex.py for tasks to queue
[2025-12-05T01:19:55.554+0000] {logging_mixin.py:117} INFO - [2025-12-05T01:19:55.554+0000] {dagbag.py:525} INFO - Filling up the DagBag from /home/airflow/.local/lib/python3.7/site-packages/airflow/example_dags/example_complex.py
[2025-12-05T01:19:55.570+0000] {processor.py:768} INFO - DAG(s) dict_keys(['example_complex']) retrieved from /home/airflow/.local/lib/python3.7/site-packages/airflow/example_dags/example_complex.py
[2025-12-05T01:19:55.606+0000] {logging_mixin.py:117} INFO - [2025-12-05T01:19:55.606+0000] {dag.py:2573} INFO - Sync 1 DAGs
[2025-12-05T01:19:55.623+0000] {logging_mixin.py:117} INFO - [2025-12-05T01:19:55.622+0000] {dag.py:3328} INFO - Setting next_dagrun for example_complex to None, run_after=None
[2025-12-05T01:19:55.631+0000] {processor.py:178} INFO - Processing /home/airflow/.local/lib/python3.7/site-packages/airflow/example_dags/example_complex.py took 0.081 seconds
[2025-12-05T01:20:26.439+0000] {processor.py:156} INFO - Started process (PID=13880) to work on /home/airflow/.local/lib/python3.7/site-packages/airflow/example_dags/example_complex.py
[2025-12-05T01:20:26.440+0000] {processor.py:758} INFO - Processing file /home/airflow/.local/lib/python3.7/site-packages/airflow/example_dags/example_complex.py for tasks to queue
[2025-12-05T01:20:26.440+0000] {logging_mixin.py:117} INFO - [2025-12-05T01:20:26.440+0000] {dagbag.py:525} INFO - Filling up the DagBag from /home/airflow/.local/lib/python3.7/site-packages/airflow/example_dags/example_complex.py
[2025-12-05T01:20:26.452+0000] {processor.py:768} INFO - DAG(s) dict_keys(['example_complex']) retrieved from /home/airflow/.local/lib/python3.7/site-packages/airflow/example_dags/example_complex.py
[2025-12-05T01:20:26.475+0000] {logging_mixin.py:117} INFO - [2025-12-05T01:20:26.475+0000] {dag.py:2573} INFO - Sync 1 DAGs
[2025-12-05T01:20:26.487+0000] {logging_mixin.py:117} INFO - [2025-12-05T01:20:26.486+0000] {dag.py:3328} INFO - Setting next_dagrun for example_complex to None, run_after=None
[2025-12-05T01:20:26.494+0000] {processor.py:178} INFO - Processing /home/airflow/.local/lib/python3.7/site-packages/airflow/example_dags/example_complex.py took 0.057 seconds
[2025-12-05T01:20:57.495+0000] {processor.py:156} INFO - Started process (PID=14086) to work on /home/airflow/.local/lib/python3.7/site-packages/airflow/example_dags/example_complex.py
[2025-12-05T01:20:57.496+0000] {processor.py:758} INFO - Processing file /home/airflow/.local/lib/python3.7/site-packages/airflow/example_dags/example_complex.py for tasks to queue
[2025-12-05T01:20:57.496+0000] {logging_mixin.py:117} INFO - [2025-12-05T01:20:57.496+0000] {dagbag.py:525} INFO - Filling up the DagBag from /home/airflow/.local/lib/python3.7/site-packages/airflow/example_dags/example_complex.py
[2025-12-05T01:20:57.506+0000] {processor.py:768} INFO - DAG(s) dict_keys(['example_complex']) retrieved from /home/airflow/.local/lib/python3.7/site-packages/airflow/example_dags/example_complex.py
[2025-12-05T01:20:57.526+0000] {logging_mixin.py:117} INFO - [2025-12-05T01:20:57.526+0000] {dag.py:2573} INFO - Sync 1 DAGs
[2025-12-05T01:20:57.538+0000] {logging_mixin.py:117} INFO - [2025-12-05T01:20:57.538+0000] {dag.py:3328} INFO - Setting next_dagrun for example_complex to None, run_after=None
[2025-12-05T01:20:57.546+0000] {processor.py:178} INFO - Processing /home/airflow/.local/lib/python3.7/site-packages/airflow/example_dags/example_complex.py took 0.055 seconds
