[2025-12-05T00:46:02.628+0000] {processor.py:156} INFO - Started process (PID=176) to work on /home/airflow/.local/lib/python3.7/site-packages/airflow/example_dags/example_time_delta_sensor_async.py
[2025-12-05T00:46:02.629+0000] {processor.py:758} INFO - Processing file /home/airflow/.local/lib/python3.7/site-packages/airflow/example_dags/example_time_delta_sensor_async.py for tasks to queue
[2025-12-05T00:46:02.629+0000] {logging_mixin.py:117} INFO - [2025-12-05T00:46:02.629+0000] {dagbag.py:525} INFO - Filling up the DagBag from /home/airflow/.local/lib/python3.7/site-packages/airflow/example_dags/example_time_delta_sensor_async.py
[2025-12-05T00:46:02.667+0000] {processor.py:768} INFO - DAG(s) dict_keys(['example_time_delta_sensor_async']) retrieved from /home/airflow/.local/lib/python3.7/site-packages/airflow/example_dags/example_time_delta_sensor_async.py
[2025-12-05T00:46:02.849+0000] {logging_mixin.py:117} INFO - [2025-12-05T00:46:02.849+0000] {manager.py:508} INFO - Created Permission View: can read on DAG:example_time_delta_sensor_async
[2025-12-05T00:46:02.859+0000] {logging_mixin.py:117} INFO - [2025-12-05T00:46:02.859+0000] {manager.py:508} INFO - Created Permission View: can delete on DAG:example_time_delta_sensor_async
[2025-12-05T00:46:02.864+0000] {logging_mixin.py:117} INFO - [2025-12-05T00:46:02.864+0000] {manager.py:508} INFO - Created Permission View: can edit on DAG:example_time_delta_sensor_async
[2025-12-05T00:46:02.864+0000] {logging_mixin.py:117} INFO - [2025-12-05T00:46:02.864+0000] {dag.py:2573} INFO - Sync 1 DAGs
[2025-12-05T00:46:03.048+0000] {logging_mixin.py:117} INFO - [2025-12-05T00:46:03.048+0000] {dag.py:2594} INFO - Creating ORM DAG for example_time_delta_sensor_async
[2025-12-05T00:46:03.055+0000] {logging_mixin.py:117} INFO - [2025-12-05T00:46:03.055+0000] {dag.py:3328} INFO - Setting next_dagrun for example_time_delta_sensor_async to None, run_after=None
[2025-12-05T00:46:03.069+0000] {processor.py:178} INFO - Processing /home/airflow/.local/lib/python3.7/site-packages/airflow/example_dags/example_time_delta_sensor_async.py took 0.443 seconds
[2025-12-05T00:46:33.979+0000] {processor.py:156} INFO - Started process (PID=377) to work on /home/airflow/.local/lib/python3.7/site-packages/airflow/example_dags/example_time_delta_sensor_async.py
[2025-12-05T00:46:33.982+0000] {processor.py:758} INFO - Processing file /home/airflow/.local/lib/python3.7/site-packages/airflow/example_dags/example_time_delta_sensor_async.py for tasks to queue
[2025-12-05T00:46:33.983+0000] {logging_mixin.py:117} INFO - [2025-12-05T00:46:33.983+0000] {dagbag.py:525} INFO - Filling up the DagBag from /home/airflow/.local/lib/python3.7/site-packages/airflow/example_dags/example_time_delta_sensor_async.py
[2025-12-05T00:46:34.012+0000] {processor.py:768} INFO - DAG(s) dict_keys(['example_time_delta_sensor_async']) retrieved from /home/airflow/.local/lib/python3.7/site-packages/airflow/example_dags/example_time_delta_sensor_async.py
[2025-12-05T00:46:34.128+0000] {logging_mixin.py:117} INFO - [2025-12-05T00:46:34.128+0000] {dag.py:2573} INFO - Sync 1 DAGs
[2025-12-05T00:46:34.145+0000] {logging_mixin.py:117} INFO - [2025-12-05T00:46:34.145+0000] {dag.py:3328} INFO - Setting next_dagrun for example_time_delta_sensor_async to None, run_after=None
[2025-12-05T00:46:34.159+0000] {processor.py:178} INFO - Processing /home/airflow/.local/lib/python3.7/site-packages/airflow/example_dags/example_time_delta_sensor_async.py took 0.184 seconds
[2025-12-05T00:47:05.035+0000] {processor.py:156} INFO - Started process (PID=579) to work on /home/airflow/.local/lib/python3.7/site-packages/airflow/example_dags/example_time_delta_sensor_async.py
[2025-12-05T00:47:05.037+0000] {processor.py:758} INFO - Processing file /home/airflow/.local/lib/python3.7/site-packages/airflow/example_dags/example_time_delta_sensor_async.py for tasks to queue
[2025-12-05T00:47:05.037+0000] {logging_mixin.py:117} INFO - [2025-12-05T00:47:05.037+0000] {dagbag.py:525} INFO - Filling up the DagBag from /home/airflow/.local/lib/python3.7/site-packages/airflow/example_dags/example_time_delta_sensor_async.py
[2025-12-05T00:47:05.049+0000] {processor.py:768} INFO - DAG(s) dict_keys(['example_time_delta_sensor_async']) retrieved from /home/airflow/.local/lib/python3.7/site-packages/airflow/example_dags/example_time_delta_sensor_async.py
[2025-12-05T00:47:05.151+0000] {logging_mixin.py:117} INFO - [2025-12-05T00:47:05.151+0000] {dag.py:2573} INFO - Sync 1 DAGs
[2025-12-05T00:47:05.163+0000] {logging_mixin.py:117} INFO - [2025-12-05T00:47:05.163+0000] {dag.py:3328} INFO - Setting next_dagrun for example_time_delta_sensor_async to None, run_after=None
[2025-12-05T00:47:05.175+0000] {processor.py:178} INFO - Processing /home/airflow/.local/lib/python3.7/site-packages/airflow/example_dags/example_time_delta_sensor_async.py took 0.142 seconds
[2025-12-05T00:47:36.156+0000] {processor.py:156} INFO - Started process (PID=779) to work on /home/airflow/.local/lib/python3.7/site-packages/airflow/example_dags/example_time_delta_sensor_async.py
[2025-12-05T00:47:36.159+0000] {processor.py:758} INFO - Processing file /home/airflow/.local/lib/python3.7/site-packages/airflow/example_dags/example_time_delta_sensor_async.py for tasks to queue
[2025-12-05T00:47:36.163+0000] {logging_mixin.py:117} INFO - [2025-12-05T00:47:36.163+0000] {dagbag.py:525} INFO - Filling up the DagBag from /home/airflow/.local/lib/python3.7/site-packages/airflow/example_dags/example_time_delta_sensor_async.py
[2025-12-05T00:47:36.232+0000] {processor.py:768} INFO - DAG(s) dict_keys(['example_time_delta_sensor_async']) retrieved from /home/airflow/.local/lib/python3.7/site-packages/airflow/example_dags/example_time_delta_sensor_async.py
[2025-12-05T00:47:36.381+0000] {logging_mixin.py:117} INFO - [2025-12-05T00:47:36.381+0000] {dag.py:2573} INFO - Sync 1 DAGs
[2025-12-05T00:47:36.634+0000] {logging_mixin.py:117} INFO - [2025-12-05T00:47:36.634+0000] {dag.py:3328} INFO - Setting next_dagrun for example_time_delta_sensor_async to None, run_after=None
[2025-12-05T00:47:36.646+0000] {processor.py:178} INFO - Processing /home/airflow/.local/lib/python3.7/site-packages/airflow/example_dags/example_time_delta_sensor_async.py took 0.496 seconds
[2025-12-05T00:48:06.884+0000] {processor.py:156} INFO - Started process (PID=981) to work on /home/airflow/.local/lib/python3.7/site-packages/airflow/example_dags/example_time_delta_sensor_async.py
[2025-12-05T00:48:06.885+0000] {processor.py:758} INFO - Processing file /home/airflow/.local/lib/python3.7/site-packages/airflow/example_dags/example_time_delta_sensor_async.py for tasks to queue
[2025-12-05T00:48:06.886+0000] {logging_mixin.py:117} INFO - [2025-12-05T00:48:06.886+0000] {dagbag.py:525} INFO - Filling up the DagBag from /home/airflow/.local/lib/python3.7/site-packages/airflow/example_dags/example_time_delta_sensor_async.py
[2025-12-05T00:48:06.909+0000] {processor.py:768} INFO - DAG(s) dict_keys(['example_time_delta_sensor_async']) retrieved from /home/airflow/.local/lib/python3.7/site-packages/airflow/example_dags/example_time_delta_sensor_async.py
[2025-12-05T00:48:07.060+0000] {logging_mixin.py:117} INFO - [2025-12-05T00:48:07.060+0000] {dag.py:2573} INFO - Sync 1 DAGs
[2025-12-05T00:48:07.215+0000] {logging_mixin.py:117} INFO - [2025-12-05T00:48:07.215+0000] {dag.py:3328} INFO - Setting next_dagrun for example_time_delta_sensor_async to None, run_after=None
[2025-12-05T00:48:07.224+0000] {processor.py:178} INFO - Processing /home/airflow/.local/lib/python3.7/site-packages/airflow/example_dags/example_time_delta_sensor_async.py took 0.343 seconds
[2025-12-05T00:48:37.756+0000] {processor.py:156} INFO - Started process (PID=1182) to work on /home/airflow/.local/lib/python3.7/site-packages/airflow/example_dags/example_time_delta_sensor_async.py
[2025-12-05T00:48:37.757+0000] {processor.py:758} INFO - Processing file /home/airflow/.local/lib/python3.7/site-packages/airflow/example_dags/example_time_delta_sensor_async.py for tasks to queue
[2025-12-05T00:48:37.758+0000] {logging_mixin.py:117} INFO - [2025-12-05T00:48:37.758+0000] {dagbag.py:525} INFO - Filling up the DagBag from /home/airflow/.local/lib/python3.7/site-packages/airflow/example_dags/example_time_delta_sensor_async.py
[2025-12-05T00:48:37.785+0000] {processor.py:768} INFO - DAG(s) dict_keys(['example_time_delta_sensor_async']) retrieved from /home/airflow/.local/lib/python3.7/site-packages/airflow/example_dags/example_time_delta_sensor_async.py
[2025-12-05T00:48:38.215+0000] {logging_mixin.py:117} INFO - [2025-12-05T00:48:38.215+0000] {dag.py:2573} INFO - Sync 1 DAGs
[2025-12-05T00:48:38.230+0000] {logging_mixin.py:117} INFO - [2025-12-05T00:48:38.229+0000] {dag.py:3328} INFO - Setting next_dagrun for example_time_delta_sensor_async to None, run_after=None
[2025-12-05T00:48:38.247+0000] {processor.py:178} INFO - Processing /home/airflow/.local/lib/python3.7/site-packages/airflow/example_dags/example_time_delta_sensor_async.py took 0.495 seconds
[2025-12-05T00:49:08.656+0000] {processor.py:156} INFO - Started process (PID=1382) to work on /home/airflow/.local/lib/python3.7/site-packages/airflow/example_dags/example_time_delta_sensor_async.py
[2025-12-05T00:49:08.657+0000] {processor.py:758} INFO - Processing file /home/airflow/.local/lib/python3.7/site-packages/airflow/example_dags/example_time_delta_sensor_async.py for tasks to queue
[2025-12-05T00:49:08.658+0000] {logging_mixin.py:117} INFO - [2025-12-05T00:49:08.658+0000] {dagbag.py:525} INFO - Filling up the DagBag from /home/airflow/.local/lib/python3.7/site-packages/airflow/example_dags/example_time_delta_sensor_async.py
[2025-12-05T00:49:08.676+0000] {processor.py:768} INFO - DAG(s) dict_keys(['example_time_delta_sensor_async']) retrieved from /home/airflow/.local/lib/python3.7/site-packages/airflow/example_dags/example_time_delta_sensor_async.py
[2025-12-05T00:49:09.044+0000] {logging_mixin.py:117} INFO - [2025-12-05T00:49:09.044+0000] {dag.py:2573} INFO - Sync 1 DAGs
[2025-12-05T00:49:09.055+0000] {logging_mixin.py:117} INFO - [2025-12-05T00:49:09.055+0000] {dag.py:3328} INFO - Setting next_dagrun for example_time_delta_sensor_async to None, run_after=None
[2025-12-05T00:49:09.064+0000] {processor.py:178} INFO - Processing /home/airflow/.local/lib/python3.7/site-packages/airflow/example_dags/example_time_delta_sensor_async.py took 0.415 seconds
[2025-12-05T00:49:39.479+0000] {processor.py:156} INFO - Started process (PID=1591) to work on /home/airflow/.local/lib/python3.7/site-packages/airflow/example_dags/example_time_delta_sensor_async.py
[2025-12-05T00:49:39.480+0000] {processor.py:758} INFO - Processing file /home/airflow/.local/lib/python3.7/site-packages/airflow/example_dags/example_time_delta_sensor_async.py for tasks to queue
[2025-12-05T00:49:39.481+0000] {logging_mixin.py:117} INFO - [2025-12-05T00:49:39.481+0000] {dagbag.py:525} INFO - Filling up the DagBag from /home/airflow/.local/lib/python3.7/site-packages/airflow/example_dags/example_time_delta_sensor_async.py
[2025-12-05T00:49:39.501+0000] {processor.py:768} INFO - DAG(s) dict_keys(['example_time_delta_sensor_async']) retrieved from /home/airflow/.local/lib/python3.7/site-packages/airflow/example_dags/example_time_delta_sensor_async.py
[2025-12-05T00:49:39.863+0000] {logging_mixin.py:117} INFO - [2025-12-05T00:49:39.862+0000] {dag.py:2573} INFO - Sync 1 DAGs
[2025-12-05T00:49:39.874+0000] {logging_mixin.py:117} INFO - [2025-12-05T00:49:39.874+0000] {dag.py:3328} INFO - Setting next_dagrun for example_time_delta_sensor_async to None, run_after=None
[2025-12-05T00:49:39.884+0000] {processor.py:178} INFO - Processing /home/airflow/.local/lib/python3.7/site-packages/airflow/example_dags/example_time_delta_sensor_async.py took 0.408 seconds
[2025-12-05T00:50:09.922+0000] {processor.py:156} INFO - Started process (PID=1794) to work on /home/airflow/.local/lib/python3.7/site-packages/airflow/example_dags/example_time_delta_sensor_async.py
[2025-12-05T00:50:09.923+0000] {processor.py:758} INFO - Processing file /home/airflow/.local/lib/python3.7/site-packages/airflow/example_dags/example_time_delta_sensor_async.py for tasks to queue
[2025-12-05T00:50:09.923+0000] {logging_mixin.py:117} INFO - [2025-12-05T00:50:09.923+0000] {dagbag.py:525} INFO - Filling up the DagBag from /home/airflow/.local/lib/python3.7/site-packages/airflow/example_dags/example_time_delta_sensor_async.py
[2025-12-05T00:50:09.945+0000] {processor.py:768} INFO - DAG(s) dict_keys(['example_time_delta_sensor_async']) retrieved from /home/airflow/.local/lib/python3.7/site-packages/airflow/example_dags/example_time_delta_sensor_async.py
[2025-12-05T00:50:10.095+0000] {logging_mixin.py:117} INFO - [2025-12-05T00:50:10.094+0000] {dag.py:2573} INFO - Sync 1 DAGs
[2025-12-05T00:50:10.368+0000] {logging_mixin.py:117} INFO - [2025-12-05T00:50:10.366+0000] {dag.py:3328} INFO - Setting next_dagrun for example_time_delta_sensor_async to None, run_after=None
[2025-12-05T00:50:10.386+0000] {processor.py:178} INFO - Processing /home/airflow/.local/lib/python3.7/site-packages/airflow/example_dags/example_time_delta_sensor_async.py took 0.468 seconds
[2025-12-05T00:50:40.853+0000] {processor.py:156} INFO - Started process (PID=1994) to work on /home/airflow/.local/lib/python3.7/site-packages/airflow/example_dags/example_time_delta_sensor_async.py
[2025-12-05T00:50:40.855+0000] {processor.py:758} INFO - Processing file /home/airflow/.local/lib/python3.7/site-packages/airflow/example_dags/example_time_delta_sensor_async.py for tasks to queue
[2025-12-05T00:50:40.855+0000] {logging_mixin.py:117} INFO - [2025-12-05T00:50:40.855+0000] {dagbag.py:525} INFO - Filling up the DagBag from /home/airflow/.local/lib/python3.7/site-packages/airflow/example_dags/example_time_delta_sensor_async.py
[2025-12-05T00:50:40.878+0000] {processor.py:768} INFO - DAG(s) dict_keys(['example_time_delta_sensor_async']) retrieved from /home/airflow/.local/lib/python3.7/site-packages/airflow/example_dags/example_time_delta_sensor_async.py
[2025-12-05T00:50:41.223+0000] {logging_mixin.py:117} INFO - [2025-12-05T00:50:41.222+0000] {dag.py:2573} INFO - Sync 1 DAGs
[2025-12-05T00:50:41.237+0000] {logging_mixin.py:117} INFO - [2025-12-05T00:50:41.237+0000] {dag.py:3328} INFO - Setting next_dagrun for example_time_delta_sensor_async to None, run_after=None
[2025-12-05T00:50:41.254+0000] {processor.py:178} INFO - Processing /home/airflow/.local/lib/python3.7/site-packages/airflow/example_dags/example_time_delta_sensor_async.py took 0.404 seconds
[2025-12-05T00:51:11.785+0000] {processor.py:156} INFO - Started process (PID=2195) to work on /home/airflow/.local/lib/python3.7/site-packages/airflow/example_dags/example_time_delta_sensor_async.py
[2025-12-05T00:51:11.787+0000] {processor.py:758} INFO - Processing file /home/airflow/.local/lib/python3.7/site-packages/airflow/example_dags/example_time_delta_sensor_async.py for tasks to queue
[2025-12-05T00:51:11.788+0000] {logging_mixin.py:117} INFO - [2025-12-05T00:51:11.788+0000] {dagbag.py:525} INFO - Filling up the DagBag from /home/airflow/.local/lib/python3.7/site-packages/airflow/example_dags/example_time_delta_sensor_async.py
[2025-12-05T00:51:11.841+0000] {processor.py:768} INFO - DAG(s) dict_keys(['example_time_delta_sensor_async']) retrieved from /home/airflow/.local/lib/python3.7/site-packages/airflow/example_dags/example_time_delta_sensor_async.py
[2025-12-05T00:51:12.206+0000] {logging_mixin.py:117} INFO - [2025-12-05T00:51:12.205+0000] {dag.py:2573} INFO - Sync 1 DAGs
[2025-12-05T00:51:12.216+0000] {logging_mixin.py:117} INFO - [2025-12-05T00:51:12.216+0000] {dag.py:3328} INFO - Setting next_dagrun for example_time_delta_sensor_async to None, run_after=None
[2025-12-05T00:51:12.229+0000] {processor.py:178} INFO - Processing /home/airflow/.local/lib/python3.7/site-packages/airflow/example_dags/example_time_delta_sensor_async.py took 0.449 seconds
[2025-12-05T00:51:42.560+0000] {processor.py:156} INFO - Started process (PID=2399) to work on /home/airflow/.local/lib/python3.7/site-packages/airflow/example_dags/example_time_delta_sensor_async.py
[2025-12-05T00:51:42.560+0000] {processor.py:758} INFO - Processing file /home/airflow/.local/lib/python3.7/site-packages/airflow/example_dags/example_time_delta_sensor_async.py for tasks to queue
[2025-12-05T00:51:42.561+0000] {logging_mixin.py:117} INFO - [2025-12-05T00:51:42.561+0000] {dagbag.py:525} INFO - Filling up the DagBag from /home/airflow/.local/lib/python3.7/site-packages/airflow/example_dags/example_time_delta_sensor_async.py
[2025-12-05T00:51:42.569+0000] {processor.py:768} INFO - DAG(s) dict_keys(['example_time_delta_sensor_async']) retrieved from /home/airflow/.local/lib/python3.7/site-packages/airflow/example_dags/example_time_delta_sensor_async.py
[2025-12-05T00:51:42.800+0000] {logging_mixin.py:117} INFO - [2025-12-05T00:51:42.800+0000] {dag.py:2573} INFO - Sync 1 DAGs
[2025-12-05T00:51:42.816+0000] {logging_mixin.py:117} INFO - [2025-12-05T00:51:42.816+0000] {dag.py:3328} INFO - Setting next_dagrun for example_time_delta_sensor_async to None, run_after=None
[2025-12-05T00:51:42.828+0000] {processor.py:178} INFO - Processing /home/airflow/.local/lib/python3.7/site-packages/airflow/example_dags/example_time_delta_sensor_async.py took 0.270 seconds
[2025-12-05T00:52:13.124+0000] {processor.py:156} INFO - Started process (PID=2597) to work on /home/airflow/.local/lib/python3.7/site-packages/airflow/example_dags/example_time_delta_sensor_async.py
[2025-12-05T00:52:13.125+0000] {processor.py:758} INFO - Processing file /home/airflow/.local/lib/python3.7/site-packages/airflow/example_dags/example_time_delta_sensor_async.py for tasks to queue
[2025-12-05T00:52:13.126+0000] {logging_mixin.py:117} INFO - [2025-12-05T00:52:13.126+0000] {dagbag.py:525} INFO - Filling up the DagBag from /home/airflow/.local/lib/python3.7/site-packages/airflow/example_dags/example_time_delta_sensor_async.py
[2025-12-05T00:52:13.143+0000] {processor.py:768} INFO - DAG(s) dict_keys(['example_time_delta_sensor_async']) retrieved from /home/airflow/.local/lib/python3.7/site-packages/airflow/example_dags/example_time_delta_sensor_async.py
[2025-12-05T00:52:13.278+0000] {logging_mixin.py:117} INFO - [2025-12-05T00:52:13.278+0000] {dag.py:2573} INFO - Sync 1 DAGs
[2025-12-05T00:52:13.473+0000] {logging_mixin.py:117} INFO - [2025-12-05T00:52:13.473+0000] {dag.py:3328} INFO - Setting next_dagrun for example_time_delta_sensor_async to None, run_after=None
[2025-12-05T00:52:13.487+0000] {processor.py:178} INFO - Processing /home/airflow/.local/lib/python3.7/site-packages/airflow/example_dags/example_time_delta_sensor_async.py took 0.366 seconds
[2025-12-05T00:52:43.690+0000] {processor.py:156} INFO - Started process (PID=2798) to work on /home/airflow/.local/lib/python3.7/site-packages/airflow/example_dags/example_time_delta_sensor_async.py
[2025-12-05T00:52:43.692+0000] {processor.py:758} INFO - Processing file /home/airflow/.local/lib/python3.7/site-packages/airflow/example_dags/example_time_delta_sensor_async.py for tasks to queue
[2025-12-05T00:52:43.693+0000] {logging_mixin.py:117} INFO - [2025-12-05T00:52:43.692+0000] {dagbag.py:525} INFO - Filling up the DagBag from /home/airflow/.local/lib/python3.7/site-packages/airflow/example_dags/example_time_delta_sensor_async.py
[2025-12-05T00:52:43.717+0000] {processor.py:768} INFO - DAG(s) dict_keys(['example_time_delta_sensor_async']) retrieved from /home/airflow/.local/lib/python3.7/site-packages/airflow/example_dags/example_time_delta_sensor_async.py
[2025-12-05T00:52:44.032+0000] {logging_mixin.py:117} INFO - [2025-12-05T00:52:44.032+0000] {dag.py:2573} INFO - Sync 1 DAGs
[2025-12-05T00:52:44.043+0000] {logging_mixin.py:117} INFO - [2025-12-05T00:52:44.043+0000] {dag.py:3328} INFO - Setting next_dagrun for example_time_delta_sensor_async to None, run_after=None
[2025-12-05T00:52:44.053+0000] {processor.py:178} INFO - Processing /home/airflow/.local/lib/python3.7/site-packages/airflow/example_dags/example_time_delta_sensor_async.py took 0.367 seconds
[2025-12-05T00:53:14.200+0000] {processor.py:156} INFO - Started process (PID=2999) to work on /home/airflow/.local/lib/python3.7/site-packages/airflow/example_dags/example_time_delta_sensor_async.py
[2025-12-05T00:53:14.201+0000] {processor.py:758} INFO - Processing file /home/airflow/.local/lib/python3.7/site-packages/airflow/example_dags/example_time_delta_sensor_async.py for tasks to queue
[2025-12-05T00:53:14.202+0000] {logging_mixin.py:117} INFO - [2025-12-05T00:53:14.202+0000] {dagbag.py:525} INFO - Filling up the DagBag from /home/airflow/.local/lib/python3.7/site-packages/airflow/example_dags/example_time_delta_sensor_async.py
[2025-12-05T00:53:14.218+0000] {processor.py:768} INFO - DAG(s) dict_keys(['example_time_delta_sensor_async']) retrieved from /home/airflow/.local/lib/python3.7/site-packages/airflow/example_dags/example_time_delta_sensor_async.py
[2025-12-05T00:53:14.576+0000] {logging_mixin.py:117} INFO - [2025-12-05T00:53:14.576+0000] {dag.py:2573} INFO - Sync 1 DAGs
[2025-12-05T00:53:14.592+0000] {logging_mixin.py:117} INFO - [2025-12-05T00:53:14.591+0000] {dag.py:3328} INFO - Setting next_dagrun for example_time_delta_sensor_async to None, run_after=None
[2025-12-05T00:53:14.600+0000] {processor.py:178} INFO - Processing /home/airflow/.local/lib/python3.7/site-packages/airflow/example_dags/example_time_delta_sensor_async.py took 0.404 seconds
[2025-12-05T00:53:44.687+0000] {processor.py:156} INFO - Started process (PID=3201) to work on /home/airflow/.local/lib/python3.7/site-packages/airflow/example_dags/example_time_delta_sensor_async.py
[2025-12-05T00:53:44.688+0000] {processor.py:758} INFO - Processing file /home/airflow/.local/lib/python3.7/site-packages/airflow/example_dags/example_time_delta_sensor_async.py for tasks to queue
[2025-12-05T00:53:44.689+0000] {logging_mixin.py:117} INFO - [2025-12-05T00:53:44.689+0000] {dagbag.py:525} INFO - Filling up the DagBag from /home/airflow/.local/lib/python3.7/site-packages/airflow/example_dags/example_time_delta_sensor_async.py
[2025-12-05T00:53:44.709+0000] {processor.py:768} INFO - DAG(s) dict_keys(['example_time_delta_sensor_async']) retrieved from /home/airflow/.local/lib/python3.7/site-packages/airflow/example_dags/example_time_delta_sensor_async.py
[2025-12-05T00:53:45.151+0000] {logging_mixin.py:117} INFO - [2025-12-05T00:53:45.151+0000] {dag.py:2573} INFO - Sync 1 DAGs
[2025-12-05T00:53:45.169+0000] {logging_mixin.py:117} INFO - [2025-12-05T00:53:45.169+0000] {dag.py:3328} INFO - Setting next_dagrun for example_time_delta_sensor_async to None, run_after=None
[2025-12-05T00:53:45.178+0000] {processor.py:178} INFO - Processing /home/airflow/.local/lib/python3.7/site-packages/airflow/example_dags/example_time_delta_sensor_async.py took 0.495 seconds
[2025-12-05T00:54:15.680+0000] {processor.py:156} INFO - Started process (PID=3401) to work on /home/airflow/.local/lib/python3.7/site-packages/airflow/example_dags/example_time_delta_sensor_async.py
[2025-12-05T00:54:15.682+0000] {processor.py:758} INFO - Processing file /home/airflow/.local/lib/python3.7/site-packages/airflow/example_dags/example_time_delta_sensor_async.py for tasks to queue
[2025-12-05T00:54:15.682+0000] {logging_mixin.py:117} INFO - [2025-12-05T00:54:15.682+0000] {dagbag.py:525} INFO - Filling up the DagBag from /home/airflow/.local/lib/python3.7/site-packages/airflow/example_dags/example_time_delta_sensor_async.py
[2025-12-05T00:54:15.704+0000] {processor.py:768} INFO - DAG(s) dict_keys(['example_time_delta_sensor_async']) retrieved from /home/airflow/.local/lib/python3.7/site-packages/airflow/example_dags/example_time_delta_sensor_async.py
[2025-12-05T00:54:15.869+0000] {logging_mixin.py:117} INFO - [2025-12-05T00:54:15.869+0000] {dag.py:2573} INFO - Sync 1 DAGs
[2025-12-05T00:54:16.063+0000] {logging_mixin.py:117} INFO - [2025-12-05T00:54:16.062+0000] {dag.py:3328} INFO - Setting next_dagrun for example_time_delta_sensor_async to None, run_after=None
[2025-12-05T00:54:16.072+0000] {processor.py:178} INFO - Processing /home/airflow/.local/lib/python3.7/site-packages/airflow/example_dags/example_time_delta_sensor_async.py took 0.397 seconds
[2025-12-05T00:54:46.376+0000] {processor.py:156} INFO - Started process (PID=3602) to work on /home/airflow/.local/lib/python3.7/site-packages/airflow/example_dags/example_time_delta_sensor_async.py
[2025-12-05T00:54:46.378+0000] {processor.py:758} INFO - Processing file /home/airflow/.local/lib/python3.7/site-packages/airflow/example_dags/example_time_delta_sensor_async.py for tasks to queue
[2025-12-05T00:54:46.380+0000] {logging_mixin.py:117} INFO - [2025-12-05T00:54:46.380+0000] {dagbag.py:525} INFO - Filling up the DagBag from /home/airflow/.local/lib/python3.7/site-packages/airflow/example_dags/example_time_delta_sensor_async.py
[2025-12-05T00:54:46.404+0000] {processor.py:768} INFO - DAG(s) dict_keys(['example_time_delta_sensor_async']) retrieved from /home/airflow/.local/lib/python3.7/site-packages/airflow/example_dags/example_time_delta_sensor_async.py
[2025-12-05T00:54:46.757+0000] {logging_mixin.py:117} INFO - [2025-12-05T00:54:46.756+0000] {dag.py:2573} INFO - Sync 1 DAGs
[2025-12-05T00:54:46.769+0000] {logging_mixin.py:117} INFO - [2025-12-05T00:54:46.769+0000] {dag.py:3328} INFO - Setting next_dagrun for example_time_delta_sensor_async to None, run_after=None
[2025-12-05T00:54:46.779+0000] {processor.py:178} INFO - Processing /home/airflow/.local/lib/python3.7/site-packages/airflow/example_dags/example_time_delta_sensor_async.py took 0.409 seconds
[2025-12-05T00:55:17.080+0000] {processor.py:156} INFO - Started process (PID=3802) to work on /home/airflow/.local/lib/python3.7/site-packages/airflow/example_dags/example_time_delta_sensor_async.py
[2025-12-05T00:55:17.082+0000] {processor.py:758} INFO - Processing file /home/airflow/.local/lib/python3.7/site-packages/airflow/example_dags/example_time_delta_sensor_async.py for tasks to queue
[2025-12-05T00:55:17.083+0000] {logging_mixin.py:117} INFO - [2025-12-05T00:55:17.083+0000] {dagbag.py:525} INFO - Filling up the DagBag from /home/airflow/.local/lib/python3.7/site-packages/airflow/example_dags/example_time_delta_sensor_async.py
[2025-12-05T00:55:17.106+0000] {processor.py:768} INFO - DAG(s) dict_keys(['example_time_delta_sensor_async']) retrieved from /home/airflow/.local/lib/python3.7/site-packages/airflow/example_dags/example_time_delta_sensor_async.py
[2025-12-05T00:55:17.478+0000] {logging_mixin.py:117} INFO - [2025-12-05T00:55:17.478+0000] {dag.py:2573} INFO - Sync 1 DAGs
[2025-12-05T00:55:17.490+0000] {logging_mixin.py:117} INFO - [2025-12-05T00:55:17.490+0000] {dag.py:3328} INFO - Setting next_dagrun for example_time_delta_sensor_async to None, run_after=None
[2025-12-05T00:55:17.509+0000] {processor.py:178} INFO - Processing /home/airflow/.local/lib/python3.7/site-packages/airflow/example_dags/example_time_delta_sensor_async.py took 0.436 seconds
[2025-12-05T00:55:47.698+0000] {processor.py:156} INFO - Started process (PID=4003) to work on /home/airflow/.local/lib/python3.7/site-packages/airflow/example_dags/example_time_delta_sensor_async.py
[2025-12-05T00:55:47.700+0000] {processor.py:758} INFO - Processing file /home/airflow/.local/lib/python3.7/site-packages/airflow/example_dags/example_time_delta_sensor_async.py for tasks to queue
[2025-12-05T00:55:47.700+0000] {logging_mixin.py:117} INFO - [2025-12-05T00:55:47.700+0000] {dagbag.py:525} INFO - Filling up the DagBag from /home/airflow/.local/lib/python3.7/site-packages/airflow/example_dags/example_time_delta_sensor_async.py
[2025-12-05T00:55:47.717+0000] {processor.py:768} INFO - DAG(s) dict_keys(['example_time_delta_sensor_async']) retrieved from /home/airflow/.local/lib/python3.7/site-packages/airflow/example_dags/example_time_delta_sensor_async.py
[2025-12-05T00:55:48.109+0000] {logging_mixin.py:117} INFO - [2025-12-05T00:55:48.109+0000] {dag.py:2573} INFO - Sync 1 DAGs
[2025-12-05T00:55:48.120+0000] {logging_mixin.py:117} INFO - [2025-12-05T00:55:48.120+0000] {dag.py:3328} INFO - Setting next_dagrun for example_time_delta_sensor_async to None, run_after=None
[2025-12-05T00:55:48.130+0000] {processor.py:178} INFO - Processing /home/airflow/.local/lib/python3.7/site-packages/airflow/example_dags/example_time_delta_sensor_async.py took 0.434 seconds
[2025-12-05T00:56:18.707+0000] {processor.py:156} INFO - Started process (PID=4204) to work on /home/airflow/.local/lib/python3.7/site-packages/airflow/example_dags/example_time_delta_sensor_async.py
[2025-12-05T00:56:18.708+0000] {processor.py:758} INFO - Processing file /home/airflow/.local/lib/python3.7/site-packages/airflow/example_dags/example_time_delta_sensor_async.py for tasks to queue
[2025-12-05T00:56:18.709+0000] {logging_mixin.py:117} INFO - [2025-12-05T00:56:18.709+0000] {dagbag.py:525} INFO - Filling up the DagBag from /home/airflow/.local/lib/python3.7/site-packages/airflow/example_dags/example_time_delta_sensor_async.py
[2025-12-05T00:56:18.723+0000] {processor.py:768} INFO - DAG(s) dict_keys(['example_time_delta_sensor_async']) retrieved from /home/airflow/.local/lib/python3.7/site-packages/airflow/example_dags/example_time_delta_sensor_async.py
[2025-12-05T00:56:18.833+0000] {logging_mixin.py:117} INFO - [2025-12-05T00:56:18.833+0000] {dag.py:2573} INFO - Sync 1 DAGs
[2025-12-05T00:56:18.843+0000] {logging_mixin.py:117} INFO - [2025-12-05T00:56:18.843+0000] {dag.py:3328} INFO - Setting next_dagrun for example_time_delta_sensor_async to None, run_after=None
[2025-12-05T00:56:18.851+0000] {processor.py:178} INFO - Processing /home/airflow/.local/lib/python3.7/site-packages/airflow/example_dags/example_time_delta_sensor_async.py took 0.418 seconds
[2025-12-05T00:56:49.402+0000] {processor.py:156} INFO - Started process (PID=4404) to work on /home/airflow/.local/lib/python3.7/site-packages/airflow/example_dags/example_time_delta_sensor_async.py
[2025-12-05T00:56:49.403+0000] {processor.py:758} INFO - Processing file /home/airflow/.local/lib/python3.7/site-packages/airflow/example_dags/example_time_delta_sensor_async.py for tasks to queue
[2025-12-05T00:56:49.404+0000] {logging_mixin.py:117} INFO - [2025-12-05T00:56:49.404+0000] {dagbag.py:525} INFO - Filling up the DagBag from /home/airflow/.local/lib/python3.7/site-packages/airflow/example_dags/example_time_delta_sensor_async.py
[2025-12-05T00:56:49.425+0000] {processor.py:768} INFO - DAG(s) dict_keys(['example_time_delta_sensor_async']) retrieved from /home/airflow/.local/lib/python3.7/site-packages/airflow/example_dags/example_time_delta_sensor_async.py
[2025-12-05T00:56:49.581+0000] {logging_mixin.py:117} INFO - [2025-12-05T00:56:49.580+0000] {dag.py:2573} INFO - Sync 1 DAGs
[2025-12-05T00:56:49.608+0000] {logging_mixin.py:117} INFO - [2025-12-05T00:56:49.608+0000] {dag.py:3328} INFO - Setting next_dagrun for example_time_delta_sensor_async to None, run_after=None
[2025-12-05T00:56:49.621+0000] {processor.py:178} INFO - Processing /home/airflow/.local/lib/python3.7/site-packages/airflow/example_dags/example_time_delta_sensor_async.py took 0.223 seconds
[2025-12-05T00:57:20.421+0000] {processor.py:156} INFO - Started process (PID=4605) to work on /home/airflow/.local/lib/python3.7/site-packages/airflow/example_dags/example_time_delta_sensor_async.py
[2025-12-05T00:57:20.422+0000] {processor.py:758} INFO - Processing file /home/airflow/.local/lib/python3.7/site-packages/airflow/example_dags/example_time_delta_sensor_async.py for tasks to queue
[2025-12-05T00:57:20.423+0000] {logging_mixin.py:117} INFO - [2025-12-05T00:57:20.423+0000] {dagbag.py:525} INFO - Filling up the DagBag from /home/airflow/.local/lib/python3.7/site-packages/airflow/example_dags/example_time_delta_sensor_async.py
[2025-12-05T00:57:20.439+0000] {processor.py:768} INFO - DAG(s) dict_keys(['example_time_delta_sensor_async']) retrieved from /home/airflow/.local/lib/python3.7/site-packages/airflow/example_dags/example_time_delta_sensor_async.py
[2025-12-05T00:57:20.559+0000] {logging_mixin.py:117} INFO - [2025-12-05T00:57:20.559+0000] {dag.py:2573} INFO - Sync 1 DAGs
[2025-12-05T00:57:20.575+0000] {logging_mixin.py:117} INFO - [2025-12-05T00:57:20.575+0000] {dag.py:3328} INFO - Setting next_dagrun for example_time_delta_sensor_async to None, run_after=None
[2025-12-05T00:57:20.586+0000] {processor.py:178} INFO - Processing /home/airflow/.local/lib/python3.7/site-packages/airflow/example_dags/example_time_delta_sensor_async.py took 0.168 seconds
[2025-12-05T00:57:51.177+0000] {processor.py:156} INFO - Started process (PID=4806) to work on /home/airflow/.local/lib/python3.7/site-packages/airflow/example_dags/example_time_delta_sensor_async.py
[2025-12-05T00:57:51.179+0000] {processor.py:758} INFO - Processing file /home/airflow/.local/lib/python3.7/site-packages/airflow/example_dags/example_time_delta_sensor_async.py for tasks to queue
[2025-12-05T00:57:51.179+0000] {logging_mixin.py:117} INFO - [2025-12-05T00:57:51.179+0000] {dagbag.py:525} INFO - Filling up the DagBag from /home/airflow/.local/lib/python3.7/site-packages/airflow/example_dags/example_time_delta_sensor_async.py
[2025-12-05T00:57:51.201+0000] {processor.py:768} INFO - DAG(s) dict_keys(['example_time_delta_sensor_async']) retrieved from /home/airflow/.local/lib/python3.7/site-packages/airflow/example_dags/example_time_delta_sensor_async.py
[2025-12-05T00:57:51.341+0000] {logging_mixin.py:117} INFO - [2025-12-05T00:57:51.341+0000] {dag.py:2573} INFO - Sync 1 DAGs
[2025-12-05T00:57:51.358+0000] {logging_mixin.py:117} INFO - [2025-12-05T00:57:51.358+0000] {dag.py:3328} INFO - Setting next_dagrun for example_time_delta_sensor_async to None, run_after=None
[2025-12-05T00:57:51.369+0000] {processor.py:178} INFO - Processing /home/airflow/.local/lib/python3.7/site-packages/airflow/example_dags/example_time_delta_sensor_async.py took 0.195 seconds
[2025-12-05T00:58:22.197+0000] {processor.py:156} INFO - Started process (PID=5007) to work on /home/airflow/.local/lib/python3.7/site-packages/airflow/example_dags/example_time_delta_sensor_async.py
[2025-12-05T00:58:22.199+0000] {processor.py:758} INFO - Processing file /home/airflow/.local/lib/python3.7/site-packages/airflow/example_dags/example_time_delta_sensor_async.py for tasks to queue
[2025-12-05T00:58:22.204+0000] {logging_mixin.py:117} INFO - [2025-12-05T00:58:22.204+0000] {dagbag.py:525} INFO - Filling up the DagBag from /home/airflow/.local/lib/python3.7/site-packages/airflow/example_dags/example_time_delta_sensor_async.py
[2025-12-05T00:58:22.231+0000] {processor.py:768} INFO - DAG(s) dict_keys(['example_time_delta_sensor_async']) retrieved from /home/airflow/.local/lib/python3.7/site-packages/airflow/example_dags/example_time_delta_sensor_async.py
[2025-12-05T00:58:22.368+0000] {logging_mixin.py:117} INFO - [2025-12-05T00:58:22.368+0000] {dag.py:2573} INFO - Sync 1 DAGs
[2025-12-05T00:58:22.387+0000] {logging_mixin.py:117} INFO - [2025-12-05T00:58:22.387+0000] {dag.py:3328} INFO - Setting next_dagrun for example_time_delta_sensor_async to None, run_after=None
[2025-12-05T00:58:22.402+0000] {processor.py:178} INFO - Processing /home/airflow/.local/lib/python3.7/site-packages/airflow/example_dags/example_time_delta_sensor_async.py took 0.212 seconds
[2025-12-05T00:58:53.139+0000] {processor.py:156} INFO - Started process (PID=5207) to work on /home/airflow/.local/lib/python3.7/site-packages/airflow/example_dags/example_time_delta_sensor_async.py
[2025-12-05T00:58:53.142+0000] {processor.py:758} INFO - Processing file /home/airflow/.local/lib/python3.7/site-packages/airflow/example_dags/example_time_delta_sensor_async.py for tasks to queue
[2025-12-05T00:58:53.144+0000] {logging_mixin.py:117} INFO - [2025-12-05T00:58:53.144+0000] {dagbag.py:525} INFO - Filling up the DagBag from /home/airflow/.local/lib/python3.7/site-packages/airflow/example_dags/example_time_delta_sensor_async.py
[2025-12-05T00:58:53.166+0000] {processor.py:768} INFO - DAG(s) dict_keys(['example_time_delta_sensor_async']) retrieved from /home/airflow/.local/lib/python3.7/site-packages/airflow/example_dags/example_time_delta_sensor_async.py
[2025-12-05T00:58:53.302+0000] {logging_mixin.py:117} INFO - [2025-12-05T00:58:53.302+0000] {dag.py:2573} INFO - Sync 1 DAGs
[2025-12-05T00:58:53.316+0000] {logging_mixin.py:117} INFO - [2025-12-05T00:58:53.316+0000] {dag.py:3328} INFO - Setting next_dagrun for example_time_delta_sensor_async to None, run_after=None
[2025-12-05T00:58:53.326+0000] {processor.py:178} INFO - Processing /home/airflow/.local/lib/python3.7/site-packages/airflow/example_dags/example_time_delta_sensor_async.py took 0.194 seconds
[2025-12-05T00:59:23.853+0000] {processor.py:156} INFO - Started process (PID=5407) to work on /home/airflow/.local/lib/python3.7/site-packages/airflow/example_dags/example_time_delta_sensor_async.py
[2025-12-05T00:59:23.854+0000] {processor.py:758} INFO - Processing file /home/airflow/.local/lib/python3.7/site-packages/airflow/example_dags/example_time_delta_sensor_async.py for tasks to queue
[2025-12-05T00:59:23.855+0000] {logging_mixin.py:117} INFO - [2025-12-05T00:59:23.854+0000] {dagbag.py:525} INFO - Filling up the DagBag from /home/airflow/.local/lib/python3.7/site-packages/airflow/example_dags/example_time_delta_sensor_async.py
[2025-12-05T00:59:23.872+0000] {processor.py:768} INFO - DAG(s) dict_keys(['example_time_delta_sensor_async']) retrieved from /home/airflow/.local/lib/python3.7/site-packages/airflow/example_dags/example_time_delta_sensor_async.py
[2025-12-05T00:59:24.023+0000] {logging_mixin.py:117} INFO - [2025-12-05T00:59:24.023+0000] {dag.py:2573} INFO - Sync 1 DAGs
[2025-12-05T00:59:24.037+0000] {logging_mixin.py:117} INFO - [2025-12-05T00:59:24.037+0000] {dag.py:3328} INFO - Setting next_dagrun for example_time_delta_sensor_async to None, run_after=None
[2025-12-05T00:59:24.047+0000] {processor.py:178} INFO - Processing /home/airflow/.local/lib/python3.7/site-packages/airflow/example_dags/example_time_delta_sensor_async.py took 0.198 seconds
[2025-12-05T00:59:54.775+0000] {processor.py:156} INFO - Started process (PID=5615) to work on /home/airflow/.local/lib/python3.7/site-packages/airflow/example_dags/example_time_delta_sensor_async.py
[2025-12-05T00:59:54.776+0000] {processor.py:758} INFO - Processing file /home/airflow/.local/lib/python3.7/site-packages/airflow/example_dags/example_time_delta_sensor_async.py for tasks to queue
[2025-12-05T00:59:54.776+0000] {logging_mixin.py:117} INFO - [2025-12-05T00:59:54.776+0000] {dagbag.py:525} INFO - Filling up the DagBag from /home/airflow/.local/lib/python3.7/site-packages/airflow/example_dags/example_time_delta_sensor_async.py
[2025-12-05T00:59:54.800+0000] {processor.py:768} INFO - DAG(s) dict_keys(['example_time_delta_sensor_async']) retrieved from /home/airflow/.local/lib/python3.7/site-packages/airflow/example_dags/example_time_delta_sensor_async.py
[2025-12-05T00:59:54.917+0000] {logging_mixin.py:117} INFO - [2025-12-05T00:59:54.917+0000] {dag.py:2573} INFO - Sync 1 DAGs
[2025-12-05T00:59:54.932+0000] {logging_mixin.py:117} INFO - [2025-12-05T00:59:54.932+0000] {dag.py:3328} INFO - Setting next_dagrun for example_time_delta_sensor_async to None, run_after=None
[2025-12-05T00:59:54.945+0000] {processor.py:178} INFO - Processing /home/airflow/.local/lib/python3.7/site-packages/airflow/example_dags/example_time_delta_sensor_async.py took 0.179 seconds
[2025-12-05T01:00:25.748+0000] {processor.py:156} INFO - Started process (PID=5815) to work on /home/airflow/.local/lib/python3.7/site-packages/airflow/example_dags/example_time_delta_sensor_async.py
[2025-12-05T01:00:25.750+0000] {processor.py:758} INFO - Processing file /home/airflow/.local/lib/python3.7/site-packages/airflow/example_dags/example_time_delta_sensor_async.py for tasks to queue
[2025-12-05T01:00:25.750+0000] {logging_mixin.py:117} INFO - [2025-12-05T01:00:25.750+0000] {dagbag.py:525} INFO - Filling up the DagBag from /home/airflow/.local/lib/python3.7/site-packages/airflow/example_dags/example_time_delta_sensor_async.py
[2025-12-05T01:00:25.781+0000] {processor.py:768} INFO - DAG(s) dict_keys(['example_time_delta_sensor_async']) retrieved from /home/airflow/.local/lib/python3.7/site-packages/airflow/example_dags/example_time_delta_sensor_async.py
[2025-12-05T01:00:25.934+0000] {logging_mixin.py:117} INFO - [2025-12-05T01:00:25.934+0000] {dag.py:2573} INFO - Sync 1 DAGs
[2025-12-05T01:00:25.951+0000] {logging_mixin.py:117} INFO - [2025-12-05T01:00:25.951+0000] {dag.py:3328} INFO - Setting next_dagrun for example_time_delta_sensor_async to None, run_after=None
[2025-12-05T01:00:25.962+0000] {processor.py:178} INFO - Processing /home/airflow/.local/lib/python3.7/site-packages/airflow/example_dags/example_time_delta_sensor_async.py took 0.218 seconds
[2025-12-05T01:00:56.099+0000] {processor.py:156} INFO - Started process (PID=6016) to work on /home/airflow/.local/lib/python3.7/site-packages/airflow/example_dags/example_time_delta_sensor_async.py
[2025-12-05T01:00:56.100+0000] {processor.py:758} INFO - Processing file /home/airflow/.local/lib/python3.7/site-packages/airflow/example_dags/example_time_delta_sensor_async.py for tasks to queue
[2025-12-05T01:00:56.100+0000] {logging_mixin.py:117} INFO - [2025-12-05T01:00:56.100+0000] {dagbag.py:525} INFO - Filling up the DagBag from /home/airflow/.local/lib/python3.7/site-packages/airflow/example_dags/example_time_delta_sensor_async.py
[2025-12-05T01:00:56.121+0000] {processor.py:768} INFO - DAG(s) dict_keys(['example_time_delta_sensor_async']) retrieved from /home/airflow/.local/lib/python3.7/site-packages/airflow/example_dags/example_time_delta_sensor_async.py
[2025-12-05T01:00:56.249+0000] {logging_mixin.py:117} INFO - [2025-12-05T01:00:56.249+0000] {dag.py:2573} INFO - Sync 1 DAGs
[2025-12-05T01:00:56.264+0000] {logging_mixin.py:117} INFO - [2025-12-05T01:00:56.264+0000] {dag.py:3328} INFO - Setting next_dagrun for example_time_delta_sensor_async to None, run_after=None
[2025-12-05T01:00:56.276+0000] {processor.py:178} INFO - Processing /home/airflow/.local/lib/python3.7/site-packages/airflow/example_dags/example_time_delta_sensor_async.py took 0.183 seconds
[2025-12-05T01:01:26.556+0000] {processor.py:156} INFO - Started process (PID=6216) to work on /home/airflow/.local/lib/python3.7/site-packages/airflow/example_dags/example_time_delta_sensor_async.py
[2025-12-05T01:01:26.558+0000] {processor.py:758} INFO - Processing file /home/airflow/.local/lib/python3.7/site-packages/airflow/example_dags/example_time_delta_sensor_async.py for tasks to queue
[2025-12-05T01:01:26.559+0000] {logging_mixin.py:117} INFO - [2025-12-05T01:01:26.559+0000] {dagbag.py:525} INFO - Filling up the DagBag from /home/airflow/.local/lib/python3.7/site-packages/airflow/example_dags/example_time_delta_sensor_async.py
[2025-12-05T01:01:26.588+0000] {processor.py:768} INFO - DAG(s) dict_keys(['example_time_delta_sensor_async']) retrieved from /home/airflow/.local/lib/python3.7/site-packages/airflow/example_dags/example_time_delta_sensor_async.py
[2025-12-05T01:01:26.727+0000] {logging_mixin.py:117} INFO - [2025-12-05T01:01:26.727+0000] {dag.py:2573} INFO - Sync 1 DAGs
[2025-12-05T01:01:26.744+0000] {logging_mixin.py:117} INFO - [2025-12-05T01:01:26.744+0000] {dag.py:3328} INFO - Setting next_dagrun for example_time_delta_sensor_async to None, run_after=None
[2025-12-05T01:01:26.758+0000] {processor.py:178} INFO - Processing /home/airflow/.local/lib/python3.7/site-packages/airflow/example_dags/example_time_delta_sensor_async.py took 0.206 seconds
[2025-12-05T01:01:57.635+0000] {processor.py:156} INFO - Started process (PID=6416) to work on /home/airflow/.local/lib/python3.7/site-packages/airflow/example_dags/example_time_delta_sensor_async.py
[2025-12-05T01:01:57.637+0000] {processor.py:758} INFO - Processing file /home/airflow/.local/lib/python3.7/site-packages/airflow/example_dags/example_time_delta_sensor_async.py for tasks to queue
[2025-12-05T01:01:57.638+0000] {logging_mixin.py:117} INFO - [2025-12-05T01:01:57.638+0000] {dagbag.py:525} INFO - Filling up the DagBag from /home/airflow/.local/lib/python3.7/site-packages/airflow/example_dags/example_time_delta_sensor_async.py
[2025-12-05T01:01:57.691+0000] {processor.py:768} INFO - DAG(s) dict_keys(['example_time_delta_sensor_async']) retrieved from /home/airflow/.local/lib/python3.7/site-packages/airflow/example_dags/example_time_delta_sensor_async.py
[2025-12-05T01:01:57.857+0000] {logging_mixin.py:117} INFO - [2025-12-05T01:01:57.857+0000] {dag.py:2573} INFO - Sync 1 DAGs
[2025-12-05T01:01:57.875+0000] {logging_mixin.py:117} INFO - [2025-12-05T01:01:57.875+0000] {dag.py:3328} INFO - Setting next_dagrun for example_time_delta_sensor_async to None, run_after=None
[2025-12-05T01:01:57.884+0000] {processor.py:178} INFO - Processing /home/airflow/.local/lib/python3.7/site-packages/airflow/example_dags/example_time_delta_sensor_async.py took 0.255 seconds
[2025-12-05T01:02:28.546+0000] {processor.py:156} INFO - Started process (PID=6617) to work on /home/airflow/.local/lib/python3.7/site-packages/airflow/example_dags/example_time_delta_sensor_async.py
[2025-12-05T01:02:28.547+0000] {processor.py:758} INFO - Processing file /home/airflow/.local/lib/python3.7/site-packages/airflow/example_dags/example_time_delta_sensor_async.py for tasks to queue
[2025-12-05T01:02:28.548+0000] {logging_mixin.py:117} INFO - [2025-12-05T01:02:28.548+0000] {dagbag.py:525} INFO - Filling up the DagBag from /home/airflow/.local/lib/python3.7/site-packages/airflow/example_dags/example_time_delta_sensor_async.py
[2025-12-05T01:02:28.563+0000] {processor.py:768} INFO - DAG(s) dict_keys(['example_time_delta_sensor_async']) retrieved from /home/airflow/.local/lib/python3.7/site-packages/airflow/example_dags/example_time_delta_sensor_async.py
[2025-12-05T01:02:28.690+0000] {logging_mixin.py:117} INFO - [2025-12-05T01:02:28.690+0000] {dag.py:2573} INFO - Sync 1 DAGs
[2025-12-05T01:02:28.705+0000] {logging_mixin.py:117} INFO - [2025-12-05T01:02:28.705+0000] {dag.py:3328} INFO - Setting next_dagrun for example_time_delta_sensor_async to None, run_after=None
[2025-12-05T01:02:28.715+0000] {processor.py:178} INFO - Processing /home/airflow/.local/lib/python3.7/site-packages/airflow/example_dags/example_time_delta_sensor_async.py took 0.174 seconds
[2025-12-05T01:02:58.775+0000] {processor.py:156} INFO - Started process (PID=6820) to work on /home/airflow/.local/lib/python3.7/site-packages/airflow/example_dags/example_time_delta_sensor_async.py
[2025-12-05T01:02:58.777+0000] {processor.py:758} INFO - Processing file /home/airflow/.local/lib/python3.7/site-packages/airflow/example_dags/example_time_delta_sensor_async.py for tasks to queue
[2025-12-05T01:02:58.778+0000] {logging_mixin.py:117} INFO - [2025-12-05T01:02:58.778+0000] {dagbag.py:525} INFO - Filling up the DagBag from /home/airflow/.local/lib/python3.7/site-packages/airflow/example_dags/example_time_delta_sensor_async.py
[2025-12-05T01:02:58.797+0000] {processor.py:768} INFO - DAG(s) dict_keys(['example_time_delta_sensor_async']) retrieved from /home/airflow/.local/lib/python3.7/site-packages/airflow/example_dags/example_time_delta_sensor_async.py
[2025-12-05T01:02:58.910+0000] {logging_mixin.py:117} INFO - [2025-12-05T01:02:58.910+0000] {dag.py:2573} INFO - Sync 1 DAGs
[2025-12-05T01:02:58.923+0000] {logging_mixin.py:117} INFO - [2025-12-05T01:02:58.923+0000] {dag.py:3328} INFO - Setting next_dagrun for example_time_delta_sensor_async to None, run_after=None
[2025-12-05T01:02:58.934+0000] {processor.py:178} INFO - Processing /home/airflow/.local/lib/python3.7/site-packages/airflow/example_dags/example_time_delta_sensor_async.py took 0.163 seconds
[2025-12-05T01:03:29.735+0000] {processor.py:156} INFO - Started process (PID=7020) to work on /home/airflow/.local/lib/python3.7/site-packages/airflow/example_dags/example_time_delta_sensor_async.py
[2025-12-05T01:03:29.737+0000] {processor.py:758} INFO - Processing file /home/airflow/.local/lib/python3.7/site-packages/airflow/example_dags/example_time_delta_sensor_async.py for tasks to queue
[2025-12-05T01:03:29.738+0000] {logging_mixin.py:117} INFO - [2025-12-05T01:03:29.738+0000] {dagbag.py:525} INFO - Filling up the DagBag from /home/airflow/.local/lib/python3.7/site-packages/airflow/example_dags/example_time_delta_sensor_async.py
[2025-12-05T01:03:29.764+0000] {processor.py:768} INFO - DAG(s) dict_keys(['example_time_delta_sensor_async']) retrieved from /home/airflow/.local/lib/python3.7/site-packages/airflow/example_dags/example_time_delta_sensor_async.py
[2025-12-05T01:03:29.883+0000] {logging_mixin.py:117} INFO - [2025-12-05T01:03:29.883+0000] {dag.py:2573} INFO - Sync 1 DAGs
[2025-12-05T01:03:29.897+0000] {logging_mixin.py:117} INFO - [2025-12-05T01:03:29.897+0000] {dag.py:3328} INFO - Setting next_dagrun for example_time_delta_sensor_async to None, run_after=None
[2025-12-05T01:03:29.912+0000] {processor.py:178} INFO - Processing /home/airflow/.local/lib/python3.7/site-packages/airflow/example_dags/example_time_delta_sensor_async.py took 0.182 seconds
[2025-12-05T01:04:00.742+0000] {processor.py:156} INFO - Started process (PID=7220) to work on /home/airflow/.local/lib/python3.7/site-packages/airflow/example_dags/example_time_delta_sensor_async.py
[2025-12-05T01:04:00.744+0000] {processor.py:758} INFO - Processing file /home/airflow/.local/lib/python3.7/site-packages/airflow/example_dags/example_time_delta_sensor_async.py for tasks to queue
[2025-12-05T01:04:00.745+0000] {logging_mixin.py:117} INFO - [2025-12-05T01:04:00.745+0000] {dagbag.py:525} INFO - Filling up the DagBag from /home/airflow/.local/lib/python3.7/site-packages/airflow/example_dags/example_time_delta_sensor_async.py
[2025-12-05T01:04:00.760+0000] {processor.py:768} INFO - DAG(s) dict_keys(['example_time_delta_sensor_async']) retrieved from /home/airflow/.local/lib/python3.7/site-packages/airflow/example_dags/example_time_delta_sensor_async.py
[2025-12-05T01:04:00.886+0000] {logging_mixin.py:117} INFO - [2025-12-05T01:04:00.886+0000] {dag.py:2573} INFO - Sync 1 DAGs
[2025-12-05T01:04:00.900+0000] {logging_mixin.py:117} INFO - [2025-12-05T01:04:00.900+0000] {dag.py:3328} INFO - Setting next_dagrun for example_time_delta_sensor_async to None, run_after=None
[2025-12-05T01:04:00.914+0000] {processor.py:178} INFO - Processing /home/airflow/.local/lib/python3.7/site-packages/airflow/example_dags/example_time_delta_sensor_async.py took 0.182 seconds
[2025-12-05T01:04:31.436+0000] {processor.py:156} INFO - Started process (PID=7421) to work on /home/airflow/.local/lib/python3.7/site-packages/airflow/example_dags/example_time_delta_sensor_async.py
[2025-12-05T01:04:31.437+0000] {processor.py:758} INFO - Processing file /home/airflow/.local/lib/python3.7/site-packages/airflow/example_dags/example_time_delta_sensor_async.py for tasks to queue
[2025-12-05T01:04:31.438+0000] {logging_mixin.py:117} INFO - [2025-12-05T01:04:31.438+0000] {dagbag.py:525} INFO - Filling up the DagBag from /home/airflow/.local/lib/python3.7/site-packages/airflow/example_dags/example_time_delta_sensor_async.py
[2025-12-05T01:04:31.455+0000] {processor.py:768} INFO - DAG(s) dict_keys(['example_time_delta_sensor_async']) retrieved from /home/airflow/.local/lib/python3.7/site-packages/airflow/example_dags/example_time_delta_sensor_async.py
[2025-12-05T01:04:31.573+0000] {logging_mixin.py:117} INFO - [2025-12-05T01:04:31.573+0000] {dag.py:2573} INFO - Sync 1 DAGs
[2025-12-05T01:04:31.593+0000] {logging_mixin.py:117} INFO - [2025-12-05T01:04:31.593+0000] {dag.py:3328} INFO - Setting next_dagrun for example_time_delta_sensor_async to None, run_after=None
[2025-12-05T01:04:31.604+0000] {processor.py:178} INFO - Processing /home/airflow/.local/lib/python3.7/site-packages/airflow/example_dags/example_time_delta_sensor_async.py took 0.172 seconds
[2025-12-05T01:05:02.176+0000] {processor.py:156} INFO - Started process (PID=7622) to work on /home/airflow/.local/lib/python3.7/site-packages/airflow/example_dags/example_time_delta_sensor_async.py
[2025-12-05T01:05:02.177+0000] {processor.py:758} INFO - Processing file /home/airflow/.local/lib/python3.7/site-packages/airflow/example_dags/example_time_delta_sensor_async.py for tasks to queue
[2025-12-05T01:05:02.178+0000] {logging_mixin.py:117} INFO - [2025-12-05T01:05:02.178+0000] {dagbag.py:525} INFO - Filling up the DagBag from /home/airflow/.local/lib/python3.7/site-packages/airflow/example_dags/example_time_delta_sensor_async.py
[2025-12-05T01:05:02.199+0000] {processor.py:768} INFO - DAG(s) dict_keys(['example_time_delta_sensor_async']) retrieved from /home/airflow/.local/lib/python3.7/site-packages/airflow/example_dags/example_time_delta_sensor_async.py
[2025-12-05T01:05:02.324+0000] {logging_mixin.py:117} INFO - [2025-12-05T01:05:02.324+0000] {dag.py:2573} INFO - Sync 1 DAGs
[2025-12-05T01:05:02.337+0000] {logging_mixin.py:117} INFO - [2025-12-05T01:05:02.337+0000] {dag.py:3328} INFO - Setting next_dagrun for example_time_delta_sensor_async to None, run_after=None
[2025-12-05T01:05:02.346+0000] {processor.py:178} INFO - Processing /home/airflow/.local/lib/python3.7/site-packages/airflow/example_dags/example_time_delta_sensor_async.py took 0.172 seconds
[2025-12-05T01:05:32.978+0000] {processor.py:156} INFO - Started process (PID=7823) to work on /home/airflow/.local/lib/python3.7/site-packages/airflow/example_dags/example_time_delta_sensor_async.py
[2025-12-05T01:05:32.980+0000] {processor.py:758} INFO - Processing file /home/airflow/.local/lib/python3.7/site-packages/airflow/example_dags/example_time_delta_sensor_async.py for tasks to queue
[2025-12-05T01:05:32.981+0000] {logging_mixin.py:117} INFO - [2025-12-05T01:05:32.981+0000] {dagbag.py:525} INFO - Filling up the DagBag from /home/airflow/.local/lib/python3.7/site-packages/airflow/example_dags/example_time_delta_sensor_async.py
[2025-12-05T01:05:33.008+0000] {processor.py:768} INFO - DAG(s) dict_keys(['example_time_delta_sensor_async']) retrieved from /home/airflow/.local/lib/python3.7/site-packages/airflow/example_dags/example_time_delta_sensor_async.py
[2025-12-05T01:05:33.140+0000] {logging_mixin.py:117} INFO - [2025-12-05T01:05:33.140+0000] {dag.py:2573} INFO - Sync 1 DAGs
[2025-12-05T01:05:33.156+0000] {logging_mixin.py:117} INFO - [2025-12-05T01:05:33.156+0000] {dag.py:3328} INFO - Setting next_dagrun for example_time_delta_sensor_async to None, run_after=None
[2025-12-05T01:05:33.171+0000] {processor.py:178} INFO - Processing /home/airflow/.local/lib/python3.7/site-packages/airflow/example_dags/example_time_delta_sensor_async.py took 0.196 seconds
[2025-12-05T01:06:03.996+0000] {processor.py:156} INFO - Started process (PID=8025) to work on /home/airflow/.local/lib/python3.7/site-packages/airflow/example_dags/example_time_delta_sensor_async.py
[2025-12-05T01:06:03.998+0000] {processor.py:758} INFO - Processing file /home/airflow/.local/lib/python3.7/site-packages/airflow/example_dags/example_time_delta_sensor_async.py for tasks to queue
[2025-12-05T01:06:03.999+0000] {logging_mixin.py:117} INFO - [2025-12-05T01:06:03.999+0000] {dagbag.py:525} INFO - Filling up the DagBag from /home/airflow/.local/lib/python3.7/site-packages/airflow/example_dags/example_time_delta_sensor_async.py
[2025-12-05T01:06:04.013+0000] {processor.py:768} INFO - DAG(s) dict_keys(['example_time_delta_sensor_async']) retrieved from /home/airflow/.local/lib/python3.7/site-packages/airflow/example_dags/example_time_delta_sensor_async.py
[2025-12-05T01:06:04.158+0000] {logging_mixin.py:117} INFO - [2025-12-05T01:06:04.158+0000] {dag.py:2573} INFO - Sync 1 DAGs
[2025-12-05T01:06:04.175+0000] {logging_mixin.py:117} INFO - [2025-12-05T01:06:04.175+0000] {dag.py:3328} INFO - Setting next_dagrun for example_time_delta_sensor_async to None, run_after=None
[2025-12-05T01:06:04.187+0000] {processor.py:178} INFO - Processing /home/airflow/.local/lib/python3.7/site-packages/airflow/example_dags/example_time_delta_sensor_async.py took 0.194 seconds
[2025-12-05T01:06:34.848+0000] {processor.py:156} INFO - Started process (PID=8226) to work on /home/airflow/.local/lib/python3.7/site-packages/airflow/example_dags/example_time_delta_sensor_async.py
[2025-12-05T01:06:34.849+0000] {processor.py:758} INFO - Processing file /home/airflow/.local/lib/python3.7/site-packages/airflow/example_dags/example_time_delta_sensor_async.py for tasks to queue
[2025-12-05T01:06:34.850+0000] {logging_mixin.py:117} INFO - [2025-12-05T01:06:34.850+0000] {dagbag.py:525} INFO - Filling up the DagBag from /home/airflow/.local/lib/python3.7/site-packages/airflow/example_dags/example_time_delta_sensor_async.py
[2025-12-05T01:06:34.875+0000] {processor.py:768} INFO - DAG(s) dict_keys(['example_time_delta_sensor_async']) retrieved from /home/airflow/.local/lib/python3.7/site-packages/airflow/example_dags/example_time_delta_sensor_async.py
[2025-12-05T01:06:35.067+0000] {logging_mixin.py:117} INFO - [2025-12-05T01:06:35.067+0000] {dag.py:2573} INFO - Sync 1 DAGs
[2025-12-05T01:06:35.086+0000] {logging_mixin.py:117} INFO - [2025-12-05T01:06:35.086+0000] {dag.py:3328} INFO - Setting next_dagrun for example_time_delta_sensor_async to None, run_after=None
[2025-12-05T01:06:35.101+0000] {processor.py:178} INFO - Processing /home/airflow/.local/lib/python3.7/site-packages/airflow/example_dags/example_time_delta_sensor_async.py took 0.257 seconds
[2025-12-05T01:07:05.286+0000] {processor.py:156} INFO - Started process (PID=8426) to work on /home/airflow/.local/lib/python3.7/site-packages/airflow/example_dags/example_time_delta_sensor_async.py
[2025-12-05T01:07:05.288+0000] {processor.py:758} INFO - Processing file /home/airflow/.local/lib/python3.7/site-packages/airflow/example_dags/example_time_delta_sensor_async.py for tasks to queue
[2025-12-05T01:07:05.289+0000] {logging_mixin.py:117} INFO - [2025-12-05T01:07:05.289+0000] {dagbag.py:525} INFO - Filling up the DagBag from /home/airflow/.local/lib/python3.7/site-packages/airflow/example_dags/example_time_delta_sensor_async.py
[2025-12-05T01:07:05.318+0000] {processor.py:768} INFO - DAG(s) dict_keys(['example_time_delta_sensor_async']) retrieved from /home/airflow/.local/lib/python3.7/site-packages/airflow/example_dags/example_time_delta_sensor_async.py
[2025-12-05T01:07:05.498+0000] {logging_mixin.py:117} INFO - [2025-12-05T01:07:05.498+0000] {dag.py:2573} INFO - Sync 1 DAGs
[2025-12-05T01:07:05.523+0000] {logging_mixin.py:117} INFO - [2025-12-05T01:07:05.523+0000] {dag.py:3328} INFO - Setting next_dagrun for example_time_delta_sensor_async to None, run_after=None
[2025-12-05T01:07:05.553+0000] {processor.py:178} INFO - Processing /home/airflow/.local/lib/python3.7/site-packages/airflow/example_dags/example_time_delta_sensor_async.py took 0.275 seconds
[2025-12-05T01:07:35.841+0000] {processor.py:156} INFO - Started process (PID=8627) to work on /home/airflow/.local/lib/python3.7/site-packages/airflow/example_dags/example_time_delta_sensor_async.py
[2025-12-05T01:07:35.843+0000] {processor.py:758} INFO - Processing file /home/airflow/.local/lib/python3.7/site-packages/airflow/example_dags/example_time_delta_sensor_async.py for tasks to queue
[2025-12-05T01:07:35.844+0000] {logging_mixin.py:117} INFO - [2025-12-05T01:07:35.844+0000] {dagbag.py:525} INFO - Filling up the DagBag from /home/airflow/.local/lib/python3.7/site-packages/airflow/example_dags/example_time_delta_sensor_async.py
[2025-12-05T01:07:35.864+0000] {processor.py:768} INFO - DAG(s) dict_keys(['example_time_delta_sensor_async']) retrieved from /home/airflow/.local/lib/python3.7/site-packages/airflow/example_dags/example_time_delta_sensor_async.py
[2025-12-05T01:07:36.007+0000] {logging_mixin.py:117} INFO - [2025-12-05T01:07:36.007+0000] {dag.py:2573} INFO - Sync 1 DAGs
[2025-12-05T01:07:36.020+0000] {logging_mixin.py:117} INFO - [2025-12-05T01:07:36.020+0000] {dag.py:3328} INFO - Setting next_dagrun for example_time_delta_sensor_async to None, run_after=None
[2025-12-05T01:07:36.034+0000] {processor.py:178} INFO - Processing /home/airflow/.local/lib/python3.7/site-packages/airflow/example_dags/example_time_delta_sensor_async.py took 0.199 seconds
[2025-12-05T01:08:06.237+0000] {processor.py:156} INFO - Started process (PID=8828) to work on /home/airflow/.local/lib/python3.7/site-packages/airflow/example_dags/example_time_delta_sensor_async.py
[2025-12-05T01:08:06.239+0000] {processor.py:758} INFO - Processing file /home/airflow/.local/lib/python3.7/site-packages/airflow/example_dags/example_time_delta_sensor_async.py for tasks to queue
[2025-12-05T01:08:06.240+0000] {logging_mixin.py:117} INFO - [2025-12-05T01:08:06.240+0000] {dagbag.py:525} INFO - Filling up the DagBag from /home/airflow/.local/lib/python3.7/site-packages/airflow/example_dags/example_time_delta_sensor_async.py
[2025-12-05T01:08:06.257+0000] {processor.py:768} INFO - DAG(s) dict_keys(['example_time_delta_sensor_async']) retrieved from /home/airflow/.local/lib/python3.7/site-packages/airflow/example_dags/example_time_delta_sensor_async.py
[2025-12-05T01:08:06.396+0000] {logging_mixin.py:117} INFO - [2025-12-05T01:08:06.396+0000] {dag.py:2573} INFO - Sync 1 DAGs
[2025-12-05T01:08:06.409+0000] {logging_mixin.py:117} INFO - [2025-12-05T01:08:06.408+0000] {dag.py:3328} INFO - Setting next_dagrun for example_time_delta_sensor_async to None, run_after=None
[2025-12-05T01:08:06.420+0000] {processor.py:178} INFO - Processing /home/airflow/.local/lib/python3.7/site-packages/airflow/example_dags/example_time_delta_sensor_async.py took 0.187 seconds
[2025-12-05T01:08:36.521+0000] {processor.py:156} INFO - Started process (PID=9030) to work on /home/airflow/.local/lib/python3.7/site-packages/airflow/example_dags/example_time_delta_sensor_async.py
[2025-12-05T01:08:36.522+0000] {processor.py:758} INFO - Processing file /home/airflow/.local/lib/python3.7/site-packages/airflow/example_dags/example_time_delta_sensor_async.py for tasks to queue
[2025-12-05T01:08:36.523+0000] {logging_mixin.py:117} INFO - [2025-12-05T01:08:36.523+0000] {dagbag.py:525} INFO - Filling up the DagBag from /home/airflow/.local/lib/python3.7/site-packages/airflow/example_dags/example_time_delta_sensor_async.py
[2025-12-05T01:08:36.554+0000] {processor.py:768} INFO - DAG(s) dict_keys(['example_time_delta_sensor_async']) retrieved from /home/airflow/.local/lib/python3.7/site-packages/airflow/example_dags/example_time_delta_sensor_async.py
[2025-12-05T01:08:36.689+0000] {logging_mixin.py:117} INFO - [2025-12-05T01:08:36.689+0000] {dag.py:2573} INFO - Sync 1 DAGs
[2025-12-05T01:08:36.728+0000] {logging_mixin.py:117} INFO - [2025-12-05T01:08:36.728+0000] {dag.py:3328} INFO - Setting next_dagrun for example_time_delta_sensor_async to None, run_after=None
[2025-12-05T01:08:36.750+0000] {processor.py:178} INFO - Processing /home/airflow/.local/lib/python3.7/site-packages/airflow/example_dags/example_time_delta_sensor_async.py took 0.235 seconds
[2025-12-05T01:09:06.915+0000] {processor.py:156} INFO - Started process (PID=9233) to work on /home/airflow/.local/lib/python3.7/site-packages/airflow/example_dags/example_time_delta_sensor_async.py
[2025-12-05T01:09:06.916+0000] {processor.py:758} INFO - Processing file /home/airflow/.local/lib/python3.7/site-packages/airflow/example_dags/example_time_delta_sensor_async.py for tasks to queue
[2025-12-05T01:09:06.916+0000] {logging_mixin.py:117} INFO - [2025-12-05T01:09:06.916+0000] {dagbag.py:525} INFO - Filling up the DagBag from /home/airflow/.local/lib/python3.7/site-packages/airflow/example_dags/example_time_delta_sensor_async.py
[2025-12-05T01:09:06.925+0000] {processor.py:768} INFO - DAG(s) dict_keys(['example_time_delta_sensor_async']) retrieved from /home/airflow/.local/lib/python3.7/site-packages/airflow/example_dags/example_time_delta_sensor_async.py
[2025-12-05T01:09:07.039+0000] {logging_mixin.py:117} INFO - [2025-12-05T01:09:07.038+0000] {dag.py:2573} INFO - Sync 1 DAGs
[2025-12-05T01:09:07.051+0000] {logging_mixin.py:117} INFO - [2025-12-05T01:09:07.051+0000] {dag.py:3328} INFO - Setting next_dagrun for example_time_delta_sensor_async to None, run_after=None
[2025-12-05T01:09:07.066+0000] {processor.py:178} INFO - Processing /home/airflow/.local/lib/python3.7/site-packages/airflow/example_dags/example_time_delta_sensor_async.py took 0.154 seconds
[2025-12-05T01:09:37.106+0000] {processor.py:156} INFO - Started process (PID=9434) to work on /home/airflow/.local/lib/python3.7/site-packages/airflow/example_dags/example_time_delta_sensor_async.py
[2025-12-05T01:09:37.106+0000] {processor.py:758} INFO - Processing file /home/airflow/.local/lib/python3.7/site-packages/airflow/example_dags/example_time_delta_sensor_async.py for tasks to queue
[2025-12-05T01:09:37.107+0000] {logging_mixin.py:117} INFO - [2025-12-05T01:09:37.107+0000] {dagbag.py:525} INFO - Filling up the DagBag from /home/airflow/.local/lib/python3.7/site-packages/airflow/example_dags/example_time_delta_sensor_async.py
[2025-12-05T01:09:37.117+0000] {processor.py:768} INFO - DAG(s) dict_keys(['example_time_delta_sensor_async']) retrieved from /home/airflow/.local/lib/python3.7/site-packages/airflow/example_dags/example_time_delta_sensor_async.py
[2025-12-05T01:09:37.237+0000] {logging_mixin.py:117} INFO - [2025-12-05T01:09:37.237+0000] {dag.py:2573} INFO - Sync 1 DAGs
[2025-12-05T01:09:37.253+0000] {logging_mixin.py:117} INFO - [2025-12-05T01:09:37.252+0000] {dag.py:3328} INFO - Setting next_dagrun for example_time_delta_sensor_async to None, run_after=None
[2025-12-05T01:09:37.268+0000] {processor.py:178} INFO - Processing /home/airflow/.local/lib/python3.7/site-packages/airflow/example_dags/example_time_delta_sensor_async.py took 0.166 seconds
[2025-12-05T01:10:08.143+0000] {processor.py:156} INFO - Started process (PID=9633) to work on /home/airflow/.local/lib/python3.7/site-packages/airflow/example_dags/example_time_delta_sensor_async.py
[2025-12-05T01:10:08.144+0000] {processor.py:758} INFO - Processing file /home/airflow/.local/lib/python3.7/site-packages/airflow/example_dags/example_time_delta_sensor_async.py for tasks to queue
[2025-12-05T01:10:08.145+0000] {logging_mixin.py:117} INFO - [2025-12-05T01:10:08.145+0000] {dagbag.py:525} INFO - Filling up the DagBag from /home/airflow/.local/lib/python3.7/site-packages/airflow/example_dags/example_time_delta_sensor_async.py
[2025-12-05T01:10:08.170+0000] {processor.py:768} INFO - DAG(s) dict_keys(['example_time_delta_sensor_async']) retrieved from /home/airflow/.local/lib/python3.7/site-packages/airflow/example_dags/example_time_delta_sensor_async.py
[2025-12-05T01:10:08.328+0000] {logging_mixin.py:117} INFO - [2025-12-05T01:10:08.328+0000] {dag.py:2573} INFO - Sync 1 DAGs
[2025-12-05T01:10:08.344+0000] {logging_mixin.py:117} INFO - [2025-12-05T01:10:08.344+0000] {dag.py:3328} INFO - Setting next_dagrun for example_time_delta_sensor_async to None, run_after=None
[2025-12-05T01:10:08.358+0000] {processor.py:178} INFO - Processing /home/airflow/.local/lib/python3.7/site-packages/airflow/example_dags/example_time_delta_sensor_async.py took 0.222 seconds
[2025-12-05T01:10:39.168+0000] {processor.py:156} INFO - Started process (PID=9834) to work on /home/airflow/.local/lib/python3.7/site-packages/airflow/example_dags/example_time_delta_sensor_async.py
[2025-12-05T01:10:39.170+0000] {processor.py:758} INFO - Processing file /home/airflow/.local/lib/python3.7/site-packages/airflow/example_dags/example_time_delta_sensor_async.py for tasks to queue
[2025-12-05T01:10:39.171+0000] {logging_mixin.py:117} INFO - [2025-12-05T01:10:39.171+0000] {dagbag.py:525} INFO - Filling up the DagBag from /home/airflow/.local/lib/python3.7/site-packages/airflow/example_dags/example_time_delta_sensor_async.py
[2025-12-05T01:10:39.187+0000] {processor.py:768} INFO - DAG(s) dict_keys(['example_time_delta_sensor_async']) retrieved from /home/airflow/.local/lib/python3.7/site-packages/airflow/example_dags/example_time_delta_sensor_async.py
[2025-12-05T01:10:39.307+0000] {logging_mixin.py:117} INFO - [2025-12-05T01:10:39.307+0000] {dag.py:2573} INFO - Sync 1 DAGs
[2025-12-05T01:10:39.328+0000] {logging_mixin.py:117} INFO - [2025-12-05T01:10:39.328+0000] {dag.py:3328} INFO - Setting next_dagrun for example_time_delta_sensor_async to None, run_after=None
[2025-12-05T01:10:39.340+0000] {processor.py:178} INFO - Processing /home/airflow/.local/lib/python3.7/site-packages/airflow/example_dags/example_time_delta_sensor_async.py took 0.175 seconds
[2025-12-05T01:11:09.990+0000] {processor.py:156} INFO - Started process (PID=10035) to work on /home/airflow/.local/lib/python3.7/site-packages/airflow/example_dags/example_time_delta_sensor_async.py
[2025-12-05T01:11:09.991+0000] {processor.py:758} INFO - Processing file /home/airflow/.local/lib/python3.7/site-packages/airflow/example_dags/example_time_delta_sensor_async.py for tasks to queue
[2025-12-05T01:11:09.992+0000] {logging_mixin.py:117} INFO - [2025-12-05T01:11:09.992+0000] {dagbag.py:525} INFO - Filling up the DagBag from /home/airflow/.local/lib/python3.7/site-packages/airflow/example_dags/example_time_delta_sensor_async.py
[2025-12-05T01:11:10.012+0000] {processor.py:768} INFO - DAG(s) dict_keys(['example_time_delta_sensor_async']) retrieved from /home/airflow/.local/lib/python3.7/site-packages/airflow/example_dags/example_time_delta_sensor_async.py
[2025-12-05T01:11:10.116+0000] {logging_mixin.py:117} INFO - [2025-12-05T01:11:10.115+0000] {dag.py:2573} INFO - Sync 1 DAGs
[2025-12-05T01:11:10.130+0000] {logging_mixin.py:117} INFO - [2025-12-05T01:11:10.130+0000] {dag.py:3328} INFO - Setting next_dagrun for example_time_delta_sensor_async to None, run_after=None
[2025-12-05T01:11:10.144+0000] {processor.py:178} INFO - Processing /home/airflow/.local/lib/python3.7/site-packages/airflow/example_dags/example_time_delta_sensor_async.py took 0.157 seconds
[2025-12-05T01:11:40.771+0000] {processor.py:156} INFO - Started process (PID=10241) to work on /home/airflow/.local/lib/python3.7/site-packages/airflow/example_dags/example_time_delta_sensor_async.py
[2025-12-05T01:11:40.772+0000] {processor.py:758} INFO - Processing file /home/airflow/.local/lib/python3.7/site-packages/airflow/example_dags/example_time_delta_sensor_async.py for tasks to queue
[2025-12-05T01:11:40.773+0000] {logging_mixin.py:117} INFO - [2025-12-05T01:11:40.773+0000] {dagbag.py:525} INFO - Filling up the DagBag from /home/airflow/.local/lib/python3.7/site-packages/airflow/example_dags/example_time_delta_sensor_async.py
[2025-12-05T01:11:40.810+0000] {processor.py:768} INFO - DAG(s) dict_keys(['example_time_delta_sensor_async']) retrieved from /home/airflow/.local/lib/python3.7/site-packages/airflow/example_dags/example_time_delta_sensor_async.py
[2025-12-05T01:11:40.945+0000] {logging_mixin.py:117} INFO - [2025-12-05T01:11:40.944+0000] {dag.py:2573} INFO - Sync 1 DAGs
[2025-12-05T01:11:40.957+0000] {logging_mixin.py:117} INFO - [2025-12-05T01:11:40.957+0000] {dag.py:3328} INFO - Setting next_dagrun for example_time_delta_sensor_async to None, run_after=None
[2025-12-05T01:11:40.965+0000] {processor.py:178} INFO - Processing /home/airflow/.local/lib/python3.7/site-packages/airflow/example_dags/example_time_delta_sensor_async.py took 0.199 seconds
[2025-12-05T01:12:11.890+0000] {processor.py:156} INFO - Started process (PID=10441) to work on /home/airflow/.local/lib/python3.7/site-packages/airflow/example_dags/example_time_delta_sensor_async.py
[2025-12-05T01:12:11.892+0000] {processor.py:758} INFO - Processing file /home/airflow/.local/lib/python3.7/site-packages/airflow/example_dags/example_time_delta_sensor_async.py for tasks to queue
[2025-12-05T01:12:11.892+0000] {logging_mixin.py:117} INFO - [2025-12-05T01:12:11.892+0000] {dagbag.py:525} INFO - Filling up the DagBag from /home/airflow/.local/lib/python3.7/site-packages/airflow/example_dags/example_time_delta_sensor_async.py
[2025-12-05T01:12:11.911+0000] {processor.py:768} INFO - DAG(s) dict_keys(['example_time_delta_sensor_async']) retrieved from /home/airflow/.local/lib/python3.7/site-packages/airflow/example_dags/example_time_delta_sensor_async.py
[2025-12-05T01:12:12.061+0000] {logging_mixin.py:117} INFO - [2025-12-05T01:12:12.061+0000] {dag.py:2573} INFO - Sync 1 DAGs
[2025-12-05T01:12:12.077+0000] {logging_mixin.py:117} INFO - [2025-12-05T01:12:12.077+0000] {dag.py:3328} INFO - Setting next_dagrun for example_time_delta_sensor_async to None, run_after=None
[2025-12-05T01:12:12.091+0000] {processor.py:178} INFO - Processing /home/airflow/.local/lib/python3.7/site-packages/airflow/example_dags/example_time_delta_sensor_async.py took 0.205 seconds
[2025-12-05T01:12:42.175+0000] {processor.py:156} INFO - Started process (PID=10642) to work on /home/airflow/.local/lib/python3.7/site-packages/airflow/example_dags/example_time_delta_sensor_async.py
[2025-12-05T01:12:42.176+0000] {processor.py:758} INFO - Processing file /home/airflow/.local/lib/python3.7/site-packages/airflow/example_dags/example_time_delta_sensor_async.py for tasks to queue
[2025-12-05T01:12:42.177+0000] {logging_mixin.py:117} INFO - [2025-12-05T01:12:42.177+0000] {dagbag.py:525} INFO - Filling up the DagBag from /home/airflow/.local/lib/python3.7/site-packages/airflow/example_dags/example_time_delta_sensor_async.py
[2025-12-05T01:12:42.212+0000] {processor.py:768} INFO - DAG(s) dict_keys(['example_time_delta_sensor_async']) retrieved from /home/airflow/.local/lib/python3.7/site-packages/airflow/example_dags/example_time_delta_sensor_async.py
[2025-12-05T01:12:42.253+0000] {logging_mixin.py:117} INFO - [2025-12-05T01:12:42.252+0000] {dag.py:2573} INFO - Sync 1 DAGs
[2025-12-05T01:12:42.278+0000] {logging_mixin.py:117} INFO - [2025-12-05T01:12:42.278+0000] {dag.py:3328} INFO - Setting next_dagrun for example_time_delta_sensor_async to None, run_after=None
[2025-12-05T01:12:42.293+0000] {processor.py:178} INFO - Processing /home/airflow/.local/lib/python3.7/site-packages/airflow/example_dags/example_time_delta_sensor_async.py took 0.122 seconds
[2025-12-05T01:13:13.288+0000] {processor.py:156} INFO - Started process (PID=10844) to work on /home/airflow/.local/lib/python3.7/site-packages/airflow/example_dags/example_time_delta_sensor_async.py
[2025-12-05T01:13:13.289+0000] {processor.py:758} INFO - Processing file /home/airflow/.local/lib/python3.7/site-packages/airflow/example_dags/example_time_delta_sensor_async.py for tasks to queue
[2025-12-05T01:13:13.290+0000] {logging_mixin.py:117} INFO - [2025-12-05T01:13:13.290+0000] {dagbag.py:525} INFO - Filling up the DagBag from /home/airflow/.local/lib/python3.7/site-packages/airflow/example_dags/example_time_delta_sensor_async.py
[2025-12-05T01:13:13.322+0000] {processor.py:768} INFO - DAG(s) dict_keys(['example_time_delta_sensor_async']) retrieved from /home/airflow/.local/lib/python3.7/site-packages/airflow/example_dags/example_time_delta_sensor_async.py
[2025-12-05T01:13:13.466+0000] {logging_mixin.py:117} INFO - [2025-12-05T01:13:13.466+0000] {dag.py:2573} INFO - Sync 1 DAGs
[2025-12-05T01:13:13.481+0000] {logging_mixin.py:117} INFO - [2025-12-05T01:13:13.481+0000] {dag.py:3328} INFO - Setting next_dagrun for example_time_delta_sensor_async to None, run_after=None
[2025-12-05T01:13:13.502+0000] {processor.py:178} INFO - Processing /home/airflow/.local/lib/python3.7/site-packages/airflow/example_dags/example_time_delta_sensor_async.py took 0.220 seconds
[2025-12-05T01:13:43.697+0000] {processor.py:156} INFO - Started process (PID=11045) to work on /home/airflow/.local/lib/python3.7/site-packages/airflow/example_dags/example_time_delta_sensor_async.py
[2025-12-05T01:13:43.700+0000] {processor.py:758} INFO - Processing file /home/airflow/.local/lib/python3.7/site-packages/airflow/example_dags/example_time_delta_sensor_async.py for tasks to queue
[2025-12-05T01:13:43.700+0000] {logging_mixin.py:117} INFO - [2025-12-05T01:13:43.700+0000] {dagbag.py:525} INFO - Filling up the DagBag from /home/airflow/.local/lib/python3.7/site-packages/airflow/example_dags/example_time_delta_sensor_async.py
[2025-12-05T01:13:43.730+0000] {processor.py:768} INFO - DAG(s) dict_keys(['example_time_delta_sensor_async']) retrieved from /home/airflow/.local/lib/python3.7/site-packages/airflow/example_dags/example_time_delta_sensor_async.py
[2025-12-05T01:13:43.914+0000] {logging_mixin.py:117} INFO - [2025-12-05T01:13:43.914+0000] {dag.py:2573} INFO - Sync 1 DAGs
[2025-12-05T01:13:43.934+0000] {logging_mixin.py:117} INFO - [2025-12-05T01:13:43.933+0000] {dag.py:3328} INFO - Setting next_dagrun for example_time_delta_sensor_async to None, run_after=None
[2025-12-05T01:13:43.944+0000] {processor.py:178} INFO - Processing /home/airflow/.local/lib/python3.7/site-packages/airflow/example_dags/example_time_delta_sensor_async.py took 0.251 seconds
[2025-12-05T01:14:14.351+0000] {processor.py:156} INFO - Started process (PID=11245) to work on /home/airflow/.local/lib/python3.7/site-packages/airflow/example_dags/example_time_delta_sensor_async.py
[2025-12-05T01:14:14.352+0000] {processor.py:758} INFO - Processing file /home/airflow/.local/lib/python3.7/site-packages/airflow/example_dags/example_time_delta_sensor_async.py for tasks to queue
[2025-12-05T01:14:14.354+0000] {logging_mixin.py:117} INFO - [2025-12-05T01:14:14.353+0000] {dagbag.py:525} INFO - Filling up the DagBag from /home/airflow/.local/lib/python3.7/site-packages/airflow/example_dags/example_time_delta_sensor_async.py
[2025-12-05T01:14:14.378+0000] {processor.py:768} INFO - DAG(s) dict_keys(['example_time_delta_sensor_async']) retrieved from /home/airflow/.local/lib/python3.7/site-packages/airflow/example_dags/example_time_delta_sensor_async.py
[2025-12-05T01:14:14.514+0000] {logging_mixin.py:117} INFO - [2025-12-05T01:14:14.514+0000] {dag.py:2573} INFO - Sync 1 DAGs
[2025-12-05T01:14:14.536+0000] {logging_mixin.py:117} INFO - [2025-12-05T01:14:14.536+0000] {dag.py:3328} INFO - Setting next_dagrun for example_time_delta_sensor_async to None, run_after=None
[2025-12-05T01:14:14.549+0000] {processor.py:178} INFO - Processing /home/airflow/.local/lib/python3.7/site-packages/airflow/example_dags/example_time_delta_sensor_async.py took 0.206 seconds
[2025-12-05T01:14:44.591+0000] {processor.py:156} INFO - Started process (PID=11447) to work on /home/airflow/.local/lib/python3.7/site-packages/airflow/example_dags/example_time_delta_sensor_async.py
[2025-12-05T01:14:44.595+0000] {processor.py:758} INFO - Processing file /home/airflow/.local/lib/python3.7/site-packages/airflow/example_dags/example_time_delta_sensor_async.py for tasks to queue
[2025-12-05T01:14:44.596+0000] {logging_mixin.py:117} INFO - [2025-12-05T01:14:44.596+0000] {dagbag.py:525} INFO - Filling up the DagBag from /home/airflow/.local/lib/python3.7/site-packages/airflow/example_dags/example_time_delta_sensor_async.py
[2025-12-05T01:14:44.621+0000] {processor.py:768} INFO - DAG(s) dict_keys(['example_time_delta_sensor_async']) retrieved from /home/airflow/.local/lib/python3.7/site-packages/airflow/example_dags/example_time_delta_sensor_async.py
[2025-12-05T01:14:44.770+0000] {logging_mixin.py:117} INFO - [2025-12-05T01:14:44.769+0000] {dag.py:2573} INFO - Sync 1 DAGs
[2025-12-05T01:14:44.784+0000] {logging_mixin.py:117} INFO - [2025-12-05T01:14:44.784+0000] {dag.py:3328} INFO - Setting next_dagrun for example_time_delta_sensor_async to None, run_after=None
[2025-12-05T01:14:44.793+0000] {processor.py:178} INFO - Processing /home/airflow/.local/lib/python3.7/site-packages/airflow/example_dags/example_time_delta_sensor_async.py took 0.208 seconds
[2025-12-05T01:15:15.762+0000] {processor.py:156} INFO - Started process (PID=11649) to work on /home/airflow/.local/lib/python3.7/site-packages/airflow/example_dags/example_time_delta_sensor_async.py
[2025-12-05T01:15:15.764+0000] {processor.py:758} INFO - Processing file /home/airflow/.local/lib/python3.7/site-packages/airflow/example_dags/example_time_delta_sensor_async.py for tasks to queue
[2025-12-05T01:15:15.770+0000] {logging_mixin.py:117} INFO - [2025-12-05T01:15:15.770+0000] {dagbag.py:525} INFO - Filling up the DagBag from /home/airflow/.local/lib/python3.7/site-packages/airflow/example_dags/example_time_delta_sensor_async.py
[2025-12-05T01:15:15.809+0000] {processor.py:768} INFO - DAG(s) dict_keys(['example_time_delta_sensor_async']) retrieved from /home/airflow/.local/lib/python3.7/site-packages/airflow/example_dags/example_time_delta_sensor_async.py
[2025-12-05T01:15:15.997+0000] {logging_mixin.py:117} INFO - [2025-12-05T01:15:15.997+0000] {dag.py:2573} INFO - Sync 1 DAGs
[2025-12-05T01:15:16.011+0000] {logging_mixin.py:117} INFO - [2025-12-05T01:15:16.011+0000] {dag.py:3328} INFO - Setting next_dagrun for example_time_delta_sensor_async to None, run_after=None
[2025-12-05T01:15:16.024+0000] {processor.py:178} INFO - Processing /home/airflow/.local/lib/python3.7/site-packages/airflow/example_dags/example_time_delta_sensor_async.py took 0.273 seconds
[2025-12-05T01:15:46.145+0000] {processor.py:156} INFO - Started process (PID=11849) to work on /home/airflow/.local/lib/python3.7/site-packages/airflow/example_dags/example_time_delta_sensor_async.py
[2025-12-05T01:15:46.147+0000] {processor.py:758} INFO - Processing file /home/airflow/.local/lib/python3.7/site-packages/airflow/example_dags/example_time_delta_sensor_async.py for tasks to queue
[2025-12-05T01:15:46.147+0000] {logging_mixin.py:117} INFO - [2025-12-05T01:15:46.147+0000] {dagbag.py:525} INFO - Filling up the DagBag from /home/airflow/.local/lib/python3.7/site-packages/airflow/example_dags/example_time_delta_sensor_async.py
[2025-12-05T01:15:46.177+0000] {processor.py:768} INFO - DAG(s) dict_keys(['example_time_delta_sensor_async']) retrieved from /home/airflow/.local/lib/python3.7/site-packages/airflow/example_dags/example_time_delta_sensor_async.py
[2025-12-05T01:15:46.342+0000] {logging_mixin.py:117} INFO - [2025-12-05T01:15:46.341+0000] {dag.py:2573} INFO - Sync 1 DAGs
[2025-12-05T01:15:46.359+0000] {logging_mixin.py:117} INFO - [2025-12-05T01:15:46.359+0000] {dag.py:3328} INFO - Setting next_dagrun for example_time_delta_sensor_async to None, run_after=None
[2025-12-05T01:15:46.377+0000] {processor.py:178} INFO - Processing /home/airflow/.local/lib/python3.7/site-packages/airflow/example_dags/example_time_delta_sensor_async.py took 0.240 seconds
[2025-12-05T01:16:16.465+0000] {processor.py:156} INFO - Started process (PID=12056) to work on /home/airflow/.local/lib/python3.7/site-packages/airflow/example_dags/example_time_delta_sensor_async.py
[2025-12-05T01:16:16.468+0000] {processor.py:758} INFO - Processing file /home/airflow/.local/lib/python3.7/site-packages/airflow/example_dags/example_time_delta_sensor_async.py for tasks to queue
[2025-12-05T01:16:16.468+0000] {logging_mixin.py:117} INFO - [2025-12-05T01:16:16.468+0000] {dagbag.py:525} INFO - Filling up the DagBag from /home/airflow/.local/lib/python3.7/site-packages/airflow/example_dags/example_time_delta_sensor_async.py
[2025-12-05T01:16:16.503+0000] {processor.py:768} INFO - DAG(s) dict_keys(['example_time_delta_sensor_async']) retrieved from /home/airflow/.local/lib/python3.7/site-packages/airflow/example_dags/example_time_delta_sensor_async.py
[2025-12-05T01:16:16.648+0000] {logging_mixin.py:117} INFO - [2025-12-05T01:16:16.648+0000] {dag.py:2573} INFO - Sync 1 DAGs
[2025-12-05T01:16:16.662+0000] {logging_mixin.py:117} INFO - [2025-12-05T01:16:16.662+0000] {dag.py:3328} INFO - Setting next_dagrun for example_time_delta_sensor_async to None, run_after=None
[2025-12-05T01:16:16.672+0000] {processor.py:178} INFO - Processing /home/airflow/.local/lib/python3.7/site-packages/airflow/example_dags/example_time_delta_sensor_async.py took 0.209 seconds
[2025-12-05T01:16:46.795+0000] {processor.py:156} INFO - Started process (PID=12267) to work on /home/airflow/.local/lib/python3.7/site-packages/airflow/example_dags/example_time_delta_sensor_async.py
[2025-12-05T01:16:46.798+0000] {processor.py:758} INFO - Processing file /home/airflow/.local/lib/python3.7/site-packages/airflow/example_dags/example_time_delta_sensor_async.py for tasks to queue
[2025-12-05T01:16:46.800+0000] {logging_mixin.py:117} INFO - [2025-12-05T01:16:46.800+0000] {dagbag.py:525} INFO - Filling up the DagBag from /home/airflow/.local/lib/python3.7/site-packages/airflow/example_dags/example_time_delta_sensor_async.py
[2025-12-05T01:16:46.810+0000] {processor.py:768} INFO - DAG(s) dict_keys(['example_time_delta_sensor_async']) retrieved from /home/airflow/.local/lib/python3.7/site-packages/airflow/example_dags/example_time_delta_sensor_async.py
[2025-12-05T01:16:46.935+0000] {logging_mixin.py:117} INFO - [2025-12-05T01:16:46.935+0000] {dag.py:2573} INFO - Sync 1 DAGs
[2025-12-05T01:16:46.946+0000] {logging_mixin.py:117} INFO - [2025-12-05T01:16:46.946+0000] {dag.py:3328} INFO - Setting next_dagrun for example_time_delta_sensor_async to None, run_after=None
[2025-12-05T01:16:46.954+0000] {processor.py:178} INFO - Processing /home/airflow/.local/lib/python3.7/site-packages/airflow/example_dags/example_time_delta_sensor_async.py took 0.162 seconds
[2025-12-05T01:17:17.135+0000] {processor.py:156} INFO - Started process (PID=12472) to work on /home/airflow/.local/lib/python3.7/site-packages/airflow/example_dags/example_time_delta_sensor_async.py
[2025-12-05T01:17:17.137+0000] {processor.py:758} INFO - Processing file /home/airflow/.local/lib/python3.7/site-packages/airflow/example_dags/example_time_delta_sensor_async.py for tasks to queue
[2025-12-05T01:17:17.137+0000] {logging_mixin.py:117} INFO - [2025-12-05T01:17:17.137+0000] {dagbag.py:525} INFO - Filling up the DagBag from /home/airflow/.local/lib/python3.7/site-packages/airflow/example_dags/example_time_delta_sensor_async.py
[2025-12-05T01:17:17.157+0000] {processor.py:768} INFO - DAG(s) dict_keys(['example_time_delta_sensor_async']) retrieved from /home/airflow/.local/lib/python3.7/site-packages/airflow/example_dags/example_time_delta_sensor_async.py
[2025-12-05T01:17:17.341+0000] {logging_mixin.py:117} INFO - [2025-12-05T01:17:17.341+0000] {dag.py:2573} INFO - Sync 1 DAGs
[2025-12-05T01:17:17.355+0000] {logging_mixin.py:117} INFO - [2025-12-05T01:17:17.354+0000] {dag.py:3328} INFO - Setting next_dagrun for example_time_delta_sensor_async to None, run_after=None
[2025-12-05T01:17:17.365+0000] {processor.py:178} INFO - Processing /home/airflow/.local/lib/python3.7/site-packages/airflow/example_dags/example_time_delta_sensor_async.py took 0.254 seconds
[2025-12-05T01:17:47.618+0000] {processor.py:156} INFO - Started process (PID=12683) to work on /home/airflow/.local/lib/python3.7/site-packages/airflow/example_dags/example_time_delta_sensor_async.py
[2025-12-05T01:17:47.622+0000] {processor.py:758} INFO - Processing file /home/airflow/.local/lib/python3.7/site-packages/airflow/example_dags/example_time_delta_sensor_async.py for tasks to queue
[2025-12-05T01:17:47.623+0000] {logging_mixin.py:117} INFO - [2025-12-05T01:17:47.623+0000] {dagbag.py:525} INFO - Filling up the DagBag from /home/airflow/.local/lib/python3.7/site-packages/airflow/example_dags/example_time_delta_sensor_async.py
[2025-12-05T01:17:47.640+0000] {processor.py:768} INFO - DAG(s) dict_keys(['example_time_delta_sensor_async']) retrieved from /home/airflow/.local/lib/python3.7/site-packages/airflow/example_dags/example_time_delta_sensor_async.py
[2025-12-05T01:17:47.785+0000] {logging_mixin.py:117} INFO - [2025-12-05T01:17:47.785+0000] {dag.py:2573} INFO - Sync 1 DAGs
[2025-12-05T01:17:47.799+0000] {logging_mixin.py:117} INFO - [2025-12-05T01:17:47.798+0000] {dag.py:3328} INFO - Setting next_dagrun for example_time_delta_sensor_async to None, run_after=None
[2025-12-05T01:17:47.808+0000] {processor.py:178} INFO - Processing /home/airflow/.local/lib/python3.7/site-packages/airflow/example_dags/example_time_delta_sensor_async.py took 0.196 seconds
[2025-12-05T01:18:17.868+0000] {processor.py:156} INFO - Started process (PID=12891) to work on /home/airflow/.local/lib/python3.7/site-packages/airflow/example_dags/example_time_delta_sensor_async.py
[2025-12-05T01:18:17.869+0000] {processor.py:758} INFO - Processing file /home/airflow/.local/lib/python3.7/site-packages/airflow/example_dags/example_time_delta_sensor_async.py for tasks to queue
[2025-12-05T01:18:17.869+0000] {logging_mixin.py:117} INFO - [2025-12-05T01:18:17.869+0000] {dagbag.py:525} INFO - Filling up the DagBag from /home/airflow/.local/lib/python3.7/site-packages/airflow/example_dags/example_time_delta_sensor_async.py
[2025-12-05T01:18:17.876+0000] {processor.py:768} INFO - DAG(s) dict_keys(['example_time_delta_sensor_async']) retrieved from /home/airflow/.local/lib/python3.7/site-packages/airflow/example_dags/example_time_delta_sensor_async.py
[2025-12-05T01:18:17.998+0000] {logging_mixin.py:117} INFO - [2025-12-05T01:18:17.998+0000] {dag.py:2573} INFO - Sync 1 DAGs
[2025-12-05T01:18:18.012+0000] {logging_mixin.py:117} INFO - [2025-12-05T01:18:18.012+0000] {dag.py:3328} INFO - Setting next_dagrun for example_time_delta_sensor_async to None, run_after=None
[2025-12-05T01:18:18.026+0000] {processor.py:178} INFO - Processing /home/airflow/.local/lib/python3.7/site-packages/airflow/example_dags/example_time_delta_sensor_async.py took 0.160 seconds
[2025-12-05T01:18:48.313+0000] {processor.py:156} INFO - Started process (PID=13097) to work on /home/airflow/.local/lib/python3.7/site-packages/airflow/example_dags/example_time_delta_sensor_async.py
[2025-12-05T01:18:48.314+0000] {processor.py:758} INFO - Processing file /home/airflow/.local/lib/python3.7/site-packages/airflow/example_dags/example_time_delta_sensor_async.py for tasks to queue
[2025-12-05T01:18:48.314+0000] {logging_mixin.py:117} INFO - [2025-12-05T01:18:48.314+0000] {dagbag.py:525} INFO - Filling up the DagBag from /home/airflow/.local/lib/python3.7/site-packages/airflow/example_dags/example_time_delta_sensor_async.py
[2025-12-05T01:18:48.320+0000] {processor.py:768} INFO - DAG(s) dict_keys(['example_time_delta_sensor_async']) retrieved from /home/airflow/.local/lib/python3.7/site-packages/airflow/example_dags/example_time_delta_sensor_async.py
[2025-12-05T01:18:48.419+0000] {logging_mixin.py:117} INFO - [2025-12-05T01:18:48.419+0000] {dag.py:2573} INFO - Sync 1 DAGs
[2025-12-05T01:18:48.431+0000] {logging_mixin.py:117} INFO - [2025-12-05T01:18:48.430+0000] {dag.py:3328} INFO - Setting next_dagrun for example_time_delta_sensor_async to None, run_after=None
[2025-12-05T01:18:48.446+0000] {processor.py:178} INFO - Processing /home/airflow/.local/lib/python3.7/site-packages/airflow/example_dags/example_time_delta_sensor_async.py took 0.139 seconds
[2025-12-05T01:19:19.284+0000] {processor.py:156} INFO - Started process (PID=13303) to work on /home/airflow/.local/lib/python3.7/site-packages/airflow/example_dags/example_time_delta_sensor_async.py
[2025-12-05T01:19:19.285+0000] {processor.py:758} INFO - Processing file /home/airflow/.local/lib/python3.7/site-packages/airflow/example_dags/example_time_delta_sensor_async.py for tasks to queue
[2025-12-05T01:19:19.285+0000] {logging_mixin.py:117} INFO - [2025-12-05T01:19:19.285+0000] {dagbag.py:525} INFO - Filling up the DagBag from /home/airflow/.local/lib/python3.7/site-packages/airflow/example_dags/example_time_delta_sensor_async.py
[2025-12-05T01:19:19.294+0000] {processor.py:768} INFO - DAG(s) dict_keys(['example_time_delta_sensor_async']) retrieved from /home/airflow/.local/lib/python3.7/site-packages/airflow/example_dags/example_time_delta_sensor_async.py
[2025-12-05T01:19:19.399+0000] {logging_mixin.py:117} INFO - [2025-12-05T01:19:19.399+0000] {dag.py:2573} INFO - Sync 1 DAGs
[2025-12-05T01:19:19.414+0000] {logging_mixin.py:117} INFO - [2025-12-05T01:19:19.414+0000] {dag.py:3328} INFO - Setting next_dagrun for example_time_delta_sensor_async to None, run_after=None
[2025-12-05T01:19:19.423+0000] {processor.py:178} INFO - Processing /home/airflow/.local/lib/python3.7/site-packages/airflow/example_dags/example_time_delta_sensor_async.py took 0.142 seconds
[2025-12-05T01:19:50.077+0000] {processor.py:156} INFO - Started process (PID=13509) to work on /home/airflow/.local/lib/python3.7/site-packages/airflow/example_dags/example_time_delta_sensor_async.py
[2025-12-05T01:19:50.077+0000] {processor.py:758} INFO - Processing file /home/airflow/.local/lib/python3.7/site-packages/airflow/example_dags/example_time_delta_sensor_async.py for tasks to queue
[2025-12-05T01:19:50.078+0000] {logging_mixin.py:117} INFO - [2025-12-05T01:19:50.078+0000] {dagbag.py:525} INFO - Filling up the DagBag from /home/airflow/.local/lib/python3.7/site-packages/airflow/example_dags/example_time_delta_sensor_async.py
[2025-12-05T01:19:50.084+0000] {processor.py:768} INFO - DAG(s) dict_keys(['example_time_delta_sensor_async']) retrieved from /home/airflow/.local/lib/python3.7/site-packages/airflow/example_dags/example_time_delta_sensor_async.py
[2025-12-05T01:19:50.168+0000] {logging_mixin.py:117} INFO - [2025-12-05T01:19:50.168+0000] {dag.py:2573} INFO - Sync 1 DAGs
[2025-12-05T01:19:50.178+0000] {logging_mixin.py:117} INFO - [2025-12-05T01:19:50.178+0000] {dag.py:3328} INFO - Setting next_dagrun for example_time_delta_sensor_async to None, run_after=None
[2025-12-05T01:19:50.185+0000] {processor.py:178} INFO - Processing /home/airflow/.local/lib/python3.7/site-packages/airflow/example_dags/example_time_delta_sensor_async.py took 0.110 seconds
[2025-12-05T01:20:21.059+0000] {processor.py:156} INFO - Started process (PID=13715) to work on /home/airflow/.local/lib/python3.7/site-packages/airflow/example_dags/example_time_delta_sensor_async.py
[2025-12-05T01:20:21.060+0000] {processor.py:758} INFO - Processing file /home/airflow/.local/lib/python3.7/site-packages/airflow/example_dags/example_time_delta_sensor_async.py for tasks to queue
[2025-12-05T01:20:21.060+0000] {logging_mixin.py:117} INFO - [2025-12-05T01:20:21.060+0000] {dagbag.py:525} INFO - Filling up the DagBag from /home/airflow/.local/lib/python3.7/site-packages/airflow/example_dags/example_time_delta_sensor_async.py
[2025-12-05T01:20:21.067+0000] {processor.py:768} INFO - DAG(s) dict_keys(['example_time_delta_sensor_async']) retrieved from /home/airflow/.local/lib/python3.7/site-packages/airflow/example_dags/example_time_delta_sensor_async.py
[2025-12-05T01:20:21.173+0000] {logging_mixin.py:117} INFO - [2025-12-05T01:20:21.173+0000] {dag.py:2573} INFO - Sync 1 DAGs
[2025-12-05T01:20:21.184+0000] {logging_mixin.py:117} INFO - [2025-12-05T01:20:21.184+0000] {dag.py:3328} INFO - Setting next_dagrun for example_time_delta_sensor_async to None, run_after=None
[2025-12-05T01:20:21.197+0000] {processor.py:178} INFO - Processing /home/airflow/.local/lib/python3.7/site-packages/airflow/example_dags/example_time_delta_sensor_async.py took 0.140 seconds
[2025-12-05T01:20:51.943+0000] {processor.py:156} INFO - Started process (PID=13921) to work on /home/airflow/.local/lib/python3.7/site-packages/airflow/example_dags/example_time_delta_sensor_async.py
[2025-12-05T01:20:51.944+0000] {processor.py:758} INFO - Processing file /home/airflow/.local/lib/python3.7/site-packages/airflow/example_dags/example_time_delta_sensor_async.py for tasks to queue
[2025-12-05T01:20:51.944+0000] {logging_mixin.py:117} INFO - [2025-12-05T01:20:51.944+0000] {dagbag.py:525} INFO - Filling up the DagBag from /home/airflow/.local/lib/python3.7/site-packages/airflow/example_dags/example_time_delta_sensor_async.py
[2025-12-05T01:20:51.950+0000] {processor.py:768} INFO - DAG(s) dict_keys(['example_time_delta_sensor_async']) retrieved from /home/airflow/.local/lib/python3.7/site-packages/airflow/example_dags/example_time_delta_sensor_async.py
[2025-12-05T01:20:52.044+0000] {logging_mixin.py:117} INFO - [2025-12-05T01:20:52.044+0000] {dag.py:2573} INFO - Sync 1 DAGs
[2025-12-05T01:20:52.054+0000] {logging_mixin.py:117} INFO - [2025-12-05T01:20:52.054+0000] {dag.py:3328} INFO - Setting next_dagrun for example_time_delta_sensor_async to None, run_after=None
[2025-12-05T01:20:52.062+0000] {processor.py:178} INFO - Processing /home/airflow/.local/lib/python3.7/site-packages/airflow/example_dags/example_time_delta_sensor_async.py took 0.120 seconds
