[2025-12-05T00:46:06.422+0000] {processor.py:156} INFO - Started process (PID=282) to work on /home/airflow/.local/lib/python3.7/site-packages/airflow/example_dags/example_latest_only.py
[2025-12-05T00:46:06.423+0000] {processor.py:758} INFO - Processing file /home/airflow/.local/lib/python3.7/site-packages/airflow/example_dags/example_latest_only.py for tasks to queue
[2025-12-05T00:46:06.424+0000] {logging_mixin.py:117} INFO - [2025-12-05T00:46:06.424+0000] {dagbag.py:525} INFO - Filling up the DagBag from /home/airflow/.local/lib/python3.7/site-packages/airflow/example_dags/example_latest_only.py
[2025-12-05T00:46:06.437+0000] {processor.py:768} INFO - DAG(s) dict_keys(['latest_only']) retrieved from /home/airflow/.local/lib/python3.7/site-packages/airflow/example_dags/example_latest_only.py
[2025-12-05T00:46:06.539+0000] {logging_mixin.py:117} INFO - [2025-12-05T00:46:06.538+0000] {manager.py:508} INFO - Created Permission View: can read on DAG:latest_only
[2025-12-05T00:46:06.548+0000] {logging_mixin.py:117} INFO - [2025-12-05T00:46:06.548+0000] {manager.py:508} INFO - Created Permission View: can delete on DAG:latest_only
[2025-12-05T00:46:06.558+0000] {logging_mixin.py:117} INFO - [2025-12-05T00:46:06.557+0000] {manager.py:508} INFO - Created Permission View: can edit on DAG:latest_only
[2025-12-05T00:46:06.558+0000] {logging_mixin.py:117} INFO - [2025-12-05T00:46:06.558+0000] {dag.py:2573} INFO - Sync 1 DAGs
[2025-12-05T00:46:06.691+0000] {logging_mixin.py:117} INFO - [2025-12-05T00:46:06.691+0000] {dag.py:2594} INFO - Creating ORM DAG for latest_only
[2025-12-05T00:46:06.703+0000] {logging_mixin.py:117} INFO - [2025-12-05T00:46:06.703+0000] {dag.py:3328} INFO - Setting next_dagrun for latest_only to 2025-12-04T20:46:06.703684+00:00, run_after=2025-12-05T00:46:06.703684+00:00
[2025-12-05T00:46:06.724+0000] {processor.py:178} INFO - Processing /home/airflow/.local/lib/python3.7/site-packages/airflow/example_dags/example_latest_only.py took 0.304 seconds
[2025-12-05T00:46:37.062+0000] {processor.py:156} INFO - Started process (PID=483) to work on /home/airflow/.local/lib/python3.7/site-packages/airflow/example_dags/example_latest_only.py
[2025-12-05T00:46:37.063+0000] {processor.py:758} INFO - Processing file /home/airflow/.local/lib/python3.7/site-packages/airflow/example_dags/example_latest_only.py for tasks to queue
[2025-12-05T00:46:37.063+0000] {logging_mixin.py:117} INFO - [2025-12-05T00:46:37.063+0000] {dagbag.py:525} INFO - Filling up the DagBag from /home/airflow/.local/lib/python3.7/site-packages/airflow/example_dags/example_latest_only.py
[2025-12-05T00:46:37.072+0000] {processor.py:768} INFO - DAG(s) dict_keys(['latest_only']) retrieved from /home/airflow/.local/lib/python3.7/site-packages/airflow/example_dags/example_latest_only.py
[2025-12-05T00:46:37.095+0000] {logging_mixin.py:117} INFO - [2025-12-05T00:46:37.095+0000] {dag.py:2573} INFO - Sync 1 DAGs
[2025-12-05T00:46:37.110+0000] {logging_mixin.py:117} INFO - [2025-12-05T00:46:37.110+0000] {dag.py:3328} INFO - Setting next_dagrun for latest_only to 2025-12-04T20:46:37.110515+00:00, run_after=2025-12-05T00:46:37.110515+00:00
[2025-12-05T00:46:37.120+0000] {processor.py:178} INFO - Processing /home/airflow/.local/lib/python3.7/site-packages/airflow/example_dags/example_latest_only.py took 0.060 seconds
[2025-12-05T00:47:08.075+0000] {processor.py:156} INFO - Started process (PID=692) to work on /home/airflow/.local/lib/python3.7/site-packages/airflow/example_dags/example_latest_only.py
[2025-12-05T00:47:08.077+0000] {processor.py:758} INFO - Processing file /home/airflow/.local/lib/python3.7/site-packages/airflow/example_dags/example_latest_only.py for tasks to queue
[2025-12-05T00:47:08.077+0000] {logging_mixin.py:117} INFO - [2025-12-05T00:47:08.077+0000] {dagbag.py:525} INFO - Filling up the DagBag from /home/airflow/.local/lib/python3.7/site-packages/airflow/example_dags/example_latest_only.py
[2025-12-05T00:47:08.090+0000] {processor.py:768} INFO - DAG(s) dict_keys(['latest_only']) retrieved from /home/airflow/.local/lib/python3.7/site-packages/airflow/example_dags/example_latest_only.py
[2025-12-05T00:47:08.125+0000] {logging_mixin.py:117} INFO - [2025-12-05T00:47:08.125+0000] {dag.py:2573} INFO - Sync 1 DAGs
[2025-12-05T00:47:08.139+0000] {logging_mixin.py:117} INFO - [2025-12-05T00:47:08.139+0000] {dag.py:3328} INFO - Setting next_dagrun for latest_only to 2025-12-04T20:47:08.139309+00:00, run_after=2025-12-05T00:47:08.139309+00:00
[2025-12-05T00:47:08.150+0000] {processor.py:178} INFO - Processing /home/airflow/.local/lib/python3.7/site-packages/airflow/example_dags/example_latest_only.py took 0.078 seconds
[2025-12-05T00:47:38.290+0000] {processor.py:156} INFO - Started process (PID=893) to work on /home/airflow/.local/lib/python3.7/site-packages/airflow/example_dags/example_latest_only.py
[2025-12-05T00:47:38.294+0000] {processor.py:758} INFO - Processing file /home/airflow/.local/lib/python3.7/site-packages/airflow/example_dags/example_latest_only.py for tasks to queue
[2025-12-05T00:47:38.294+0000] {logging_mixin.py:117} INFO - [2025-12-05T00:47:38.294+0000] {dagbag.py:525} INFO - Filling up the DagBag from /home/airflow/.local/lib/python3.7/site-packages/airflow/example_dags/example_latest_only.py
[2025-12-05T00:47:38.301+0000] {processor.py:768} INFO - DAG(s) dict_keys(['latest_only']) retrieved from /home/airflow/.local/lib/python3.7/site-packages/airflow/example_dags/example_latest_only.py
[2025-12-05T00:47:38.321+0000] {logging_mixin.py:117} INFO - [2025-12-05T00:47:38.321+0000] {dag.py:2573} INFO - Sync 1 DAGs
[2025-12-05T00:47:38.335+0000] {logging_mixin.py:117} INFO - [2025-12-05T00:47:38.335+0000] {dag.py:3328} INFO - Setting next_dagrun for latest_only to 2025-12-04T20:47:38.335688+00:00, run_after=2025-12-05T00:47:38.335688+00:00
[2025-12-05T00:47:38.348+0000] {processor.py:178} INFO - Processing /home/airflow/.local/lib/python3.7/site-packages/airflow/example_dags/example_latest_only.py took 0.059 seconds
[2025-12-05T00:48:09.062+0000] {processor.py:156} INFO - Started process (PID=1094) to work on /home/airflow/.local/lib/python3.7/site-packages/airflow/example_dags/example_latest_only.py
[2025-12-05T00:48:09.063+0000] {processor.py:758} INFO - Processing file /home/airflow/.local/lib/python3.7/site-packages/airflow/example_dags/example_latest_only.py for tasks to queue
[2025-12-05T00:48:09.063+0000] {logging_mixin.py:117} INFO - [2025-12-05T00:48:09.063+0000] {dagbag.py:525} INFO - Filling up the DagBag from /home/airflow/.local/lib/python3.7/site-packages/airflow/example_dags/example_latest_only.py
[2025-12-05T00:48:09.071+0000] {processor.py:768} INFO - DAG(s) dict_keys(['latest_only']) retrieved from /home/airflow/.local/lib/python3.7/site-packages/airflow/example_dags/example_latest_only.py
[2025-12-05T00:48:09.094+0000] {logging_mixin.py:117} INFO - [2025-12-05T00:48:09.094+0000] {dag.py:2573} INFO - Sync 1 DAGs
[2025-12-05T00:48:09.185+0000] {logging_mixin.py:117} INFO - [2025-12-05T00:48:09.185+0000] {dag.py:3328} INFO - Setting next_dagrun for latest_only to 2025-12-04T20:48:09.185633+00:00, run_after=2025-12-05T00:48:09.185633+00:00
[2025-12-05T00:48:09.203+0000] {processor.py:178} INFO - Processing /home/airflow/.local/lib/python3.7/site-packages/airflow/example_dags/example_latest_only.py took 0.142 seconds
[2025-12-05T00:48:41.170+0000] {processor.py:156} INFO - Started process (PID=1295) to work on /home/airflow/.local/lib/python3.7/site-packages/airflow/example_dags/example_latest_only.py
[2025-12-05T00:48:41.171+0000] {processor.py:758} INFO - Processing file /home/airflow/.local/lib/python3.7/site-packages/airflow/example_dags/example_latest_only.py for tasks to queue
[2025-12-05T00:48:41.172+0000] {logging_mixin.py:117} INFO - [2025-12-05T00:48:41.172+0000] {dagbag.py:525} INFO - Filling up the DagBag from /home/airflow/.local/lib/python3.7/site-packages/airflow/example_dags/example_latest_only.py
[2025-12-05T00:48:41.192+0000] {processor.py:768} INFO - DAG(s) dict_keys(['latest_only']) retrieved from /home/airflow/.local/lib/python3.7/site-packages/airflow/example_dags/example_latest_only.py
[2025-12-05T00:48:41.221+0000] {logging_mixin.py:117} INFO - [2025-12-05T00:48:41.221+0000] {dag.py:2573} INFO - Sync 1 DAGs
[2025-12-05T00:48:41.346+0000] {logging_mixin.py:117} INFO - [2025-12-05T00:48:41.346+0000] {dag.py:3328} INFO - Setting next_dagrun for latest_only to 2025-12-04T20:48:41.346273+00:00, run_after=2025-12-05T00:48:41.346273+00:00
[2025-12-05T00:48:41.360+0000] {processor.py:178} INFO - Processing /home/airflow/.local/lib/python3.7/site-packages/airflow/example_dags/example_latest_only.py took 0.195 seconds
[2025-12-05T00:49:12.062+0000] {processor.py:156} INFO - Started process (PID=1496) to work on /home/airflow/.local/lib/python3.7/site-packages/airflow/example_dags/example_latest_only.py
[2025-12-05T00:49:12.063+0000] {processor.py:758} INFO - Processing file /home/airflow/.local/lib/python3.7/site-packages/airflow/example_dags/example_latest_only.py for tasks to queue
[2025-12-05T00:49:12.063+0000] {logging_mixin.py:117} INFO - [2025-12-05T00:49:12.063+0000] {dagbag.py:525} INFO - Filling up the DagBag from /home/airflow/.local/lib/python3.7/site-packages/airflow/example_dags/example_latest_only.py
[2025-12-05T00:49:12.070+0000] {processor.py:768} INFO - DAG(s) dict_keys(['latest_only']) retrieved from /home/airflow/.local/lib/python3.7/site-packages/airflow/example_dags/example_latest_only.py
[2025-12-05T00:49:12.179+0000] {logging_mixin.py:117} INFO - [2025-12-05T00:49:12.179+0000] {dag.py:2573} INFO - Sync 1 DAGs
[2025-12-05T00:49:12.194+0000] {logging_mixin.py:117} INFO - [2025-12-05T00:49:12.193+0000] {dag.py:3328} INFO - Setting next_dagrun for latest_only to 2025-12-04T20:49:12.193781+00:00, run_after=2025-12-05T00:49:12.193781+00:00
[2025-12-05T00:49:12.204+0000] {processor.py:178} INFO - Processing /home/airflow/.local/lib/python3.7/site-packages/airflow/example_dags/example_latest_only.py took 0.144 seconds
[2025-12-05T00:49:42.550+0000] {processor.py:156} INFO - Started process (PID=1697) to work on /home/airflow/.local/lib/python3.7/site-packages/airflow/example_dags/example_latest_only.py
[2025-12-05T00:49:42.551+0000] {processor.py:758} INFO - Processing file /home/airflow/.local/lib/python3.7/site-packages/airflow/example_dags/example_latest_only.py for tasks to queue
[2025-12-05T00:49:42.552+0000] {logging_mixin.py:117} INFO - [2025-12-05T00:49:42.552+0000] {dagbag.py:525} INFO - Filling up the DagBag from /home/airflow/.local/lib/python3.7/site-packages/airflow/example_dags/example_latest_only.py
[2025-12-05T00:49:42.559+0000] {processor.py:768} INFO - DAG(s) dict_keys(['latest_only']) retrieved from /home/airflow/.local/lib/python3.7/site-packages/airflow/example_dags/example_latest_only.py
[2025-12-05T00:49:42.662+0000] {logging_mixin.py:117} INFO - [2025-12-05T00:49:42.661+0000] {dag.py:2573} INFO - Sync 1 DAGs
[2025-12-05T00:49:42.676+0000] {logging_mixin.py:117} INFO - [2025-12-05T00:49:42.676+0000] {dag.py:3328} INFO - Setting next_dagrun for latest_only to 2025-12-04T20:49:42.676723+00:00, run_after=2025-12-05T00:49:42.676723+00:00
[2025-12-05T00:49:42.691+0000] {processor.py:178} INFO - Processing /home/airflow/.local/lib/python3.7/site-packages/airflow/example_dags/example_latest_only.py took 0.143 seconds
[2025-12-05T00:50:13.508+0000] {processor.py:156} INFO - Started process (PID=1899) to work on /home/airflow/.local/lib/python3.7/site-packages/airflow/example_dags/example_latest_only.py
[2025-12-05T00:50:13.509+0000] {processor.py:758} INFO - Processing file /home/airflow/.local/lib/python3.7/site-packages/airflow/example_dags/example_latest_only.py for tasks to queue
[2025-12-05T00:50:13.510+0000] {logging_mixin.py:117} INFO - [2025-12-05T00:50:13.510+0000] {dagbag.py:525} INFO - Filling up the DagBag from /home/airflow/.local/lib/python3.7/site-packages/airflow/example_dags/example_latest_only.py
[2025-12-05T00:50:13.520+0000] {processor.py:768} INFO - DAG(s) dict_keys(['latest_only']) retrieved from /home/airflow/.local/lib/python3.7/site-packages/airflow/example_dags/example_latest_only.py
[2025-12-05T00:50:13.543+0000] {logging_mixin.py:117} INFO - [2025-12-05T00:50:13.543+0000] {dag.py:2573} INFO - Sync 1 DAGs
[2025-12-05T00:50:13.556+0000] {logging_mixin.py:117} INFO - [2025-12-05T00:50:13.556+0000] {dag.py:3328} INFO - Setting next_dagrun for latest_only to 2025-12-04T20:50:13.556234+00:00, run_after=2025-12-05T00:50:13.556234+00:00
[2025-12-05T00:50:13.645+0000] {processor.py:178} INFO - Processing /home/airflow/.local/lib/python3.7/site-packages/airflow/example_dags/example_latest_only.py took 0.139 seconds
[2025-12-05T00:50:44.045+0000] {processor.py:156} INFO - Started process (PID=2100) to work on /home/airflow/.local/lib/python3.7/site-packages/airflow/example_dags/example_latest_only.py
[2025-12-05T00:50:44.045+0000] {processor.py:758} INFO - Processing file /home/airflow/.local/lib/python3.7/site-packages/airflow/example_dags/example_latest_only.py for tasks to queue
[2025-12-05T00:50:44.046+0000] {logging_mixin.py:117} INFO - [2025-12-05T00:50:44.046+0000] {dagbag.py:525} INFO - Filling up the DagBag from /home/airflow/.local/lib/python3.7/site-packages/airflow/example_dags/example_latest_only.py
[2025-12-05T00:50:44.052+0000] {processor.py:768} INFO - DAG(s) dict_keys(['latest_only']) retrieved from /home/airflow/.local/lib/python3.7/site-packages/airflow/example_dags/example_latest_only.py
[2025-12-05T00:50:44.072+0000] {logging_mixin.py:117} INFO - [2025-12-05T00:50:44.072+0000] {dag.py:2573} INFO - Sync 1 DAGs
[2025-12-05T00:50:44.163+0000] {logging_mixin.py:117} INFO - [2025-12-05T00:50:44.163+0000] {dag.py:3328} INFO - Setting next_dagrun for latest_only to 2025-12-04T20:50:44.163064+00:00, run_after=2025-12-05T00:50:44.163064+00:00
[2025-12-05T00:50:44.244+0000] {processor.py:178} INFO - Processing /home/airflow/.local/lib/python3.7/site-packages/airflow/example_dags/example_latest_only.py took 0.201 seconds
[2025-12-05T00:51:14.823+0000] {processor.py:156} INFO - Started process (PID=2301) to work on /home/airflow/.local/lib/python3.7/site-packages/airflow/example_dags/example_latest_only.py
[2025-12-05T00:51:14.825+0000] {processor.py:758} INFO - Processing file /home/airflow/.local/lib/python3.7/site-packages/airflow/example_dags/example_latest_only.py for tasks to queue
[2025-12-05T00:51:14.825+0000] {logging_mixin.py:117} INFO - [2025-12-05T00:51:14.825+0000] {dagbag.py:525} INFO - Filling up the DagBag from /home/airflow/.local/lib/python3.7/site-packages/airflow/example_dags/example_latest_only.py
[2025-12-05T00:51:14.832+0000] {processor.py:768} INFO - DAG(s) dict_keys(['latest_only']) retrieved from /home/airflow/.local/lib/python3.7/site-packages/airflow/example_dags/example_latest_only.py
[2025-12-05T00:51:14.937+0000] {logging_mixin.py:117} INFO - [2025-12-05T00:51:14.937+0000] {dag.py:2573} INFO - Sync 1 DAGs
[2025-12-05T00:51:14.948+0000] {logging_mixin.py:117} INFO - [2025-12-05T00:51:14.948+0000] {dag.py:3328} INFO - Setting next_dagrun for latest_only to 2025-12-04T20:51:14.947947+00:00, run_after=2025-12-05T00:51:14.947947+00:00
[2025-12-05T00:51:14.965+0000] {processor.py:178} INFO - Processing /home/airflow/.local/lib/python3.7/site-packages/airflow/example_dags/example_latest_only.py took 0.143 seconds
[2025-12-05T00:51:45.747+0000] {processor.py:156} INFO - Started process (PID=2502) to work on /home/airflow/.local/lib/python3.7/site-packages/airflow/example_dags/example_latest_only.py
[2025-12-05T00:51:45.750+0000] {processor.py:758} INFO - Processing file /home/airflow/.local/lib/python3.7/site-packages/airflow/example_dags/example_latest_only.py for tasks to queue
[2025-12-05T00:51:45.750+0000] {logging_mixin.py:117} INFO - [2025-12-05T00:51:45.750+0000] {dagbag.py:525} INFO - Filling up the DagBag from /home/airflow/.local/lib/python3.7/site-packages/airflow/example_dags/example_latest_only.py
[2025-12-05T00:51:45.877+0000] {processor.py:768} INFO - DAG(s) dict_keys(['latest_only']) retrieved from /home/airflow/.local/lib/python3.7/site-packages/airflow/example_dags/example_latest_only.py
[2025-12-05T00:51:45.898+0000] {logging_mixin.py:117} INFO - [2025-12-05T00:51:45.898+0000] {dag.py:2573} INFO - Sync 1 DAGs
[2025-12-05T00:51:45.908+0000] {logging_mixin.py:117} INFO - [2025-12-05T00:51:45.908+0000] {dag.py:3328} INFO - Setting next_dagrun for latest_only to 2025-12-04T20:51:45.908584+00:00, run_after=2025-12-05T00:51:45.908584+00:00
[2025-12-05T00:51:45.918+0000] {processor.py:178} INFO - Processing /home/airflow/.local/lib/python3.7/site-packages/airflow/example_dags/example_latest_only.py took 0.175 seconds
[2025-12-05T00:52:16.251+0000] {processor.py:156} INFO - Started process (PID=2703) to work on /home/airflow/.local/lib/python3.7/site-packages/airflow/example_dags/example_latest_only.py
[2025-12-05T00:52:16.252+0000] {processor.py:758} INFO - Processing file /home/airflow/.local/lib/python3.7/site-packages/airflow/example_dags/example_latest_only.py for tasks to queue
[2025-12-05T00:52:16.252+0000] {logging_mixin.py:117} INFO - [2025-12-05T00:52:16.252+0000] {dagbag.py:525} INFO - Filling up the DagBag from /home/airflow/.local/lib/python3.7/site-packages/airflow/example_dags/example_latest_only.py
[2025-12-05T00:52:16.259+0000] {processor.py:768} INFO - DAG(s) dict_keys(['latest_only']) retrieved from /home/airflow/.local/lib/python3.7/site-packages/airflow/example_dags/example_latest_only.py
[2025-12-05T00:52:16.282+0000] {logging_mixin.py:117} INFO - [2025-12-05T00:52:16.282+0000] {dag.py:2573} INFO - Sync 1 DAGs
[2025-12-05T00:52:16.386+0000] {logging_mixin.py:117} INFO - [2025-12-05T00:52:16.386+0000] {dag.py:3328} INFO - Setting next_dagrun for latest_only to 2025-12-04T20:52:16.386362+00:00, run_after=2025-12-05T00:52:16.386362+00:00
[2025-12-05T00:52:16.396+0000] {processor.py:178} INFO - Processing /home/airflow/.local/lib/python3.7/site-packages/airflow/example_dags/example_latest_only.py took 0.147 seconds
[2025-12-05T00:52:46.804+0000] {processor.py:156} INFO - Started process (PID=2904) to work on /home/airflow/.local/lib/python3.7/site-packages/airflow/example_dags/example_latest_only.py
[2025-12-05T00:52:46.805+0000] {processor.py:758} INFO - Processing file /home/airflow/.local/lib/python3.7/site-packages/airflow/example_dags/example_latest_only.py for tasks to queue
[2025-12-05T00:52:46.805+0000] {logging_mixin.py:117} INFO - [2025-12-05T00:52:46.805+0000] {dagbag.py:525} INFO - Filling up the DagBag from /home/airflow/.local/lib/python3.7/site-packages/airflow/example_dags/example_latest_only.py
[2025-12-05T00:52:46.813+0000] {processor.py:768} INFO - DAG(s) dict_keys(['latest_only']) retrieved from /home/airflow/.local/lib/python3.7/site-packages/airflow/example_dags/example_latest_only.py
[2025-12-05T00:52:46.832+0000] {logging_mixin.py:117} INFO - [2025-12-05T00:52:46.832+0000] {dag.py:2573} INFO - Sync 1 DAGs
[2025-12-05T00:52:46.921+0000] {logging_mixin.py:117} INFO - [2025-12-05T00:52:46.921+0000] {dag.py:3328} INFO - Setting next_dagrun for latest_only to 2025-12-04T20:52:46.921274+00:00, run_after=2025-12-05T00:52:46.921274+00:00
[2025-12-05T00:52:46.929+0000] {processor.py:178} INFO - Processing /home/airflow/.local/lib/python3.7/site-packages/airflow/example_dags/example_latest_only.py took 0.127 seconds
[2025-12-05T00:53:17.366+0000] {processor.py:156} INFO - Started process (PID=3105) to work on /home/airflow/.local/lib/python3.7/site-packages/airflow/example_dags/example_latest_only.py
[2025-12-05T00:53:17.367+0000] {processor.py:758} INFO - Processing file /home/airflow/.local/lib/python3.7/site-packages/airflow/example_dags/example_latest_only.py for tasks to queue
[2025-12-05T00:53:17.367+0000] {logging_mixin.py:117} INFO - [2025-12-05T00:53:17.367+0000] {dagbag.py:525} INFO - Filling up the DagBag from /home/airflow/.local/lib/python3.7/site-packages/airflow/example_dags/example_latest_only.py
[2025-12-05T00:53:17.376+0000] {processor.py:768} INFO - DAG(s) dict_keys(['latest_only']) retrieved from /home/airflow/.local/lib/python3.7/site-packages/airflow/example_dags/example_latest_only.py
[2025-12-05T00:53:17.489+0000] {logging_mixin.py:117} INFO - [2025-12-05T00:53:17.489+0000] {dag.py:2573} INFO - Sync 1 DAGs
[2025-12-05T00:53:17.499+0000] {logging_mixin.py:117} INFO - [2025-12-05T00:53:17.499+0000] {dag.py:3328} INFO - Setting next_dagrun for latest_only to 2025-12-04T20:53:17.499287+00:00, run_after=2025-12-05T00:53:17.499287+00:00
[2025-12-05T00:53:17.508+0000] {processor.py:178} INFO - Processing /home/airflow/.local/lib/python3.7/site-packages/airflow/example_dags/example_latest_only.py took 0.144 seconds
[2025-12-05T00:53:48.246+0000] {processor.py:156} INFO - Started process (PID=3306) to work on /home/airflow/.local/lib/python3.7/site-packages/airflow/example_dags/example_latest_only.py
[2025-12-05T00:53:48.246+0000] {processor.py:758} INFO - Processing file /home/airflow/.local/lib/python3.7/site-packages/airflow/example_dags/example_latest_only.py for tasks to queue
[2025-12-05T00:53:48.247+0000] {logging_mixin.py:117} INFO - [2025-12-05T00:53:48.247+0000] {dagbag.py:525} INFO - Filling up the DagBag from /home/airflow/.local/lib/python3.7/site-packages/airflow/example_dags/example_latest_only.py
[2025-12-05T00:53:48.258+0000] {processor.py:768} INFO - DAG(s) dict_keys(['latest_only']) retrieved from /home/airflow/.local/lib/python3.7/site-packages/airflow/example_dags/example_latest_only.py
[2025-12-05T00:53:48.398+0000] {logging_mixin.py:117} INFO - [2025-12-05T00:53:48.398+0000] {dag.py:2573} INFO - Sync 1 DAGs
[2025-12-05T00:53:48.412+0000] {logging_mixin.py:117} INFO - [2025-12-05T00:53:48.412+0000] {dag.py:3328} INFO - Setting next_dagrun for latest_only to 2025-12-04T20:53:48.412398+00:00, run_after=2025-12-05T00:53:48.412398+00:00
[2025-12-05T00:53:48.422+0000] {processor.py:178} INFO - Processing /home/airflow/.local/lib/python3.7/site-packages/airflow/example_dags/example_latest_only.py took 0.179 seconds
[2025-12-05T00:54:18.939+0000] {processor.py:156} INFO - Started process (PID=3507) to work on /home/airflow/.local/lib/python3.7/site-packages/airflow/example_dags/example_latest_only.py
[2025-12-05T00:54:18.939+0000] {processor.py:758} INFO - Processing file /home/airflow/.local/lib/python3.7/site-packages/airflow/example_dags/example_latest_only.py for tasks to queue
[2025-12-05T00:54:18.940+0000] {logging_mixin.py:117} INFO - [2025-12-05T00:54:18.940+0000] {dagbag.py:525} INFO - Filling up the DagBag from /home/airflow/.local/lib/python3.7/site-packages/airflow/example_dags/example_latest_only.py
[2025-12-05T00:54:18.947+0000] {processor.py:768} INFO - DAG(s) dict_keys(['latest_only']) retrieved from /home/airflow/.local/lib/python3.7/site-packages/airflow/example_dags/example_latest_only.py
[2025-12-05T00:54:18.969+0000] {logging_mixin.py:117} INFO - [2025-12-05T00:54:18.969+0000] {dag.py:2573} INFO - Sync 1 DAGs
[2025-12-05T00:54:19.063+0000] {logging_mixin.py:117} INFO - [2025-12-05T00:54:19.063+0000] {dag.py:3328} INFO - Setting next_dagrun for latest_only to 2025-12-04T20:54:19.063294+00:00, run_after=2025-12-05T00:54:19.063294+00:00
[2025-12-05T00:54:19.072+0000] {processor.py:178} INFO - Processing /home/airflow/.local/lib/python3.7/site-packages/airflow/example_dags/example_latest_only.py took 0.135 seconds
[2025-12-05T00:54:49.734+0000] {processor.py:156} INFO - Started process (PID=3708) to work on /home/airflow/.local/lib/python3.7/site-packages/airflow/example_dags/example_latest_only.py
[2025-12-05T00:54:49.735+0000] {processor.py:758} INFO - Processing file /home/airflow/.local/lib/python3.7/site-packages/airflow/example_dags/example_latest_only.py for tasks to queue
[2025-12-05T00:54:49.735+0000] {logging_mixin.py:117} INFO - [2025-12-05T00:54:49.735+0000] {dagbag.py:525} INFO - Filling up the DagBag from /home/airflow/.local/lib/python3.7/site-packages/airflow/example_dags/example_latest_only.py
[2025-12-05T00:54:49.742+0000] {processor.py:768} INFO - DAG(s) dict_keys(['latest_only']) retrieved from /home/airflow/.local/lib/python3.7/site-packages/airflow/example_dags/example_latest_only.py
[2025-12-05T00:54:49.762+0000] {logging_mixin.py:117} INFO - [2025-12-05T00:54:49.762+0000] {dag.py:2573} INFO - Sync 1 DAGs
[2025-12-05T00:54:49.857+0000] {logging_mixin.py:117} INFO - [2025-12-05T00:54:49.857+0000] {dag.py:3328} INFO - Setting next_dagrun for latest_only to 2025-12-04T20:54:49.857036+00:00, run_after=2025-12-05T00:54:49.857036+00:00
[2025-12-05T00:54:49.866+0000] {processor.py:178} INFO - Processing /home/airflow/.local/lib/python3.7/site-packages/airflow/example_dags/example_latest_only.py took 0.135 seconds
[2025-12-05T00:55:20.240+0000] {processor.py:156} INFO - Started process (PID=3908) to work on /home/airflow/.local/lib/python3.7/site-packages/airflow/example_dags/example_latest_only.py
[2025-12-05T00:55:20.241+0000] {processor.py:758} INFO - Processing file /home/airflow/.local/lib/python3.7/site-packages/airflow/example_dags/example_latest_only.py for tasks to queue
[2025-12-05T00:55:20.241+0000] {logging_mixin.py:117} INFO - [2025-12-05T00:55:20.241+0000] {dagbag.py:525} INFO - Filling up the DagBag from /home/airflow/.local/lib/python3.7/site-packages/airflow/example_dags/example_latest_only.py
[2025-12-05T00:55:20.252+0000] {processor.py:768} INFO - DAG(s) dict_keys(['latest_only']) retrieved from /home/airflow/.local/lib/python3.7/site-packages/airflow/example_dags/example_latest_only.py
[2025-12-05T00:55:20.377+0000] {logging_mixin.py:117} INFO - [2025-12-05T00:55:20.377+0000] {dag.py:2573} INFO - Sync 1 DAGs
[2025-12-05T00:55:20.389+0000] {logging_mixin.py:117} INFO - [2025-12-05T00:55:20.389+0000] {dag.py:3328} INFO - Setting next_dagrun for latest_only to 2025-12-04T20:55:20.389121+00:00, run_after=2025-12-05T00:55:20.389121+00:00
[2025-12-05T00:55:20.398+0000] {processor.py:178} INFO - Processing /home/airflow/.local/lib/python3.7/site-packages/airflow/example_dags/example_latest_only.py took 0.161 seconds
[2025-12-05T00:55:50.750+0000] {processor.py:156} INFO - Started process (PID=4109) to work on /home/airflow/.local/lib/python3.7/site-packages/airflow/example_dags/example_latest_only.py
[2025-12-05T00:55:50.751+0000] {processor.py:758} INFO - Processing file /home/airflow/.local/lib/python3.7/site-packages/airflow/example_dags/example_latest_only.py for tasks to queue
[2025-12-05T00:55:50.751+0000] {logging_mixin.py:117} INFO - [2025-12-05T00:55:50.751+0000] {dagbag.py:525} INFO - Filling up the DagBag from /home/airflow/.local/lib/python3.7/site-packages/airflow/example_dags/example_latest_only.py
[2025-12-05T00:55:50.758+0000] {processor.py:768} INFO - DAG(s) dict_keys(['latest_only']) retrieved from /home/airflow/.local/lib/python3.7/site-packages/airflow/example_dags/example_latest_only.py
[2025-12-05T00:55:50.862+0000] {logging_mixin.py:117} INFO - [2025-12-05T00:55:50.862+0000] {dag.py:2573} INFO - Sync 1 DAGs
[2025-12-05T00:55:50.873+0000] {logging_mixin.py:117} INFO - [2025-12-05T00:55:50.873+0000] {dag.py:3328} INFO - Setting next_dagrun for latest_only to 2025-12-04T20:55:50.872934+00:00, run_after=2025-12-05T00:55:50.872934+00:00
[2025-12-05T00:55:50.882+0000] {processor.py:178} INFO - Processing /home/airflow/.local/lib/python3.7/site-packages/airflow/example_dags/example_latest_only.py took 0.133 seconds
[2025-12-05T00:56:21.554+0000] {processor.py:156} INFO - Started process (PID=4309) to work on /home/airflow/.local/lib/python3.7/site-packages/airflow/example_dags/example_latest_only.py
[2025-12-05T00:56:21.554+0000] {processor.py:758} INFO - Processing file /home/airflow/.local/lib/python3.7/site-packages/airflow/example_dags/example_latest_only.py for tasks to queue
[2025-12-05T00:56:21.555+0000] {logging_mixin.py:117} INFO - [2025-12-05T00:56:21.555+0000] {dagbag.py:525} INFO - Filling up the DagBag from /home/airflow/.local/lib/python3.7/site-packages/airflow/example_dags/example_latest_only.py
[2025-12-05T00:56:21.561+0000] {processor.py:768} INFO - DAG(s) dict_keys(['latest_only']) retrieved from /home/airflow/.local/lib/python3.7/site-packages/airflow/example_dags/example_latest_only.py
[2025-12-05T00:56:21.584+0000] {logging_mixin.py:117} INFO - [2025-12-05T00:56:21.583+0000] {dag.py:2573} INFO - Sync 1 DAGs
[2025-12-05T00:56:21.597+0000] {logging_mixin.py:117} INFO - [2025-12-05T00:56:21.597+0000] {dag.py:3328} INFO - Setting next_dagrun for latest_only to 2025-12-04T20:56:21.597213+00:00, run_after=2025-12-05T00:56:21.597213+00:00
[2025-12-05T00:56:21.605+0000] {processor.py:178} INFO - Processing /home/airflow/.local/lib/python3.7/site-packages/airflow/example_dags/example_latest_only.py took 0.053 seconds
[2025-12-05T00:56:52.420+0000] {processor.py:156} INFO - Started process (PID=4510) to work on /home/airflow/.local/lib/python3.7/site-packages/airflow/example_dags/example_latest_only.py
[2025-12-05T00:56:52.422+0000] {processor.py:758} INFO - Processing file /home/airflow/.local/lib/python3.7/site-packages/airflow/example_dags/example_latest_only.py for tasks to queue
[2025-12-05T00:56:52.422+0000] {logging_mixin.py:117} INFO - [2025-12-05T00:56:52.422+0000] {dagbag.py:525} INFO - Filling up the DagBag from /home/airflow/.local/lib/python3.7/site-packages/airflow/example_dags/example_latest_only.py
[2025-12-05T00:56:52.429+0000] {processor.py:768} INFO - DAG(s) dict_keys(['latest_only']) retrieved from /home/airflow/.local/lib/python3.7/site-packages/airflow/example_dags/example_latest_only.py
[2025-12-05T00:56:52.454+0000] {logging_mixin.py:117} INFO - [2025-12-05T00:56:52.454+0000] {dag.py:2573} INFO - Sync 1 DAGs
[2025-12-05T00:56:52.466+0000] {logging_mixin.py:117} INFO - [2025-12-05T00:56:52.466+0000] {dag.py:3328} INFO - Setting next_dagrun for latest_only to 2025-12-04T20:56:52.466421+00:00, run_after=2025-12-05T00:56:52.466421+00:00
[2025-12-05T00:56:52.476+0000] {processor.py:178} INFO - Processing /home/airflow/.local/lib/python3.7/site-packages/airflow/example_dags/example_latest_only.py took 0.058 seconds
[2025-12-05T00:57:23.350+0000] {processor.py:156} INFO - Started process (PID=4717) to work on /home/airflow/.local/lib/python3.7/site-packages/airflow/example_dags/example_latest_only.py
[2025-12-05T00:57:23.351+0000] {processor.py:758} INFO - Processing file /home/airflow/.local/lib/python3.7/site-packages/airflow/example_dags/example_latest_only.py for tasks to queue
[2025-12-05T00:57:23.352+0000] {logging_mixin.py:117} INFO - [2025-12-05T00:57:23.352+0000] {dagbag.py:525} INFO - Filling up the DagBag from /home/airflow/.local/lib/python3.7/site-packages/airflow/example_dags/example_latest_only.py
[2025-12-05T00:57:23.359+0000] {processor.py:768} INFO - DAG(s) dict_keys(['latest_only']) retrieved from /home/airflow/.local/lib/python3.7/site-packages/airflow/example_dags/example_latest_only.py
[2025-12-05T00:57:23.378+0000] {logging_mixin.py:117} INFO - [2025-12-05T00:57:23.378+0000] {dag.py:2573} INFO - Sync 1 DAGs
[2025-12-05T00:57:23.389+0000] {logging_mixin.py:117} INFO - [2025-12-05T00:57:23.389+0000] {dag.py:3328} INFO - Setting next_dagrun for latest_only to 2025-12-04T20:57:23.389267+00:00, run_after=2025-12-05T00:57:23.389267+00:00
[2025-12-05T00:57:23.399+0000] {processor.py:178} INFO - Processing /home/airflow/.local/lib/python3.7/site-packages/airflow/example_dags/example_latest_only.py took 0.051 seconds
[2025-12-05T00:57:54.189+0000] {processor.py:156} INFO - Started process (PID=4918) to work on /home/airflow/.local/lib/python3.7/site-packages/airflow/example_dags/example_latest_only.py
[2025-12-05T00:57:54.190+0000] {processor.py:758} INFO - Processing file /home/airflow/.local/lib/python3.7/site-packages/airflow/example_dags/example_latest_only.py for tasks to queue
[2025-12-05T00:57:54.190+0000] {logging_mixin.py:117} INFO - [2025-12-05T00:57:54.190+0000] {dagbag.py:525} INFO - Filling up the DagBag from /home/airflow/.local/lib/python3.7/site-packages/airflow/example_dags/example_latest_only.py
[2025-12-05T00:57:54.199+0000] {processor.py:768} INFO - DAG(s) dict_keys(['latest_only']) retrieved from /home/airflow/.local/lib/python3.7/site-packages/airflow/example_dags/example_latest_only.py
[2025-12-05T00:57:54.226+0000] {logging_mixin.py:117} INFO - [2025-12-05T00:57:54.226+0000] {dag.py:2573} INFO - Sync 1 DAGs
[2025-12-05T00:57:54.243+0000] {logging_mixin.py:117} INFO - [2025-12-05T00:57:54.243+0000] {dag.py:3328} INFO - Setting next_dagrun for latest_only to 2025-12-04T20:57:54.243315+00:00, run_after=2025-12-05T00:57:54.243315+00:00
[2025-12-05T00:57:54.256+0000] {processor.py:178} INFO - Processing /home/airflow/.local/lib/python3.7/site-packages/airflow/example_dags/example_latest_only.py took 0.068 seconds
[2025-12-05T00:58:25.216+0000] {processor.py:156} INFO - Started process (PID=5119) to work on /home/airflow/.local/lib/python3.7/site-packages/airflow/example_dags/example_latest_only.py
[2025-12-05T00:58:25.217+0000] {processor.py:758} INFO - Processing file /home/airflow/.local/lib/python3.7/site-packages/airflow/example_dags/example_latest_only.py for tasks to queue
[2025-12-05T00:58:25.217+0000] {logging_mixin.py:117} INFO - [2025-12-05T00:58:25.217+0000] {dagbag.py:525} INFO - Filling up the DagBag from /home/airflow/.local/lib/python3.7/site-packages/airflow/example_dags/example_latest_only.py
[2025-12-05T00:58:25.229+0000] {processor.py:768} INFO - DAG(s) dict_keys(['latest_only']) retrieved from /home/airflow/.local/lib/python3.7/site-packages/airflow/example_dags/example_latest_only.py
[2025-12-05T00:58:25.276+0000] {logging_mixin.py:117} INFO - [2025-12-05T00:58:25.276+0000] {dag.py:2573} INFO - Sync 1 DAGs
[2025-12-05T00:58:25.294+0000] {logging_mixin.py:117} INFO - [2025-12-05T00:58:25.293+0000] {dag.py:3328} INFO - Setting next_dagrun for latest_only to 2025-12-04T20:58:25.292814+00:00, run_after=2025-12-05T00:58:25.292814+00:00
[2025-12-05T00:58:25.307+0000] {processor.py:178} INFO - Processing /home/airflow/.local/lib/python3.7/site-packages/airflow/example_dags/example_latest_only.py took 0.094 seconds
[2025-12-05T00:58:56.026+0000] {processor.py:156} INFO - Started process (PID=5319) to work on /home/airflow/.local/lib/python3.7/site-packages/airflow/example_dags/example_latest_only.py
[2025-12-05T00:58:56.027+0000] {processor.py:758} INFO - Processing file /home/airflow/.local/lib/python3.7/site-packages/airflow/example_dags/example_latest_only.py for tasks to queue
[2025-12-05T00:58:56.027+0000] {logging_mixin.py:117} INFO - [2025-12-05T00:58:56.027+0000] {dagbag.py:525} INFO - Filling up the DagBag from /home/airflow/.local/lib/python3.7/site-packages/airflow/example_dags/example_latest_only.py
[2025-12-05T00:58:56.034+0000] {processor.py:768} INFO - DAG(s) dict_keys(['latest_only']) retrieved from /home/airflow/.local/lib/python3.7/site-packages/airflow/example_dags/example_latest_only.py
[2025-12-05T00:58:56.055+0000] {logging_mixin.py:117} INFO - [2025-12-05T00:58:56.055+0000] {dag.py:2573} INFO - Sync 1 DAGs
[2025-12-05T00:58:56.066+0000] {logging_mixin.py:117} INFO - [2025-12-05T00:58:56.066+0000] {dag.py:3328} INFO - Setting next_dagrun for latest_only to 2025-12-04T20:58:56.066720+00:00, run_after=2025-12-05T00:58:56.066720+00:00
[2025-12-05T00:58:56.074+0000] {processor.py:178} INFO - Processing /home/airflow/.local/lib/python3.7/site-packages/airflow/example_dags/example_latest_only.py took 0.050 seconds
[2025-12-05T00:59:26.801+0000] {processor.py:156} INFO - Started process (PID=5520) to work on /home/airflow/.local/lib/python3.7/site-packages/airflow/example_dags/example_latest_only.py
[2025-12-05T00:59:26.802+0000] {processor.py:758} INFO - Processing file /home/airflow/.local/lib/python3.7/site-packages/airflow/example_dags/example_latest_only.py for tasks to queue
[2025-12-05T00:59:26.802+0000] {logging_mixin.py:117} INFO - [2025-12-05T00:59:26.802+0000] {dagbag.py:525} INFO - Filling up the DagBag from /home/airflow/.local/lib/python3.7/site-packages/airflow/example_dags/example_latest_only.py
[2025-12-05T00:59:26.811+0000] {processor.py:768} INFO - DAG(s) dict_keys(['latest_only']) retrieved from /home/airflow/.local/lib/python3.7/site-packages/airflow/example_dags/example_latest_only.py
[2025-12-05T00:59:26.832+0000] {logging_mixin.py:117} INFO - [2025-12-05T00:59:26.832+0000] {dag.py:2573} INFO - Sync 1 DAGs
[2025-12-05T00:59:26.846+0000] {logging_mixin.py:117} INFO - [2025-12-05T00:59:26.846+0000] {dag.py:3328} INFO - Setting next_dagrun for latest_only to 2025-12-04T20:59:26.846500+00:00, run_after=2025-12-05T00:59:26.846500+00:00
[2025-12-05T00:59:26.855+0000] {processor.py:178} INFO - Processing /home/airflow/.local/lib/python3.7/site-packages/airflow/example_dags/example_latest_only.py took 0.057 seconds
[2025-12-05T00:59:57.726+0000] {processor.py:156} INFO - Started process (PID=5721) to work on /home/airflow/.local/lib/python3.7/site-packages/airflow/example_dags/example_latest_only.py
[2025-12-05T00:59:57.726+0000] {processor.py:758} INFO - Processing file /home/airflow/.local/lib/python3.7/site-packages/airflow/example_dags/example_latest_only.py for tasks to queue
[2025-12-05T00:59:57.727+0000] {logging_mixin.py:117} INFO - [2025-12-05T00:59:57.727+0000] {dagbag.py:525} INFO - Filling up the DagBag from /home/airflow/.local/lib/python3.7/site-packages/airflow/example_dags/example_latest_only.py
[2025-12-05T00:59:57.734+0000] {processor.py:768} INFO - DAG(s) dict_keys(['latest_only']) retrieved from /home/airflow/.local/lib/python3.7/site-packages/airflow/example_dags/example_latest_only.py
[2025-12-05T00:59:57.752+0000] {logging_mixin.py:117} INFO - [2025-12-05T00:59:57.752+0000] {dag.py:2573} INFO - Sync 1 DAGs
[2025-12-05T00:59:57.766+0000] {logging_mixin.py:117} INFO - [2025-12-05T00:59:57.766+0000] {dag.py:3328} INFO - Setting next_dagrun for latest_only to 2025-12-04T20:59:57.766609+00:00, run_after=2025-12-05T00:59:57.766609+00:00
[2025-12-05T00:59:57.775+0000] {processor.py:178} INFO - Processing /home/airflow/.local/lib/python3.7/site-packages/airflow/example_dags/example_latest_only.py took 0.051 seconds
[2025-12-05T01:00:28.085+0000] {processor.py:156} INFO - Started process (PID=5924) to work on /home/airflow/.local/lib/python3.7/site-packages/airflow/example_dags/example_latest_only.py
[2025-12-05T01:00:28.086+0000] {processor.py:758} INFO - Processing file /home/airflow/.local/lib/python3.7/site-packages/airflow/example_dags/example_latest_only.py for tasks to queue
[2025-12-05T01:00:28.086+0000] {logging_mixin.py:117} INFO - [2025-12-05T01:00:28.086+0000] {dagbag.py:525} INFO - Filling up the DagBag from /home/airflow/.local/lib/python3.7/site-packages/airflow/example_dags/example_latest_only.py
[2025-12-05T01:00:28.092+0000] {processor.py:768} INFO - DAG(s) dict_keys(['latest_only']) retrieved from /home/airflow/.local/lib/python3.7/site-packages/airflow/example_dags/example_latest_only.py
[2025-12-05T01:00:28.109+0000] {logging_mixin.py:117} INFO - [2025-12-05T01:00:28.109+0000] {dag.py:2573} INFO - Sync 1 DAGs
[2025-12-05T01:00:28.119+0000] {logging_mixin.py:117} INFO - [2025-12-05T01:00:28.119+0000] {dag.py:3328} INFO - Setting next_dagrun for latest_only to 2025-12-04T21:00:28.119436+00:00, run_after=2025-12-05T01:00:28.119436+00:00
[2025-12-05T01:00:28.126+0000] {processor.py:178} INFO - Processing /home/airflow/.local/lib/python3.7/site-packages/airflow/example_dags/example_latest_only.py took 0.044 seconds
[2025-12-05T01:00:58.260+0000] {processor.py:156} INFO - Started process (PID=6122) to work on /home/airflow/.local/lib/python3.7/site-packages/airflow/example_dags/example_latest_only.py
[2025-12-05T01:00:58.260+0000] {processor.py:758} INFO - Processing file /home/airflow/.local/lib/python3.7/site-packages/airflow/example_dags/example_latest_only.py for tasks to queue
[2025-12-05T01:00:58.261+0000] {logging_mixin.py:117} INFO - [2025-12-05T01:00:58.261+0000] {dagbag.py:525} INFO - Filling up the DagBag from /home/airflow/.local/lib/python3.7/site-packages/airflow/example_dags/example_latest_only.py
[2025-12-05T01:00:58.271+0000] {processor.py:768} INFO - DAG(s) dict_keys(['latest_only']) retrieved from /home/airflow/.local/lib/python3.7/site-packages/airflow/example_dags/example_latest_only.py
[2025-12-05T01:00:58.305+0000] {logging_mixin.py:117} INFO - [2025-12-05T01:00:58.305+0000] {dag.py:2573} INFO - Sync 1 DAGs
[2025-12-05T01:00:58.321+0000] {logging_mixin.py:117} INFO - [2025-12-05T01:00:58.321+0000] {dag.py:3328} INFO - Setting next_dagrun for latest_only to 2025-12-04T21:00:58.321469+00:00, run_after=2025-12-05T01:00:58.321469+00:00
[2025-12-05T01:00:58.330+0000] {processor.py:178} INFO - Processing /home/airflow/.local/lib/python3.7/site-packages/airflow/example_dags/example_latest_only.py took 0.074 seconds
[2025-12-05T01:01:29.705+0000] {processor.py:156} INFO - Started process (PID=6322) to work on /home/airflow/.local/lib/python3.7/site-packages/airflow/example_dags/example_latest_only.py
[2025-12-05T01:01:29.707+0000] {processor.py:758} INFO - Processing file /home/airflow/.local/lib/python3.7/site-packages/airflow/example_dags/example_latest_only.py for tasks to queue
[2025-12-05T01:01:29.708+0000] {logging_mixin.py:117} INFO - [2025-12-05T01:01:29.708+0000] {dagbag.py:525} INFO - Filling up the DagBag from /home/airflow/.local/lib/python3.7/site-packages/airflow/example_dags/example_latest_only.py
[2025-12-05T01:01:29.744+0000] {processor.py:768} INFO - DAG(s) dict_keys(['latest_only']) retrieved from /home/airflow/.local/lib/python3.7/site-packages/airflow/example_dags/example_latest_only.py
[2025-12-05T01:01:29.789+0000] {logging_mixin.py:117} INFO - [2025-12-05T01:01:29.788+0000] {dag.py:2573} INFO - Sync 1 DAGs
[2025-12-05T01:01:29.809+0000] {logging_mixin.py:117} INFO - [2025-12-05T01:01:29.809+0000] {dag.py:3328} INFO - Setting next_dagrun for latest_only to 2025-12-04T21:01:29.809068+00:00, run_after=2025-12-05T01:01:29.809068+00:00
[2025-12-05T01:01:29.820+0000] {processor.py:178} INFO - Processing /home/airflow/.local/lib/python3.7/site-packages/airflow/example_dags/example_latest_only.py took 0.120 seconds
[2025-12-05T01:02:00.681+0000] {processor.py:156} INFO - Started process (PID=6523) to work on /home/airflow/.local/lib/python3.7/site-packages/airflow/example_dags/example_latest_only.py
[2025-12-05T01:02:00.684+0000] {processor.py:758} INFO - Processing file /home/airflow/.local/lib/python3.7/site-packages/airflow/example_dags/example_latest_only.py for tasks to queue
[2025-12-05T01:02:00.685+0000] {logging_mixin.py:117} INFO - [2025-12-05T01:02:00.685+0000] {dagbag.py:525} INFO - Filling up the DagBag from /home/airflow/.local/lib/python3.7/site-packages/airflow/example_dags/example_latest_only.py
[2025-12-05T01:02:00.698+0000] {processor.py:768} INFO - DAG(s) dict_keys(['latest_only']) retrieved from /home/airflow/.local/lib/python3.7/site-packages/airflow/example_dags/example_latest_only.py
[2025-12-05T01:02:00.723+0000] {logging_mixin.py:117} INFO - [2025-12-05T01:02:00.723+0000] {dag.py:2573} INFO - Sync 1 DAGs
[2025-12-05T01:02:00.738+0000] {logging_mixin.py:117} INFO - [2025-12-05T01:02:00.738+0000] {dag.py:3328} INFO - Setting next_dagrun for latest_only to 2025-12-04T21:02:00.738660+00:00, run_after=2025-12-05T01:02:00.738660+00:00
[2025-12-05T01:02:00.747+0000] {processor.py:178} INFO - Processing /home/airflow/.local/lib/python3.7/site-packages/airflow/example_dags/example_latest_only.py took 0.069 seconds
[2025-12-05T01:02:31.600+0000] {processor.py:156} INFO - Started process (PID=6724) to work on /home/airflow/.local/lib/python3.7/site-packages/airflow/example_dags/example_latest_only.py
[2025-12-05T01:02:31.601+0000] {processor.py:758} INFO - Processing file /home/airflow/.local/lib/python3.7/site-packages/airflow/example_dags/example_latest_only.py for tasks to queue
[2025-12-05T01:02:31.601+0000] {logging_mixin.py:117} INFO - [2025-12-05T01:02:31.601+0000] {dagbag.py:525} INFO - Filling up the DagBag from /home/airflow/.local/lib/python3.7/site-packages/airflow/example_dags/example_latest_only.py
[2025-12-05T01:02:31.614+0000] {processor.py:768} INFO - DAG(s) dict_keys(['latest_only']) retrieved from /home/airflow/.local/lib/python3.7/site-packages/airflow/example_dags/example_latest_only.py
[2025-12-05T01:02:31.680+0000] {logging_mixin.py:117} INFO - [2025-12-05T01:02:31.680+0000] {dag.py:2573} INFO - Sync 1 DAGs
[2025-12-05T01:02:31.709+0000] {logging_mixin.py:117} INFO - [2025-12-05T01:02:31.709+0000] {dag.py:3328} INFO - Setting next_dagrun for latest_only to 2025-12-04T21:02:31.709013+00:00, run_after=2025-12-05T01:02:31.709013+00:00
[2025-12-05T01:02:31.733+0000] {processor.py:178} INFO - Processing /home/airflow/.local/lib/python3.7/site-packages/airflow/example_dags/example_latest_only.py took 0.135 seconds
[2025-12-05T01:03:01.771+0000] {processor.py:156} INFO - Started process (PID=6922) to work on /home/airflow/.local/lib/python3.7/site-packages/airflow/example_dags/example_latest_only.py
[2025-12-05T01:03:01.772+0000] {processor.py:758} INFO - Processing file /home/airflow/.local/lib/python3.7/site-packages/airflow/example_dags/example_latest_only.py for tasks to queue
[2025-12-05T01:03:01.773+0000] {logging_mixin.py:117} INFO - [2025-12-05T01:03:01.773+0000] {dagbag.py:525} INFO - Filling up the DagBag from /home/airflow/.local/lib/python3.7/site-packages/airflow/example_dags/example_latest_only.py
[2025-12-05T01:03:01.785+0000] {processor.py:768} INFO - DAG(s) dict_keys(['latest_only']) retrieved from /home/airflow/.local/lib/python3.7/site-packages/airflow/example_dags/example_latest_only.py
[2025-12-05T01:03:01.811+0000] {logging_mixin.py:117} INFO - [2025-12-05T01:03:01.811+0000] {dag.py:2573} INFO - Sync 1 DAGs
[2025-12-05T01:03:01.823+0000] {logging_mixin.py:117} INFO - [2025-12-05T01:03:01.823+0000] {dag.py:3328} INFO - Setting next_dagrun for latest_only to 2025-12-04T21:03:01.823382+00:00, run_after=2025-12-05T01:03:01.823382+00:00
[2025-12-05T01:03:01.831+0000] {processor.py:178} INFO - Processing /home/airflow/.local/lib/python3.7/site-packages/airflow/example_dags/example_latest_only.py took 0.064 seconds
[2025-12-05T01:03:32.709+0000] {processor.py:156} INFO - Started process (PID=7123) to work on /home/airflow/.local/lib/python3.7/site-packages/airflow/example_dags/example_latest_only.py
[2025-12-05T01:03:32.711+0000] {processor.py:758} INFO - Processing file /home/airflow/.local/lib/python3.7/site-packages/airflow/example_dags/example_latest_only.py for tasks to queue
[2025-12-05T01:03:32.711+0000] {logging_mixin.py:117} INFO - [2025-12-05T01:03:32.711+0000] {dagbag.py:525} INFO - Filling up the DagBag from /home/airflow/.local/lib/python3.7/site-packages/airflow/example_dags/example_latest_only.py
[2025-12-05T01:03:32.723+0000] {processor.py:768} INFO - DAG(s) dict_keys(['latest_only']) retrieved from /home/airflow/.local/lib/python3.7/site-packages/airflow/example_dags/example_latest_only.py
[2025-12-05T01:03:32.745+0000] {logging_mixin.py:117} INFO - [2025-12-05T01:03:32.745+0000] {dag.py:2573} INFO - Sync 1 DAGs
[2025-12-05T01:03:32.757+0000] {logging_mixin.py:117} INFO - [2025-12-05T01:03:32.757+0000] {dag.py:3328} INFO - Setting next_dagrun for latest_only to 2025-12-04T21:03:32.757625+00:00, run_after=2025-12-05T01:03:32.757625+00:00
[2025-12-05T01:03:32.766+0000] {processor.py:178} INFO - Processing /home/airflow/.local/lib/python3.7/site-packages/airflow/example_dags/example_latest_only.py took 0.061 seconds
[2025-12-05T01:04:03.595+0000] {processor.py:156} INFO - Started process (PID=7323) to work on /home/airflow/.local/lib/python3.7/site-packages/airflow/example_dags/example_latest_only.py
[2025-12-05T01:04:03.597+0000] {processor.py:758} INFO - Processing file /home/airflow/.local/lib/python3.7/site-packages/airflow/example_dags/example_latest_only.py for tasks to queue
[2025-12-05T01:04:03.597+0000] {logging_mixin.py:117} INFO - [2025-12-05T01:04:03.597+0000] {dagbag.py:525} INFO - Filling up the DagBag from /home/airflow/.local/lib/python3.7/site-packages/airflow/example_dags/example_latest_only.py
[2025-12-05T01:04:03.611+0000] {processor.py:768} INFO - DAG(s) dict_keys(['latest_only']) retrieved from /home/airflow/.local/lib/python3.7/site-packages/airflow/example_dags/example_latest_only.py
[2025-12-05T01:04:03.633+0000] {logging_mixin.py:117} INFO - [2025-12-05T01:04:03.633+0000] {dag.py:2573} INFO - Sync 1 DAGs
[2025-12-05T01:04:03.645+0000] {logging_mixin.py:117} INFO - [2025-12-05T01:04:03.645+0000] {dag.py:3328} INFO - Setting next_dagrun for latest_only to 2025-12-04T21:04:03.645238+00:00, run_after=2025-12-05T01:04:03.645238+00:00
[2025-12-05T01:04:03.652+0000] {processor.py:178} INFO - Processing /home/airflow/.local/lib/python3.7/site-packages/airflow/example_dags/example_latest_only.py took 0.061 seconds
[2025-12-05T01:04:34.325+0000] {processor.py:156} INFO - Started process (PID=7524) to work on /home/airflow/.local/lib/python3.7/site-packages/airflow/example_dags/example_latest_only.py
[2025-12-05T01:04:34.326+0000] {processor.py:758} INFO - Processing file /home/airflow/.local/lib/python3.7/site-packages/airflow/example_dags/example_latest_only.py for tasks to queue
[2025-12-05T01:04:34.326+0000] {logging_mixin.py:117} INFO - [2025-12-05T01:04:34.326+0000] {dagbag.py:525} INFO - Filling up the DagBag from /home/airflow/.local/lib/python3.7/site-packages/airflow/example_dags/example_latest_only.py
[2025-12-05T01:04:34.334+0000] {processor.py:768} INFO - DAG(s) dict_keys(['latest_only']) retrieved from /home/airflow/.local/lib/python3.7/site-packages/airflow/example_dags/example_latest_only.py
[2025-12-05T01:04:34.354+0000] {logging_mixin.py:117} INFO - [2025-12-05T01:04:34.354+0000] {dag.py:2573} INFO - Sync 1 DAGs
[2025-12-05T01:04:34.364+0000] {logging_mixin.py:117} INFO - [2025-12-05T01:04:34.364+0000] {dag.py:3328} INFO - Setting next_dagrun for latest_only to 2025-12-04T21:04:34.364632+00:00, run_after=2025-12-05T01:04:34.364632+00:00
[2025-12-05T01:04:34.372+0000] {processor.py:178} INFO - Processing /home/airflow/.local/lib/python3.7/site-packages/airflow/example_dags/example_latest_only.py took 0.050 seconds
[2025-12-05T01:05:05.062+0000] {processor.py:156} INFO - Started process (PID=7725) to work on /home/airflow/.local/lib/python3.7/site-packages/airflow/example_dags/example_latest_only.py
[2025-12-05T01:05:05.063+0000] {processor.py:758} INFO - Processing file /home/airflow/.local/lib/python3.7/site-packages/airflow/example_dags/example_latest_only.py for tasks to queue
[2025-12-05T01:05:05.065+0000] {logging_mixin.py:117} INFO - [2025-12-05T01:05:05.065+0000] {dagbag.py:525} INFO - Filling up the DagBag from /home/airflow/.local/lib/python3.7/site-packages/airflow/example_dags/example_latest_only.py
[2025-12-05T01:05:05.076+0000] {processor.py:768} INFO - DAG(s) dict_keys(['latest_only']) retrieved from /home/airflow/.local/lib/python3.7/site-packages/airflow/example_dags/example_latest_only.py
[2025-12-05T01:05:05.098+0000] {logging_mixin.py:117} INFO - [2025-12-05T01:05:05.098+0000] {dag.py:2573} INFO - Sync 1 DAGs
[2025-12-05T01:05:05.110+0000] {logging_mixin.py:117} INFO - [2025-12-05T01:05:05.110+0000] {dag.py:3328} INFO - Setting next_dagrun for latest_only to 2025-12-04T21:05:05.109959+00:00, run_after=2025-12-05T01:05:05.109959+00:00
[2025-12-05T01:05:05.117+0000] {processor.py:178} INFO - Processing /home/airflow/.local/lib/python3.7/site-packages/airflow/example_dags/example_latest_only.py took 0.062 seconds
[2025-12-05T01:05:35.927+0000] {processor.py:156} INFO - Started process (PID=7926) to work on /home/airflow/.local/lib/python3.7/site-packages/airflow/example_dags/example_latest_only.py
[2025-12-05T01:05:35.928+0000] {processor.py:758} INFO - Processing file /home/airflow/.local/lib/python3.7/site-packages/airflow/example_dags/example_latest_only.py for tasks to queue
[2025-12-05T01:05:35.929+0000] {logging_mixin.py:117} INFO - [2025-12-05T01:05:35.929+0000] {dagbag.py:525} INFO - Filling up the DagBag from /home/airflow/.local/lib/python3.7/site-packages/airflow/example_dags/example_latest_only.py
[2025-12-05T01:05:35.976+0000] {processor.py:768} INFO - DAG(s) dict_keys(['latest_only']) retrieved from /home/airflow/.local/lib/python3.7/site-packages/airflow/example_dags/example_latest_only.py
[2025-12-05T01:05:36.008+0000] {logging_mixin.py:117} INFO - [2025-12-05T01:05:36.008+0000] {dag.py:2573} INFO - Sync 1 DAGs
[2025-12-05T01:05:36.022+0000] {logging_mixin.py:117} INFO - [2025-12-05T01:05:36.022+0000] {dag.py:3328} INFO - Setting next_dagrun for latest_only to 2025-12-04T21:05:36.022587+00:00, run_after=2025-12-05T01:05:36.022587+00:00
[2025-12-05T01:05:36.032+0000] {processor.py:178} INFO - Processing /home/airflow/.local/lib/python3.7/site-packages/airflow/example_dags/example_latest_only.py took 0.108 seconds
[2025-12-05T01:06:06.922+0000] {processor.py:156} INFO - Started process (PID=8127) to work on /home/airflow/.local/lib/python3.7/site-packages/airflow/example_dags/example_latest_only.py
[2025-12-05T01:06:06.924+0000] {processor.py:758} INFO - Processing file /home/airflow/.local/lib/python3.7/site-packages/airflow/example_dags/example_latest_only.py for tasks to queue
[2025-12-05T01:06:06.925+0000] {logging_mixin.py:117} INFO - [2025-12-05T01:06:06.925+0000] {dagbag.py:525} INFO - Filling up the DagBag from /home/airflow/.local/lib/python3.7/site-packages/airflow/example_dags/example_latest_only.py
[2025-12-05T01:06:06.936+0000] {processor.py:768} INFO - DAG(s) dict_keys(['latest_only']) retrieved from /home/airflow/.local/lib/python3.7/site-packages/airflow/example_dags/example_latest_only.py
[2025-12-05T01:06:06.957+0000] {logging_mixin.py:117} INFO - [2025-12-05T01:06:06.957+0000] {dag.py:2573} INFO - Sync 1 DAGs
[2025-12-05T01:06:06.969+0000] {logging_mixin.py:117} INFO - [2025-12-05T01:06:06.969+0000] {dag.py:3328} INFO - Setting next_dagrun for latest_only to 2025-12-04T21:06:06.969332+00:00, run_after=2025-12-05T01:06:06.969332+00:00
[2025-12-05T01:06:06.976+0000] {processor.py:178} INFO - Processing /home/airflow/.local/lib/python3.7/site-packages/airflow/example_dags/example_latest_only.py took 0.058 seconds
[2025-12-05T01:06:37.233+0000] {processor.py:156} INFO - Started process (PID=8328) to work on /home/airflow/.local/lib/python3.7/site-packages/airflow/example_dags/example_latest_only.py
[2025-12-05T01:06:37.235+0000] {processor.py:758} INFO - Processing file /home/airflow/.local/lib/python3.7/site-packages/airflow/example_dags/example_latest_only.py for tasks to queue
[2025-12-05T01:06:37.235+0000] {logging_mixin.py:117} INFO - [2025-12-05T01:06:37.235+0000] {dagbag.py:525} INFO - Filling up the DagBag from /home/airflow/.local/lib/python3.7/site-packages/airflow/example_dags/example_latest_only.py
[2025-12-05T01:06:37.247+0000] {processor.py:768} INFO - DAG(s) dict_keys(['latest_only']) retrieved from /home/airflow/.local/lib/python3.7/site-packages/airflow/example_dags/example_latest_only.py
[2025-12-05T01:06:37.280+0000] {logging_mixin.py:117} INFO - [2025-12-05T01:06:37.280+0000] {dag.py:2573} INFO - Sync 1 DAGs
[2025-12-05T01:06:37.292+0000] {logging_mixin.py:117} INFO - [2025-12-05T01:06:37.292+0000] {dag.py:3328} INFO - Setting next_dagrun for latest_only to 2025-12-04T21:06:37.292436+00:00, run_after=2025-12-05T01:06:37.292436+00:00
[2025-12-05T01:06:37.300+0000] {processor.py:178} INFO - Processing /home/airflow/.local/lib/python3.7/site-packages/airflow/example_dags/example_latest_only.py took 0.072 seconds
[2025-12-05T01:07:07.779+0000] {processor.py:156} INFO - Started process (PID=8529) to work on /home/airflow/.local/lib/python3.7/site-packages/airflow/example_dags/example_latest_only.py
[2025-12-05T01:07:07.780+0000] {processor.py:758} INFO - Processing file /home/airflow/.local/lib/python3.7/site-packages/airflow/example_dags/example_latest_only.py for tasks to queue
[2025-12-05T01:07:07.780+0000] {logging_mixin.py:117} INFO - [2025-12-05T01:07:07.780+0000] {dagbag.py:525} INFO - Filling up the DagBag from /home/airflow/.local/lib/python3.7/site-packages/airflow/example_dags/example_latest_only.py
[2025-12-05T01:07:07.792+0000] {processor.py:768} INFO - DAG(s) dict_keys(['latest_only']) retrieved from /home/airflow/.local/lib/python3.7/site-packages/airflow/example_dags/example_latest_only.py
[2025-12-05T01:07:07.817+0000] {logging_mixin.py:117} INFO - [2025-12-05T01:07:07.817+0000] {dag.py:2573} INFO - Sync 1 DAGs
[2025-12-05T01:07:07.829+0000] {logging_mixin.py:117} INFO - [2025-12-05T01:07:07.829+0000] {dag.py:3328} INFO - Setting next_dagrun for latest_only to 2025-12-04T21:07:07.829250+00:00, run_after=2025-12-05T01:07:07.829250+00:00
[2025-12-05T01:07:07.837+0000] {processor.py:178} INFO - Processing /home/airflow/.local/lib/python3.7/site-packages/airflow/example_dags/example_latest_only.py took 0.062 seconds
[2025-12-05T01:07:37.877+0000] {processor.py:156} INFO - Started process (PID=8730) to work on /home/airflow/.local/lib/python3.7/site-packages/airflow/example_dags/example_latest_only.py
[2025-12-05T01:07:37.878+0000] {processor.py:758} INFO - Processing file /home/airflow/.local/lib/python3.7/site-packages/airflow/example_dags/example_latest_only.py for tasks to queue
[2025-12-05T01:07:37.879+0000] {logging_mixin.py:117} INFO - [2025-12-05T01:07:37.879+0000] {dagbag.py:525} INFO - Filling up the DagBag from /home/airflow/.local/lib/python3.7/site-packages/airflow/example_dags/example_latest_only.py
[2025-12-05T01:07:37.890+0000] {processor.py:768} INFO - DAG(s) dict_keys(['latest_only']) retrieved from /home/airflow/.local/lib/python3.7/site-packages/airflow/example_dags/example_latest_only.py
[2025-12-05T01:07:37.913+0000] {logging_mixin.py:117} INFO - [2025-12-05T01:07:37.913+0000] {dag.py:2573} INFO - Sync 1 DAGs
[2025-12-05T01:07:37.925+0000] {logging_mixin.py:117} INFO - [2025-12-05T01:07:37.925+0000] {dag.py:3328} INFO - Setting next_dagrun for latest_only to 2025-12-04T21:07:37.925291+00:00, run_after=2025-12-05T01:07:37.925291+00:00
[2025-12-05T01:07:37.933+0000] {processor.py:178} INFO - Processing /home/airflow/.local/lib/python3.7/site-packages/airflow/example_dags/example_latest_only.py took 0.061 seconds
[2025-12-05T01:08:08.180+0000] {processor.py:156} INFO - Started process (PID=8931) to work on /home/airflow/.local/lib/python3.7/site-packages/airflow/example_dags/example_latest_only.py
[2025-12-05T01:08:08.181+0000] {processor.py:758} INFO - Processing file /home/airflow/.local/lib/python3.7/site-packages/airflow/example_dags/example_latest_only.py for tasks to queue
[2025-12-05T01:08:08.182+0000] {logging_mixin.py:117} INFO - [2025-12-05T01:08:08.182+0000] {dagbag.py:525} INFO - Filling up the DagBag from /home/airflow/.local/lib/python3.7/site-packages/airflow/example_dags/example_latest_only.py
[2025-12-05T01:08:08.195+0000] {processor.py:768} INFO - DAG(s) dict_keys(['latest_only']) retrieved from /home/airflow/.local/lib/python3.7/site-packages/airflow/example_dags/example_latest_only.py
[2025-12-05T01:08:08.220+0000] {logging_mixin.py:117} INFO - [2025-12-05T01:08:08.219+0000] {dag.py:2573} INFO - Sync 1 DAGs
[2025-12-05T01:08:08.232+0000] {logging_mixin.py:117} INFO - [2025-12-05T01:08:08.232+0000] {dag.py:3328} INFO - Setting next_dagrun for latest_only to 2025-12-04T21:08:08.232385+00:00, run_after=2025-12-05T01:08:08.232385+00:00
[2025-12-05T01:08:08.240+0000] {processor.py:178} INFO - Processing /home/airflow/.local/lib/python3.7/site-packages/airflow/example_dags/example_latest_only.py took 0.064 seconds
[2025-12-05T01:08:38.590+0000] {processor.py:156} INFO - Started process (PID=9132) to work on /home/airflow/.local/lib/python3.7/site-packages/airflow/example_dags/example_latest_only.py
[2025-12-05T01:08:38.591+0000] {processor.py:758} INFO - Processing file /home/airflow/.local/lib/python3.7/site-packages/airflow/example_dags/example_latest_only.py for tasks to queue
[2025-12-05T01:08:38.591+0000] {logging_mixin.py:117} INFO - [2025-12-05T01:08:38.591+0000] {dagbag.py:525} INFO - Filling up the DagBag from /home/airflow/.local/lib/python3.7/site-packages/airflow/example_dags/example_latest_only.py
[2025-12-05T01:08:38.606+0000] {processor.py:768} INFO - DAG(s) dict_keys(['latest_only']) retrieved from /home/airflow/.local/lib/python3.7/site-packages/airflow/example_dags/example_latest_only.py
[2025-12-05T01:08:38.630+0000] {logging_mixin.py:117} INFO - [2025-12-05T01:08:38.630+0000] {dag.py:2573} INFO - Sync 1 DAGs
[2025-12-05T01:08:38.641+0000] {logging_mixin.py:117} INFO - [2025-12-05T01:08:38.641+0000] {dag.py:3328} INFO - Setting next_dagrun for latest_only to 2025-12-04T21:08:38.641079+00:00, run_after=2025-12-05T01:08:38.641079+00:00
[2025-12-05T01:08:38.649+0000] {processor.py:178} INFO - Processing /home/airflow/.local/lib/python3.7/site-packages/airflow/example_dags/example_latest_only.py took 0.062 seconds
[2025-12-05T01:09:08.788+0000] {processor.py:156} INFO - Started process (PID=9333) to work on /home/airflow/.local/lib/python3.7/site-packages/airflow/example_dags/example_latest_only.py
[2025-12-05T01:09:08.790+0000] {processor.py:758} INFO - Processing file /home/airflow/.local/lib/python3.7/site-packages/airflow/example_dags/example_latest_only.py for tasks to queue
[2025-12-05T01:09:08.791+0000] {logging_mixin.py:117} INFO - [2025-12-05T01:09:08.791+0000] {dagbag.py:525} INFO - Filling up the DagBag from /home/airflow/.local/lib/python3.7/site-packages/airflow/example_dags/example_latest_only.py
[2025-12-05T01:09:08.802+0000] {processor.py:768} INFO - DAG(s) dict_keys(['latest_only']) retrieved from /home/airflow/.local/lib/python3.7/site-packages/airflow/example_dags/example_latest_only.py
[2025-12-05T01:09:08.826+0000] {logging_mixin.py:117} INFO - [2025-12-05T01:09:08.826+0000] {dag.py:2573} INFO - Sync 1 DAGs
[2025-12-05T01:09:08.842+0000] {logging_mixin.py:117} INFO - [2025-12-05T01:09:08.842+0000] {dag.py:3328} INFO - Setting next_dagrun for latest_only to 2025-12-04T21:09:08.842044+00:00, run_after=2025-12-05T01:09:08.842044+00:00
[2025-12-05T01:09:08.851+0000] {processor.py:178} INFO - Processing /home/airflow/.local/lib/python3.7/site-packages/airflow/example_dags/example_latest_only.py took 0.066 seconds
[2025-12-05T01:09:39.114+0000] {processor.py:156} INFO - Started process (PID=9534) to work on /home/airflow/.local/lib/python3.7/site-packages/airflow/example_dags/example_latest_only.py
[2025-12-05T01:09:39.116+0000] {processor.py:758} INFO - Processing file /home/airflow/.local/lib/python3.7/site-packages/airflow/example_dags/example_latest_only.py for tasks to queue
[2025-12-05T01:09:39.117+0000] {logging_mixin.py:117} INFO - [2025-12-05T01:09:39.117+0000] {dagbag.py:525} INFO - Filling up the DagBag from /home/airflow/.local/lib/python3.7/site-packages/airflow/example_dags/example_latest_only.py
[2025-12-05T01:09:39.131+0000] {processor.py:768} INFO - DAG(s) dict_keys(['latest_only']) retrieved from /home/airflow/.local/lib/python3.7/site-packages/airflow/example_dags/example_latest_only.py
[2025-12-05T01:09:39.157+0000] {logging_mixin.py:117} INFO - [2025-12-05T01:09:39.156+0000] {dag.py:2573} INFO - Sync 1 DAGs
[2025-12-05T01:09:39.170+0000] {logging_mixin.py:117} INFO - [2025-12-05T01:09:39.170+0000] {dag.py:3328} INFO - Setting next_dagrun for latest_only to 2025-12-04T21:09:39.170056+00:00, run_after=2025-12-05T01:09:39.170056+00:00
[2025-12-05T01:09:39.179+0000] {processor.py:178} INFO - Processing /home/airflow/.local/lib/python3.7/site-packages/airflow/example_dags/example_latest_only.py took 0.068 seconds
[2025-12-05T01:10:10.098+0000] {processor.py:156} INFO - Started process (PID=9742) to work on /home/airflow/.local/lib/python3.7/site-packages/airflow/example_dags/example_latest_only.py
[2025-12-05T01:10:10.100+0000] {processor.py:758} INFO - Processing file /home/airflow/.local/lib/python3.7/site-packages/airflow/example_dags/example_latest_only.py for tasks to queue
[2025-12-05T01:10:10.100+0000] {logging_mixin.py:117} INFO - [2025-12-05T01:10:10.100+0000] {dagbag.py:525} INFO - Filling up the DagBag from /home/airflow/.local/lib/python3.7/site-packages/airflow/example_dags/example_latest_only.py
[2025-12-05T01:10:10.114+0000] {processor.py:768} INFO - DAG(s) dict_keys(['latest_only']) retrieved from /home/airflow/.local/lib/python3.7/site-packages/airflow/example_dags/example_latest_only.py
[2025-12-05T01:10:10.139+0000] {logging_mixin.py:117} INFO - [2025-12-05T01:10:10.139+0000] {dag.py:2573} INFO - Sync 1 DAGs
[2025-12-05T01:10:10.153+0000] {logging_mixin.py:117} INFO - [2025-12-05T01:10:10.153+0000] {dag.py:3328} INFO - Setting next_dagrun for latest_only to 2025-12-04T21:10:10.153480+00:00, run_after=2025-12-05T01:10:10.153480+00:00
[2025-12-05T01:10:10.161+0000] {processor.py:178} INFO - Processing /home/airflow/.local/lib/python3.7/site-packages/airflow/example_dags/example_latest_only.py took 0.067 seconds
[2025-12-05T01:10:41.026+0000] {processor.py:156} INFO - Started process (PID=9943) to work on /home/airflow/.local/lib/python3.7/site-packages/airflow/example_dags/example_latest_only.py
[2025-12-05T01:10:41.027+0000] {processor.py:758} INFO - Processing file /home/airflow/.local/lib/python3.7/site-packages/airflow/example_dags/example_latest_only.py for tasks to queue
[2025-12-05T01:10:41.028+0000] {logging_mixin.py:117} INFO - [2025-12-05T01:10:41.028+0000] {dagbag.py:525} INFO - Filling up the DagBag from /home/airflow/.local/lib/python3.7/site-packages/airflow/example_dags/example_latest_only.py
[2025-12-05T01:10:41.044+0000] {processor.py:768} INFO - DAG(s) dict_keys(['latest_only']) retrieved from /home/airflow/.local/lib/python3.7/site-packages/airflow/example_dags/example_latest_only.py
[2025-12-05T01:10:41.071+0000] {logging_mixin.py:117} INFO - [2025-12-05T01:10:41.071+0000] {dag.py:2573} INFO - Sync 1 DAGs
[2025-12-05T01:10:41.083+0000] {logging_mixin.py:117} INFO - [2025-12-05T01:10:41.083+0000] {dag.py:3328} INFO - Setting next_dagrun for latest_only to 2025-12-04T21:10:41.083128+00:00, run_after=2025-12-05T01:10:41.083128+00:00
[2025-12-05T01:10:41.092+0000] {processor.py:178} INFO - Processing /home/airflow/.local/lib/python3.7/site-packages/airflow/example_dags/example_latest_only.py took 0.068 seconds
[2025-12-05T01:11:11.955+0000] {processor.py:156} INFO - Started process (PID=10144) to work on /home/airflow/.local/lib/python3.7/site-packages/airflow/example_dags/example_latest_only.py
[2025-12-05T01:11:11.956+0000] {processor.py:758} INFO - Processing file /home/airflow/.local/lib/python3.7/site-packages/airflow/example_dags/example_latest_only.py for tasks to queue
[2025-12-05T01:11:11.956+0000] {logging_mixin.py:117} INFO - [2025-12-05T01:11:11.956+0000] {dagbag.py:525} INFO - Filling up the DagBag from /home/airflow/.local/lib/python3.7/site-packages/airflow/example_dags/example_latest_only.py
[2025-12-05T01:11:11.970+0000] {processor.py:768} INFO - DAG(s) dict_keys(['latest_only']) retrieved from /home/airflow/.local/lib/python3.7/site-packages/airflow/example_dags/example_latest_only.py
[2025-12-05T01:11:11.997+0000] {logging_mixin.py:117} INFO - [2025-12-05T01:11:11.997+0000] {dag.py:2573} INFO - Sync 1 DAGs
[2025-12-05T01:11:12.011+0000] {logging_mixin.py:117} INFO - [2025-12-05T01:11:12.011+0000] {dag.py:3328} INFO - Setting next_dagrun for latest_only to 2025-12-04T21:11:12.010983+00:00, run_after=2025-12-05T01:11:12.010983+00:00
[2025-12-05T01:11:12.020+0000] {processor.py:178} INFO - Processing /home/airflow/.local/lib/python3.7/site-packages/airflow/example_dags/example_latest_only.py took 0.069 seconds
[2025-12-05T01:11:42.701+0000] {processor.py:156} INFO - Started process (PID=10344) to work on /home/airflow/.local/lib/python3.7/site-packages/airflow/example_dags/example_latest_only.py
[2025-12-05T01:11:42.702+0000] {processor.py:758} INFO - Processing file /home/airflow/.local/lib/python3.7/site-packages/airflow/example_dags/example_latest_only.py for tasks to queue
[2025-12-05T01:11:42.703+0000] {logging_mixin.py:117} INFO - [2025-12-05T01:11:42.703+0000] {dagbag.py:525} INFO - Filling up the DagBag from /home/airflow/.local/lib/python3.7/site-packages/airflow/example_dags/example_latest_only.py
[2025-12-05T01:11:42.711+0000] {processor.py:768} INFO - DAG(s) dict_keys(['latest_only']) retrieved from /home/airflow/.local/lib/python3.7/site-packages/airflow/example_dags/example_latest_only.py
[2025-12-05T01:11:42.741+0000] {logging_mixin.py:117} INFO - [2025-12-05T01:11:42.741+0000] {dag.py:2573} INFO - Sync 1 DAGs
[2025-12-05T01:11:42.760+0000] {logging_mixin.py:117} INFO - [2025-12-05T01:11:42.760+0000] {dag.py:3328} INFO - Setting next_dagrun for latest_only to 2025-12-04T21:11:42.760320+00:00, run_after=2025-12-05T01:11:42.760320+00:00
[2025-12-05T01:11:42.773+0000] {processor.py:178} INFO - Processing /home/airflow/.local/lib/python3.7/site-packages/airflow/example_dags/example_latest_only.py took 0.075 seconds
[2025-12-05T01:12:13.028+0000] {processor.py:156} INFO - Started process (PID=10542) to work on /home/airflow/.local/lib/python3.7/site-packages/airflow/example_dags/example_latest_only.py
[2025-12-05T01:12:13.029+0000] {processor.py:758} INFO - Processing file /home/airflow/.local/lib/python3.7/site-packages/airflow/example_dags/example_latest_only.py for tasks to queue
[2025-12-05T01:12:13.030+0000] {logging_mixin.py:117} INFO - [2025-12-05T01:12:13.030+0000] {dagbag.py:525} INFO - Filling up the DagBag from /home/airflow/.local/lib/python3.7/site-packages/airflow/example_dags/example_latest_only.py
[2025-12-05T01:12:13.043+0000] {processor.py:768} INFO - DAG(s) dict_keys(['latest_only']) retrieved from /home/airflow/.local/lib/python3.7/site-packages/airflow/example_dags/example_latest_only.py
[2025-12-05T01:12:13.063+0000] {logging_mixin.py:117} INFO - [2025-12-05T01:12:13.063+0000] {dag.py:2573} INFO - Sync 1 DAGs
[2025-12-05T01:12:13.074+0000] {logging_mixin.py:117} INFO - [2025-12-05T01:12:13.074+0000] {dag.py:3328} INFO - Setting next_dagrun for latest_only to 2025-12-04T21:12:13.074487+00:00, run_after=2025-12-05T01:12:13.074487+00:00
[2025-12-05T01:12:13.082+0000] {processor.py:178} INFO - Processing /home/airflow/.local/lib/python3.7/site-packages/airflow/example_dags/example_latest_only.py took 0.058 seconds
[2025-12-05T01:12:43.153+0000] {processor.py:156} INFO - Started process (PID=10745) to work on /home/airflow/.local/lib/python3.7/site-packages/airflow/example_dags/example_latest_only.py
[2025-12-05T01:12:43.153+0000] {processor.py:758} INFO - Processing file /home/airflow/.local/lib/python3.7/site-packages/airflow/example_dags/example_latest_only.py for tasks to queue
[2025-12-05T01:12:43.154+0000] {logging_mixin.py:117} INFO - [2025-12-05T01:12:43.154+0000] {dagbag.py:525} INFO - Filling up the DagBag from /home/airflow/.local/lib/python3.7/site-packages/airflow/example_dags/example_latest_only.py
[2025-12-05T01:12:43.161+0000] {processor.py:768} INFO - DAG(s) dict_keys(['latest_only']) retrieved from /home/airflow/.local/lib/python3.7/site-packages/airflow/example_dags/example_latest_only.py
[2025-12-05T01:12:43.174+0000] {logging_mixin.py:117} INFO - [2025-12-05T01:12:43.174+0000] {dag.py:2573} INFO - Sync 1 DAGs
[2025-12-05T01:12:43.188+0000] {logging_mixin.py:117} INFO - [2025-12-05T01:12:43.188+0000] {dag.py:3328} INFO - Setting next_dagrun for latest_only to 2025-12-04T21:12:43.187929+00:00, run_after=2025-12-05T01:12:43.187929+00:00
[2025-12-05T01:12:43.198+0000] {processor.py:178} INFO - Processing /home/airflow/.local/lib/python3.7/site-packages/airflow/example_dags/example_latest_only.py took 0.047 seconds
[2025-12-05T01:13:14.312+0000] {processor.py:156} INFO - Started process (PID=10946) to work on /home/airflow/.local/lib/python3.7/site-packages/airflow/example_dags/example_latest_only.py
[2025-12-05T01:13:14.313+0000] {processor.py:758} INFO - Processing file /home/airflow/.local/lib/python3.7/site-packages/airflow/example_dags/example_latest_only.py for tasks to queue
[2025-12-05T01:13:14.313+0000] {logging_mixin.py:117} INFO - [2025-12-05T01:13:14.313+0000] {dagbag.py:525} INFO - Filling up the DagBag from /home/airflow/.local/lib/python3.7/site-packages/airflow/example_dags/example_latest_only.py
[2025-12-05T01:13:14.322+0000] {processor.py:768} INFO - DAG(s) dict_keys(['latest_only']) retrieved from /home/airflow/.local/lib/python3.7/site-packages/airflow/example_dags/example_latest_only.py
[2025-12-05T01:13:14.346+0000] {logging_mixin.py:117} INFO - [2025-12-05T01:13:14.346+0000] {dag.py:2573} INFO - Sync 1 DAGs
[2025-12-05T01:13:14.362+0000] {logging_mixin.py:117} INFO - [2025-12-05T01:13:14.362+0000] {dag.py:3328} INFO - Setting next_dagrun for latest_only to 2025-12-04T21:13:14.362139+00:00, run_after=2025-12-05T01:13:14.362139+00:00
[2025-12-05T01:13:14.371+0000] {processor.py:178} INFO - Processing /home/airflow/.local/lib/python3.7/site-packages/airflow/example_dags/example_latest_only.py took 0.060 seconds
[2025-12-05T01:13:44.742+0000] {processor.py:156} INFO - Started process (PID=11145) to work on /home/airflow/.local/lib/python3.7/site-packages/airflow/example_dags/example_latest_only.py
[2025-12-05T01:13:44.742+0000] {processor.py:758} INFO - Processing file /home/airflow/.local/lib/python3.7/site-packages/airflow/example_dags/example_latest_only.py for tasks to queue
[2025-12-05T01:13:44.743+0000] {logging_mixin.py:117} INFO - [2025-12-05T01:13:44.743+0000] {dagbag.py:525} INFO - Filling up the DagBag from /home/airflow/.local/lib/python3.7/site-packages/airflow/example_dags/example_latest_only.py
[2025-12-05T01:13:44.750+0000] {processor.py:768} INFO - DAG(s) dict_keys(['latest_only']) retrieved from /home/airflow/.local/lib/python3.7/site-packages/airflow/example_dags/example_latest_only.py
[2025-12-05T01:13:44.768+0000] {logging_mixin.py:117} INFO - [2025-12-05T01:13:44.768+0000] {dag.py:2573} INFO - Sync 1 DAGs
[2025-12-05T01:13:44.779+0000] {logging_mixin.py:117} INFO - [2025-12-05T01:13:44.779+0000] {dag.py:3328} INFO - Setting next_dagrun for latest_only to 2025-12-04T21:13:44.779343+00:00, run_after=2025-12-05T01:13:44.779343+00:00
[2025-12-05T01:13:44.787+0000] {processor.py:178} INFO - Processing /home/airflow/.local/lib/python3.7/site-packages/airflow/example_dags/example_latest_only.py took 0.046 seconds
[2025-12-05T01:14:15.382+0000] {processor.py:156} INFO - Started process (PID=11346) to work on /home/airflow/.local/lib/python3.7/site-packages/airflow/example_dags/example_latest_only.py
[2025-12-05T01:14:15.384+0000] {processor.py:758} INFO - Processing file /home/airflow/.local/lib/python3.7/site-packages/airflow/example_dags/example_latest_only.py for tasks to queue
[2025-12-05T01:14:15.385+0000] {logging_mixin.py:117} INFO - [2025-12-05T01:14:15.385+0000] {dagbag.py:525} INFO - Filling up the DagBag from /home/airflow/.local/lib/python3.7/site-packages/airflow/example_dags/example_latest_only.py
[2025-12-05T01:14:15.400+0000] {processor.py:768} INFO - DAG(s) dict_keys(['latest_only']) retrieved from /home/airflow/.local/lib/python3.7/site-packages/airflow/example_dags/example_latest_only.py
[2025-12-05T01:14:15.426+0000] {logging_mixin.py:117} INFO - [2025-12-05T01:14:15.426+0000] {dag.py:2573} INFO - Sync 1 DAGs
[2025-12-05T01:14:15.444+0000] {logging_mixin.py:117} INFO - [2025-12-05T01:14:15.444+0000] {dag.py:3328} INFO - Setting next_dagrun for latest_only to 2025-12-04T21:14:15.444566+00:00, run_after=2025-12-05T01:14:15.444566+00:00
[2025-12-05T01:14:15.462+0000] {processor.py:178} INFO - Processing /home/airflow/.local/lib/python3.7/site-packages/airflow/example_dags/example_latest_only.py took 0.083 seconds
[2025-12-05T01:14:45.607+0000] {processor.py:156} INFO - Started process (PID=11547) to work on /home/airflow/.local/lib/python3.7/site-packages/airflow/example_dags/example_latest_only.py
[2025-12-05T01:14:45.609+0000] {processor.py:758} INFO - Processing file /home/airflow/.local/lib/python3.7/site-packages/airflow/example_dags/example_latest_only.py for tasks to queue
[2025-12-05T01:14:45.610+0000] {logging_mixin.py:117} INFO - [2025-12-05T01:14:45.610+0000] {dagbag.py:525} INFO - Filling up the DagBag from /home/airflow/.local/lib/python3.7/site-packages/airflow/example_dags/example_latest_only.py
[2025-12-05T01:14:45.617+0000] {processor.py:768} INFO - DAG(s) dict_keys(['latest_only']) retrieved from /home/airflow/.local/lib/python3.7/site-packages/airflow/example_dags/example_latest_only.py
[2025-12-05T01:14:45.654+0000] {logging_mixin.py:117} INFO - [2025-12-05T01:14:45.653+0000] {dag.py:2573} INFO - Sync 1 DAGs
[2025-12-05T01:14:45.667+0000] {logging_mixin.py:117} INFO - [2025-12-05T01:14:45.667+0000] {dag.py:3328} INFO - Setting next_dagrun for latest_only to 2025-12-04T21:14:45.667518+00:00, run_after=2025-12-05T01:14:45.667518+00:00
[2025-12-05T01:14:45.678+0000] {processor.py:178} INFO - Processing /home/airflow/.local/lib/python3.7/site-packages/airflow/example_dags/example_latest_only.py took 0.073 seconds
[2025-12-05T01:15:16.958+0000] {processor.py:156} INFO - Started process (PID=11749) to work on /home/airflow/.local/lib/python3.7/site-packages/airflow/example_dags/example_latest_only.py
[2025-12-05T01:15:16.959+0000] {processor.py:758} INFO - Processing file /home/airflow/.local/lib/python3.7/site-packages/airflow/example_dags/example_latest_only.py for tasks to queue
[2025-12-05T01:15:16.960+0000] {logging_mixin.py:117} INFO - [2025-12-05T01:15:16.960+0000] {dagbag.py:525} INFO - Filling up the DagBag from /home/airflow/.local/lib/python3.7/site-packages/airflow/example_dags/example_latest_only.py
[2025-12-05T01:15:16.971+0000] {processor.py:768} INFO - DAG(s) dict_keys(['latest_only']) retrieved from /home/airflow/.local/lib/python3.7/site-packages/airflow/example_dags/example_latest_only.py
[2025-12-05T01:15:16.999+0000] {logging_mixin.py:117} INFO - [2025-12-05T01:15:16.999+0000] {dag.py:2573} INFO - Sync 1 DAGs
[2025-12-05T01:15:17.012+0000] {logging_mixin.py:117} INFO - [2025-12-05T01:15:17.012+0000] {dag.py:3328} INFO - Setting next_dagrun for latest_only to 2025-12-04T21:15:17.012175+00:00, run_after=2025-12-05T01:15:17.012175+00:00
[2025-12-05T01:15:17.020+0000] {processor.py:178} INFO - Processing /home/airflow/.local/lib/python3.7/site-packages/airflow/example_dags/example_latest_only.py took 0.064 seconds
[2025-12-05T01:15:47.370+0000] {processor.py:156} INFO - Started process (PID=11950) to work on /home/airflow/.local/lib/python3.7/site-packages/airflow/example_dags/example_latest_only.py
[2025-12-05T01:15:47.374+0000] {processor.py:758} INFO - Processing file /home/airflow/.local/lib/python3.7/site-packages/airflow/example_dags/example_latest_only.py for tasks to queue
[2025-12-05T01:15:47.374+0000] {logging_mixin.py:117} INFO - [2025-12-05T01:15:47.374+0000] {dagbag.py:525} INFO - Filling up the DagBag from /home/airflow/.local/lib/python3.7/site-packages/airflow/example_dags/example_latest_only.py
[2025-12-05T01:15:47.385+0000] {processor.py:768} INFO - DAG(s) dict_keys(['latest_only']) retrieved from /home/airflow/.local/lib/python3.7/site-packages/airflow/example_dags/example_latest_only.py
[2025-12-05T01:15:47.413+0000] {logging_mixin.py:117} INFO - [2025-12-05T01:15:47.413+0000] {dag.py:2573} INFO - Sync 1 DAGs
[2025-12-05T01:15:47.427+0000] {logging_mixin.py:117} INFO - [2025-12-05T01:15:47.427+0000] {dag.py:3328} INFO - Setting next_dagrun for latest_only to 2025-12-04T21:15:47.427383+00:00, run_after=2025-12-05T01:15:47.427383+00:00
[2025-12-05T01:15:47.441+0000] {processor.py:178} INFO - Processing /home/airflow/.local/lib/python3.7/site-packages/airflow/example_dags/example_latest_only.py took 0.073 seconds
[2025-12-05T01:16:18.427+0000] {processor.py:156} INFO - Started process (PID=12156) to work on /home/airflow/.local/lib/python3.7/site-packages/airflow/example_dags/example_latest_only.py
[2025-12-05T01:16:18.428+0000] {processor.py:758} INFO - Processing file /home/airflow/.local/lib/python3.7/site-packages/airflow/example_dags/example_latest_only.py for tasks to queue
[2025-12-05T01:16:18.428+0000] {logging_mixin.py:117} INFO - [2025-12-05T01:16:18.428+0000] {dagbag.py:525} INFO - Filling up the DagBag from /home/airflow/.local/lib/python3.7/site-packages/airflow/example_dags/example_latest_only.py
[2025-12-05T01:16:18.438+0000] {processor.py:768} INFO - DAG(s) dict_keys(['latest_only']) retrieved from /home/airflow/.local/lib/python3.7/site-packages/airflow/example_dags/example_latest_only.py
[2025-12-05T01:16:18.475+0000] {logging_mixin.py:117} INFO - [2025-12-05T01:16:18.475+0000] {dag.py:2573} INFO - Sync 1 DAGs
[2025-12-05T01:16:18.487+0000] {logging_mixin.py:117} INFO - [2025-12-05T01:16:18.486+0000] {dag.py:3328} INFO - Setting next_dagrun for latest_only to 2025-12-04T21:16:18.486845+00:00, run_after=2025-12-05T01:16:18.486845+00:00
[2025-12-05T01:16:18.494+0000] {processor.py:178} INFO - Processing /home/airflow/.local/lib/python3.7/site-packages/airflow/example_dags/example_latest_only.py took 0.069 seconds
[2025-12-05T01:16:48.801+0000] {processor.py:156} INFO - Started process (PID=12367) to work on /home/airflow/.local/lib/python3.7/site-packages/airflow/example_dags/example_latest_only.py
[2025-12-05T01:16:48.801+0000] {processor.py:758} INFO - Processing file /home/airflow/.local/lib/python3.7/site-packages/airflow/example_dags/example_latest_only.py for tasks to queue
[2025-12-05T01:16:48.802+0000] {logging_mixin.py:117} INFO - [2025-12-05T01:16:48.802+0000] {dagbag.py:525} INFO - Filling up the DagBag from /home/airflow/.local/lib/python3.7/site-packages/airflow/example_dags/example_latest_only.py
[2025-12-05T01:16:48.809+0000] {processor.py:768} INFO - DAG(s) dict_keys(['latest_only']) retrieved from /home/airflow/.local/lib/python3.7/site-packages/airflow/example_dags/example_latest_only.py
[2025-12-05T01:16:48.831+0000] {logging_mixin.py:117} INFO - [2025-12-05T01:16:48.831+0000] {dag.py:2573} INFO - Sync 1 DAGs
[2025-12-05T01:16:48.842+0000] {logging_mixin.py:117} INFO - [2025-12-05T01:16:48.842+0000] {dag.py:3328} INFO - Setting next_dagrun for latest_only to 2025-12-04T21:16:48.842116+00:00, run_after=2025-12-05T01:16:48.842116+00:00
[2025-12-05T01:16:48.850+0000] {processor.py:178} INFO - Processing /home/airflow/.local/lib/python3.7/site-packages/airflow/example_dags/example_latest_only.py took 0.051 seconds
[2025-12-05T01:17:19.369+0000] {processor.py:156} INFO - Started process (PID=12573) to work on /home/airflow/.local/lib/python3.7/site-packages/airflow/example_dags/example_latest_only.py
[2025-12-05T01:17:19.369+0000] {processor.py:758} INFO - Processing file /home/airflow/.local/lib/python3.7/site-packages/airflow/example_dags/example_latest_only.py for tasks to queue
[2025-12-05T01:17:19.370+0000] {logging_mixin.py:117} INFO - [2025-12-05T01:17:19.370+0000] {dagbag.py:525} INFO - Filling up the DagBag from /home/airflow/.local/lib/python3.7/site-packages/airflow/example_dags/example_latest_only.py
[2025-12-05T01:17:19.383+0000] {processor.py:768} INFO - DAG(s) dict_keys(['latest_only']) retrieved from /home/airflow/.local/lib/python3.7/site-packages/airflow/example_dags/example_latest_only.py
[2025-12-05T01:17:19.412+0000] {logging_mixin.py:117} INFO - [2025-12-05T01:17:19.412+0000] {dag.py:2573} INFO - Sync 1 DAGs
[2025-12-05T01:17:19.430+0000] {logging_mixin.py:117} INFO - [2025-12-05T01:17:19.430+0000] {dag.py:3328} INFO - Setting next_dagrun for latest_only to 2025-12-04T21:17:19.429877+00:00, run_after=2025-12-05T01:17:19.429877+00:00
[2025-12-05T01:17:19.441+0000] {processor.py:178} INFO - Processing /home/airflow/.local/lib/python3.7/site-packages/airflow/example_dags/example_latest_only.py took 0.076 seconds
[2025-12-05T01:17:49.611+0000] {processor.py:156} INFO - Started process (PID=12783) to work on /home/airflow/.local/lib/python3.7/site-packages/airflow/example_dags/example_latest_only.py
[2025-12-05T01:17:49.612+0000] {processor.py:758} INFO - Processing file /home/airflow/.local/lib/python3.7/site-packages/airflow/example_dags/example_latest_only.py for tasks to queue
[2025-12-05T01:17:49.612+0000] {logging_mixin.py:117} INFO - [2025-12-05T01:17:49.612+0000] {dagbag.py:525} INFO - Filling up the DagBag from /home/airflow/.local/lib/python3.7/site-packages/airflow/example_dags/example_latest_only.py
[2025-12-05T01:17:49.622+0000] {processor.py:768} INFO - DAG(s) dict_keys(['latest_only']) retrieved from /home/airflow/.local/lib/python3.7/site-packages/airflow/example_dags/example_latest_only.py
[2025-12-05T01:17:49.655+0000] {logging_mixin.py:117} INFO - [2025-12-05T01:17:49.654+0000] {dag.py:2573} INFO - Sync 1 DAGs
[2025-12-05T01:17:49.671+0000] {logging_mixin.py:117} INFO - [2025-12-05T01:17:49.671+0000] {dag.py:3328} INFO - Setting next_dagrun for latest_only to 2025-12-04T21:17:49.671415+00:00, run_after=2025-12-05T01:17:49.671415+00:00
[2025-12-05T01:17:49.679+0000] {processor.py:178} INFO - Processing /home/airflow/.local/lib/python3.7/site-packages/airflow/example_dags/example_latest_only.py took 0.070 seconds
[2025-12-05T01:18:19.844+0000] {processor.py:156} INFO - Started process (PID=12989) to work on /home/airflow/.local/lib/python3.7/site-packages/airflow/example_dags/example_latest_only.py
[2025-12-05T01:18:19.849+0000] {processor.py:758} INFO - Processing file /home/airflow/.local/lib/python3.7/site-packages/airflow/example_dags/example_latest_only.py for tasks to queue
[2025-12-05T01:18:19.849+0000] {logging_mixin.py:117} INFO - [2025-12-05T01:18:19.849+0000] {dagbag.py:525} INFO - Filling up the DagBag from /home/airflow/.local/lib/python3.7/site-packages/airflow/example_dags/example_latest_only.py
[2025-12-05T01:18:19.861+0000] {processor.py:768} INFO - DAG(s) dict_keys(['latest_only']) retrieved from /home/airflow/.local/lib/python3.7/site-packages/airflow/example_dags/example_latest_only.py
[2025-12-05T01:18:19.884+0000] {logging_mixin.py:117} INFO - [2025-12-05T01:18:19.883+0000] {dag.py:2573} INFO - Sync 1 DAGs
[2025-12-05T01:18:19.899+0000] {logging_mixin.py:117} INFO - [2025-12-05T01:18:19.899+0000] {dag.py:3328} INFO - Setting next_dagrun for latest_only to 2025-12-04T21:18:19.899584+00:00, run_after=2025-12-05T01:18:19.899584+00:00
[2025-12-05T01:18:19.922+0000] {processor.py:178} INFO - Processing /home/airflow/.local/lib/python3.7/site-packages/airflow/example_dags/example_latest_only.py took 0.082 seconds
[2025-12-05T01:18:50.228+0000] {processor.py:156} INFO - Started process (PID=13195) to work on /home/airflow/.local/lib/python3.7/site-packages/airflow/example_dags/example_latest_only.py
[2025-12-05T01:18:50.232+0000] {processor.py:758} INFO - Processing file /home/airflow/.local/lib/python3.7/site-packages/airflow/example_dags/example_latest_only.py for tasks to queue
[2025-12-05T01:18:50.233+0000] {logging_mixin.py:117} INFO - [2025-12-05T01:18:50.233+0000] {dagbag.py:525} INFO - Filling up the DagBag from /home/airflow/.local/lib/python3.7/site-packages/airflow/example_dags/example_latest_only.py
[2025-12-05T01:18:50.242+0000] {processor.py:768} INFO - DAG(s) dict_keys(['latest_only']) retrieved from /home/airflow/.local/lib/python3.7/site-packages/airflow/example_dags/example_latest_only.py
[2025-12-05T01:18:50.268+0000] {logging_mixin.py:117} INFO - [2025-12-05T01:18:50.268+0000] {dag.py:2573} INFO - Sync 1 DAGs
[2025-12-05T01:18:50.282+0000] {logging_mixin.py:117} INFO - [2025-12-05T01:18:50.282+0000] {dag.py:3328} INFO - Setting next_dagrun for latest_only to 2025-12-04T21:18:50.282364+00:00, run_after=2025-12-05T01:18:50.282364+00:00
[2025-12-05T01:18:50.291+0000] {processor.py:178} INFO - Processing /home/airflow/.local/lib/python3.7/site-packages/airflow/example_dags/example_latest_only.py took 0.068 seconds
[2025-12-05T01:19:21.050+0000] {processor.py:156} INFO - Started process (PID=13401) to work on /home/airflow/.local/lib/python3.7/site-packages/airflow/example_dags/example_latest_only.py
[2025-12-05T01:19:21.050+0000] {processor.py:758} INFO - Processing file /home/airflow/.local/lib/python3.7/site-packages/airflow/example_dags/example_latest_only.py for tasks to queue
[2025-12-05T01:19:21.051+0000] {logging_mixin.py:117} INFO - [2025-12-05T01:19:21.050+0000] {dagbag.py:525} INFO - Filling up the DagBag from /home/airflow/.local/lib/python3.7/site-packages/airflow/example_dags/example_latest_only.py
[2025-12-05T01:19:21.059+0000] {processor.py:768} INFO - DAG(s) dict_keys(['latest_only']) retrieved from /home/airflow/.local/lib/python3.7/site-packages/airflow/example_dags/example_latest_only.py
[2025-12-05T01:19:21.081+0000] {logging_mixin.py:117} INFO - [2025-12-05T01:19:21.081+0000] {dag.py:2573} INFO - Sync 1 DAGs
[2025-12-05T01:19:21.093+0000] {logging_mixin.py:117} INFO - [2025-12-05T01:19:21.093+0000] {dag.py:3328} INFO - Setting next_dagrun for latest_only to 2025-12-04T21:19:21.093780+00:00, run_after=2025-12-05T01:19:21.093780+00:00
[2025-12-05T01:19:21.102+0000] {processor.py:178} INFO - Processing /home/airflow/.local/lib/python3.7/site-packages/airflow/example_dags/example_latest_only.py took 0.055 seconds
[2025-12-05T01:19:51.978+0000] {processor.py:156} INFO - Started process (PID=13607) to work on /home/airflow/.local/lib/python3.7/site-packages/airflow/example_dags/example_latest_only.py
[2025-12-05T01:19:51.979+0000] {processor.py:758} INFO - Processing file /home/airflow/.local/lib/python3.7/site-packages/airflow/example_dags/example_latest_only.py for tasks to queue
[2025-12-05T01:19:51.979+0000] {logging_mixin.py:117} INFO - [2025-12-05T01:19:51.979+0000] {dagbag.py:525} INFO - Filling up the DagBag from /home/airflow/.local/lib/python3.7/site-packages/airflow/example_dags/example_latest_only.py
[2025-12-05T01:19:52.000+0000] {processor.py:768} INFO - DAG(s) dict_keys(['latest_only']) retrieved from /home/airflow/.local/lib/python3.7/site-packages/airflow/example_dags/example_latest_only.py
[2025-12-05T01:19:52.032+0000] {logging_mixin.py:117} INFO - [2025-12-05T01:19:52.032+0000] {dag.py:2573} INFO - Sync 1 DAGs
[2025-12-05T01:19:52.045+0000] {logging_mixin.py:117} INFO - [2025-12-05T01:19:52.045+0000] {dag.py:3328} INFO - Setting next_dagrun for latest_only to 2025-12-04T21:19:52.045603+00:00, run_after=2025-12-05T01:19:52.045603+00:00
[2025-12-05T01:19:52.053+0000] {processor.py:178} INFO - Processing /home/airflow/.local/lib/python3.7/site-packages/airflow/example_dags/example_latest_only.py took 0.077 seconds
[2025-12-05T01:20:22.817+0000] {processor.py:156} INFO - Started process (PID=13813) to work on /home/airflow/.local/lib/python3.7/site-packages/airflow/example_dags/example_latest_only.py
[2025-12-05T01:20:22.817+0000] {processor.py:758} INFO - Processing file /home/airflow/.local/lib/python3.7/site-packages/airflow/example_dags/example_latest_only.py for tasks to queue
[2025-12-05T01:20:22.818+0000] {logging_mixin.py:117} INFO - [2025-12-05T01:20:22.818+0000] {dagbag.py:525} INFO - Filling up the DagBag from /home/airflow/.local/lib/python3.7/site-packages/airflow/example_dags/example_latest_only.py
[2025-12-05T01:20:22.824+0000] {processor.py:768} INFO - DAG(s) dict_keys(['latest_only']) retrieved from /home/airflow/.local/lib/python3.7/site-packages/airflow/example_dags/example_latest_only.py
[2025-12-05T01:20:22.844+0000] {logging_mixin.py:117} INFO - [2025-12-05T01:20:22.844+0000] {dag.py:2573} INFO - Sync 1 DAGs
[2025-12-05T01:20:22.858+0000] {logging_mixin.py:117} INFO - [2025-12-05T01:20:22.857+0000] {dag.py:3328} INFO - Setting next_dagrun for latest_only to 2025-12-04T21:20:22.857866+00:00, run_after=2025-12-05T01:20:22.857866+00:00
[2025-12-05T01:20:22.866+0000] {processor.py:178} INFO - Processing /home/airflow/.local/lib/python3.7/site-packages/airflow/example_dags/example_latest_only.py took 0.051 seconds
[2025-12-05T01:20:53.802+0000] {processor.py:156} INFO - Started process (PID=14019) to work on /home/airflow/.local/lib/python3.7/site-packages/airflow/example_dags/example_latest_only.py
[2025-12-05T01:20:53.802+0000] {processor.py:758} INFO - Processing file /home/airflow/.local/lib/python3.7/site-packages/airflow/example_dags/example_latest_only.py for tasks to queue
[2025-12-05T01:20:53.802+0000] {logging_mixin.py:117} INFO - [2025-12-05T01:20:53.802+0000] {dagbag.py:525} INFO - Filling up the DagBag from /home/airflow/.local/lib/python3.7/site-packages/airflow/example_dags/example_latest_only.py
[2025-12-05T01:20:53.810+0000] {processor.py:768} INFO - DAG(s) dict_keys(['latest_only']) retrieved from /home/airflow/.local/lib/python3.7/site-packages/airflow/example_dags/example_latest_only.py
[2025-12-05T01:20:53.832+0000] {logging_mixin.py:117} INFO - [2025-12-05T01:20:53.831+0000] {dag.py:2573} INFO - Sync 1 DAGs
[2025-12-05T01:20:53.844+0000] {logging_mixin.py:117} INFO - [2025-12-05T01:20:53.843+0000] {dag.py:3328} INFO - Setting next_dagrun for latest_only to 2025-12-04T21:20:53.843806+00:00, run_after=2025-12-05T01:20:53.843806+00:00
[2025-12-05T01:20:53.851+0000] {processor.py:178} INFO - Processing /home/airflow/.local/lib/python3.7/site-packages/airflow/example_dags/example_latest_only.py took 0.051 seconds
