[2025-12-05T00:46:07.747+0000] {processor.py:156} INFO - Started process (PID=319) to work on /home/airflow/.local/lib/python3.7/site-packages/airflow/example_dags/example_trigger_controller_dag.py
[2025-12-05T00:46:07.749+0000] {processor.py:758} INFO - Processing file /home/airflow/.local/lib/python3.7/site-packages/airflow/example_dags/example_trigger_controller_dag.py for tasks to queue
[2025-12-05T00:46:07.751+0000] {logging_mixin.py:117} INFO - [2025-12-05T00:46:07.751+0000] {dagbag.py:525} INFO - Filling up the DagBag from /home/airflow/.local/lib/python3.7/site-packages/airflow/example_dags/example_trigger_controller_dag.py
[2025-12-05T00:46:07.760+0000] {processor.py:768} INFO - DAG(s) dict_keys(['example_trigger_controller_dag']) retrieved from /home/airflow/.local/lib/python3.7/site-packages/airflow/example_dags/example_trigger_controller_dag.py
[2025-12-05T00:46:07.856+0000] {logging_mixin.py:117} INFO - [2025-12-05T00:46:07.855+0000] {manager.py:508} INFO - Created Permission View: can read on DAG:example_trigger_controller_dag
[2025-12-05T00:46:07.864+0000] {logging_mixin.py:117} INFO - [2025-12-05T00:46:07.863+0000] {manager.py:508} INFO - Created Permission View: can delete on DAG:example_trigger_controller_dag
[2025-12-05T00:46:07.873+0000] {logging_mixin.py:117} INFO - [2025-12-05T00:46:07.873+0000] {manager.py:508} INFO - Created Permission View: can edit on DAG:example_trigger_controller_dag
[2025-12-05T00:46:07.874+0000] {logging_mixin.py:117} INFO - [2025-12-05T00:46:07.874+0000] {dag.py:2573} INFO - Sync 1 DAGs
[2025-12-05T00:46:07.883+0000] {logging_mixin.py:117} INFO - [2025-12-05T00:46:07.883+0000] {dag.py:2594} INFO - Creating ORM DAG for example_trigger_controller_dag
[2025-12-05T00:46:08.011+0000] {logging_mixin.py:117} INFO - [2025-12-05T00:46:08.011+0000] {dag.py:3328} INFO - Setting next_dagrun for example_trigger_controller_dag to 2021-01-01T00:00:00+00:00, run_after=2021-01-01T00:00:00+00:00
[2025-12-05T00:46:08.030+0000] {processor.py:178} INFO - Processing /home/airflow/.local/lib/python3.7/site-packages/airflow/example_dags/example_trigger_controller_dag.py took 0.286 seconds
[2025-12-05T00:46:38.427+0000] {processor.py:156} INFO - Started process (PID=520) to work on /home/airflow/.local/lib/python3.7/site-packages/airflow/example_dags/example_trigger_controller_dag.py
[2025-12-05T00:46:38.428+0000] {processor.py:758} INFO - Processing file /home/airflow/.local/lib/python3.7/site-packages/airflow/example_dags/example_trigger_controller_dag.py for tasks to queue
[2025-12-05T00:46:38.430+0000] {logging_mixin.py:117} INFO - [2025-12-05T00:46:38.429+0000] {dagbag.py:525} INFO - Filling up the DagBag from /home/airflow/.local/lib/python3.7/site-packages/airflow/example_dags/example_trigger_controller_dag.py
[2025-12-05T00:46:38.435+0000] {processor.py:768} INFO - DAG(s) dict_keys(['example_trigger_controller_dag']) retrieved from /home/airflow/.local/lib/python3.7/site-packages/airflow/example_dags/example_trigger_controller_dag.py
[2025-12-05T00:46:38.457+0000] {logging_mixin.py:117} INFO - [2025-12-05T00:46:38.457+0000] {dag.py:2573} INFO - Sync 1 DAGs
[2025-12-05T00:46:38.469+0000] {logging_mixin.py:117} INFO - [2025-12-05T00:46:38.469+0000] {dag.py:3328} INFO - Setting next_dagrun for example_trigger_controller_dag to 2021-01-01T00:00:00+00:00, run_after=2021-01-01T00:00:00+00:00
[2025-12-05T00:46:38.478+0000] {processor.py:178} INFO - Processing /home/airflow/.local/lib/python3.7/site-packages/airflow/example_dags/example_trigger_controller_dag.py took 0.052 seconds
[2025-12-05T00:47:09.471+0000] {processor.py:156} INFO - Started process (PID=724) to work on /home/airflow/.local/lib/python3.7/site-packages/airflow/example_dags/example_trigger_controller_dag.py
[2025-12-05T00:47:09.472+0000] {processor.py:758} INFO - Processing file /home/airflow/.local/lib/python3.7/site-packages/airflow/example_dags/example_trigger_controller_dag.py for tasks to queue
[2025-12-05T00:47:09.472+0000] {logging_mixin.py:117} INFO - [2025-12-05T00:47:09.472+0000] {dagbag.py:525} INFO - Filling up the DagBag from /home/airflow/.local/lib/python3.7/site-packages/airflow/example_dags/example_trigger_controller_dag.py
[2025-12-05T00:47:09.478+0000] {processor.py:768} INFO - DAG(s) dict_keys(['example_trigger_controller_dag']) retrieved from /home/airflow/.local/lib/python3.7/site-packages/airflow/example_dags/example_trigger_controller_dag.py
[2025-12-05T00:47:09.495+0000] {logging_mixin.py:117} INFO - [2025-12-05T00:47:09.495+0000] {dag.py:2573} INFO - Sync 1 DAGs
[2025-12-05T00:47:09.505+0000] {logging_mixin.py:117} INFO - [2025-12-05T00:47:09.505+0000] {dag.py:3328} INFO - Setting next_dagrun for example_trigger_controller_dag to 2021-01-01T00:00:00+00:00, run_after=2021-01-01T00:00:00+00:00
[2025-12-05T00:47:09.512+0000] {processor.py:178} INFO - Processing /home/airflow/.local/lib/python3.7/site-packages/airflow/example_dags/example_trigger_controller_dag.py took 0.042 seconds
[2025-12-05T00:47:39.910+0000] {processor.py:156} INFO - Started process (PID=923) to work on /home/airflow/.local/lib/python3.7/site-packages/airflow/example_dags/example_trigger_controller_dag.py
[2025-12-05T00:47:39.911+0000] {processor.py:758} INFO - Processing file /home/airflow/.local/lib/python3.7/site-packages/airflow/example_dags/example_trigger_controller_dag.py for tasks to queue
[2025-12-05T00:47:39.911+0000] {logging_mixin.py:117} INFO - [2025-12-05T00:47:39.911+0000] {dagbag.py:525} INFO - Filling up the DagBag from /home/airflow/.local/lib/python3.7/site-packages/airflow/example_dags/example_trigger_controller_dag.py
[2025-12-05T00:47:39.918+0000] {processor.py:768} INFO - DAG(s) dict_keys(['example_trigger_controller_dag']) retrieved from /home/airflow/.local/lib/python3.7/site-packages/airflow/example_dags/example_trigger_controller_dag.py
[2025-12-05T00:47:39.939+0000] {logging_mixin.py:117} INFO - [2025-12-05T00:47:39.939+0000] {dag.py:2573} INFO - Sync 1 DAGs
[2025-12-05T00:47:39.952+0000] {logging_mixin.py:117} INFO - [2025-12-05T00:47:39.952+0000] {dag.py:3328} INFO - Setting next_dagrun for example_trigger_controller_dag to 2021-01-01T00:00:00+00:00, run_after=2021-01-01T00:00:00+00:00
[2025-12-05T00:47:39.966+0000] {processor.py:178} INFO - Processing /home/airflow/.local/lib/python3.7/site-packages/airflow/example_dags/example_trigger_controller_dag.py took 0.057 seconds
[2025-12-05T00:48:10.811+0000] {processor.py:156} INFO - Started process (PID=1126) to work on /home/airflow/.local/lib/python3.7/site-packages/airflow/example_dags/example_trigger_controller_dag.py
[2025-12-05T00:48:10.812+0000] {processor.py:758} INFO - Processing file /home/airflow/.local/lib/python3.7/site-packages/airflow/example_dags/example_trigger_controller_dag.py for tasks to queue
[2025-12-05T00:48:10.812+0000] {logging_mixin.py:117} INFO - [2025-12-05T00:48:10.812+0000] {dagbag.py:525} INFO - Filling up the DagBag from /home/airflow/.local/lib/python3.7/site-packages/airflow/example_dags/example_trigger_controller_dag.py
[2025-12-05T00:48:10.817+0000] {processor.py:768} INFO - DAG(s) dict_keys(['example_trigger_controller_dag']) retrieved from /home/airflow/.local/lib/python3.7/site-packages/airflow/example_dags/example_trigger_controller_dag.py
[2025-12-05T00:48:10.833+0000] {logging_mixin.py:117} INFO - [2025-12-05T00:48:10.833+0000] {dag.py:2573} INFO - Sync 1 DAGs
[2025-12-05T00:48:10.911+0000] {logging_mixin.py:117} INFO - [2025-12-05T00:48:10.911+0000] {dag.py:3328} INFO - Setting next_dagrun for example_trigger_controller_dag to 2021-01-01T00:00:00+00:00, run_after=2021-01-01T00:00:00+00:00
[2025-12-05T00:48:10.918+0000] {processor.py:178} INFO - Processing /home/airflow/.local/lib/python3.7/site-packages/airflow/example_dags/example_trigger_controller_dag.py took 0.109 seconds
[2025-12-05T00:48:41.770+0000] {processor.py:156} INFO - Started process (PID=1327) to work on /home/airflow/.local/lib/python3.7/site-packages/airflow/example_dags/example_trigger_controller_dag.py
[2025-12-05T00:48:41.770+0000] {processor.py:758} INFO - Processing file /home/airflow/.local/lib/python3.7/site-packages/airflow/example_dags/example_trigger_controller_dag.py for tasks to queue
[2025-12-05T00:48:41.771+0000] {logging_mixin.py:117} INFO - [2025-12-05T00:48:41.771+0000] {dagbag.py:525} INFO - Filling up the DagBag from /home/airflow/.local/lib/python3.7/site-packages/airflow/example_dags/example_trigger_controller_dag.py
[2025-12-05T00:48:41.777+0000] {processor.py:768} INFO - DAG(s) dict_keys(['example_trigger_controller_dag']) retrieved from /home/airflow/.local/lib/python3.7/site-packages/airflow/example_dags/example_trigger_controller_dag.py
[2025-12-05T00:48:41.799+0000] {logging_mixin.py:117} INFO - [2025-12-05T00:48:41.799+0000] {dag.py:2573} INFO - Sync 1 DAGs
[2025-12-05T00:48:41.906+0000] {logging_mixin.py:117} INFO - [2025-12-05T00:48:41.906+0000] {dag.py:3328} INFO - Setting next_dagrun for example_trigger_controller_dag to 2021-01-01T00:00:00+00:00, run_after=2021-01-01T00:00:00+00:00
[2025-12-05T00:48:41.917+0000] {processor.py:178} INFO - Processing /home/airflow/.local/lib/python3.7/site-packages/airflow/example_dags/example_trigger_controller_dag.py took 0.148 seconds
[2025-12-05T00:49:12.556+0000] {processor.py:156} INFO - Started process (PID=1526) to work on /home/airflow/.local/lib/python3.7/site-packages/airflow/example_dags/example_trigger_controller_dag.py
[2025-12-05T00:49:12.557+0000] {processor.py:758} INFO - Processing file /home/airflow/.local/lib/python3.7/site-packages/airflow/example_dags/example_trigger_controller_dag.py for tasks to queue
[2025-12-05T00:49:12.557+0000] {logging_mixin.py:117} INFO - [2025-12-05T00:49:12.557+0000] {dagbag.py:525} INFO - Filling up the DagBag from /home/airflow/.local/lib/python3.7/site-packages/airflow/example_dags/example_trigger_controller_dag.py
[2025-12-05T00:49:12.562+0000] {processor.py:768} INFO - DAG(s) dict_keys(['example_trigger_controller_dag']) retrieved from /home/airflow/.local/lib/python3.7/site-packages/airflow/example_dags/example_trigger_controller_dag.py
[2025-12-05T00:49:12.658+0000] {logging_mixin.py:117} INFO - [2025-12-05T00:49:12.658+0000] {dag.py:2573} INFO - Sync 1 DAGs
[2025-12-05T00:49:12.668+0000] {logging_mixin.py:117} INFO - [2025-12-05T00:49:12.668+0000] {dag.py:3328} INFO - Setting next_dagrun for example_trigger_controller_dag to 2021-01-01T00:00:00+00:00, run_after=2021-01-01T00:00:00+00:00
[2025-12-05T00:49:12.679+0000] {processor.py:178} INFO - Processing /home/airflow/.local/lib/python3.7/site-packages/airflow/example_dags/example_trigger_controller_dag.py took 0.124 seconds
[2025-12-05T00:49:43.007+0000] {processor.py:156} INFO - Started process (PID=1727) to work on /home/airflow/.local/lib/python3.7/site-packages/airflow/example_dags/example_trigger_controller_dag.py
[2025-12-05T00:49:43.008+0000] {processor.py:758} INFO - Processing file /home/airflow/.local/lib/python3.7/site-packages/airflow/example_dags/example_trigger_controller_dag.py for tasks to queue
[2025-12-05T00:49:43.008+0000] {logging_mixin.py:117} INFO - [2025-12-05T00:49:43.008+0000] {dagbag.py:525} INFO - Filling up the DagBag from /home/airflow/.local/lib/python3.7/site-packages/airflow/example_dags/example_trigger_controller_dag.py
[2025-12-05T00:49:43.014+0000] {processor.py:768} INFO - DAG(s) dict_keys(['example_trigger_controller_dag']) retrieved from /home/airflow/.local/lib/python3.7/site-packages/airflow/example_dags/example_trigger_controller_dag.py
[2025-12-05T00:49:43.111+0000] {logging_mixin.py:117} INFO - [2025-12-05T00:49:43.111+0000] {dag.py:2573} INFO - Sync 1 DAGs
[2025-12-05T00:49:43.122+0000] {logging_mixin.py:117} INFO - [2025-12-05T00:49:43.122+0000] {dag.py:3328} INFO - Setting next_dagrun for example_trigger_controller_dag to 2021-01-01T00:00:00+00:00, run_after=2021-01-01T00:00:00+00:00
[2025-12-05T00:49:43.131+0000] {processor.py:178} INFO - Processing /home/airflow/.local/lib/python3.7/site-packages/airflow/example_dags/example_trigger_controller_dag.py took 0.125 seconds
[2025-12-05T00:50:13.975+0000] {processor.py:156} INFO - Started process (PID=1929) to work on /home/airflow/.local/lib/python3.7/site-packages/airflow/example_dags/example_trigger_controller_dag.py
[2025-12-05T00:50:13.975+0000] {processor.py:758} INFO - Processing file /home/airflow/.local/lib/python3.7/site-packages/airflow/example_dags/example_trigger_controller_dag.py for tasks to queue
[2025-12-05T00:50:13.976+0000] {logging_mixin.py:117} INFO - [2025-12-05T00:50:13.976+0000] {dagbag.py:525} INFO - Filling up the DagBag from /home/airflow/.local/lib/python3.7/site-packages/airflow/example_dags/example_trigger_controller_dag.py
[2025-12-05T00:50:13.981+0000] {processor.py:768} INFO - DAG(s) dict_keys(['example_trigger_controller_dag']) retrieved from /home/airflow/.local/lib/python3.7/site-packages/airflow/example_dags/example_trigger_controller_dag.py
[2025-12-05T00:50:14.000+0000] {logging_mixin.py:117} INFO - [2025-12-05T00:50:14.000+0000] {dag.py:2573} INFO - Sync 1 DAGs
[2025-12-05T00:50:14.014+0000] {logging_mixin.py:117} INFO - [2025-12-05T00:50:14.014+0000] {dag.py:3328} INFO - Setting next_dagrun for example_trigger_controller_dag to 2021-01-01T00:00:00+00:00, run_after=2021-01-01T00:00:00+00:00
[2025-12-05T00:50:14.102+0000] {processor.py:178} INFO - Processing /home/airflow/.local/lib/python3.7/site-packages/airflow/example_dags/example_trigger_controller_dag.py took 0.130 seconds
[2025-12-05T00:50:44.703+0000] {processor.py:156} INFO - Started process (PID=2130) to work on /home/airflow/.local/lib/python3.7/site-packages/airflow/example_dags/example_trigger_controller_dag.py
[2025-12-05T00:50:44.705+0000] {processor.py:758} INFO - Processing file /home/airflow/.local/lib/python3.7/site-packages/airflow/example_dags/example_trigger_controller_dag.py for tasks to queue
[2025-12-05T00:50:44.706+0000] {logging_mixin.py:117} INFO - [2025-12-05T00:50:44.706+0000] {dagbag.py:525} INFO - Filling up the DagBag from /home/airflow/.local/lib/python3.7/site-packages/airflow/example_dags/example_trigger_controller_dag.py
[2025-12-05T00:50:44.713+0000] {processor.py:768} INFO - DAG(s) dict_keys(['example_trigger_controller_dag']) retrieved from /home/airflow/.local/lib/python3.7/site-packages/airflow/example_dags/example_trigger_controller_dag.py
[2025-12-05T00:50:44.733+0000] {logging_mixin.py:117} INFO - [2025-12-05T00:50:44.733+0000] {dag.py:2573} INFO - Sync 1 DAGs
[2025-12-05T00:50:44.838+0000] {logging_mixin.py:117} INFO - [2025-12-05T00:50:44.838+0000] {dag.py:3328} INFO - Setting next_dagrun for example_trigger_controller_dag to 2021-01-01T00:00:00+00:00, run_after=2021-01-01T00:00:00+00:00
[2025-12-05T00:50:44.851+0000] {processor.py:178} INFO - Processing /home/airflow/.local/lib/python3.7/site-packages/airflow/example_dags/example_trigger_controller_dag.py took 0.150 seconds
[2025-12-05T00:51:15.349+0000] {processor.py:156} INFO - Started process (PID=2331) to work on /home/airflow/.local/lib/python3.7/site-packages/airflow/example_dags/example_trigger_controller_dag.py
[2025-12-05T00:51:15.349+0000] {processor.py:758} INFO - Processing file /home/airflow/.local/lib/python3.7/site-packages/airflow/example_dags/example_trigger_controller_dag.py for tasks to queue
[2025-12-05T00:51:15.350+0000] {logging_mixin.py:117} INFO - [2025-12-05T00:51:15.350+0000] {dagbag.py:525} INFO - Filling up the DagBag from /home/airflow/.local/lib/python3.7/site-packages/airflow/example_dags/example_trigger_controller_dag.py
[2025-12-05T00:51:15.356+0000] {processor.py:768} INFO - DAG(s) dict_keys(['example_trigger_controller_dag']) retrieved from /home/airflow/.local/lib/python3.7/site-packages/airflow/example_dags/example_trigger_controller_dag.py
[2025-12-05T00:51:15.459+0000] {logging_mixin.py:117} INFO - [2025-12-05T00:51:15.459+0000] {dag.py:2573} INFO - Sync 1 DAGs
[2025-12-05T00:51:15.470+0000] {logging_mixin.py:117} INFO - [2025-12-05T00:51:15.470+0000] {dag.py:3328} INFO - Setting next_dagrun for example_trigger_controller_dag to 2021-01-01T00:00:00+00:00, run_after=2021-01-01T00:00:00+00:00
[2025-12-05T00:51:15.478+0000] {processor.py:178} INFO - Processing /home/airflow/.local/lib/python3.7/site-packages/airflow/example_dags/example_trigger_controller_dag.py took 0.131 seconds
[2025-12-05T00:51:46.282+0000] {processor.py:156} INFO - Started process (PID=2532) to work on /home/airflow/.local/lib/python3.7/site-packages/airflow/example_dags/example_trigger_controller_dag.py
[2025-12-05T00:51:46.283+0000] {processor.py:758} INFO - Processing file /home/airflow/.local/lib/python3.7/site-packages/airflow/example_dags/example_trigger_controller_dag.py for tasks to queue
[2025-12-05T00:51:46.283+0000] {logging_mixin.py:117} INFO - [2025-12-05T00:51:46.283+0000] {dagbag.py:525} INFO - Filling up the DagBag from /home/airflow/.local/lib/python3.7/site-packages/airflow/example_dags/example_trigger_controller_dag.py
[2025-12-05T00:51:46.290+0000] {processor.py:768} INFO - DAG(s) dict_keys(['example_trigger_controller_dag']) retrieved from /home/airflow/.local/lib/python3.7/site-packages/airflow/example_dags/example_trigger_controller_dag.py
[2025-12-05T00:51:46.421+0000] {logging_mixin.py:117} INFO - [2025-12-05T00:51:46.421+0000] {dag.py:2573} INFO - Sync 1 DAGs
[2025-12-05T00:51:46.437+0000] {logging_mixin.py:117} INFO - [2025-12-05T00:51:46.436+0000] {dag.py:3328} INFO - Setting next_dagrun for example_trigger_controller_dag to 2021-01-01T00:00:00+00:00, run_after=2021-01-01T00:00:00+00:00
[2025-12-05T00:51:46.453+0000] {processor.py:178} INFO - Processing /home/airflow/.local/lib/python3.7/site-packages/airflow/example_dags/example_trigger_controller_dag.py took 0.172 seconds
[2025-12-05T00:52:16.727+0000] {processor.py:156} INFO - Started process (PID=2733) to work on /home/airflow/.local/lib/python3.7/site-packages/airflow/example_dags/example_trigger_controller_dag.py
[2025-12-05T00:52:16.727+0000] {processor.py:758} INFO - Processing file /home/airflow/.local/lib/python3.7/site-packages/airflow/example_dags/example_trigger_controller_dag.py for tasks to queue
[2025-12-05T00:52:16.728+0000] {logging_mixin.py:117} INFO - [2025-12-05T00:52:16.728+0000] {dagbag.py:525} INFO - Filling up the DagBag from /home/airflow/.local/lib/python3.7/site-packages/airflow/example_dags/example_trigger_controller_dag.py
[2025-12-05T00:52:16.733+0000] {processor.py:768} INFO - DAG(s) dict_keys(['example_trigger_controller_dag']) retrieved from /home/airflow/.local/lib/python3.7/site-packages/airflow/example_dags/example_trigger_controller_dag.py
[2025-12-05T00:52:16.751+0000] {logging_mixin.py:117} INFO - [2025-12-05T00:52:16.751+0000] {dag.py:2573} INFO - Sync 1 DAGs
[2025-12-05T00:52:16.861+0000] {logging_mixin.py:117} INFO - [2025-12-05T00:52:16.861+0000] {dag.py:3328} INFO - Setting next_dagrun for example_trigger_controller_dag to 2021-01-01T00:00:00+00:00, run_after=2021-01-01T00:00:00+00:00
[2025-12-05T00:52:16.872+0000] {processor.py:178} INFO - Processing /home/airflow/.local/lib/python3.7/site-packages/airflow/example_dags/example_trigger_controller_dag.py took 0.147 seconds
[2025-12-05T00:52:47.315+0000] {processor.py:156} INFO - Started process (PID=2934) to work on /home/airflow/.local/lib/python3.7/site-packages/airflow/example_dags/example_trigger_controller_dag.py
[2025-12-05T00:52:47.319+0000] {processor.py:758} INFO - Processing file /home/airflow/.local/lib/python3.7/site-packages/airflow/example_dags/example_trigger_controller_dag.py for tasks to queue
[2025-12-05T00:52:47.320+0000] {logging_mixin.py:117} INFO - [2025-12-05T00:52:47.320+0000] {dagbag.py:525} INFO - Filling up the DagBag from /home/airflow/.local/lib/python3.7/site-packages/airflow/example_dags/example_trigger_controller_dag.py
[2025-12-05T00:52:47.330+0000] {processor.py:768} INFO - DAG(s) dict_keys(['example_trigger_controller_dag']) retrieved from /home/airflow/.local/lib/python3.7/site-packages/airflow/example_dags/example_trigger_controller_dag.py
[2025-12-05T00:52:47.360+0000] {logging_mixin.py:117} INFO - [2025-12-05T00:52:47.360+0000] {dag.py:2573} INFO - Sync 1 DAGs
[2025-12-05T00:52:47.481+0000] {logging_mixin.py:117} INFO - [2025-12-05T00:52:47.480+0000] {dag.py:3328} INFO - Setting next_dagrun for example_trigger_controller_dag to 2021-01-01T00:00:00+00:00, run_after=2021-01-01T00:00:00+00:00
[2025-12-05T00:52:47.488+0000] {processor.py:178} INFO - Processing /home/airflow/.local/lib/python3.7/site-packages/airflow/example_dags/example_trigger_controller_dag.py took 0.176 seconds
[2025-12-05T00:53:17.856+0000] {processor.py:156} INFO - Started process (PID=3135) to work on /home/airflow/.local/lib/python3.7/site-packages/airflow/example_dags/example_trigger_controller_dag.py
[2025-12-05T00:53:17.857+0000] {processor.py:758} INFO - Processing file /home/airflow/.local/lib/python3.7/site-packages/airflow/example_dags/example_trigger_controller_dag.py for tasks to queue
[2025-12-05T00:53:17.860+0000] {logging_mixin.py:117} INFO - [2025-12-05T00:53:17.860+0000] {dagbag.py:525} INFO - Filling up the DagBag from /home/airflow/.local/lib/python3.7/site-packages/airflow/example_dags/example_trigger_controller_dag.py
[2025-12-05T00:53:17.866+0000] {processor.py:768} INFO - DAG(s) dict_keys(['example_trigger_controller_dag']) retrieved from /home/airflow/.local/lib/python3.7/site-packages/airflow/example_dags/example_trigger_controller_dag.py
[2025-12-05T00:53:17.963+0000] {logging_mixin.py:117} INFO - [2025-12-05T00:53:17.963+0000] {dag.py:2573} INFO - Sync 1 DAGs
[2025-12-05T00:53:17.972+0000] {logging_mixin.py:117} INFO - [2025-12-05T00:53:17.972+0000] {dag.py:3328} INFO - Setting next_dagrun for example_trigger_controller_dag to 2021-01-01T00:00:00+00:00, run_after=2021-01-01T00:00:00+00:00
[2025-12-05T00:53:17.979+0000] {processor.py:178} INFO - Processing /home/airflow/.local/lib/python3.7/site-packages/airflow/example_dags/example_trigger_controller_dag.py took 0.125 seconds
[2025-12-05T00:53:48.872+0000] {processor.py:156} INFO - Started process (PID=3336) to work on /home/airflow/.local/lib/python3.7/site-packages/airflow/example_dags/example_trigger_controller_dag.py
[2025-12-05T00:53:48.873+0000] {processor.py:758} INFO - Processing file /home/airflow/.local/lib/python3.7/site-packages/airflow/example_dags/example_trigger_controller_dag.py for tasks to queue
[2025-12-05T00:53:48.873+0000] {logging_mixin.py:117} INFO - [2025-12-05T00:53:48.873+0000] {dagbag.py:525} INFO - Filling up the DagBag from /home/airflow/.local/lib/python3.7/site-packages/airflow/example_dags/example_trigger_controller_dag.py
[2025-12-05T00:53:48.879+0000] {processor.py:768} INFO - DAG(s) dict_keys(['example_trigger_controller_dag']) retrieved from /home/airflow/.local/lib/python3.7/site-packages/airflow/example_dags/example_trigger_controller_dag.py
[2025-12-05T00:53:48.990+0000] {logging_mixin.py:117} INFO - [2025-12-05T00:53:48.990+0000] {dag.py:2573} INFO - Sync 1 DAGs
[2025-12-05T00:53:49.001+0000] {logging_mixin.py:117} INFO - [2025-12-05T00:53:49.001+0000] {dag.py:3328} INFO - Setting next_dagrun for example_trigger_controller_dag to 2021-01-01T00:00:00+00:00, run_after=2021-01-01T00:00:00+00:00
[2025-12-05T00:53:49.010+0000] {processor.py:178} INFO - Processing /home/airflow/.local/lib/python3.7/site-packages/airflow/example_dags/example_trigger_controller_dag.py took 0.140 seconds
[2025-12-05T00:54:19.462+0000] {processor.py:156} INFO - Started process (PID=3537) to work on /home/airflow/.local/lib/python3.7/site-packages/airflow/example_dags/example_trigger_controller_dag.py
[2025-12-05T00:54:19.462+0000] {processor.py:758} INFO - Processing file /home/airflow/.local/lib/python3.7/site-packages/airflow/example_dags/example_trigger_controller_dag.py for tasks to queue
[2025-12-05T00:54:19.462+0000] {logging_mixin.py:117} INFO - [2025-12-05T00:54:19.462+0000] {dagbag.py:525} INFO - Filling up the DagBag from /home/airflow/.local/lib/python3.7/site-packages/airflow/example_dags/example_trigger_controller_dag.py
[2025-12-05T00:54:19.469+0000] {processor.py:768} INFO - DAG(s) dict_keys(['example_trigger_controller_dag']) retrieved from /home/airflow/.local/lib/python3.7/site-packages/airflow/example_dags/example_trigger_controller_dag.py
[2025-12-05T00:54:19.493+0000] {logging_mixin.py:117} INFO - [2025-12-05T00:54:19.493+0000] {dag.py:2573} INFO - Sync 1 DAGs
[2025-12-05T00:54:19.511+0000] {logging_mixin.py:117} INFO - [2025-12-05T00:54:19.511+0000] {dag.py:3328} INFO - Setting next_dagrun for example_trigger_controller_dag to 2021-01-01T00:00:00+00:00, run_after=2021-01-01T00:00:00+00:00
[2025-12-05T00:54:19.621+0000] {processor.py:178} INFO - Processing /home/airflow/.local/lib/python3.7/site-packages/airflow/example_dags/example_trigger_controller_dag.py took 0.161 seconds
[2025-12-05T00:54:50.257+0000] {processor.py:156} INFO - Started process (PID=3738) to work on /home/airflow/.local/lib/python3.7/site-packages/airflow/example_dags/example_trigger_controller_dag.py
[2025-12-05T00:54:50.258+0000] {processor.py:758} INFO - Processing file /home/airflow/.local/lib/python3.7/site-packages/airflow/example_dags/example_trigger_controller_dag.py for tasks to queue
[2025-12-05T00:54:50.258+0000] {logging_mixin.py:117} INFO - [2025-12-05T00:54:50.258+0000] {dagbag.py:525} INFO - Filling up the DagBag from /home/airflow/.local/lib/python3.7/site-packages/airflow/example_dags/example_trigger_controller_dag.py
[2025-12-05T00:54:50.264+0000] {processor.py:768} INFO - DAG(s) dict_keys(['example_trigger_controller_dag']) retrieved from /home/airflow/.local/lib/python3.7/site-packages/airflow/example_dags/example_trigger_controller_dag.py
[2025-12-05T00:54:50.286+0000] {logging_mixin.py:117} INFO - [2025-12-05T00:54:50.286+0000] {dag.py:2573} INFO - Sync 1 DAGs
[2025-12-05T00:54:50.389+0000] {logging_mixin.py:117} INFO - [2025-12-05T00:54:50.389+0000] {dag.py:3328} INFO - Setting next_dagrun for example_trigger_controller_dag to 2021-01-01T00:00:00+00:00, run_after=2021-01-01T00:00:00+00:00
[2025-12-05T00:54:50.399+0000] {processor.py:178} INFO - Processing /home/airflow/.local/lib/python3.7/site-packages/airflow/example_dags/example_trigger_controller_dag.py took 0.144 seconds
[2025-12-05T00:55:20.840+0000] {processor.py:156} INFO - Started process (PID=3938) to work on /home/airflow/.local/lib/python3.7/site-packages/airflow/example_dags/example_trigger_controller_dag.py
[2025-12-05T00:55:20.843+0000] {processor.py:758} INFO - Processing file /home/airflow/.local/lib/python3.7/site-packages/airflow/example_dags/example_trigger_controller_dag.py for tasks to queue
[2025-12-05T00:55:20.844+0000] {logging_mixin.py:117} INFO - [2025-12-05T00:55:20.844+0000] {dagbag.py:525} INFO - Filling up the DagBag from /home/airflow/.local/lib/python3.7/site-packages/airflow/example_dags/example_trigger_controller_dag.py
[2025-12-05T00:55:20.850+0000] {processor.py:768} INFO - DAG(s) dict_keys(['example_trigger_controller_dag']) retrieved from /home/airflow/.local/lib/python3.7/site-packages/airflow/example_dags/example_trigger_controller_dag.py
[2025-12-05T00:55:20.950+0000] {logging_mixin.py:117} INFO - [2025-12-05T00:55:20.950+0000] {dag.py:2573} INFO - Sync 1 DAGs
[2025-12-05T00:55:20.964+0000] {logging_mixin.py:117} INFO - [2025-12-05T00:55:20.963+0000] {dag.py:3328} INFO - Setting next_dagrun for example_trigger_controller_dag to 2021-01-01T00:00:00+00:00, run_after=2021-01-01T00:00:00+00:00
[2025-12-05T00:55:20.971+0000] {processor.py:178} INFO - Processing /home/airflow/.local/lib/python3.7/site-packages/airflow/example_dags/example_trigger_controller_dag.py took 0.133 seconds
[2025-12-05T00:55:51.321+0000] {processor.py:156} INFO - Started process (PID=4139) to work on /home/airflow/.local/lib/python3.7/site-packages/airflow/example_dags/example_trigger_controller_dag.py
[2025-12-05T00:55:51.325+0000] {processor.py:758} INFO - Processing file /home/airflow/.local/lib/python3.7/site-packages/airflow/example_dags/example_trigger_controller_dag.py for tasks to queue
[2025-12-05T00:55:51.325+0000] {logging_mixin.py:117} INFO - [2025-12-05T00:55:51.325+0000] {dagbag.py:525} INFO - Filling up the DagBag from /home/airflow/.local/lib/python3.7/site-packages/airflow/example_dags/example_trigger_controller_dag.py
[2025-12-05T00:55:51.337+0000] {processor.py:768} INFO - DAG(s) dict_keys(['example_trigger_controller_dag']) retrieved from /home/airflow/.local/lib/python3.7/site-packages/airflow/example_dags/example_trigger_controller_dag.py
[2025-12-05T00:55:51.538+0000] {logging_mixin.py:117} INFO - [2025-12-05T00:55:51.538+0000] {dag.py:2573} INFO - Sync 1 DAGs
[2025-12-05T00:55:51.553+0000] {logging_mixin.py:117} INFO - [2025-12-05T00:55:51.553+0000] {dag.py:3328} INFO - Setting next_dagrun for example_trigger_controller_dag to 2021-01-01T00:00:00+00:00, run_after=2021-01-01T00:00:00+00:00
[2025-12-05T00:55:51.564+0000] {processor.py:178} INFO - Processing /home/airflow/.local/lib/python3.7/site-packages/airflow/example_dags/example_trigger_controller_dag.py took 0.245 seconds
[2025-12-05T00:56:21.813+0000] {processor.py:156} INFO - Started process (PID=4341) to work on /home/airflow/.local/lib/python3.7/site-packages/airflow/example_dags/example_trigger_controller_dag.py
[2025-12-05T00:56:21.813+0000] {processor.py:758} INFO - Processing file /home/airflow/.local/lib/python3.7/site-packages/airflow/example_dags/example_trigger_controller_dag.py for tasks to queue
[2025-12-05T00:56:21.814+0000] {logging_mixin.py:117} INFO - [2025-12-05T00:56:21.813+0000] {dagbag.py:525} INFO - Filling up the DagBag from /home/airflow/.local/lib/python3.7/site-packages/airflow/example_dags/example_trigger_controller_dag.py
[2025-12-05T00:56:21.819+0000] {processor.py:768} INFO - DAG(s) dict_keys(['example_trigger_controller_dag']) retrieved from /home/airflow/.local/lib/python3.7/site-packages/airflow/example_dags/example_trigger_controller_dag.py
[2025-12-05T00:56:21.836+0000] {logging_mixin.py:117} INFO - [2025-12-05T00:56:21.836+0000] {dag.py:2573} INFO - Sync 1 DAGs
[2025-12-05T00:56:21.846+0000] {logging_mixin.py:117} INFO - [2025-12-05T00:56:21.845+0000] {dag.py:3328} INFO - Setting next_dagrun for example_trigger_controller_dag to 2021-01-01T00:00:00+00:00, run_after=2021-01-01T00:00:00+00:00
[2025-12-05T00:56:21.852+0000] {processor.py:178} INFO - Processing /home/airflow/.local/lib/python3.7/site-packages/airflow/example_dags/example_trigger_controller_dag.py took 0.041 seconds
[2025-12-05T00:56:52.692+0000] {processor.py:156} INFO - Started process (PID=4540) to work on /home/airflow/.local/lib/python3.7/site-packages/airflow/example_dags/example_trigger_controller_dag.py
[2025-12-05T00:56:52.692+0000] {processor.py:758} INFO - Processing file /home/airflow/.local/lib/python3.7/site-packages/airflow/example_dags/example_trigger_controller_dag.py for tasks to queue
[2025-12-05T00:56:52.693+0000] {logging_mixin.py:117} INFO - [2025-12-05T00:56:52.693+0000] {dagbag.py:525} INFO - Filling up the DagBag from /home/airflow/.local/lib/python3.7/site-packages/airflow/example_dags/example_trigger_controller_dag.py
[2025-12-05T00:56:52.702+0000] {processor.py:768} INFO - DAG(s) dict_keys(['example_trigger_controller_dag']) retrieved from /home/airflow/.local/lib/python3.7/site-packages/airflow/example_dags/example_trigger_controller_dag.py
[2025-12-05T00:56:52.726+0000] {logging_mixin.py:117} INFO - [2025-12-05T00:56:52.726+0000] {dag.py:2573} INFO - Sync 1 DAGs
[2025-12-05T00:56:52.741+0000] {logging_mixin.py:117} INFO - [2025-12-05T00:56:52.741+0000] {dag.py:3328} INFO - Setting next_dagrun for example_trigger_controller_dag to 2021-01-01T00:00:00+00:00, run_after=2021-01-01T00:00:00+00:00
[2025-12-05T00:56:52.751+0000] {processor.py:178} INFO - Processing /home/airflow/.local/lib/python3.7/site-packages/airflow/example_dags/example_trigger_controller_dag.py took 0.063 seconds
[2025-12-05T00:57:23.574+0000] {processor.py:156} INFO - Started process (PID=4747) to work on /home/airflow/.local/lib/python3.7/site-packages/airflow/example_dags/example_trigger_controller_dag.py
[2025-12-05T00:57:23.578+0000] {processor.py:758} INFO - Processing file /home/airflow/.local/lib/python3.7/site-packages/airflow/example_dags/example_trigger_controller_dag.py for tasks to queue
[2025-12-05T00:57:23.578+0000] {logging_mixin.py:117} INFO - [2025-12-05T00:57:23.578+0000] {dagbag.py:525} INFO - Filling up the DagBag from /home/airflow/.local/lib/python3.7/site-packages/airflow/example_dags/example_trigger_controller_dag.py
[2025-12-05T00:57:23.584+0000] {processor.py:768} INFO - DAG(s) dict_keys(['example_trigger_controller_dag']) retrieved from /home/airflow/.local/lib/python3.7/site-packages/airflow/example_dags/example_trigger_controller_dag.py
[2025-12-05T00:57:23.603+0000] {logging_mixin.py:117} INFO - [2025-12-05T00:57:23.603+0000] {dag.py:2573} INFO - Sync 1 DAGs
[2025-12-05T00:57:23.615+0000] {logging_mixin.py:117} INFO - [2025-12-05T00:57:23.615+0000] {dag.py:3328} INFO - Setting next_dagrun for example_trigger_controller_dag to 2021-01-01T00:00:00+00:00, run_after=2021-01-01T00:00:00+00:00
[2025-12-05T00:57:23.623+0000] {processor.py:178} INFO - Processing /home/airflow/.local/lib/python3.7/site-packages/airflow/example_dags/example_trigger_controller_dag.py took 0.050 seconds
[2025-12-05T00:57:54.494+0000] {processor.py:156} INFO - Started process (PID=4948) to work on /home/airflow/.local/lib/python3.7/site-packages/airflow/example_dags/example_trigger_controller_dag.py
[2025-12-05T00:57:54.498+0000] {processor.py:758} INFO - Processing file /home/airflow/.local/lib/python3.7/site-packages/airflow/example_dags/example_trigger_controller_dag.py for tasks to queue
[2025-12-05T00:57:54.499+0000] {logging_mixin.py:117} INFO - [2025-12-05T00:57:54.499+0000] {dagbag.py:525} INFO - Filling up the DagBag from /home/airflow/.local/lib/python3.7/site-packages/airflow/example_dags/example_trigger_controller_dag.py
[2025-12-05T00:57:54.505+0000] {processor.py:768} INFO - DAG(s) dict_keys(['example_trigger_controller_dag']) retrieved from /home/airflow/.local/lib/python3.7/site-packages/airflow/example_dags/example_trigger_controller_dag.py
[2025-12-05T00:57:54.525+0000] {logging_mixin.py:117} INFO - [2025-12-05T00:57:54.525+0000] {dag.py:2573} INFO - Sync 1 DAGs
[2025-12-05T00:57:54.541+0000] {logging_mixin.py:117} INFO - [2025-12-05T00:57:54.541+0000] {dag.py:3328} INFO - Setting next_dagrun for example_trigger_controller_dag to 2021-01-01T00:00:00+00:00, run_after=2021-01-01T00:00:00+00:00
[2025-12-05T00:57:54.560+0000] {processor.py:178} INFO - Processing /home/airflow/.local/lib/python3.7/site-packages/airflow/example_dags/example_trigger_controller_dag.py took 0.068 seconds
[2025-12-05T00:58:25.523+0000] {processor.py:156} INFO - Started process (PID=5149) to work on /home/airflow/.local/lib/python3.7/site-packages/airflow/example_dags/example_trigger_controller_dag.py
[2025-12-05T00:58:25.526+0000] {processor.py:758} INFO - Processing file /home/airflow/.local/lib/python3.7/site-packages/airflow/example_dags/example_trigger_controller_dag.py for tasks to queue
[2025-12-05T00:58:25.527+0000] {logging_mixin.py:117} INFO - [2025-12-05T00:58:25.527+0000] {dagbag.py:525} INFO - Filling up the DagBag from /home/airflow/.local/lib/python3.7/site-packages/airflow/example_dags/example_trigger_controller_dag.py
[2025-12-05T00:58:25.533+0000] {processor.py:768} INFO - DAG(s) dict_keys(['example_trigger_controller_dag']) retrieved from /home/airflow/.local/lib/python3.7/site-packages/airflow/example_dags/example_trigger_controller_dag.py
[2025-12-05T00:58:25.550+0000] {logging_mixin.py:117} INFO - [2025-12-05T00:58:25.550+0000] {dag.py:2573} INFO - Sync 1 DAGs
[2025-12-05T00:58:25.561+0000] {logging_mixin.py:117} INFO - [2025-12-05T00:58:25.561+0000] {dag.py:3328} INFO - Setting next_dagrun for example_trigger_controller_dag to 2021-01-01T00:00:00+00:00, run_after=2021-01-01T00:00:00+00:00
[2025-12-05T00:58:25.569+0000] {processor.py:178} INFO - Processing /home/airflow/.local/lib/python3.7/site-packages/airflow/example_dags/example_trigger_controller_dag.py took 0.048 seconds
[2025-12-05T00:58:56.310+0000] {processor.py:156} INFO - Started process (PID=5349) to work on /home/airflow/.local/lib/python3.7/site-packages/airflow/example_dags/example_trigger_controller_dag.py
[2025-12-05T00:58:56.311+0000] {processor.py:758} INFO - Processing file /home/airflow/.local/lib/python3.7/site-packages/airflow/example_dags/example_trigger_controller_dag.py for tasks to queue
[2025-12-05T00:58:56.311+0000] {logging_mixin.py:117} INFO - [2025-12-05T00:58:56.311+0000] {dagbag.py:525} INFO - Filling up the DagBag from /home/airflow/.local/lib/python3.7/site-packages/airflow/example_dags/example_trigger_controller_dag.py
[2025-12-05T00:58:56.317+0000] {processor.py:768} INFO - DAG(s) dict_keys(['example_trigger_controller_dag']) retrieved from /home/airflow/.local/lib/python3.7/site-packages/airflow/example_dags/example_trigger_controller_dag.py
[2025-12-05T00:58:56.337+0000] {logging_mixin.py:117} INFO - [2025-12-05T00:58:56.336+0000] {dag.py:2573} INFO - Sync 1 DAGs
[2025-12-05T00:58:56.349+0000] {logging_mixin.py:117} INFO - [2025-12-05T00:58:56.349+0000] {dag.py:3328} INFO - Setting next_dagrun for example_trigger_controller_dag to 2021-01-01T00:00:00+00:00, run_after=2021-01-01T00:00:00+00:00
[2025-12-05T00:58:56.358+0000] {processor.py:178} INFO - Processing /home/airflow/.local/lib/python3.7/site-packages/airflow/example_dags/example_trigger_controller_dag.py took 0.050 seconds
[2025-12-05T00:59:27.062+0000] {processor.py:156} INFO - Started process (PID=5550) to work on /home/airflow/.local/lib/python3.7/site-packages/airflow/example_dags/example_trigger_controller_dag.py
[2025-12-05T00:59:27.064+0000] {processor.py:758} INFO - Processing file /home/airflow/.local/lib/python3.7/site-packages/airflow/example_dags/example_trigger_controller_dag.py for tasks to queue
[2025-12-05T00:59:27.064+0000] {logging_mixin.py:117} INFO - [2025-12-05T00:59:27.064+0000] {dagbag.py:525} INFO - Filling up the DagBag from /home/airflow/.local/lib/python3.7/site-packages/airflow/example_dags/example_trigger_controller_dag.py
[2025-12-05T00:59:27.070+0000] {processor.py:768} INFO - DAG(s) dict_keys(['example_trigger_controller_dag']) retrieved from /home/airflow/.local/lib/python3.7/site-packages/airflow/example_dags/example_trigger_controller_dag.py
[2025-12-05T00:59:27.090+0000] {logging_mixin.py:117} INFO - [2025-12-05T00:59:27.090+0000] {dag.py:2573} INFO - Sync 1 DAGs
[2025-12-05T00:59:27.100+0000] {logging_mixin.py:117} INFO - [2025-12-05T00:59:27.100+0000] {dag.py:3328} INFO - Setting next_dagrun for example_trigger_controller_dag to 2021-01-01T00:00:00+00:00, run_after=2021-01-01T00:00:00+00:00
[2025-12-05T00:59:27.108+0000] {processor.py:178} INFO - Processing /home/airflow/.local/lib/python3.7/site-packages/airflow/example_dags/example_trigger_controller_dag.py took 0.047 seconds
[2025-12-05T00:59:58.011+0000] {processor.py:156} INFO - Started process (PID=5751) to work on /home/airflow/.local/lib/python3.7/site-packages/airflow/example_dags/example_trigger_controller_dag.py
[2025-12-05T00:59:58.012+0000] {processor.py:758} INFO - Processing file /home/airflow/.local/lib/python3.7/site-packages/airflow/example_dags/example_trigger_controller_dag.py for tasks to queue
[2025-12-05T00:59:58.012+0000] {logging_mixin.py:117} INFO - [2025-12-05T00:59:58.012+0000] {dagbag.py:525} INFO - Filling up the DagBag from /home/airflow/.local/lib/python3.7/site-packages/airflow/example_dags/example_trigger_controller_dag.py
[2025-12-05T00:59:58.018+0000] {processor.py:768} INFO - DAG(s) dict_keys(['example_trigger_controller_dag']) retrieved from /home/airflow/.local/lib/python3.7/site-packages/airflow/example_dags/example_trigger_controller_dag.py
[2025-12-05T00:59:58.036+0000] {logging_mixin.py:117} INFO - [2025-12-05T00:59:58.036+0000] {dag.py:2573} INFO - Sync 1 DAGs
[2025-12-05T00:59:58.049+0000] {logging_mixin.py:117} INFO - [2025-12-05T00:59:58.048+0000] {dag.py:3328} INFO - Setting next_dagrun for example_trigger_controller_dag to 2021-01-01T00:00:00+00:00, run_after=2021-01-01T00:00:00+00:00
[2025-12-05T00:59:58.057+0000] {processor.py:178} INFO - Processing /home/airflow/.local/lib/python3.7/site-packages/airflow/example_dags/example_trigger_controller_dag.py took 0.048 seconds
[2025-12-05T01:00:28.454+0000] {processor.py:156} INFO - Started process (PID=5952) to work on /home/airflow/.local/lib/python3.7/site-packages/airflow/example_dags/example_trigger_controller_dag.py
[2025-12-05T01:00:28.455+0000] {processor.py:758} INFO - Processing file /home/airflow/.local/lib/python3.7/site-packages/airflow/example_dags/example_trigger_controller_dag.py for tasks to queue
[2025-12-05T01:00:28.455+0000] {logging_mixin.py:117} INFO - [2025-12-05T01:00:28.455+0000] {dagbag.py:525} INFO - Filling up the DagBag from /home/airflow/.local/lib/python3.7/site-packages/airflow/example_dags/example_trigger_controller_dag.py
[2025-12-05T01:00:28.465+0000] {processor.py:768} INFO - DAG(s) dict_keys(['example_trigger_controller_dag']) retrieved from /home/airflow/.local/lib/python3.7/site-packages/airflow/example_dags/example_trigger_controller_dag.py
[2025-12-05T01:00:28.490+0000] {logging_mixin.py:117} INFO - [2025-12-05T01:00:28.490+0000] {dag.py:2573} INFO - Sync 1 DAGs
[2025-12-05T01:00:28.503+0000] {logging_mixin.py:117} INFO - [2025-12-05T01:00:28.503+0000] {dag.py:3328} INFO - Setting next_dagrun for example_trigger_controller_dag to 2021-01-01T00:00:00+00:00, run_after=2021-01-01T00:00:00+00:00
[2025-12-05T01:00:28.511+0000] {processor.py:178} INFO - Processing /home/airflow/.local/lib/python3.7/site-packages/airflow/example_dags/example_trigger_controller_dag.py took 0.059 seconds
[2025-12-05T01:00:58.609+0000] {processor.py:156} INFO - Started process (PID=6152) to work on /home/airflow/.local/lib/python3.7/site-packages/airflow/example_dags/example_trigger_controller_dag.py
[2025-12-05T01:00:58.610+0000] {processor.py:758} INFO - Processing file /home/airflow/.local/lib/python3.7/site-packages/airflow/example_dags/example_trigger_controller_dag.py for tasks to queue
[2025-12-05T01:00:58.610+0000] {logging_mixin.py:117} INFO - [2025-12-05T01:00:58.610+0000] {dagbag.py:525} INFO - Filling up the DagBag from /home/airflow/.local/lib/python3.7/site-packages/airflow/example_dags/example_trigger_controller_dag.py
[2025-12-05T01:00:58.617+0000] {processor.py:768} INFO - DAG(s) dict_keys(['example_trigger_controller_dag']) retrieved from /home/airflow/.local/lib/python3.7/site-packages/airflow/example_dags/example_trigger_controller_dag.py
[2025-12-05T01:00:58.639+0000] {logging_mixin.py:117} INFO - [2025-12-05T01:00:58.639+0000] {dag.py:2573} INFO - Sync 1 DAGs
[2025-12-05T01:00:58.652+0000] {logging_mixin.py:117} INFO - [2025-12-05T01:00:58.652+0000] {dag.py:3328} INFO - Setting next_dagrun for example_trigger_controller_dag to 2021-01-01T00:00:00+00:00, run_after=2021-01-01T00:00:00+00:00
[2025-12-05T01:00:58.664+0000] {processor.py:178} INFO - Processing /home/airflow/.local/lib/python3.7/site-packages/airflow/example_dags/example_trigger_controller_dag.py took 0.057 seconds
[2025-12-05T01:01:30.038+0000] {processor.py:156} INFO - Started process (PID=6352) to work on /home/airflow/.local/lib/python3.7/site-packages/airflow/example_dags/example_trigger_controller_dag.py
[2025-12-05T01:01:30.039+0000] {processor.py:758} INFO - Processing file /home/airflow/.local/lib/python3.7/site-packages/airflow/example_dags/example_trigger_controller_dag.py for tasks to queue
[2025-12-05T01:01:30.039+0000] {logging_mixin.py:117} INFO - [2025-12-05T01:01:30.039+0000] {dagbag.py:525} INFO - Filling up the DagBag from /home/airflow/.local/lib/python3.7/site-packages/airflow/example_dags/example_trigger_controller_dag.py
[2025-12-05T01:01:30.048+0000] {processor.py:768} INFO - DAG(s) dict_keys(['example_trigger_controller_dag']) retrieved from /home/airflow/.local/lib/python3.7/site-packages/airflow/example_dags/example_trigger_controller_dag.py
[2025-12-05T01:01:30.080+0000] {logging_mixin.py:117} INFO - [2025-12-05T01:01:30.080+0000] {dag.py:2573} INFO - Sync 1 DAGs
[2025-12-05T01:01:30.097+0000] {logging_mixin.py:117} INFO - [2025-12-05T01:01:30.097+0000] {dag.py:3328} INFO - Setting next_dagrun for example_trigger_controller_dag to 2021-01-01T00:00:00+00:00, run_after=2021-01-01T00:00:00+00:00
[2025-12-05T01:01:30.107+0000] {processor.py:178} INFO - Processing /home/airflow/.local/lib/python3.7/site-packages/airflow/example_dags/example_trigger_controller_dag.py took 0.071 seconds
[2025-12-05T01:02:01.022+0000] {processor.py:156} INFO - Started process (PID=6555) to work on /home/airflow/.local/lib/python3.7/site-packages/airflow/example_dags/example_trigger_controller_dag.py
[2025-12-05T01:02:01.023+0000] {processor.py:758} INFO - Processing file /home/airflow/.local/lib/python3.7/site-packages/airflow/example_dags/example_trigger_controller_dag.py for tasks to queue
[2025-12-05T01:02:01.023+0000] {logging_mixin.py:117} INFO - [2025-12-05T01:02:01.023+0000] {dagbag.py:525} INFO - Filling up the DagBag from /home/airflow/.local/lib/python3.7/site-packages/airflow/example_dags/example_trigger_controller_dag.py
[2025-12-05T01:02:01.029+0000] {processor.py:768} INFO - DAG(s) dict_keys(['example_trigger_controller_dag']) retrieved from /home/airflow/.local/lib/python3.7/site-packages/airflow/example_dags/example_trigger_controller_dag.py
[2025-12-05T01:02:01.048+0000] {logging_mixin.py:117} INFO - [2025-12-05T01:02:01.048+0000] {dag.py:2573} INFO - Sync 1 DAGs
[2025-12-05T01:02:01.059+0000] {logging_mixin.py:117} INFO - [2025-12-05T01:02:01.059+0000] {dag.py:3328} INFO - Setting next_dagrun for example_trigger_controller_dag to 2021-01-01T00:00:00+00:00, run_after=2021-01-01T00:00:00+00:00
[2025-12-05T01:02:01.067+0000] {processor.py:178} INFO - Processing /home/airflow/.local/lib/python3.7/site-packages/airflow/example_dags/example_trigger_controller_dag.py took 0.047 seconds
[2025-12-05T01:02:32.113+0000] {processor.py:156} INFO - Started process (PID=6754) to work on /home/airflow/.local/lib/python3.7/site-packages/airflow/example_dags/example_trigger_controller_dag.py
[2025-12-05T01:02:32.114+0000] {processor.py:758} INFO - Processing file /home/airflow/.local/lib/python3.7/site-packages/airflow/example_dags/example_trigger_controller_dag.py for tasks to queue
[2025-12-05T01:02:32.114+0000] {logging_mixin.py:117} INFO - [2025-12-05T01:02:32.114+0000] {dagbag.py:525} INFO - Filling up the DagBag from /home/airflow/.local/lib/python3.7/site-packages/airflow/example_dags/example_trigger_controller_dag.py
[2025-12-05T01:02:32.121+0000] {processor.py:768} INFO - DAG(s) dict_keys(['example_trigger_controller_dag']) retrieved from /home/airflow/.local/lib/python3.7/site-packages/airflow/example_dags/example_trigger_controller_dag.py
[2025-12-05T01:02:32.141+0000] {logging_mixin.py:117} INFO - [2025-12-05T01:02:32.140+0000] {dag.py:2573} INFO - Sync 1 DAGs
[2025-12-05T01:02:32.153+0000] {logging_mixin.py:117} INFO - [2025-12-05T01:02:32.153+0000] {dag.py:3328} INFO - Setting next_dagrun for example_trigger_controller_dag to 2021-01-01T00:00:00+00:00, run_after=2021-01-01T00:00:00+00:00
[2025-12-05T01:02:32.163+0000] {processor.py:178} INFO - Processing /home/airflow/.local/lib/python3.7/site-packages/airflow/example_dags/example_trigger_controller_dag.py took 0.052 seconds
[2025-12-05T01:03:03.096+0000] {processor.py:156} INFO - Started process (PID=6955) to work on /home/airflow/.local/lib/python3.7/site-packages/airflow/example_dags/example_trigger_controller_dag.py
[2025-12-05T01:03:03.097+0000] {processor.py:758} INFO - Processing file /home/airflow/.local/lib/python3.7/site-packages/airflow/example_dags/example_trigger_controller_dag.py for tasks to queue
[2025-12-05T01:03:03.097+0000] {logging_mixin.py:117} INFO - [2025-12-05T01:03:03.097+0000] {dagbag.py:525} INFO - Filling up the DagBag from /home/airflow/.local/lib/python3.7/site-packages/airflow/example_dags/example_trigger_controller_dag.py
[2025-12-05T01:03:03.104+0000] {processor.py:768} INFO - DAG(s) dict_keys(['example_trigger_controller_dag']) retrieved from /home/airflow/.local/lib/python3.7/site-packages/airflow/example_dags/example_trigger_controller_dag.py
[2025-12-05T01:03:03.122+0000] {logging_mixin.py:117} INFO - [2025-12-05T01:03:03.122+0000] {dag.py:2573} INFO - Sync 1 DAGs
[2025-12-05T01:03:03.134+0000] {logging_mixin.py:117} INFO - [2025-12-05T01:03:03.134+0000] {dag.py:3328} INFO - Setting next_dagrun for example_trigger_controller_dag to 2021-01-01T00:00:00+00:00, run_after=2021-01-01T00:00:00+00:00
[2025-12-05T01:03:03.142+0000] {processor.py:178} INFO - Processing /home/airflow/.local/lib/python3.7/site-packages/airflow/example_dags/example_trigger_controller_dag.py took 0.047 seconds
[2025-12-05T01:03:34.120+0000] {processor.py:156} INFO - Started process (PID=7158) to work on /home/airflow/.local/lib/python3.7/site-packages/airflow/example_dags/example_trigger_controller_dag.py
[2025-12-05T01:03:34.120+0000] {processor.py:758} INFO - Processing file /home/airflow/.local/lib/python3.7/site-packages/airflow/example_dags/example_trigger_controller_dag.py for tasks to queue
[2025-12-05T01:03:34.121+0000] {logging_mixin.py:117} INFO - [2025-12-05T01:03:34.120+0000] {dagbag.py:525} INFO - Filling up the DagBag from /home/airflow/.local/lib/python3.7/site-packages/airflow/example_dags/example_trigger_controller_dag.py
[2025-12-05T01:03:34.127+0000] {processor.py:768} INFO - DAG(s) dict_keys(['example_trigger_controller_dag']) retrieved from /home/airflow/.local/lib/python3.7/site-packages/airflow/example_dags/example_trigger_controller_dag.py
[2025-12-05T01:03:34.159+0000] {logging_mixin.py:117} INFO - [2025-12-05T01:03:34.158+0000] {dag.py:2573} INFO - Sync 1 DAGs
[2025-12-05T01:03:34.171+0000] {logging_mixin.py:117} INFO - [2025-12-05T01:03:34.171+0000] {dag.py:3328} INFO - Setting next_dagrun for example_trigger_controller_dag to 2021-01-01T00:00:00+00:00, run_after=2021-01-01T00:00:00+00:00
[2025-12-05T01:03:34.181+0000] {processor.py:178} INFO - Processing /home/airflow/.local/lib/python3.7/site-packages/airflow/example_dags/example_trigger_controller_dag.py took 0.063 seconds
[2025-12-05T01:04:04.903+0000] {processor.py:156} INFO - Started process (PID=7358) to work on /home/airflow/.local/lib/python3.7/site-packages/airflow/example_dags/example_trigger_controller_dag.py
[2025-12-05T01:04:04.905+0000] {processor.py:758} INFO - Processing file /home/airflow/.local/lib/python3.7/site-packages/airflow/example_dags/example_trigger_controller_dag.py for tasks to queue
[2025-12-05T01:04:04.905+0000] {logging_mixin.py:117} INFO - [2025-12-05T01:04:04.905+0000] {dagbag.py:525} INFO - Filling up the DagBag from /home/airflow/.local/lib/python3.7/site-packages/airflow/example_dags/example_trigger_controller_dag.py
[2025-12-05T01:04:04.912+0000] {processor.py:768} INFO - DAG(s) dict_keys(['example_trigger_controller_dag']) retrieved from /home/airflow/.local/lib/python3.7/site-packages/airflow/example_dags/example_trigger_controller_dag.py
[2025-12-05T01:04:04.930+0000] {logging_mixin.py:117} INFO - [2025-12-05T01:04:04.930+0000] {dag.py:2573} INFO - Sync 1 DAGs
[2025-12-05T01:04:04.941+0000] {logging_mixin.py:117} INFO - [2025-12-05T01:04:04.941+0000] {dag.py:3328} INFO - Setting next_dagrun for example_trigger_controller_dag to 2021-01-01T00:00:00+00:00, run_after=2021-01-01T00:00:00+00:00
[2025-12-05T01:04:04.949+0000] {processor.py:178} INFO - Processing /home/airflow/.local/lib/python3.7/site-packages/airflow/example_dags/example_trigger_controller_dag.py took 0.047 seconds
[2025-12-05T01:04:35.659+0000] {processor.py:156} INFO - Started process (PID=7557) to work on /home/airflow/.local/lib/python3.7/site-packages/airflow/example_dags/example_trigger_controller_dag.py
[2025-12-05T01:04:35.659+0000] {processor.py:758} INFO - Processing file /home/airflow/.local/lib/python3.7/site-packages/airflow/example_dags/example_trigger_controller_dag.py for tasks to queue
[2025-12-05T01:04:35.661+0000] {logging_mixin.py:117} INFO - [2025-12-05T01:04:35.660+0000] {dagbag.py:525} INFO - Filling up the DagBag from /home/airflow/.local/lib/python3.7/site-packages/airflow/example_dags/example_trigger_controller_dag.py
[2025-12-05T01:04:35.667+0000] {processor.py:768} INFO - DAG(s) dict_keys(['example_trigger_controller_dag']) retrieved from /home/airflow/.local/lib/python3.7/site-packages/airflow/example_dags/example_trigger_controller_dag.py
[2025-12-05T01:04:35.685+0000] {logging_mixin.py:117} INFO - [2025-12-05T01:04:35.685+0000] {dag.py:2573} INFO - Sync 1 DAGs
[2025-12-05T01:04:35.696+0000] {logging_mixin.py:117} INFO - [2025-12-05T01:04:35.696+0000] {dag.py:3328} INFO - Setting next_dagrun for example_trigger_controller_dag to 2021-01-01T00:00:00+00:00, run_after=2021-01-01T00:00:00+00:00
[2025-12-05T01:04:35.704+0000] {processor.py:178} INFO - Processing /home/airflow/.local/lib/python3.7/site-packages/airflow/example_dags/example_trigger_controller_dag.py took 0.047 seconds
[2025-12-05T01:05:06.385+0000] {processor.py:156} INFO - Started process (PID=7760) to work on /home/airflow/.local/lib/python3.7/site-packages/airflow/example_dags/example_trigger_controller_dag.py
[2025-12-05T01:05:06.386+0000] {processor.py:758} INFO - Processing file /home/airflow/.local/lib/python3.7/site-packages/airflow/example_dags/example_trigger_controller_dag.py for tasks to queue
[2025-12-05T01:05:06.386+0000] {logging_mixin.py:117} INFO - [2025-12-05T01:05:06.386+0000] {dagbag.py:525} INFO - Filling up the DagBag from /home/airflow/.local/lib/python3.7/site-packages/airflow/example_dags/example_trigger_controller_dag.py
[2025-12-05T01:05:06.392+0000] {processor.py:768} INFO - DAG(s) dict_keys(['example_trigger_controller_dag']) retrieved from /home/airflow/.local/lib/python3.7/site-packages/airflow/example_dags/example_trigger_controller_dag.py
[2025-12-05T01:05:06.413+0000] {logging_mixin.py:117} INFO - [2025-12-05T01:05:06.413+0000] {dag.py:2573} INFO - Sync 1 DAGs
[2025-12-05T01:05:06.424+0000] {logging_mixin.py:117} INFO - [2025-12-05T01:05:06.424+0000] {dag.py:3328} INFO - Setting next_dagrun for example_trigger_controller_dag to 2021-01-01T00:00:00+00:00, run_after=2021-01-01T00:00:00+00:00
[2025-12-05T01:05:06.433+0000] {processor.py:178} INFO - Processing /home/airflow/.local/lib/python3.7/site-packages/airflow/example_dags/example_trigger_controller_dag.py took 0.052 seconds
[2025-12-05T01:05:37.336+0000] {processor.py:156} INFO - Started process (PID=7961) to work on /home/airflow/.local/lib/python3.7/site-packages/airflow/example_dags/example_trigger_controller_dag.py
[2025-12-05T01:05:37.337+0000] {processor.py:758} INFO - Processing file /home/airflow/.local/lib/python3.7/site-packages/airflow/example_dags/example_trigger_controller_dag.py for tasks to queue
[2025-12-05T01:05:37.337+0000] {logging_mixin.py:117} INFO - [2025-12-05T01:05:37.337+0000] {dagbag.py:525} INFO - Filling up the DagBag from /home/airflow/.local/lib/python3.7/site-packages/airflow/example_dags/example_trigger_controller_dag.py
[2025-12-05T01:05:37.343+0000] {processor.py:768} INFO - DAG(s) dict_keys(['example_trigger_controller_dag']) retrieved from /home/airflow/.local/lib/python3.7/site-packages/airflow/example_dags/example_trigger_controller_dag.py
[2025-12-05T01:05:37.363+0000] {logging_mixin.py:117} INFO - [2025-12-05T01:05:37.363+0000] {dag.py:2573} INFO - Sync 1 DAGs
[2025-12-05T01:05:37.382+0000] {logging_mixin.py:117} INFO - [2025-12-05T01:05:37.382+0000] {dag.py:3328} INFO - Setting next_dagrun for example_trigger_controller_dag to 2021-01-01T00:00:00+00:00, run_after=2021-01-01T00:00:00+00:00
[2025-12-05T01:05:37.396+0000] {processor.py:178} INFO - Processing /home/airflow/.local/lib/python3.7/site-packages/airflow/example_dags/example_trigger_controller_dag.py took 0.062 seconds
[2025-12-05T01:06:08.240+0000] {processor.py:156} INFO - Started process (PID=8169) to work on /home/airflow/.local/lib/python3.7/site-packages/airflow/example_dags/example_trigger_controller_dag.py
[2025-12-05T01:06:08.240+0000] {processor.py:758} INFO - Processing file /home/airflow/.local/lib/python3.7/site-packages/airflow/example_dags/example_trigger_controller_dag.py for tasks to queue
[2025-12-05T01:06:08.241+0000] {logging_mixin.py:117} INFO - [2025-12-05T01:06:08.241+0000] {dagbag.py:525} INFO - Filling up the DagBag from /home/airflow/.local/lib/python3.7/site-packages/airflow/example_dags/example_trigger_controller_dag.py
[2025-12-05T01:06:08.247+0000] {processor.py:768} INFO - DAG(s) dict_keys(['example_trigger_controller_dag']) retrieved from /home/airflow/.local/lib/python3.7/site-packages/airflow/example_dags/example_trigger_controller_dag.py
[2025-12-05T01:06:08.265+0000] {logging_mixin.py:117} INFO - [2025-12-05T01:06:08.265+0000] {dag.py:2573} INFO - Sync 1 DAGs
[2025-12-05T01:06:08.279+0000] {logging_mixin.py:117} INFO - [2025-12-05T01:06:08.279+0000] {dag.py:3328} INFO - Setting next_dagrun for example_trigger_controller_dag to 2021-01-01T00:00:00+00:00, run_after=2021-01-01T00:00:00+00:00
[2025-12-05T01:06:08.287+0000] {processor.py:178} INFO - Processing /home/airflow/.local/lib/python3.7/site-packages/airflow/example_dags/example_trigger_controller_dag.py took 0.048 seconds
[2025-12-05T01:06:38.610+0000] {processor.py:156} INFO - Started process (PID=8368) to work on /home/airflow/.local/lib/python3.7/site-packages/airflow/example_dags/example_trigger_controller_dag.py
[2025-12-05T01:06:38.612+0000] {processor.py:758} INFO - Processing file /home/airflow/.local/lib/python3.7/site-packages/airflow/example_dags/example_trigger_controller_dag.py for tasks to queue
[2025-12-05T01:06:38.612+0000] {logging_mixin.py:117} INFO - [2025-12-05T01:06:38.612+0000] {dagbag.py:525} INFO - Filling up the DagBag from /home/airflow/.local/lib/python3.7/site-packages/airflow/example_dags/example_trigger_controller_dag.py
[2025-12-05T01:06:38.618+0000] {processor.py:768} INFO - DAG(s) dict_keys(['example_trigger_controller_dag']) retrieved from /home/airflow/.local/lib/python3.7/site-packages/airflow/example_dags/example_trigger_controller_dag.py
[2025-12-05T01:06:38.639+0000] {logging_mixin.py:117} INFO - [2025-12-05T01:06:38.639+0000] {dag.py:2573} INFO - Sync 1 DAGs
[2025-12-05T01:06:38.652+0000] {logging_mixin.py:117} INFO - [2025-12-05T01:06:38.652+0000] {dag.py:3328} INFO - Setting next_dagrun for example_trigger_controller_dag to 2021-01-01T00:00:00+00:00, run_after=2021-01-01T00:00:00+00:00
[2025-12-05T01:06:38.669+0000] {processor.py:178} INFO - Processing /home/airflow/.local/lib/python3.7/site-packages/airflow/example_dags/example_trigger_controller_dag.py took 0.060 seconds
[2025-12-05T01:07:09.130+0000] {processor.py:156} INFO - Started process (PID=8571) to work on /home/airflow/.local/lib/python3.7/site-packages/airflow/example_dags/example_trigger_controller_dag.py
[2025-12-05T01:07:09.130+0000] {processor.py:758} INFO - Processing file /home/airflow/.local/lib/python3.7/site-packages/airflow/example_dags/example_trigger_controller_dag.py for tasks to queue
[2025-12-05T01:07:09.131+0000] {logging_mixin.py:117} INFO - [2025-12-05T01:07:09.131+0000] {dagbag.py:525} INFO - Filling up the DagBag from /home/airflow/.local/lib/python3.7/site-packages/airflow/example_dags/example_trigger_controller_dag.py
[2025-12-05T01:07:09.137+0000] {processor.py:768} INFO - DAG(s) dict_keys(['example_trigger_controller_dag']) retrieved from /home/airflow/.local/lib/python3.7/site-packages/airflow/example_dags/example_trigger_controller_dag.py
[2025-12-05T01:07:09.154+0000] {logging_mixin.py:117} INFO - [2025-12-05T01:07:09.154+0000] {dag.py:2573} INFO - Sync 1 DAGs
[2025-12-05T01:07:09.164+0000] {logging_mixin.py:117} INFO - [2025-12-05T01:07:09.164+0000] {dag.py:3328} INFO - Setting next_dagrun for example_trigger_controller_dag to 2021-01-01T00:00:00+00:00, run_after=2021-01-01T00:00:00+00:00
[2025-12-05T01:07:09.172+0000] {processor.py:178} INFO - Processing /home/airflow/.local/lib/python3.7/site-packages/airflow/example_dags/example_trigger_controller_dag.py took 0.044 seconds
[2025-12-05T01:07:40.501+0000] {processor.py:156} INFO - Started process (PID=8770) to work on /home/airflow/.local/lib/python3.7/site-packages/airflow/example_dags/example_trigger_controller_dag.py
[2025-12-05T01:07:40.502+0000] {processor.py:758} INFO - Processing file /home/airflow/.local/lib/python3.7/site-packages/airflow/example_dags/example_trigger_controller_dag.py for tasks to queue
[2025-12-05T01:07:40.503+0000] {logging_mixin.py:117} INFO - [2025-12-05T01:07:40.503+0000] {dagbag.py:525} INFO - Filling up the DagBag from /home/airflow/.local/lib/python3.7/site-packages/airflow/example_dags/example_trigger_controller_dag.py
[2025-12-05T01:07:40.512+0000] {processor.py:768} INFO - DAG(s) dict_keys(['example_trigger_controller_dag']) retrieved from /home/airflow/.local/lib/python3.7/site-packages/airflow/example_dags/example_trigger_controller_dag.py
[2025-12-05T01:07:40.540+0000] {logging_mixin.py:117} INFO - [2025-12-05T01:07:40.540+0000] {dag.py:2573} INFO - Sync 1 DAGs
[2025-12-05T01:07:40.551+0000] {logging_mixin.py:117} INFO - [2025-12-05T01:07:40.551+0000] {dag.py:3328} INFO - Setting next_dagrun for example_trigger_controller_dag to 2021-01-01T00:00:00+00:00, run_after=2021-01-01T00:00:00+00:00
[2025-12-05T01:07:40.565+0000] {processor.py:178} INFO - Processing /home/airflow/.local/lib/python3.7/site-packages/airflow/example_dags/example_trigger_controller_dag.py took 0.066 seconds
[2025-12-05T01:08:10.775+0000] {processor.py:156} INFO - Started process (PID=8971) to work on /home/airflow/.local/lib/python3.7/site-packages/airflow/example_dags/example_trigger_controller_dag.py
[2025-12-05T01:08:10.780+0000] {processor.py:758} INFO - Processing file /home/airflow/.local/lib/python3.7/site-packages/airflow/example_dags/example_trigger_controller_dag.py for tasks to queue
[2025-12-05T01:08:10.781+0000] {logging_mixin.py:117} INFO - [2025-12-05T01:08:10.780+0000] {dagbag.py:525} INFO - Filling up the DagBag from /home/airflow/.local/lib/python3.7/site-packages/airflow/example_dags/example_trigger_controller_dag.py
[2025-12-05T01:08:10.792+0000] {processor.py:768} INFO - DAG(s) dict_keys(['example_trigger_controller_dag']) retrieved from /home/airflow/.local/lib/python3.7/site-packages/airflow/example_dags/example_trigger_controller_dag.py
[2025-12-05T01:08:10.822+0000] {logging_mixin.py:117} INFO - [2025-12-05T01:08:10.822+0000] {dag.py:2573} INFO - Sync 1 DAGs
[2025-12-05T01:08:10.837+0000] {logging_mixin.py:117} INFO - [2025-12-05T01:08:10.837+0000] {dag.py:3328} INFO - Setting next_dagrun for example_trigger_controller_dag to 2021-01-01T00:00:00+00:00, run_after=2021-01-01T00:00:00+00:00
[2025-12-05T01:08:10.846+0000] {processor.py:178} INFO - Processing /home/airflow/.local/lib/python3.7/site-packages/airflow/example_dags/example_trigger_controller_dag.py took 0.073 seconds
[2025-12-05T01:08:41.060+0000] {processor.py:156} INFO - Started process (PID=9174) to work on /home/airflow/.local/lib/python3.7/site-packages/airflow/example_dags/example_trigger_controller_dag.py
[2025-12-05T01:08:41.061+0000] {processor.py:758} INFO - Processing file /home/airflow/.local/lib/python3.7/site-packages/airflow/example_dags/example_trigger_controller_dag.py for tasks to queue
[2025-12-05T01:08:41.061+0000] {logging_mixin.py:117} INFO - [2025-12-05T01:08:41.061+0000] {dagbag.py:525} INFO - Filling up the DagBag from /home/airflow/.local/lib/python3.7/site-packages/airflow/example_dags/example_trigger_controller_dag.py
[2025-12-05T01:08:41.067+0000] {processor.py:768} INFO - DAG(s) dict_keys(['example_trigger_controller_dag']) retrieved from /home/airflow/.local/lib/python3.7/site-packages/airflow/example_dags/example_trigger_controller_dag.py
[2025-12-05T01:08:41.090+0000] {logging_mixin.py:117} INFO - [2025-12-05T01:08:41.090+0000] {dag.py:2573} INFO - Sync 1 DAGs
[2025-12-05T01:08:41.101+0000] {logging_mixin.py:117} INFO - [2025-12-05T01:08:41.101+0000] {dag.py:3328} INFO - Setting next_dagrun for example_trigger_controller_dag to 2021-01-01T00:00:00+00:00, run_after=2021-01-01T00:00:00+00:00
[2025-12-05T01:08:41.111+0000] {processor.py:178} INFO - Processing /home/airflow/.local/lib/python3.7/site-packages/airflow/example_dags/example_trigger_controller_dag.py took 0.053 seconds
[2025-12-05T01:09:11.255+0000] {processor.py:156} INFO - Started process (PID=9375) to work on /home/airflow/.local/lib/python3.7/site-packages/airflow/example_dags/example_trigger_controller_dag.py
[2025-12-05T01:09:11.255+0000] {processor.py:758} INFO - Processing file /home/airflow/.local/lib/python3.7/site-packages/airflow/example_dags/example_trigger_controller_dag.py for tasks to queue
[2025-12-05T01:09:11.256+0000] {logging_mixin.py:117} INFO - [2025-12-05T01:09:11.256+0000] {dagbag.py:525} INFO - Filling up the DagBag from /home/airflow/.local/lib/python3.7/site-packages/airflow/example_dags/example_trigger_controller_dag.py
[2025-12-05T01:09:11.266+0000] {processor.py:768} INFO - DAG(s) dict_keys(['example_trigger_controller_dag']) retrieved from /home/airflow/.local/lib/python3.7/site-packages/airflow/example_dags/example_trigger_controller_dag.py
[2025-12-05T01:09:11.298+0000] {logging_mixin.py:117} INFO - [2025-12-05T01:09:11.298+0000] {dag.py:2573} INFO - Sync 1 DAGs
[2025-12-05T01:09:11.316+0000] {logging_mixin.py:117} INFO - [2025-12-05T01:09:11.316+0000] {dag.py:3328} INFO - Setting next_dagrun for example_trigger_controller_dag to 2021-01-01T00:00:00+00:00, run_after=2021-01-01T00:00:00+00:00
[2025-12-05T01:09:11.329+0000] {processor.py:178} INFO - Processing /home/airflow/.local/lib/python3.7/site-packages/airflow/example_dags/example_trigger_controller_dag.py took 0.076 seconds
[2025-12-05T01:09:41.465+0000] {processor.py:156} INFO - Started process (PID=9574) to work on /home/airflow/.local/lib/python3.7/site-packages/airflow/example_dags/example_trigger_controller_dag.py
[2025-12-05T01:09:41.465+0000] {processor.py:758} INFO - Processing file /home/airflow/.local/lib/python3.7/site-packages/airflow/example_dags/example_trigger_controller_dag.py for tasks to queue
[2025-12-05T01:09:41.466+0000] {logging_mixin.py:117} INFO - [2025-12-05T01:09:41.466+0000] {dagbag.py:525} INFO - Filling up the DagBag from /home/airflow/.local/lib/python3.7/site-packages/airflow/example_dags/example_trigger_controller_dag.py
[2025-12-05T01:09:41.474+0000] {processor.py:768} INFO - DAG(s) dict_keys(['example_trigger_controller_dag']) retrieved from /home/airflow/.local/lib/python3.7/site-packages/airflow/example_dags/example_trigger_controller_dag.py
[2025-12-05T01:09:41.496+0000] {logging_mixin.py:117} INFO - [2025-12-05T01:09:41.495+0000] {dag.py:2573} INFO - Sync 1 DAGs
[2025-12-05T01:09:41.506+0000] {logging_mixin.py:117} INFO - [2025-12-05T01:09:41.506+0000] {dag.py:3328} INFO - Setting next_dagrun for example_trigger_controller_dag to 2021-01-01T00:00:00+00:00, run_after=2021-01-01T00:00:00+00:00
[2025-12-05T01:09:41.520+0000] {processor.py:178} INFO - Processing /home/airflow/.local/lib/python3.7/site-packages/airflow/example_dags/example_trigger_controller_dag.py took 0.056 seconds
[2025-12-05T01:10:12.629+0000] {processor.py:156} INFO - Started process (PID=9775) to work on /home/airflow/.local/lib/python3.7/site-packages/airflow/example_dags/example_trigger_controller_dag.py
[2025-12-05T01:10:12.632+0000] {processor.py:758} INFO - Processing file /home/airflow/.local/lib/python3.7/site-packages/airflow/example_dags/example_trigger_controller_dag.py for tasks to queue
[2025-12-05T01:10:12.632+0000] {logging_mixin.py:117} INFO - [2025-12-05T01:10:12.632+0000] {dagbag.py:525} INFO - Filling up the DagBag from /home/airflow/.local/lib/python3.7/site-packages/airflow/example_dags/example_trigger_controller_dag.py
[2025-12-05T01:10:12.639+0000] {processor.py:768} INFO - DAG(s) dict_keys(['example_trigger_controller_dag']) retrieved from /home/airflow/.local/lib/python3.7/site-packages/airflow/example_dags/example_trigger_controller_dag.py
[2025-12-05T01:10:12.658+0000] {logging_mixin.py:117} INFO - [2025-12-05T01:10:12.658+0000] {dag.py:2573} INFO - Sync 1 DAGs
[2025-12-05T01:10:12.671+0000] {logging_mixin.py:117} INFO - [2025-12-05T01:10:12.671+0000] {dag.py:3328} INFO - Setting next_dagrun for example_trigger_controller_dag to 2021-01-01T00:00:00+00:00, run_after=2021-01-01T00:00:00+00:00
[2025-12-05T01:10:12.684+0000] {processor.py:178} INFO - Processing /home/airflow/.local/lib/python3.7/site-packages/airflow/example_dags/example_trigger_controller_dag.py took 0.057 seconds
[2025-12-05T01:10:43.357+0000] {processor.py:156} INFO - Started process (PID=9978) to work on /home/airflow/.local/lib/python3.7/site-packages/airflow/example_dags/example_trigger_controller_dag.py
[2025-12-05T01:10:43.357+0000] {processor.py:758} INFO - Processing file /home/airflow/.local/lib/python3.7/site-packages/airflow/example_dags/example_trigger_controller_dag.py for tasks to queue
[2025-12-05T01:10:43.357+0000] {logging_mixin.py:117} INFO - [2025-12-05T01:10:43.357+0000] {dagbag.py:525} INFO - Filling up the DagBag from /home/airflow/.local/lib/python3.7/site-packages/airflow/example_dags/example_trigger_controller_dag.py
[2025-12-05T01:10:43.363+0000] {processor.py:768} INFO - DAG(s) dict_keys(['example_trigger_controller_dag']) retrieved from /home/airflow/.local/lib/python3.7/site-packages/airflow/example_dags/example_trigger_controller_dag.py
[2025-12-05T01:10:43.380+0000] {logging_mixin.py:117} INFO - [2025-12-05T01:10:43.380+0000] {dag.py:2573} INFO - Sync 1 DAGs
[2025-12-05T01:10:43.390+0000] {logging_mixin.py:117} INFO - [2025-12-05T01:10:43.390+0000] {dag.py:3328} INFO - Setting next_dagrun for example_trigger_controller_dag to 2021-01-01T00:00:00+00:00, run_after=2021-01-01T00:00:00+00:00
[2025-12-05T01:10:43.397+0000] {processor.py:178} INFO - Processing /home/airflow/.local/lib/python3.7/site-packages/airflow/example_dags/example_trigger_controller_dag.py took 0.042 seconds
[2025-12-05T01:11:14.285+0000] {processor.py:156} INFO - Started process (PID=10179) to work on /home/airflow/.local/lib/python3.7/site-packages/airflow/example_dags/example_trigger_controller_dag.py
[2025-12-05T01:11:14.286+0000] {processor.py:758} INFO - Processing file /home/airflow/.local/lib/python3.7/site-packages/airflow/example_dags/example_trigger_controller_dag.py for tasks to queue
[2025-12-05T01:11:14.286+0000] {logging_mixin.py:117} INFO - [2025-12-05T01:11:14.286+0000] {dagbag.py:525} INFO - Filling up the DagBag from /home/airflow/.local/lib/python3.7/site-packages/airflow/example_dags/example_trigger_controller_dag.py
[2025-12-05T01:11:14.292+0000] {processor.py:768} INFO - DAG(s) dict_keys(['example_trigger_controller_dag']) retrieved from /home/airflow/.local/lib/python3.7/site-packages/airflow/example_dags/example_trigger_controller_dag.py
[2025-12-05T01:11:14.311+0000] {logging_mixin.py:117} INFO - [2025-12-05T01:11:14.311+0000] {dag.py:2573} INFO - Sync 1 DAGs
[2025-12-05T01:11:14.322+0000] {logging_mixin.py:117} INFO - [2025-12-05T01:11:14.322+0000] {dag.py:3328} INFO - Setting next_dagrun for example_trigger_controller_dag to 2021-01-01T00:00:00+00:00, run_after=2021-01-01T00:00:00+00:00
[2025-12-05T01:11:14.332+0000] {processor.py:178} INFO - Processing /home/airflow/.local/lib/python3.7/site-packages/airflow/example_dags/example_trigger_controller_dag.py took 0.048 seconds
[2025-12-05T01:11:45.121+0000] {processor.py:156} INFO - Started process (PID=10377) to work on /home/airflow/.local/lib/python3.7/site-packages/airflow/example_dags/example_trigger_controller_dag.py
[2025-12-05T01:11:45.122+0000] {processor.py:758} INFO - Processing file /home/airflow/.local/lib/python3.7/site-packages/airflow/example_dags/example_trigger_controller_dag.py for tasks to queue
[2025-12-05T01:11:45.123+0000] {logging_mixin.py:117} INFO - [2025-12-05T01:11:45.123+0000] {dagbag.py:525} INFO - Filling up the DagBag from /home/airflow/.local/lib/python3.7/site-packages/airflow/example_dags/example_trigger_controller_dag.py
[2025-12-05T01:11:45.130+0000] {processor.py:768} INFO - DAG(s) dict_keys(['example_trigger_controller_dag']) retrieved from /home/airflow/.local/lib/python3.7/site-packages/airflow/example_dags/example_trigger_controller_dag.py
[2025-12-05T01:11:45.156+0000] {logging_mixin.py:117} INFO - [2025-12-05T01:11:45.156+0000] {dag.py:2573} INFO - Sync 1 DAGs
[2025-12-05T01:11:45.172+0000] {logging_mixin.py:117} INFO - [2025-12-05T01:11:45.172+0000] {dag.py:3328} INFO - Setting next_dagrun for example_trigger_controller_dag to 2021-01-01T00:00:00+00:00, run_after=2021-01-01T00:00:00+00:00
[2025-12-05T01:11:45.192+0000] {processor.py:178} INFO - Processing /home/airflow/.local/lib/python3.7/site-packages/airflow/example_dags/example_trigger_controller_dag.py took 0.075 seconds
[2025-12-05T01:12:15.511+0000] {processor.py:156} INFO - Started process (PID=10579) to work on /home/airflow/.local/lib/python3.7/site-packages/airflow/example_dags/example_trigger_controller_dag.py
[2025-12-05T01:12:15.512+0000] {processor.py:758} INFO - Processing file /home/airflow/.local/lib/python3.7/site-packages/airflow/example_dags/example_trigger_controller_dag.py for tasks to queue
[2025-12-05T01:12:15.512+0000] {logging_mixin.py:117} INFO - [2025-12-05T01:12:15.512+0000] {dagbag.py:525} INFO - Filling up the DagBag from /home/airflow/.local/lib/python3.7/site-packages/airflow/example_dags/example_trigger_controller_dag.py
[2025-12-05T01:12:15.518+0000] {processor.py:768} INFO - DAG(s) dict_keys(['example_trigger_controller_dag']) retrieved from /home/airflow/.local/lib/python3.7/site-packages/airflow/example_dags/example_trigger_controller_dag.py
[2025-12-05T01:12:15.534+0000] {logging_mixin.py:117} INFO - [2025-12-05T01:12:15.534+0000] {dag.py:2573} INFO - Sync 1 DAGs
[2025-12-05T01:12:15.544+0000] {logging_mixin.py:117} INFO - [2025-12-05T01:12:15.544+0000] {dag.py:3328} INFO - Setting next_dagrun for example_trigger_controller_dag to 2021-01-01T00:00:00+00:00, run_after=2021-01-01T00:00:00+00:00
[2025-12-05T01:12:15.552+0000] {processor.py:178} INFO - Processing /home/airflow/.local/lib/python3.7/site-packages/airflow/example_dags/example_trigger_controller_dag.py took 0.042 seconds
[2025-12-05T01:12:46.606+0000] {processor.py:156} INFO - Started process (PID=10780) to work on /home/airflow/.local/lib/python3.7/site-packages/airflow/example_dags/example_trigger_controller_dag.py
[2025-12-05T01:12:46.607+0000] {processor.py:758} INFO - Processing file /home/airflow/.local/lib/python3.7/site-packages/airflow/example_dags/example_trigger_controller_dag.py for tasks to queue
[2025-12-05T01:12:46.608+0000] {logging_mixin.py:117} INFO - [2025-12-05T01:12:46.608+0000] {dagbag.py:525} INFO - Filling up the DagBag from /home/airflow/.local/lib/python3.7/site-packages/airflow/example_dags/example_trigger_controller_dag.py
[2025-12-05T01:12:46.616+0000] {processor.py:768} INFO - DAG(s) dict_keys(['example_trigger_controller_dag']) retrieved from /home/airflow/.local/lib/python3.7/site-packages/airflow/example_dags/example_trigger_controller_dag.py
[2025-12-05T01:12:46.631+0000] {logging_mixin.py:117} INFO - [2025-12-05T01:12:46.631+0000] {dag.py:2573} INFO - Sync 1 DAGs
[2025-12-05T01:12:46.644+0000] {logging_mixin.py:117} INFO - [2025-12-05T01:12:46.644+0000] {dag.py:3328} INFO - Setting next_dagrun for example_trigger_controller_dag to 2021-01-01T00:00:00+00:00, run_after=2021-01-01T00:00:00+00:00
[2025-12-05T01:12:46.659+0000] {processor.py:178} INFO - Processing /home/airflow/.local/lib/python3.7/site-packages/airflow/example_dags/example_trigger_controller_dag.py took 0.054 seconds
[2025-12-05T01:13:17.887+0000] {processor.py:156} INFO - Started process (PID=10981) to work on /home/airflow/.local/lib/python3.7/site-packages/airflow/example_dags/example_trigger_controller_dag.py
[2025-12-05T01:13:17.888+0000] {processor.py:758} INFO - Processing file /home/airflow/.local/lib/python3.7/site-packages/airflow/example_dags/example_trigger_controller_dag.py for tasks to queue
[2025-12-05T01:13:17.888+0000] {logging_mixin.py:117} INFO - [2025-12-05T01:13:17.888+0000] {dagbag.py:525} INFO - Filling up the DagBag from /home/airflow/.local/lib/python3.7/site-packages/airflow/example_dags/example_trigger_controller_dag.py
[2025-12-05T01:13:17.896+0000] {processor.py:768} INFO - DAG(s) dict_keys(['example_trigger_controller_dag']) retrieved from /home/airflow/.local/lib/python3.7/site-packages/airflow/example_dags/example_trigger_controller_dag.py
[2025-12-05T01:13:17.929+0000] {logging_mixin.py:117} INFO - [2025-12-05T01:13:17.928+0000] {dag.py:2573} INFO - Sync 1 DAGs
[2025-12-05T01:13:17.944+0000] {logging_mixin.py:117} INFO - [2025-12-05T01:13:17.944+0000] {dag.py:3328} INFO - Setting next_dagrun for example_trigger_controller_dag to 2021-01-01T00:00:00+00:00, run_after=2021-01-01T00:00:00+00:00
[2025-12-05T01:13:17.965+0000] {processor.py:178} INFO - Processing /home/airflow/.local/lib/python3.7/site-packages/airflow/example_dags/example_trigger_controller_dag.py took 0.081 seconds
[2025-12-05T01:13:48.587+0000] {processor.py:156} INFO - Started process (PID=11182) to work on /home/airflow/.local/lib/python3.7/site-packages/airflow/example_dags/example_trigger_controller_dag.py
[2025-12-05T01:13:48.588+0000] {processor.py:758} INFO - Processing file /home/airflow/.local/lib/python3.7/site-packages/airflow/example_dags/example_trigger_controller_dag.py for tasks to queue
[2025-12-05T01:13:48.588+0000] {logging_mixin.py:117} INFO - [2025-12-05T01:13:48.588+0000] {dagbag.py:525} INFO - Filling up the DagBag from /home/airflow/.local/lib/python3.7/site-packages/airflow/example_dags/example_trigger_controller_dag.py
[2025-12-05T01:13:48.601+0000] {processor.py:768} INFO - DAG(s) dict_keys(['example_trigger_controller_dag']) retrieved from /home/airflow/.local/lib/python3.7/site-packages/airflow/example_dags/example_trigger_controller_dag.py
[2025-12-05T01:13:48.627+0000] {logging_mixin.py:117} INFO - [2025-12-05T01:13:48.627+0000] {dag.py:2573} INFO - Sync 1 DAGs
[2025-12-05T01:13:48.639+0000] {logging_mixin.py:117} INFO - [2025-12-05T01:13:48.639+0000] {dag.py:3328} INFO - Setting next_dagrun for example_trigger_controller_dag to 2021-01-01T00:00:00+00:00, run_after=2021-01-01T00:00:00+00:00
[2025-12-05T01:13:48.647+0000] {processor.py:178} INFO - Processing /home/airflow/.local/lib/python3.7/site-packages/airflow/example_dags/example_trigger_controller_dag.py took 0.062 seconds
[2025-12-05T01:14:18.856+0000] {processor.py:156} INFO - Started process (PID=11383) to work on /home/airflow/.local/lib/python3.7/site-packages/airflow/example_dags/example_trigger_controller_dag.py
[2025-12-05T01:14:18.857+0000] {processor.py:758} INFO - Processing file /home/airflow/.local/lib/python3.7/site-packages/airflow/example_dags/example_trigger_controller_dag.py for tasks to queue
[2025-12-05T01:14:18.857+0000] {logging_mixin.py:117} INFO - [2025-12-05T01:14:18.857+0000] {dagbag.py:525} INFO - Filling up the DagBag from /home/airflow/.local/lib/python3.7/site-packages/airflow/example_dags/example_trigger_controller_dag.py
[2025-12-05T01:14:18.862+0000] {processor.py:768} INFO - DAG(s) dict_keys(['example_trigger_controller_dag']) retrieved from /home/airflow/.local/lib/python3.7/site-packages/airflow/example_dags/example_trigger_controller_dag.py
[2025-12-05T01:14:18.880+0000] {logging_mixin.py:117} INFO - [2025-12-05T01:14:18.879+0000] {dag.py:2573} INFO - Sync 1 DAGs
[2025-12-05T01:14:18.889+0000] {logging_mixin.py:117} INFO - [2025-12-05T01:14:18.889+0000] {dag.py:3328} INFO - Setting next_dagrun for example_trigger_controller_dag to 2021-01-01T00:00:00+00:00, run_after=2021-01-01T00:00:00+00:00
[2025-12-05T01:14:18.896+0000] {processor.py:178} INFO - Processing /home/airflow/.local/lib/python3.7/site-packages/airflow/example_dags/example_trigger_controller_dag.py took 0.041 seconds
[2025-12-05T01:14:49.158+0000] {processor.py:156} INFO - Started process (PID=11584) to work on /home/airflow/.local/lib/python3.7/site-packages/airflow/example_dags/example_trigger_controller_dag.py
[2025-12-05T01:14:49.159+0000] {processor.py:758} INFO - Processing file /home/airflow/.local/lib/python3.7/site-packages/airflow/example_dags/example_trigger_controller_dag.py for tasks to queue
[2025-12-05T01:14:49.159+0000] {logging_mixin.py:117} INFO - [2025-12-05T01:14:49.159+0000] {dagbag.py:525} INFO - Filling up the DagBag from /home/airflow/.local/lib/python3.7/site-packages/airflow/example_dags/example_trigger_controller_dag.py
[2025-12-05T01:14:49.165+0000] {processor.py:768} INFO - DAG(s) dict_keys(['example_trigger_controller_dag']) retrieved from /home/airflow/.local/lib/python3.7/site-packages/airflow/example_dags/example_trigger_controller_dag.py
[2025-12-05T01:14:49.187+0000] {logging_mixin.py:117} INFO - [2025-12-05T01:14:49.187+0000] {dag.py:2573} INFO - Sync 1 DAGs
[2025-12-05T01:14:49.198+0000] {logging_mixin.py:117} INFO - [2025-12-05T01:14:49.198+0000] {dag.py:3328} INFO - Setting next_dagrun for example_trigger_controller_dag to 2021-01-01T00:00:00+00:00, run_after=2021-01-01T00:00:00+00:00
[2025-12-05T01:14:49.206+0000] {processor.py:178} INFO - Processing /home/airflow/.local/lib/python3.7/site-packages/airflow/example_dags/example_trigger_controller_dag.py took 0.049 seconds
[2025-12-05T01:15:19.504+0000] {processor.py:156} INFO - Started process (PID=11786) to work on /home/airflow/.local/lib/python3.7/site-packages/airflow/example_dags/example_trigger_controller_dag.py
[2025-12-05T01:15:19.504+0000] {processor.py:758} INFO - Processing file /home/airflow/.local/lib/python3.7/site-packages/airflow/example_dags/example_trigger_controller_dag.py for tasks to queue
[2025-12-05T01:15:19.505+0000] {logging_mixin.py:117} INFO - [2025-12-05T01:15:19.505+0000] {dagbag.py:525} INFO - Filling up the DagBag from /home/airflow/.local/lib/python3.7/site-packages/airflow/example_dags/example_trigger_controller_dag.py
[2025-12-05T01:15:19.511+0000] {processor.py:768} INFO - DAG(s) dict_keys(['example_trigger_controller_dag']) retrieved from /home/airflow/.local/lib/python3.7/site-packages/airflow/example_dags/example_trigger_controller_dag.py
[2025-12-05T01:15:19.530+0000] {logging_mixin.py:117} INFO - [2025-12-05T01:15:19.530+0000] {dag.py:2573} INFO - Sync 1 DAGs
[2025-12-05T01:15:19.543+0000] {logging_mixin.py:117} INFO - [2025-12-05T01:15:19.543+0000] {dag.py:3328} INFO - Setting next_dagrun for example_trigger_controller_dag to 2021-01-01T00:00:00+00:00, run_after=2021-01-01T00:00:00+00:00
[2025-12-05T01:15:19.564+0000] {processor.py:178} INFO - Processing /home/airflow/.local/lib/python3.7/site-packages/airflow/example_dags/example_trigger_controller_dag.py took 0.062 seconds
[2025-12-05T01:15:49.828+0000] {processor.py:156} INFO - Started process (PID=11985) to work on /home/airflow/.local/lib/python3.7/site-packages/airflow/example_dags/example_trigger_controller_dag.py
[2025-12-05T01:15:49.828+0000] {processor.py:758} INFO - Processing file /home/airflow/.local/lib/python3.7/site-packages/airflow/example_dags/example_trigger_controller_dag.py for tasks to queue
[2025-12-05T01:15:49.829+0000] {logging_mixin.py:117} INFO - [2025-12-05T01:15:49.829+0000] {dagbag.py:525} INFO - Filling up the DagBag from /home/airflow/.local/lib/python3.7/site-packages/airflow/example_dags/example_trigger_controller_dag.py
[2025-12-05T01:15:49.834+0000] {processor.py:768} INFO - DAG(s) dict_keys(['example_trigger_controller_dag']) retrieved from /home/airflow/.local/lib/python3.7/site-packages/airflow/example_dags/example_trigger_controller_dag.py
[2025-12-05T01:15:49.858+0000] {logging_mixin.py:117} INFO - [2025-12-05T01:15:49.858+0000] {dag.py:2573} INFO - Sync 1 DAGs
[2025-12-05T01:15:49.873+0000] {logging_mixin.py:117} INFO - [2025-12-05T01:15:49.873+0000] {dag.py:3328} INFO - Setting next_dagrun for example_trigger_controller_dag to 2021-01-01T00:00:00+00:00, run_after=2021-01-01T00:00:00+00:00
[2025-12-05T01:15:49.884+0000] {processor.py:178} INFO - Processing /home/airflow/.local/lib/python3.7/site-packages/airflow/example_dags/example_trigger_controller_dag.py took 0.059 seconds
[2025-12-05T01:16:20.856+0000] {processor.py:156} INFO - Started process (PID=12193) to work on /home/airflow/.local/lib/python3.7/site-packages/airflow/example_dags/example_trigger_controller_dag.py
[2025-12-05T01:16:20.856+0000] {processor.py:758} INFO - Processing file /home/airflow/.local/lib/python3.7/site-packages/airflow/example_dags/example_trigger_controller_dag.py for tasks to queue
[2025-12-05T01:16:20.857+0000] {logging_mixin.py:117} INFO - [2025-12-05T01:16:20.857+0000] {dagbag.py:525} INFO - Filling up the DagBag from /home/airflow/.local/lib/python3.7/site-packages/airflow/example_dags/example_trigger_controller_dag.py
[2025-12-05T01:16:20.863+0000] {processor.py:768} INFO - DAG(s) dict_keys(['example_trigger_controller_dag']) retrieved from /home/airflow/.local/lib/python3.7/site-packages/airflow/example_dags/example_trigger_controller_dag.py
[2025-12-05T01:16:20.884+0000] {logging_mixin.py:117} INFO - [2025-12-05T01:16:20.883+0000] {dag.py:2573} INFO - Sync 1 DAGs
[2025-12-05T01:16:20.894+0000] {logging_mixin.py:117} INFO - [2025-12-05T01:16:20.894+0000] {dag.py:3328} INFO - Setting next_dagrun for example_trigger_controller_dag to 2021-01-01T00:00:00+00:00, run_after=2021-01-01T00:00:00+00:00
[2025-12-05T01:16:20.901+0000] {processor.py:178} INFO - Processing /home/airflow/.local/lib/python3.7/site-packages/airflow/example_dags/example_trigger_controller_dag.py took 0.048 seconds
[2025-12-05T01:16:51.249+0000] {processor.py:156} INFO - Started process (PID=12404) to work on /home/airflow/.local/lib/python3.7/site-packages/airflow/example_dags/example_trigger_controller_dag.py
[2025-12-05T01:16:51.250+0000] {processor.py:758} INFO - Processing file /home/airflow/.local/lib/python3.7/site-packages/airflow/example_dags/example_trigger_controller_dag.py for tasks to queue
[2025-12-05T01:16:51.250+0000] {logging_mixin.py:117} INFO - [2025-12-05T01:16:51.250+0000] {dagbag.py:525} INFO - Filling up the DagBag from /home/airflow/.local/lib/python3.7/site-packages/airflow/example_dags/example_trigger_controller_dag.py
[2025-12-05T01:16:51.257+0000] {processor.py:768} INFO - DAG(s) dict_keys(['example_trigger_controller_dag']) retrieved from /home/airflow/.local/lib/python3.7/site-packages/airflow/example_dags/example_trigger_controller_dag.py
[2025-12-05T01:16:51.279+0000] {logging_mixin.py:117} INFO - [2025-12-05T01:16:51.279+0000] {dag.py:2573} INFO - Sync 1 DAGs
[2025-12-05T01:16:51.289+0000] {logging_mixin.py:117} INFO - [2025-12-05T01:16:51.289+0000] {dag.py:3328} INFO - Setting next_dagrun for example_trigger_controller_dag to 2021-01-01T00:00:00+00:00, run_after=2021-01-01T00:00:00+00:00
[2025-12-05T01:16:51.296+0000] {processor.py:178} INFO - Processing /home/airflow/.local/lib/python3.7/site-packages/airflow/example_dags/example_trigger_controller_dag.py took 0.049 seconds
[2025-12-05T01:17:21.862+0000] {processor.py:156} INFO - Started process (PID=12608) to work on /home/airflow/.local/lib/python3.7/site-packages/airflow/example_dags/example_trigger_controller_dag.py
[2025-12-05T01:17:21.865+0000] {processor.py:758} INFO - Processing file /home/airflow/.local/lib/python3.7/site-packages/airflow/example_dags/example_trigger_controller_dag.py for tasks to queue
[2025-12-05T01:17:21.866+0000] {logging_mixin.py:117} INFO - [2025-12-05T01:17:21.866+0000] {dagbag.py:525} INFO - Filling up the DagBag from /home/airflow/.local/lib/python3.7/site-packages/airflow/example_dags/example_trigger_controller_dag.py
[2025-12-05T01:17:21.872+0000] {processor.py:768} INFO - DAG(s) dict_keys(['example_trigger_controller_dag']) retrieved from /home/airflow/.local/lib/python3.7/site-packages/airflow/example_dags/example_trigger_controller_dag.py
[2025-12-05T01:17:21.894+0000] {logging_mixin.py:117} INFO - [2025-12-05T01:17:21.894+0000] {dag.py:2573} INFO - Sync 1 DAGs
[2025-12-05T01:17:21.908+0000] {logging_mixin.py:117} INFO - [2025-12-05T01:17:21.908+0000] {dag.py:3328} INFO - Setting next_dagrun for example_trigger_controller_dag to 2021-01-01T00:00:00+00:00, run_after=2021-01-01T00:00:00+00:00
[2025-12-05T01:17:21.920+0000] {processor.py:178} INFO - Processing /home/airflow/.local/lib/python3.7/site-packages/airflow/example_dags/example_trigger_controller_dag.py took 0.060 seconds
[2025-12-05T01:17:52.070+0000] {processor.py:156} INFO - Started process (PID=12818) to work on /home/airflow/.local/lib/python3.7/site-packages/airflow/example_dags/example_trigger_controller_dag.py
[2025-12-05T01:17:52.071+0000] {processor.py:758} INFO - Processing file /home/airflow/.local/lib/python3.7/site-packages/airflow/example_dags/example_trigger_controller_dag.py for tasks to queue
[2025-12-05T01:17:52.071+0000] {logging_mixin.py:117} INFO - [2025-12-05T01:17:52.071+0000] {dagbag.py:525} INFO - Filling up the DagBag from /home/airflow/.local/lib/python3.7/site-packages/airflow/example_dags/example_trigger_controller_dag.py
[2025-12-05T01:17:52.079+0000] {processor.py:768} INFO - DAG(s) dict_keys(['example_trigger_controller_dag']) retrieved from /home/airflow/.local/lib/python3.7/site-packages/airflow/example_dags/example_trigger_controller_dag.py
[2025-12-05T01:17:52.107+0000] {logging_mixin.py:117} INFO - [2025-12-05T01:17:52.107+0000] {dag.py:2573} INFO - Sync 1 DAGs
[2025-12-05T01:17:52.120+0000] {logging_mixin.py:117} INFO - [2025-12-05T01:17:52.120+0000] {dag.py:3328} INFO - Setting next_dagrun for example_trigger_controller_dag to 2021-01-01T00:00:00+00:00, run_after=2021-01-01T00:00:00+00:00
[2025-12-05T01:17:52.129+0000] {processor.py:178} INFO - Processing /home/airflow/.local/lib/python3.7/site-packages/airflow/example_dags/example_trigger_controller_dag.py took 0.062 seconds
[2025-12-05T01:18:22.557+0000] {processor.py:156} INFO - Started process (PID=13024) to work on /home/airflow/.local/lib/python3.7/site-packages/airflow/example_dags/example_trigger_controller_dag.py
[2025-12-05T01:18:22.560+0000] {processor.py:758} INFO - Processing file /home/airflow/.local/lib/python3.7/site-packages/airflow/example_dags/example_trigger_controller_dag.py for tasks to queue
[2025-12-05T01:18:22.561+0000] {logging_mixin.py:117} INFO - [2025-12-05T01:18:22.561+0000] {dagbag.py:525} INFO - Filling up the DagBag from /home/airflow/.local/lib/python3.7/site-packages/airflow/example_dags/example_trigger_controller_dag.py
[2025-12-05T01:18:22.567+0000] {processor.py:768} INFO - DAG(s) dict_keys(['example_trigger_controller_dag']) retrieved from /home/airflow/.local/lib/python3.7/site-packages/airflow/example_dags/example_trigger_controller_dag.py
[2025-12-05T01:18:22.587+0000] {logging_mixin.py:117} INFO - [2025-12-05T01:18:22.587+0000] {dag.py:2573} INFO - Sync 1 DAGs
[2025-12-05T01:18:22.598+0000] {logging_mixin.py:117} INFO - [2025-12-05T01:18:22.598+0000] {dag.py:3328} INFO - Setting next_dagrun for example_trigger_controller_dag to 2021-01-01T00:00:00+00:00, run_after=2021-01-01T00:00:00+00:00
[2025-12-05T01:18:22.607+0000] {processor.py:178} INFO - Processing /home/airflow/.local/lib/python3.7/site-packages/airflow/example_dags/example_trigger_controller_dag.py took 0.052 seconds
[2025-12-05T01:18:53.634+0000] {processor.py:156} INFO - Started process (PID=13232) to work on /home/airflow/.local/lib/python3.7/site-packages/airflow/example_dags/example_trigger_controller_dag.py
[2025-12-05T01:18:53.636+0000] {processor.py:758} INFO - Processing file /home/airflow/.local/lib/python3.7/site-packages/airflow/example_dags/example_trigger_controller_dag.py for tasks to queue
[2025-12-05T01:18:53.636+0000] {logging_mixin.py:117} INFO - [2025-12-05T01:18:53.636+0000] {dagbag.py:525} INFO - Filling up the DagBag from /home/airflow/.local/lib/python3.7/site-packages/airflow/example_dags/example_trigger_controller_dag.py
[2025-12-05T01:18:53.643+0000] {processor.py:768} INFO - DAG(s) dict_keys(['example_trigger_controller_dag']) retrieved from /home/airflow/.local/lib/python3.7/site-packages/airflow/example_dags/example_trigger_controller_dag.py
[2025-12-05T01:18:53.662+0000] {logging_mixin.py:117} INFO - [2025-12-05T01:18:53.662+0000] {dag.py:2573} INFO - Sync 1 DAGs
[2025-12-05T01:18:53.673+0000] {logging_mixin.py:117} INFO - [2025-12-05T01:18:53.673+0000] {dag.py:3328} INFO - Setting next_dagrun for example_trigger_controller_dag to 2021-01-01T00:00:00+00:00, run_after=2021-01-01T00:00:00+00:00
[2025-12-05T01:18:53.681+0000] {processor.py:178} INFO - Processing /home/airflow/.local/lib/python3.7/site-packages/airflow/example_dags/example_trigger_controller_dag.py took 0.049 seconds
[2025-12-05T01:19:24.402+0000] {processor.py:156} INFO - Started process (PID=13436) to work on /home/airflow/.local/lib/python3.7/site-packages/airflow/example_dags/example_trigger_controller_dag.py
[2025-12-05T01:19:24.405+0000] {processor.py:758} INFO - Processing file /home/airflow/.local/lib/python3.7/site-packages/airflow/example_dags/example_trigger_controller_dag.py for tasks to queue
[2025-12-05T01:19:24.406+0000] {logging_mixin.py:117} INFO - [2025-12-05T01:19:24.406+0000] {dagbag.py:525} INFO - Filling up the DagBag from /home/airflow/.local/lib/python3.7/site-packages/airflow/example_dags/example_trigger_controller_dag.py
[2025-12-05T01:19:24.411+0000] {processor.py:768} INFO - DAG(s) dict_keys(['example_trigger_controller_dag']) retrieved from /home/airflow/.local/lib/python3.7/site-packages/airflow/example_dags/example_trigger_controller_dag.py
[2025-12-05T01:19:24.430+0000] {logging_mixin.py:117} INFO - [2025-12-05T01:19:24.430+0000] {dag.py:2573} INFO - Sync 1 DAGs
[2025-12-05T01:19:24.441+0000] {logging_mixin.py:117} INFO - [2025-12-05T01:19:24.441+0000] {dag.py:3328} INFO - Setting next_dagrun for example_trigger_controller_dag to 2021-01-01T00:00:00+00:00, run_after=2021-01-01T00:00:00+00:00
[2025-12-05T01:19:24.450+0000] {processor.py:178} INFO - Processing /home/airflow/.local/lib/python3.7/site-packages/airflow/example_dags/example_trigger_controller_dag.py took 0.049 seconds
[2025-12-05T01:19:55.373+0000] {processor.py:156} INFO - Started process (PID=13649) to work on /home/airflow/.local/lib/python3.7/site-packages/airflow/example_dags/example_trigger_controller_dag.py
[2025-12-05T01:19:55.374+0000] {processor.py:758} INFO - Processing file /home/airflow/.local/lib/python3.7/site-packages/airflow/example_dags/example_trigger_controller_dag.py for tasks to queue
[2025-12-05T01:19:55.374+0000] {logging_mixin.py:117} INFO - [2025-12-05T01:19:55.374+0000] {dagbag.py:525} INFO - Filling up the DagBag from /home/airflow/.local/lib/python3.7/site-packages/airflow/example_dags/example_trigger_controller_dag.py
[2025-12-05T01:19:55.383+0000] {processor.py:768} INFO - DAG(s) dict_keys(['example_trigger_controller_dag']) retrieved from /home/airflow/.local/lib/python3.7/site-packages/airflow/example_dags/example_trigger_controller_dag.py
[2025-12-05T01:19:55.402+0000] {logging_mixin.py:117} INFO - [2025-12-05T01:19:55.402+0000] {dag.py:2573} INFO - Sync 1 DAGs
[2025-12-05T01:19:55.413+0000] {logging_mixin.py:117} INFO - [2025-12-05T01:19:55.413+0000] {dag.py:3328} INFO - Setting next_dagrun for example_trigger_controller_dag to 2021-01-01T00:00:00+00:00, run_after=2021-01-01T00:00:00+00:00
[2025-12-05T01:19:55.421+0000] {processor.py:178} INFO - Processing /home/airflow/.local/lib/python3.7/site-packages/airflow/example_dags/example_trigger_controller_dag.py took 0.049 seconds
[2025-12-05T01:20:26.261+0000] {processor.py:156} INFO - Started process (PID=13857) to work on /home/airflow/.local/lib/python3.7/site-packages/airflow/example_dags/example_trigger_controller_dag.py
[2025-12-05T01:20:26.261+0000] {processor.py:758} INFO - Processing file /home/airflow/.local/lib/python3.7/site-packages/airflow/example_dags/example_trigger_controller_dag.py for tasks to queue
[2025-12-05T01:20:26.261+0000] {logging_mixin.py:117} INFO - [2025-12-05T01:20:26.261+0000] {dagbag.py:525} INFO - Filling up the DagBag from /home/airflow/.local/lib/python3.7/site-packages/airflow/example_dags/example_trigger_controller_dag.py
[2025-12-05T01:20:26.267+0000] {processor.py:768} INFO - DAG(s) dict_keys(['example_trigger_controller_dag']) retrieved from /home/airflow/.local/lib/python3.7/site-packages/airflow/example_dags/example_trigger_controller_dag.py
[2025-12-05T01:20:26.285+0000] {logging_mixin.py:117} INFO - [2025-12-05T01:20:26.285+0000] {dag.py:2573} INFO - Sync 1 DAGs
[2025-12-05T01:20:26.295+0000] {logging_mixin.py:117} INFO - [2025-12-05T01:20:26.295+0000] {dag.py:3328} INFO - Setting next_dagrun for example_trigger_controller_dag to 2021-01-01T00:00:00+00:00, run_after=2021-01-01T00:00:00+00:00
[2025-12-05T01:20:26.302+0000] {processor.py:178} INFO - Processing /home/airflow/.local/lib/python3.7/site-packages/airflow/example_dags/example_trigger_controller_dag.py took 0.043 seconds
[2025-12-05T01:20:57.323+0000] {processor.py:156} INFO - Started process (PID=14061) to work on /home/airflow/.local/lib/python3.7/site-packages/airflow/example_dags/example_trigger_controller_dag.py
[2025-12-05T01:20:57.324+0000] {processor.py:758} INFO - Processing file /home/airflow/.local/lib/python3.7/site-packages/airflow/example_dags/example_trigger_controller_dag.py for tasks to queue
[2025-12-05T01:20:57.324+0000] {logging_mixin.py:117} INFO - [2025-12-05T01:20:57.324+0000] {dagbag.py:525} INFO - Filling up the DagBag from /home/airflow/.local/lib/python3.7/site-packages/airflow/example_dags/example_trigger_controller_dag.py
[2025-12-05T01:20:57.330+0000] {processor.py:768} INFO - DAG(s) dict_keys(['example_trigger_controller_dag']) retrieved from /home/airflow/.local/lib/python3.7/site-packages/airflow/example_dags/example_trigger_controller_dag.py
[2025-12-05T01:20:57.349+0000] {logging_mixin.py:117} INFO - [2025-12-05T01:20:57.349+0000] {dag.py:2573} INFO - Sync 1 DAGs
[2025-12-05T01:20:57.360+0000] {logging_mixin.py:117} INFO - [2025-12-05T01:20:57.360+0000] {dag.py:3328} INFO - Setting next_dagrun for example_trigger_controller_dag to 2021-01-01T00:00:00+00:00, run_after=2021-01-01T00:00:00+00:00
[2025-12-05T01:20:57.367+0000] {processor.py:178} INFO - Processing /home/airflow/.local/lib/python3.7/site-packages/airflow/example_dags/example_trigger_controller_dag.py took 0.046 seconds
