[2025-12-05T00:46:04.684+0000] {processor.py:156} INFO - Started process (PID=242) to work on /home/airflow/.local/lib/python3.7/site-packages/airflow/example_dags/example_short_circuit_operator.py
[2025-12-05T00:46:04.684+0000] {processor.py:758} INFO - Processing file /home/airflow/.local/lib/python3.7/site-packages/airflow/example_dags/example_short_circuit_operator.py for tasks to queue
[2025-12-05T00:46:04.685+0000] {logging_mixin.py:117} INFO - [2025-12-05T00:46:04.685+0000] {dagbag.py:525} INFO - Filling up the DagBag from /home/airflow/.local/lib/python3.7/site-packages/airflow/example_dags/example_short_circuit_operator.py
[2025-12-05T00:46:04.695+0000] {processor.py:768} INFO - DAG(s) dict_keys(['example_short_circuit_operator']) retrieved from /home/airflow/.local/lib/python3.7/site-packages/airflow/example_dags/example_short_circuit_operator.py
[2025-12-05T00:46:04.759+0000] {logging_mixin.py:117} INFO - [2025-12-05T00:46:04.759+0000] {manager.py:508} INFO - Created Permission View: can read on DAG:example_short_circuit_operator
[2025-12-05T00:46:04.765+0000] {logging_mixin.py:117} INFO - [2025-12-05T00:46:04.765+0000] {manager.py:508} INFO - Created Permission View: can delete on DAG:example_short_circuit_operator
[2025-12-05T00:46:04.773+0000] {logging_mixin.py:117} INFO - [2025-12-05T00:46:04.773+0000] {manager.py:508} INFO - Created Permission View: can edit on DAG:example_short_circuit_operator
[2025-12-05T00:46:04.774+0000] {logging_mixin.py:117} INFO - [2025-12-05T00:46:04.774+0000] {dag.py:2573} INFO - Sync 1 DAGs
[2025-12-05T00:46:04.940+0000] {logging_mixin.py:117} INFO - [2025-12-05T00:46:04.940+0000] {dag.py:2594} INFO - Creating ORM DAG for example_short_circuit_operator
[2025-12-05T00:46:04.949+0000] {logging_mixin.py:117} INFO - [2025-12-05T00:46:04.949+0000] {dag.py:3328} INFO - Setting next_dagrun for example_short_circuit_operator to 2025-12-04T00:46:04.948954+00:00, run_after=2025-12-05T00:46:04.948954+00:00
[2025-12-05T00:46:04.973+0000] {processor.py:178} INFO - Processing /home/airflow/.local/lib/python3.7/site-packages/airflow/example_dags/example_short_circuit_operator.py took 0.291 seconds
[2025-12-05T00:46:35.588+0000] {processor.py:156} INFO - Started process (PID=445) to work on /home/airflow/.local/lib/python3.7/site-packages/airflow/example_dags/example_short_circuit_operator.py
[2025-12-05T00:46:35.590+0000] {processor.py:758} INFO - Processing file /home/airflow/.local/lib/python3.7/site-packages/airflow/example_dags/example_short_circuit_operator.py for tasks to queue
[2025-12-05T00:46:35.590+0000] {logging_mixin.py:117} INFO - [2025-12-05T00:46:35.590+0000] {dagbag.py:525} INFO - Filling up the DagBag from /home/airflow/.local/lib/python3.7/site-packages/airflow/example_dags/example_short_circuit_operator.py
[2025-12-05T00:46:35.602+0000] {processor.py:768} INFO - DAG(s) dict_keys(['example_short_circuit_operator']) retrieved from /home/airflow/.local/lib/python3.7/site-packages/airflow/example_dags/example_short_circuit_operator.py
[2025-12-05T00:46:35.645+0000] {logging_mixin.py:117} INFO - [2025-12-05T00:46:35.645+0000] {dag.py:2573} INFO - Sync 1 DAGs
[2025-12-05T00:46:35.656+0000] {logging_mixin.py:117} INFO - [2025-12-05T00:46:35.656+0000] {dag.py:3328} INFO - Setting next_dagrun for example_short_circuit_operator to 2025-12-04T00:46:35.656056+00:00, run_after=2025-12-05T00:46:35.656056+00:00
[2025-12-05T00:46:35.664+0000] {processor.py:178} INFO - Processing /home/airflow/.local/lib/python3.7/site-packages/airflow/example_dags/example_short_circuit_operator.py took 0.079 seconds
[2025-12-05T00:47:06.597+0000] {processor.py:156} INFO - Started process (PID=645) to work on /home/airflow/.local/lib/python3.7/site-packages/airflow/example_dags/example_short_circuit_operator.py
[2025-12-05T00:47:06.599+0000] {processor.py:758} INFO - Processing file /home/airflow/.local/lib/python3.7/site-packages/airflow/example_dags/example_short_circuit_operator.py for tasks to queue
[2025-12-05T00:47:06.600+0000] {logging_mixin.py:117} INFO - [2025-12-05T00:47:06.600+0000] {dagbag.py:525} INFO - Filling up the DagBag from /home/airflow/.local/lib/python3.7/site-packages/airflow/example_dags/example_short_circuit_operator.py
[2025-12-05T00:47:06.608+0000] {processor.py:768} INFO - DAG(s) dict_keys(['example_short_circuit_operator']) retrieved from /home/airflow/.local/lib/python3.7/site-packages/airflow/example_dags/example_short_circuit_operator.py
[2025-12-05T00:47:06.630+0000] {logging_mixin.py:117} INFO - [2025-12-05T00:47:06.629+0000] {dag.py:2573} INFO - Sync 1 DAGs
[2025-12-05T00:47:06.640+0000] {logging_mixin.py:117} INFO - [2025-12-05T00:47:06.640+0000] {dag.py:3328} INFO - Setting next_dagrun for example_short_circuit_operator to 2025-12-04T00:47:06.640802+00:00, run_after=2025-12-05T00:47:06.640802+00:00
[2025-12-05T00:47:06.652+0000] {processor.py:178} INFO - Processing /home/airflow/.local/lib/python3.7/site-packages/airflow/example_dags/example_short_circuit_operator.py took 0.057 seconds
[2025-12-05T00:47:37.539+0000] {processor.py:156} INFO - Started process (PID=846) to work on /home/airflow/.local/lib/python3.7/site-packages/airflow/example_dags/example_short_circuit_operator.py
[2025-12-05T00:47:37.544+0000] {processor.py:758} INFO - Processing file /home/airflow/.local/lib/python3.7/site-packages/airflow/example_dags/example_short_circuit_operator.py for tasks to queue
[2025-12-05T00:47:37.544+0000] {logging_mixin.py:117} INFO - [2025-12-05T00:47:37.544+0000] {dagbag.py:525} INFO - Filling up the DagBag from /home/airflow/.local/lib/python3.7/site-packages/airflow/example_dags/example_short_circuit_operator.py
[2025-12-05T00:47:37.552+0000] {processor.py:768} INFO - DAG(s) dict_keys(['example_short_circuit_operator']) retrieved from /home/airflow/.local/lib/python3.7/site-packages/airflow/example_dags/example_short_circuit_operator.py
[2025-12-05T00:47:37.572+0000] {logging_mixin.py:117} INFO - [2025-12-05T00:47:37.572+0000] {dag.py:2573} INFO - Sync 1 DAGs
[2025-12-05T00:47:37.587+0000] {logging_mixin.py:117} INFO - [2025-12-05T00:47:37.587+0000] {dag.py:3328} INFO - Setting next_dagrun for example_short_circuit_operator to 2025-12-04T00:47:37.587299+00:00, run_after=2025-12-05T00:47:37.587299+00:00
[2025-12-05T00:47:37.687+0000] {processor.py:178} INFO - Processing /home/airflow/.local/lib/python3.7/site-packages/airflow/example_dags/example_short_circuit_operator.py took 0.150 seconds
[2025-12-05T00:48:08.209+0000] {processor.py:156} INFO - Started process (PID=1047) to work on /home/airflow/.local/lib/python3.7/site-packages/airflow/example_dags/example_short_circuit_operator.py
[2025-12-05T00:48:08.209+0000] {processor.py:758} INFO - Processing file /home/airflow/.local/lib/python3.7/site-packages/airflow/example_dags/example_short_circuit_operator.py for tasks to queue
[2025-12-05T00:48:08.210+0000] {logging_mixin.py:117} INFO - [2025-12-05T00:48:08.210+0000] {dagbag.py:525} INFO - Filling up the DagBag from /home/airflow/.local/lib/python3.7/site-packages/airflow/example_dags/example_short_circuit_operator.py
[2025-12-05T00:48:08.217+0000] {processor.py:768} INFO - DAG(s) dict_keys(['example_short_circuit_operator']) retrieved from /home/airflow/.local/lib/python3.7/site-packages/airflow/example_dags/example_short_circuit_operator.py
[2025-12-05T00:48:08.240+0000] {logging_mixin.py:117} INFO - [2025-12-05T00:48:08.239+0000] {dag.py:2573} INFO - Sync 1 DAGs
[2025-12-05T00:48:08.362+0000] {logging_mixin.py:117} INFO - [2025-12-05T00:48:08.362+0000] {dag.py:3328} INFO - Setting next_dagrun for example_short_circuit_operator to 2025-12-04T00:48:08.362567+00:00, run_after=2025-12-05T00:48:08.362567+00:00
[2025-12-05T00:48:08.376+0000] {processor.py:178} INFO - Processing /home/airflow/.local/lib/python3.7/site-packages/airflow/example_dags/example_short_circuit_operator.py took 0.169 seconds
[2025-12-05T00:48:39.900+0000] {processor.py:156} INFO - Started process (PID=1255) to work on /home/airflow/.local/lib/python3.7/site-packages/airflow/example_dags/example_short_circuit_operator.py
[2025-12-05T00:48:39.901+0000] {processor.py:758} INFO - Processing file /home/airflow/.local/lib/python3.7/site-packages/airflow/example_dags/example_short_circuit_operator.py for tasks to queue
[2025-12-05T00:48:39.904+0000] {logging_mixin.py:117} INFO - [2025-12-05T00:48:39.904+0000] {dagbag.py:525} INFO - Filling up the DagBag from /home/airflow/.local/lib/python3.7/site-packages/airflow/example_dags/example_short_circuit_operator.py
[2025-12-05T00:48:39.912+0000] {processor.py:768} INFO - DAG(s) dict_keys(['example_short_circuit_operator']) retrieved from /home/airflow/.local/lib/python3.7/site-packages/airflow/example_dags/example_short_circuit_operator.py
[2025-12-05T00:48:39.937+0000] {logging_mixin.py:117} INFO - [2025-12-05T00:48:39.937+0000] {dag.py:2573} INFO - Sync 1 DAGs
[2025-12-05T00:48:40.074+0000] {logging_mixin.py:117} INFO - [2025-12-05T00:48:40.074+0000] {dag.py:3328} INFO - Setting next_dagrun for example_short_circuit_operator to 2025-12-04T00:48:40.074402+00:00, run_after=2025-12-05T00:48:40.074402+00:00
[2025-12-05T00:48:40.091+0000] {processor.py:178} INFO - Processing /home/airflow/.local/lib/python3.7/site-packages/airflow/example_dags/example_short_circuit_operator.py took 0.196 seconds
[2025-12-05T00:49:11.136+0000] {processor.py:156} INFO - Started process (PID=1456) to work on /home/airflow/.local/lib/python3.7/site-packages/airflow/example_dags/example_short_circuit_operator.py
[2025-12-05T00:49:11.140+0000] {processor.py:758} INFO - Processing file /home/airflow/.local/lib/python3.7/site-packages/airflow/example_dags/example_short_circuit_operator.py for tasks to queue
[2025-12-05T00:49:11.141+0000] {logging_mixin.py:117} INFO - [2025-12-05T00:49:11.141+0000] {dagbag.py:525} INFO - Filling up the DagBag from /home/airflow/.local/lib/python3.7/site-packages/airflow/example_dags/example_short_circuit_operator.py
[2025-12-05T00:49:11.155+0000] {processor.py:768} INFO - DAG(s) dict_keys(['example_short_circuit_operator']) retrieved from /home/airflow/.local/lib/python3.7/site-packages/airflow/example_dags/example_short_circuit_operator.py
[2025-12-05T00:49:11.367+0000] {logging_mixin.py:117} INFO - [2025-12-05T00:49:11.367+0000] {dag.py:2573} INFO - Sync 1 DAGs
[2025-12-05T00:49:11.378+0000] {logging_mixin.py:117} INFO - [2025-12-05T00:49:11.378+0000] {dag.py:3328} INFO - Setting next_dagrun for example_short_circuit_operator to 2025-12-04T00:49:11.378395+00:00, run_after=2025-12-05T00:49:11.378395+00:00
[2025-12-05T00:49:11.388+0000] {processor.py:178} INFO - Processing /home/airflow/.local/lib/python3.7/site-packages/airflow/example_dags/example_short_circuit_operator.py took 0.256 seconds
[2025-12-05T00:49:41.775+0000] {processor.py:156} INFO - Started process (PID=1657) to work on /home/airflow/.local/lib/python3.7/site-packages/airflow/example_dags/example_short_circuit_operator.py
[2025-12-05T00:49:41.775+0000] {processor.py:758} INFO - Processing file /home/airflow/.local/lib/python3.7/site-packages/airflow/example_dags/example_short_circuit_operator.py for tasks to queue
[2025-12-05T00:49:41.776+0000] {logging_mixin.py:117} INFO - [2025-12-05T00:49:41.776+0000] {dagbag.py:525} INFO - Filling up the DagBag from /home/airflow/.local/lib/python3.7/site-packages/airflow/example_dags/example_short_circuit_operator.py
[2025-12-05T00:49:41.786+0000] {processor.py:768} INFO - DAG(s) dict_keys(['example_short_circuit_operator']) retrieved from /home/airflow/.local/lib/python3.7/site-packages/airflow/example_dags/example_short_circuit_operator.py
[2025-12-05T00:49:41.885+0000] {logging_mixin.py:117} INFO - [2025-12-05T00:49:41.885+0000] {dag.py:2573} INFO - Sync 1 DAGs
[2025-12-05T00:49:41.898+0000] {logging_mixin.py:117} INFO - [2025-12-05T00:49:41.898+0000] {dag.py:3328} INFO - Setting next_dagrun for example_short_circuit_operator to 2025-12-04T00:49:41.898700+00:00, run_after=2025-12-05T00:49:41.898700+00:00
[2025-12-05T00:49:41.912+0000] {processor.py:178} INFO - Processing /home/airflow/.local/lib/python3.7/site-packages/airflow/example_dags/example_short_circuit_operator.py took 0.139 seconds
[2025-12-05T00:50:12.611+0000] {processor.py:156} INFO - Started process (PID=1859) to work on /home/airflow/.local/lib/python3.7/site-packages/airflow/example_dags/example_short_circuit_operator.py
[2025-12-05T00:50:12.612+0000] {processor.py:758} INFO - Processing file /home/airflow/.local/lib/python3.7/site-packages/airflow/example_dags/example_short_circuit_operator.py for tasks to queue
[2025-12-05T00:50:12.612+0000] {logging_mixin.py:117} INFO - [2025-12-05T00:50:12.612+0000] {dagbag.py:525} INFO - Filling up the DagBag from /home/airflow/.local/lib/python3.7/site-packages/airflow/example_dags/example_short_circuit_operator.py
[2025-12-05T00:50:12.625+0000] {processor.py:768} INFO - DAG(s) dict_keys(['example_short_circuit_operator']) retrieved from /home/airflow/.local/lib/python3.7/site-packages/airflow/example_dags/example_short_circuit_operator.py
[2025-12-05T00:50:12.654+0000] {logging_mixin.py:117} INFO - [2025-12-05T00:50:12.654+0000] {dag.py:2573} INFO - Sync 1 DAGs
[2025-12-05T00:50:12.671+0000] {logging_mixin.py:117} INFO - [2025-12-05T00:50:12.671+0000] {dag.py:3328} INFO - Setting next_dagrun for example_short_circuit_operator to 2025-12-04T00:50:12.671299+00:00, run_after=2025-12-05T00:50:12.671299+00:00
[2025-12-05T00:50:12.809+0000] {processor.py:178} INFO - Processing /home/airflow/.local/lib/python3.7/site-packages/airflow/example_dags/example_short_circuit_operator.py took 0.201 seconds
[2025-12-05T00:50:43.226+0000] {processor.py:156} INFO - Started process (PID=2060) to work on /home/airflow/.local/lib/python3.7/site-packages/airflow/example_dags/example_short_circuit_operator.py
[2025-12-05T00:50:43.227+0000] {processor.py:758} INFO - Processing file /home/airflow/.local/lib/python3.7/site-packages/airflow/example_dags/example_short_circuit_operator.py for tasks to queue
[2025-12-05T00:50:43.228+0000] {logging_mixin.py:117} INFO - [2025-12-05T00:50:43.228+0000] {dagbag.py:525} INFO - Filling up the DagBag from /home/airflow/.local/lib/python3.7/site-packages/airflow/example_dags/example_short_circuit_operator.py
[2025-12-05T00:50:43.240+0000] {processor.py:768} INFO - DAG(s) dict_keys(['example_short_circuit_operator']) retrieved from /home/airflow/.local/lib/python3.7/site-packages/airflow/example_dags/example_short_circuit_operator.py
[2025-12-05T00:50:43.269+0000] {logging_mixin.py:117} INFO - [2025-12-05T00:50:43.269+0000] {dag.py:2573} INFO - Sync 1 DAGs
[2025-12-05T00:50:43.361+0000] {logging_mixin.py:117} INFO - [2025-12-05T00:50:43.361+0000] {dag.py:3328} INFO - Setting next_dagrun for example_short_circuit_operator to 2025-12-04T00:50:43.361364+00:00, run_after=2025-12-05T00:50:43.361364+00:00
[2025-12-05T00:50:43.373+0000] {processor.py:178} INFO - Processing /home/airflow/.local/lib/python3.7/site-packages/airflow/example_dags/example_short_circuit_operator.py took 0.149 seconds
[2025-12-05T00:51:14.060+0000] {processor.py:156} INFO - Started process (PID=2261) to work on /home/airflow/.local/lib/python3.7/site-packages/airflow/example_dags/example_short_circuit_operator.py
[2025-12-05T00:51:14.064+0000] {processor.py:758} INFO - Processing file /home/airflow/.local/lib/python3.7/site-packages/airflow/example_dags/example_short_circuit_operator.py for tasks to queue
[2025-12-05T00:51:14.064+0000] {logging_mixin.py:117} INFO - [2025-12-05T00:51:14.064+0000] {dagbag.py:525} INFO - Filling up the DagBag from /home/airflow/.local/lib/python3.7/site-packages/airflow/example_dags/example_short_circuit_operator.py
[2025-12-05T00:51:14.077+0000] {processor.py:768} INFO - DAG(s) dict_keys(['example_short_circuit_operator']) retrieved from /home/airflow/.local/lib/python3.7/site-packages/airflow/example_dags/example_short_circuit_operator.py
[2025-12-05T00:51:14.182+0000] {logging_mixin.py:117} INFO - [2025-12-05T00:51:14.182+0000] {dag.py:2573} INFO - Sync 1 DAGs
[2025-12-05T00:51:14.195+0000] {logging_mixin.py:117} INFO - [2025-12-05T00:51:14.194+0000] {dag.py:3328} INFO - Setting next_dagrun for example_short_circuit_operator to 2025-12-04T00:51:14.194859+00:00, run_after=2025-12-05T00:51:14.194859+00:00
[2025-12-05T00:51:14.202+0000] {processor.py:178} INFO - Processing /home/airflow/.local/lib/python3.7/site-packages/airflow/example_dags/example_short_circuit_operator.py took 0.146 seconds
[2025-12-05T00:51:44.586+0000] {processor.py:156} INFO - Started process (PID=2462) to work on /home/airflow/.local/lib/python3.7/site-packages/airflow/example_dags/example_short_circuit_operator.py
[2025-12-05T00:51:44.588+0000] {processor.py:758} INFO - Processing file /home/airflow/.local/lib/python3.7/site-packages/airflow/example_dags/example_short_circuit_operator.py for tasks to queue
[2025-12-05T00:51:44.588+0000] {logging_mixin.py:117} INFO - [2025-12-05T00:51:44.588+0000] {dagbag.py:525} INFO - Filling up the DagBag from /home/airflow/.local/lib/python3.7/site-packages/airflow/example_dags/example_short_circuit_operator.py
[2025-12-05T00:51:44.691+0000] {processor.py:768} INFO - DAG(s) dict_keys(['example_short_circuit_operator']) retrieved from /home/airflow/.local/lib/python3.7/site-packages/airflow/example_dags/example_short_circuit_operator.py
[2025-12-05T00:51:44.711+0000] {logging_mixin.py:117} INFO - [2025-12-05T00:51:44.711+0000] {dag.py:2573} INFO - Sync 1 DAGs
[2025-12-05T00:51:44.723+0000] {logging_mixin.py:117} INFO - [2025-12-05T00:51:44.723+0000] {dag.py:3328} INFO - Setting next_dagrun for example_short_circuit_operator to 2025-12-04T00:51:44.723164+00:00, run_after=2025-12-05T00:51:44.723164+00:00
[2025-12-05T00:51:44.732+0000] {processor.py:178} INFO - Processing /home/airflow/.local/lib/python3.7/site-packages/airflow/example_dags/example_short_circuit_operator.py took 0.150 seconds
[2025-12-05T00:52:15.414+0000] {processor.py:156} INFO - Started process (PID=2662) to work on /home/airflow/.local/lib/python3.7/site-packages/airflow/example_dags/example_short_circuit_operator.py
[2025-12-05T00:52:15.415+0000] {processor.py:758} INFO - Processing file /home/airflow/.local/lib/python3.7/site-packages/airflow/example_dags/example_short_circuit_operator.py for tasks to queue
[2025-12-05T00:52:15.440+0000] {logging_mixin.py:117} INFO - [2025-12-05T00:52:15.439+0000] {dagbag.py:525} INFO - Filling up the DagBag from /home/airflow/.local/lib/python3.7/site-packages/airflow/example_dags/example_short_circuit_operator.py
[2025-12-05T00:52:15.459+0000] {processor.py:768} INFO - DAG(s) dict_keys(['example_short_circuit_operator']) retrieved from /home/airflow/.local/lib/python3.7/site-packages/airflow/example_dags/example_short_circuit_operator.py
[2025-12-05T00:52:15.493+0000] {logging_mixin.py:117} INFO - [2025-12-05T00:52:15.493+0000] {dag.py:2573} INFO - Sync 1 DAGs
[2025-12-05T00:52:15.588+0000] {logging_mixin.py:117} INFO - [2025-12-05T00:52:15.587+0000] {dag.py:3328} INFO - Setting next_dagrun for example_short_circuit_operator to 2025-12-04T00:52:15.587915+00:00, run_after=2025-12-05T00:52:15.587915+00:00
[2025-12-05T00:52:15.596+0000] {processor.py:178} INFO - Processing /home/airflow/.local/lib/python3.7/site-packages/airflow/example_dags/example_short_circuit_operator.py took 0.185 seconds
[2025-12-05T00:52:45.889+0000] {processor.py:156} INFO - Started process (PID=2863) to work on /home/airflow/.local/lib/python3.7/site-packages/airflow/example_dags/example_short_circuit_operator.py
[2025-12-05T00:52:45.891+0000] {processor.py:758} INFO - Processing file /home/airflow/.local/lib/python3.7/site-packages/airflow/example_dags/example_short_circuit_operator.py for tasks to queue
[2025-12-05T00:52:45.891+0000] {logging_mixin.py:117} INFO - [2025-12-05T00:52:45.891+0000] {dagbag.py:525} INFO - Filling up the DagBag from /home/airflow/.local/lib/python3.7/site-packages/airflow/example_dags/example_short_circuit_operator.py
[2025-12-05T00:52:45.908+0000] {processor.py:768} INFO - DAG(s) dict_keys(['example_short_circuit_operator']) retrieved from /home/airflow/.local/lib/python3.7/site-packages/airflow/example_dags/example_short_circuit_operator.py
[2025-12-05T00:52:45.935+0000] {logging_mixin.py:117} INFO - [2025-12-05T00:52:45.935+0000] {dag.py:2573} INFO - Sync 1 DAGs
[2025-12-05T00:52:46.024+0000] {logging_mixin.py:117} INFO - [2025-12-05T00:52:46.024+0000] {dag.py:3328} INFO - Setting next_dagrun for example_short_circuit_operator to 2025-12-04T00:52:46.024559+00:00, run_after=2025-12-05T00:52:46.024559+00:00
[2025-12-05T00:52:46.033+0000] {processor.py:178} INFO - Processing /home/airflow/.local/lib/python3.7/site-packages/airflow/example_dags/example_short_circuit_operator.py took 0.148 seconds
[2025-12-05T00:53:16.525+0000] {processor.py:156} INFO - Started process (PID=3064) to work on /home/airflow/.local/lib/python3.7/site-packages/airflow/example_dags/example_short_circuit_operator.py
[2025-12-05T00:53:16.528+0000] {processor.py:758} INFO - Processing file /home/airflow/.local/lib/python3.7/site-packages/airflow/example_dags/example_short_circuit_operator.py for tasks to queue
[2025-12-05T00:53:16.529+0000] {logging_mixin.py:117} INFO - [2025-12-05T00:53:16.529+0000] {dagbag.py:525} INFO - Filling up the DagBag from /home/airflow/.local/lib/python3.7/site-packages/airflow/example_dags/example_short_circuit_operator.py
[2025-12-05T00:53:16.543+0000] {processor.py:768} INFO - DAG(s) dict_keys(['example_short_circuit_operator']) retrieved from /home/airflow/.local/lib/python3.7/site-packages/airflow/example_dags/example_short_circuit_operator.py
[2025-12-05T00:53:16.659+0000] {logging_mixin.py:117} INFO - [2025-12-05T00:53:16.659+0000] {dag.py:2573} INFO - Sync 1 DAGs
[2025-12-05T00:53:16.669+0000] {logging_mixin.py:117} INFO - [2025-12-05T00:53:16.669+0000] {dag.py:3328} INFO - Setting next_dagrun for example_short_circuit_operator to 2025-12-04T00:53:16.669398+00:00, run_after=2025-12-05T00:53:16.669398+00:00
[2025-12-05T00:53:16.676+0000] {processor.py:178} INFO - Processing /home/airflow/.local/lib/python3.7/site-packages/airflow/example_dags/example_short_circuit_operator.py took 0.155 seconds
[2025-12-05T00:53:47.083+0000] {processor.py:156} INFO - Started process (PID=3266) to work on /home/airflow/.local/lib/python3.7/site-packages/airflow/example_dags/example_short_circuit_operator.py
[2025-12-05T00:53:47.084+0000] {processor.py:758} INFO - Processing file /home/airflow/.local/lib/python3.7/site-packages/airflow/example_dags/example_short_circuit_operator.py for tasks to queue
[2025-12-05T00:53:47.084+0000] {logging_mixin.py:117} INFO - [2025-12-05T00:53:47.084+0000] {dagbag.py:525} INFO - Filling up the DagBag from /home/airflow/.local/lib/python3.7/site-packages/airflow/example_dags/example_short_circuit_operator.py
[2025-12-05T00:53:47.306+0000] {processor.py:768} INFO - DAG(s) dict_keys(['example_short_circuit_operator']) retrieved from /home/airflow/.local/lib/python3.7/site-packages/airflow/example_dags/example_short_circuit_operator.py
[2025-12-05T00:53:47.328+0000] {logging_mixin.py:117} INFO - [2025-12-05T00:53:47.328+0000] {dag.py:2573} INFO - Sync 1 DAGs
[2025-12-05T00:53:47.340+0000] {logging_mixin.py:117} INFO - [2025-12-05T00:53:47.340+0000] {dag.py:3328} INFO - Setting next_dagrun for example_short_circuit_operator to 2025-12-04T00:53:47.340163+00:00, run_after=2025-12-05T00:53:47.340163+00:00
[2025-12-05T00:53:47.350+0000] {processor.py:178} INFO - Processing /home/airflow/.local/lib/python3.7/site-packages/airflow/example_dags/example_short_circuit_operator.py took 0.269 seconds
[2025-12-05T00:54:18.062+0000] {processor.py:156} INFO - Started process (PID=3466) to work on /home/airflow/.local/lib/python3.7/site-packages/airflow/example_dags/example_short_circuit_operator.py
[2025-12-05T00:54:18.064+0000] {processor.py:758} INFO - Processing file /home/airflow/.local/lib/python3.7/site-packages/airflow/example_dags/example_short_circuit_operator.py for tasks to queue
[2025-12-05T00:54:18.064+0000] {logging_mixin.py:117} INFO - [2025-12-05T00:54:18.064+0000] {dagbag.py:525} INFO - Filling up the DagBag from /home/airflow/.local/lib/python3.7/site-packages/airflow/example_dags/example_short_circuit_operator.py
[2025-12-05T00:54:18.078+0000] {processor.py:768} INFO - DAG(s) dict_keys(['example_short_circuit_operator']) retrieved from /home/airflow/.local/lib/python3.7/site-packages/airflow/example_dags/example_short_circuit_operator.py
[2025-12-05T00:54:18.102+0000] {logging_mixin.py:117} INFO - [2025-12-05T00:54:18.102+0000] {dag.py:2573} INFO - Sync 1 DAGs
[2025-12-05T00:54:18.197+0000] {logging_mixin.py:117} INFO - [2025-12-05T00:54:18.196+0000] {dag.py:3328} INFO - Setting next_dagrun for example_short_circuit_operator to 2025-12-04T00:54:18.196833+00:00, run_after=2025-12-05T00:54:18.196833+00:00
[2025-12-05T00:54:18.206+0000] {processor.py:178} INFO - Processing /home/airflow/.local/lib/python3.7/site-packages/airflow/example_dags/example_short_circuit_operator.py took 0.148 seconds
[2025-12-05T00:54:48.712+0000] {processor.py:156} INFO - Started process (PID=3667) to work on /home/airflow/.local/lib/python3.7/site-packages/airflow/example_dags/example_short_circuit_operator.py
[2025-12-05T00:54:48.714+0000] {processor.py:758} INFO - Processing file /home/airflow/.local/lib/python3.7/site-packages/airflow/example_dags/example_short_circuit_operator.py for tasks to queue
[2025-12-05T00:54:48.715+0000] {logging_mixin.py:117} INFO - [2025-12-05T00:54:48.715+0000] {dagbag.py:525} INFO - Filling up the DagBag from /home/airflow/.local/lib/python3.7/site-packages/airflow/example_dags/example_short_circuit_operator.py
[2025-12-05T00:54:48.729+0000] {processor.py:768} INFO - DAG(s) dict_keys(['example_short_circuit_operator']) retrieved from /home/airflow/.local/lib/python3.7/site-packages/airflow/example_dags/example_short_circuit_operator.py
[2025-12-05T00:54:48.764+0000] {logging_mixin.py:117} INFO - [2025-12-05T00:54:48.764+0000] {dag.py:2573} INFO - Sync 1 DAGs
[2025-12-05T00:54:48.879+0000] {logging_mixin.py:117} INFO - [2025-12-05T00:54:48.879+0000] {dag.py:3328} INFO - Setting next_dagrun for example_short_circuit_operator to 2025-12-04T00:54:48.879427+00:00, run_after=2025-12-05T00:54:48.879427+00:00
[2025-12-05T00:54:48.888+0000] {processor.py:178} INFO - Processing /home/airflow/.local/lib/python3.7/site-packages/airflow/example_dags/example_short_circuit_operator.py took 0.180 seconds
[2025-12-05T00:55:19.395+0000] {processor.py:156} INFO - Started process (PID=3868) to work on /home/airflow/.local/lib/python3.7/site-packages/airflow/example_dags/example_short_circuit_operator.py
[2025-12-05T00:55:19.398+0000] {processor.py:758} INFO - Processing file /home/airflow/.local/lib/python3.7/site-packages/airflow/example_dags/example_short_circuit_operator.py for tasks to queue
[2025-12-05T00:55:19.398+0000] {logging_mixin.py:117} INFO - [2025-12-05T00:55:19.398+0000] {dagbag.py:525} INFO - Filling up the DagBag from /home/airflow/.local/lib/python3.7/site-packages/airflow/example_dags/example_short_circuit_operator.py
[2025-12-05T00:55:19.412+0000] {processor.py:768} INFO - DAG(s) dict_keys(['example_short_circuit_operator']) retrieved from /home/airflow/.local/lib/python3.7/site-packages/airflow/example_dags/example_short_circuit_operator.py
[2025-12-05T00:55:19.540+0000] {logging_mixin.py:117} INFO - [2025-12-05T00:55:19.540+0000] {dag.py:2573} INFO - Sync 1 DAGs
[2025-12-05T00:55:19.551+0000] {logging_mixin.py:117} INFO - [2025-12-05T00:55:19.551+0000] {dag.py:3328} INFO - Setting next_dagrun for example_short_circuit_operator to 2025-12-04T00:55:19.551119+00:00, run_after=2025-12-05T00:55:19.551119+00:00
[2025-12-05T00:55:19.559+0000] {processor.py:178} INFO - Processing /home/airflow/.local/lib/python3.7/site-packages/airflow/example_dags/example_short_circuit_operator.py took 0.169 seconds
[2025-12-05T00:55:49.969+0000] {processor.py:156} INFO - Started process (PID=4069) to work on /home/airflow/.local/lib/python3.7/site-packages/airflow/example_dags/example_short_circuit_operator.py
[2025-12-05T00:55:49.969+0000] {processor.py:758} INFO - Processing file /home/airflow/.local/lib/python3.7/site-packages/airflow/example_dags/example_short_circuit_operator.py for tasks to queue
[2025-12-05T00:55:49.970+0000] {logging_mixin.py:117} INFO - [2025-12-05T00:55:49.970+0000] {dagbag.py:525} INFO - Filling up the DagBag from /home/airflow/.local/lib/python3.7/site-packages/airflow/example_dags/example_short_circuit_operator.py
[2025-12-05T00:55:49.980+0000] {processor.py:768} INFO - DAG(s) dict_keys(['example_short_circuit_operator']) retrieved from /home/airflow/.local/lib/python3.7/site-packages/airflow/example_dags/example_short_circuit_operator.py
[2025-12-05T00:55:50.076+0000] {logging_mixin.py:117} INFO - [2025-12-05T00:55:50.076+0000] {dag.py:2573} INFO - Sync 1 DAGs
[2025-12-05T00:55:50.086+0000] {logging_mixin.py:117} INFO - [2025-12-05T00:55:50.086+0000] {dag.py:3328} INFO - Setting next_dagrun for example_short_circuit_operator to 2025-12-04T00:55:50.085994+00:00, run_after=2025-12-05T00:55:50.085994+00:00
[2025-12-05T00:55:50.093+0000] {processor.py:178} INFO - Processing /home/airflow/.local/lib/python3.7/site-packages/airflow/example_dags/example_short_circuit_operator.py took 0.127 seconds
[2025-12-05T00:56:20.216+0000] {processor.py:156} INFO - Started process (PID=4269) to work on /home/airflow/.local/lib/python3.7/site-packages/airflow/example_dags/example_short_circuit_operator.py
[2025-12-05T00:56:20.217+0000] {processor.py:758} INFO - Processing file /home/airflow/.local/lib/python3.7/site-packages/airflow/example_dags/example_short_circuit_operator.py for tasks to queue
[2025-12-05T00:56:20.218+0000] {logging_mixin.py:117} INFO - [2025-12-05T00:56:20.218+0000] {dagbag.py:525} INFO - Filling up the DagBag from /home/airflow/.local/lib/python3.7/site-packages/airflow/example_dags/example_short_circuit_operator.py
[2025-12-05T00:56:20.233+0000] {processor.py:768} INFO - DAG(s) dict_keys(['example_short_circuit_operator']) retrieved from /home/airflow/.local/lib/python3.7/site-packages/airflow/example_dags/example_short_circuit_operator.py
[2025-12-05T00:56:20.259+0000] {logging_mixin.py:117} INFO - [2025-12-05T00:56:20.259+0000] {dag.py:2573} INFO - Sync 1 DAGs
[2025-12-05T00:56:20.272+0000] {logging_mixin.py:117} INFO - [2025-12-05T00:56:20.271+0000] {dag.py:3328} INFO - Setting next_dagrun for example_short_circuit_operator to 2025-12-04T00:56:20.271826+00:00, run_after=2025-12-05T00:56:20.271826+00:00
[2025-12-05T00:56:20.280+0000] {processor.py:178} INFO - Processing /home/airflow/.local/lib/python3.7/site-packages/airflow/example_dags/example_short_circuit_operator.py took 0.067 seconds
[2025-12-05T00:56:51.064+0000] {processor.py:156} INFO - Started process (PID=4470) to work on /home/airflow/.local/lib/python3.7/site-packages/airflow/example_dags/example_short_circuit_operator.py
[2025-12-05T00:56:51.065+0000] {processor.py:758} INFO - Processing file /home/airflow/.local/lib/python3.7/site-packages/airflow/example_dags/example_short_circuit_operator.py for tasks to queue
[2025-12-05T00:56:51.065+0000] {logging_mixin.py:117} INFO - [2025-12-05T00:56:51.065+0000] {dagbag.py:525} INFO - Filling up the DagBag from /home/airflow/.local/lib/python3.7/site-packages/airflow/example_dags/example_short_circuit_operator.py
[2025-12-05T00:56:51.080+0000] {processor.py:768} INFO - DAG(s) dict_keys(['example_short_circuit_operator']) retrieved from /home/airflow/.local/lib/python3.7/site-packages/airflow/example_dags/example_short_circuit_operator.py
[2025-12-05T00:56:51.107+0000] {logging_mixin.py:117} INFO - [2025-12-05T00:56:51.106+0000] {dag.py:2573} INFO - Sync 1 DAGs
[2025-12-05T00:56:51.120+0000] {logging_mixin.py:117} INFO - [2025-12-05T00:56:51.120+0000] {dag.py:3328} INFO - Setting next_dagrun for example_short_circuit_operator to 2025-12-04T00:56:51.120488+00:00, run_after=2025-12-05T00:56:51.120488+00:00
[2025-12-05T00:56:51.128+0000] {processor.py:178} INFO - Processing /home/airflow/.local/lib/python3.7/site-packages/airflow/example_dags/example_short_circuit_operator.py took 0.067 seconds
[2025-12-05T00:57:22.005+0000] {processor.py:156} INFO - Started process (PID=4670) to work on /home/airflow/.local/lib/python3.7/site-packages/airflow/example_dags/example_short_circuit_operator.py
[2025-12-05T00:57:22.006+0000] {processor.py:758} INFO - Processing file /home/airflow/.local/lib/python3.7/site-packages/airflow/example_dags/example_short_circuit_operator.py for tasks to queue
[2025-12-05T00:57:22.006+0000] {logging_mixin.py:117} INFO - [2025-12-05T00:57:22.006+0000] {dagbag.py:525} INFO - Filling up the DagBag from /home/airflow/.local/lib/python3.7/site-packages/airflow/example_dags/example_short_circuit_operator.py
[2025-12-05T00:57:22.019+0000] {processor.py:768} INFO - DAG(s) dict_keys(['example_short_circuit_operator']) retrieved from /home/airflow/.local/lib/python3.7/site-packages/airflow/example_dags/example_short_circuit_operator.py
[2025-12-05T00:57:22.048+0000] {logging_mixin.py:117} INFO - [2025-12-05T00:57:22.048+0000] {dag.py:2573} INFO - Sync 1 DAGs
[2025-12-05T00:57:22.063+0000] {logging_mixin.py:117} INFO - [2025-12-05T00:57:22.062+0000] {dag.py:3328} INFO - Setting next_dagrun for example_short_circuit_operator to 2025-12-04T00:57:22.062798+00:00, run_after=2025-12-05T00:57:22.062798+00:00
[2025-12-05T00:57:22.075+0000] {processor.py:178} INFO - Processing /home/airflow/.local/lib/python3.7/site-packages/airflow/example_dags/example_short_circuit_operator.py took 0.073 seconds
[2025-12-05T00:57:52.793+0000] {processor.py:156} INFO - Started process (PID=4871) to work on /home/airflow/.local/lib/python3.7/site-packages/airflow/example_dags/example_short_circuit_operator.py
[2025-12-05T00:57:52.794+0000] {processor.py:758} INFO - Processing file /home/airflow/.local/lib/python3.7/site-packages/airflow/example_dags/example_short_circuit_operator.py for tasks to queue
[2025-12-05T00:57:52.795+0000] {logging_mixin.py:117} INFO - [2025-12-05T00:57:52.795+0000] {dagbag.py:525} INFO - Filling up the DagBag from /home/airflow/.local/lib/python3.7/site-packages/airflow/example_dags/example_short_circuit_operator.py
[2025-12-05T00:57:52.808+0000] {processor.py:768} INFO - DAG(s) dict_keys(['example_short_circuit_operator']) retrieved from /home/airflow/.local/lib/python3.7/site-packages/airflow/example_dags/example_short_circuit_operator.py
[2025-12-05T00:57:52.836+0000] {logging_mixin.py:117} INFO - [2025-12-05T00:57:52.836+0000] {dag.py:2573} INFO - Sync 1 DAGs
[2025-12-05T00:57:52.850+0000] {logging_mixin.py:117} INFO - [2025-12-05T00:57:52.850+0000] {dag.py:3328} INFO - Setting next_dagrun for example_short_circuit_operator to 2025-12-04T00:57:52.850694+00:00, run_after=2025-12-05T00:57:52.850694+00:00
[2025-12-05T00:57:52.859+0000] {processor.py:178} INFO - Processing /home/airflow/.local/lib/python3.7/site-packages/airflow/example_dags/example_short_circuit_operator.py took 0.068 seconds
[2025-12-05T00:58:23.807+0000] {processor.py:156} INFO - Started process (PID=5079) to work on /home/airflow/.local/lib/python3.7/site-packages/airflow/example_dags/example_short_circuit_operator.py
[2025-12-05T00:58:23.810+0000] {processor.py:758} INFO - Processing file /home/airflow/.local/lib/python3.7/site-packages/airflow/example_dags/example_short_circuit_operator.py for tasks to queue
[2025-12-05T00:58:23.811+0000] {logging_mixin.py:117} INFO - [2025-12-05T00:58:23.811+0000] {dagbag.py:525} INFO - Filling up the DagBag from /home/airflow/.local/lib/python3.7/site-packages/airflow/example_dags/example_short_circuit_operator.py
[2025-12-05T00:58:23.822+0000] {processor.py:768} INFO - DAG(s) dict_keys(['example_short_circuit_operator']) retrieved from /home/airflow/.local/lib/python3.7/site-packages/airflow/example_dags/example_short_circuit_operator.py
[2025-12-05T00:58:23.848+0000] {logging_mixin.py:117} INFO - [2025-12-05T00:58:23.848+0000] {dag.py:2573} INFO - Sync 1 DAGs
[2025-12-05T00:58:23.859+0000] {logging_mixin.py:117} INFO - [2025-12-05T00:58:23.859+0000] {dag.py:3328} INFO - Setting next_dagrun for example_short_circuit_operator to 2025-12-04T00:58:23.859209+00:00, run_after=2025-12-05T00:58:23.859209+00:00
[2025-12-05T00:58:23.869+0000] {processor.py:178} INFO - Processing /home/airflow/.local/lib/python3.7/site-packages/airflow/example_dags/example_short_circuit_operator.py took 0.065 seconds
[2025-12-05T00:58:54.694+0000] {processor.py:156} INFO - Started process (PID=5279) to work on /home/airflow/.local/lib/python3.7/site-packages/airflow/example_dags/example_short_circuit_operator.py
[2025-12-05T00:58:54.694+0000] {processor.py:758} INFO - Processing file /home/airflow/.local/lib/python3.7/site-packages/airflow/example_dags/example_short_circuit_operator.py for tasks to queue
[2025-12-05T00:58:54.695+0000] {logging_mixin.py:117} INFO - [2025-12-05T00:58:54.695+0000] {dagbag.py:525} INFO - Filling up the DagBag from /home/airflow/.local/lib/python3.7/site-packages/airflow/example_dags/example_short_circuit_operator.py
[2025-12-05T00:58:54.705+0000] {processor.py:768} INFO - DAG(s) dict_keys(['example_short_circuit_operator']) retrieved from /home/airflow/.local/lib/python3.7/site-packages/airflow/example_dags/example_short_circuit_operator.py
[2025-12-05T00:58:54.733+0000] {logging_mixin.py:117} INFO - [2025-12-05T00:58:54.733+0000] {dag.py:2573} INFO - Sync 1 DAGs
[2025-12-05T00:58:54.745+0000] {logging_mixin.py:117} INFO - [2025-12-05T00:58:54.744+0000] {dag.py:3328} INFO - Setting next_dagrun for example_short_circuit_operator to 2025-12-04T00:58:54.744849+00:00, run_after=2025-12-05T00:58:54.744849+00:00
[2025-12-05T00:58:54.752+0000] {processor.py:178} INFO - Processing /home/airflow/.local/lib/python3.7/site-packages/airflow/example_dags/example_short_circuit_operator.py took 0.062 seconds
[2025-12-05T00:59:25.435+0000] {processor.py:156} INFO - Started process (PID=5480) to work on /home/airflow/.local/lib/python3.7/site-packages/airflow/example_dags/example_short_circuit_operator.py
[2025-12-05T00:59:25.438+0000] {processor.py:758} INFO - Processing file /home/airflow/.local/lib/python3.7/site-packages/airflow/example_dags/example_short_circuit_operator.py for tasks to queue
[2025-12-05T00:59:25.438+0000] {logging_mixin.py:117} INFO - [2025-12-05T00:59:25.438+0000] {dagbag.py:525} INFO - Filling up the DagBag from /home/airflow/.local/lib/python3.7/site-packages/airflow/example_dags/example_short_circuit_operator.py
[2025-12-05T00:59:25.449+0000] {processor.py:768} INFO - DAG(s) dict_keys(['example_short_circuit_operator']) retrieved from /home/airflow/.local/lib/python3.7/site-packages/airflow/example_dags/example_short_circuit_operator.py
[2025-12-05T00:59:25.471+0000] {logging_mixin.py:117} INFO - [2025-12-05T00:59:25.471+0000] {dag.py:2573} INFO - Sync 1 DAGs
[2025-12-05T00:59:25.484+0000] {logging_mixin.py:117} INFO - [2025-12-05T00:59:25.484+0000] {dag.py:3328} INFO - Setting next_dagrun for example_short_circuit_operator to 2025-12-04T00:59:25.484148+00:00, run_after=2025-12-05T00:59:25.484148+00:00
[2025-12-05T00:59:25.495+0000] {processor.py:178} INFO - Processing /home/airflow/.local/lib/python3.7/site-packages/airflow/example_dags/example_short_circuit_operator.py took 0.063 seconds
[2025-12-05T00:59:56.372+0000] {processor.py:156} INFO - Started process (PID=5681) to work on /home/airflow/.local/lib/python3.7/site-packages/airflow/example_dags/example_short_circuit_operator.py
[2025-12-05T00:59:56.373+0000] {processor.py:758} INFO - Processing file /home/airflow/.local/lib/python3.7/site-packages/airflow/example_dags/example_short_circuit_operator.py for tasks to queue
[2025-12-05T00:59:56.374+0000] {logging_mixin.py:117} INFO - [2025-12-05T00:59:56.374+0000] {dagbag.py:525} INFO - Filling up the DagBag from /home/airflow/.local/lib/python3.7/site-packages/airflow/example_dags/example_short_circuit_operator.py
[2025-12-05T00:59:56.386+0000] {processor.py:768} INFO - DAG(s) dict_keys(['example_short_circuit_operator']) retrieved from /home/airflow/.local/lib/python3.7/site-packages/airflow/example_dags/example_short_circuit_operator.py
[2025-12-05T00:59:56.415+0000] {logging_mixin.py:117} INFO - [2025-12-05T00:59:56.415+0000] {dag.py:2573} INFO - Sync 1 DAGs
[2025-12-05T00:59:56.432+0000] {logging_mixin.py:117} INFO - [2025-12-05T00:59:56.432+0000] {dag.py:3328} INFO - Setting next_dagrun for example_short_circuit_operator to 2025-12-04T00:59:56.432285+00:00, run_after=2025-12-05T00:59:56.432285+00:00
[2025-12-05T00:59:56.441+0000] {processor.py:178} INFO - Processing /home/airflow/.local/lib/python3.7/site-packages/airflow/example_dags/example_short_circuit_operator.py took 0.071 seconds
[2025-12-05T01:00:26.469+0000] {processor.py:156} INFO - Started process (PID=5882) to work on /home/airflow/.local/lib/python3.7/site-packages/airflow/example_dags/example_short_circuit_operator.py
[2025-12-05T01:00:26.469+0000] {processor.py:758} INFO - Processing file /home/airflow/.local/lib/python3.7/site-packages/airflow/example_dags/example_short_circuit_operator.py for tasks to queue
[2025-12-05T01:00:26.470+0000] {logging_mixin.py:117} INFO - [2025-12-05T01:00:26.470+0000] {dagbag.py:525} INFO - Filling up the DagBag from /home/airflow/.local/lib/python3.7/site-packages/airflow/example_dags/example_short_circuit_operator.py
[2025-12-05T01:00:26.478+0000] {processor.py:768} INFO - DAG(s) dict_keys(['example_short_circuit_operator']) retrieved from /home/airflow/.local/lib/python3.7/site-packages/airflow/example_dags/example_short_circuit_operator.py
[2025-12-05T01:00:26.509+0000] {logging_mixin.py:117} INFO - [2025-12-05T01:00:26.509+0000] {dag.py:2573} INFO - Sync 1 DAGs
[2025-12-05T01:00:26.525+0000] {logging_mixin.py:117} INFO - [2025-12-05T01:00:26.525+0000] {dag.py:3328} INFO - Setting next_dagrun for example_short_circuit_operator to 2025-12-04T01:00:26.525414+00:00, run_after=2025-12-05T01:00:26.525414+00:00
[2025-12-05T01:00:26.533+0000] {processor.py:178} INFO - Processing /home/airflow/.local/lib/python3.7/site-packages/airflow/example_dags/example_short_circuit_operator.py took 0.066 seconds
[2025-12-05T01:00:56.716+0000] {processor.py:156} INFO - Started process (PID=6082) to work on /home/airflow/.local/lib/python3.7/site-packages/airflow/example_dags/example_short_circuit_operator.py
[2025-12-05T01:00:56.719+0000] {processor.py:758} INFO - Processing file /home/airflow/.local/lib/python3.7/site-packages/airflow/example_dags/example_short_circuit_operator.py for tasks to queue
[2025-12-05T01:00:56.719+0000] {logging_mixin.py:117} INFO - [2025-12-05T01:00:56.719+0000] {dagbag.py:525} INFO - Filling up the DagBag from /home/airflow/.local/lib/python3.7/site-packages/airflow/example_dags/example_short_circuit_operator.py
[2025-12-05T01:00:56.728+0000] {processor.py:768} INFO - DAG(s) dict_keys(['example_short_circuit_operator']) retrieved from /home/airflow/.local/lib/python3.7/site-packages/airflow/example_dags/example_short_circuit_operator.py
[2025-12-05T01:00:56.758+0000] {logging_mixin.py:117} INFO - [2025-12-05T01:00:56.758+0000] {dag.py:2573} INFO - Sync 1 DAGs
[2025-12-05T01:00:56.772+0000] {logging_mixin.py:117} INFO - [2025-12-05T01:00:56.772+0000] {dag.py:3328} INFO - Setting next_dagrun for example_short_circuit_operator to 2025-12-04T01:00:56.772172+00:00, run_after=2025-12-05T01:00:56.772172+00:00
[2025-12-05T01:00:56.780+0000] {processor.py:178} INFO - Processing /home/airflow/.local/lib/python3.7/site-packages/airflow/example_dags/example_short_circuit_operator.py took 0.066 seconds
[2025-12-05T01:01:27.204+0000] {processor.py:156} INFO - Started process (PID=6284) to work on /home/airflow/.local/lib/python3.7/site-packages/airflow/example_dags/example_short_circuit_operator.py
[2025-12-05T01:01:27.205+0000] {processor.py:758} INFO - Processing file /home/airflow/.local/lib/python3.7/site-packages/airflow/example_dags/example_short_circuit_operator.py for tasks to queue
[2025-12-05T01:01:27.205+0000] {logging_mixin.py:117} INFO - [2025-12-05T01:01:27.205+0000] {dagbag.py:525} INFO - Filling up the DagBag from /home/airflow/.local/lib/python3.7/site-packages/airflow/example_dags/example_short_circuit_operator.py
[2025-12-05T01:01:27.213+0000] {processor.py:768} INFO - DAG(s) dict_keys(['example_short_circuit_operator']) retrieved from /home/airflow/.local/lib/python3.7/site-packages/airflow/example_dags/example_short_circuit_operator.py
[2025-12-05T01:01:27.230+0000] {logging_mixin.py:117} INFO - [2025-12-05T01:01:27.230+0000] {dag.py:2573} INFO - Sync 1 DAGs
[2025-12-05T01:01:27.242+0000] {logging_mixin.py:117} INFO - [2025-12-05T01:01:27.242+0000] {dag.py:3328} INFO - Setting next_dagrun for example_short_circuit_operator to 2025-12-04T01:01:27.241891+00:00, run_after=2025-12-05T01:01:27.241891+00:00
[2025-12-05T01:01:27.253+0000] {processor.py:178} INFO - Processing /home/airflow/.local/lib/python3.7/site-packages/airflow/example_dags/example_short_circuit_operator.py took 0.051 seconds
[2025-12-05T01:01:58.343+0000] {processor.py:156} INFO - Started process (PID=6483) to work on /home/airflow/.local/lib/python3.7/site-packages/airflow/example_dags/example_short_circuit_operator.py
[2025-12-05T01:01:58.344+0000] {processor.py:758} INFO - Processing file /home/airflow/.local/lib/python3.7/site-packages/airflow/example_dags/example_short_circuit_operator.py for tasks to queue
[2025-12-05T01:01:58.344+0000] {logging_mixin.py:117} INFO - [2025-12-05T01:01:58.344+0000] {dagbag.py:525} INFO - Filling up the DagBag from /home/airflow/.local/lib/python3.7/site-packages/airflow/example_dags/example_short_circuit_operator.py
[2025-12-05T01:01:58.352+0000] {processor.py:768} INFO - DAG(s) dict_keys(['example_short_circuit_operator']) retrieved from /home/airflow/.local/lib/python3.7/site-packages/airflow/example_dags/example_short_circuit_operator.py
[2025-12-05T01:01:58.371+0000] {logging_mixin.py:117} INFO - [2025-12-05T01:01:58.371+0000] {dag.py:2573} INFO - Sync 1 DAGs
[2025-12-05T01:01:58.384+0000] {logging_mixin.py:117} INFO - [2025-12-05T01:01:58.384+0000] {dag.py:3328} INFO - Setting next_dagrun for example_short_circuit_operator to 2025-12-04T01:01:58.383939+00:00, run_after=2025-12-05T01:01:58.383939+00:00
[2025-12-05T01:01:58.391+0000] {processor.py:178} INFO - Processing /home/airflow/.local/lib/python3.7/site-packages/airflow/example_dags/example_short_circuit_operator.py took 0.050 seconds
[2025-12-05T01:02:29.161+0000] {processor.py:156} INFO - Started process (PID=6684) to work on /home/airflow/.local/lib/python3.7/site-packages/airflow/example_dags/example_short_circuit_operator.py
[2025-12-05T01:02:29.161+0000] {processor.py:758} INFO - Processing file /home/airflow/.local/lib/python3.7/site-packages/airflow/example_dags/example_short_circuit_operator.py for tasks to queue
[2025-12-05T01:02:29.162+0000] {logging_mixin.py:117} INFO - [2025-12-05T01:02:29.162+0000] {dagbag.py:525} INFO - Filling up the DagBag from /home/airflow/.local/lib/python3.7/site-packages/airflow/example_dags/example_short_circuit_operator.py
[2025-12-05T01:02:29.170+0000] {processor.py:768} INFO - DAG(s) dict_keys(['example_short_circuit_operator']) retrieved from /home/airflow/.local/lib/python3.7/site-packages/airflow/example_dags/example_short_circuit_operator.py
[2025-12-05T01:02:29.190+0000] {logging_mixin.py:117} INFO - [2025-12-05T01:02:29.190+0000] {dag.py:2573} INFO - Sync 1 DAGs
[2025-12-05T01:02:29.205+0000] {logging_mixin.py:117} INFO - [2025-12-05T01:02:29.204+0000] {dag.py:3328} INFO - Setting next_dagrun for example_short_circuit_operator to 2025-12-04T01:02:29.204782+00:00, run_after=2025-12-05T01:02:29.204782+00:00
[2025-12-05T01:02:29.214+0000] {processor.py:178} INFO - Processing /home/airflow/.local/lib/python3.7/site-packages/airflow/example_dags/example_short_circuit_operator.py took 0.055 seconds
[2025-12-05T01:02:59.446+0000] {processor.py:156} INFO - Started process (PID=6887) to work on /home/airflow/.local/lib/python3.7/site-packages/airflow/example_dags/example_short_circuit_operator.py
[2025-12-05T01:02:59.446+0000] {processor.py:758} INFO - Processing file /home/airflow/.local/lib/python3.7/site-packages/airflow/example_dags/example_short_circuit_operator.py for tasks to queue
[2025-12-05T01:02:59.447+0000] {logging_mixin.py:117} INFO - [2025-12-05T01:02:59.447+0000] {dagbag.py:525} INFO - Filling up the DagBag from /home/airflow/.local/lib/python3.7/site-packages/airflow/example_dags/example_short_circuit_operator.py
[2025-12-05T01:02:59.455+0000] {processor.py:768} INFO - DAG(s) dict_keys(['example_short_circuit_operator']) retrieved from /home/airflow/.local/lib/python3.7/site-packages/airflow/example_dags/example_short_circuit_operator.py
[2025-12-05T01:02:59.478+0000] {logging_mixin.py:117} INFO - [2025-12-05T01:02:59.478+0000] {dag.py:2573} INFO - Sync 1 DAGs
[2025-12-05T01:02:59.491+0000] {logging_mixin.py:117} INFO - [2025-12-05T01:02:59.491+0000] {dag.py:3328} INFO - Setting next_dagrun for example_short_circuit_operator to 2025-12-04T01:02:59.491152+00:00, run_after=2025-12-05T01:02:59.491152+00:00
[2025-12-05T01:02:59.500+0000] {processor.py:178} INFO - Processing /home/airflow/.local/lib/python3.7/site-packages/airflow/example_dags/example_short_circuit_operator.py took 0.056 seconds
[2025-12-05T01:03:30.348+0000] {processor.py:156} INFO - Started process (PID=7088) to work on /home/airflow/.local/lib/python3.7/site-packages/airflow/example_dags/example_short_circuit_operator.py
[2025-12-05T01:03:30.349+0000] {processor.py:758} INFO - Processing file /home/airflow/.local/lib/python3.7/site-packages/airflow/example_dags/example_short_circuit_operator.py for tasks to queue
[2025-12-05T01:03:30.349+0000] {logging_mixin.py:117} INFO - [2025-12-05T01:03:30.349+0000] {dagbag.py:525} INFO - Filling up the DagBag from /home/airflow/.local/lib/python3.7/site-packages/airflow/example_dags/example_short_circuit_operator.py
[2025-12-05T01:03:30.359+0000] {processor.py:768} INFO - DAG(s) dict_keys(['example_short_circuit_operator']) retrieved from /home/airflow/.local/lib/python3.7/site-packages/airflow/example_dags/example_short_circuit_operator.py
[2025-12-05T01:03:30.381+0000] {logging_mixin.py:117} INFO - [2025-12-05T01:03:30.381+0000] {dag.py:2573} INFO - Sync 1 DAGs
[2025-12-05T01:03:30.392+0000] {logging_mixin.py:117} INFO - [2025-12-05T01:03:30.392+0000] {dag.py:3328} INFO - Setting next_dagrun for example_short_circuit_operator to 2025-12-04T01:03:30.392470+00:00, run_after=2025-12-05T01:03:30.392470+00:00
[2025-12-05T01:03:30.401+0000] {processor.py:178} INFO - Processing /home/airflow/.local/lib/python3.7/site-packages/airflow/example_dags/example_short_circuit_operator.py took 0.055 seconds
[2025-12-05T01:04:01.318+0000] {processor.py:156} INFO - Started process (PID=7286) to work on /home/airflow/.local/lib/python3.7/site-packages/airflow/example_dags/example_short_circuit_operator.py
[2025-12-05T01:04:01.320+0000] {processor.py:758} INFO - Processing file /home/airflow/.local/lib/python3.7/site-packages/airflow/example_dags/example_short_circuit_operator.py for tasks to queue
[2025-12-05T01:04:01.321+0000] {logging_mixin.py:117} INFO - [2025-12-05T01:04:01.321+0000] {dagbag.py:525} INFO - Filling up the DagBag from /home/airflow/.local/lib/python3.7/site-packages/airflow/example_dags/example_short_circuit_operator.py
[2025-12-05T01:04:01.328+0000] {processor.py:768} INFO - DAG(s) dict_keys(['example_short_circuit_operator']) retrieved from /home/airflow/.local/lib/python3.7/site-packages/airflow/example_dags/example_short_circuit_operator.py
[2025-12-05T01:04:01.346+0000] {logging_mixin.py:117} INFO - [2025-12-05T01:04:01.346+0000] {dag.py:2573} INFO - Sync 1 DAGs
[2025-12-05T01:04:01.358+0000] {logging_mixin.py:117} INFO - [2025-12-05T01:04:01.358+0000] {dag.py:3328} INFO - Setting next_dagrun for example_short_circuit_operator to 2025-12-04T01:04:01.357934+00:00, run_after=2025-12-05T01:04:01.357934+00:00
[2025-12-05T01:04:01.366+0000] {processor.py:178} INFO - Processing /home/airflow/.local/lib/python3.7/site-packages/airflow/example_dags/example_short_circuit_operator.py took 0.050 seconds
[2025-12-05T01:04:32.028+0000] {processor.py:156} INFO - Started process (PID=7487) to work on /home/airflow/.local/lib/python3.7/site-packages/airflow/example_dags/example_short_circuit_operator.py
[2025-12-05T01:04:32.031+0000] {processor.py:758} INFO - Processing file /home/airflow/.local/lib/python3.7/site-packages/airflow/example_dags/example_short_circuit_operator.py for tasks to queue
[2025-12-05T01:04:32.031+0000] {logging_mixin.py:117} INFO - [2025-12-05T01:04:32.031+0000] {dagbag.py:525} INFO - Filling up the DagBag from /home/airflow/.local/lib/python3.7/site-packages/airflow/example_dags/example_short_circuit_operator.py
[2025-12-05T01:04:32.040+0000] {processor.py:768} INFO - DAG(s) dict_keys(['example_short_circuit_operator']) retrieved from /home/airflow/.local/lib/python3.7/site-packages/airflow/example_dags/example_short_circuit_operator.py
[2025-12-05T01:04:32.059+0000] {logging_mixin.py:117} INFO - [2025-12-05T01:04:32.059+0000] {dag.py:2573} INFO - Sync 1 DAGs
[2025-12-05T01:04:32.070+0000] {logging_mixin.py:117} INFO - [2025-12-05T01:04:32.070+0000] {dag.py:3328} INFO - Setting next_dagrun for example_short_circuit_operator to 2025-12-04T01:04:32.069964+00:00, run_after=2025-12-05T01:04:32.069964+00:00
[2025-12-05T01:04:32.077+0000] {processor.py:178} INFO - Processing /home/airflow/.local/lib/python3.7/site-packages/airflow/example_dags/example_short_circuit_operator.py took 0.051 seconds
[2025-12-05T01:05:02.771+0000] {processor.py:156} INFO - Started process (PID=7688) to work on /home/airflow/.local/lib/python3.7/site-packages/airflow/example_dags/example_short_circuit_operator.py
[2025-12-05T01:05:02.772+0000] {processor.py:758} INFO - Processing file /home/airflow/.local/lib/python3.7/site-packages/airflow/example_dags/example_short_circuit_operator.py for tasks to queue
[2025-12-05T01:05:02.773+0000] {logging_mixin.py:117} INFO - [2025-12-05T01:05:02.773+0000] {dagbag.py:525} INFO - Filling up the DagBag from /home/airflow/.local/lib/python3.7/site-packages/airflow/example_dags/example_short_circuit_operator.py
[2025-12-05T01:05:02.784+0000] {processor.py:768} INFO - DAG(s) dict_keys(['example_short_circuit_operator']) retrieved from /home/airflow/.local/lib/python3.7/site-packages/airflow/example_dags/example_short_circuit_operator.py
[2025-12-05T01:05:02.805+0000] {logging_mixin.py:117} INFO - [2025-12-05T01:05:02.805+0000] {dag.py:2573} INFO - Sync 1 DAGs
[2025-12-05T01:05:02.817+0000] {logging_mixin.py:117} INFO - [2025-12-05T01:05:02.816+0000] {dag.py:3328} INFO - Setting next_dagrun for example_short_circuit_operator to 2025-12-04T01:05:02.816845+00:00, run_after=2025-12-05T01:05:02.816845+00:00
[2025-12-05T01:05:02.824+0000] {processor.py:178} INFO - Processing /home/airflow/.local/lib/python3.7/site-packages/airflow/example_dags/example_short_circuit_operator.py took 0.055 seconds
[2025-12-05T01:05:33.587+0000] {processor.py:156} INFO - Started process (PID=7889) to work on /home/airflow/.local/lib/python3.7/site-packages/airflow/example_dags/example_short_circuit_operator.py
[2025-12-05T01:05:33.590+0000] {processor.py:758} INFO - Processing file /home/airflow/.local/lib/python3.7/site-packages/airflow/example_dags/example_short_circuit_operator.py for tasks to queue
[2025-12-05T01:05:33.590+0000] {logging_mixin.py:117} INFO - [2025-12-05T01:05:33.590+0000] {dagbag.py:525} INFO - Filling up the DagBag from /home/airflow/.local/lib/python3.7/site-packages/airflow/example_dags/example_short_circuit_operator.py
[2025-12-05T01:05:33.599+0000] {processor.py:768} INFO - DAG(s) dict_keys(['example_short_circuit_operator']) retrieved from /home/airflow/.local/lib/python3.7/site-packages/airflow/example_dags/example_short_circuit_operator.py
[2025-12-05T01:05:33.620+0000] {logging_mixin.py:117} INFO - [2025-12-05T01:05:33.620+0000] {dag.py:2573} INFO - Sync 1 DAGs
[2025-12-05T01:05:33.632+0000] {logging_mixin.py:117} INFO - [2025-12-05T01:05:33.632+0000] {dag.py:3328} INFO - Setting next_dagrun for example_short_circuit_operator to 2025-12-04T01:05:33.632682+00:00, run_after=2025-12-05T01:05:33.632682+00:00
[2025-12-05T01:05:33.644+0000] {processor.py:178} INFO - Processing /home/airflow/.local/lib/python3.7/site-packages/airflow/example_dags/example_short_circuit_operator.py took 0.058 seconds
[2025-12-05T01:06:04.628+0000] {processor.py:156} INFO - Started process (PID=8092) to work on /home/airflow/.local/lib/python3.7/site-packages/airflow/example_dags/example_short_circuit_operator.py
[2025-12-05T01:06:04.629+0000] {processor.py:758} INFO - Processing file /home/airflow/.local/lib/python3.7/site-packages/airflow/example_dags/example_short_circuit_operator.py for tasks to queue
[2025-12-05T01:06:04.629+0000] {logging_mixin.py:117} INFO - [2025-12-05T01:06:04.629+0000] {dagbag.py:525} INFO - Filling up the DagBag from /home/airflow/.local/lib/python3.7/site-packages/airflow/example_dags/example_short_circuit_operator.py
[2025-12-05T01:06:04.637+0000] {processor.py:768} INFO - DAG(s) dict_keys(['example_short_circuit_operator']) retrieved from /home/airflow/.local/lib/python3.7/site-packages/airflow/example_dags/example_short_circuit_operator.py
[2025-12-05T01:06:04.660+0000] {logging_mixin.py:117} INFO - [2025-12-05T01:06:04.660+0000] {dag.py:2573} INFO - Sync 1 DAGs
[2025-12-05T01:06:04.672+0000] {logging_mixin.py:117} INFO - [2025-12-05T01:06:04.672+0000] {dag.py:3328} INFO - Setting next_dagrun for example_short_circuit_operator to 2025-12-04T01:06:04.672681+00:00, run_after=2025-12-05T01:06:04.672681+00:00
[2025-12-05T01:06:04.681+0000] {processor.py:178} INFO - Processing /home/airflow/.local/lib/python3.7/site-packages/airflow/example_dags/example_short_circuit_operator.py took 0.054 seconds
[2025-12-05T01:06:35.882+0000] {processor.py:156} INFO - Started process (PID=8291) to work on /home/airflow/.local/lib/python3.7/site-packages/airflow/example_dags/example_short_circuit_operator.py
[2025-12-05T01:06:35.883+0000] {processor.py:758} INFO - Processing file /home/airflow/.local/lib/python3.7/site-packages/airflow/example_dags/example_short_circuit_operator.py for tasks to queue
[2025-12-05T01:06:35.884+0000] {logging_mixin.py:117} INFO - [2025-12-05T01:06:35.884+0000] {dagbag.py:525} INFO - Filling up the DagBag from /home/airflow/.local/lib/python3.7/site-packages/airflow/example_dags/example_short_circuit_operator.py
[2025-12-05T01:06:35.893+0000] {processor.py:768} INFO - DAG(s) dict_keys(['example_short_circuit_operator']) retrieved from /home/airflow/.local/lib/python3.7/site-packages/airflow/example_dags/example_short_circuit_operator.py
[2025-12-05T01:06:35.919+0000] {logging_mixin.py:117} INFO - [2025-12-05T01:06:35.919+0000] {dag.py:2573} INFO - Sync 1 DAGs
[2025-12-05T01:06:35.931+0000] {logging_mixin.py:117} INFO - [2025-12-05T01:06:35.931+0000] {dag.py:3328} INFO - Setting next_dagrun for example_short_circuit_operator to 2025-12-04T01:06:35.930952+00:00, run_after=2025-12-05T01:06:35.930952+00:00
[2025-12-05T01:06:35.946+0000] {processor.py:178} INFO - Processing /home/airflow/.local/lib/python3.7/site-packages/airflow/example_dags/example_short_circuit_operator.py took 0.066 seconds
[2025-12-05T01:07:06.437+0000] {processor.py:156} INFO - Started process (PID=8492) to work on /home/airflow/.local/lib/python3.7/site-packages/airflow/example_dags/example_short_circuit_operator.py
[2025-12-05T01:07:06.438+0000] {processor.py:758} INFO - Processing file /home/airflow/.local/lib/python3.7/site-packages/airflow/example_dags/example_short_circuit_operator.py for tasks to queue
[2025-12-05T01:07:06.439+0000] {logging_mixin.py:117} INFO - [2025-12-05T01:07:06.439+0000] {dagbag.py:525} INFO - Filling up the DagBag from /home/airflow/.local/lib/python3.7/site-packages/airflow/example_dags/example_short_circuit_operator.py
[2025-12-05T01:07:06.449+0000] {processor.py:768} INFO - DAG(s) dict_keys(['example_short_circuit_operator']) retrieved from /home/airflow/.local/lib/python3.7/site-packages/airflow/example_dags/example_short_circuit_operator.py
[2025-12-05T01:07:06.472+0000] {logging_mixin.py:117} INFO - [2025-12-05T01:07:06.472+0000] {dag.py:2573} INFO - Sync 1 DAGs
[2025-12-05T01:07:06.486+0000] {logging_mixin.py:117} INFO - [2025-12-05T01:07:06.486+0000] {dag.py:3328} INFO - Setting next_dagrun for example_short_circuit_operator to 2025-12-04T01:07:06.486369+00:00, run_after=2025-12-05T01:07:06.486369+00:00
[2025-12-05T01:07:06.505+0000] {processor.py:178} INFO - Processing /home/airflow/.local/lib/python3.7/site-packages/airflow/example_dags/example_short_circuit_operator.py took 0.069 seconds
[2025-12-05T01:07:36.528+0000] {processor.py:156} INFO - Started process (PID=8693) to work on /home/airflow/.local/lib/python3.7/site-packages/airflow/example_dags/example_short_circuit_operator.py
[2025-12-05T01:07:36.529+0000] {processor.py:758} INFO - Processing file /home/airflow/.local/lib/python3.7/site-packages/airflow/example_dags/example_short_circuit_operator.py for tasks to queue
[2025-12-05T01:07:36.530+0000] {logging_mixin.py:117} INFO - [2025-12-05T01:07:36.530+0000] {dagbag.py:525} INFO - Filling up the DagBag from /home/airflow/.local/lib/python3.7/site-packages/airflow/example_dags/example_short_circuit_operator.py
[2025-12-05T01:07:36.538+0000] {processor.py:768} INFO - DAG(s) dict_keys(['example_short_circuit_operator']) retrieved from /home/airflow/.local/lib/python3.7/site-packages/airflow/example_dags/example_short_circuit_operator.py
[2025-12-05T01:07:36.557+0000] {logging_mixin.py:117} INFO - [2025-12-05T01:07:36.557+0000] {dag.py:2573} INFO - Sync 1 DAGs
[2025-12-05T01:07:36.570+0000] {logging_mixin.py:117} INFO - [2025-12-05T01:07:36.570+0000] {dag.py:3328} INFO - Setting next_dagrun for example_short_circuit_operator to 2025-12-04T01:07:36.570192+00:00, run_after=2025-12-05T01:07:36.570192+00:00
[2025-12-05T01:07:36.580+0000] {processor.py:178} INFO - Processing /home/airflow/.local/lib/python3.7/site-packages/airflow/example_dags/example_short_circuit_operator.py took 0.053 seconds
[2025-12-05T01:08:06.849+0000] {processor.py:156} INFO - Started process (PID=8894) to work on /home/airflow/.local/lib/python3.7/site-packages/airflow/example_dags/example_short_circuit_operator.py
[2025-12-05T01:08:06.850+0000] {processor.py:758} INFO - Processing file /home/airflow/.local/lib/python3.7/site-packages/airflow/example_dags/example_short_circuit_operator.py for tasks to queue
[2025-12-05T01:08:06.850+0000] {logging_mixin.py:117} INFO - [2025-12-05T01:08:06.850+0000] {dagbag.py:525} INFO - Filling up the DagBag from /home/airflow/.local/lib/python3.7/site-packages/airflow/example_dags/example_short_circuit_operator.py
[2025-12-05T01:08:06.858+0000] {processor.py:768} INFO - DAG(s) dict_keys(['example_short_circuit_operator']) retrieved from /home/airflow/.local/lib/python3.7/site-packages/airflow/example_dags/example_short_circuit_operator.py
[2025-12-05T01:08:06.879+0000] {logging_mixin.py:117} INFO - [2025-12-05T01:08:06.879+0000] {dag.py:2573} INFO - Sync 1 DAGs
[2025-12-05T01:08:06.892+0000] {logging_mixin.py:117} INFO - [2025-12-05T01:08:06.891+0000] {dag.py:3328} INFO - Setting next_dagrun for example_short_circuit_operator to 2025-12-04T01:08:06.891805+00:00, run_after=2025-12-05T01:08:06.891805+00:00
[2025-12-05T01:08:06.903+0000] {processor.py:178} INFO - Processing /home/airflow/.local/lib/python3.7/site-packages/airflow/example_dags/example_short_circuit_operator.py took 0.055 seconds
[2025-12-05T01:08:37.286+0000] {processor.py:156} INFO - Started process (PID=9095) to work on /home/airflow/.local/lib/python3.7/site-packages/airflow/example_dags/example_short_circuit_operator.py
[2025-12-05T01:08:37.288+0000] {processor.py:758} INFO - Processing file /home/airflow/.local/lib/python3.7/site-packages/airflow/example_dags/example_short_circuit_operator.py for tasks to queue
[2025-12-05T01:08:37.288+0000] {logging_mixin.py:117} INFO - [2025-12-05T01:08:37.288+0000] {dagbag.py:525} INFO - Filling up the DagBag from /home/airflow/.local/lib/python3.7/site-packages/airflow/example_dags/example_short_circuit_operator.py
[2025-12-05T01:08:37.297+0000] {processor.py:768} INFO - DAG(s) dict_keys(['example_short_circuit_operator']) retrieved from /home/airflow/.local/lib/python3.7/site-packages/airflow/example_dags/example_short_circuit_operator.py
[2025-12-05T01:08:37.317+0000] {logging_mixin.py:117} INFO - [2025-12-05T01:08:37.317+0000] {dag.py:2573} INFO - Sync 1 DAGs
[2025-12-05T01:08:37.328+0000] {logging_mixin.py:117} INFO - [2025-12-05T01:08:37.328+0000] {dag.py:3328} INFO - Setting next_dagrun for example_short_circuit_operator to 2025-12-04T01:08:37.328410+00:00, run_after=2025-12-05T01:08:37.328410+00:00
[2025-12-05T01:08:37.339+0000] {processor.py:178} INFO - Processing /home/airflow/.local/lib/python3.7/site-packages/airflow/example_dags/example_short_circuit_operator.py took 0.054 seconds
[2025-12-05T01:09:07.502+0000] {processor.py:156} INFO - Started process (PID=9296) to work on /home/airflow/.local/lib/python3.7/site-packages/airflow/example_dags/example_short_circuit_operator.py
[2025-12-05T01:09:07.503+0000] {processor.py:758} INFO - Processing file /home/airflow/.local/lib/python3.7/site-packages/airflow/example_dags/example_short_circuit_operator.py for tasks to queue
[2025-12-05T01:09:07.503+0000] {logging_mixin.py:117} INFO - [2025-12-05T01:09:07.503+0000] {dagbag.py:525} INFO - Filling up the DagBag from /home/airflow/.local/lib/python3.7/site-packages/airflow/example_dags/example_short_circuit_operator.py
[2025-12-05T01:09:07.511+0000] {processor.py:768} INFO - DAG(s) dict_keys(['example_short_circuit_operator']) retrieved from /home/airflow/.local/lib/python3.7/site-packages/airflow/example_dags/example_short_circuit_operator.py
[2025-12-05T01:09:07.532+0000] {logging_mixin.py:117} INFO - [2025-12-05T01:09:07.532+0000] {dag.py:2573} INFO - Sync 1 DAGs
[2025-12-05T01:09:07.545+0000] {logging_mixin.py:117} INFO - [2025-12-05T01:09:07.545+0000] {dag.py:3328} INFO - Setting next_dagrun for example_short_circuit_operator to 2025-12-04T01:09:07.545410+00:00, run_after=2025-12-05T01:09:07.545410+00:00
[2025-12-05T01:09:07.555+0000] {processor.py:178} INFO - Processing /home/airflow/.local/lib/python3.7/site-packages/airflow/example_dags/example_short_circuit_operator.py took 0.055 seconds
[2025-12-05T01:09:37.738+0000] {processor.py:156} INFO - Started process (PID=9499) to work on /home/airflow/.local/lib/python3.7/site-packages/airflow/example_dags/example_short_circuit_operator.py
[2025-12-05T01:09:37.739+0000] {processor.py:758} INFO - Processing file /home/airflow/.local/lib/python3.7/site-packages/airflow/example_dags/example_short_circuit_operator.py for tasks to queue
[2025-12-05T01:09:37.739+0000] {logging_mixin.py:117} INFO - [2025-12-05T01:09:37.739+0000] {dagbag.py:525} INFO - Filling up the DagBag from /home/airflow/.local/lib/python3.7/site-packages/airflow/example_dags/example_short_circuit_operator.py
[2025-12-05T01:09:37.749+0000] {processor.py:768} INFO - DAG(s) dict_keys(['example_short_circuit_operator']) retrieved from /home/airflow/.local/lib/python3.7/site-packages/airflow/example_dags/example_short_circuit_operator.py
[2025-12-05T01:09:37.771+0000] {logging_mixin.py:117} INFO - [2025-12-05T01:09:37.771+0000] {dag.py:2573} INFO - Sync 1 DAGs
[2025-12-05T01:09:37.782+0000] {logging_mixin.py:117} INFO - [2025-12-05T01:09:37.782+0000] {dag.py:3328} INFO - Setting next_dagrun for example_short_circuit_operator to 2025-12-04T01:09:37.782340+00:00, run_after=2025-12-05T01:09:37.782340+00:00
[2025-12-05T01:09:37.791+0000] {processor.py:178} INFO - Processing /home/airflow/.local/lib/python3.7/site-packages/airflow/example_dags/example_short_circuit_operator.py took 0.055 seconds
[2025-12-05T01:10:08.814+0000] {processor.py:156} INFO - Started process (PID=9698) to work on /home/airflow/.local/lib/python3.7/site-packages/airflow/example_dags/example_short_circuit_operator.py
[2025-12-05T01:10:08.815+0000] {processor.py:758} INFO - Processing file /home/airflow/.local/lib/python3.7/site-packages/airflow/example_dags/example_short_circuit_operator.py for tasks to queue
[2025-12-05T01:10:08.815+0000] {logging_mixin.py:117} INFO - [2025-12-05T01:10:08.815+0000] {dagbag.py:525} INFO - Filling up the DagBag from /home/airflow/.local/lib/python3.7/site-packages/airflow/example_dags/example_short_circuit_operator.py
[2025-12-05T01:10:08.824+0000] {processor.py:768} INFO - DAG(s) dict_keys(['example_short_circuit_operator']) retrieved from /home/airflow/.local/lib/python3.7/site-packages/airflow/example_dags/example_short_circuit_operator.py
[2025-12-05T01:10:08.845+0000] {logging_mixin.py:117} INFO - [2025-12-05T01:10:08.845+0000] {dag.py:2573} INFO - Sync 1 DAGs
[2025-12-05T01:10:08.858+0000] {logging_mixin.py:117} INFO - [2025-12-05T01:10:08.858+0000] {dag.py:3328} INFO - Setting next_dagrun for example_short_circuit_operator to 2025-12-04T01:10:08.857978+00:00, run_after=2025-12-05T01:10:08.857978+00:00
[2025-12-05T01:10:08.872+0000] {processor.py:178} INFO - Processing /home/airflow/.local/lib/python3.7/site-packages/airflow/example_dags/example_short_circuit_operator.py took 0.060 seconds
[2025-12-05T01:10:39.718+0000] {processor.py:156} INFO - Started process (PID=9899) to work on /home/airflow/.local/lib/python3.7/site-packages/airflow/example_dags/example_short_circuit_operator.py
[2025-12-05T01:10:39.719+0000] {processor.py:758} INFO - Processing file /home/airflow/.local/lib/python3.7/site-packages/airflow/example_dags/example_short_circuit_operator.py for tasks to queue
[2025-12-05T01:10:39.722+0000] {logging_mixin.py:117} INFO - [2025-12-05T01:10:39.722+0000] {dagbag.py:525} INFO - Filling up the DagBag from /home/airflow/.local/lib/python3.7/site-packages/airflow/example_dags/example_short_circuit_operator.py
[2025-12-05T01:10:39.730+0000] {processor.py:768} INFO - DAG(s) dict_keys(['example_short_circuit_operator']) retrieved from /home/airflow/.local/lib/python3.7/site-packages/airflow/example_dags/example_short_circuit_operator.py
[2025-12-05T01:10:39.751+0000] {logging_mixin.py:117} INFO - [2025-12-05T01:10:39.751+0000] {dag.py:2573} INFO - Sync 1 DAGs
[2025-12-05T01:10:39.762+0000] {logging_mixin.py:117} INFO - [2025-12-05T01:10:39.762+0000] {dag.py:3328} INFO - Setting next_dagrun for example_short_circuit_operator to 2025-12-04T01:10:39.762329+00:00, run_after=2025-12-05T01:10:39.762329+00:00
[2025-12-05T01:10:39.770+0000] {processor.py:178} INFO - Processing /home/airflow/.local/lib/python3.7/site-packages/airflow/example_dags/example_short_circuit_operator.py took 0.054 seconds
[2025-12-05T01:11:10.611+0000] {processor.py:156} INFO - Started process (PID=10107) to work on /home/airflow/.local/lib/python3.7/site-packages/airflow/example_dags/example_short_circuit_operator.py
[2025-12-05T01:11:10.613+0000] {processor.py:758} INFO - Processing file /home/airflow/.local/lib/python3.7/site-packages/airflow/example_dags/example_short_circuit_operator.py for tasks to queue
[2025-12-05T01:11:10.614+0000] {logging_mixin.py:117} INFO - [2025-12-05T01:11:10.613+0000] {dagbag.py:525} INFO - Filling up the DagBag from /home/airflow/.local/lib/python3.7/site-packages/airflow/example_dags/example_short_circuit_operator.py
[2025-12-05T01:11:10.630+0000] {processor.py:768} INFO - DAG(s) dict_keys(['example_short_circuit_operator']) retrieved from /home/airflow/.local/lib/python3.7/site-packages/airflow/example_dags/example_short_circuit_operator.py
[2025-12-05T01:11:10.660+0000] {logging_mixin.py:117} INFO - [2025-12-05T01:11:10.660+0000] {dag.py:2573} INFO - Sync 1 DAGs
[2025-12-05T01:11:10.674+0000] {logging_mixin.py:117} INFO - [2025-12-05T01:11:10.674+0000] {dag.py:3328} INFO - Setting next_dagrun for example_short_circuit_operator to 2025-12-04T01:11:10.674405+00:00, run_after=2025-12-05T01:11:10.674405+00:00
[2025-12-05T01:11:10.684+0000] {processor.py:178} INFO - Processing /home/airflow/.local/lib/python3.7/site-packages/airflow/example_dags/example_short_circuit_operator.py took 0.083 seconds
[2025-12-05T01:11:41.414+0000] {processor.py:156} INFO - Started process (PID=10309) to work on /home/airflow/.local/lib/python3.7/site-packages/airflow/example_dags/example_short_circuit_operator.py
[2025-12-05T01:11:41.415+0000] {processor.py:758} INFO - Processing file /home/airflow/.local/lib/python3.7/site-packages/airflow/example_dags/example_short_circuit_operator.py for tasks to queue
[2025-12-05T01:11:41.415+0000] {logging_mixin.py:117} INFO - [2025-12-05T01:11:41.415+0000] {dagbag.py:525} INFO - Filling up the DagBag from /home/airflow/.local/lib/python3.7/site-packages/airflow/example_dags/example_short_circuit_operator.py
[2025-12-05T01:11:41.423+0000] {processor.py:768} INFO - DAG(s) dict_keys(['example_short_circuit_operator']) retrieved from /home/airflow/.local/lib/python3.7/site-packages/airflow/example_dags/example_short_circuit_operator.py
[2025-12-05T01:11:41.442+0000] {logging_mixin.py:117} INFO - [2025-12-05T01:11:41.442+0000] {dag.py:2573} INFO - Sync 1 DAGs
[2025-12-05T01:11:41.458+0000] {logging_mixin.py:117} INFO - [2025-12-05T01:11:41.458+0000] {dag.py:3328} INFO - Setting next_dagrun for example_short_circuit_operator to 2025-12-04T01:11:41.458231+00:00, run_after=2025-12-05T01:11:41.458231+00:00
[2025-12-05T01:11:41.469+0000] {processor.py:178} INFO - Processing /home/airflow/.local/lib/python3.7/site-packages/airflow/example_dags/example_short_circuit_operator.py took 0.056 seconds
[2025-12-05T01:12:12.721+0000] {processor.py:156} INFO - Started process (PID=10507) to work on /home/airflow/.local/lib/python3.7/site-packages/airflow/example_dags/example_short_circuit_operator.py
[2025-12-05T01:12:12.723+0000] {processor.py:758} INFO - Processing file /home/airflow/.local/lib/python3.7/site-packages/airflow/example_dags/example_short_circuit_operator.py for tasks to queue
[2025-12-05T01:12:12.724+0000] {logging_mixin.py:117} INFO - [2025-12-05T01:12:12.724+0000] {dagbag.py:525} INFO - Filling up the DagBag from /home/airflow/.local/lib/python3.7/site-packages/airflow/example_dags/example_short_circuit_operator.py
[2025-12-05T01:12:12.733+0000] {processor.py:768} INFO - DAG(s) dict_keys(['example_short_circuit_operator']) retrieved from /home/airflow/.local/lib/python3.7/site-packages/airflow/example_dags/example_short_circuit_operator.py
[2025-12-05T01:12:12.757+0000] {logging_mixin.py:117} INFO - [2025-12-05T01:12:12.757+0000] {dag.py:2573} INFO - Sync 1 DAGs
[2025-12-05T01:12:12.769+0000] {logging_mixin.py:117} INFO - [2025-12-05T01:12:12.769+0000] {dag.py:3328} INFO - Setting next_dagrun for example_short_circuit_operator to 2025-12-04T01:12:12.769379+00:00, run_after=2025-12-05T01:12:12.769379+00:00
[2025-12-05T01:12:12.780+0000] {processor.py:178} INFO - Processing /home/airflow/.local/lib/python3.7/site-packages/airflow/example_dags/example_short_circuit_operator.py took 0.061 seconds
[2025-12-05T01:12:42.847+0000] {processor.py:156} INFO - Started process (PID=10710) to work on /home/airflow/.local/lib/python3.7/site-packages/airflow/example_dags/example_short_circuit_operator.py
[2025-12-05T01:12:42.848+0000] {processor.py:758} INFO - Processing file /home/airflow/.local/lib/python3.7/site-packages/airflow/example_dags/example_short_circuit_operator.py for tasks to queue
[2025-12-05T01:12:42.848+0000] {logging_mixin.py:117} INFO - [2025-12-05T01:12:42.848+0000] {dagbag.py:525} INFO - Filling up the DagBag from /home/airflow/.local/lib/python3.7/site-packages/airflow/example_dags/example_short_circuit_operator.py
[2025-12-05T01:12:42.856+0000] {processor.py:768} INFO - DAG(s) dict_keys(['example_short_circuit_operator']) retrieved from /home/airflow/.local/lib/python3.7/site-packages/airflow/example_dags/example_short_circuit_operator.py
[2025-12-05T01:12:42.869+0000] {logging_mixin.py:117} INFO - [2025-12-05T01:12:42.869+0000] {dag.py:2573} INFO - Sync 1 DAGs
[2025-12-05T01:12:42.881+0000] {logging_mixin.py:117} INFO - [2025-12-05T01:12:42.881+0000] {dag.py:3328} INFO - Setting next_dagrun for example_short_circuit_operator to 2025-12-04T01:12:42.881569+00:00, run_after=2025-12-05T01:12:42.881569+00:00
[2025-12-05T01:12:42.890+0000] {processor.py:178} INFO - Processing /home/airflow/.local/lib/python3.7/site-packages/airflow/example_dags/example_short_circuit_operator.py took 0.044 seconds
[2025-12-05T01:13:13.989+0000] {processor.py:156} INFO - Started process (PID=10909) to work on /home/airflow/.local/lib/python3.7/site-packages/airflow/example_dags/example_short_circuit_operator.py
[2025-12-05T01:13:13.991+0000] {processor.py:758} INFO - Processing file /home/airflow/.local/lib/python3.7/site-packages/airflow/example_dags/example_short_circuit_operator.py for tasks to queue
[2025-12-05T01:13:13.991+0000] {logging_mixin.py:117} INFO - [2025-12-05T01:13:13.991+0000] {dagbag.py:525} INFO - Filling up the DagBag from /home/airflow/.local/lib/python3.7/site-packages/airflow/example_dags/example_short_circuit_operator.py
[2025-12-05T01:13:14.000+0000] {processor.py:768} INFO - DAG(s) dict_keys(['example_short_circuit_operator']) retrieved from /home/airflow/.local/lib/python3.7/site-packages/airflow/example_dags/example_short_circuit_operator.py
[2025-12-05T01:13:14.020+0000] {logging_mixin.py:117} INFO - [2025-12-05T01:13:14.020+0000] {dag.py:2573} INFO - Sync 1 DAGs
[2025-12-05T01:13:14.032+0000] {logging_mixin.py:117} INFO - [2025-12-05T01:13:14.032+0000] {dag.py:3328} INFO - Setting next_dagrun for example_short_circuit_operator to 2025-12-04T01:13:14.031922+00:00, run_after=2025-12-05T01:13:14.031922+00:00
[2025-12-05T01:13:14.043+0000] {processor.py:178} INFO - Processing /home/airflow/.local/lib/python3.7/site-packages/airflow/example_dags/example_short_circuit_operator.py took 0.056 seconds
[2025-12-05T01:13:44.435+0000] {processor.py:156} INFO - Started process (PID=11110) to work on /home/airflow/.local/lib/python3.7/site-packages/airflow/example_dags/example_short_circuit_operator.py
[2025-12-05T01:13:44.436+0000] {processor.py:758} INFO - Processing file /home/airflow/.local/lib/python3.7/site-packages/airflow/example_dags/example_short_circuit_operator.py for tasks to queue
[2025-12-05T01:13:44.437+0000] {logging_mixin.py:117} INFO - [2025-12-05T01:13:44.437+0000] {dagbag.py:525} INFO - Filling up the DagBag from /home/airflow/.local/lib/python3.7/site-packages/airflow/example_dags/example_short_circuit_operator.py
[2025-12-05T01:13:44.450+0000] {processor.py:768} INFO - DAG(s) dict_keys(['example_short_circuit_operator']) retrieved from /home/airflow/.local/lib/python3.7/site-packages/airflow/example_dags/example_short_circuit_operator.py
[2025-12-05T01:13:44.472+0000] {logging_mixin.py:117} INFO - [2025-12-05T01:13:44.472+0000] {dag.py:2573} INFO - Sync 1 DAGs
[2025-12-05T01:13:44.484+0000] {logging_mixin.py:117} INFO - [2025-12-05T01:13:44.484+0000] {dag.py:3328} INFO - Setting next_dagrun for example_short_circuit_operator to 2025-12-04T01:13:44.484230+00:00, run_after=2025-12-05T01:13:44.484230+00:00
[2025-12-05T01:13:44.493+0000] {processor.py:178} INFO - Processing /home/airflow/.local/lib/python3.7/site-packages/airflow/example_dags/example_short_circuit_operator.py took 0.060 seconds
[2025-12-05T01:14:15.083+0000] {processor.py:156} INFO - Started process (PID=11313) to work on /home/airflow/.local/lib/python3.7/site-packages/airflow/example_dags/example_short_circuit_operator.py
[2025-12-05T01:14:15.084+0000] {processor.py:758} INFO - Processing file /home/airflow/.local/lib/python3.7/site-packages/airflow/example_dags/example_short_circuit_operator.py for tasks to queue
[2025-12-05T01:14:15.084+0000] {logging_mixin.py:117} INFO - [2025-12-05T01:14:15.084+0000] {dagbag.py:525} INFO - Filling up the DagBag from /home/airflow/.local/lib/python3.7/site-packages/airflow/example_dags/example_short_circuit_operator.py
[2025-12-05T01:14:15.092+0000] {processor.py:768} INFO - DAG(s) dict_keys(['example_short_circuit_operator']) retrieved from /home/airflow/.local/lib/python3.7/site-packages/airflow/example_dags/example_short_circuit_operator.py
[2025-12-05T01:14:15.111+0000] {logging_mixin.py:117} INFO - [2025-12-05T01:14:15.111+0000] {dag.py:2573} INFO - Sync 1 DAGs
[2025-12-05T01:14:15.121+0000] {logging_mixin.py:117} INFO - [2025-12-05T01:14:15.121+0000] {dag.py:3328} INFO - Setting next_dagrun for example_short_circuit_operator to 2025-12-04T01:14:15.120992+00:00, run_after=2025-12-05T01:14:15.120992+00:00
[2025-12-05T01:14:15.128+0000] {processor.py:178} INFO - Processing /home/airflow/.local/lib/python3.7/site-packages/airflow/example_dags/example_short_circuit_operator.py took 0.046 seconds
[2025-12-05T01:14:45.276+0000] {processor.py:156} INFO - Started process (PID=11513) to work on /home/airflow/.local/lib/python3.7/site-packages/airflow/example_dags/example_short_circuit_operator.py
[2025-12-05T01:14:45.276+0000] {processor.py:758} INFO - Processing file /home/airflow/.local/lib/python3.7/site-packages/airflow/example_dags/example_short_circuit_operator.py for tasks to queue
[2025-12-05T01:14:45.277+0000] {logging_mixin.py:117} INFO - [2025-12-05T01:14:45.277+0000] {dagbag.py:525} INFO - Filling up the DagBag from /home/airflow/.local/lib/python3.7/site-packages/airflow/example_dags/example_short_circuit_operator.py
[2025-12-05T01:14:45.286+0000] {processor.py:768} INFO - DAG(s) dict_keys(['example_short_circuit_operator']) retrieved from /home/airflow/.local/lib/python3.7/site-packages/airflow/example_dags/example_short_circuit_operator.py
[2025-12-05T01:14:45.313+0000] {logging_mixin.py:117} INFO - [2025-12-05T01:14:45.313+0000] {dag.py:2573} INFO - Sync 1 DAGs
[2025-12-05T01:14:45.328+0000] {logging_mixin.py:117} INFO - [2025-12-05T01:14:45.328+0000] {dag.py:3328} INFO - Setting next_dagrun for example_short_circuit_operator to 2025-12-04T01:14:45.328716+00:00, run_after=2025-12-05T01:14:45.328716+00:00
[2025-12-05T01:14:45.340+0000] {processor.py:178} INFO - Processing /home/airflow/.local/lib/python3.7/site-packages/airflow/example_dags/example_short_circuit_operator.py took 0.066 seconds
[2025-12-05T01:15:16.596+0000] {processor.py:156} INFO - Started process (PID=11716) to work on /home/airflow/.local/lib/python3.7/site-packages/airflow/example_dags/example_short_circuit_operator.py
[2025-12-05T01:15:16.597+0000] {processor.py:758} INFO - Processing file /home/airflow/.local/lib/python3.7/site-packages/airflow/example_dags/example_short_circuit_operator.py for tasks to queue
[2025-12-05T01:15:16.597+0000] {logging_mixin.py:117} INFO - [2025-12-05T01:15:16.597+0000] {dagbag.py:525} INFO - Filling up the DagBag from /home/airflow/.local/lib/python3.7/site-packages/airflow/example_dags/example_short_circuit_operator.py
[2025-12-05T01:15:16.606+0000] {processor.py:768} INFO - DAG(s) dict_keys(['example_short_circuit_operator']) retrieved from /home/airflow/.local/lib/python3.7/site-packages/airflow/example_dags/example_short_circuit_operator.py
[2025-12-05T01:15:16.637+0000] {logging_mixin.py:117} INFO - [2025-12-05T01:15:16.637+0000] {dag.py:2573} INFO - Sync 1 DAGs
[2025-12-05T01:15:16.657+0000] {logging_mixin.py:117} INFO - [2025-12-05T01:15:16.656+0000] {dag.py:3328} INFO - Setting next_dagrun for example_short_circuit_operator to 2025-12-04T01:15:16.656813+00:00, run_after=2025-12-05T01:15:16.656813+00:00
[2025-12-05T01:15:16.669+0000] {processor.py:178} INFO - Processing /home/airflow/.local/lib/python3.7/site-packages/airflow/example_dags/example_short_circuit_operator.py took 0.075 seconds
[2025-12-05T01:15:46.993+0000] {processor.py:156} INFO - Started process (PID=11917) to work on /home/airflow/.local/lib/python3.7/site-packages/airflow/example_dags/example_short_circuit_operator.py
[2025-12-05T01:15:46.995+0000] {processor.py:758} INFO - Processing file /home/airflow/.local/lib/python3.7/site-packages/airflow/example_dags/example_short_circuit_operator.py for tasks to queue
[2025-12-05T01:15:46.996+0000] {logging_mixin.py:117} INFO - [2025-12-05T01:15:46.996+0000] {dagbag.py:525} INFO - Filling up the DagBag from /home/airflow/.local/lib/python3.7/site-packages/airflow/example_dags/example_short_circuit_operator.py
[2025-12-05T01:15:47.004+0000] {processor.py:768} INFO - DAG(s) dict_keys(['example_short_circuit_operator']) retrieved from /home/airflow/.local/lib/python3.7/site-packages/airflow/example_dags/example_short_circuit_operator.py
[2025-12-05T01:15:47.032+0000] {logging_mixin.py:117} INFO - [2025-12-05T01:15:47.032+0000] {dag.py:2573} INFO - Sync 1 DAGs
[2025-12-05T01:15:47.043+0000] {logging_mixin.py:117} INFO - [2025-12-05T01:15:47.043+0000] {dag.py:3328} INFO - Setting next_dagrun for example_short_circuit_operator to 2025-12-04T01:15:47.043730+00:00, run_after=2025-12-05T01:15:47.043730+00:00
[2025-12-05T01:15:47.051+0000] {processor.py:178} INFO - Processing /home/airflow/.local/lib/python3.7/site-packages/airflow/example_dags/example_short_circuit_operator.py took 0.060 seconds
[2025-12-05T01:16:17.134+0000] {processor.py:156} INFO - Started process (PID=12123) to work on /home/airflow/.local/lib/python3.7/site-packages/airflow/example_dags/example_short_circuit_operator.py
[2025-12-05T01:16:17.135+0000] {processor.py:758} INFO - Processing file /home/airflow/.local/lib/python3.7/site-packages/airflow/example_dags/example_short_circuit_operator.py for tasks to queue
[2025-12-05T01:16:17.135+0000] {logging_mixin.py:117} INFO - [2025-12-05T01:16:17.135+0000] {dagbag.py:525} INFO - Filling up the DagBag from /home/airflow/.local/lib/python3.7/site-packages/airflow/example_dags/example_short_circuit_operator.py
[2025-12-05T01:16:17.146+0000] {processor.py:768} INFO - DAG(s) dict_keys(['example_short_circuit_operator']) retrieved from /home/airflow/.local/lib/python3.7/site-packages/airflow/example_dags/example_short_circuit_operator.py
[2025-12-05T01:16:17.168+0000] {logging_mixin.py:117} INFO - [2025-12-05T01:16:17.168+0000] {dag.py:2573} INFO - Sync 1 DAGs
[2025-12-05T01:16:17.179+0000] {logging_mixin.py:117} INFO - [2025-12-05T01:16:17.179+0000] {dag.py:3328} INFO - Setting next_dagrun for example_short_circuit_operator to 2025-12-04T01:16:17.179322+00:00, run_after=2025-12-05T01:16:17.179322+00:00
[2025-12-05T01:16:17.187+0000] {processor.py:178} INFO - Processing /home/airflow/.local/lib/python3.7/site-packages/airflow/example_dags/example_short_circuit_operator.py took 0.055 seconds
[2025-12-05T01:16:47.528+0000] {processor.py:156} INFO - Started process (PID=12332) to work on /home/airflow/.local/lib/python3.7/site-packages/airflow/example_dags/example_short_circuit_operator.py
[2025-12-05T01:16:47.529+0000] {processor.py:758} INFO - Processing file /home/airflow/.local/lib/python3.7/site-packages/airflow/example_dags/example_short_circuit_operator.py for tasks to queue
[2025-12-05T01:16:47.529+0000] {logging_mixin.py:117} INFO - [2025-12-05T01:16:47.529+0000] {dagbag.py:525} INFO - Filling up the DagBag from /home/airflow/.local/lib/python3.7/site-packages/airflow/example_dags/example_short_circuit_operator.py
[2025-12-05T01:16:47.538+0000] {processor.py:768} INFO - DAG(s) dict_keys(['example_short_circuit_operator']) retrieved from /home/airflow/.local/lib/python3.7/site-packages/airflow/example_dags/example_short_circuit_operator.py
[2025-12-05T01:16:47.558+0000] {logging_mixin.py:117} INFO - [2025-12-05T01:16:47.558+0000] {dag.py:2573} INFO - Sync 1 DAGs
[2025-12-05T01:16:47.575+0000] {logging_mixin.py:117} INFO - [2025-12-05T01:16:47.575+0000] {dag.py:3328} INFO - Setting next_dagrun for example_short_circuit_operator to 2025-12-04T01:16:47.575204+00:00, run_after=2025-12-05T01:16:47.575204+00:00
[2025-12-05T01:16:47.591+0000] {processor.py:178} INFO - Processing /home/airflow/.local/lib/python3.7/site-packages/airflow/example_dags/example_short_circuit_operator.py took 0.064 seconds
[2025-12-05T01:17:17.953+0000] {processor.py:156} INFO - Started process (PID=12538) to work on /home/airflow/.local/lib/python3.7/site-packages/airflow/example_dags/example_short_circuit_operator.py
[2025-12-05T01:17:17.957+0000] {processor.py:758} INFO - Processing file /home/airflow/.local/lib/python3.7/site-packages/airflow/example_dags/example_short_circuit_operator.py for tasks to queue
[2025-12-05T01:17:17.957+0000] {logging_mixin.py:117} INFO - [2025-12-05T01:17:17.957+0000] {dagbag.py:525} INFO - Filling up the DagBag from /home/airflow/.local/lib/python3.7/site-packages/airflow/example_dags/example_short_circuit_operator.py
[2025-12-05T01:17:17.967+0000] {processor.py:768} INFO - DAG(s) dict_keys(['example_short_circuit_operator']) retrieved from /home/airflow/.local/lib/python3.7/site-packages/airflow/example_dags/example_short_circuit_operator.py
[2025-12-05T01:17:17.995+0000] {logging_mixin.py:117} INFO - [2025-12-05T01:17:17.995+0000] {dag.py:2573} INFO - Sync 1 DAGs
[2025-12-05T01:17:18.014+0000] {logging_mixin.py:117} INFO - [2025-12-05T01:17:18.014+0000] {dag.py:3328} INFO - Setting next_dagrun for example_short_circuit_operator to 2025-12-04T01:17:18.013902+00:00, run_after=2025-12-05T01:17:18.013902+00:00
[2025-12-05T01:17:18.028+0000] {processor.py:178} INFO - Processing /home/airflow/.local/lib/python3.7/site-packages/airflow/example_dags/example_short_circuit_operator.py took 0.076 seconds
[2025-12-05T01:17:48.293+0000] {processor.py:156} INFO - Started process (PID=12750) to work on /home/airflow/.local/lib/python3.7/site-packages/airflow/example_dags/example_short_circuit_operator.py
[2025-12-05T01:17:48.294+0000] {processor.py:758} INFO - Processing file /home/airflow/.local/lib/python3.7/site-packages/airflow/example_dags/example_short_circuit_operator.py for tasks to queue
[2025-12-05T01:17:48.294+0000] {logging_mixin.py:117} INFO - [2025-12-05T01:17:48.294+0000] {dagbag.py:525} INFO - Filling up the DagBag from /home/airflow/.local/lib/python3.7/site-packages/airflow/example_dags/example_short_circuit_operator.py
[2025-12-05T01:17:48.302+0000] {processor.py:768} INFO - DAG(s) dict_keys(['example_short_circuit_operator']) retrieved from /home/airflow/.local/lib/python3.7/site-packages/airflow/example_dags/example_short_circuit_operator.py
[2025-12-05T01:17:48.320+0000] {logging_mixin.py:117} INFO - [2025-12-05T01:17:48.320+0000] {dag.py:2573} INFO - Sync 1 DAGs
[2025-12-05T01:17:48.335+0000] {logging_mixin.py:117} INFO - [2025-12-05T01:17:48.335+0000] {dag.py:3328} INFO - Setting next_dagrun for example_short_circuit_operator to 2025-12-04T01:17:48.334900+00:00, run_after=2025-12-05T01:17:48.334900+00:00
[2025-12-05T01:17:48.343+0000] {processor.py:178} INFO - Processing /home/airflow/.local/lib/python3.7/site-packages/airflow/example_dags/example_short_circuit_operator.py took 0.052 seconds
[2025-12-05T01:18:18.465+0000] {processor.py:156} INFO - Started process (PID=12954) to work on /home/airflow/.local/lib/python3.7/site-packages/airflow/example_dags/example_short_circuit_operator.py
[2025-12-05T01:18:18.466+0000] {processor.py:758} INFO - Processing file /home/airflow/.local/lib/python3.7/site-packages/airflow/example_dags/example_short_circuit_operator.py for tasks to queue
[2025-12-05T01:18:18.467+0000] {logging_mixin.py:117} INFO - [2025-12-05T01:18:18.466+0000] {dagbag.py:525} INFO - Filling up the DagBag from /home/airflow/.local/lib/python3.7/site-packages/airflow/example_dags/example_short_circuit_operator.py
[2025-12-05T01:18:18.476+0000] {processor.py:768} INFO - DAG(s) dict_keys(['example_short_circuit_operator']) retrieved from /home/airflow/.local/lib/python3.7/site-packages/airflow/example_dags/example_short_circuit_operator.py
[2025-12-05T01:18:18.498+0000] {logging_mixin.py:117} INFO - [2025-12-05T01:18:18.498+0000] {dag.py:2573} INFO - Sync 1 DAGs
[2025-12-05T01:18:18.513+0000] {logging_mixin.py:117} INFO - [2025-12-05T01:18:18.513+0000] {dag.py:3328} INFO - Setting next_dagrun for example_short_circuit_operator to 2025-12-04T01:18:18.513110+00:00, run_after=2025-12-05T01:18:18.513110+00:00
[2025-12-05T01:18:18.526+0000] {processor.py:178} INFO - Processing /home/airflow/.local/lib/python3.7/site-packages/airflow/example_dags/example_short_circuit_operator.py took 0.062 seconds
[2025-12-05T01:18:48.851+0000] {processor.py:156} INFO - Started process (PID=13160) to work on /home/airflow/.local/lib/python3.7/site-packages/airflow/example_dags/example_short_circuit_operator.py
[2025-12-05T01:18:48.852+0000] {processor.py:758} INFO - Processing file /home/airflow/.local/lib/python3.7/site-packages/airflow/example_dags/example_short_circuit_operator.py for tasks to queue
[2025-12-05T01:18:48.852+0000] {logging_mixin.py:117} INFO - [2025-12-05T01:18:48.852+0000] {dagbag.py:525} INFO - Filling up the DagBag from /home/airflow/.local/lib/python3.7/site-packages/airflow/example_dags/example_short_circuit_operator.py
[2025-12-05T01:18:48.864+0000] {processor.py:768} INFO - DAG(s) dict_keys(['example_short_circuit_operator']) retrieved from /home/airflow/.local/lib/python3.7/site-packages/airflow/example_dags/example_short_circuit_operator.py
[2025-12-05T01:18:48.883+0000] {logging_mixin.py:117} INFO - [2025-12-05T01:18:48.883+0000] {dag.py:2573} INFO - Sync 1 DAGs
[2025-12-05T01:18:48.896+0000] {logging_mixin.py:117} INFO - [2025-12-05T01:18:48.896+0000] {dag.py:3328} INFO - Setting next_dagrun for example_short_circuit_operator to 2025-12-04T01:18:48.896075+00:00, run_after=2025-12-05T01:18:48.896075+00:00
[2025-12-05T01:18:48.904+0000] {processor.py:178} INFO - Processing /home/airflow/.local/lib/python3.7/site-packages/airflow/example_dags/example_short_circuit_operator.py took 0.054 seconds
[2025-12-05T01:19:19.790+0000] {processor.py:156} INFO - Started process (PID=13366) to work on /home/airflow/.local/lib/python3.7/site-packages/airflow/example_dags/example_short_circuit_operator.py
[2025-12-05T01:19:19.790+0000] {processor.py:758} INFO - Processing file /home/airflow/.local/lib/python3.7/site-packages/airflow/example_dags/example_short_circuit_operator.py for tasks to queue
[2025-12-05T01:19:19.790+0000] {logging_mixin.py:117} INFO - [2025-12-05T01:19:19.790+0000] {dagbag.py:525} INFO - Filling up the DagBag from /home/airflow/.local/lib/python3.7/site-packages/airflow/example_dags/example_short_circuit_operator.py
[2025-12-05T01:19:19.799+0000] {processor.py:768} INFO - DAG(s) dict_keys(['example_short_circuit_operator']) retrieved from /home/airflow/.local/lib/python3.7/site-packages/airflow/example_dags/example_short_circuit_operator.py
[2025-12-05T01:19:19.816+0000] {logging_mixin.py:117} INFO - [2025-12-05T01:19:19.816+0000] {dag.py:2573} INFO - Sync 1 DAGs
[2025-12-05T01:19:19.827+0000] {logging_mixin.py:117} INFO - [2025-12-05T01:19:19.827+0000] {dag.py:3328} INFO - Setting next_dagrun for example_short_circuit_operator to 2025-12-04T01:19:19.826910+00:00, run_after=2025-12-05T01:19:19.826910+00:00
[2025-12-05T01:19:19.837+0000] {processor.py:178} INFO - Processing /home/airflow/.local/lib/python3.7/site-packages/airflow/example_dags/example_short_circuit_operator.py took 0.049 seconds
[2025-12-05T01:19:50.667+0000] {processor.py:156} INFO - Started process (PID=13572) to work on /home/airflow/.local/lib/python3.7/site-packages/airflow/example_dags/example_short_circuit_operator.py
[2025-12-05T01:19:50.669+0000] {processor.py:758} INFO - Processing file /home/airflow/.local/lib/python3.7/site-packages/airflow/example_dags/example_short_circuit_operator.py for tasks to queue
[2025-12-05T01:19:50.670+0000] {logging_mixin.py:117} INFO - [2025-12-05T01:19:50.670+0000] {dagbag.py:525} INFO - Filling up the DagBag from /home/airflow/.local/lib/python3.7/site-packages/airflow/example_dags/example_short_circuit_operator.py
[2025-12-05T01:19:50.678+0000] {processor.py:768} INFO - DAG(s) dict_keys(['example_short_circuit_operator']) retrieved from /home/airflow/.local/lib/python3.7/site-packages/airflow/example_dags/example_short_circuit_operator.py
[2025-12-05T01:19:50.697+0000] {logging_mixin.py:117} INFO - [2025-12-05T01:19:50.697+0000] {dag.py:2573} INFO - Sync 1 DAGs
[2025-12-05T01:19:50.710+0000] {logging_mixin.py:117} INFO - [2025-12-05T01:19:50.710+0000] {dag.py:3328} INFO - Setting next_dagrun for example_short_circuit_operator to 2025-12-04T01:19:50.709990+00:00, run_after=2025-12-05T01:19:50.709990+00:00
[2025-12-05T01:19:50.720+0000] {processor.py:178} INFO - Processing /home/airflow/.local/lib/python3.7/site-packages/airflow/example_dags/example_short_circuit_operator.py took 0.054 seconds
[2025-12-05T01:20:21.555+0000] {processor.py:156} INFO - Started process (PID=13778) to work on /home/airflow/.local/lib/python3.7/site-packages/airflow/example_dags/example_short_circuit_operator.py
[2025-12-05T01:20:21.559+0000] {processor.py:758} INFO - Processing file /home/airflow/.local/lib/python3.7/site-packages/airflow/example_dags/example_short_circuit_operator.py for tasks to queue
[2025-12-05T01:20:21.559+0000] {logging_mixin.py:117} INFO - [2025-12-05T01:20:21.559+0000] {dagbag.py:525} INFO - Filling up the DagBag from /home/airflow/.local/lib/python3.7/site-packages/airflow/example_dags/example_short_circuit_operator.py
[2025-12-05T01:20:21.566+0000] {processor.py:768} INFO - DAG(s) dict_keys(['example_short_circuit_operator']) retrieved from /home/airflow/.local/lib/python3.7/site-packages/airflow/example_dags/example_short_circuit_operator.py
[2025-12-05T01:20:21.592+0000] {logging_mixin.py:117} INFO - [2025-12-05T01:20:21.592+0000] {dag.py:2573} INFO - Sync 1 DAGs
[2025-12-05T01:20:21.604+0000] {logging_mixin.py:117} INFO - [2025-12-05T01:20:21.604+0000] {dag.py:3328} INFO - Setting next_dagrun for example_short_circuit_operator to 2025-12-04T01:20:21.604630+00:00, run_after=2025-12-05T01:20:21.604630+00:00
[2025-12-05T01:20:21.613+0000] {processor.py:178} INFO - Processing /home/airflow/.local/lib/python3.7/site-packages/airflow/example_dags/example_short_circuit_operator.py took 0.059 seconds
[2025-12-05T01:20:52.531+0000] {processor.py:156} INFO - Started process (PID=13984) to work on /home/airflow/.local/lib/python3.7/site-packages/airflow/example_dags/example_short_circuit_operator.py
[2025-12-05T01:20:52.532+0000] {processor.py:758} INFO - Processing file /home/airflow/.local/lib/python3.7/site-packages/airflow/example_dags/example_short_circuit_operator.py for tasks to queue
[2025-12-05T01:20:52.532+0000] {logging_mixin.py:117} INFO - [2025-12-05T01:20:52.532+0000] {dagbag.py:525} INFO - Filling up the DagBag from /home/airflow/.local/lib/python3.7/site-packages/airflow/example_dags/example_short_circuit_operator.py
[2025-12-05T01:20:52.540+0000] {processor.py:768} INFO - DAG(s) dict_keys(['example_short_circuit_operator']) retrieved from /home/airflow/.local/lib/python3.7/site-packages/airflow/example_dags/example_short_circuit_operator.py
[2025-12-05T01:20:52.562+0000] {logging_mixin.py:117} INFO - [2025-12-05T01:20:52.562+0000] {dag.py:2573} INFO - Sync 1 DAGs
[2025-12-05T01:20:52.573+0000] {logging_mixin.py:117} INFO - [2025-12-05T01:20:52.573+0000] {dag.py:3328} INFO - Setting next_dagrun for example_short_circuit_operator to 2025-12-04T01:20:52.572961+00:00, run_after=2025-12-05T01:20:52.572961+00:00
[2025-12-05T01:20:52.585+0000] {processor.py:178} INFO - Processing /home/airflow/.local/lib/python3.7/site-packages/airflow/example_dags/example_short_circuit_operator.py took 0.056 seconds
