[2025-12-05T00:46:04.238+0000] {processor.py:156} INFO - Started process (PID=227) to work on /home/airflow/.local/lib/python3.7/site-packages/airflow/example_dags/example_branch_operator.py
[2025-12-05T00:46:04.238+0000] {processor.py:758} INFO - Processing file /home/airflow/.local/lib/python3.7/site-packages/airflow/example_dags/example_branch_operator.py for tasks to queue
[2025-12-05T00:46:04.239+0000] {logging_mixin.py:117} INFO - [2025-12-05T00:46:04.239+0000] {dagbag.py:525} INFO - Filling up the DagBag from /home/airflow/.local/lib/python3.7/site-packages/airflow/example_dags/example_branch_operator.py
[2025-12-05T00:46:04.247+0000] {processor.py:768} INFO - DAG(s) dict_keys(['example_branch_operator']) retrieved from /home/airflow/.local/lib/python3.7/site-packages/airflow/example_dags/example_branch_operator.py
[2025-12-05T00:46:04.310+0000] {logging_mixin.py:117} INFO - [2025-12-05T00:46:04.309+0000] {manager.py:508} INFO - Created Permission View: can read on DAG:example_branch_operator
[2025-12-05T00:46:04.316+0000] {logging_mixin.py:117} INFO - [2025-12-05T00:46:04.316+0000] {manager.py:508} INFO - Created Permission View: can delete on DAG:example_branch_operator
[2025-12-05T00:46:04.320+0000] {logging_mixin.py:117} INFO - [2025-12-05T00:46:04.320+0000] {manager.py:508} INFO - Created Permission View: can edit on DAG:example_branch_operator
[2025-12-05T00:46:04.320+0000] {logging_mixin.py:117} INFO - [2025-12-05T00:46:04.320+0000] {dag.py:2573} INFO - Sync 1 DAGs
[2025-12-05T00:46:04.421+0000] {logging_mixin.py:117} INFO - [2025-12-05T00:46:04.421+0000] {dag.py:2594} INFO - Creating ORM DAG for example_branch_operator
[2025-12-05T00:46:04.434+0000] {logging_mixin.py:117} INFO - [2025-12-05T00:46:04.434+0000] {dag.py:3328} INFO - Setting next_dagrun for example_branch_operator to 2025-12-04T00:00:00+00:00, run_after=2025-12-05T00:00:00+00:00
[2025-12-05T00:46:04.447+0000] {processor.py:178} INFO - Processing /home/airflow/.local/lib/python3.7/site-packages/airflow/example_dags/example_branch_operator.py took 0.213 seconds
[2025-12-05T00:46:35.424+0000] {processor.py:156} INFO - Started process (PID=428) to work on /home/airflow/.local/lib/python3.7/site-packages/airflow/example_dags/example_branch_operator.py
[2025-12-05T00:46:35.425+0000] {processor.py:758} INFO - Processing file /home/airflow/.local/lib/python3.7/site-packages/airflow/example_dags/example_branch_operator.py for tasks to queue
[2025-12-05T00:46:35.427+0000] {logging_mixin.py:117} INFO - [2025-12-05T00:46:35.427+0000] {dagbag.py:525} INFO - Filling up the DagBag from /home/airflow/.local/lib/python3.7/site-packages/airflow/example_dags/example_branch_operator.py
[2025-12-05T00:46:35.439+0000] {processor.py:768} INFO - DAG(s) dict_keys(['example_branch_operator']) retrieved from /home/airflow/.local/lib/python3.7/site-packages/airflow/example_dags/example_branch_operator.py
[2025-12-05T00:46:35.470+0000] {logging_mixin.py:117} INFO - [2025-12-05T00:46:35.470+0000] {dag.py:2573} INFO - Sync 1 DAGs
[2025-12-05T00:46:35.484+0000] {logging_mixin.py:117} INFO - [2025-12-05T00:46:35.484+0000] {dag.py:3328} INFO - Setting next_dagrun for example_branch_operator to 2025-12-04T00:00:00+00:00, run_after=2025-12-05T00:00:00+00:00
[2025-12-05T00:46:35.495+0000] {processor.py:178} INFO - Processing /home/airflow/.local/lib/python3.7/site-packages/airflow/example_dags/example_branch_operator.py took 0.074 seconds
[2025-12-05T00:47:06.447+0000] {processor.py:156} INFO - Started process (PID=630) to work on /home/airflow/.local/lib/python3.7/site-packages/airflow/example_dags/example_branch_operator.py
[2025-12-05T00:47:06.448+0000] {processor.py:758} INFO - Processing file /home/airflow/.local/lib/python3.7/site-packages/airflow/example_dags/example_branch_operator.py for tasks to queue
[2025-12-05T00:47:06.448+0000] {logging_mixin.py:117} INFO - [2025-12-05T00:47:06.448+0000] {dagbag.py:525} INFO - Filling up the DagBag from /home/airflow/.local/lib/python3.7/site-packages/airflow/example_dags/example_branch_operator.py
[2025-12-05T00:47:06.462+0000] {processor.py:768} INFO - DAG(s) dict_keys(['example_branch_operator']) retrieved from /home/airflow/.local/lib/python3.7/site-packages/airflow/example_dags/example_branch_operator.py
[2025-12-05T00:47:06.487+0000] {logging_mixin.py:117} INFO - [2025-12-05T00:47:06.486+0000] {dag.py:2573} INFO - Sync 1 DAGs
[2025-12-05T00:47:06.499+0000] {logging_mixin.py:117} INFO - [2025-12-05T00:47:06.499+0000] {dag.py:3328} INFO - Setting next_dagrun for example_branch_operator to 2025-12-04T00:00:00+00:00, run_after=2025-12-05T00:00:00+00:00
[2025-12-05T00:47:06.510+0000] {processor.py:178} INFO - Processing /home/airflow/.local/lib/python3.7/site-packages/airflow/example_dags/example_branch_operator.py took 0.065 seconds
[2025-12-05T00:47:37.390+0000] {processor.py:156} INFO - Started process (PID=833) to work on /home/airflow/.local/lib/python3.7/site-packages/airflow/example_dags/example_branch_operator.py
[2025-12-05T00:47:37.393+0000] {processor.py:758} INFO - Processing file /home/airflow/.local/lib/python3.7/site-packages/airflow/example_dags/example_branch_operator.py for tasks to queue
[2025-12-05T00:47:37.393+0000] {logging_mixin.py:117} INFO - [2025-12-05T00:47:37.393+0000] {dagbag.py:525} INFO - Filling up the DagBag from /home/airflow/.local/lib/python3.7/site-packages/airflow/example_dags/example_branch_operator.py
[2025-12-05T00:47:37.403+0000] {processor.py:768} INFO - DAG(s) dict_keys(['example_branch_operator']) retrieved from /home/airflow/.local/lib/python3.7/site-packages/airflow/example_dags/example_branch_operator.py
[2025-12-05T00:47:37.424+0000] {logging_mixin.py:117} INFO - [2025-12-05T00:47:37.424+0000] {dag.py:2573} INFO - Sync 1 DAGs
[2025-12-05T00:47:37.437+0000] {logging_mixin.py:117} INFO - [2025-12-05T00:47:37.437+0000] {dag.py:3328} INFO - Setting next_dagrun for example_branch_operator to 2025-12-04T00:00:00+00:00, run_after=2025-12-05T00:00:00+00:00
[2025-12-05T00:47:37.447+0000] {processor.py:178} INFO - Processing /home/airflow/.local/lib/python3.7/site-packages/airflow/example_dags/example_branch_operator.py took 0.058 seconds
[2025-12-05T00:48:07.930+0000] {processor.py:156} INFO - Started process (PID=1032) to work on /home/airflow/.local/lib/python3.7/site-packages/airflow/example_dags/example_branch_operator.py
[2025-12-05T00:48:07.930+0000] {processor.py:758} INFO - Processing file /home/airflow/.local/lib/python3.7/site-packages/airflow/example_dags/example_branch_operator.py for tasks to queue
[2025-12-05T00:48:07.931+0000] {logging_mixin.py:117} INFO - [2025-12-05T00:48:07.931+0000] {dagbag.py:525} INFO - Filling up the DagBag from /home/airflow/.local/lib/python3.7/site-packages/airflow/example_dags/example_branch_operator.py
[2025-12-05T00:48:07.939+0000] {processor.py:768} INFO - DAG(s) dict_keys(['example_branch_operator']) retrieved from /home/airflow/.local/lib/python3.7/site-packages/airflow/example_dags/example_branch_operator.py
[2025-12-05T00:48:07.956+0000] {logging_mixin.py:117} INFO - [2025-12-05T00:48:07.956+0000] {dag.py:2573} INFO - Sync 1 DAGs
[2025-12-05T00:48:08.046+0000] {logging_mixin.py:117} INFO - [2025-12-05T00:48:08.046+0000] {dag.py:3328} INFO - Setting next_dagrun for example_branch_operator to 2025-12-04T00:00:00+00:00, run_after=2025-12-05T00:00:00+00:00
[2025-12-05T00:48:08.059+0000] {processor.py:178} INFO - Processing /home/airflow/.local/lib/python3.7/site-packages/airflow/example_dags/example_branch_operator.py took 0.131 seconds
[2025-12-05T00:48:39.581+0000] {processor.py:156} INFO - Started process (PID=1242) to work on /home/airflow/.local/lib/python3.7/site-packages/airflow/example_dags/example_branch_operator.py
[2025-12-05T00:48:39.581+0000] {processor.py:758} INFO - Processing file /home/airflow/.local/lib/python3.7/site-packages/airflow/example_dags/example_branch_operator.py for tasks to queue
[2025-12-05T00:48:39.582+0000] {logging_mixin.py:117} INFO - [2025-12-05T00:48:39.582+0000] {dagbag.py:525} INFO - Filling up the DagBag from /home/airflow/.local/lib/python3.7/site-packages/airflow/example_dags/example_branch_operator.py
[2025-12-05T00:48:39.606+0000] {processor.py:768} INFO - DAG(s) dict_keys(['example_branch_operator']) retrieved from /home/airflow/.local/lib/python3.7/site-packages/airflow/example_dags/example_branch_operator.py
[2025-12-05T00:48:39.643+0000] {logging_mixin.py:117} INFO - [2025-12-05T00:48:39.642+0000] {dag.py:2573} INFO - Sync 1 DAGs
[2025-12-05T00:48:39.809+0000] {logging_mixin.py:117} INFO - [2025-12-05T00:48:39.809+0000] {dag.py:3328} INFO - Setting next_dagrun for example_branch_operator to 2025-12-04T00:00:00+00:00, run_after=2025-12-05T00:00:00+00:00
[2025-12-05T00:48:39.824+0000] {processor.py:178} INFO - Processing /home/airflow/.local/lib/python3.7/site-packages/airflow/example_dags/example_branch_operator.py took 0.246 seconds
[2025-12-05T00:49:09.925+0000] {processor.py:156} INFO - Started process (PID=1443) to work on /home/airflow/.local/lib/python3.7/site-packages/airflow/example_dags/example_branch_operator.py
[2025-12-05T00:49:09.925+0000] {processor.py:758} INFO - Processing file /home/airflow/.local/lib/python3.7/site-packages/airflow/example_dags/example_branch_operator.py for tasks to queue
[2025-12-05T00:49:09.926+0000] {logging_mixin.py:117} INFO - [2025-12-05T00:49:09.925+0000] {dagbag.py:525} INFO - Filling up the DagBag from /home/airflow/.local/lib/python3.7/site-packages/airflow/example_dags/example_branch_operator.py
[2025-12-05T00:49:09.934+0000] {processor.py:768} INFO - DAG(s) dict_keys(['example_branch_operator']) retrieved from /home/airflow/.local/lib/python3.7/site-packages/airflow/example_dags/example_branch_operator.py
[2025-12-05T00:49:10.058+0000] {logging_mixin.py:117} INFO - [2025-12-05T00:49:10.058+0000] {dag.py:2573} INFO - Sync 1 DAGs
[2025-12-05T00:49:10.071+0000] {logging_mixin.py:117} INFO - [2025-12-05T00:49:10.071+0000] {dag.py:3328} INFO - Setting next_dagrun for example_branch_operator to 2025-12-04T00:00:00+00:00, run_after=2025-12-05T00:00:00+00:00
[2025-12-05T00:49:10.080+0000] {processor.py:178} INFO - Processing /home/airflow/.local/lib/python3.7/site-packages/airflow/example_dags/example_branch_operator.py took 0.157 seconds
[2025-12-05T00:49:40.595+0000] {processor.py:156} INFO - Started process (PID=1642) to work on /home/airflow/.local/lib/python3.7/site-packages/airflow/example_dags/example_branch_operator.py
[2025-12-05T00:49:40.595+0000] {processor.py:758} INFO - Processing file /home/airflow/.local/lib/python3.7/site-packages/airflow/example_dags/example_branch_operator.py for tasks to queue
[2025-12-05T00:49:40.596+0000] {logging_mixin.py:117} INFO - [2025-12-05T00:49:40.596+0000] {dagbag.py:525} INFO - Filling up the DagBag from /home/airflow/.local/lib/python3.7/site-packages/airflow/example_dags/example_branch_operator.py
[2025-12-05T00:49:40.605+0000] {processor.py:768} INFO - DAG(s) dict_keys(['example_branch_operator']) retrieved from /home/airflow/.local/lib/python3.7/site-packages/airflow/example_dags/example_branch_operator.py
[2025-12-05T00:49:40.714+0000] {logging_mixin.py:117} INFO - [2025-12-05T00:49:40.714+0000] {dag.py:2573} INFO - Sync 1 DAGs
[2025-12-05T00:49:40.730+0000] {logging_mixin.py:117} INFO - [2025-12-05T00:49:40.730+0000] {dag.py:3328} INFO - Setting next_dagrun for example_branch_operator to 2025-12-04T00:00:00+00:00, run_after=2025-12-05T00:00:00+00:00
[2025-12-05T00:49:40.746+0000] {processor.py:178} INFO - Processing /home/airflow/.local/lib/python3.7/site-packages/airflow/example_dags/example_branch_operator.py took 0.153 seconds
[2025-12-05T00:50:11.410+0000] {processor.py:156} INFO - Started process (PID=1844) to work on /home/airflow/.local/lib/python3.7/site-packages/airflow/example_dags/example_branch_operator.py
[2025-12-05T00:50:11.410+0000] {processor.py:758} INFO - Processing file /home/airflow/.local/lib/python3.7/site-packages/airflow/example_dags/example_branch_operator.py for tasks to queue
[2025-12-05T00:50:11.410+0000] {logging_mixin.py:117} INFO - [2025-12-05T00:50:11.410+0000] {dagbag.py:525} INFO - Filling up the DagBag from /home/airflow/.local/lib/python3.7/site-packages/airflow/example_dags/example_branch_operator.py
[2025-12-05T00:50:11.419+0000] {processor.py:768} INFO - DAG(s) dict_keys(['example_branch_operator']) retrieved from /home/airflow/.local/lib/python3.7/site-packages/airflow/example_dags/example_branch_operator.py
[2025-12-05T00:50:11.441+0000] {logging_mixin.py:117} INFO - [2025-12-05T00:50:11.441+0000] {dag.py:2573} INFO - Sync 1 DAGs
[2025-12-05T00:50:11.543+0000] {logging_mixin.py:117} INFO - [2025-12-05T00:50:11.543+0000] {dag.py:3328} INFO - Setting next_dagrun for example_branch_operator to 2025-12-04T00:00:00+00:00, run_after=2025-12-05T00:00:00+00:00
[2025-12-05T00:50:11.555+0000] {processor.py:178} INFO - Processing /home/airflow/.local/lib/python3.7/site-packages/airflow/example_dags/example_branch_operator.py took 0.148 seconds
[2025-12-05T00:50:42.022+0000] {processor.py:156} INFO - Started process (PID=2045) to work on /home/airflow/.local/lib/python3.7/site-packages/airflow/example_dags/example_branch_operator.py
[2025-12-05T00:50:42.022+0000] {processor.py:758} INFO - Processing file /home/airflow/.local/lib/python3.7/site-packages/airflow/example_dags/example_branch_operator.py for tasks to queue
[2025-12-05T00:50:42.023+0000] {logging_mixin.py:117} INFO - [2025-12-05T00:50:42.023+0000] {dagbag.py:525} INFO - Filling up the DagBag from /home/airflow/.local/lib/python3.7/site-packages/airflow/example_dags/example_branch_operator.py
[2025-12-05T00:50:42.032+0000] {processor.py:768} INFO - DAG(s) dict_keys(['example_branch_operator']) retrieved from /home/airflow/.local/lib/python3.7/site-packages/airflow/example_dags/example_branch_operator.py
[2025-12-05T00:50:42.052+0000] {logging_mixin.py:117} INFO - [2025-12-05T00:50:42.052+0000] {dag.py:2573} INFO - Sync 1 DAGs
[2025-12-05T00:50:42.158+0000] {logging_mixin.py:117} INFO - [2025-12-05T00:50:42.158+0000] {dag.py:3328} INFO - Setting next_dagrun for example_branch_operator to 2025-12-04T00:00:00+00:00, run_after=2025-12-05T00:00:00+00:00
[2025-12-05T00:50:42.178+0000] {processor.py:178} INFO - Processing /home/airflow/.local/lib/python3.7/site-packages/airflow/example_dags/example_branch_operator.py took 0.158 seconds
[2025-12-05T00:51:12.878+0000] {processor.py:156} INFO - Started process (PID=2246) to work on /home/airflow/.local/lib/python3.7/site-packages/airflow/example_dags/example_branch_operator.py
[2025-12-05T00:51:12.879+0000] {processor.py:758} INFO - Processing file /home/airflow/.local/lib/python3.7/site-packages/airflow/example_dags/example_branch_operator.py for tasks to queue
[2025-12-05T00:51:12.879+0000] {logging_mixin.py:117} INFO - [2025-12-05T00:51:12.879+0000] {dagbag.py:525} INFO - Filling up the DagBag from /home/airflow/.local/lib/python3.7/site-packages/airflow/example_dags/example_branch_operator.py
[2025-12-05T00:51:12.888+0000] {processor.py:768} INFO - DAG(s) dict_keys(['example_branch_operator']) retrieved from /home/airflow/.local/lib/python3.7/site-packages/airflow/example_dags/example_branch_operator.py
[2025-12-05T00:51:12.992+0000] {logging_mixin.py:117} INFO - [2025-12-05T00:51:12.992+0000] {dag.py:2573} INFO - Sync 1 DAGs
[2025-12-05T00:51:13.005+0000] {logging_mixin.py:117} INFO - [2025-12-05T00:51:13.005+0000] {dag.py:3328} INFO - Setting next_dagrun for example_branch_operator to 2025-12-04T00:00:00+00:00, run_after=2025-12-05T00:00:00+00:00
[2025-12-05T00:51:13.013+0000] {processor.py:178} INFO - Processing /home/airflow/.local/lib/python3.7/site-packages/airflow/example_dags/example_branch_operator.py took 0.136 seconds
[2025-12-05T00:51:43.408+0000] {processor.py:156} INFO - Started process (PID=2447) to work on /home/airflow/.local/lib/python3.7/site-packages/airflow/example_dags/example_branch_operator.py
[2025-12-05T00:51:43.409+0000] {processor.py:758} INFO - Processing file /home/airflow/.local/lib/python3.7/site-packages/airflow/example_dags/example_branch_operator.py for tasks to queue
[2025-12-05T00:51:43.409+0000] {logging_mixin.py:117} INFO - [2025-12-05T00:51:43.409+0000] {dagbag.py:525} INFO - Filling up the DagBag from /home/airflow/.local/lib/python3.7/site-packages/airflow/example_dags/example_branch_operator.py
[2025-12-05T00:51:43.506+0000] {processor.py:768} INFO - DAG(s) dict_keys(['example_branch_operator']) retrieved from /home/airflow/.local/lib/python3.7/site-packages/airflow/example_dags/example_branch_operator.py
[2025-12-05T00:51:43.527+0000] {logging_mixin.py:117} INFO - [2025-12-05T00:51:43.527+0000] {dag.py:2573} INFO - Sync 1 DAGs
[2025-12-05T00:51:43.538+0000] {logging_mixin.py:117} INFO - [2025-12-05T00:51:43.538+0000] {dag.py:3328} INFO - Setting next_dagrun for example_branch_operator to 2025-12-04T00:00:00+00:00, run_after=2025-12-05T00:00:00+00:00
[2025-12-05T00:51:43.546+0000] {processor.py:178} INFO - Processing /home/airflow/.local/lib/python3.7/site-packages/airflow/example_dags/example_branch_operator.py took 0.139 seconds
[2025-12-05T00:52:14.223+0000] {processor.py:156} INFO - Started process (PID=2648) to work on /home/airflow/.local/lib/python3.7/site-packages/airflow/example_dags/example_branch_operator.py
[2025-12-05T00:52:14.224+0000] {processor.py:758} INFO - Processing file /home/airflow/.local/lib/python3.7/site-packages/airflow/example_dags/example_branch_operator.py for tasks to queue
[2025-12-05T00:52:14.224+0000] {logging_mixin.py:117} INFO - [2025-12-05T00:52:14.224+0000] {dagbag.py:525} INFO - Filling up the DagBag from /home/airflow/.local/lib/python3.7/site-packages/airflow/example_dags/example_branch_operator.py
[2025-12-05T00:52:14.233+0000] {processor.py:768} INFO - DAG(s) dict_keys(['example_branch_operator']) retrieved from /home/airflow/.local/lib/python3.7/site-packages/airflow/example_dags/example_branch_operator.py
[2025-12-05T00:52:14.251+0000] {logging_mixin.py:117} INFO - [2025-12-05T00:52:14.251+0000] {dag.py:2573} INFO - Sync 1 DAGs
[2025-12-05T00:52:14.346+0000] {logging_mixin.py:117} INFO - [2025-12-05T00:52:14.346+0000] {dag.py:3328} INFO - Setting next_dagrun for example_branch_operator to 2025-12-04T00:00:00+00:00, run_after=2025-12-05T00:00:00+00:00
[2025-12-05T00:52:14.355+0000] {processor.py:178} INFO - Processing /home/airflow/.local/lib/python3.7/site-packages/airflow/example_dags/example_branch_operator.py took 0.134 seconds
[2025-12-05T00:52:44.703+0000] {processor.py:156} INFO - Started process (PID=2849) to work on /home/airflow/.local/lib/python3.7/site-packages/airflow/example_dags/example_branch_operator.py
[2025-12-05T00:52:44.706+0000] {processor.py:758} INFO - Processing file /home/airflow/.local/lib/python3.7/site-packages/airflow/example_dags/example_branch_operator.py for tasks to queue
[2025-12-05T00:52:44.706+0000] {logging_mixin.py:117} INFO - [2025-12-05T00:52:44.706+0000] {dagbag.py:525} INFO - Filling up the DagBag from /home/airflow/.local/lib/python3.7/site-packages/airflow/example_dags/example_branch_operator.py
[2025-12-05T00:52:44.716+0000] {processor.py:768} INFO - DAG(s) dict_keys(['example_branch_operator']) retrieved from /home/airflow/.local/lib/python3.7/site-packages/airflow/example_dags/example_branch_operator.py
[2025-12-05T00:52:44.736+0000] {logging_mixin.py:117} INFO - [2025-12-05T00:52:44.736+0000] {dag.py:2573} INFO - Sync 1 DAGs
[2025-12-05T00:52:44.827+0000] {logging_mixin.py:117} INFO - [2025-12-05T00:52:44.827+0000] {dag.py:3328} INFO - Setting next_dagrun for example_branch_operator to 2025-12-04T00:00:00+00:00, run_after=2025-12-05T00:00:00+00:00
[2025-12-05T00:52:44.834+0000] {processor.py:178} INFO - Processing /home/airflow/.local/lib/python3.7/site-packages/airflow/example_dags/example_branch_operator.py took 0.136 seconds
[2025-12-05T00:53:15.318+0000] {processor.py:156} INFO - Started process (PID=3050) to work on /home/airflow/.local/lib/python3.7/site-packages/airflow/example_dags/example_branch_operator.py
[2025-12-05T00:53:15.319+0000] {processor.py:758} INFO - Processing file /home/airflow/.local/lib/python3.7/site-packages/airflow/example_dags/example_branch_operator.py for tasks to queue
[2025-12-05T00:53:15.319+0000] {logging_mixin.py:117} INFO - [2025-12-05T00:53:15.319+0000] {dagbag.py:525} INFO - Filling up the DagBag from /home/airflow/.local/lib/python3.7/site-packages/airflow/example_dags/example_branch_operator.py
[2025-12-05T00:53:15.328+0000] {processor.py:768} INFO - DAG(s) dict_keys(['example_branch_operator']) retrieved from /home/airflow/.local/lib/python3.7/site-packages/airflow/example_dags/example_branch_operator.py
[2025-12-05T00:53:15.456+0000] {logging_mixin.py:117} INFO - [2025-12-05T00:53:15.455+0000] {dag.py:2573} INFO - Sync 1 DAGs
[2025-12-05T00:53:15.468+0000] {logging_mixin.py:117} INFO - [2025-12-05T00:53:15.468+0000] {dag.py:3328} INFO - Setting next_dagrun for example_branch_operator to 2025-12-04T00:00:00+00:00, run_after=2025-12-05T00:00:00+00:00
[2025-12-05T00:53:15.476+0000] {processor.py:178} INFO - Processing /home/airflow/.local/lib/python3.7/site-packages/airflow/example_dags/example_branch_operator.py took 0.160 seconds
[2025-12-05T00:53:45.898+0000] {processor.py:156} INFO - Started process (PID=3251) to work on /home/airflow/.local/lib/python3.7/site-packages/airflow/example_dags/example_branch_operator.py
[2025-12-05T00:53:45.899+0000] {processor.py:758} INFO - Processing file /home/airflow/.local/lib/python3.7/site-packages/airflow/example_dags/example_branch_operator.py for tasks to queue
[2025-12-05T00:53:45.899+0000] {logging_mixin.py:117} INFO - [2025-12-05T00:53:45.899+0000] {dagbag.py:525} INFO - Filling up the DagBag from /home/airflow/.local/lib/python3.7/site-packages/airflow/example_dags/example_branch_operator.py
[2025-12-05T00:53:45.909+0000] {processor.py:768} INFO - DAG(s) dict_keys(['example_branch_operator']) retrieved from /home/airflow/.local/lib/python3.7/site-packages/airflow/example_dags/example_branch_operator.py
[2025-12-05T00:53:46.023+0000] {logging_mixin.py:117} INFO - [2025-12-05T00:53:46.023+0000] {dag.py:2573} INFO - Sync 1 DAGs
[2025-12-05T00:53:46.034+0000] {logging_mixin.py:117} INFO - [2025-12-05T00:53:46.034+0000] {dag.py:3328} INFO - Setting next_dagrun for example_branch_operator to 2025-12-04T00:00:00+00:00, run_after=2025-12-05T00:00:00+00:00
[2025-12-05T00:53:46.043+0000] {processor.py:178} INFO - Processing /home/airflow/.local/lib/python3.7/site-packages/airflow/example_dags/example_branch_operator.py took 0.147 seconds
[2025-12-05T00:54:16.874+0000] {processor.py:156} INFO - Started process (PID=3452) to work on /home/airflow/.local/lib/python3.7/site-packages/airflow/example_dags/example_branch_operator.py
[2025-12-05T00:54:16.874+0000] {processor.py:758} INFO - Processing file /home/airflow/.local/lib/python3.7/site-packages/airflow/example_dags/example_branch_operator.py for tasks to queue
[2025-12-05T00:54:16.876+0000] {logging_mixin.py:117} INFO - [2025-12-05T00:54:16.876+0000] {dagbag.py:525} INFO - Filling up the DagBag from /home/airflow/.local/lib/python3.7/site-packages/airflow/example_dags/example_branch_operator.py
[2025-12-05T00:54:16.886+0000] {processor.py:768} INFO - DAG(s) dict_keys(['example_branch_operator']) retrieved from /home/airflow/.local/lib/python3.7/site-packages/airflow/example_dags/example_branch_operator.py
[2025-12-05T00:54:16.904+0000] {logging_mixin.py:117} INFO - [2025-12-05T00:54:16.904+0000] {dag.py:2573} INFO - Sync 1 DAGs
[2025-12-05T00:54:16.998+0000] {logging_mixin.py:117} INFO - [2025-12-05T00:54:16.998+0000] {dag.py:3328} INFO - Setting next_dagrun for example_branch_operator to 2025-12-04T00:00:00+00:00, run_after=2025-12-05T00:00:00+00:00
[2025-12-05T00:54:17.007+0000] {processor.py:178} INFO - Processing /home/airflow/.local/lib/python3.7/site-packages/airflow/example_dags/example_branch_operator.py took 0.135 seconds
[2025-12-05T00:54:47.516+0000] {processor.py:156} INFO - Started process (PID=3653) to work on /home/airflow/.local/lib/python3.7/site-packages/airflow/example_dags/example_branch_operator.py
[2025-12-05T00:54:47.517+0000] {processor.py:758} INFO - Processing file /home/airflow/.local/lib/python3.7/site-packages/airflow/example_dags/example_branch_operator.py for tasks to queue
[2025-12-05T00:54:47.517+0000] {logging_mixin.py:117} INFO - [2025-12-05T00:54:47.517+0000] {dagbag.py:525} INFO - Filling up the DagBag from /home/airflow/.local/lib/python3.7/site-packages/airflow/example_dags/example_branch_operator.py
[2025-12-05T00:54:47.527+0000] {processor.py:768} INFO - DAG(s) dict_keys(['example_branch_operator']) retrieved from /home/airflow/.local/lib/python3.7/site-packages/airflow/example_dags/example_branch_operator.py
[2025-12-05T00:54:47.550+0000] {logging_mixin.py:117} INFO - [2025-12-05T00:54:47.549+0000] {dag.py:2573} INFO - Sync 1 DAGs
[2025-12-05T00:54:47.652+0000] {logging_mixin.py:117} INFO - [2025-12-05T00:54:47.652+0000] {dag.py:3328} INFO - Setting next_dagrun for example_branch_operator to 2025-12-04T00:00:00+00:00, run_after=2025-12-05T00:00:00+00:00
[2025-12-05T00:54:47.659+0000] {processor.py:178} INFO - Processing /home/airflow/.local/lib/python3.7/site-packages/airflow/example_dags/example_branch_operator.py took 0.145 seconds
[2025-12-05T00:55:18.219+0000] {processor.py:156} INFO - Started process (PID=3853) to work on /home/airflow/.local/lib/python3.7/site-packages/airflow/example_dags/example_branch_operator.py
[2025-12-05T00:55:18.220+0000] {processor.py:758} INFO - Processing file /home/airflow/.local/lib/python3.7/site-packages/airflow/example_dags/example_branch_operator.py for tasks to queue
[2025-12-05T00:55:18.220+0000] {logging_mixin.py:117} INFO - [2025-12-05T00:55:18.220+0000] {dagbag.py:525} INFO - Filling up the DagBag from /home/airflow/.local/lib/python3.7/site-packages/airflow/example_dags/example_branch_operator.py
[2025-12-05T00:55:18.231+0000] {processor.py:768} INFO - DAG(s) dict_keys(['example_branch_operator']) retrieved from /home/airflow/.local/lib/python3.7/site-packages/airflow/example_dags/example_branch_operator.py
[2025-12-05T00:55:18.334+0000] {logging_mixin.py:117} INFO - [2025-12-05T00:55:18.334+0000] {dag.py:2573} INFO - Sync 1 DAGs
[2025-12-05T00:55:18.348+0000] {logging_mixin.py:117} INFO - [2025-12-05T00:55:18.347+0000] {dag.py:3328} INFO - Setting next_dagrun for example_branch_operator to 2025-12-04T00:00:00+00:00, run_after=2025-12-05T00:00:00+00:00
[2025-12-05T00:55:18.356+0000] {processor.py:178} INFO - Processing /home/airflow/.local/lib/python3.7/site-packages/airflow/example_dags/example_branch_operator.py took 0.139 seconds
[2025-12-05T00:55:48.780+0000] {processor.py:156} INFO - Started process (PID=4054) to work on /home/airflow/.local/lib/python3.7/site-packages/airflow/example_dags/example_branch_operator.py
[2025-12-05T00:55:48.781+0000] {processor.py:758} INFO - Processing file /home/airflow/.local/lib/python3.7/site-packages/airflow/example_dags/example_branch_operator.py for tasks to queue
[2025-12-05T00:55:48.781+0000] {logging_mixin.py:117} INFO - [2025-12-05T00:55:48.781+0000] {dagbag.py:525} INFO - Filling up the DagBag from /home/airflow/.local/lib/python3.7/site-packages/airflow/example_dags/example_branch_operator.py
[2025-12-05T00:55:48.791+0000] {processor.py:768} INFO - DAG(s) dict_keys(['example_branch_operator']) retrieved from /home/airflow/.local/lib/python3.7/site-packages/airflow/example_dags/example_branch_operator.py
[2025-12-05T00:55:48.913+0000] {logging_mixin.py:117} INFO - [2025-12-05T00:55:48.913+0000] {dag.py:2573} INFO - Sync 1 DAGs
[2025-12-05T00:55:48.923+0000] {logging_mixin.py:117} INFO - [2025-12-05T00:55:48.923+0000] {dag.py:3328} INFO - Setting next_dagrun for example_branch_operator to 2025-12-04T00:00:00+00:00, run_after=2025-12-05T00:00:00+00:00
[2025-12-05T00:55:48.932+0000] {processor.py:178} INFO - Processing /home/airflow/.local/lib/python3.7/site-packages/airflow/example_dags/example_branch_operator.py took 0.153 seconds
[2025-12-05T00:56:19.127+0000] {processor.py:156} INFO - Started process (PID=4254) to work on /home/airflow/.local/lib/python3.7/site-packages/airflow/example_dags/example_branch_operator.py
[2025-12-05T00:56:19.127+0000] {processor.py:758} INFO - Processing file /home/airflow/.local/lib/python3.7/site-packages/airflow/example_dags/example_branch_operator.py for tasks to queue
[2025-12-05T00:56:19.128+0000] {logging_mixin.py:117} INFO - [2025-12-05T00:56:19.128+0000] {dagbag.py:525} INFO - Filling up the DagBag from /home/airflow/.local/lib/python3.7/site-packages/airflow/example_dags/example_branch_operator.py
[2025-12-05T00:56:19.136+0000] {processor.py:768} INFO - DAG(s) dict_keys(['example_branch_operator']) retrieved from /home/airflow/.local/lib/python3.7/site-packages/airflow/example_dags/example_branch_operator.py
[2025-12-05T00:56:19.156+0000] {logging_mixin.py:117} INFO - [2025-12-05T00:56:19.156+0000] {dag.py:2573} INFO - Sync 1 DAGs
[2025-12-05T00:56:19.168+0000] {logging_mixin.py:117} INFO - [2025-12-05T00:56:19.168+0000] {dag.py:3328} INFO - Setting next_dagrun for example_branch_operator to 2025-12-04T00:00:00+00:00, run_after=2025-12-05T00:00:00+00:00
[2025-12-05T00:56:19.175+0000] {processor.py:178} INFO - Processing /home/airflow/.local/lib/python3.7/site-packages/airflow/example_dags/example_branch_operator.py took 0.050 seconds
[2025-12-05T00:56:49.959+0000] {processor.py:156} INFO - Started process (PID=4455) to work on /home/airflow/.local/lib/python3.7/site-packages/airflow/example_dags/example_branch_operator.py
[2025-12-05T00:56:49.961+0000] {processor.py:758} INFO - Processing file /home/airflow/.local/lib/python3.7/site-packages/airflow/example_dags/example_branch_operator.py for tasks to queue
[2025-12-05T00:56:49.962+0000] {logging_mixin.py:117} INFO - [2025-12-05T00:56:49.962+0000] {dagbag.py:525} INFO - Filling up the DagBag from /home/airflow/.local/lib/python3.7/site-packages/airflow/example_dags/example_branch_operator.py
[2025-12-05T00:56:49.972+0000] {processor.py:768} INFO - DAG(s) dict_keys(['example_branch_operator']) retrieved from /home/airflow/.local/lib/python3.7/site-packages/airflow/example_dags/example_branch_operator.py
[2025-12-05T00:56:49.992+0000] {logging_mixin.py:117} INFO - [2025-12-05T00:56:49.992+0000] {dag.py:2573} INFO - Sync 1 DAGs
[2025-12-05T00:56:50.008+0000] {logging_mixin.py:117} INFO - [2025-12-05T00:56:50.008+0000] {dag.py:3328} INFO - Setting next_dagrun for example_branch_operator to 2025-12-04T00:00:00+00:00, run_after=2025-12-05T00:00:00+00:00
[2025-12-05T00:56:50.019+0000] {processor.py:178} INFO - Processing /home/airflow/.local/lib/python3.7/site-packages/airflow/example_dags/example_branch_operator.py took 0.061 seconds
[2025-12-05T00:57:20.912+0000] {processor.py:156} INFO - Started process (PID=4655) to work on /home/airflow/.local/lib/python3.7/site-packages/airflow/example_dags/example_branch_operator.py
[2025-12-05T00:57:20.913+0000] {processor.py:758} INFO - Processing file /home/airflow/.local/lib/python3.7/site-packages/airflow/example_dags/example_branch_operator.py for tasks to queue
[2025-12-05T00:57:20.913+0000] {logging_mixin.py:117} INFO - [2025-12-05T00:57:20.913+0000] {dagbag.py:525} INFO - Filling up the DagBag from /home/airflow/.local/lib/python3.7/site-packages/airflow/example_dags/example_branch_operator.py
[2025-12-05T00:57:20.921+0000] {processor.py:768} INFO - DAG(s) dict_keys(['example_branch_operator']) retrieved from /home/airflow/.local/lib/python3.7/site-packages/airflow/example_dags/example_branch_operator.py
[2025-12-05T00:57:20.941+0000] {logging_mixin.py:117} INFO - [2025-12-05T00:57:20.941+0000] {dag.py:2573} INFO - Sync 1 DAGs
[2025-12-05T00:57:20.953+0000] {logging_mixin.py:117} INFO - [2025-12-05T00:57:20.953+0000] {dag.py:3328} INFO - Setting next_dagrun for example_branch_operator to 2025-12-04T00:00:00+00:00, run_after=2025-12-05T00:00:00+00:00
[2025-12-05T00:57:20.961+0000] {processor.py:178} INFO - Processing /home/airflow/.local/lib/python3.7/site-packages/airflow/example_dags/example_branch_operator.py took 0.051 seconds
[2025-12-05T00:57:51.692+0000] {processor.py:156} INFO - Started process (PID=4856) to work on /home/airflow/.local/lib/python3.7/site-packages/airflow/example_dags/example_branch_operator.py
[2025-12-05T00:57:51.694+0000] {processor.py:758} INFO - Processing file /home/airflow/.local/lib/python3.7/site-packages/airflow/example_dags/example_branch_operator.py for tasks to queue
[2025-12-05T00:57:51.694+0000] {logging_mixin.py:117} INFO - [2025-12-05T00:57:51.694+0000] {dagbag.py:525} INFO - Filling up the DagBag from /home/airflow/.local/lib/python3.7/site-packages/airflow/example_dags/example_branch_operator.py
[2025-12-05T00:57:51.704+0000] {processor.py:768} INFO - DAG(s) dict_keys(['example_branch_operator']) retrieved from /home/airflow/.local/lib/python3.7/site-packages/airflow/example_dags/example_branch_operator.py
[2025-12-05T00:57:51.725+0000] {logging_mixin.py:117} INFO - [2025-12-05T00:57:51.725+0000] {dag.py:2573} INFO - Sync 1 DAGs
[2025-12-05T00:57:51.745+0000] {logging_mixin.py:117} INFO - [2025-12-05T00:57:51.745+0000] {dag.py:3328} INFO - Setting next_dagrun for example_branch_operator to 2025-12-04T00:00:00+00:00, run_after=2025-12-05T00:00:00+00:00
[2025-12-05T00:57:51.756+0000] {processor.py:178} INFO - Processing /home/airflow/.local/lib/python3.7/site-packages/airflow/example_dags/example_branch_operator.py took 0.066 seconds
[2025-12-05T00:58:22.714+0000] {processor.py:156} INFO - Started process (PID=5057) to work on /home/airflow/.local/lib/python3.7/site-packages/airflow/example_dags/example_branch_operator.py
[2025-12-05T00:58:22.715+0000] {processor.py:758} INFO - Processing file /home/airflow/.local/lib/python3.7/site-packages/airflow/example_dags/example_branch_operator.py for tasks to queue
[2025-12-05T00:58:22.715+0000] {logging_mixin.py:117} INFO - [2025-12-05T00:58:22.715+0000] {dagbag.py:525} INFO - Filling up the DagBag from /home/airflow/.local/lib/python3.7/site-packages/airflow/example_dags/example_branch_operator.py
[2025-12-05T00:58:22.725+0000] {processor.py:768} INFO - DAG(s) dict_keys(['example_branch_operator']) retrieved from /home/airflow/.local/lib/python3.7/site-packages/airflow/example_dags/example_branch_operator.py
[2025-12-05T00:58:22.745+0000] {logging_mixin.py:117} INFO - [2025-12-05T00:58:22.744+0000] {dag.py:2573} INFO - Sync 1 DAGs
[2025-12-05T00:58:22.758+0000] {logging_mixin.py:117} INFO - [2025-12-05T00:58:22.758+0000] {dag.py:3328} INFO - Setting next_dagrun for example_branch_operator to 2025-12-04T00:00:00+00:00, run_after=2025-12-05T00:00:00+00:00
[2025-12-05T00:58:22.769+0000] {processor.py:178} INFO - Processing /home/airflow/.local/lib/python3.7/site-packages/airflow/example_dags/example_branch_operator.py took 0.056 seconds
[2025-12-05T00:58:53.614+0000] {processor.py:156} INFO - Started process (PID=5258) to work on /home/airflow/.local/lib/python3.7/site-packages/airflow/example_dags/example_branch_operator.py
[2025-12-05T00:58:53.615+0000] {processor.py:758} INFO - Processing file /home/airflow/.local/lib/python3.7/site-packages/airflow/example_dags/example_branch_operator.py for tasks to queue
[2025-12-05T00:58:53.615+0000] {logging_mixin.py:117} INFO - [2025-12-05T00:58:53.615+0000] {dagbag.py:525} INFO - Filling up the DagBag from /home/airflow/.local/lib/python3.7/site-packages/airflow/example_dags/example_branch_operator.py
[2025-12-05T00:58:53.625+0000] {processor.py:768} INFO - DAG(s) dict_keys(['example_branch_operator']) retrieved from /home/airflow/.local/lib/python3.7/site-packages/airflow/example_dags/example_branch_operator.py
[2025-12-05T00:58:53.645+0000] {logging_mixin.py:117} INFO - [2025-12-05T00:58:53.645+0000] {dag.py:2573} INFO - Sync 1 DAGs
[2025-12-05T00:58:53.658+0000] {logging_mixin.py:117} INFO - [2025-12-05T00:58:53.658+0000] {dag.py:3328} INFO - Setting next_dagrun for example_branch_operator to 2025-12-04T00:00:00+00:00, run_after=2025-12-05T00:00:00+00:00
[2025-12-05T00:58:53.666+0000] {processor.py:178} INFO - Processing /home/airflow/.local/lib/python3.7/site-packages/airflow/example_dags/example_branch_operator.py took 0.053 seconds
[2025-12-05T00:59:24.346+0000] {processor.py:156} INFO - Started process (PID=5465) to work on /home/airflow/.local/lib/python3.7/site-packages/airflow/example_dags/example_branch_operator.py
[2025-12-05T00:59:24.347+0000] {processor.py:758} INFO - Processing file /home/airflow/.local/lib/python3.7/site-packages/airflow/example_dags/example_branch_operator.py for tasks to queue
[2025-12-05T00:59:24.348+0000] {logging_mixin.py:117} INFO - [2025-12-05T00:59:24.348+0000] {dagbag.py:525} INFO - Filling up the DagBag from /home/airflow/.local/lib/python3.7/site-packages/airflow/example_dags/example_branch_operator.py
[2025-12-05T00:59:24.356+0000] {processor.py:768} INFO - DAG(s) dict_keys(['example_branch_operator']) retrieved from /home/airflow/.local/lib/python3.7/site-packages/airflow/example_dags/example_branch_operator.py
[2025-12-05T00:59:24.377+0000] {logging_mixin.py:117} INFO - [2025-12-05T00:59:24.377+0000] {dag.py:2573} INFO - Sync 1 DAGs
[2025-12-05T00:59:24.394+0000] {logging_mixin.py:117} INFO - [2025-12-05T00:59:24.394+0000] {dag.py:3328} INFO - Setting next_dagrun for example_branch_operator to 2025-12-04T00:00:00+00:00, run_after=2025-12-05T00:00:00+00:00
[2025-12-05T00:59:24.403+0000] {processor.py:178} INFO - Processing /home/airflow/.local/lib/python3.7/site-packages/airflow/example_dags/example_branch_operator.py took 0.063 seconds
[2025-12-05T00:59:55.269+0000] {processor.py:156} INFO - Started process (PID=5666) to work on /home/airflow/.local/lib/python3.7/site-packages/airflow/example_dags/example_branch_operator.py
[2025-12-05T00:59:55.270+0000] {processor.py:758} INFO - Processing file /home/airflow/.local/lib/python3.7/site-packages/airflow/example_dags/example_branch_operator.py for tasks to queue
[2025-12-05T00:59:55.270+0000] {logging_mixin.py:117} INFO - [2025-12-05T00:59:55.270+0000] {dagbag.py:525} INFO - Filling up the DagBag from /home/airflow/.local/lib/python3.7/site-packages/airflow/example_dags/example_branch_operator.py
[2025-12-05T00:59:55.282+0000] {processor.py:768} INFO - DAG(s) dict_keys(['example_branch_operator']) retrieved from /home/airflow/.local/lib/python3.7/site-packages/airflow/example_dags/example_branch_operator.py
[2025-12-05T00:59:55.304+0000] {logging_mixin.py:117} INFO - [2025-12-05T00:59:55.304+0000] {dag.py:2573} INFO - Sync 1 DAGs
[2025-12-05T00:59:55.318+0000] {logging_mixin.py:117} INFO - [2025-12-05T00:59:55.318+0000] {dag.py:3328} INFO - Setting next_dagrun for example_branch_operator to 2025-12-04T00:00:00+00:00, run_after=2025-12-05T00:00:00+00:00
[2025-12-05T00:59:55.328+0000] {processor.py:178} INFO - Processing /home/airflow/.local/lib/python3.7/site-packages/airflow/example_dags/example_branch_operator.py took 0.060 seconds
[2025-12-05T01:00:26.349+0000] {processor.py:156} INFO - Started process (PID=5867) to work on /home/airflow/.local/lib/python3.7/site-packages/airflow/example_dags/example_branch_operator.py
[2025-12-05T01:00:26.352+0000] {processor.py:758} INFO - Processing file /home/airflow/.local/lib/python3.7/site-packages/airflow/example_dags/example_branch_operator.py for tasks to queue
[2025-12-05T01:00:26.352+0000] {logging_mixin.py:117} INFO - [2025-12-05T01:00:26.352+0000] {dagbag.py:525} INFO - Filling up the DagBag from /home/airflow/.local/lib/python3.7/site-packages/airflow/example_dags/example_branch_operator.py
[2025-12-05T01:00:26.363+0000] {processor.py:768} INFO - DAG(s) dict_keys(['example_branch_operator']) retrieved from /home/airflow/.local/lib/python3.7/site-packages/airflow/example_dags/example_branch_operator.py
[2025-12-05T01:00:26.400+0000] {logging_mixin.py:117} INFO - [2025-12-05T01:00:26.400+0000] {dag.py:2573} INFO - Sync 1 DAGs
[2025-12-05T01:00:26.418+0000] {logging_mixin.py:117} INFO - [2025-12-05T01:00:26.418+0000] {dag.py:3328} INFO - Setting next_dagrun for example_branch_operator to 2025-12-04T00:00:00+00:00, run_after=2025-12-05T00:00:00+00:00
[2025-12-05T01:00:26.431+0000] {processor.py:178} INFO - Processing /home/airflow/.local/lib/python3.7/site-packages/airflow/example_dags/example_branch_operator.py took 0.083 seconds
[2025-12-05T01:00:56.569+0000] {processor.py:156} INFO - Started process (PID=6067) to work on /home/airflow/.local/lib/python3.7/site-packages/airflow/example_dags/example_branch_operator.py
[2025-12-05T01:00:56.569+0000] {processor.py:758} INFO - Processing file /home/airflow/.local/lib/python3.7/site-packages/airflow/example_dags/example_branch_operator.py for tasks to queue
[2025-12-05T01:00:56.570+0000] {logging_mixin.py:117} INFO - [2025-12-05T01:00:56.570+0000] {dagbag.py:525} INFO - Filling up the DagBag from /home/airflow/.local/lib/python3.7/site-packages/airflow/example_dags/example_branch_operator.py
[2025-12-05T01:00:56.581+0000] {processor.py:768} INFO - DAG(s) dict_keys(['example_branch_operator']) retrieved from /home/airflow/.local/lib/python3.7/site-packages/airflow/example_dags/example_branch_operator.py
[2025-12-05T01:00:56.610+0000] {logging_mixin.py:117} INFO - [2025-12-05T01:00:56.610+0000] {dag.py:2573} INFO - Sync 1 DAGs
[2025-12-05T01:00:56.629+0000] {logging_mixin.py:117} INFO - [2025-12-05T01:00:56.629+0000] {dag.py:3328} INFO - Setting next_dagrun for example_branch_operator to 2025-12-04T00:00:00+00:00, run_after=2025-12-05T00:00:00+00:00
[2025-12-05T01:00:56.638+0000] {processor.py:178} INFO - Processing /home/airflow/.local/lib/python3.7/site-packages/airflow/example_dags/example_branch_operator.py took 0.071 seconds
[2025-12-05T01:01:27.083+0000] {processor.py:156} INFO - Started process (PID=6267) to work on /home/airflow/.local/lib/python3.7/site-packages/airflow/example_dags/example_branch_operator.py
[2025-12-05T01:01:27.083+0000] {processor.py:758} INFO - Processing file /home/airflow/.local/lib/python3.7/site-packages/airflow/example_dags/example_branch_operator.py for tasks to queue
[2025-12-05T01:01:27.084+0000] {logging_mixin.py:117} INFO - [2025-12-05T01:01:27.084+0000] {dagbag.py:525} INFO - Filling up the DagBag from /home/airflow/.local/lib/python3.7/site-packages/airflow/example_dags/example_branch_operator.py
[2025-12-05T01:01:27.093+0000] {processor.py:768} INFO - DAG(s) dict_keys(['example_branch_operator']) retrieved from /home/airflow/.local/lib/python3.7/site-packages/airflow/example_dags/example_branch_operator.py
[2025-12-05T01:01:27.111+0000] {logging_mixin.py:117} INFO - [2025-12-05T01:01:27.111+0000] {dag.py:2573} INFO - Sync 1 DAGs
[2025-12-05T01:01:27.124+0000] {logging_mixin.py:117} INFO - [2025-12-05T01:01:27.124+0000] {dag.py:3328} INFO - Setting next_dagrun for example_branch_operator to 2025-12-04T00:00:00+00:00, run_after=2025-12-05T00:00:00+00:00
[2025-12-05T01:01:27.137+0000] {processor.py:178} INFO - Processing /home/airflow/.local/lib/python3.7/site-packages/airflow/example_dags/example_branch_operator.py took 0.056 seconds
[2025-12-05T01:01:58.206+0000] {processor.py:156} INFO - Started process (PID=6468) to work on /home/airflow/.local/lib/python3.7/site-packages/airflow/example_dags/example_branch_operator.py
[2025-12-05T01:01:58.208+0000] {processor.py:758} INFO - Processing file /home/airflow/.local/lib/python3.7/site-packages/airflow/example_dags/example_branch_operator.py for tasks to queue
[2025-12-05T01:01:58.208+0000] {logging_mixin.py:117} INFO - [2025-12-05T01:01:58.208+0000] {dagbag.py:525} INFO - Filling up the DagBag from /home/airflow/.local/lib/python3.7/site-packages/airflow/example_dags/example_branch_operator.py
[2025-12-05T01:01:58.219+0000] {processor.py:768} INFO - DAG(s) dict_keys(['example_branch_operator']) retrieved from /home/airflow/.local/lib/python3.7/site-packages/airflow/example_dags/example_branch_operator.py
[2025-12-05T01:01:58.249+0000] {logging_mixin.py:117} INFO - [2025-12-05T01:01:58.249+0000] {dag.py:2573} INFO - Sync 1 DAGs
[2025-12-05T01:01:58.288+0000] {logging_mixin.py:117} INFO - [2025-12-05T01:01:58.288+0000] {dag.py:3328} INFO - Setting next_dagrun for example_branch_operator to 2025-12-04T00:00:00+00:00, run_after=2025-12-05T00:00:00+00:00
[2025-12-05T01:01:58.299+0000] {processor.py:178} INFO - Processing /home/airflow/.local/lib/python3.7/site-packages/airflow/example_dags/example_branch_operator.py took 0.096 seconds
[2025-12-05T01:02:29.069+0000] {processor.py:156} INFO - Started process (PID=6669) to work on /home/airflow/.local/lib/python3.7/site-packages/airflow/example_dags/example_branch_operator.py
[2025-12-05T01:02:29.070+0000] {processor.py:758} INFO - Processing file /home/airflow/.local/lib/python3.7/site-packages/airflow/example_dags/example_branch_operator.py for tasks to queue
[2025-12-05T01:02:29.071+0000] {logging_mixin.py:117} INFO - [2025-12-05T01:02:29.071+0000] {dagbag.py:525} INFO - Filling up the DagBag from /home/airflow/.local/lib/python3.7/site-packages/airflow/example_dags/example_branch_operator.py
[2025-12-05T01:02:29.080+0000] {processor.py:768} INFO - DAG(s) dict_keys(['example_branch_operator']) retrieved from /home/airflow/.local/lib/python3.7/site-packages/airflow/example_dags/example_branch_operator.py
[2025-12-05T01:02:29.101+0000] {logging_mixin.py:117} INFO - [2025-12-05T01:02:29.101+0000] {dag.py:2573} INFO - Sync 1 DAGs
[2025-12-05T01:02:29.112+0000] {logging_mixin.py:117} INFO - [2025-12-05T01:02:29.112+0000] {dag.py:3328} INFO - Setting next_dagrun for example_branch_operator to 2025-12-04T00:00:00+00:00, run_after=2025-12-05T00:00:00+00:00
[2025-12-05T01:02:29.120+0000] {processor.py:178} INFO - Processing /home/airflow/.local/lib/python3.7/site-packages/airflow/example_dags/example_branch_operator.py took 0.053 seconds
[2025-12-05T01:02:59.241+0000] {processor.py:156} INFO - Started process (PID=6870) to work on /home/airflow/.local/lib/python3.7/site-packages/airflow/example_dags/example_branch_operator.py
[2025-12-05T01:02:59.241+0000] {processor.py:758} INFO - Processing file /home/airflow/.local/lib/python3.7/site-packages/airflow/example_dags/example_branch_operator.py for tasks to queue
[2025-12-05T01:02:59.242+0000] {logging_mixin.py:117} INFO - [2025-12-05T01:02:59.241+0000] {dagbag.py:525} INFO - Filling up the DagBag from /home/airflow/.local/lib/python3.7/site-packages/airflow/example_dags/example_branch_operator.py
[2025-12-05T01:02:59.251+0000] {processor.py:768} INFO - DAG(s) dict_keys(['example_branch_operator']) retrieved from /home/airflow/.local/lib/python3.7/site-packages/airflow/example_dags/example_branch_operator.py
[2025-12-05T01:02:59.270+0000] {logging_mixin.py:117} INFO - [2025-12-05T01:02:59.270+0000] {dag.py:2573} INFO - Sync 1 DAGs
[2025-12-05T01:02:59.281+0000] {logging_mixin.py:117} INFO - [2025-12-05T01:02:59.281+0000] {dag.py:3328} INFO - Setting next_dagrun for example_branch_operator to 2025-12-04T00:00:00+00:00, run_after=2025-12-05T00:00:00+00:00
[2025-12-05T01:02:59.290+0000] {processor.py:178} INFO - Processing /home/airflow/.local/lib/python3.7/site-packages/airflow/example_dags/example_branch_operator.py took 0.051 seconds
[2025-12-05T01:03:30.219+0000] {processor.py:156} INFO - Started process (PID=7071) to work on /home/airflow/.local/lib/python3.7/site-packages/airflow/example_dags/example_branch_operator.py
[2025-12-05T01:03:30.220+0000] {processor.py:758} INFO - Processing file /home/airflow/.local/lib/python3.7/site-packages/airflow/example_dags/example_branch_operator.py for tasks to queue
[2025-12-05T01:03:30.220+0000] {logging_mixin.py:117} INFO - [2025-12-05T01:03:30.220+0000] {dagbag.py:525} INFO - Filling up the DagBag from /home/airflow/.local/lib/python3.7/site-packages/airflow/example_dags/example_branch_operator.py
[2025-12-05T01:03:30.230+0000] {processor.py:768} INFO - DAG(s) dict_keys(['example_branch_operator']) retrieved from /home/airflow/.local/lib/python3.7/site-packages/airflow/example_dags/example_branch_operator.py
[2025-12-05T01:03:30.254+0000] {logging_mixin.py:117} INFO - [2025-12-05T01:03:30.254+0000] {dag.py:2573} INFO - Sync 1 DAGs
[2025-12-05T01:03:30.267+0000] {logging_mixin.py:117} INFO - [2025-12-05T01:03:30.267+0000] {dag.py:3328} INFO - Setting next_dagrun for example_branch_operator to 2025-12-04T00:00:00+00:00, run_after=2025-12-05T00:00:00+00:00
[2025-12-05T01:03:30.276+0000] {processor.py:178} INFO - Processing /home/airflow/.local/lib/python3.7/site-packages/airflow/example_dags/example_branch_operator.py took 0.059 seconds
[2025-12-05T01:04:01.191+0000] {processor.py:156} INFO - Started process (PID=7271) to work on /home/airflow/.local/lib/python3.7/site-packages/airflow/example_dags/example_branch_operator.py
[2025-12-05T01:04:01.192+0000] {processor.py:758} INFO - Processing file /home/airflow/.local/lib/python3.7/site-packages/airflow/example_dags/example_branch_operator.py for tasks to queue
[2025-12-05T01:04:01.192+0000] {logging_mixin.py:117} INFO - [2025-12-05T01:04:01.192+0000] {dagbag.py:525} INFO - Filling up the DagBag from /home/airflow/.local/lib/python3.7/site-packages/airflow/example_dags/example_branch_operator.py
[2025-12-05T01:04:01.201+0000] {processor.py:768} INFO - DAG(s) dict_keys(['example_branch_operator']) retrieved from /home/airflow/.local/lib/python3.7/site-packages/airflow/example_dags/example_branch_operator.py
[2025-12-05T01:04:01.219+0000] {logging_mixin.py:117} INFO - [2025-12-05T01:04:01.219+0000] {dag.py:2573} INFO - Sync 1 DAGs
[2025-12-05T01:04:01.231+0000] {logging_mixin.py:117} INFO - [2025-12-05T01:04:01.231+0000] {dag.py:3328} INFO - Setting next_dagrun for example_branch_operator to 2025-12-04T00:00:00+00:00, run_after=2025-12-05T00:00:00+00:00
[2025-12-05T01:04:01.239+0000] {processor.py:178} INFO - Processing /home/airflow/.local/lib/python3.7/site-packages/airflow/example_dags/example_branch_operator.py took 0.050 seconds
[2025-12-05T01:04:31.913+0000] {processor.py:156} INFO - Started process (PID=7472) to work on /home/airflow/.local/lib/python3.7/site-packages/airflow/example_dags/example_branch_operator.py
[2025-12-05T01:04:31.916+0000] {processor.py:758} INFO - Processing file /home/airflow/.local/lib/python3.7/site-packages/airflow/example_dags/example_branch_operator.py for tasks to queue
[2025-12-05T01:04:31.917+0000] {logging_mixin.py:117} INFO - [2025-12-05T01:04:31.917+0000] {dagbag.py:525} INFO - Filling up the DagBag from /home/airflow/.local/lib/python3.7/site-packages/airflow/example_dags/example_branch_operator.py
[2025-12-05T01:04:31.925+0000] {processor.py:768} INFO - DAG(s) dict_keys(['example_branch_operator']) retrieved from /home/airflow/.local/lib/python3.7/site-packages/airflow/example_dags/example_branch_operator.py
[2025-12-05T01:04:31.944+0000] {logging_mixin.py:117} INFO - [2025-12-05T01:04:31.944+0000] {dag.py:2573} INFO - Sync 1 DAGs
[2025-12-05T01:04:31.956+0000] {logging_mixin.py:117} INFO - [2025-12-05T01:04:31.956+0000] {dag.py:3328} INFO - Setting next_dagrun for example_branch_operator to 2025-12-04T00:00:00+00:00, run_after=2025-12-05T00:00:00+00:00
[2025-12-05T01:04:31.964+0000] {processor.py:178} INFO - Processing /home/airflow/.local/lib/python3.7/site-packages/airflow/example_dags/example_branch_operator.py took 0.053 seconds
[2025-12-05T01:05:02.650+0000] {processor.py:156} INFO - Started process (PID=7673) to work on /home/airflow/.local/lib/python3.7/site-packages/airflow/example_dags/example_branch_operator.py
[2025-12-05T01:05:02.650+0000] {processor.py:758} INFO - Processing file /home/airflow/.local/lib/python3.7/site-packages/airflow/example_dags/example_branch_operator.py for tasks to queue
[2025-12-05T01:05:02.650+0000] {logging_mixin.py:117} INFO - [2025-12-05T01:05:02.650+0000] {dagbag.py:525} INFO - Filling up the DagBag from /home/airflow/.local/lib/python3.7/site-packages/airflow/example_dags/example_branch_operator.py
[2025-12-05T01:05:02.659+0000] {processor.py:768} INFO - DAG(s) dict_keys(['example_branch_operator']) retrieved from /home/airflow/.local/lib/python3.7/site-packages/airflow/example_dags/example_branch_operator.py
[2025-12-05T01:05:02.677+0000] {logging_mixin.py:117} INFO - [2025-12-05T01:05:02.677+0000] {dag.py:2573} INFO - Sync 1 DAGs
[2025-12-05T01:05:02.688+0000] {logging_mixin.py:117} INFO - [2025-12-05T01:05:02.688+0000] {dag.py:3328} INFO - Setting next_dagrun for example_branch_operator to 2025-12-04T00:00:00+00:00, run_after=2025-12-05T00:00:00+00:00
[2025-12-05T01:05:02.699+0000] {processor.py:178} INFO - Processing /home/airflow/.local/lib/python3.7/site-packages/airflow/example_dags/example_branch_operator.py took 0.051 seconds
[2025-12-05T01:05:33.472+0000] {processor.py:156} INFO - Started process (PID=7874) to work on /home/airflow/.local/lib/python3.7/site-packages/airflow/example_dags/example_branch_operator.py
[2025-12-05T01:05:33.473+0000] {processor.py:758} INFO - Processing file /home/airflow/.local/lib/python3.7/site-packages/airflow/example_dags/example_branch_operator.py for tasks to queue
[2025-12-05T01:05:33.473+0000] {logging_mixin.py:117} INFO - [2025-12-05T01:05:33.473+0000] {dagbag.py:525} INFO - Filling up the DagBag from /home/airflow/.local/lib/python3.7/site-packages/airflow/example_dags/example_branch_operator.py
[2025-12-05T01:05:33.482+0000] {processor.py:768} INFO - DAG(s) dict_keys(['example_branch_operator']) retrieved from /home/airflow/.local/lib/python3.7/site-packages/airflow/example_dags/example_branch_operator.py
[2025-12-05T01:05:33.500+0000] {logging_mixin.py:117} INFO - [2025-12-05T01:05:33.500+0000] {dag.py:2573} INFO - Sync 1 DAGs
[2025-12-05T01:05:33.510+0000] {logging_mixin.py:117} INFO - [2025-12-05T01:05:33.510+0000] {dag.py:3328} INFO - Setting next_dagrun for example_branch_operator to 2025-12-04T00:00:00+00:00, run_after=2025-12-05T00:00:00+00:00
[2025-12-05T01:05:33.518+0000] {processor.py:178} INFO - Processing /home/airflow/.local/lib/python3.7/site-packages/airflow/example_dags/example_branch_operator.py took 0.049 seconds
[2025-12-05T01:06:04.476+0000] {processor.py:156} INFO - Started process (PID=8075) to work on /home/airflow/.local/lib/python3.7/site-packages/airflow/example_dags/example_branch_operator.py
[2025-12-05T01:06:04.476+0000] {processor.py:758} INFO - Processing file /home/airflow/.local/lib/python3.7/site-packages/airflow/example_dags/example_branch_operator.py for tasks to queue
[2025-12-05T01:06:04.477+0000] {logging_mixin.py:117} INFO - [2025-12-05T01:06:04.477+0000] {dagbag.py:525} INFO - Filling up the DagBag from /home/airflow/.local/lib/python3.7/site-packages/airflow/example_dags/example_branch_operator.py
[2025-12-05T01:06:04.486+0000] {processor.py:768} INFO - DAG(s) dict_keys(['example_branch_operator']) retrieved from /home/airflow/.local/lib/python3.7/site-packages/airflow/example_dags/example_branch_operator.py
[2025-12-05T01:06:04.505+0000] {logging_mixin.py:117} INFO - [2025-12-05T01:06:04.505+0000] {dag.py:2573} INFO - Sync 1 DAGs
[2025-12-05T01:06:04.521+0000] {logging_mixin.py:117} INFO - [2025-12-05T01:06:04.521+0000] {dag.py:3328} INFO - Setting next_dagrun for example_branch_operator to 2025-12-04T00:00:00+00:00, run_after=2025-12-05T00:00:00+00:00
[2025-12-05T01:06:04.539+0000] {processor.py:178} INFO - Processing /home/airflow/.local/lib/python3.7/site-packages/airflow/example_dags/example_branch_operator.py took 0.064 seconds
[2025-12-05T01:06:35.728+0000] {processor.py:156} INFO - Started process (PID=8276) to work on /home/airflow/.local/lib/python3.7/site-packages/airflow/example_dags/example_branch_operator.py
[2025-12-05T01:06:35.730+0000] {processor.py:758} INFO - Processing file /home/airflow/.local/lib/python3.7/site-packages/airflow/example_dags/example_branch_operator.py for tasks to queue
[2025-12-05T01:06:35.731+0000] {logging_mixin.py:117} INFO - [2025-12-05T01:06:35.731+0000] {dagbag.py:525} INFO - Filling up the DagBag from /home/airflow/.local/lib/python3.7/site-packages/airflow/example_dags/example_branch_operator.py
[2025-12-05T01:06:35.757+0000] {processor.py:768} INFO - DAG(s) dict_keys(['example_branch_operator']) retrieved from /home/airflow/.local/lib/python3.7/site-packages/airflow/example_dags/example_branch_operator.py
[2025-12-05T01:06:35.790+0000] {logging_mixin.py:117} INFO - [2025-12-05T01:06:35.790+0000] {dag.py:2573} INFO - Sync 1 DAGs
[2025-12-05T01:06:35.804+0000] {logging_mixin.py:117} INFO - [2025-12-05T01:06:35.803+0000] {dag.py:3328} INFO - Setting next_dagrun for example_branch_operator to 2025-12-04T00:00:00+00:00, run_after=2025-12-05T00:00:00+00:00
[2025-12-05T01:06:35.824+0000] {processor.py:178} INFO - Processing /home/airflow/.local/lib/python3.7/site-packages/airflow/example_dags/example_branch_operator.py took 0.100 seconds
[2025-12-05T01:07:06.279+0000] {processor.py:156} INFO - Started process (PID=8477) to work on /home/airflow/.local/lib/python3.7/site-packages/airflow/example_dags/example_branch_operator.py
[2025-12-05T01:07:06.280+0000] {processor.py:758} INFO - Processing file /home/airflow/.local/lib/python3.7/site-packages/airflow/example_dags/example_branch_operator.py for tasks to queue
[2025-12-05T01:07:06.281+0000] {logging_mixin.py:117} INFO - [2025-12-05T01:07:06.281+0000] {dagbag.py:525} INFO - Filling up the DagBag from /home/airflow/.local/lib/python3.7/site-packages/airflow/example_dags/example_branch_operator.py
[2025-12-05T01:07:06.291+0000] {processor.py:768} INFO - DAG(s) dict_keys(['example_branch_operator']) retrieved from /home/airflow/.local/lib/python3.7/site-packages/airflow/example_dags/example_branch_operator.py
[2025-12-05T01:07:06.322+0000] {logging_mixin.py:117} INFO - [2025-12-05T01:07:06.322+0000] {dag.py:2573} INFO - Sync 1 DAGs
[2025-12-05T01:07:06.334+0000] {logging_mixin.py:117} INFO - [2025-12-05T01:07:06.334+0000] {dag.py:3328} INFO - Setting next_dagrun for example_branch_operator to 2025-12-04T00:00:00+00:00, run_after=2025-12-05T00:00:00+00:00
[2025-12-05T01:07:06.342+0000] {processor.py:178} INFO - Processing /home/airflow/.local/lib/python3.7/site-packages/airflow/example_dags/example_branch_operator.py took 0.068 seconds
[2025-12-05T01:07:36.422+0000] {processor.py:156} INFO - Started process (PID=8678) to work on /home/airflow/.local/lib/python3.7/site-packages/airflow/example_dags/example_branch_operator.py
[2025-12-05T01:07:36.422+0000] {processor.py:758} INFO - Processing file /home/airflow/.local/lib/python3.7/site-packages/airflow/example_dags/example_branch_operator.py for tasks to queue
[2025-12-05T01:07:36.423+0000] {logging_mixin.py:117} INFO - [2025-12-05T01:07:36.423+0000] {dagbag.py:525} INFO - Filling up the DagBag from /home/airflow/.local/lib/python3.7/site-packages/airflow/example_dags/example_branch_operator.py
[2025-12-05T01:07:36.434+0000] {processor.py:768} INFO - DAG(s) dict_keys(['example_branch_operator']) retrieved from /home/airflow/.local/lib/python3.7/site-packages/airflow/example_dags/example_branch_operator.py
[2025-12-05T01:07:36.455+0000] {logging_mixin.py:117} INFO - [2025-12-05T01:07:36.455+0000] {dag.py:2573} INFO - Sync 1 DAGs
[2025-12-05T01:07:36.469+0000] {logging_mixin.py:117} INFO - [2025-12-05T01:07:36.469+0000] {dag.py:3328} INFO - Setting next_dagrun for example_branch_operator to 2025-12-04T00:00:00+00:00, run_after=2025-12-05T00:00:00+00:00
[2025-12-05T01:07:36.485+0000] {processor.py:178} INFO - Processing /home/airflow/.local/lib/python3.7/site-packages/airflow/example_dags/example_branch_operator.py took 0.067 seconds
[2025-12-05T01:08:06.746+0000] {processor.py:156} INFO - Started process (PID=8879) to work on /home/airflow/.local/lib/python3.7/site-packages/airflow/example_dags/example_branch_operator.py
[2025-12-05T01:08:06.747+0000] {processor.py:758} INFO - Processing file /home/airflow/.local/lib/python3.7/site-packages/airflow/example_dags/example_branch_operator.py for tasks to queue
[2025-12-05T01:08:06.748+0000] {logging_mixin.py:117} INFO - [2025-12-05T01:08:06.748+0000] {dagbag.py:525} INFO - Filling up the DagBag from /home/airflow/.local/lib/python3.7/site-packages/airflow/example_dags/example_branch_operator.py
[2025-12-05T01:08:06.756+0000] {processor.py:768} INFO - DAG(s) dict_keys(['example_branch_operator']) retrieved from /home/airflow/.local/lib/python3.7/site-packages/airflow/example_dags/example_branch_operator.py
[2025-12-05T01:08:06.778+0000] {logging_mixin.py:117} INFO - [2025-12-05T01:08:06.778+0000] {dag.py:2573} INFO - Sync 1 DAGs
[2025-12-05T01:08:06.792+0000] {logging_mixin.py:117} INFO - [2025-12-05T01:08:06.792+0000] {dag.py:3328} INFO - Setting next_dagrun for example_branch_operator to 2025-12-04T00:00:00+00:00, run_after=2025-12-05T00:00:00+00:00
[2025-12-05T01:08:06.806+0000] {processor.py:178} INFO - Processing /home/airflow/.local/lib/python3.7/site-packages/airflow/example_dags/example_branch_operator.py took 0.061 seconds
[2025-12-05T01:08:37.163+0000] {processor.py:156} INFO - Started process (PID=9080) to work on /home/airflow/.local/lib/python3.7/site-packages/airflow/example_dags/example_branch_operator.py
[2025-12-05T01:08:37.163+0000] {processor.py:758} INFO - Processing file /home/airflow/.local/lib/python3.7/site-packages/airflow/example_dags/example_branch_operator.py for tasks to queue
[2025-12-05T01:08:37.165+0000] {logging_mixin.py:117} INFO - [2025-12-05T01:08:37.165+0000] {dagbag.py:525} INFO - Filling up the DagBag from /home/airflow/.local/lib/python3.7/site-packages/airflow/example_dags/example_branch_operator.py
[2025-12-05T01:08:37.173+0000] {processor.py:768} INFO - DAG(s) dict_keys(['example_branch_operator']) retrieved from /home/airflow/.local/lib/python3.7/site-packages/airflow/example_dags/example_branch_operator.py
[2025-12-05T01:08:37.196+0000] {logging_mixin.py:117} INFO - [2025-12-05T01:08:37.196+0000] {dag.py:2573} INFO - Sync 1 DAGs
[2025-12-05T01:08:37.209+0000] {logging_mixin.py:117} INFO - [2025-12-05T01:08:37.209+0000] {dag.py:3328} INFO - Setting next_dagrun for example_branch_operator to 2025-12-04T00:00:00+00:00, run_after=2025-12-05T00:00:00+00:00
[2025-12-05T01:08:37.223+0000] {processor.py:178} INFO - Processing /home/airflow/.local/lib/python3.7/site-packages/airflow/example_dags/example_branch_operator.py took 0.063 seconds
[2025-12-05T01:09:07.358+0000] {processor.py:156} INFO - Started process (PID=9281) to work on /home/airflow/.local/lib/python3.7/site-packages/airflow/example_dags/example_branch_operator.py
[2025-12-05T01:09:07.358+0000] {processor.py:758} INFO - Processing file /home/airflow/.local/lib/python3.7/site-packages/airflow/example_dags/example_branch_operator.py for tasks to queue
[2025-12-05T01:09:07.359+0000] {logging_mixin.py:117} INFO - [2025-12-05T01:09:07.359+0000] {dagbag.py:525} INFO - Filling up the DagBag from /home/airflow/.local/lib/python3.7/site-packages/airflow/example_dags/example_branch_operator.py
[2025-12-05T01:09:07.368+0000] {processor.py:768} INFO - DAG(s) dict_keys(['example_branch_operator']) retrieved from /home/airflow/.local/lib/python3.7/site-packages/airflow/example_dags/example_branch_operator.py
[2025-12-05T01:09:07.392+0000] {logging_mixin.py:117} INFO - [2025-12-05T01:09:07.392+0000] {dag.py:2573} INFO - Sync 1 DAGs
[2025-12-05T01:09:07.407+0000] {logging_mixin.py:117} INFO - [2025-12-05T01:09:07.407+0000] {dag.py:3328} INFO - Setting next_dagrun for example_branch_operator to 2025-12-04T00:00:00+00:00, run_after=2025-12-05T00:00:00+00:00
[2025-12-05T01:09:07.418+0000] {processor.py:178} INFO - Processing /home/airflow/.local/lib/python3.7/site-packages/airflow/example_dags/example_branch_operator.py took 0.062 seconds
[2025-12-05T01:09:37.593+0000] {processor.py:156} INFO - Started process (PID=9482) to work on /home/airflow/.local/lib/python3.7/site-packages/airflow/example_dags/example_branch_operator.py
[2025-12-05T01:09:37.594+0000] {processor.py:758} INFO - Processing file /home/airflow/.local/lib/python3.7/site-packages/airflow/example_dags/example_branch_operator.py for tasks to queue
[2025-12-05T01:09:37.594+0000] {logging_mixin.py:117} INFO - [2025-12-05T01:09:37.594+0000] {dagbag.py:525} INFO - Filling up the DagBag from /home/airflow/.local/lib/python3.7/site-packages/airflow/example_dags/example_branch_operator.py
[2025-12-05T01:09:37.603+0000] {processor.py:768} INFO - DAG(s) dict_keys(['example_branch_operator']) retrieved from /home/airflow/.local/lib/python3.7/site-packages/airflow/example_dags/example_branch_operator.py
[2025-12-05T01:09:37.625+0000] {logging_mixin.py:117} INFO - [2025-12-05T01:09:37.625+0000] {dag.py:2573} INFO - Sync 1 DAGs
[2025-12-05T01:09:37.640+0000] {logging_mixin.py:117} INFO - [2025-12-05T01:09:37.640+0000] {dag.py:3328} INFO - Setting next_dagrun for example_branch_operator to 2025-12-04T00:00:00+00:00, run_after=2025-12-05T00:00:00+00:00
[2025-12-05T01:09:37.650+0000] {processor.py:178} INFO - Processing /home/airflow/.local/lib/python3.7/site-packages/airflow/example_dags/example_branch_operator.py took 0.059 seconds
[2025-12-05T01:10:08.695+0000] {processor.py:156} INFO - Started process (PID=9683) to work on /home/airflow/.local/lib/python3.7/site-packages/airflow/example_dags/example_branch_operator.py
[2025-12-05T01:10:08.696+0000] {processor.py:758} INFO - Processing file /home/airflow/.local/lib/python3.7/site-packages/airflow/example_dags/example_branch_operator.py for tasks to queue
[2025-12-05T01:10:08.697+0000] {logging_mixin.py:117} INFO - [2025-12-05T01:10:08.696+0000] {dagbag.py:525} INFO - Filling up the DagBag from /home/airflow/.local/lib/python3.7/site-packages/airflow/example_dags/example_branch_operator.py
[2025-12-05T01:10:08.707+0000] {processor.py:768} INFO - DAG(s) dict_keys(['example_branch_operator']) retrieved from /home/airflow/.local/lib/python3.7/site-packages/airflow/example_dags/example_branch_operator.py
[2025-12-05T01:10:08.731+0000] {logging_mixin.py:117} INFO - [2025-12-05T01:10:08.731+0000] {dag.py:2573} INFO - Sync 1 DAGs
[2025-12-05T01:10:08.744+0000] {logging_mixin.py:117} INFO - [2025-12-05T01:10:08.744+0000] {dag.py:3328} INFO - Setting next_dagrun for example_branch_operator to 2025-12-04T00:00:00+00:00, run_after=2025-12-05T00:00:00+00:00
[2025-12-05T01:10:08.757+0000] {processor.py:178} INFO - Processing /home/airflow/.local/lib/python3.7/site-packages/airflow/example_dags/example_branch_operator.py took 0.063 seconds
[2025-12-05T01:10:39.635+0000] {processor.py:156} INFO - Started process (PID=9884) to work on /home/airflow/.local/lib/python3.7/site-packages/airflow/example_dags/example_branch_operator.py
[2025-12-05T01:10:39.639+0000] {processor.py:758} INFO - Processing file /home/airflow/.local/lib/python3.7/site-packages/airflow/example_dags/example_branch_operator.py for tasks to queue
[2025-12-05T01:10:39.639+0000] {logging_mixin.py:117} INFO - [2025-12-05T01:10:39.639+0000] {dagbag.py:525} INFO - Filling up the DagBag from /home/airflow/.local/lib/python3.7/site-packages/airflow/example_dags/example_branch_operator.py
[2025-12-05T01:10:39.648+0000] {processor.py:768} INFO - DAG(s) dict_keys(['example_branch_operator']) retrieved from /home/airflow/.local/lib/python3.7/site-packages/airflow/example_dags/example_branch_operator.py
[2025-12-05T01:10:39.671+0000] {logging_mixin.py:117} INFO - [2025-12-05T01:10:39.671+0000] {dag.py:2573} INFO - Sync 1 DAGs
[2025-12-05T01:10:39.683+0000] {logging_mixin.py:117} INFO - [2025-12-05T01:10:39.683+0000] {dag.py:3328} INFO - Setting next_dagrun for example_branch_operator to 2025-12-04T00:00:00+00:00, run_after=2025-12-05T00:00:00+00:00
[2025-12-05T01:10:39.696+0000] {processor.py:178} INFO - Processing /home/airflow/.local/lib/python3.7/site-packages/airflow/example_dags/example_branch_operator.py took 0.062 seconds
[2025-12-05T01:11:10.481+0000] {processor.py:156} INFO - Started process (PID=10092) to work on /home/airflow/.local/lib/python3.7/site-packages/airflow/example_dags/example_branch_operator.py
[2025-12-05T01:11:10.484+0000] {processor.py:758} INFO - Processing file /home/airflow/.local/lib/python3.7/site-packages/airflow/example_dags/example_branch_operator.py for tasks to queue
[2025-12-05T01:11:10.484+0000] {logging_mixin.py:117} INFO - [2025-12-05T01:11:10.484+0000] {dagbag.py:525} INFO - Filling up the DagBag from /home/airflow/.local/lib/python3.7/site-packages/airflow/example_dags/example_branch_operator.py
[2025-12-05T01:11:10.495+0000] {processor.py:768} INFO - DAG(s) dict_keys(['example_branch_operator']) retrieved from /home/airflow/.local/lib/python3.7/site-packages/airflow/example_dags/example_branch_operator.py
[2025-12-05T01:11:10.520+0000] {logging_mixin.py:117} INFO - [2025-12-05T01:11:10.520+0000] {dag.py:2573} INFO - Sync 1 DAGs
[2025-12-05T01:11:10.533+0000] {logging_mixin.py:117} INFO - [2025-12-05T01:11:10.533+0000] {dag.py:3328} INFO - Setting next_dagrun for example_branch_operator to 2025-12-04T00:00:00+00:00, run_after=2025-12-05T00:00:00+00:00
[2025-12-05T01:11:10.547+0000] {processor.py:178} INFO - Processing /home/airflow/.local/lib/python3.7/site-packages/airflow/example_dags/example_branch_operator.py took 0.068 seconds
[2025-12-05T01:11:41.290+0000] {processor.py:156} INFO - Started process (PID=10292) to work on /home/airflow/.local/lib/python3.7/site-packages/airflow/example_dags/example_branch_operator.py
[2025-12-05T01:11:41.291+0000] {processor.py:758} INFO - Processing file /home/airflow/.local/lib/python3.7/site-packages/airflow/example_dags/example_branch_operator.py for tasks to queue
[2025-12-05T01:11:41.292+0000] {logging_mixin.py:117} INFO - [2025-12-05T01:11:41.291+0000] {dagbag.py:525} INFO - Filling up the DagBag from /home/airflow/.local/lib/python3.7/site-packages/airflow/example_dags/example_branch_operator.py
[2025-12-05T01:11:41.300+0000] {processor.py:768} INFO - DAG(s) dict_keys(['example_branch_operator']) retrieved from /home/airflow/.local/lib/python3.7/site-packages/airflow/example_dags/example_branch_operator.py
[2025-12-05T01:11:41.323+0000] {logging_mixin.py:117} INFO - [2025-12-05T01:11:41.323+0000] {dag.py:2573} INFO - Sync 1 DAGs
[2025-12-05T01:11:41.336+0000] {logging_mixin.py:117} INFO - [2025-12-05T01:11:41.335+0000] {dag.py:3328} INFO - Setting next_dagrun for example_branch_operator to 2025-12-04T00:00:00+00:00, run_after=2025-12-05T00:00:00+00:00
[2025-12-05T01:11:41.347+0000] {processor.py:178} INFO - Processing /home/airflow/.local/lib/python3.7/site-packages/airflow/example_dags/example_branch_operator.py took 0.060 seconds
[2025-12-05T01:12:12.587+0000] {processor.py:156} INFO - Started process (PID=10492) to work on /home/airflow/.local/lib/python3.7/site-packages/airflow/example_dags/example_branch_operator.py
[2025-12-05T01:12:12.588+0000] {processor.py:758} INFO - Processing file /home/airflow/.local/lib/python3.7/site-packages/airflow/example_dags/example_branch_operator.py for tasks to queue
[2025-12-05T01:12:12.591+0000] {logging_mixin.py:117} INFO - [2025-12-05T01:12:12.591+0000] {dagbag.py:525} INFO - Filling up the DagBag from /home/airflow/.local/lib/python3.7/site-packages/airflow/example_dags/example_branch_operator.py
[2025-12-05T01:12:12.602+0000] {processor.py:768} INFO - DAG(s) dict_keys(['example_branch_operator']) retrieved from /home/airflow/.local/lib/python3.7/site-packages/airflow/example_dags/example_branch_operator.py
[2025-12-05T01:12:12.630+0000] {logging_mixin.py:117} INFO - [2025-12-05T01:12:12.630+0000] {dag.py:2573} INFO - Sync 1 DAGs
[2025-12-05T01:12:12.646+0000] {logging_mixin.py:117} INFO - [2025-12-05T01:12:12.646+0000] {dag.py:3328} INFO - Setting next_dagrun for example_branch_operator to 2025-12-04T00:00:00+00:00, run_after=2025-12-05T00:00:00+00:00
[2025-12-05T01:12:12.658+0000] {processor.py:178} INFO - Processing /home/airflow/.local/lib/python3.7/site-packages/airflow/example_dags/example_branch_operator.py took 0.074 seconds
[2025-12-05T01:12:42.731+0000] {processor.py:156} INFO - Started process (PID=10695) to work on /home/airflow/.local/lib/python3.7/site-packages/airflow/example_dags/example_branch_operator.py
[2025-12-05T01:12:42.731+0000] {processor.py:758} INFO - Processing file /home/airflow/.local/lib/python3.7/site-packages/airflow/example_dags/example_branch_operator.py for tasks to queue
[2025-12-05T01:12:42.732+0000] {logging_mixin.py:117} INFO - [2025-12-05T01:12:42.731+0000] {dagbag.py:525} INFO - Filling up the DagBag from /home/airflow/.local/lib/python3.7/site-packages/airflow/example_dags/example_branch_operator.py
[2025-12-05T01:12:42.740+0000] {processor.py:768} INFO - DAG(s) dict_keys(['example_branch_operator']) retrieved from /home/airflow/.local/lib/python3.7/site-packages/airflow/example_dags/example_branch_operator.py
[2025-12-05T01:12:42.762+0000] {logging_mixin.py:117} INFO - [2025-12-05T01:12:42.762+0000] {dag.py:2573} INFO - Sync 1 DAGs
[2025-12-05T01:12:42.776+0000] {logging_mixin.py:117} INFO - [2025-12-05T01:12:42.776+0000] {dag.py:3328} INFO - Setting next_dagrun for example_branch_operator to 2025-12-04T00:00:00+00:00, run_after=2025-12-05T00:00:00+00:00
[2025-12-05T01:12:42.787+0000] {processor.py:178} INFO - Processing /home/airflow/.local/lib/python3.7/site-packages/airflow/example_dags/example_branch_operator.py took 0.058 seconds
[2025-12-05T01:13:13.864+0000] {processor.py:156} INFO - Started process (PID=10894) to work on /home/airflow/.local/lib/python3.7/site-packages/airflow/example_dags/example_branch_operator.py
[2025-12-05T01:13:13.865+0000] {processor.py:758} INFO - Processing file /home/airflow/.local/lib/python3.7/site-packages/airflow/example_dags/example_branch_operator.py for tasks to queue
[2025-12-05T01:13:13.866+0000] {logging_mixin.py:117} INFO - [2025-12-05T01:13:13.865+0000] {dagbag.py:525} INFO - Filling up the DagBag from /home/airflow/.local/lib/python3.7/site-packages/airflow/example_dags/example_branch_operator.py
[2025-12-05T01:13:13.874+0000] {processor.py:768} INFO - DAG(s) dict_keys(['example_branch_operator']) retrieved from /home/airflow/.local/lib/python3.7/site-packages/airflow/example_dags/example_branch_operator.py
[2025-12-05T01:13:13.899+0000] {logging_mixin.py:117} INFO - [2025-12-05T01:13:13.899+0000] {dag.py:2573} INFO - Sync 1 DAGs
[2025-12-05T01:13:13.912+0000] {logging_mixin.py:117} INFO - [2025-12-05T01:13:13.912+0000] {dag.py:3328} INFO - Setting next_dagrun for example_branch_operator to 2025-12-04T00:00:00+00:00, run_after=2025-12-05T00:00:00+00:00
[2025-12-05T01:13:13.921+0000] {processor.py:178} INFO - Processing /home/airflow/.local/lib/python3.7/site-packages/airflow/example_dags/example_branch_operator.py took 0.061 seconds
[2025-12-05T01:13:44.327+0000] {processor.py:156} INFO - Started process (PID=11095) to work on /home/airflow/.local/lib/python3.7/site-packages/airflow/example_dags/example_branch_operator.py
[2025-12-05T01:13:44.328+0000] {processor.py:758} INFO - Processing file /home/airflow/.local/lib/python3.7/site-packages/airflow/example_dags/example_branch_operator.py for tasks to queue
[2025-12-05T01:13:44.329+0000] {logging_mixin.py:117} INFO - [2025-12-05T01:13:44.329+0000] {dagbag.py:525} INFO - Filling up the DagBag from /home/airflow/.local/lib/python3.7/site-packages/airflow/example_dags/example_branch_operator.py
[2025-12-05T01:13:44.339+0000] {processor.py:768} INFO - DAG(s) dict_keys(['example_branch_operator']) retrieved from /home/airflow/.local/lib/python3.7/site-packages/airflow/example_dags/example_branch_operator.py
[2025-12-05T01:13:44.363+0000] {logging_mixin.py:117} INFO - [2025-12-05T01:13:44.363+0000] {dag.py:2573} INFO - Sync 1 DAGs
[2025-12-05T01:13:44.377+0000] {logging_mixin.py:117} INFO - [2025-12-05T01:13:44.377+0000] {dag.py:3328} INFO - Setting next_dagrun for example_branch_operator to 2025-12-04T00:00:00+00:00, run_after=2025-12-05T00:00:00+00:00
[2025-12-05T01:13:44.390+0000] {processor.py:178} INFO - Processing /home/airflow/.local/lib/python3.7/site-packages/airflow/example_dags/example_branch_operator.py took 0.065 seconds
[2025-12-05T01:14:14.909+0000] {processor.py:156} INFO - Started process (PID=11296) to work on /home/airflow/.local/lib/python3.7/site-packages/airflow/example_dags/example_branch_operator.py
[2025-12-05T01:14:14.915+0000] {processor.py:758} INFO - Processing file /home/airflow/.local/lib/python3.7/site-packages/airflow/example_dags/example_branch_operator.py for tasks to queue
[2025-12-05T01:14:14.915+0000] {logging_mixin.py:117} INFO - [2025-12-05T01:14:14.915+0000] {dagbag.py:525} INFO - Filling up the DagBag from /home/airflow/.local/lib/python3.7/site-packages/airflow/example_dags/example_branch_operator.py
[2025-12-05T01:14:14.927+0000] {processor.py:768} INFO - DAG(s) dict_keys(['example_branch_operator']) retrieved from /home/airflow/.local/lib/python3.7/site-packages/airflow/example_dags/example_branch_operator.py
[2025-12-05T01:14:14.956+0000] {logging_mixin.py:117} INFO - [2025-12-05T01:14:14.956+0000] {dag.py:2573} INFO - Sync 1 DAGs
[2025-12-05T01:14:14.969+0000] {logging_mixin.py:117} INFO - [2025-12-05T01:14:14.969+0000] {dag.py:3328} INFO - Setting next_dagrun for example_branch_operator to 2025-12-04T00:00:00+00:00, run_after=2025-12-05T00:00:00+00:00
[2025-12-05T01:14:14.983+0000] {processor.py:178} INFO - Processing /home/airflow/.local/lib/python3.7/site-packages/airflow/example_dags/example_branch_operator.py took 0.080 seconds
[2025-12-05T01:14:45.111+0000] {processor.py:156} INFO - Started process (PID=11497) to work on /home/airflow/.local/lib/python3.7/site-packages/airflow/example_dags/example_branch_operator.py
[2025-12-05T01:14:45.115+0000] {processor.py:758} INFO - Processing file /home/airflow/.local/lib/python3.7/site-packages/airflow/example_dags/example_branch_operator.py for tasks to queue
[2025-12-05T01:14:45.118+0000] {logging_mixin.py:117} INFO - [2025-12-05T01:14:45.118+0000] {dagbag.py:525} INFO - Filling up the DagBag from /home/airflow/.local/lib/python3.7/site-packages/airflow/example_dags/example_branch_operator.py
[2025-12-05T01:14:45.131+0000] {processor.py:768} INFO - DAG(s) dict_keys(['example_branch_operator']) retrieved from /home/airflow/.local/lib/python3.7/site-packages/airflow/example_dags/example_branch_operator.py
[2025-12-05T01:14:45.158+0000] {logging_mixin.py:117} INFO - [2025-12-05T01:14:45.158+0000] {dag.py:2573} INFO - Sync 1 DAGs
[2025-12-05T01:14:45.177+0000] {logging_mixin.py:117} INFO - [2025-12-05T01:14:45.177+0000] {dag.py:3328} INFO - Setting next_dagrun for example_branch_operator to 2025-12-04T00:00:00+00:00, run_after=2025-12-05T00:00:00+00:00
[2025-12-05T01:14:45.189+0000] {processor.py:178} INFO - Processing /home/airflow/.local/lib/python3.7/site-packages/airflow/example_dags/example_branch_operator.py took 0.081 seconds
[2025-12-05T01:15:16.420+0000] {processor.py:156} INFO - Started process (PID=11699) to work on /home/airflow/.local/lib/python3.7/site-packages/airflow/example_dags/example_branch_operator.py
[2025-12-05T01:15:16.422+0000] {processor.py:758} INFO - Processing file /home/airflow/.local/lib/python3.7/site-packages/airflow/example_dags/example_branch_operator.py for tasks to queue
[2025-12-05T01:15:16.423+0000] {logging_mixin.py:117} INFO - [2025-12-05T01:15:16.423+0000] {dagbag.py:525} INFO - Filling up the DagBag from /home/airflow/.local/lib/python3.7/site-packages/airflow/example_dags/example_branch_operator.py
[2025-12-05T01:15:16.433+0000] {processor.py:768} INFO - DAG(s) dict_keys(['example_branch_operator']) retrieved from /home/airflow/.local/lib/python3.7/site-packages/airflow/example_dags/example_branch_operator.py
[2025-12-05T01:15:16.462+0000] {logging_mixin.py:117} INFO - [2025-12-05T01:15:16.461+0000] {dag.py:2573} INFO - Sync 1 DAGs
[2025-12-05T01:15:16.477+0000] {logging_mixin.py:117} INFO - [2025-12-05T01:15:16.477+0000] {dag.py:3328} INFO - Setting next_dagrun for example_branch_operator to 2025-12-04T00:00:00+00:00, run_after=2025-12-05T00:00:00+00:00
[2025-12-05T01:15:16.486+0000] {processor.py:178} INFO - Processing /home/airflow/.local/lib/python3.7/site-packages/airflow/example_dags/example_branch_operator.py took 0.070 seconds
[2025-12-05T01:15:46.792+0000] {processor.py:156} INFO - Started process (PID=11900) to work on /home/airflow/.local/lib/python3.7/site-packages/airflow/example_dags/example_branch_operator.py
[2025-12-05T01:15:46.794+0000] {processor.py:758} INFO - Processing file /home/airflow/.local/lib/python3.7/site-packages/airflow/example_dags/example_branch_operator.py for tasks to queue
[2025-12-05T01:15:46.794+0000] {logging_mixin.py:117} INFO - [2025-12-05T01:15:46.794+0000] {dagbag.py:525} INFO - Filling up the DagBag from /home/airflow/.local/lib/python3.7/site-packages/airflow/example_dags/example_branch_operator.py
[2025-12-05T01:15:46.802+0000] {processor.py:768} INFO - DAG(s) dict_keys(['example_branch_operator']) retrieved from /home/airflow/.local/lib/python3.7/site-packages/airflow/example_dags/example_branch_operator.py
[2025-12-05T01:15:46.824+0000] {logging_mixin.py:117} INFO - [2025-12-05T01:15:46.824+0000] {dag.py:2573} INFO - Sync 1 DAGs
[2025-12-05T01:15:46.864+0000] {logging_mixin.py:117} INFO - [2025-12-05T01:15:46.864+0000] {dag.py:3328} INFO - Setting next_dagrun for example_branch_operator to 2025-12-04T00:00:00+00:00, run_after=2025-12-05T00:00:00+00:00
[2025-12-05T01:15:46.894+0000] {processor.py:178} INFO - Processing /home/airflow/.local/lib/python3.7/site-packages/airflow/example_dags/example_branch_operator.py took 0.104 seconds
[2025-12-05T01:16:17.000+0000] {processor.py:156} INFO - Started process (PID=12106) to work on /home/airflow/.local/lib/python3.7/site-packages/airflow/example_dags/example_branch_operator.py
[2025-12-05T01:16:17.001+0000] {processor.py:758} INFO - Processing file /home/airflow/.local/lib/python3.7/site-packages/airflow/example_dags/example_branch_operator.py for tasks to queue
[2025-12-05T01:16:17.002+0000] {logging_mixin.py:117} INFO - [2025-12-05T01:16:17.002+0000] {dagbag.py:525} INFO - Filling up the DagBag from /home/airflow/.local/lib/python3.7/site-packages/airflow/example_dags/example_branch_operator.py
[2025-12-05T01:16:17.011+0000] {processor.py:768} INFO - DAG(s) dict_keys(['example_branch_operator']) retrieved from /home/airflow/.local/lib/python3.7/site-packages/airflow/example_dags/example_branch_operator.py
[2025-12-05T01:16:17.035+0000] {logging_mixin.py:117} INFO - [2025-12-05T01:16:17.035+0000] {dag.py:2573} INFO - Sync 1 DAGs
[2025-12-05T01:16:17.048+0000] {logging_mixin.py:117} INFO - [2025-12-05T01:16:17.048+0000] {dag.py:3328} INFO - Setting next_dagrun for example_branch_operator to 2025-12-04T00:00:00+00:00, run_after=2025-12-05T00:00:00+00:00
[2025-12-05T01:16:17.058+0000] {processor.py:178} INFO - Processing /home/airflow/.local/lib/python3.7/site-packages/airflow/example_dags/example_branch_operator.py took 0.060 seconds
[2025-12-05T01:16:47.438+0000] {processor.py:156} INFO - Started process (PID=12317) to work on /home/airflow/.local/lib/python3.7/site-packages/airflow/example_dags/example_branch_operator.py
[2025-12-05T01:16:47.439+0000] {processor.py:758} INFO - Processing file /home/airflow/.local/lib/python3.7/site-packages/airflow/example_dags/example_branch_operator.py for tasks to queue
[2025-12-05T01:16:47.439+0000] {logging_mixin.py:117} INFO - [2025-12-05T01:16:47.439+0000] {dagbag.py:525} INFO - Filling up the DagBag from /home/airflow/.local/lib/python3.7/site-packages/airflow/example_dags/example_branch_operator.py
[2025-12-05T01:16:47.448+0000] {processor.py:768} INFO - DAG(s) dict_keys(['example_branch_operator']) retrieved from /home/airflow/.local/lib/python3.7/site-packages/airflow/example_dags/example_branch_operator.py
[2025-12-05T01:16:47.468+0000] {logging_mixin.py:117} INFO - [2025-12-05T01:16:47.468+0000] {dag.py:2573} INFO - Sync 1 DAGs
[2025-12-05T01:16:47.480+0000] {logging_mixin.py:117} INFO - [2025-12-05T01:16:47.480+0000] {dag.py:3328} INFO - Setting next_dagrun for example_branch_operator to 2025-12-04T00:00:00+00:00, run_after=2025-12-05T00:00:00+00:00
[2025-12-05T01:16:47.490+0000] {processor.py:178} INFO - Processing /home/airflow/.local/lib/python3.7/site-packages/airflow/example_dags/example_branch_operator.py took 0.054 seconds
[2025-12-05T01:17:17.746+0000] {processor.py:156} INFO - Started process (PID=12523) to work on /home/airflow/.local/lib/python3.7/site-packages/airflow/example_dags/example_branch_operator.py
[2025-12-05T01:17:17.746+0000] {processor.py:758} INFO - Processing file /home/airflow/.local/lib/python3.7/site-packages/airflow/example_dags/example_branch_operator.py for tasks to queue
[2025-12-05T01:17:17.747+0000] {logging_mixin.py:117} INFO - [2025-12-05T01:17:17.747+0000] {dagbag.py:525} INFO - Filling up the DagBag from /home/airflow/.local/lib/python3.7/site-packages/airflow/example_dags/example_branch_operator.py
[2025-12-05T01:17:17.768+0000] {processor.py:768} INFO - DAG(s) dict_keys(['example_branch_operator']) retrieved from /home/airflow/.local/lib/python3.7/site-packages/airflow/example_dags/example_branch_operator.py
[2025-12-05T01:17:17.799+0000] {logging_mixin.py:117} INFO - [2025-12-05T01:17:17.799+0000] {dag.py:2573} INFO - Sync 1 DAGs
[2025-12-05T01:17:17.827+0000] {logging_mixin.py:117} INFO - [2025-12-05T01:17:17.827+0000] {dag.py:3328} INFO - Setting next_dagrun for example_branch_operator to 2025-12-04T00:00:00+00:00, run_after=2025-12-05T00:00:00+00:00
[2025-12-05T01:17:17.849+0000] {processor.py:178} INFO - Processing /home/airflow/.local/lib/python3.7/site-packages/airflow/example_dags/example_branch_operator.py took 0.106 seconds
[2025-12-05T01:17:48.159+0000] {processor.py:156} INFO - Started process (PID=12733) to work on /home/airflow/.local/lib/python3.7/site-packages/airflow/example_dags/example_branch_operator.py
[2025-12-05T01:17:48.159+0000] {processor.py:758} INFO - Processing file /home/airflow/.local/lib/python3.7/site-packages/airflow/example_dags/example_branch_operator.py for tasks to queue
[2025-12-05T01:17:48.160+0000] {logging_mixin.py:117} INFO - [2025-12-05T01:17:48.160+0000] {dagbag.py:525} INFO - Filling up the DagBag from /home/airflow/.local/lib/python3.7/site-packages/airflow/example_dags/example_branch_operator.py
[2025-12-05T01:17:48.169+0000] {processor.py:768} INFO - DAG(s) dict_keys(['example_branch_operator']) retrieved from /home/airflow/.local/lib/python3.7/site-packages/airflow/example_dags/example_branch_operator.py
[2025-12-05T01:17:48.188+0000] {logging_mixin.py:117} INFO - [2025-12-05T01:17:48.187+0000] {dag.py:2573} INFO - Sync 1 DAGs
[2025-12-05T01:17:48.200+0000] {logging_mixin.py:117} INFO - [2025-12-05T01:17:48.200+0000] {dag.py:3328} INFO - Setting next_dagrun for example_branch_operator to 2025-12-04T00:00:00+00:00, run_after=2025-12-05T00:00:00+00:00
[2025-12-05T01:17:48.213+0000] {processor.py:178} INFO - Processing /home/airflow/.local/lib/python3.7/site-packages/airflow/example_dags/example_branch_operator.py took 0.055 seconds
[2025-12-05T01:18:18.349+0000] {processor.py:156} INFO - Started process (PID=12939) to work on /home/airflow/.local/lib/python3.7/site-packages/airflow/example_dags/example_branch_operator.py
[2025-12-05T01:18:18.350+0000] {processor.py:758} INFO - Processing file /home/airflow/.local/lib/python3.7/site-packages/airflow/example_dags/example_branch_operator.py for tasks to queue
[2025-12-05T01:18:18.350+0000] {logging_mixin.py:117} INFO - [2025-12-05T01:18:18.350+0000] {dagbag.py:525} INFO - Filling up the DagBag from /home/airflow/.local/lib/python3.7/site-packages/airflow/example_dags/example_branch_operator.py
[2025-12-05T01:18:18.360+0000] {processor.py:768} INFO - DAG(s) dict_keys(['example_branch_operator']) retrieved from /home/airflow/.local/lib/python3.7/site-packages/airflow/example_dags/example_branch_operator.py
[2025-12-05T01:18:18.381+0000] {logging_mixin.py:117} INFO - [2025-12-05T01:18:18.381+0000] {dag.py:2573} INFO - Sync 1 DAGs
[2025-12-05T01:18:18.393+0000] {logging_mixin.py:117} INFO - [2025-12-05T01:18:18.393+0000] {dag.py:3328} INFO - Setting next_dagrun for example_branch_operator to 2025-12-04T00:00:00+00:00, run_after=2025-12-05T00:00:00+00:00
[2025-12-05T01:18:18.401+0000] {processor.py:178} INFO - Processing /home/airflow/.local/lib/python3.7/site-packages/airflow/example_dags/example_branch_operator.py took 0.054 seconds
[2025-12-05T01:18:48.719+0000] {processor.py:156} INFO - Started process (PID=13145) to work on /home/airflow/.local/lib/python3.7/site-packages/airflow/example_dags/example_branch_operator.py
[2025-12-05T01:18:48.720+0000] {processor.py:758} INFO - Processing file /home/airflow/.local/lib/python3.7/site-packages/airflow/example_dags/example_branch_operator.py for tasks to queue
[2025-12-05T01:18:48.720+0000] {logging_mixin.py:117} INFO - [2025-12-05T01:18:48.720+0000] {dagbag.py:525} INFO - Filling up the DagBag from /home/airflow/.local/lib/python3.7/site-packages/airflow/example_dags/example_branch_operator.py
[2025-12-05T01:18:48.729+0000] {processor.py:768} INFO - DAG(s) dict_keys(['example_branch_operator']) retrieved from /home/airflow/.local/lib/python3.7/site-packages/airflow/example_dags/example_branch_operator.py
[2025-12-05T01:18:48.749+0000] {logging_mixin.py:117} INFO - [2025-12-05T01:18:48.749+0000] {dag.py:2573} INFO - Sync 1 DAGs
[2025-12-05T01:18:48.764+0000] {logging_mixin.py:117} INFO - [2025-12-05T01:18:48.764+0000] {dag.py:3328} INFO - Setting next_dagrun for example_branch_operator to 2025-12-04T00:00:00+00:00, run_after=2025-12-05T00:00:00+00:00
[2025-12-05T01:18:48.773+0000] {processor.py:178} INFO - Processing /home/airflow/.local/lib/python3.7/site-packages/airflow/example_dags/example_branch_operator.py took 0.055 seconds
[2025-12-05T01:19:19.700+0000] {processor.py:156} INFO - Started process (PID=13351) to work on /home/airflow/.local/lib/python3.7/site-packages/airflow/example_dags/example_branch_operator.py
[2025-12-05T01:19:19.702+0000] {processor.py:758} INFO - Processing file /home/airflow/.local/lib/python3.7/site-packages/airflow/example_dags/example_branch_operator.py for tasks to queue
[2025-12-05T01:19:19.704+0000] {logging_mixin.py:117} INFO - [2025-12-05T01:19:19.704+0000] {dagbag.py:525} INFO - Filling up the DagBag from /home/airflow/.local/lib/python3.7/site-packages/airflow/example_dags/example_branch_operator.py
[2025-12-05T01:19:19.713+0000] {processor.py:768} INFO - DAG(s) dict_keys(['example_branch_operator']) retrieved from /home/airflow/.local/lib/python3.7/site-packages/airflow/example_dags/example_branch_operator.py
[2025-12-05T01:19:19.736+0000] {logging_mixin.py:117} INFO - [2025-12-05T01:19:19.736+0000] {dag.py:2573} INFO - Sync 1 DAGs
[2025-12-05T01:19:19.748+0000] {logging_mixin.py:117} INFO - [2025-12-05T01:19:19.748+0000] {dag.py:3328} INFO - Setting next_dagrun for example_branch_operator to 2025-12-04T00:00:00+00:00, run_after=2025-12-05T00:00:00+00:00
[2025-12-05T01:19:19.760+0000] {processor.py:178} INFO - Processing /home/airflow/.local/lib/python3.7/site-packages/airflow/example_dags/example_branch_operator.py took 0.062 seconds
[2025-12-05T01:19:50.564+0000] {processor.py:156} INFO - Started process (PID=13557) to work on /home/airflow/.local/lib/python3.7/site-packages/airflow/example_dags/example_branch_operator.py
[2025-12-05T01:19:50.565+0000] {processor.py:758} INFO - Processing file /home/airflow/.local/lib/python3.7/site-packages/airflow/example_dags/example_branch_operator.py for tasks to queue
[2025-12-05T01:19:50.565+0000] {logging_mixin.py:117} INFO - [2025-12-05T01:19:50.565+0000] {dagbag.py:525} INFO - Filling up the DagBag from /home/airflow/.local/lib/python3.7/site-packages/airflow/example_dags/example_branch_operator.py
[2025-12-05T01:19:50.575+0000] {processor.py:768} INFO - DAG(s) dict_keys(['example_branch_operator']) retrieved from /home/airflow/.local/lib/python3.7/site-packages/airflow/example_dags/example_branch_operator.py
[2025-12-05T01:19:50.594+0000] {logging_mixin.py:117} INFO - [2025-12-05T01:19:50.594+0000] {dag.py:2573} INFO - Sync 1 DAGs
[2025-12-05T01:19:50.609+0000] {logging_mixin.py:117} INFO - [2025-12-05T01:19:50.608+0000] {dag.py:3328} INFO - Setting next_dagrun for example_branch_operator to 2025-12-04T00:00:00+00:00, run_after=2025-12-05T00:00:00+00:00
[2025-12-05T01:19:50.617+0000] {processor.py:178} INFO - Processing /home/airflow/.local/lib/python3.7/site-packages/airflow/example_dags/example_branch_operator.py took 0.055 seconds
[2025-12-05T01:20:21.435+0000] {processor.py:156} INFO - Started process (PID=13763) to work on /home/airflow/.local/lib/python3.7/site-packages/airflow/example_dags/example_branch_operator.py
[2025-12-05T01:20:21.435+0000] {processor.py:758} INFO - Processing file /home/airflow/.local/lib/python3.7/site-packages/airflow/example_dags/example_branch_operator.py for tasks to queue
[2025-12-05T01:20:21.435+0000] {logging_mixin.py:117} INFO - [2025-12-05T01:20:21.435+0000] {dagbag.py:525} INFO - Filling up the DagBag from /home/airflow/.local/lib/python3.7/site-packages/airflow/example_dags/example_branch_operator.py
[2025-12-05T01:20:21.445+0000] {processor.py:768} INFO - DAG(s) dict_keys(['example_branch_operator']) retrieved from /home/airflow/.local/lib/python3.7/site-packages/airflow/example_dags/example_branch_operator.py
[2025-12-05T01:20:21.465+0000] {logging_mixin.py:117} INFO - [2025-12-05T01:20:21.465+0000] {dag.py:2573} INFO - Sync 1 DAGs
[2025-12-05T01:20:21.476+0000] {logging_mixin.py:117} INFO - [2025-12-05T01:20:21.476+0000] {dag.py:3328} INFO - Setting next_dagrun for example_branch_operator to 2025-12-04T00:00:00+00:00, run_after=2025-12-05T00:00:00+00:00
[2025-12-05T01:20:21.483+0000] {processor.py:178} INFO - Processing /home/airflow/.local/lib/python3.7/site-packages/airflow/example_dags/example_branch_operator.py took 0.050 seconds
[2025-12-05T01:20:52.412+0000] {processor.py:156} INFO - Started process (PID=13969) to work on /home/airflow/.local/lib/python3.7/site-packages/airflow/example_dags/example_branch_operator.py
[2025-12-05T01:20:52.414+0000] {processor.py:758} INFO - Processing file /home/airflow/.local/lib/python3.7/site-packages/airflow/example_dags/example_branch_operator.py for tasks to queue
[2025-12-05T01:20:52.415+0000] {logging_mixin.py:117} INFO - [2025-12-05T01:20:52.415+0000] {dagbag.py:525} INFO - Filling up the DagBag from /home/airflow/.local/lib/python3.7/site-packages/airflow/example_dags/example_branch_operator.py
[2025-12-05T01:20:52.425+0000] {processor.py:768} INFO - DAG(s) dict_keys(['example_branch_operator']) retrieved from /home/airflow/.local/lib/python3.7/site-packages/airflow/example_dags/example_branch_operator.py
[2025-12-05T01:20:52.447+0000] {logging_mixin.py:117} INFO - [2025-12-05T01:20:52.447+0000] {dag.py:2573} INFO - Sync 1 DAGs
[2025-12-05T01:20:52.462+0000] {logging_mixin.py:117} INFO - [2025-12-05T01:20:52.461+0000] {dag.py:3328} INFO - Setting next_dagrun for example_branch_operator to 2025-12-04T00:00:00+00:00, run_after=2025-12-05T00:00:00+00:00
[2025-12-05T01:20:52.470+0000] {processor.py:178} INFO - Processing /home/airflow/.local/lib/python3.7/site-packages/airflow/example_dags/example_branch_operator.py took 0.060 seconds
