[2025-12-05T00:46:06.349+0000] {processor.py:156} INFO - Started process (PID=277) to work on /home/airflow/.local/lib/python3.7/site-packages/airflow/example_dags/example_trigger_target_dag.py
[2025-12-05T00:46:06.350+0000] {processor.py:758} INFO - Processing file /home/airflow/.local/lib/python3.7/site-packages/airflow/example_dags/example_trigger_target_dag.py for tasks to queue
[2025-12-05T00:46:06.351+0000] {logging_mixin.py:117} INFO - [2025-12-05T00:46:06.351+0000] {dagbag.py:525} INFO - Filling up the DagBag from /home/airflow/.local/lib/python3.7/site-packages/airflow/example_dags/example_trigger_target_dag.py
[2025-12-05T00:46:06.376+0000] {processor.py:768} INFO - DAG(s) dict_keys(['example_trigger_target_dag']) retrieved from /home/airflow/.local/lib/python3.7/site-packages/airflow/example_dags/example_trigger_target_dag.py
[2025-12-05T00:46:06.475+0000] {logging_mixin.py:117} INFO - [2025-12-05T00:46:06.475+0000] {manager.py:508} INFO - Created Permission View: can read on DAG:example_trigger_target_dag
[2025-12-05T00:46:06.624+0000] {logging_mixin.py:117} INFO - [2025-12-05T00:46:06.624+0000] {manager.py:508} INFO - Created Permission View: can delete on DAG:example_trigger_target_dag
[2025-12-05T00:46:06.633+0000] {logging_mixin.py:117} INFO - [2025-12-05T00:46:06.633+0000] {manager.py:508} INFO - Created Permission View: can edit on DAG:example_trigger_target_dag
[2025-12-05T00:46:06.636+0000] {logging_mixin.py:117} INFO - [2025-12-05T00:46:06.636+0000] {dag.py:2573} INFO - Sync 1 DAGs
[2025-12-05T00:46:06.651+0000] {logging_mixin.py:117} INFO - [2025-12-05T00:46:06.651+0000] {dag.py:2594} INFO - Creating ORM DAG for example_trigger_target_dag
[2025-12-05T00:46:06.657+0000] {logging_mixin.py:117} INFO - [2025-12-05T00:46:06.656+0000] {dag.py:3328} INFO - Setting next_dagrun for example_trigger_target_dag to None, run_after=None
[2025-12-05T00:46:06.685+0000] {processor.py:178} INFO - Processing /home/airflow/.local/lib/python3.7/site-packages/airflow/example_dags/example_trigger_target_dag.py took 0.340 seconds
[2025-12-05T00:46:36.989+0000] {processor.py:156} INFO - Started process (PID=478) to work on /home/airflow/.local/lib/python3.7/site-packages/airflow/example_dags/example_trigger_target_dag.py
[2025-12-05T00:46:36.990+0000] {processor.py:758} INFO - Processing file /home/airflow/.local/lib/python3.7/site-packages/airflow/example_dags/example_trigger_target_dag.py for tasks to queue
[2025-12-05T00:46:36.990+0000] {logging_mixin.py:117} INFO - [2025-12-05T00:46:36.990+0000] {dagbag.py:525} INFO - Filling up the DagBag from /home/airflow/.local/lib/python3.7/site-packages/airflow/example_dags/example_trigger_target_dag.py
[2025-12-05T00:46:37.001+0000] {processor.py:768} INFO - DAG(s) dict_keys(['example_trigger_target_dag']) retrieved from /home/airflow/.local/lib/python3.7/site-packages/airflow/example_dags/example_trigger_target_dag.py
[2025-12-05T00:46:37.024+0000] {logging_mixin.py:117} INFO - [2025-12-05T00:46:37.024+0000] {dag.py:2573} INFO - Sync 1 DAGs
[2025-12-05T00:46:37.037+0000] {logging_mixin.py:117} INFO - [2025-12-05T00:46:37.037+0000] {dag.py:3328} INFO - Setting next_dagrun for example_trigger_target_dag to None, run_after=None
[2025-12-05T00:46:37.047+0000] {processor.py:178} INFO - Processing /home/airflow/.local/lib/python3.7/site-packages/airflow/example_dags/example_trigger_target_dag.py took 0.060 seconds
[2025-12-05T00:47:07.872+0000] {processor.py:156} INFO - Started process (PID=687) to work on /home/airflow/.local/lib/python3.7/site-packages/airflow/example_dags/example_trigger_target_dag.py
[2025-12-05T00:47:07.873+0000] {processor.py:758} INFO - Processing file /home/airflow/.local/lib/python3.7/site-packages/airflow/example_dags/example_trigger_target_dag.py for tasks to queue
[2025-12-05T00:47:07.874+0000] {logging_mixin.py:117} INFO - [2025-12-05T00:47:07.873+0000] {dagbag.py:525} INFO - Filling up the DagBag from /home/airflow/.local/lib/python3.7/site-packages/airflow/example_dags/example_trigger_target_dag.py
[2025-12-05T00:47:07.889+0000] {processor.py:768} INFO - DAG(s) dict_keys(['example_trigger_target_dag']) retrieved from /home/airflow/.local/lib/python3.7/site-packages/airflow/example_dags/example_trigger_target_dag.py
[2025-12-05T00:47:08.000+0000] {logging_mixin.py:117} INFO - [2025-12-05T00:47:07.999+0000] {dag.py:2573} INFO - Sync 1 DAGs
[2025-12-05T00:47:08.024+0000] {logging_mixin.py:117} INFO - [2025-12-05T00:47:08.024+0000] {dag.py:3328} INFO - Setting next_dagrun for example_trigger_target_dag to None, run_after=None
[2025-12-05T00:47:08.050+0000] {processor.py:178} INFO - Processing /home/airflow/.local/lib/python3.7/site-packages/airflow/example_dags/example_trigger_target_dag.py took 0.180 seconds
[2025-12-05T00:47:38.142+0000] {processor.py:156} INFO - Started process (PID=885) to work on /home/airflow/.local/lib/python3.7/site-packages/airflow/example_dags/example_trigger_target_dag.py
[2025-12-05T00:47:38.143+0000] {processor.py:758} INFO - Processing file /home/airflow/.local/lib/python3.7/site-packages/airflow/example_dags/example_trigger_target_dag.py for tasks to queue
[2025-12-05T00:47:38.143+0000] {logging_mixin.py:117} INFO - [2025-12-05T00:47:38.143+0000] {dagbag.py:525} INFO - Filling up the DagBag from /home/airflow/.local/lib/python3.7/site-packages/airflow/example_dags/example_trigger_target_dag.py
[2025-12-05T00:47:38.153+0000] {processor.py:768} INFO - DAG(s) dict_keys(['example_trigger_target_dag']) retrieved from /home/airflow/.local/lib/python3.7/site-packages/airflow/example_dags/example_trigger_target_dag.py
[2025-12-05T00:47:38.170+0000] {logging_mixin.py:117} INFO - [2025-12-05T00:47:38.170+0000] {dag.py:2573} INFO - Sync 1 DAGs
[2025-12-05T00:47:38.265+0000] {logging_mixin.py:117} INFO - [2025-12-05T00:47:38.265+0000] {dag.py:3328} INFO - Setting next_dagrun for example_trigger_target_dag to None, run_after=None
[2025-12-05T00:47:38.274+0000] {processor.py:178} INFO - Processing /home/airflow/.local/lib/python3.7/site-packages/airflow/example_dags/example_trigger_target_dag.py took 0.135 seconds
[2025-12-05T00:48:08.961+0000] {processor.py:156} INFO - Started process (PID=1089) to work on /home/airflow/.local/lib/python3.7/site-packages/airflow/example_dags/example_trigger_target_dag.py
[2025-12-05T00:48:08.961+0000] {processor.py:758} INFO - Processing file /home/airflow/.local/lib/python3.7/site-packages/airflow/example_dags/example_trigger_target_dag.py for tasks to queue
[2025-12-05T00:48:08.962+0000] {logging_mixin.py:117} INFO - [2025-12-05T00:48:08.962+0000] {dagbag.py:525} INFO - Filling up the DagBag from /home/airflow/.local/lib/python3.7/site-packages/airflow/example_dags/example_trigger_target_dag.py
[2025-12-05T00:48:08.972+0000] {processor.py:768} INFO - DAG(s) dict_keys(['example_trigger_target_dag']) retrieved from /home/airflow/.local/lib/python3.7/site-packages/airflow/example_dags/example_trigger_target_dag.py
[2025-12-05T00:48:08.997+0000] {logging_mixin.py:117} INFO - [2025-12-05T00:48:08.996+0000] {dag.py:2573} INFO - Sync 1 DAGs
[2025-12-05T00:48:09.094+0000] {logging_mixin.py:117} INFO - [2025-12-05T00:48:09.094+0000] {dag.py:3328} INFO - Setting next_dagrun for example_trigger_target_dag to None, run_after=None
[2025-12-05T00:48:09.105+0000] {processor.py:178} INFO - Processing /home/airflow/.local/lib/python3.7/site-packages/airflow/example_dags/example_trigger_target_dag.py took 0.146 seconds
[2025-12-05T00:48:40.972+0000] {processor.py:156} INFO - Started process (PID=1290) to work on /home/airflow/.local/lib/python3.7/site-packages/airflow/example_dags/example_trigger_target_dag.py
[2025-12-05T00:48:40.973+0000] {processor.py:758} INFO - Processing file /home/airflow/.local/lib/python3.7/site-packages/airflow/example_dags/example_trigger_target_dag.py for tasks to queue
[2025-12-05T00:48:40.974+0000] {logging_mixin.py:117} INFO - [2025-12-05T00:48:40.974+0000] {dagbag.py:525} INFO - Filling up the DagBag from /home/airflow/.local/lib/python3.7/site-packages/airflow/example_dags/example_trigger_target_dag.py
[2025-12-05T00:48:40.986+0000] {processor.py:768} INFO - DAG(s) dict_keys(['example_trigger_target_dag']) retrieved from /home/airflow/.local/lib/python3.7/site-packages/airflow/example_dags/example_trigger_target_dag.py
[2025-12-05T00:48:41.192+0000] {logging_mixin.py:117} INFO - [2025-12-05T00:48:41.192+0000] {dag.py:2573} INFO - Sync 1 DAGs
[2025-12-05T00:48:41.212+0000] {logging_mixin.py:117} INFO - [2025-12-05T00:48:41.212+0000] {dag.py:3328} INFO - Setting next_dagrun for example_trigger_target_dag to None, run_after=None
[2025-12-05T00:48:41.221+0000] {processor.py:178} INFO - Processing /home/airflow/.local/lib/python3.7/site-packages/airflow/example_dags/example_trigger_target_dag.py took 0.252 seconds
[2025-12-05T00:49:11.982+0000] {processor.py:156} INFO - Started process (PID=1491) to work on /home/airflow/.local/lib/python3.7/site-packages/airflow/example_dags/example_trigger_target_dag.py
[2025-12-05T00:49:11.983+0000] {processor.py:758} INFO - Processing file /home/airflow/.local/lib/python3.7/site-packages/airflow/example_dags/example_trigger_target_dag.py for tasks to queue
[2025-12-05T00:49:11.984+0000] {logging_mixin.py:117} INFO - [2025-12-05T00:49:11.984+0000] {dagbag.py:525} INFO - Filling up the DagBag from /home/airflow/.local/lib/python3.7/site-packages/airflow/example_dags/example_trigger_target_dag.py
[2025-12-05T00:49:11.999+0000] {processor.py:768} INFO - DAG(s) dict_keys(['example_trigger_target_dag']) retrieved from /home/airflow/.local/lib/python3.7/site-packages/airflow/example_dags/example_trigger_target_dag.py
[2025-12-05T00:49:12.100+0000] {logging_mixin.py:117} INFO - [2025-12-05T00:49:12.100+0000] {dag.py:2573} INFO - Sync 1 DAGs
[2025-12-05T00:49:12.115+0000] {logging_mixin.py:117} INFO - [2025-12-05T00:49:12.115+0000] {dag.py:3328} INFO - Setting next_dagrun for example_trigger_target_dag to None, run_after=None
[2025-12-05T00:49:12.126+0000] {processor.py:178} INFO - Processing /home/airflow/.local/lib/python3.7/site-packages/airflow/example_dags/example_trigger_target_dag.py took 0.148 seconds
[2025-12-05T00:49:42.444+0000] {processor.py:156} INFO - Started process (PID=1692) to work on /home/airflow/.local/lib/python3.7/site-packages/airflow/example_dags/example_trigger_target_dag.py
[2025-12-05T00:49:42.444+0000] {processor.py:758} INFO - Processing file /home/airflow/.local/lib/python3.7/site-packages/airflow/example_dags/example_trigger_target_dag.py for tasks to queue
[2025-12-05T00:49:42.445+0000] {logging_mixin.py:117} INFO - [2025-12-05T00:49:42.444+0000] {dagbag.py:525} INFO - Filling up the DagBag from /home/airflow/.local/lib/python3.7/site-packages/airflow/example_dags/example_trigger_target_dag.py
[2025-12-05T00:49:42.547+0000] {processor.py:768} INFO - DAG(s) dict_keys(['example_trigger_target_dag']) retrieved from /home/airflow/.local/lib/python3.7/site-packages/airflow/example_dags/example_trigger_target_dag.py
[2025-12-05T00:49:42.561+0000] {logging_mixin.py:117} INFO - [2025-12-05T00:49:42.561+0000] {dag.py:2573} INFO - Sync 1 DAGs
[2025-12-05T00:49:42.573+0000] {logging_mixin.py:117} INFO - [2025-12-05T00:49:42.573+0000] {dag.py:3328} INFO - Setting next_dagrun for example_trigger_target_dag to None, run_after=None
[2025-12-05T00:49:42.581+0000] {processor.py:178} INFO - Processing /home/airflow/.local/lib/python3.7/site-packages/airflow/example_dags/example_trigger_target_dag.py took 0.139 seconds
[2025-12-05T00:50:13.390+0000] {processor.py:156} INFO - Started process (PID=1894) to work on /home/airflow/.local/lib/python3.7/site-packages/airflow/example_dags/example_trigger_target_dag.py
[2025-12-05T00:50:13.391+0000] {processor.py:758} INFO - Processing file /home/airflow/.local/lib/python3.7/site-packages/airflow/example_dags/example_trigger_target_dag.py for tasks to queue
[2025-12-05T00:50:13.391+0000] {logging_mixin.py:117} INFO - [2025-12-05T00:50:13.391+0000] {dagbag.py:525} INFO - Filling up the DagBag from /home/airflow/.local/lib/python3.7/site-packages/airflow/example_dags/example_trigger_target_dag.py
[2025-12-05T00:50:13.402+0000] {processor.py:768} INFO - DAG(s) dict_keys(['example_trigger_target_dag']) retrieved from /home/airflow/.local/lib/python3.7/site-packages/airflow/example_dags/example_trigger_target_dag.py
[2025-12-05T00:50:13.422+0000] {logging_mixin.py:117} INFO - [2025-12-05T00:50:13.422+0000] {dag.py:2573} INFO - Sync 1 DAGs
[2025-12-05T00:50:13.529+0000] {logging_mixin.py:117} INFO - [2025-12-05T00:50:13.529+0000] {dag.py:3328} INFO - Setting next_dagrun for example_trigger_target_dag to None, run_after=None
[2025-12-05T00:50:13.542+0000] {processor.py:178} INFO - Processing /home/airflow/.local/lib/python3.7/site-packages/airflow/example_dags/example_trigger_target_dag.py took 0.154 seconds
[2025-12-05T00:50:44.023+0000] {processor.py:156} INFO - Started process (PID=2095) to work on /home/airflow/.local/lib/python3.7/site-packages/airflow/example_dags/example_trigger_target_dag.py
[2025-12-05T00:50:44.024+0000] {processor.py:758} INFO - Processing file /home/airflow/.local/lib/python3.7/site-packages/airflow/example_dags/example_trigger_target_dag.py for tasks to queue
[2025-12-05T00:50:44.025+0000] {logging_mixin.py:117} INFO - [2025-12-05T00:50:44.025+0000] {dagbag.py:525} INFO - Filling up the DagBag from /home/airflow/.local/lib/python3.7/site-packages/airflow/example_dags/example_trigger_target_dag.py
[2025-12-05T00:50:44.036+0000] {processor.py:768} INFO - DAG(s) dict_keys(['example_trigger_target_dag']) retrieved from /home/airflow/.local/lib/python3.7/site-packages/airflow/example_dags/example_trigger_target_dag.py
[2025-12-05T00:50:44.138+0000] {logging_mixin.py:117} INFO - [2025-12-05T00:50:44.138+0000] {dag.py:2573} INFO - Sync 1 DAGs
[2025-12-05T00:50:44.156+0000] {logging_mixin.py:117} INFO - [2025-12-05T00:50:44.156+0000] {dag.py:3328} INFO - Setting next_dagrun for example_trigger_target_dag to None, run_after=None
[2025-12-05T00:50:44.165+0000] {processor.py:178} INFO - Processing /home/airflow/.local/lib/python3.7/site-packages/airflow/example_dags/example_trigger_target_dag.py took 0.143 seconds
[2025-12-05T00:51:14.673+0000] {processor.py:156} INFO - Started process (PID=2296) to work on /home/airflow/.local/lib/python3.7/site-packages/airflow/example_dags/example_trigger_target_dag.py
[2025-12-05T00:51:14.673+0000] {processor.py:758} INFO - Processing file /home/airflow/.local/lib/python3.7/site-packages/airflow/example_dags/example_trigger_target_dag.py for tasks to queue
[2025-12-05T00:51:14.674+0000] {logging_mixin.py:117} INFO - [2025-12-05T00:51:14.674+0000] {dagbag.py:525} INFO - Filling up the DagBag from /home/airflow/.local/lib/python3.7/site-packages/airflow/example_dags/example_trigger_target_dag.py
[2025-12-05T00:51:14.685+0000] {processor.py:768} INFO - DAG(s) dict_keys(['example_trigger_target_dag']) retrieved from /home/airflow/.local/lib/python3.7/site-packages/airflow/example_dags/example_trigger_target_dag.py
[2025-12-05T00:51:14.782+0000] {logging_mixin.py:117} INFO - [2025-12-05T00:51:14.782+0000] {dag.py:2573} INFO - Sync 1 DAGs
[2025-12-05T00:51:14.795+0000] {logging_mixin.py:117} INFO - [2025-12-05T00:51:14.795+0000] {dag.py:3328} INFO - Setting next_dagrun for example_trigger_target_dag to None, run_after=None
[2025-12-05T00:51:14.806+0000] {processor.py:178} INFO - Processing /home/airflow/.local/lib/python3.7/site-packages/airflow/example_dags/example_trigger_target_dag.py took 0.135 seconds
[2025-12-05T00:51:45.586+0000] {processor.py:156} INFO - Started process (PID=2497) to work on /home/airflow/.local/lib/python3.7/site-packages/airflow/example_dags/example_trigger_target_dag.py
[2025-12-05T00:51:45.587+0000] {processor.py:758} INFO - Processing file /home/airflow/.local/lib/python3.7/site-packages/airflow/example_dags/example_trigger_target_dag.py for tasks to queue
[2025-12-05T00:51:45.587+0000] {logging_mixin.py:117} INFO - [2025-12-05T00:51:45.587+0000] {dagbag.py:525} INFO - Filling up the DagBag from /home/airflow/.local/lib/python3.7/site-packages/airflow/example_dags/example_trigger_target_dag.py
[2025-12-05T00:51:45.726+0000] {processor.py:768} INFO - DAG(s) dict_keys(['example_trigger_target_dag']) retrieved from /home/airflow/.local/lib/python3.7/site-packages/airflow/example_dags/example_trigger_target_dag.py
[2025-12-05T00:51:45.746+0000] {logging_mixin.py:117} INFO - [2025-12-05T00:51:45.746+0000] {dag.py:2573} INFO - Sync 1 DAGs
[2025-12-05T00:51:45.760+0000] {logging_mixin.py:117} INFO - [2025-12-05T00:51:45.760+0000] {dag.py:3328} INFO - Setting next_dagrun for example_trigger_target_dag to None, run_after=None
[2025-12-05T00:51:45.769+0000] {processor.py:178} INFO - Processing /home/airflow/.local/lib/python3.7/site-packages/airflow/example_dags/example_trigger_target_dag.py took 0.185 seconds
[2025-12-05T00:52:16.132+0000] {processor.py:156} INFO - Started process (PID=2698) to work on /home/airflow/.local/lib/python3.7/site-packages/airflow/example_dags/example_trigger_target_dag.py
[2025-12-05T00:52:16.132+0000] {processor.py:758} INFO - Processing file /home/airflow/.local/lib/python3.7/site-packages/airflow/example_dags/example_trigger_target_dag.py for tasks to queue
[2025-12-05T00:52:16.133+0000] {logging_mixin.py:117} INFO - [2025-12-05T00:52:16.133+0000] {dagbag.py:525} INFO - Filling up the DagBag from /home/airflow/.local/lib/python3.7/site-packages/airflow/example_dags/example_trigger_target_dag.py
[2025-12-05T00:52:16.144+0000] {processor.py:768} INFO - DAG(s) dict_keys(['example_trigger_target_dag']) retrieved from /home/airflow/.local/lib/python3.7/site-packages/airflow/example_dags/example_trigger_target_dag.py
[2025-12-05T00:52:16.168+0000] {logging_mixin.py:117} INFO - [2025-12-05T00:52:16.168+0000] {dag.py:2573} INFO - Sync 1 DAGs
[2025-12-05T00:52:16.288+0000] {logging_mixin.py:117} INFO - [2025-12-05T00:52:16.287+0000] {dag.py:3328} INFO - Setting next_dagrun for example_trigger_target_dag to None, run_after=None
[2025-12-05T00:52:16.298+0000] {processor.py:178} INFO - Processing /home/airflow/.local/lib/python3.7/site-packages/airflow/example_dags/example_trigger_target_dag.py took 0.168 seconds
[2025-12-05T00:52:46.647+0000] {processor.py:156} INFO - Started process (PID=2899) to work on /home/airflow/.local/lib/python3.7/site-packages/airflow/example_dags/example_trigger_target_dag.py
[2025-12-05T00:52:46.651+0000] {processor.py:758} INFO - Processing file /home/airflow/.local/lib/python3.7/site-packages/airflow/example_dags/example_trigger_target_dag.py for tasks to queue
[2025-12-05T00:52:46.651+0000] {logging_mixin.py:117} INFO - [2025-12-05T00:52:46.651+0000] {dagbag.py:525} INFO - Filling up the DagBag from /home/airflow/.local/lib/python3.7/site-packages/airflow/example_dags/example_trigger_target_dag.py
[2025-12-05T00:52:46.661+0000] {processor.py:768} INFO - DAG(s) dict_keys(['example_trigger_target_dag']) retrieved from /home/airflow/.local/lib/python3.7/site-packages/airflow/example_dags/example_trigger_target_dag.py
[2025-12-05T00:52:46.769+0000] {logging_mixin.py:117} INFO - [2025-12-05T00:52:46.769+0000] {dag.py:2573} INFO - Sync 1 DAGs
[2025-12-05T00:52:46.779+0000] {logging_mixin.py:117} INFO - [2025-12-05T00:52:46.779+0000] {dag.py:3328} INFO - Setting next_dagrun for example_trigger_target_dag to None, run_after=None
[2025-12-05T00:52:46.787+0000] {processor.py:178} INFO - Processing /home/airflow/.local/lib/python3.7/site-packages/airflow/example_dags/example_trigger_target_dag.py took 0.141 seconds
[2025-12-05T00:53:17.323+0000] {processor.py:156} INFO - Started process (PID=3100) to work on /home/airflow/.local/lib/python3.7/site-packages/airflow/example_dags/example_trigger_target_dag.py
[2025-12-05T00:53:17.324+0000] {processor.py:758} INFO - Processing file /home/airflow/.local/lib/python3.7/site-packages/airflow/example_dags/example_trigger_target_dag.py for tasks to queue
[2025-12-05T00:53:17.324+0000] {logging_mixin.py:117} INFO - [2025-12-05T00:53:17.324+0000] {dagbag.py:525} INFO - Filling up the DagBag from /home/airflow/.local/lib/python3.7/site-packages/airflow/example_dags/example_trigger_target_dag.py
[2025-12-05T00:53:17.335+0000] {processor.py:768} INFO - DAG(s) dict_keys(['example_trigger_target_dag']) retrieved from /home/airflow/.local/lib/python3.7/site-packages/airflow/example_dags/example_trigger_target_dag.py
[2025-12-05T00:53:17.437+0000] {logging_mixin.py:117} INFO - [2025-12-05T00:53:17.437+0000] {dag.py:2573} INFO - Sync 1 DAGs
[2025-12-05T00:53:17.447+0000] {logging_mixin.py:117} INFO - [2025-12-05T00:53:17.447+0000] {dag.py:3328} INFO - Setting next_dagrun for example_trigger_target_dag to None, run_after=None
[2025-12-05T00:53:17.455+0000] {processor.py:178} INFO - Processing /home/airflow/.local/lib/python3.7/site-packages/airflow/example_dags/example_trigger_target_dag.py took 0.133 seconds
[2025-12-05T00:53:48.182+0000] {processor.py:156} INFO - Started process (PID=3301) to work on /home/airflow/.local/lib/python3.7/site-packages/airflow/example_dags/example_trigger_target_dag.py
[2025-12-05T00:53:48.183+0000] {processor.py:758} INFO - Processing file /home/airflow/.local/lib/python3.7/site-packages/airflow/example_dags/example_trigger_target_dag.py for tasks to queue
[2025-12-05T00:53:48.183+0000] {logging_mixin.py:117} INFO - [2025-12-05T00:53:48.183+0000] {dagbag.py:525} INFO - Filling up the DagBag from /home/airflow/.local/lib/python3.7/site-packages/airflow/example_dags/example_trigger_target_dag.py
[2025-12-05T00:53:48.377+0000] {processor.py:768} INFO - DAG(s) dict_keys(['example_trigger_target_dag']) retrieved from /home/airflow/.local/lib/python3.7/site-packages/airflow/example_dags/example_trigger_target_dag.py
[2025-12-05T00:53:48.398+0000] {logging_mixin.py:117} INFO - [2025-12-05T00:53:48.398+0000] {dag.py:2573} INFO - Sync 1 DAGs
[2025-12-05T00:53:48.409+0000] {logging_mixin.py:117} INFO - [2025-12-05T00:53:48.409+0000] {dag.py:3328} INFO - Setting next_dagrun for example_trigger_target_dag to None, run_after=None
[2025-12-05T00:53:48.417+0000] {processor.py:178} INFO - Processing /home/airflow/.local/lib/python3.7/site-packages/airflow/example_dags/example_trigger_target_dag.py took 0.239 seconds
[2025-12-05T00:54:18.907+0000] {processor.py:156} INFO - Started process (PID=3502) to work on /home/airflow/.local/lib/python3.7/site-packages/airflow/example_dags/example_trigger_target_dag.py
[2025-12-05T00:54:18.908+0000] {processor.py:758} INFO - Processing file /home/airflow/.local/lib/python3.7/site-packages/airflow/example_dags/example_trigger_target_dag.py for tasks to queue
[2025-12-05T00:54:18.909+0000] {logging_mixin.py:117} INFO - [2025-12-05T00:54:18.909+0000] {dagbag.py:525} INFO - Filling up the DagBag from /home/airflow/.local/lib/python3.7/site-packages/airflow/example_dags/example_trigger_target_dag.py
[2025-12-05T00:54:18.919+0000] {processor.py:768} INFO - DAG(s) dict_keys(['example_trigger_target_dag']) retrieved from /home/airflow/.local/lib/python3.7/site-packages/airflow/example_dags/example_trigger_target_dag.py
[2025-12-05T00:54:18.941+0000] {logging_mixin.py:117} INFO - [2025-12-05T00:54:18.941+0000] {dag.py:2573} INFO - Sync 1 DAGs
[2025-12-05T00:54:19.032+0000] {logging_mixin.py:117} INFO - [2025-12-05T00:54:19.032+0000] {dag.py:3328} INFO - Setting next_dagrun for example_trigger_target_dag to None, run_after=None
[2025-12-05T00:54:19.040+0000] {processor.py:178} INFO - Processing /home/airflow/.local/lib/python3.7/site-packages/airflow/example_dags/example_trigger_target_dag.py took 0.134 seconds
[2025-12-05T00:54:49.687+0000] {processor.py:156} INFO - Started process (PID=3703) to work on /home/airflow/.local/lib/python3.7/site-packages/airflow/example_dags/example_trigger_target_dag.py
[2025-12-05T00:54:49.688+0000] {processor.py:758} INFO - Processing file /home/airflow/.local/lib/python3.7/site-packages/airflow/example_dags/example_trigger_target_dag.py for tasks to queue
[2025-12-05T00:54:49.688+0000] {logging_mixin.py:117} INFO - [2025-12-05T00:54:49.688+0000] {dagbag.py:525} INFO - Filling up the DagBag from /home/airflow/.local/lib/python3.7/site-packages/airflow/example_dags/example_trigger_target_dag.py
[2025-12-05T00:54:49.704+0000] {processor.py:768} INFO - DAG(s) dict_keys(['example_trigger_target_dag']) retrieved from /home/airflow/.local/lib/python3.7/site-packages/airflow/example_dags/example_trigger_target_dag.py
[2025-12-05T00:54:49.806+0000] {logging_mixin.py:117} INFO - [2025-12-05T00:54:49.806+0000] {dag.py:2573} INFO - Sync 1 DAGs
[2025-12-05T00:54:49.817+0000] {logging_mixin.py:117} INFO - [2025-12-05T00:54:49.817+0000] {dag.py:3328} INFO - Setting next_dagrun for example_trigger_target_dag to None, run_after=None
[2025-12-05T00:54:49.825+0000] {processor.py:178} INFO - Processing /home/airflow/.local/lib/python3.7/site-packages/airflow/example_dags/example_trigger_target_dag.py took 0.140 seconds
[2025-12-05T00:55:20.143+0000] {processor.py:156} INFO - Started process (PID=3903) to work on /home/airflow/.local/lib/python3.7/site-packages/airflow/example_dags/example_trigger_target_dag.py
[2025-12-05T00:55:20.144+0000] {processor.py:758} INFO - Processing file /home/airflow/.local/lib/python3.7/site-packages/airflow/example_dags/example_trigger_target_dag.py for tasks to queue
[2025-12-05T00:55:20.144+0000] {logging_mixin.py:117} INFO - [2025-12-05T00:55:20.144+0000] {dagbag.py:525} INFO - Filling up the DagBag from /home/airflow/.local/lib/python3.7/site-packages/airflow/example_dags/example_trigger_target_dag.py
[2025-12-05T00:55:20.159+0000] {processor.py:768} INFO - DAG(s) dict_keys(['example_trigger_target_dag']) retrieved from /home/airflow/.local/lib/python3.7/site-packages/airflow/example_dags/example_trigger_target_dag.py
[2025-12-05T00:55:20.277+0000] {logging_mixin.py:117} INFO - [2025-12-05T00:55:20.277+0000] {dag.py:2573} INFO - Sync 1 DAGs
[2025-12-05T00:55:20.297+0000] {logging_mixin.py:117} INFO - [2025-12-05T00:55:20.297+0000] {dag.py:3328} INFO - Setting next_dagrun for example_trigger_target_dag to None, run_after=None
[2025-12-05T00:55:20.306+0000] {processor.py:178} INFO - Processing /home/airflow/.local/lib/python3.7/site-packages/airflow/example_dags/example_trigger_target_dag.py took 0.166 seconds
[2025-12-05T00:55:50.643+0000] {processor.py:156} INFO - Started process (PID=4104) to work on /home/airflow/.local/lib/python3.7/site-packages/airflow/example_dags/example_trigger_target_dag.py
[2025-12-05T00:55:50.644+0000] {processor.py:758} INFO - Processing file /home/airflow/.local/lib/python3.7/site-packages/airflow/example_dags/example_trigger_target_dag.py for tasks to queue
[2025-12-05T00:55:50.644+0000] {logging_mixin.py:117} INFO - [2025-12-05T00:55:50.644+0000] {dagbag.py:525} INFO - Filling up the DagBag from /home/airflow/.local/lib/python3.7/site-packages/airflow/example_dags/example_trigger_target_dag.py
[2025-12-05T00:55:50.741+0000] {processor.py:768} INFO - DAG(s) dict_keys(['example_trigger_target_dag']) retrieved from /home/airflow/.local/lib/python3.7/site-packages/airflow/example_dags/example_trigger_target_dag.py
[2025-12-05T00:55:50.756+0000] {logging_mixin.py:117} INFO - [2025-12-05T00:55:50.756+0000] {dag.py:2573} INFO - Sync 1 DAGs
[2025-12-05T00:55:50.769+0000] {logging_mixin.py:117} INFO - [2025-12-05T00:55:50.769+0000] {dag.py:3328} INFO - Setting next_dagrun for example_trigger_target_dag to None, run_after=None
[2025-12-05T00:55:50.780+0000] {processor.py:178} INFO - Processing /home/airflow/.local/lib/python3.7/site-packages/airflow/example_dags/example_trigger_target_dag.py took 0.139 seconds
[2025-12-05T00:56:21.547+0000] {processor.py:156} INFO - Started process (PID=4304) to work on /home/airflow/.local/lib/python3.7/site-packages/airflow/example_dags/example_trigger_target_dag.py
[2025-12-05T00:56:21.549+0000] {processor.py:758} INFO - Processing file /home/airflow/.local/lib/python3.7/site-packages/airflow/example_dags/example_trigger_target_dag.py for tasks to queue
[2025-12-05T00:56:21.549+0000] {logging_mixin.py:117} INFO - [2025-12-05T00:56:21.549+0000] {dagbag.py:525} INFO - Filling up the DagBag from /home/airflow/.local/lib/python3.7/site-packages/airflow/example_dags/example_trigger_target_dag.py
[2025-12-05T00:56:21.561+0000] {processor.py:768} INFO - DAG(s) dict_keys(['example_trigger_target_dag']) retrieved from /home/airflow/.local/lib/python3.7/site-packages/airflow/example_dags/example_trigger_target_dag.py
[2025-12-05T00:56:21.580+0000] {logging_mixin.py:117} INFO - [2025-12-05T00:56:21.580+0000] {dag.py:2573} INFO - Sync 1 DAGs
[2025-12-05T00:56:21.592+0000] {logging_mixin.py:117} INFO - [2025-12-05T00:56:21.592+0000] {dag.py:3328} INFO - Setting next_dagrun for example_trigger_target_dag to None, run_after=None
[2025-12-05T00:56:21.600+0000] {processor.py:178} INFO - Processing /home/airflow/.local/lib/python3.7/site-packages/airflow/example_dags/example_trigger_target_dag.py took 0.054 seconds
[2025-12-05T00:56:52.390+0000] {processor.py:156} INFO - Started process (PID=4505) to work on /home/airflow/.local/lib/python3.7/site-packages/airflow/example_dags/example_trigger_target_dag.py
[2025-12-05T00:56:52.390+0000] {processor.py:758} INFO - Processing file /home/airflow/.local/lib/python3.7/site-packages/airflow/example_dags/example_trigger_target_dag.py for tasks to queue
[2025-12-05T00:56:52.391+0000] {logging_mixin.py:117} INFO - [2025-12-05T00:56:52.391+0000] {dagbag.py:525} INFO - Filling up the DagBag from /home/airflow/.local/lib/python3.7/site-packages/airflow/example_dags/example_trigger_target_dag.py
[2025-12-05T00:56:52.403+0000] {processor.py:768} INFO - DAG(s) dict_keys(['example_trigger_target_dag']) retrieved from /home/airflow/.local/lib/python3.7/site-packages/airflow/example_dags/example_trigger_target_dag.py
[2025-12-05T00:56:52.424+0000] {logging_mixin.py:117} INFO - [2025-12-05T00:56:52.424+0000] {dag.py:2573} INFO - Sync 1 DAGs
[2025-12-05T00:56:52.435+0000] {logging_mixin.py:117} INFO - [2025-12-05T00:56:52.435+0000] {dag.py:3328} INFO - Setting next_dagrun for example_trigger_target_dag to None, run_after=None
[2025-12-05T00:56:52.446+0000] {processor.py:178} INFO - Processing /home/airflow/.local/lib/python3.7/site-packages/airflow/example_dags/example_trigger_target_dag.py took 0.057 seconds
[2025-12-05T00:57:23.308+0000] {processor.py:156} INFO - Started process (PID=4712) to work on /home/airflow/.local/lib/python3.7/site-packages/airflow/example_dags/example_trigger_target_dag.py
[2025-12-05T00:57:23.308+0000] {processor.py:758} INFO - Processing file /home/airflow/.local/lib/python3.7/site-packages/airflow/example_dags/example_trigger_target_dag.py for tasks to queue
[2025-12-05T00:57:23.308+0000] {logging_mixin.py:117} INFO - [2025-12-05T00:57:23.308+0000] {dagbag.py:525} INFO - Filling up the DagBag from /home/airflow/.local/lib/python3.7/site-packages/airflow/example_dags/example_trigger_target_dag.py
[2025-12-05T00:57:23.319+0000] {processor.py:768} INFO - DAG(s) dict_keys(['example_trigger_target_dag']) retrieved from /home/airflow/.local/lib/python3.7/site-packages/airflow/example_dags/example_trigger_target_dag.py
[2025-12-05T00:57:23.336+0000] {logging_mixin.py:117} INFO - [2025-12-05T00:57:23.336+0000] {dag.py:2573} INFO - Sync 1 DAGs
[2025-12-05T00:57:23.349+0000] {logging_mixin.py:117} INFO - [2025-12-05T00:57:23.349+0000] {dag.py:3328} INFO - Setting next_dagrun for example_trigger_target_dag to None, run_after=None
[2025-12-05T00:57:23.356+0000] {processor.py:178} INFO - Processing /home/airflow/.local/lib/python3.7/site-packages/airflow/example_dags/example_trigger_target_dag.py took 0.050 seconds
[2025-12-05T00:57:54.162+0000] {processor.py:156} INFO - Started process (PID=4913) to work on /home/airflow/.local/lib/python3.7/site-packages/airflow/example_dags/example_trigger_target_dag.py
[2025-12-05T00:57:54.163+0000] {processor.py:758} INFO - Processing file /home/airflow/.local/lib/python3.7/site-packages/airflow/example_dags/example_trigger_target_dag.py for tasks to queue
[2025-12-05T00:57:54.165+0000] {logging_mixin.py:117} INFO - [2025-12-05T00:57:54.165+0000] {dagbag.py:525} INFO - Filling up the DagBag from /home/airflow/.local/lib/python3.7/site-packages/airflow/example_dags/example_trigger_target_dag.py
[2025-12-05T00:57:54.179+0000] {processor.py:768} INFO - DAG(s) dict_keys(['example_trigger_target_dag']) retrieved from /home/airflow/.local/lib/python3.7/site-packages/airflow/example_dags/example_trigger_target_dag.py
[2025-12-05T00:57:54.203+0000] {logging_mixin.py:117} INFO - [2025-12-05T00:57:54.203+0000] {dag.py:2573} INFO - Sync 1 DAGs
[2025-12-05T00:57:54.219+0000] {logging_mixin.py:117} INFO - [2025-12-05T00:57:54.219+0000] {dag.py:3328} INFO - Setting next_dagrun for example_trigger_target_dag to None, run_after=None
[2025-12-05T00:57:54.229+0000] {processor.py:178} INFO - Processing /home/airflow/.local/lib/python3.7/site-packages/airflow/example_dags/example_trigger_target_dag.py took 0.068 seconds
[2025-12-05T00:58:25.186+0000] {processor.py:156} INFO - Started process (PID=5114) to work on /home/airflow/.local/lib/python3.7/site-packages/airflow/example_dags/example_trigger_target_dag.py
[2025-12-05T00:58:25.188+0000] {processor.py:758} INFO - Processing file /home/airflow/.local/lib/python3.7/site-packages/airflow/example_dags/example_trigger_target_dag.py for tasks to queue
[2025-12-05T00:58:25.189+0000] {logging_mixin.py:117} INFO - [2025-12-05T00:58:25.189+0000] {dagbag.py:525} INFO - Filling up the DagBag from /home/airflow/.local/lib/python3.7/site-packages/airflow/example_dags/example_trigger_target_dag.py
[2025-12-05T00:58:25.207+0000] {processor.py:768} INFO - DAG(s) dict_keys(['example_trigger_target_dag']) retrieved from /home/airflow/.local/lib/python3.7/site-packages/airflow/example_dags/example_trigger_target_dag.py
[2025-12-05T00:58:25.241+0000] {logging_mixin.py:117} INFO - [2025-12-05T00:58:25.241+0000] {dag.py:2573} INFO - Sync 1 DAGs
[2025-12-05T00:58:25.275+0000] {logging_mixin.py:117} INFO - [2025-12-05T00:58:25.275+0000] {dag.py:3328} INFO - Setting next_dagrun for example_trigger_target_dag to None, run_after=None
[2025-12-05T00:58:25.287+0000] {processor.py:178} INFO - Processing /home/airflow/.local/lib/python3.7/site-packages/airflow/example_dags/example_trigger_target_dag.py took 0.106 seconds
[2025-12-05T00:58:56.006+0000] {processor.py:156} INFO - Started process (PID=5314) to work on /home/airflow/.local/lib/python3.7/site-packages/airflow/example_dags/example_trigger_target_dag.py
[2025-12-05T00:58:56.006+0000] {processor.py:758} INFO - Processing file /home/airflow/.local/lib/python3.7/site-packages/airflow/example_dags/example_trigger_target_dag.py for tasks to queue
[2025-12-05T00:58:56.007+0000] {logging_mixin.py:117} INFO - [2025-12-05T00:58:56.007+0000] {dagbag.py:525} INFO - Filling up the DagBag from /home/airflow/.local/lib/python3.7/site-packages/airflow/example_dags/example_trigger_target_dag.py
[2025-12-05T00:58:56.017+0000] {processor.py:768} INFO - DAG(s) dict_keys(['example_trigger_target_dag']) retrieved from /home/airflow/.local/lib/python3.7/site-packages/airflow/example_dags/example_trigger_target_dag.py
[2025-12-05T00:58:56.036+0000] {logging_mixin.py:117} INFO - [2025-12-05T00:58:56.036+0000] {dag.py:2573} INFO - Sync 1 DAGs
[2025-12-05T00:58:56.047+0000] {logging_mixin.py:117} INFO - [2025-12-05T00:58:56.047+0000] {dag.py:3328} INFO - Setting next_dagrun for example_trigger_target_dag to None, run_after=None
[2025-12-05T00:58:56.055+0000] {processor.py:178} INFO - Processing /home/airflow/.local/lib/python3.7/site-packages/airflow/example_dags/example_trigger_target_dag.py took 0.051 seconds
[2025-12-05T00:59:26.782+0000] {processor.py:156} INFO - Started process (PID=5515) to work on /home/airflow/.local/lib/python3.7/site-packages/airflow/example_dags/example_trigger_target_dag.py
[2025-12-05T00:59:26.782+0000] {processor.py:758} INFO - Processing file /home/airflow/.local/lib/python3.7/site-packages/airflow/example_dags/example_trigger_target_dag.py for tasks to queue
[2025-12-05T00:59:26.782+0000] {logging_mixin.py:117} INFO - [2025-12-05T00:59:26.782+0000] {dagbag.py:525} INFO - Filling up the DagBag from /home/airflow/.local/lib/python3.7/site-packages/airflow/example_dags/example_trigger_target_dag.py
[2025-12-05T00:59:26.793+0000] {processor.py:768} INFO - DAG(s) dict_keys(['example_trigger_target_dag']) retrieved from /home/airflow/.local/lib/python3.7/site-packages/airflow/example_dags/example_trigger_target_dag.py
[2025-12-05T00:59:26.812+0000] {logging_mixin.py:117} INFO - [2025-12-05T00:59:26.812+0000] {dag.py:2573} INFO - Sync 1 DAGs
[2025-12-05T00:59:26.824+0000] {logging_mixin.py:117} INFO - [2025-12-05T00:59:26.824+0000] {dag.py:3328} INFO - Setting next_dagrun for example_trigger_target_dag to None, run_after=None
[2025-12-05T00:59:26.832+0000] {processor.py:178} INFO - Processing /home/airflow/.local/lib/python3.7/site-packages/airflow/example_dags/example_trigger_target_dag.py took 0.052 seconds
[2025-12-05T00:59:57.705+0000] {processor.py:156} INFO - Started process (PID=5716) to work on /home/airflow/.local/lib/python3.7/site-packages/airflow/example_dags/example_trigger_target_dag.py
[2025-12-05T00:59:57.706+0000] {processor.py:758} INFO - Processing file /home/airflow/.local/lib/python3.7/site-packages/airflow/example_dags/example_trigger_target_dag.py for tasks to queue
[2025-12-05T00:59:57.707+0000] {logging_mixin.py:117} INFO - [2025-12-05T00:59:57.707+0000] {dagbag.py:525} INFO - Filling up the DagBag from /home/airflow/.local/lib/python3.7/site-packages/airflow/example_dags/example_trigger_target_dag.py
[2025-12-05T00:59:57.718+0000] {processor.py:768} INFO - DAG(s) dict_keys(['example_trigger_target_dag']) retrieved from /home/airflow/.local/lib/python3.7/site-packages/airflow/example_dags/example_trigger_target_dag.py
[2025-12-05T00:59:57.739+0000] {logging_mixin.py:117} INFO - [2025-12-05T00:59:57.739+0000] {dag.py:2573} INFO - Sync 1 DAGs
[2025-12-05T00:59:57.749+0000] {logging_mixin.py:117} INFO - [2025-12-05T00:59:57.749+0000] {dag.py:3328} INFO - Setting next_dagrun for example_trigger_target_dag to None, run_after=None
[2025-12-05T00:59:57.757+0000] {processor.py:178} INFO - Processing /home/airflow/.local/lib/python3.7/site-packages/airflow/example_dags/example_trigger_target_dag.py took 0.054 seconds
[2025-12-05T01:00:28.024+0000] {processor.py:156} INFO - Started process (PID=5917) to work on /home/airflow/.local/lib/python3.7/site-packages/airflow/example_dags/example_trigger_target_dag.py
[2025-12-05T01:00:28.024+0000] {processor.py:758} INFO - Processing file /home/airflow/.local/lib/python3.7/site-packages/airflow/example_dags/example_trigger_target_dag.py for tasks to queue
[2025-12-05T01:00:28.024+0000] {logging_mixin.py:117} INFO - [2025-12-05T01:00:28.024+0000] {dagbag.py:525} INFO - Filling up the DagBag from /home/airflow/.local/lib/python3.7/site-packages/airflow/example_dags/example_trigger_target_dag.py
[2025-12-05T01:00:28.035+0000] {processor.py:768} INFO - DAG(s) dict_keys(['example_trigger_target_dag']) retrieved from /home/airflow/.local/lib/python3.7/site-packages/airflow/example_dags/example_trigger_target_dag.py
[2025-12-05T01:00:28.054+0000] {logging_mixin.py:117} INFO - [2025-12-05T01:00:28.054+0000] {dag.py:2573} INFO - Sync 1 DAGs
[2025-12-05T01:00:28.065+0000] {logging_mixin.py:117} INFO - [2025-12-05T01:00:28.065+0000] {dag.py:3328} INFO - Setting next_dagrun for example_trigger_target_dag to None, run_after=None
[2025-12-05T01:00:28.072+0000] {processor.py:178} INFO - Processing /home/airflow/.local/lib/python3.7/site-packages/airflow/example_dags/example_trigger_target_dag.py took 0.051 seconds
[2025-12-05T01:00:58.155+0000] {processor.py:156} INFO - Started process (PID=6117) to work on /home/airflow/.local/lib/python3.7/site-packages/airflow/example_dags/example_trigger_target_dag.py
[2025-12-05T01:00:58.155+0000] {processor.py:758} INFO - Processing file /home/airflow/.local/lib/python3.7/site-packages/airflow/example_dags/example_trigger_target_dag.py for tasks to queue
[2025-12-05T01:00:58.156+0000] {logging_mixin.py:117} INFO - [2025-12-05T01:00:58.156+0000] {dagbag.py:525} INFO - Filling up the DagBag from /home/airflow/.local/lib/python3.7/site-packages/airflow/example_dags/example_trigger_target_dag.py
[2025-12-05T01:00:58.169+0000] {processor.py:768} INFO - DAG(s) dict_keys(['example_trigger_target_dag']) retrieved from /home/airflow/.local/lib/python3.7/site-packages/airflow/example_dags/example_trigger_target_dag.py
[2025-12-05T01:00:58.199+0000] {logging_mixin.py:117} INFO - [2025-12-05T01:00:58.199+0000] {dag.py:2573} INFO - Sync 1 DAGs
[2025-12-05T01:00:58.214+0000] {logging_mixin.py:117} INFO - [2025-12-05T01:00:58.214+0000] {dag.py:3328} INFO - Setting next_dagrun for example_trigger_target_dag to None, run_after=None
[2025-12-05T01:00:58.227+0000] {processor.py:178} INFO - Processing /home/airflow/.local/lib/python3.7/site-packages/airflow/example_dags/example_trigger_target_dag.py took 0.073 seconds
[2025-12-05T01:01:28.660+0000] {processor.py:156} INFO - Started process (PID=6311) to work on /home/airflow/.local/lib/python3.7/site-packages/airflow/example_dags/example_trigger_target_dag.py
[2025-12-05T01:01:28.666+0000] {processor.py:758} INFO - Processing file /home/airflow/.local/lib/python3.7/site-packages/airflow/example_dags/example_trigger_target_dag.py for tasks to queue
[2025-12-05T01:01:28.667+0000] {logging_mixin.py:117} INFO - [2025-12-05T01:01:28.666+0000] {dagbag.py:525} INFO - Filling up the DagBag from /home/airflow/.local/lib/python3.7/site-packages/airflow/example_dags/example_trigger_target_dag.py
[2025-12-05T01:01:28.698+0000] {processor.py:768} INFO - DAG(s) dict_keys(['example_trigger_target_dag']) retrieved from /home/airflow/.local/lib/python3.7/site-packages/airflow/example_dags/example_trigger_target_dag.py
[2025-12-05T01:01:28.745+0000] {logging_mixin.py:117} INFO - [2025-12-05T01:01:28.745+0000] {dag.py:2573} INFO - Sync 1 DAGs
[2025-12-05T01:01:28.770+0000] {logging_mixin.py:117} INFO - [2025-12-05T01:01:28.770+0000] {dag.py:3328} INFO - Setting next_dagrun for example_trigger_target_dag to None, run_after=None
[2025-12-05T01:01:28.787+0000] {processor.py:178} INFO - Processing /home/airflow/.local/lib/python3.7/site-packages/airflow/example_dags/example_trigger_target_dag.py took 0.134 seconds
[2025-12-05T01:01:59.571+0000] {processor.py:156} INFO - Started process (PID=6513) to work on /home/airflow/.local/lib/python3.7/site-packages/airflow/example_dags/example_trigger_target_dag.py
[2025-12-05T01:01:59.573+0000] {processor.py:758} INFO - Processing file /home/airflow/.local/lib/python3.7/site-packages/airflow/example_dags/example_trigger_target_dag.py for tasks to queue
[2025-12-05T01:01:59.574+0000] {logging_mixin.py:117} INFO - [2025-12-05T01:01:59.574+0000] {dagbag.py:525} INFO - Filling up the DagBag from /home/airflow/.local/lib/python3.7/site-packages/airflow/example_dags/example_trigger_target_dag.py
[2025-12-05T01:01:59.586+0000] {processor.py:768} INFO - DAG(s) dict_keys(['example_trigger_target_dag']) retrieved from /home/airflow/.local/lib/python3.7/site-packages/airflow/example_dags/example_trigger_target_dag.py
[2025-12-05T01:01:59.605+0000] {logging_mixin.py:117} INFO - [2025-12-05T01:01:59.605+0000] {dag.py:2573} INFO - Sync 1 DAGs
[2025-12-05T01:01:59.619+0000] {logging_mixin.py:117} INFO - [2025-12-05T01:01:59.619+0000] {dag.py:3328} INFO - Setting next_dagrun for example_trigger_target_dag to None, run_after=None
[2025-12-05T01:01:59.630+0000] {processor.py:178} INFO - Processing /home/airflow/.local/lib/python3.7/site-packages/airflow/example_dags/example_trigger_target_dag.py took 0.061 seconds
[2025-12-05T01:02:30.526+0000] {processor.py:156} INFO - Started process (PID=6714) to work on /home/airflow/.local/lib/python3.7/site-packages/airflow/example_dags/example_trigger_target_dag.py
[2025-12-05T01:02:30.526+0000] {processor.py:758} INFO - Processing file /home/airflow/.local/lib/python3.7/site-packages/airflow/example_dags/example_trigger_target_dag.py for tasks to queue
[2025-12-05T01:02:30.527+0000] {logging_mixin.py:117} INFO - [2025-12-05T01:02:30.526+0000] {dagbag.py:525} INFO - Filling up the DagBag from /home/airflow/.local/lib/python3.7/site-packages/airflow/example_dags/example_trigger_target_dag.py
[2025-12-05T01:02:30.542+0000] {processor.py:768} INFO - DAG(s) dict_keys(['example_trigger_target_dag']) retrieved from /home/airflow/.local/lib/python3.7/site-packages/airflow/example_dags/example_trigger_target_dag.py
[2025-12-05T01:02:30.564+0000] {logging_mixin.py:117} INFO - [2025-12-05T01:02:30.564+0000] {dag.py:2573} INFO - Sync 1 DAGs
[2025-12-05T01:02:30.577+0000] {logging_mixin.py:117} INFO - [2025-12-05T01:02:30.577+0000] {dag.py:3328} INFO - Setting next_dagrun for example_trigger_target_dag to None, run_after=None
[2025-12-05T01:02:30.584+0000] {processor.py:178} INFO - Processing /home/airflow/.local/lib/python3.7/site-packages/airflow/example_dags/example_trigger_target_dag.py took 0.060 seconds
[2025-12-05T01:03:00.677+0000] {processor.py:156} INFO - Started process (PID=6915) to work on /home/airflow/.local/lib/python3.7/site-packages/airflow/example_dags/example_trigger_target_dag.py
[2025-12-05T01:03:00.677+0000] {processor.py:758} INFO - Processing file /home/airflow/.local/lib/python3.7/site-packages/airflow/example_dags/example_trigger_target_dag.py for tasks to queue
[2025-12-05T01:03:00.679+0000] {logging_mixin.py:117} INFO - [2025-12-05T01:03:00.679+0000] {dagbag.py:525} INFO - Filling up the DagBag from /home/airflow/.local/lib/python3.7/site-packages/airflow/example_dags/example_trigger_target_dag.py
[2025-12-05T01:03:00.699+0000] {processor.py:768} INFO - DAG(s) dict_keys(['example_trigger_target_dag']) retrieved from /home/airflow/.local/lib/python3.7/site-packages/airflow/example_dags/example_trigger_target_dag.py
[2025-12-05T01:03:00.720+0000] {logging_mixin.py:117} INFO - [2025-12-05T01:03:00.720+0000] {dag.py:2573} INFO - Sync 1 DAGs
[2025-12-05T01:03:00.730+0000] {logging_mixin.py:117} INFO - [2025-12-05T01:03:00.730+0000] {dag.py:3328} INFO - Setting next_dagrun for example_trigger_target_dag to None, run_after=None
[2025-12-05T01:03:00.737+0000] {processor.py:178} INFO - Processing /home/airflow/.local/lib/python3.7/site-packages/airflow/example_dags/example_trigger_target_dag.py took 0.063 seconds
[2025-12-05T01:03:31.591+0000] {processor.py:156} INFO - Started process (PID=7116) to work on /home/airflow/.local/lib/python3.7/site-packages/airflow/example_dags/example_trigger_target_dag.py
[2025-12-05T01:03:31.594+0000] {processor.py:758} INFO - Processing file /home/airflow/.local/lib/python3.7/site-packages/airflow/example_dags/example_trigger_target_dag.py for tasks to queue
[2025-12-05T01:03:31.594+0000] {logging_mixin.py:117} INFO - [2025-12-05T01:03:31.594+0000] {dagbag.py:525} INFO - Filling up the DagBag from /home/airflow/.local/lib/python3.7/site-packages/airflow/example_dags/example_trigger_target_dag.py
[2025-12-05T01:03:31.605+0000] {processor.py:768} INFO - DAG(s) dict_keys(['example_trigger_target_dag']) retrieved from /home/airflow/.local/lib/python3.7/site-packages/airflow/example_dags/example_trigger_target_dag.py
[2025-12-05T01:03:31.631+0000] {logging_mixin.py:117} INFO - [2025-12-05T01:03:31.631+0000] {dag.py:2573} INFO - Sync 1 DAGs
[2025-12-05T01:03:31.646+0000] {logging_mixin.py:117} INFO - [2025-12-05T01:03:31.646+0000] {dag.py:3328} INFO - Setting next_dagrun for example_trigger_target_dag to None, run_after=None
[2025-12-05T01:03:31.657+0000] {processor.py:178} INFO - Processing /home/airflow/.local/lib/python3.7/site-packages/airflow/example_dags/example_trigger_target_dag.py took 0.067 seconds
[2025-12-05T01:04:02.543+0000] {processor.py:156} INFO - Started process (PID=7316) to work on /home/airflow/.local/lib/python3.7/site-packages/airflow/example_dags/example_trigger_target_dag.py
[2025-12-05T01:04:02.544+0000] {processor.py:758} INFO - Processing file /home/airflow/.local/lib/python3.7/site-packages/airflow/example_dags/example_trigger_target_dag.py for tasks to queue
[2025-12-05T01:04:02.545+0000] {logging_mixin.py:117} INFO - [2025-12-05T01:04:02.545+0000] {dagbag.py:525} INFO - Filling up the DagBag from /home/airflow/.local/lib/python3.7/site-packages/airflow/example_dags/example_trigger_target_dag.py
[2025-12-05T01:04:02.556+0000] {processor.py:768} INFO - DAG(s) dict_keys(['example_trigger_target_dag']) retrieved from /home/airflow/.local/lib/python3.7/site-packages/airflow/example_dags/example_trigger_target_dag.py
[2025-12-05T01:04:02.575+0000] {logging_mixin.py:117} INFO - [2025-12-05T01:04:02.575+0000] {dag.py:2573} INFO - Sync 1 DAGs
[2025-12-05T01:04:02.586+0000] {logging_mixin.py:117} INFO - [2025-12-05T01:04:02.586+0000] {dag.py:3328} INFO - Setting next_dagrun for example_trigger_target_dag to None, run_after=None
[2025-12-05T01:04:02.593+0000] {processor.py:178} INFO - Processing /home/airflow/.local/lib/python3.7/site-packages/airflow/example_dags/example_trigger_target_dag.py took 0.051 seconds
[2025-12-05T01:04:33.241+0000] {processor.py:156} INFO - Started process (PID=7517) to work on /home/airflow/.local/lib/python3.7/site-packages/airflow/example_dags/example_trigger_target_dag.py
[2025-12-05T01:04:33.244+0000] {processor.py:758} INFO - Processing file /home/airflow/.local/lib/python3.7/site-packages/airflow/example_dags/example_trigger_target_dag.py for tasks to queue
[2025-12-05T01:04:33.244+0000] {logging_mixin.py:117} INFO - [2025-12-05T01:04:33.244+0000] {dagbag.py:525} INFO - Filling up the DagBag from /home/airflow/.local/lib/python3.7/site-packages/airflow/example_dags/example_trigger_target_dag.py
[2025-12-05T01:04:33.255+0000] {processor.py:768} INFO - DAG(s) dict_keys(['example_trigger_target_dag']) retrieved from /home/airflow/.local/lib/python3.7/site-packages/airflow/example_dags/example_trigger_target_dag.py
[2025-12-05T01:04:33.277+0000] {logging_mixin.py:117} INFO - [2025-12-05T01:04:33.277+0000] {dag.py:2573} INFO - Sync 1 DAGs
[2025-12-05T01:04:33.291+0000] {logging_mixin.py:117} INFO - [2025-12-05T01:04:33.290+0000] {dag.py:3328} INFO - Setting next_dagrun for example_trigger_target_dag to None, run_after=None
[2025-12-05T01:04:33.298+0000] {processor.py:178} INFO - Processing /home/airflow/.local/lib/python3.7/site-packages/airflow/example_dags/example_trigger_target_dag.py took 0.059 seconds
[2025-12-05T01:05:03.997+0000] {processor.py:156} INFO - Started process (PID=7718) to work on /home/airflow/.local/lib/python3.7/site-packages/airflow/example_dags/example_trigger_target_dag.py
[2025-12-05T01:05:03.997+0000] {processor.py:758} INFO - Processing file /home/airflow/.local/lib/python3.7/site-packages/airflow/example_dags/example_trigger_target_dag.py for tasks to queue
[2025-12-05T01:05:03.999+0000] {logging_mixin.py:117} INFO - [2025-12-05T01:05:03.999+0000] {dagbag.py:525} INFO - Filling up the DagBag from /home/airflow/.local/lib/python3.7/site-packages/airflow/example_dags/example_trigger_target_dag.py
[2025-12-05T01:05:04.013+0000] {processor.py:768} INFO - DAG(s) dict_keys(['example_trigger_target_dag']) retrieved from /home/airflow/.local/lib/python3.7/site-packages/airflow/example_dags/example_trigger_target_dag.py
[2025-12-05T01:05:04.035+0000] {logging_mixin.py:117} INFO - [2025-12-05T01:05:04.035+0000] {dag.py:2573} INFO - Sync 1 DAGs
[2025-12-05T01:05:04.046+0000] {logging_mixin.py:117} INFO - [2025-12-05T01:05:04.046+0000] {dag.py:3328} INFO - Setting next_dagrun for example_trigger_target_dag to None, run_after=None
[2025-12-05T01:05:04.053+0000] {processor.py:178} INFO - Processing /home/airflow/.local/lib/python3.7/site-packages/airflow/example_dags/example_trigger_target_dag.py took 0.060 seconds
[2025-12-05T01:05:34.850+0000] {processor.py:156} INFO - Started process (PID=7919) to work on /home/airflow/.local/lib/python3.7/site-packages/airflow/example_dags/example_trigger_target_dag.py
[2025-12-05T01:05:34.850+0000] {processor.py:758} INFO - Processing file /home/airflow/.local/lib/python3.7/site-packages/airflow/example_dags/example_trigger_target_dag.py for tasks to queue
[2025-12-05T01:05:34.851+0000] {logging_mixin.py:117} INFO - [2025-12-05T01:05:34.851+0000] {dagbag.py:525} INFO - Filling up the DagBag from /home/airflow/.local/lib/python3.7/site-packages/airflow/example_dags/example_trigger_target_dag.py
[2025-12-05T01:05:34.861+0000] {processor.py:768} INFO - DAG(s) dict_keys(['example_trigger_target_dag']) retrieved from /home/airflow/.local/lib/python3.7/site-packages/airflow/example_dags/example_trigger_target_dag.py
[2025-12-05T01:05:34.882+0000] {logging_mixin.py:117} INFO - [2025-12-05T01:05:34.882+0000] {dag.py:2573} INFO - Sync 1 DAGs
[2025-12-05T01:05:34.896+0000] {logging_mixin.py:117} INFO - [2025-12-05T01:05:34.896+0000] {dag.py:3328} INFO - Setting next_dagrun for example_trigger_target_dag to None, run_after=None
[2025-12-05T01:05:34.908+0000] {processor.py:178} INFO - Processing /home/airflow/.local/lib/python3.7/site-packages/airflow/example_dags/example_trigger_target_dag.py took 0.060 seconds
[2025-12-05T01:06:05.847+0000] {processor.py:156} INFO - Started process (PID=8120) to work on /home/airflow/.local/lib/python3.7/site-packages/airflow/example_dags/example_trigger_target_dag.py
[2025-12-05T01:06:05.848+0000] {processor.py:758} INFO - Processing file /home/airflow/.local/lib/python3.7/site-packages/airflow/example_dags/example_trigger_target_dag.py for tasks to queue
[2025-12-05T01:06:05.848+0000] {logging_mixin.py:117} INFO - [2025-12-05T01:06:05.848+0000] {dagbag.py:525} INFO - Filling up the DagBag from /home/airflow/.local/lib/python3.7/site-packages/airflow/example_dags/example_trigger_target_dag.py
[2025-12-05T01:06:05.860+0000] {processor.py:768} INFO - DAG(s) dict_keys(['example_trigger_target_dag']) retrieved from /home/airflow/.local/lib/python3.7/site-packages/airflow/example_dags/example_trigger_target_dag.py
[2025-12-05T01:06:05.881+0000] {logging_mixin.py:117} INFO - [2025-12-05T01:06:05.881+0000] {dag.py:2573} INFO - Sync 1 DAGs
[2025-12-05T01:06:05.891+0000] {logging_mixin.py:117} INFO - [2025-12-05T01:06:05.891+0000] {dag.py:3328} INFO - Setting next_dagrun for example_trigger_target_dag to None, run_after=None
[2025-12-05T01:06:05.899+0000] {processor.py:178} INFO - Processing /home/airflow/.local/lib/python3.7/site-packages/airflow/example_dags/example_trigger_target_dag.py took 0.053 seconds
[2025-12-05T01:06:36.143+0000] {processor.py:156} INFO - Started process (PID=8321) to work on /home/airflow/.local/lib/python3.7/site-packages/airflow/example_dags/example_trigger_target_dag.py
[2025-12-05T01:06:36.143+0000] {processor.py:758} INFO - Processing file /home/airflow/.local/lib/python3.7/site-packages/airflow/example_dags/example_trigger_target_dag.py for tasks to queue
[2025-12-05T01:06:36.144+0000] {logging_mixin.py:117} INFO - [2025-12-05T01:06:36.144+0000] {dagbag.py:525} INFO - Filling up the DagBag from /home/airflow/.local/lib/python3.7/site-packages/airflow/example_dags/example_trigger_target_dag.py
[2025-12-05T01:06:36.154+0000] {processor.py:768} INFO - DAG(s) dict_keys(['example_trigger_target_dag']) retrieved from /home/airflow/.local/lib/python3.7/site-packages/airflow/example_dags/example_trigger_target_dag.py
[2025-12-05T01:06:36.176+0000] {logging_mixin.py:117} INFO - [2025-12-05T01:06:36.176+0000] {dag.py:2573} INFO - Sync 1 DAGs
[2025-12-05T01:06:36.190+0000] {logging_mixin.py:117} INFO - [2025-12-05T01:06:36.190+0000] {dag.py:3328} INFO - Setting next_dagrun for example_trigger_target_dag to None, run_after=None
[2025-12-05T01:06:36.203+0000] {processor.py:178} INFO - Processing /home/airflow/.local/lib/python3.7/site-packages/airflow/example_dags/example_trigger_target_dag.py took 0.062 seconds
[2025-12-05T01:07:06.674+0000] {processor.py:156} INFO - Started process (PID=8522) to work on /home/airflow/.local/lib/python3.7/site-packages/airflow/example_dags/example_trigger_target_dag.py
[2025-12-05T01:07:06.675+0000] {processor.py:758} INFO - Processing file /home/airflow/.local/lib/python3.7/site-packages/airflow/example_dags/example_trigger_target_dag.py for tasks to queue
[2025-12-05T01:07:06.675+0000] {logging_mixin.py:117} INFO - [2025-12-05T01:07:06.675+0000] {dagbag.py:525} INFO - Filling up the DagBag from /home/airflow/.local/lib/python3.7/site-packages/airflow/example_dags/example_trigger_target_dag.py
[2025-12-05T01:07:06.685+0000] {processor.py:768} INFO - DAG(s) dict_keys(['example_trigger_target_dag']) retrieved from /home/airflow/.local/lib/python3.7/site-packages/airflow/example_dags/example_trigger_target_dag.py
[2025-12-05T01:07:06.706+0000] {logging_mixin.py:117} INFO - [2025-12-05T01:07:06.706+0000] {dag.py:2573} INFO - Sync 1 DAGs
[2025-12-05T01:07:06.726+0000] {logging_mixin.py:117} INFO - [2025-12-05T01:07:06.726+0000] {dag.py:3328} INFO - Setting next_dagrun for example_trigger_target_dag to None, run_after=None
[2025-12-05T01:07:06.736+0000] {processor.py:178} INFO - Processing /home/airflow/.local/lib/python3.7/site-packages/airflow/example_dags/example_trigger_target_dag.py took 0.065 seconds
[2025-12-05T01:07:36.778+0000] {processor.py:156} INFO - Started process (PID=8723) to work on /home/airflow/.local/lib/python3.7/site-packages/airflow/example_dags/example_trigger_target_dag.py
[2025-12-05T01:07:36.779+0000] {processor.py:758} INFO - Processing file /home/airflow/.local/lib/python3.7/site-packages/airflow/example_dags/example_trigger_target_dag.py for tasks to queue
[2025-12-05T01:07:36.779+0000] {logging_mixin.py:117} INFO - [2025-12-05T01:07:36.779+0000] {dagbag.py:525} INFO - Filling up the DagBag from /home/airflow/.local/lib/python3.7/site-packages/airflow/example_dags/example_trigger_target_dag.py
[2025-12-05T01:07:36.792+0000] {processor.py:768} INFO - DAG(s) dict_keys(['example_trigger_target_dag']) retrieved from /home/airflow/.local/lib/python3.7/site-packages/airflow/example_dags/example_trigger_target_dag.py
[2025-12-05T01:07:36.812+0000] {logging_mixin.py:117} INFO - [2025-12-05T01:07:36.812+0000] {dag.py:2573} INFO - Sync 1 DAGs
[2025-12-05T01:07:36.824+0000] {logging_mixin.py:117} INFO - [2025-12-05T01:07:36.824+0000] {dag.py:3328} INFO - Setting next_dagrun for example_trigger_target_dag to None, run_after=None
[2025-12-05T01:07:36.832+0000] {processor.py:178} INFO - Processing /home/airflow/.local/lib/python3.7/site-packages/airflow/example_dags/example_trigger_target_dag.py took 0.055 seconds
[2025-12-05T01:08:07.086+0000] {processor.py:156} INFO - Started process (PID=8924) to work on /home/airflow/.local/lib/python3.7/site-packages/airflow/example_dags/example_trigger_target_dag.py
[2025-12-05T01:08:07.086+0000] {processor.py:758} INFO - Processing file /home/airflow/.local/lib/python3.7/site-packages/airflow/example_dags/example_trigger_target_dag.py for tasks to queue
[2025-12-05T01:08:07.087+0000] {logging_mixin.py:117} INFO - [2025-12-05T01:08:07.087+0000] {dagbag.py:525} INFO - Filling up the DagBag from /home/airflow/.local/lib/python3.7/site-packages/airflow/example_dags/example_trigger_target_dag.py
[2025-12-05T01:08:07.098+0000] {processor.py:768} INFO - DAG(s) dict_keys(['example_trigger_target_dag']) retrieved from /home/airflow/.local/lib/python3.7/site-packages/airflow/example_dags/example_trigger_target_dag.py
[2025-12-05T01:08:07.118+0000] {logging_mixin.py:117} INFO - [2025-12-05T01:08:07.118+0000] {dag.py:2573} INFO - Sync 1 DAGs
[2025-12-05T01:08:07.129+0000] {logging_mixin.py:117} INFO - [2025-12-05T01:08:07.129+0000] {dag.py:3328} INFO - Setting next_dagrun for example_trigger_target_dag to None, run_after=None
[2025-12-05T01:08:07.139+0000] {processor.py:178} INFO - Processing /home/airflow/.local/lib/python3.7/site-packages/airflow/example_dags/example_trigger_target_dag.py took 0.055 seconds
[2025-12-05T01:08:37.531+0000] {processor.py:156} INFO - Started process (PID=9125) to work on /home/airflow/.local/lib/python3.7/site-packages/airflow/example_dags/example_trigger_target_dag.py
[2025-12-05T01:08:37.532+0000] {processor.py:758} INFO - Processing file /home/airflow/.local/lib/python3.7/site-packages/airflow/example_dags/example_trigger_target_dag.py for tasks to queue
[2025-12-05T01:08:37.532+0000] {logging_mixin.py:117} INFO - [2025-12-05T01:08:37.532+0000] {dagbag.py:525} INFO - Filling up the DagBag from /home/airflow/.local/lib/python3.7/site-packages/airflow/example_dags/example_trigger_target_dag.py
[2025-12-05T01:08:37.544+0000] {processor.py:768} INFO - DAG(s) dict_keys(['example_trigger_target_dag']) retrieved from /home/airflow/.local/lib/python3.7/site-packages/airflow/example_dags/example_trigger_target_dag.py
[2025-12-05T01:08:37.563+0000] {logging_mixin.py:117} INFO - [2025-12-05T01:08:37.562+0000] {dag.py:2573} INFO - Sync 1 DAGs
[2025-12-05T01:08:37.573+0000] {logging_mixin.py:117} INFO - [2025-12-05T01:08:37.573+0000] {dag.py:3328} INFO - Setting next_dagrun for example_trigger_target_dag to None, run_after=None
[2025-12-05T01:08:37.580+0000] {processor.py:178} INFO - Processing /home/airflow/.local/lib/python3.7/site-packages/airflow/example_dags/example_trigger_target_dag.py took 0.051 seconds
[2025-12-05T01:09:07.737+0000] {processor.py:156} INFO - Started process (PID=9326) to work on /home/airflow/.local/lib/python3.7/site-packages/airflow/example_dags/example_trigger_target_dag.py
[2025-12-05T01:09:07.738+0000] {processor.py:758} INFO - Processing file /home/airflow/.local/lib/python3.7/site-packages/airflow/example_dags/example_trigger_target_dag.py for tasks to queue
[2025-12-05T01:09:07.739+0000] {logging_mixin.py:117} INFO - [2025-12-05T01:09:07.739+0000] {dagbag.py:525} INFO - Filling up the DagBag from /home/airflow/.local/lib/python3.7/site-packages/airflow/example_dags/example_trigger_target_dag.py
[2025-12-05T01:09:07.750+0000] {processor.py:768} INFO - DAG(s) dict_keys(['example_trigger_target_dag']) retrieved from /home/airflow/.local/lib/python3.7/site-packages/airflow/example_dags/example_trigger_target_dag.py
[2025-12-05T01:09:07.767+0000] {logging_mixin.py:117} INFO - [2025-12-05T01:09:07.766+0000] {dag.py:2573} INFO - Sync 1 DAGs
[2025-12-05T01:09:07.776+0000] {logging_mixin.py:117} INFO - [2025-12-05T01:09:07.776+0000] {dag.py:3328} INFO - Setting next_dagrun for example_trigger_target_dag to None, run_after=None
[2025-12-05T01:09:07.784+0000] {processor.py:178} INFO - Processing /home/airflow/.local/lib/python3.7/site-packages/airflow/example_dags/example_trigger_target_dag.py took 0.049 seconds
[2025-12-05T01:09:38.009+0000] {processor.py:156} INFO - Started process (PID=9527) to work on /home/airflow/.local/lib/python3.7/site-packages/airflow/example_dags/example_trigger_target_dag.py
[2025-12-05T01:09:38.013+0000] {processor.py:758} INFO - Processing file /home/airflow/.local/lib/python3.7/site-packages/airflow/example_dags/example_trigger_target_dag.py for tasks to queue
[2025-12-05T01:09:38.014+0000] {logging_mixin.py:117} INFO - [2025-12-05T01:09:38.014+0000] {dagbag.py:525} INFO - Filling up the DagBag from /home/airflow/.local/lib/python3.7/site-packages/airflow/example_dags/example_trigger_target_dag.py
[2025-12-05T01:09:38.025+0000] {processor.py:768} INFO - DAG(s) dict_keys(['example_trigger_target_dag']) retrieved from /home/airflow/.local/lib/python3.7/site-packages/airflow/example_dags/example_trigger_target_dag.py
[2025-12-05T01:09:38.047+0000] {logging_mixin.py:117} INFO - [2025-12-05T01:09:38.047+0000] {dag.py:2573} INFO - Sync 1 DAGs
[2025-12-05T01:09:38.058+0000] {logging_mixin.py:117} INFO - [2025-12-05T01:09:38.058+0000] {dag.py:3328} INFO - Setting next_dagrun for example_trigger_target_dag to None, run_after=None
[2025-12-05T01:09:38.069+0000] {processor.py:178} INFO - Processing /home/airflow/.local/lib/python3.7/site-packages/airflow/example_dags/example_trigger_target_dag.py took 0.061 seconds
[2025-12-05T01:10:09.000+0000] {processor.py:156} INFO - Started process (PID=9723) to work on /home/airflow/.local/lib/python3.7/site-packages/airflow/example_dags/example_trigger_target_dag.py
[2025-12-05T01:10:09.004+0000] {processor.py:758} INFO - Processing file /home/airflow/.local/lib/python3.7/site-packages/airflow/example_dags/example_trigger_target_dag.py for tasks to queue
[2025-12-05T01:10:09.004+0000] {logging_mixin.py:117} INFO - [2025-12-05T01:10:09.004+0000] {dagbag.py:525} INFO - Filling up the DagBag from /home/airflow/.local/lib/python3.7/site-packages/airflow/example_dags/example_trigger_target_dag.py
[2025-12-05T01:10:09.016+0000] {processor.py:768} INFO - DAG(s) dict_keys(['example_trigger_target_dag']) retrieved from /home/airflow/.local/lib/python3.7/site-packages/airflow/example_dags/example_trigger_target_dag.py
[2025-12-05T01:10:09.035+0000] {logging_mixin.py:117} INFO - [2025-12-05T01:10:09.035+0000] {dag.py:2573} INFO - Sync 1 DAGs
[2025-12-05T01:10:09.047+0000] {logging_mixin.py:117} INFO - [2025-12-05T01:10:09.046+0000] {dag.py:3328} INFO - Setting next_dagrun for example_trigger_target_dag to None, run_after=None
[2025-12-05T01:10:09.054+0000] {processor.py:178} INFO - Processing /home/airflow/.local/lib/python3.7/site-packages/airflow/example_dags/example_trigger_target_dag.py took 0.056 seconds
[2025-12-05T01:10:39.922+0000] {processor.py:156} INFO - Started process (PID=9929) to work on /home/airflow/.local/lib/python3.7/site-packages/airflow/example_dags/example_trigger_target_dag.py
[2025-12-05T01:10:39.923+0000] {processor.py:758} INFO - Processing file /home/airflow/.local/lib/python3.7/site-packages/airflow/example_dags/example_trigger_target_dag.py for tasks to queue
[2025-12-05T01:10:39.924+0000] {logging_mixin.py:117} INFO - [2025-12-05T01:10:39.924+0000] {dagbag.py:525} INFO - Filling up the DagBag from /home/airflow/.local/lib/python3.7/site-packages/airflow/example_dags/example_trigger_target_dag.py
[2025-12-05T01:10:39.936+0000] {processor.py:768} INFO - DAG(s) dict_keys(['example_trigger_target_dag']) retrieved from /home/airflow/.local/lib/python3.7/site-packages/airflow/example_dags/example_trigger_target_dag.py
[2025-12-05T01:10:39.959+0000] {logging_mixin.py:117} INFO - [2025-12-05T01:10:39.959+0000] {dag.py:2573} INFO - Sync 1 DAGs
[2025-12-05T01:10:39.974+0000] {logging_mixin.py:117} INFO - [2025-12-05T01:10:39.974+0000] {dag.py:3328} INFO - Setting next_dagrun for example_trigger_target_dag to None, run_after=None
[2025-12-05T01:10:39.984+0000] {processor.py:178} INFO - Processing /home/airflow/.local/lib/python3.7/site-packages/airflow/example_dags/example_trigger_target_dag.py took 0.063 seconds
[2025-12-05T01:11:10.874+0000] {processor.py:156} INFO - Started process (PID=10137) to work on /home/airflow/.local/lib/python3.7/site-packages/airflow/example_dags/example_trigger_target_dag.py
[2025-12-05T01:11:10.875+0000] {processor.py:758} INFO - Processing file /home/airflow/.local/lib/python3.7/site-packages/airflow/example_dags/example_trigger_target_dag.py for tasks to queue
[2025-12-05T01:11:10.876+0000] {logging_mixin.py:117} INFO - [2025-12-05T01:11:10.876+0000] {dagbag.py:525} INFO - Filling up the DagBag from /home/airflow/.local/lib/python3.7/site-packages/airflow/example_dags/example_trigger_target_dag.py
[2025-12-05T01:11:10.887+0000] {processor.py:768} INFO - DAG(s) dict_keys(['example_trigger_target_dag']) retrieved from /home/airflow/.local/lib/python3.7/site-packages/airflow/example_dags/example_trigger_target_dag.py
[2025-12-05T01:11:10.905+0000] {logging_mixin.py:117} INFO - [2025-12-05T01:11:10.905+0000] {dag.py:2573} INFO - Sync 1 DAGs
[2025-12-05T01:11:10.917+0000] {logging_mixin.py:117} INFO - [2025-12-05T01:11:10.917+0000] {dag.py:3328} INFO - Setting next_dagrun for example_trigger_target_dag to None, run_after=None
[2025-12-05T01:11:10.925+0000] {processor.py:178} INFO - Processing /home/airflow/.local/lib/python3.7/site-packages/airflow/example_dags/example_trigger_target_dag.py took 0.052 seconds
[2025-12-05T01:11:41.645+0000] {processor.py:156} INFO - Started process (PID=10337) to work on /home/airflow/.local/lib/python3.7/site-packages/airflow/example_dags/example_trigger_target_dag.py
[2025-12-05T01:11:41.646+0000] {processor.py:758} INFO - Processing file /home/airflow/.local/lib/python3.7/site-packages/airflow/example_dags/example_trigger_target_dag.py for tasks to queue
[2025-12-05T01:11:41.648+0000] {logging_mixin.py:117} INFO - [2025-12-05T01:11:41.648+0000] {dagbag.py:525} INFO - Filling up the DagBag from /home/airflow/.local/lib/python3.7/site-packages/airflow/example_dags/example_trigger_target_dag.py
[2025-12-05T01:11:41.661+0000] {processor.py:768} INFO - DAG(s) dict_keys(['example_trigger_target_dag']) retrieved from /home/airflow/.local/lib/python3.7/site-packages/airflow/example_dags/example_trigger_target_dag.py
[2025-12-05T01:11:41.682+0000] {logging_mixin.py:117} INFO - [2025-12-05T01:11:41.682+0000] {dag.py:2573} INFO - Sync 1 DAGs
[2025-12-05T01:11:41.693+0000] {logging_mixin.py:117} INFO - [2025-12-05T01:11:41.693+0000] {dag.py:3328} INFO - Setting next_dagrun for example_trigger_target_dag to None, run_after=None
[2025-12-05T01:11:41.700+0000] {processor.py:178} INFO - Processing /home/airflow/.local/lib/python3.7/site-packages/airflow/example_dags/example_trigger_target_dag.py took 0.058 seconds
[2025-12-05T01:12:12.960+0000] {processor.py:156} INFO - Started process (PID=10537) to work on /home/airflow/.local/lib/python3.7/site-packages/airflow/example_dags/example_trigger_target_dag.py
[2025-12-05T01:12:12.962+0000] {processor.py:758} INFO - Processing file /home/airflow/.local/lib/python3.7/site-packages/airflow/example_dags/example_trigger_target_dag.py for tasks to queue
[2025-12-05T01:12:12.963+0000] {logging_mixin.py:117} INFO - [2025-12-05T01:12:12.963+0000] {dagbag.py:525} INFO - Filling up the DagBag from /home/airflow/.local/lib/python3.7/site-packages/airflow/example_dags/example_trigger_target_dag.py
[2025-12-05T01:12:12.974+0000] {processor.py:768} INFO - DAG(s) dict_keys(['example_trigger_target_dag']) retrieved from /home/airflow/.local/lib/python3.7/site-packages/airflow/example_dags/example_trigger_target_dag.py
[2025-12-05T01:12:12.998+0000] {logging_mixin.py:117} INFO - [2025-12-05T01:12:12.998+0000] {dag.py:2573} INFO - Sync 1 DAGs
[2025-12-05T01:12:13.014+0000] {logging_mixin.py:117} INFO - [2025-12-05T01:12:13.014+0000] {dag.py:3328} INFO - Setting next_dagrun for example_trigger_target_dag to None, run_after=None
[2025-12-05T01:12:13.029+0000] {processor.py:178} INFO - Processing /home/airflow/.local/lib/python3.7/site-packages/airflow/example_dags/example_trigger_target_dag.py took 0.071 seconds
[2025-12-05T01:12:43.087+0000] {processor.py:156} INFO - Started process (PID=10738) to work on /home/airflow/.local/lib/python3.7/site-packages/airflow/example_dags/example_trigger_target_dag.py
[2025-12-05T01:12:43.089+0000] {processor.py:758} INFO - Processing file /home/airflow/.local/lib/python3.7/site-packages/airflow/example_dags/example_trigger_target_dag.py for tasks to queue
[2025-12-05T01:12:43.090+0000] {logging_mixin.py:117} INFO - [2025-12-05T01:12:43.090+0000] {dagbag.py:525} INFO - Filling up the DagBag from /home/airflow/.local/lib/python3.7/site-packages/airflow/example_dags/example_trigger_target_dag.py
[2025-12-05T01:12:43.101+0000] {processor.py:768} INFO - DAG(s) dict_keys(['example_trigger_target_dag']) retrieved from /home/airflow/.local/lib/python3.7/site-packages/airflow/example_dags/example_trigger_target_dag.py
[2025-12-05T01:12:43.114+0000] {logging_mixin.py:117} INFO - [2025-12-05T01:12:43.114+0000] {dag.py:2573} INFO - Sync 1 DAGs
[2025-12-05T01:12:43.127+0000] {logging_mixin.py:117} INFO - [2025-12-05T01:12:43.127+0000] {dag.py:3328} INFO - Setting next_dagrun for example_trigger_target_dag to None, run_after=None
[2025-12-05T01:12:43.137+0000] {processor.py:178} INFO - Processing /home/airflow/.local/lib/python3.7/site-packages/airflow/example_dags/example_trigger_target_dag.py took 0.052 seconds
[2025-12-05T01:13:14.210+0000] {processor.py:156} INFO - Started process (PID=10939) to work on /home/airflow/.local/lib/python3.7/site-packages/airflow/example_dags/example_trigger_target_dag.py
[2025-12-05T01:13:14.211+0000] {processor.py:758} INFO - Processing file /home/airflow/.local/lib/python3.7/site-packages/airflow/example_dags/example_trigger_target_dag.py for tasks to queue
[2025-12-05T01:13:14.212+0000] {logging_mixin.py:117} INFO - [2025-12-05T01:13:14.212+0000] {dagbag.py:525} INFO - Filling up the DagBag from /home/airflow/.local/lib/python3.7/site-packages/airflow/example_dags/example_trigger_target_dag.py
[2025-12-05T01:13:14.230+0000] {processor.py:768} INFO - DAG(s) dict_keys(['example_trigger_target_dag']) retrieved from /home/airflow/.local/lib/python3.7/site-packages/airflow/example_dags/example_trigger_target_dag.py
[2025-12-05T01:13:14.268+0000] {logging_mixin.py:117} INFO - [2025-12-05T01:13:14.268+0000] {dag.py:2573} INFO - Sync 1 DAGs
[2025-12-05T01:13:14.287+0000] {logging_mixin.py:117} INFO - [2025-12-05T01:13:14.287+0000] {dag.py:3328} INFO - Setting next_dagrun for example_trigger_target_dag to None, run_after=None
[2025-12-05T01:13:14.301+0000] {processor.py:178} INFO - Processing /home/airflow/.local/lib/python3.7/site-packages/airflow/example_dags/example_trigger_target_dag.py took 0.094 seconds
[2025-12-05T01:13:44.660+0000] {processor.py:156} INFO - Started process (PID=11140) to work on /home/airflow/.local/lib/python3.7/site-packages/airflow/example_dags/example_trigger_target_dag.py
[2025-12-05T01:13:44.664+0000] {processor.py:758} INFO - Processing file /home/airflow/.local/lib/python3.7/site-packages/airflow/example_dags/example_trigger_target_dag.py for tasks to queue
[2025-12-05T01:13:44.666+0000] {logging_mixin.py:117} INFO - [2025-12-05T01:13:44.665+0000] {dagbag.py:525} INFO - Filling up the DagBag from /home/airflow/.local/lib/python3.7/site-packages/airflow/example_dags/example_trigger_target_dag.py
[2025-12-05T01:13:44.677+0000] {processor.py:768} INFO - DAG(s) dict_keys(['example_trigger_target_dag']) retrieved from /home/airflow/.local/lib/python3.7/site-packages/airflow/example_dags/example_trigger_target_dag.py
[2025-12-05T01:13:44.700+0000] {logging_mixin.py:117} INFO - [2025-12-05T01:13:44.700+0000] {dag.py:2573} INFO - Sync 1 DAGs
[2025-12-05T01:13:44.713+0000] {logging_mixin.py:117} INFO - [2025-12-05T01:13:44.713+0000] {dag.py:3328} INFO - Setting next_dagrun for example_trigger_target_dag to None, run_after=None
[2025-12-05T01:13:44.728+0000] {processor.py:178} INFO - Processing /home/airflow/.local/lib/python3.7/site-packages/airflow/example_dags/example_trigger_target_dag.py took 0.069 seconds
[2025-12-05T01:14:15.363+0000] {processor.py:156} INFO - Started process (PID=11341) to work on /home/airflow/.local/lib/python3.7/site-packages/airflow/example_dags/example_trigger_target_dag.py
[2025-12-05T01:14:15.363+0000] {processor.py:758} INFO - Processing file /home/airflow/.local/lib/python3.7/site-packages/airflow/example_dags/example_trigger_target_dag.py for tasks to queue
[2025-12-05T01:14:15.365+0000] {logging_mixin.py:117} INFO - [2025-12-05T01:14:15.365+0000] {dagbag.py:525} INFO - Filling up the DagBag from /home/airflow/.local/lib/python3.7/site-packages/airflow/example_dags/example_trigger_target_dag.py
[2025-12-05T01:14:15.390+0000] {processor.py:768} INFO - DAG(s) dict_keys(['example_trigger_target_dag']) retrieved from /home/airflow/.local/lib/python3.7/site-packages/airflow/example_dags/example_trigger_target_dag.py
[2025-12-05T01:14:15.423+0000] {logging_mixin.py:117} INFO - [2025-12-05T01:14:15.423+0000] {dag.py:2573} INFO - Sync 1 DAGs
[2025-12-05T01:14:15.438+0000] {logging_mixin.py:117} INFO - [2025-12-05T01:14:15.438+0000] {dag.py:3328} INFO - Setting next_dagrun for example_trigger_target_dag to None, run_after=None
[2025-12-05T01:14:15.454+0000] {processor.py:178} INFO - Processing /home/airflow/.local/lib/python3.7/site-packages/airflow/example_dags/example_trigger_target_dag.py took 0.093 seconds
[2025-12-05T01:14:45.604+0000] {processor.py:156} INFO - Started process (PID=11544) to work on /home/airflow/.local/lib/python3.7/site-packages/airflow/example_dags/example_trigger_target_dag.py
[2025-12-05T01:14:45.604+0000] {processor.py:758} INFO - Processing file /home/airflow/.local/lib/python3.7/site-packages/airflow/example_dags/example_trigger_target_dag.py for tasks to queue
[2025-12-05T01:14:45.605+0000] {logging_mixin.py:117} INFO - [2025-12-05T01:14:45.605+0000] {dagbag.py:525} INFO - Filling up the DagBag from /home/airflow/.local/lib/python3.7/site-packages/airflow/example_dags/example_trigger_target_dag.py
[2025-12-05T01:14:45.617+0000] {processor.py:768} INFO - DAG(s) dict_keys(['example_trigger_target_dag']) retrieved from /home/airflow/.local/lib/python3.7/site-packages/airflow/example_dags/example_trigger_target_dag.py
[2025-12-05T01:14:45.639+0000] {logging_mixin.py:117} INFO - [2025-12-05T01:14:45.639+0000] {dag.py:2573} INFO - Sync 1 DAGs
[2025-12-05T01:14:45.653+0000] {logging_mixin.py:117} INFO - [2025-12-05T01:14:45.653+0000] {dag.py:3328} INFO - Setting next_dagrun for example_trigger_target_dag to None, run_after=None
[2025-12-05T01:14:45.667+0000] {processor.py:178} INFO - Processing /home/airflow/.local/lib/python3.7/site-packages/airflow/example_dags/example_trigger_target_dag.py took 0.065 seconds
[2025-12-05T01:15:16.913+0000] {processor.py:156} INFO - Started process (PID=11744) to work on /home/airflow/.local/lib/python3.7/site-packages/airflow/example_dags/example_trigger_target_dag.py
[2025-12-05T01:15:16.917+0000] {processor.py:758} INFO - Processing file /home/airflow/.local/lib/python3.7/site-packages/airflow/example_dags/example_trigger_target_dag.py for tasks to queue
[2025-12-05T01:15:16.917+0000] {logging_mixin.py:117} INFO - [2025-12-05T01:15:16.917+0000] {dagbag.py:525} INFO - Filling up the DagBag from /home/airflow/.local/lib/python3.7/site-packages/airflow/example_dags/example_trigger_target_dag.py
[2025-12-05T01:15:16.934+0000] {processor.py:768} INFO - DAG(s) dict_keys(['example_trigger_target_dag']) retrieved from /home/airflow/.local/lib/python3.7/site-packages/airflow/example_dags/example_trigger_target_dag.py
[2025-12-05T01:15:16.961+0000] {logging_mixin.py:117} INFO - [2025-12-05T01:15:16.961+0000] {dag.py:2573} INFO - Sync 1 DAGs
[2025-12-05T01:15:16.979+0000] {logging_mixin.py:117} INFO - [2025-12-05T01:15:16.979+0000] {dag.py:3328} INFO - Setting next_dagrun for example_trigger_target_dag to None, run_after=None
[2025-12-05T01:15:16.995+0000] {processor.py:178} INFO - Processing /home/airflow/.local/lib/python3.7/site-packages/airflow/example_dags/example_trigger_target_dag.py took 0.084 seconds
[2025-12-05T01:15:47.357+0000] {processor.py:156} INFO - Started process (PID=11945) to work on /home/airflow/.local/lib/python3.7/site-packages/airflow/example_dags/example_trigger_target_dag.py
[2025-12-05T01:15:47.359+0000] {processor.py:758} INFO - Processing file /home/airflow/.local/lib/python3.7/site-packages/airflow/example_dags/example_trigger_target_dag.py for tasks to queue
[2025-12-05T01:15:47.360+0000] {logging_mixin.py:117} INFO - [2025-12-05T01:15:47.360+0000] {dagbag.py:525} INFO - Filling up the DagBag from /home/airflow/.local/lib/python3.7/site-packages/airflow/example_dags/example_trigger_target_dag.py
[2025-12-05T01:15:47.373+0000] {processor.py:768} INFO - DAG(s) dict_keys(['example_trigger_target_dag']) retrieved from /home/airflow/.local/lib/python3.7/site-packages/airflow/example_dags/example_trigger_target_dag.py
[2025-12-05T01:15:47.401+0000] {logging_mixin.py:117} INFO - [2025-12-05T01:15:47.401+0000] {dag.py:2573} INFO - Sync 1 DAGs
[2025-12-05T01:15:47.417+0000] {logging_mixin.py:117} INFO - [2025-12-05T01:15:47.417+0000] {dag.py:3328} INFO - Setting next_dagrun for example_trigger_target_dag to None, run_after=None
[2025-12-05T01:15:47.434+0000] {processor.py:178} INFO - Processing /home/airflow/.local/lib/python3.7/site-packages/airflow/example_dags/example_trigger_target_dag.py took 0.079 seconds
[2025-12-05T01:16:18.411+0000] {processor.py:156} INFO - Started process (PID=12151) to work on /home/airflow/.local/lib/python3.7/site-packages/airflow/example_dags/example_trigger_target_dag.py
[2025-12-05T01:16:18.412+0000] {processor.py:758} INFO - Processing file /home/airflow/.local/lib/python3.7/site-packages/airflow/example_dags/example_trigger_target_dag.py for tasks to queue
[2025-12-05T01:16:18.414+0000] {logging_mixin.py:117} INFO - [2025-12-05T01:16:18.413+0000] {dagbag.py:525} INFO - Filling up the DagBag from /home/airflow/.local/lib/python3.7/site-packages/airflow/example_dags/example_trigger_target_dag.py
[2025-12-05T01:16:18.428+0000] {processor.py:768} INFO - DAG(s) dict_keys(['example_trigger_target_dag']) retrieved from /home/airflow/.local/lib/python3.7/site-packages/airflow/example_dags/example_trigger_target_dag.py
[2025-12-05T01:16:18.448+0000] {logging_mixin.py:117} INFO - [2025-12-05T01:16:18.448+0000] {dag.py:2573} INFO - Sync 1 DAGs
[2025-12-05T01:16:18.462+0000] {logging_mixin.py:117} INFO - [2025-12-05T01:16:18.462+0000] {dag.py:3328} INFO - Setting next_dagrun for example_trigger_target_dag to None, run_after=None
[2025-12-05T01:16:18.470+0000] {processor.py:178} INFO - Processing /home/airflow/.local/lib/python3.7/site-packages/airflow/example_dags/example_trigger_target_dag.py took 0.061 seconds
[2025-12-05T01:16:48.773+0000] {processor.py:156} INFO - Started process (PID=12362) to work on /home/airflow/.local/lib/python3.7/site-packages/airflow/example_dags/example_trigger_target_dag.py
[2025-12-05T01:16:48.775+0000] {processor.py:758} INFO - Processing file /home/airflow/.local/lib/python3.7/site-packages/airflow/example_dags/example_trigger_target_dag.py for tasks to queue
[2025-12-05T01:16:48.776+0000] {logging_mixin.py:117} INFO - [2025-12-05T01:16:48.776+0000] {dagbag.py:525} INFO - Filling up the DagBag from /home/airflow/.local/lib/python3.7/site-packages/airflow/example_dags/example_trigger_target_dag.py
[2025-12-05T01:16:48.791+0000] {processor.py:768} INFO - DAG(s) dict_keys(['example_trigger_target_dag']) retrieved from /home/airflow/.local/lib/python3.7/site-packages/airflow/example_dags/example_trigger_target_dag.py
[2025-12-05T01:16:48.811+0000] {logging_mixin.py:117} INFO - [2025-12-05T01:16:48.811+0000] {dag.py:2573} INFO - Sync 1 DAGs
[2025-12-05T01:16:48.823+0000] {logging_mixin.py:117} INFO - [2025-12-05T01:16:48.823+0000] {dag.py:3328} INFO - Setting next_dagrun for example_trigger_target_dag to None, run_after=None
[2025-12-05T01:16:48.831+0000] {processor.py:178} INFO - Processing /home/airflow/.local/lib/python3.7/site-packages/airflow/example_dags/example_trigger_target_dag.py took 0.061 seconds
[2025-12-05T01:17:19.338+0000] {processor.py:156} INFO - Started process (PID=12568) to work on /home/airflow/.local/lib/python3.7/site-packages/airflow/example_dags/example_trigger_target_dag.py
[2025-12-05T01:17:19.339+0000] {processor.py:758} INFO - Processing file /home/airflow/.local/lib/python3.7/site-packages/airflow/example_dags/example_trigger_target_dag.py for tasks to queue
[2025-12-05T01:17:19.339+0000] {logging_mixin.py:117} INFO - [2025-12-05T01:17:19.339+0000] {dagbag.py:525} INFO - Filling up the DagBag from /home/airflow/.local/lib/python3.7/site-packages/airflow/example_dags/example_trigger_target_dag.py
[2025-12-05T01:17:19.357+0000] {processor.py:768} INFO - DAG(s) dict_keys(['example_trigger_target_dag']) retrieved from /home/airflow/.local/lib/python3.7/site-packages/airflow/example_dags/example_trigger_target_dag.py
[2025-12-05T01:17:19.386+0000] {logging_mixin.py:117} INFO - [2025-12-05T01:17:19.386+0000] {dag.py:2573} INFO - Sync 1 DAGs
[2025-12-05T01:17:19.404+0000] {logging_mixin.py:117} INFO - [2025-12-05T01:17:19.404+0000] {dag.py:3328} INFO - Setting next_dagrun for example_trigger_target_dag to None, run_after=None
[2025-12-05T01:17:19.416+0000] {processor.py:178} INFO - Processing /home/airflow/.local/lib/python3.7/site-packages/airflow/example_dags/example_trigger_target_dag.py took 0.081 seconds
[2025-12-05T01:17:49.589+0000] {processor.py:156} INFO - Started process (PID=12778) to work on /home/airflow/.local/lib/python3.7/site-packages/airflow/example_dags/example_trigger_target_dag.py
[2025-12-05T01:17:49.590+0000] {processor.py:758} INFO - Processing file /home/airflow/.local/lib/python3.7/site-packages/airflow/example_dags/example_trigger_target_dag.py for tasks to queue
[2025-12-05T01:17:49.591+0000] {logging_mixin.py:117} INFO - [2025-12-05T01:17:49.591+0000] {dagbag.py:525} INFO - Filling up the DagBag from /home/airflow/.local/lib/python3.7/site-packages/airflow/example_dags/example_trigger_target_dag.py
[2025-12-05T01:17:49.604+0000] {processor.py:768} INFO - DAG(s) dict_keys(['example_trigger_target_dag']) retrieved from /home/airflow/.local/lib/python3.7/site-packages/airflow/example_dags/example_trigger_target_dag.py
[2025-12-05T01:17:49.634+0000] {logging_mixin.py:117} INFO - [2025-12-05T01:17:49.633+0000] {dag.py:2573} INFO - Sync 1 DAGs
[2025-12-05T01:17:49.653+0000] {logging_mixin.py:117} INFO - [2025-12-05T01:17:49.653+0000] {dag.py:3328} INFO - Setting next_dagrun for example_trigger_target_dag to None, run_after=None
[2025-12-05T01:17:49.662+0000] {processor.py:178} INFO - Processing /home/airflow/.local/lib/python3.7/site-packages/airflow/example_dags/example_trigger_target_dag.py took 0.074 seconds
[2025-12-05T01:18:19.824+0000] {processor.py:156} INFO - Started process (PID=12984) to work on /home/airflow/.local/lib/python3.7/site-packages/airflow/example_dags/example_trigger_target_dag.py
[2025-12-05T01:18:19.826+0000] {processor.py:758} INFO - Processing file /home/airflow/.local/lib/python3.7/site-packages/airflow/example_dags/example_trigger_target_dag.py for tasks to queue
[2025-12-05T01:18:19.826+0000] {logging_mixin.py:117} INFO - [2025-12-05T01:18:19.826+0000] {dagbag.py:525} INFO - Filling up the DagBag from /home/airflow/.local/lib/python3.7/site-packages/airflow/example_dags/example_trigger_target_dag.py
[2025-12-05T01:18:19.844+0000] {processor.py:768} INFO - DAG(s) dict_keys(['example_trigger_target_dag']) retrieved from /home/airflow/.local/lib/python3.7/site-packages/airflow/example_dags/example_trigger_target_dag.py
[2025-12-05T01:18:19.877+0000] {logging_mixin.py:117} INFO - [2025-12-05T01:18:19.877+0000] {dag.py:2573} INFO - Sync 1 DAGs
[2025-12-05T01:18:19.895+0000] {logging_mixin.py:117} INFO - [2025-12-05T01:18:19.895+0000] {dag.py:3328} INFO - Setting next_dagrun for example_trigger_target_dag to None, run_after=None
[2025-12-05T01:18:19.917+0000] {processor.py:178} INFO - Processing /home/airflow/.local/lib/python3.7/site-packages/airflow/example_dags/example_trigger_target_dag.py took 0.096 seconds
[2025-12-05T01:18:50.097+0000] {processor.py:156} INFO - Started process (PID=13190) to work on /home/airflow/.local/lib/python3.7/site-packages/airflow/example_dags/example_trigger_target_dag.py
[2025-12-05T01:18:50.097+0000] {processor.py:758} INFO - Processing file /home/airflow/.local/lib/python3.7/site-packages/airflow/example_dags/example_trigger_target_dag.py for tasks to queue
[2025-12-05T01:18:50.098+0000] {logging_mixin.py:117} INFO - [2025-12-05T01:18:50.098+0000] {dagbag.py:525} INFO - Filling up the DagBag from /home/airflow/.local/lib/python3.7/site-packages/airflow/example_dags/example_trigger_target_dag.py
[2025-12-05T01:18:50.111+0000] {processor.py:768} INFO - DAG(s) dict_keys(['example_trigger_target_dag']) retrieved from /home/airflow/.local/lib/python3.7/site-packages/airflow/example_dags/example_trigger_target_dag.py
[2025-12-05T01:18:50.228+0000] {logging_mixin.py:117} INFO - [2025-12-05T01:18:50.228+0000] {dag.py:2573} INFO - Sync 1 DAGs
[2025-12-05T01:18:50.243+0000] {logging_mixin.py:117} INFO - [2025-12-05T01:18:50.243+0000] {dag.py:3328} INFO - Setting next_dagrun for example_trigger_target_dag to None, run_after=None
[2025-12-05T01:18:50.252+0000] {processor.py:178} INFO - Processing /home/airflow/.local/lib/python3.7/site-packages/airflow/example_dags/example_trigger_target_dag.py took 0.158 seconds
[2025-12-05T01:19:21.027+0000] {processor.py:156} INFO - Started process (PID=13396) to work on /home/airflow/.local/lib/python3.7/site-packages/airflow/example_dags/example_trigger_target_dag.py
[2025-12-05T01:19:21.027+0000] {processor.py:758} INFO - Processing file /home/airflow/.local/lib/python3.7/site-packages/airflow/example_dags/example_trigger_target_dag.py for tasks to queue
[2025-12-05T01:19:21.029+0000] {logging_mixin.py:117} INFO - [2025-12-05T01:19:21.029+0000] {dagbag.py:525} INFO - Filling up the DagBag from /home/airflow/.local/lib/python3.7/site-packages/airflow/example_dags/example_trigger_target_dag.py
[2025-12-05T01:19:21.040+0000] {processor.py:768} INFO - DAG(s) dict_keys(['example_trigger_target_dag']) retrieved from /home/airflow/.local/lib/python3.7/site-packages/airflow/example_dags/example_trigger_target_dag.py
[2025-12-05T01:19:21.062+0000] {logging_mixin.py:117} INFO - [2025-12-05T01:19:21.062+0000] {dag.py:2573} INFO - Sync 1 DAGs
[2025-12-05T01:19:21.077+0000] {logging_mixin.py:117} INFO - [2025-12-05T01:19:21.076+0000] {dag.py:3328} INFO - Setting next_dagrun for example_trigger_target_dag to None, run_after=None
[2025-12-05T01:19:21.086+0000] {processor.py:178} INFO - Processing /home/airflow/.local/lib/python3.7/site-packages/airflow/example_dags/example_trigger_target_dag.py took 0.060 seconds
[2025-12-05T01:19:51.942+0000] {processor.py:156} INFO - Started process (PID=13602) to work on /home/airflow/.local/lib/python3.7/site-packages/airflow/example_dags/example_trigger_target_dag.py
[2025-12-05T01:19:51.942+0000] {processor.py:758} INFO - Processing file /home/airflow/.local/lib/python3.7/site-packages/airflow/example_dags/example_trigger_target_dag.py for tasks to queue
[2025-12-05T01:19:51.944+0000] {logging_mixin.py:117} INFO - [2025-12-05T01:19:51.944+0000] {dagbag.py:525} INFO - Filling up the DagBag from /home/airflow/.local/lib/python3.7/site-packages/airflow/example_dags/example_trigger_target_dag.py
[2025-12-05T01:19:51.963+0000] {processor.py:768} INFO - DAG(s) dict_keys(['example_trigger_target_dag']) retrieved from /home/airflow/.local/lib/python3.7/site-packages/airflow/example_dags/example_trigger_target_dag.py
[2025-12-05T01:19:51.989+0000] {logging_mixin.py:117} INFO - [2025-12-05T01:19:51.989+0000] {dag.py:2573} INFO - Sync 1 DAGs
[2025-12-05T01:19:52.003+0000] {logging_mixin.py:117} INFO - [2025-12-05T01:19:52.003+0000] {dag.py:3328} INFO - Setting next_dagrun for example_trigger_target_dag to None, run_after=None
[2025-12-05T01:19:52.013+0000] {processor.py:178} INFO - Processing /home/airflow/.local/lib/python3.7/site-packages/airflow/example_dags/example_trigger_target_dag.py took 0.076 seconds
[2025-12-05T01:20:22.805+0000] {processor.py:156} INFO - Started process (PID=13808) to work on /home/airflow/.local/lib/python3.7/site-packages/airflow/example_dags/example_trigger_target_dag.py
[2025-12-05T01:20:22.807+0000] {processor.py:758} INFO - Processing file /home/airflow/.local/lib/python3.7/site-packages/airflow/example_dags/example_trigger_target_dag.py for tasks to queue
[2025-12-05T01:20:22.808+0000] {logging_mixin.py:117} INFO - [2025-12-05T01:20:22.808+0000] {dagbag.py:525} INFO - Filling up the DagBag from /home/airflow/.local/lib/python3.7/site-packages/airflow/example_dags/example_trigger_target_dag.py
[2025-12-05T01:20:22.820+0000] {processor.py:768} INFO - DAG(s) dict_keys(['example_trigger_target_dag']) retrieved from /home/airflow/.local/lib/python3.7/site-packages/airflow/example_dags/example_trigger_target_dag.py
[2025-12-05T01:20:22.844+0000] {logging_mixin.py:117} INFO - [2025-12-05T01:20:22.844+0000] {dag.py:2573} INFO - Sync 1 DAGs
[2025-12-05T01:20:22.854+0000] {logging_mixin.py:117} INFO - [2025-12-05T01:20:22.854+0000] {dag.py:3328} INFO - Setting next_dagrun for example_trigger_target_dag to None, run_after=None
[2025-12-05T01:20:22.862+0000] {processor.py:178} INFO - Processing /home/airflow/.local/lib/python3.7/site-packages/airflow/example_dags/example_trigger_target_dag.py took 0.059 seconds
[2025-12-05T01:20:53.782+0000] {processor.py:156} INFO - Started process (PID=14014) to work on /home/airflow/.local/lib/python3.7/site-packages/airflow/example_dags/example_trigger_target_dag.py
[2025-12-05T01:20:53.783+0000] {processor.py:758} INFO - Processing file /home/airflow/.local/lib/python3.7/site-packages/airflow/example_dags/example_trigger_target_dag.py for tasks to queue
[2025-12-05T01:20:53.783+0000] {logging_mixin.py:117} INFO - [2025-12-05T01:20:53.783+0000] {dagbag.py:525} INFO - Filling up the DagBag from /home/airflow/.local/lib/python3.7/site-packages/airflow/example_dags/example_trigger_target_dag.py
[2025-12-05T01:20:53.795+0000] {processor.py:768} INFO - DAG(s) dict_keys(['example_trigger_target_dag']) retrieved from /home/airflow/.local/lib/python3.7/site-packages/airflow/example_dags/example_trigger_target_dag.py
[2025-12-05T01:20:53.814+0000] {logging_mixin.py:117} INFO - [2025-12-05T01:20:53.814+0000] {dag.py:2573} INFO - Sync 1 DAGs
[2025-12-05T01:20:53.825+0000] {logging_mixin.py:117} INFO - [2025-12-05T01:20:53.825+0000] {dag.py:3328} INFO - Setting next_dagrun for example_trigger_target_dag to None, run_after=None
[2025-12-05T01:20:53.834+0000] {processor.py:178} INFO - Processing /home/airflow/.local/lib/python3.7/site-packages/airflow/example_dags/example_trigger_target_dag.py took 0.053 seconds
