[2025-12-05T00:46:03.570+0000] {processor.py:156} INFO - Started process (PID=199) to work on /home/airflow/.local/lib/python3.7/site-packages/airflow/example_dags/example_skip_dag.py
[2025-12-05T00:46:03.571+0000] {processor.py:758} INFO - Processing file /home/airflow/.local/lib/python3.7/site-packages/airflow/example_dags/example_skip_dag.py for tasks to queue
[2025-12-05T00:46:03.572+0000] {logging_mixin.py:117} INFO - [2025-12-05T00:46:03.572+0000] {dagbag.py:525} INFO - Filling up the DagBag from /home/airflow/.local/lib/python3.7/site-packages/airflow/example_dags/example_skip_dag.py
[2025-12-05T00:46:03.583+0000] {processor.py:768} INFO - DAG(s) dict_keys(['example_skip_dag']) retrieved from /home/airflow/.local/lib/python3.7/site-packages/airflow/example_dags/example_skip_dag.py
[2025-12-05T00:46:03.644+0000] {logging_mixin.py:117} INFO - [2025-12-05T00:46:03.644+0000] {manager.py:508} INFO - Created Permission View: can read on DAG:example_skip_dag
[2025-12-05T00:46:03.650+0000] {logging_mixin.py:117} INFO - [2025-12-05T00:46:03.650+0000] {manager.py:508} INFO - Created Permission View: can delete on DAG:example_skip_dag
[2025-12-05T00:46:03.654+0000] {logging_mixin.py:117} INFO - [2025-12-05T00:46:03.654+0000] {manager.py:508} INFO - Created Permission View: can edit on DAG:example_skip_dag
[2025-12-05T00:46:03.654+0000] {logging_mixin.py:117} INFO - [2025-12-05T00:46:03.654+0000] {dag.py:2573} INFO - Sync 1 DAGs
[2025-12-05T00:46:03.661+0000] {logging_mixin.py:117} INFO - [2025-12-05T00:46:03.661+0000] {dag.py:2594} INFO - Creating ORM DAG for example_skip_dag
[2025-12-05T00:46:03.770+0000] {logging_mixin.py:117} INFO - [2025-12-05T00:46:03.770+0000] {dag.py:3328} INFO - Setting next_dagrun for example_skip_dag to 2025-12-04T00:46:03.770218+00:00, run_after=2025-12-05T00:46:03.770218+00:00
[2025-12-05T00:46:03.780+0000] {processor.py:178} INFO - Processing /home/airflow/.local/lib/python3.7/site-packages/airflow/example_dags/example_skip_dag.py took 0.211 seconds
[2025-12-05T00:46:34.245+0000] {processor.py:156} INFO - Started process (PID=400) to work on /home/airflow/.local/lib/python3.7/site-packages/airflow/example_dags/example_skip_dag.py
[2025-12-05T00:46:34.245+0000] {processor.py:758} INFO - Processing file /home/airflow/.local/lib/python3.7/site-packages/airflow/example_dags/example_skip_dag.py for tasks to queue
[2025-12-05T00:46:34.246+0000] {logging_mixin.py:117} INFO - [2025-12-05T00:46:34.246+0000] {dagbag.py:525} INFO - Filling up the DagBag from /home/airflow/.local/lib/python3.7/site-packages/airflow/example_dags/example_skip_dag.py
[2025-12-05T00:46:34.252+0000] {processor.py:768} INFO - DAG(s) dict_keys(['example_skip_dag']) retrieved from /home/airflow/.local/lib/python3.7/site-packages/airflow/example_dags/example_skip_dag.py
[2025-12-05T00:46:34.277+0000] {logging_mixin.py:117} INFO - [2025-12-05T00:46:34.277+0000] {dag.py:2573} INFO - Sync 1 DAGs
[2025-12-05T00:46:34.290+0000] {logging_mixin.py:117} INFO - [2025-12-05T00:46:34.290+0000] {dag.py:3328} INFO - Setting next_dagrun for example_skip_dag to 2025-12-04T00:46:34.290739+00:00, run_after=2025-12-05T00:46:34.290739+00:00
[2025-12-05T00:46:34.301+0000] {processor.py:178} INFO - Processing /home/airflow/.local/lib/python3.7/site-packages/airflow/example_dags/example_skip_dag.py took 0.058 seconds
[2025-12-05T00:47:05.265+0000] {processor.py:156} INFO - Started process (PID=600) to work on /home/airflow/.local/lib/python3.7/site-packages/airflow/example_dags/example_skip_dag.py
[2025-12-05T00:47:05.266+0000] {processor.py:758} INFO - Processing file /home/airflow/.local/lib/python3.7/site-packages/airflow/example_dags/example_skip_dag.py for tasks to queue
[2025-12-05T00:47:05.266+0000] {logging_mixin.py:117} INFO - [2025-12-05T00:47:05.266+0000] {dagbag.py:525} INFO - Filling up the DagBag from /home/airflow/.local/lib/python3.7/site-packages/airflow/example_dags/example_skip_dag.py
[2025-12-05T00:47:05.275+0000] {processor.py:768} INFO - DAG(s) dict_keys(['example_skip_dag']) retrieved from /home/airflow/.local/lib/python3.7/site-packages/airflow/example_dags/example_skip_dag.py
[2025-12-05T00:47:05.295+0000] {logging_mixin.py:117} INFO - [2025-12-05T00:47:05.295+0000] {dag.py:2573} INFO - Sync 1 DAGs
[2025-12-05T00:47:05.307+0000] {logging_mixin.py:117} INFO - [2025-12-05T00:47:05.307+0000] {dag.py:3328} INFO - Setting next_dagrun for example_skip_dag to 2025-12-04T00:47:05.307627+00:00, run_after=2025-12-05T00:47:05.307627+00:00
[2025-12-05T00:47:05.316+0000] {processor.py:178} INFO - Processing /home/airflow/.local/lib/python3.7/site-packages/airflow/example_dags/example_skip_dag.py took 0.053 seconds
[2025-12-05T00:47:36.776+0000] {processor.py:156} INFO - Started process (PID=801) to work on /home/airflow/.local/lib/python3.7/site-packages/airflow/example_dags/example_skip_dag.py
[2025-12-05T00:47:36.778+0000] {processor.py:758} INFO - Processing file /home/airflow/.local/lib/python3.7/site-packages/airflow/example_dags/example_skip_dag.py for tasks to queue
[2025-12-05T00:47:36.779+0000] {logging_mixin.py:117} INFO - [2025-12-05T00:47:36.779+0000] {dagbag.py:525} INFO - Filling up the DagBag from /home/airflow/.local/lib/python3.7/site-packages/airflow/example_dags/example_skip_dag.py
[2025-12-05T00:47:36.786+0000] {processor.py:768} INFO - DAG(s) dict_keys(['example_skip_dag']) retrieved from /home/airflow/.local/lib/python3.7/site-packages/airflow/example_dags/example_skip_dag.py
[2025-12-05T00:47:36.806+0000] {logging_mixin.py:117} INFO - [2025-12-05T00:47:36.806+0000] {dag.py:2573} INFO - Sync 1 DAGs
[2025-12-05T00:47:36.817+0000] {logging_mixin.py:117} INFO - [2025-12-05T00:47:36.817+0000] {dag.py:3328} INFO - Setting next_dagrun for example_skip_dag to 2025-12-04T00:47:36.817707+00:00, run_after=2025-12-05T00:47:36.817707+00:00
[2025-12-05T00:47:36.826+0000] {processor.py:178} INFO - Processing /home/airflow/.local/lib/python3.7/site-packages/airflow/example_dags/example_skip_dag.py took 0.051 seconds
[2025-12-05T00:48:07.430+0000] {processor.py:156} INFO - Started process (PID=1002) to work on /home/airflow/.local/lib/python3.7/site-packages/airflow/example_dags/example_skip_dag.py
[2025-12-05T00:48:07.431+0000] {processor.py:758} INFO - Processing file /home/airflow/.local/lib/python3.7/site-packages/airflow/example_dags/example_skip_dag.py for tasks to queue
[2025-12-05T00:48:07.432+0000] {logging_mixin.py:117} INFO - [2025-12-05T00:48:07.432+0000] {dagbag.py:525} INFO - Filling up the DagBag from /home/airflow/.local/lib/python3.7/site-packages/airflow/example_dags/example_skip_dag.py
[2025-12-05T00:48:07.440+0000] {processor.py:768} INFO - DAG(s) dict_keys(['example_skip_dag']) retrieved from /home/airflow/.local/lib/python3.7/site-packages/airflow/example_dags/example_skip_dag.py
[2025-12-05T00:48:07.460+0000] {logging_mixin.py:117} INFO - [2025-12-05T00:48:07.460+0000] {dag.py:2573} INFO - Sync 1 DAGs
[2025-12-05T00:48:07.471+0000] {logging_mixin.py:117} INFO - [2025-12-05T00:48:07.471+0000] {dag.py:3328} INFO - Setting next_dagrun for example_skip_dag to 2025-12-04T00:48:07.471779+00:00, run_after=2025-12-05T00:48:07.471779+00:00
[2025-12-05T00:48:07.579+0000] {processor.py:178} INFO - Processing /home/airflow/.local/lib/python3.7/site-packages/airflow/example_dags/example_skip_dag.py took 0.151 seconds
[2025-12-05T00:48:38.484+0000] {processor.py:156} INFO - Started process (PID=1203) to work on /home/airflow/.local/lib/python3.7/site-packages/airflow/example_dags/example_skip_dag.py
[2025-12-05T00:48:38.485+0000] {processor.py:758} INFO - Processing file /home/airflow/.local/lib/python3.7/site-packages/airflow/example_dags/example_skip_dag.py for tasks to queue
[2025-12-05T00:48:38.485+0000] {logging_mixin.py:117} INFO - [2025-12-05T00:48:38.485+0000] {dagbag.py:525} INFO - Filling up the DagBag from /home/airflow/.local/lib/python3.7/site-packages/airflow/example_dags/example_skip_dag.py
[2025-12-05T00:48:38.494+0000] {processor.py:768} INFO - DAG(s) dict_keys(['example_skip_dag']) retrieved from /home/airflow/.local/lib/python3.7/site-packages/airflow/example_dags/example_skip_dag.py
[2025-12-05T00:48:38.520+0000] {logging_mixin.py:117} INFO - [2025-12-05T00:48:38.520+0000] {dag.py:2573} INFO - Sync 1 DAGs
[2025-12-05T00:48:38.813+0000] {logging_mixin.py:117} INFO - [2025-12-05T00:48:38.813+0000] {dag.py:3328} INFO - Setting next_dagrun for example_skip_dag to 2025-12-04T00:48:38.812812+00:00, run_after=2025-12-05T00:48:38.812812+00:00
[2025-12-05T00:48:38.839+0000] {processor.py:178} INFO - Processing /home/airflow/.local/lib/python3.7/site-packages/airflow/example_dags/example_skip_dag.py took 0.358 seconds
[2025-12-05T00:49:09.254+0000] {processor.py:156} INFO - Started process (PID=1411) to work on /home/airflow/.local/lib/python3.7/site-packages/airflow/example_dags/example_skip_dag.py
[2025-12-05T00:49:09.255+0000] {processor.py:758} INFO - Processing file /home/airflow/.local/lib/python3.7/site-packages/airflow/example_dags/example_skip_dag.py for tasks to queue
[2025-12-05T00:49:09.255+0000] {logging_mixin.py:117} INFO - [2025-12-05T00:49:09.255+0000] {dagbag.py:525} INFO - Filling up the DagBag from /home/airflow/.local/lib/python3.7/site-packages/airflow/example_dags/example_skip_dag.py
[2025-12-05T00:49:09.263+0000] {processor.py:768} INFO - DAG(s) dict_keys(['example_skip_dag']) retrieved from /home/airflow/.local/lib/python3.7/site-packages/airflow/example_dags/example_skip_dag.py
[2025-12-05T00:49:09.403+0000] {logging_mixin.py:117} INFO - [2025-12-05T00:49:09.403+0000] {dag.py:2573} INFO - Sync 1 DAGs
[2025-12-05T00:49:09.417+0000] {logging_mixin.py:117} INFO - [2025-12-05T00:49:09.417+0000] {dag.py:3328} INFO - Setting next_dagrun for example_skip_dag to 2025-12-04T00:49:09.417314+00:00, run_after=2025-12-05T00:49:09.417314+00:00
[2025-12-05T00:49:09.429+0000] {processor.py:178} INFO - Processing /home/airflow/.local/lib/python3.7/site-packages/airflow/example_dags/example_skip_dag.py took 0.176 seconds
[2025-12-05T00:49:40.080+0000] {processor.py:156} INFO - Started process (PID=1612) to work on /home/airflow/.local/lib/python3.7/site-packages/airflow/example_dags/example_skip_dag.py
[2025-12-05T00:49:40.081+0000] {processor.py:758} INFO - Processing file /home/airflow/.local/lib/python3.7/site-packages/airflow/example_dags/example_skip_dag.py for tasks to queue
[2025-12-05T00:49:40.081+0000] {logging_mixin.py:117} INFO - [2025-12-05T00:49:40.081+0000] {dagbag.py:525} INFO - Filling up the DagBag from /home/airflow/.local/lib/python3.7/site-packages/airflow/example_dags/example_skip_dag.py
[2025-12-05T00:49:40.088+0000] {processor.py:768} INFO - DAG(s) dict_keys(['example_skip_dag']) retrieved from /home/airflow/.local/lib/python3.7/site-packages/airflow/example_dags/example_skip_dag.py
[2025-12-05T00:49:40.216+0000] {logging_mixin.py:117} INFO - [2025-12-05T00:49:40.216+0000] {dag.py:2573} INFO - Sync 1 DAGs
[2025-12-05T00:49:40.230+0000] {logging_mixin.py:117} INFO - [2025-12-05T00:49:40.230+0000] {dag.py:3328} INFO - Setting next_dagrun for example_skip_dag to 2025-12-04T00:49:40.230088+00:00, run_after=2025-12-05T00:49:40.230088+00:00
[2025-12-05T00:49:40.242+0000] {processor.py:178} INFO - Processing /home/airflow/.local/lib/python3.7/site-packages/airflow/example_dags/example_skip_dag.py took 0.163 seconds
[2025-12-05T00:50:10.785+0000] {processor.py:156} INFO - Started process (PID=1816) to work on /home/airflow/.local/lib/python3.7/site-packages/airflow/example_dags/example_skip_dag.py
[2025-12-05T00:50:10.786+0000] {processor.py:758} INFO - Processing file /home/airflow/.local/lib/python3.7/site-packages/airflow/example_dags/example_skip_dag.py for tasks to queue
[2025-12-05T00:50:10.786+0000] {logging_mixin.py:117} INFO - [2025-12-05T00:50:10.786+0000] {dagbag.py:525} INFO - Filling up the DagBag from /home/airflow/.local/lib/python3.7/site-packages/airflow/example_dags/example_skip_dag.py
[2025-12-05T00:50:10.792+0000] {processor.py:768} INFO - DAG(s) dict_keys(['example_skip_dag']) retrieved from /home/airflow/.local/lib/python3.7/site-packages/airflow/example_dags/example_skip_dag.py
[2025-12-05T00:50:10.814+0000] {logging_mixin.py:117} INFO - [2025-12-05T00:50:10.814+0000] {dag.py:2573} INFO - Sync 1 DAGs
[2025-12-05T00:50:10.827+0000] {logging_mixin.py:117} INFO - [2025-12-05T00:50:10.827+0000] {dag.py:3328} INFO - Setting next_dagrun for example_skip_dag to 2025-12-04T00:50:10.827144+00:00, run_after=2025-12-05T00:50:10.827144+00:00
[2025-12-05T00:50:10.906+0000] {processor.py:178} INFO - Processing /home/airflow/.local/lib/python3.7/site-packages/airflow/example_dags/example_skip_dag.py took 0.122 seconds
[2025-12-05T00:50:41.476+0000] {processor.py:156} INFO - Started process (PID=2015) to work on /home/airflow/.local/lib/python3.7/site-packages/airflow/example_dags/example_skip_dag.py
[2025-12-05T00:50:41.477+0000] {processor.py:758} INFO - Processing file /home/airflow/.local/lib/python3.7/site-packages/airflow/example_dags/example_skip_dag.py for tasks to queue
[2025-12-05T00:50:41.477+0000] {logging_mixin.py:117} INFO - [2025-12-05T00:50:41.477+0000] {dagbag.py:525} INFO - Filling up the DagBag from /home/airflow/.local/lib/python3.7/site-packages/airflow/example_dags/example_skip_dag.py
[2025-12-05T00:50:41.486+0000] {processor.py:768} INFO - DAG(s) dict_keys(['example_skip_dag']) retrieved from /home/airflow/.local/lib/python3.7/site-packages/airflow/example_dags/example_skip_dag.py
[2025-12-05T00:50:41.507+0000] {logging_mixin.py:117} INFO - [2025-12-05T00:50:41.507+0000] {dag.py:2573} INFO - Sync 1 DAGs
[2025-12-05T00:50:41.617+0000] {logging_mixin.py:117} INFO - [2025-12-05T00:50:41.617+0000] {dag.py:3328} INFO - Setting next_dagrun for example_skip_dag to 2025-12-04T00:50:41.617207+00:00, run_after=2025-12-05T00:50:41.617207+00:00
[2025-12-05T00:50:41.632+0000] {processor.py:178} INFO - Processing /home/airflow/.local/lib/python3.7/site-packages/airflow/example_dags/example_skip_dag.py took 0.159 seconds
[2025-12-05T00:51:12.403+0000] {processor.py:156} INFO - Started process (PID=2216) to work on /home/airflow/.local/lib/python3.7/site-packages/airflow/example_dags/example_skip_dag.py
[2025-12-05T00:51:12.404+0000] {processor.py:758} INFO - Processing file /home/airflow/.local/lib/python3.7/site-packages/airflow/example_dags/example_skip_dag.py for tasks to queue
[2025-12-05T00:51:12.404+0000] {logging_mixin.py:117} INFO - [2025-12-05T00:51:12.404+0000] {dagbag.py:525} INFO - Filling up the DagBag from /home/airflow/.local/lib/python3.7/site-packages/airflow/example_dags/example_skip_dag.py
[2025-12-05T00:51:12.411+0000] {processor.py:768} INFO - DAG(s) dict_keys(['example_skip_dag']) retrieved from /home/airflow/.local/lib/python3.7/site-packages/airflow/example_dags/example_skip_dag.py
[2025-12-05T00:51:12.521+0000] {logging_mixin.py:117} INFO - [2025-12-05T00:51:12.521+0000] {dag.py:2573} INFO - Sync 1 DAGs
[2025-12-05T00:51:12.537+0000] {logging_mixin.py:117} INFO - [2025-12-05T00:51:12.537+0000] {dag.py:3328} INFO - Setting next_dagrun for example_skip_dag to 2025-12-04T00:51:12.537075+00:00, run_after=2025-12-05T00:51:12.537075+00:00
[2025-12-05T00:51:12.544+0000] {processor.py:178} INFO - Processing /home/airflow/.local/lib/python3.7/site-packages/airflow/example_dags/example_skip_dag.py took 0.143 seconds
[2025-12-05T00:51:42.932+0000] {processor.py:156} INFO - Started process (PID=2417) to work on /home/airflow/.local/lib/python3.7/site-packages/airflow/example_dags/example_skip_dag.py
[2025-12-05T00:51:42.932+0000] {processor.py:758} INFO - Processing file /home/airflow/.local/lib/python3.7/site-packages/airflow/example_dags/example_skip_dag.py for tasks to queue
[2025-12-05T00:51:42.933+0000] {logging_mixin.py:117} INFO - [2025-12-05T00:51:42.933+0000] {dagbag.py:525} INFO - Filling up the DagBag from /home/airflow/.local/lib/python3.7/site-packages/airflow/example_dags/example_skip_dag.py
[2025-12-05T00:51:42.943+0000] {processor.py:768} INFO - DAG(s) dict_keys(['example_skip_dag']) retrieved from /home/airflow/.local/lib/python3.7/site-packages/airflow/example_dags/example_skip_dag.py
[2025-12-05T00:51:43.059+0000] {logging_mixin.py:117} INFO - [2025-12-05T00:51:43.059+0000] {dag.py:2573} INFO - Sync 1 DAGs
[2025-12-05T00:51:43.069+0000] {logging_mixin.py:117} INFO - [2025-12-05T00:51:43.069+0000] {dag.py:3328} INFO - Setting next_dagrun for example_skip_dag to 2025-12-04T00:51:43.069628+00:00, run_after=2025-12-05T00:51:43.069628+00:00
[2025-12-05T00:51:43.079+0000] {processor.py:178} INFO - Processing /home/airflow/.local/lib/python3.7/site-packages/airflow/example_dags/example_skip_dag.py took 0.150 seconds
[2025-12-05T00:52:13.657+0000] {processor.py:156} INFO - Started process (PID=2618) to work on /home/airflow/.local/lib/python3.7/site-packages/airflow/example_dags/example_skip_dag.py
[2025-12-05T00:52:13.657+0000] {processor.py:758} INFO - Processing file /home/airflow/.local/lib/python3.7/site-packages/airflow/example_dags/example_skip_dag.py for tasks to queue
[2025-12-05T00:52:13.657+0000] {logging_mixin.py:117} INFO - [2025-12-05T00:52:13.657+0000] {dagbag.py:525} INFO - Filling up the DagBag from /home/airflow/.local/lib/python3.7/site-packages/airflow/example_dags/example_skip_dag.py
[2025-12-05T00:52:13.663+0000] {processor.py:768} INFO - DAG(s) dict_keys(['example_skip_dag']) retrieved from /home/airflow/.local/lib/python3.7/site-packages/airflow/example_dags/example_skip_dag.py
[2025-12-05T00:52:13.683+0000] {logging_mixin.py:117} INFO - [2025-12-05T00:52:13.683+0000] {dag.py:2573} INFO - Sync 1 DAGs
[2025-12-05T00:52:13.695+0000] {logging_mixin.py:117} INFO - [2025-12-05T00:52:13.695+0000] {dag.py:3328} INFO - Setting next_dagrun for example_skip_dag to 2025-12-04T00:52:13.695496+00:00, run_after=2025-12-05T00:52:13.695496+00:00
[2025-12-05T00:52:13.784+0000] {processor.py:178} INFO - Processing /home/airflow/.local/lib/python3.7/site-packages/airflow/example_dags/example_skip_dag.py took 0.128 seconds
[2025-12-05T00:52:44.239+0000] {processor.py:156} INFO - Started process (PID=2819) to work on /home/airflow/.local/lib/python3.7/site-packages/airflow/example_dags/example_skip_dag.py
[2025-12-05T00:52:44.240+0000] {processor.py:758} INFO - Processing file /home/airflow/.local/lib/python3.7/site-packages/airflow/example_dags/example_skip_dag.py for tasks to queue
[2025-12-05T00:52:44.240+0000] {logging_mixin.py:117} INFO - [2025-12-05T00:52:44.240+0000] {dagbag.py:525} INFO - Filling up the DagBag from /home/airflow/.local/lib/python3.7/site-packages/airflow/example_dags/example_skip_dag.py
[2025-12-05T00:52:44.248+0000] {processor.py:768} INFO - DAG(s) dict_keys(['example_skip_dag']) retrieved from /home/airflow/.local/lib/python3.7/site-packages/airflow/example_dags/example_skip_dag.py
[2025-12-05T00:52:44.268+0000] {logging_mixin.py:117} INFO - [2025-12-05T00:52:44.268+0000] {dag.py:2573} INFO - Sync 1 DAGs
[2025-12-05T00:52:44.360+0000] {logging_mixin.py:117} INFO - [2025-12-05T00:52:44.360+0000] {dag.py:3328} INFO - Setting next_dagrun for example_skip_dag to 2025-12-04T00:52:44.360159+00:00, run_after=2025-12-05T00:52:44.360159+00:00
[2025-12-05T00:52:44.370+0000] {processor.py:178} INFO - Processing /home/airflow/.local/lib/python3.7/site-packages/airflow/example_dags/example_skip_dag.py took 0.134 seconds
[2025-12-05T00:53:14.806+0000] {processor.py:156} INFO - Started process (PID=3020) to work on /home/airflow/.local/lib/python3.7/site-packages/airflow/example_dags/example_skip_dag.py
[2025-12-05T00:53:14.807+0000] {processor.py:758} INFO - Processing file /home/airflow/.local/lib/python3.7/site-packages/airflow/example_dags/example_skip_dag.py for tasks to queue
[2025-12-05T00:53:14.807+0000] {logging_mixin.py:117} INFO - [2025-12-05T00:53:14.807+0000] {dagbag.py:525} INFO - Filling up the DagBag from /home/airflow/.local/lib/python3.7/site-packages/airflow/example_dags/example_skip_dag.py
[2025-12-05T00:53:14.814+0000] {processor.py:768} INFO - DAG(s) dict_keys(['example_skip_dag']) retrieved from /home/airflow/.local/lib/python3.7/site-packages/airflow/example_dags/example_skip_dag.py
[2025-12-05T00:53:14.919+0000] {logging_mixin.py:117} INFO - [2025-12-05T00:53:14.919+0000] {dag.py:2573} INFO - Sync 1 DAGs
[2025-12-05T00:53:14.930+0000] {logging_mixin.py:117} INFO - [2025-12-05T00:53:14.930+0000] {dag.py:3328} INFO - Setting next_dagrun for example_skip_dag to 2025-12-04T00:53:14.930527+00:00, run_after=2025-12-05T00:53:14.930527+00:00
[2025-12-05T00:53:14.938+0000] {processor.py:178} INFO - Processing /home/airflow/.local/lib/python3.7/site-packages/airflow/example_dags/example_skip_dag.py took 0.134 seconds
[2025-12-05T00:53:45.362+0000] {processor.py:156} INFO - Started process (PID=3221) to work on /home/airflow/.local/lib/python3.7/site-packages/airflow/example_dags/example_skip_dag.py
[2025-12-05T00:53:45.362+0000] {processor.py:758} INFO - Processing file /home/airflow/.local/lib/python3.7/site-packages/airflow/example_dags/example_skip_dag.py for tasks to queue
[2025-12-05T00:53:45.363+0000] {logging_mixin.py:117} INFO - [2025-12-05T00:53:45.363+0000] {dagbag.py:525} INFO - Filling up the DagBag from /home/airflow/.local/lib/python3.7/site-packages/airflow/example_dags/example_skip_dag.py
[2025-12-05T00:53:45.373+0000] {processor.py:768} INFO - DAG(s) dict_keys(['example_skip_dag']) retrieved from /home/airflow/.local/lib/python3.7/site-packages/airflow/example_dags/example_skip_dag.py
[2025-12-05T00:53:45.524+0000] {logging_mixin.py:117} INFO - [2025-12-05T00:53:45.523+0000] {dag.py:2573} INFO - Sync 1 DAGs
[2025-12-05T00:53:45.535+0000] {logging_mixin.py:117} INFO - [2025-12-05T00:53:45.535+0000] {dag.py:3328} INFO - Setting next_dagrun for example_skip_dag to 2025-12-04T00:53:45.535208+00:00, run_after=2025-12-05T00:53:45.535208+00:00
[2025-12-05T00:53:45.543+0000] {processor.py:178} INFO - Processing /home/airflow/.local/lib/python3.7/site-packages/airflow/example_dags/example_skip_dag.py took 0.184 seconds
[2025-12-05T00:54:16.294+0000] {processor.py:156} INFO - Started process (PID=3422) to work on /home/airflow/.local/lib/python3.7/site-packages/airflow/example_dags/example_skip_dag.py
[2025-12-05T00:54:16.295+0000] {processor.py:758} INFO - Processing file /home/airflow/.local/lib/python3.7/site-packages/airflow/example_dags/example_skip_dag.py for tasks to queue
[2025-12-05T00:54:16.295+0000] {logging_mixin.py:117} INFO - [2025-12-05T00:54:16.295+0000] {dagbag.py:525} INFO - Filling up the DagBag from /home/airflow/.local/lib/python3.7/site-packages/airflow/example_dags/example_skip_dag.py
[2025-12-05T00:54:16.303+0000] {processor.py:768} INFO - DAG(s) dict_keys(['example_skip_dag']) retrieved from /home/airflow/.local/lib/python3.7/site-packages/airflow/example_dags/example_skip_dag.py
[2025-12-05T00:54:16.323+0000] {logging_mixin.py:117} INFO - [2025-12-05T00:54:16.323+0000] {dag.py:2573} INFO - Sync 1 DAGs
[2025-12-05T00:54:16.339+0000] {logging_mixin.py:117} INFO - [2025-12-05T00:54:16.339+0000] {dag.py:3328} INFO - Setting next_dagrun for example_skip_dag to 2025-12-04T00:54:16.338947+00:00, run_after=2025-12-05T00:54:16.338947+00:00
[2025-12-05T00:54:16.432+0000] {processor.py:178} INFO - Processing /home/airflow/.local/lib/python3.7/site-packages/airflow/example_dags/example_skip_dag.py took 0.141 seconds
[2025-12-05T00:54:46.998+0000] {processor.py:156} INFO - Started process (PID=3623) to work on /home/airflow/.local/lib/python3.7/site-packages/airflow/example_dags/example_skip_dag.py
[2025-12-05T00:54:46.999+0000] {processor.py:758} INFO - Processing file /home/airflow/.local/lib/python3.7/site-packages/airflow/example_dags/example_skip_dag.py for tasks to queue
[2025-12-05T00:54:46.999+0000] {logging_mixin.py:117} INFO - [2025-12-05T00:54:46.999+0000] {dagbag.py:525} INFO - Filling up the DagBag from /home/airflow/.local/lib/python3.7/site-packages/airflow/example_dags/example_skip_dag.py
[2025-12-05T00:54:47.007+0000] {processor.py:768} INFO - DAG(s) dict_keys(['example_skip_dag']) retrieved from /home/airflow/.local/lib/python3.7/site-packages/airflow/example_dags/example_skip_dag.py
[2025-12-05T00:54:47.027+0000] {logging_mixin.py:117} INFO - [2025-12-05T00:54:47.027+0000] {dag.py:2573} INFO - Sync 1 DAGs
[2025-12-05T00:54:47.129+0000] {logging_mixin.py:117} INFO - [2025-12-05T00:54:47.129+0000] {dag.py:3328} INFO - Setting next_dagrun for example_skip_dag to 2025-12-04T00:54:47.129711+00:00, run_after=2025-12-05T00:54:47.129711+00:00
[2025-12-05T00:54:47.138+0000] {processor.py:178} INFO - Processing /home/airflow/.local/lib/python3.7/site-packages/airflow/example_dags/example_skip_dag.py took 0.141 seconds
[2025-12-05T00:55:17.713+0000] {processor.py:156} INFO - Started process (PID=3823) to work on /home/airflow/.local/lib/python3.7/site-packages/airflow/example_dags/example_skip_dag.py
[2025-12-05T00:55:17.713+0000] {processor.py:758} INFO - Processing file /home/airflow/.local/lib/python3.7/site-packages/airflow/example_dags/example_skip_dag.py for tasks to queue
[2025-12-05T00:55:17.713+0000] {logging_mixin.py:117} INFO - [2025-12-05T00:55:17.713+0000] {dagbag.py:525} INFO - Filling up the DagBag from /home/airflow/.local/lib/python3.7/site-packages/airflow/example_dags/example_skip_dag.py
[2025-12-05T00:55:17.721+0000] {processor.py:768} INFO - DAG(s) dict_keys(['example_skip_dag']) retrieved from /home/airflow/.local/lib/python3.7/site-packages/airflow/example_dags/example_skip_dag.py
[2025-12-05T00:55:17.837+0000] {logging_mixin.py:117} INFO - [2025-12-05T00:55:17.837+0000] {dag.py:2573} INFO - Sync 1 DAGs
[2025-12-05T00:55:17.852+0000] {logging_mixin.py:117} INFO - [2025-12-05T00:55:17.852+0000] {dag.py:3328} INFO - Setting next_dagrun for example_skip_dag to 2025-12-04T00:55:17.851993+00:00, run_after=2025-12-05T00:55:17.851993+00:00
[2025-12-05T00:55:17.860+0000] {processor.py:178} INFO - Processing /home/airflow/.local/lib/python3.7/site-packages/airflow/example_dags/example_skip_dag.py took 0.149 seconds
[2025-12-05T00:55:48.324+0000] {processor.py:156} INFO - Started process (PID=4024) to work on /home/airflow/.local/lib/python3.7/site-packages/airflow/example_dags/example_skip_dag.py
[2025-12-05T00:55:48.325+0000] {processor.py:758} INFO - Processing file /home/airflow/.local/lib/python3.7/site-packages/airflow/example_dags/example_skip_dag.py for tasks to queue
[2025-12-05T00:55:48.325+0000] {logging_mixin.py:117} INFO - [2025-12-05T00:55:48.325+0000] {dagbag.py:525} INFO - Filling up the DagBag from /home/airflow/.local/lib/python3.7/site-packages/airflow/example_dags/example_skip_dag.py
[2025-12-05T00:55:48.336+0000] {processor.py:768} INFO - DAG(s) dict_keys(['example_skip_dag']) retrieved from /home/airflow/.local/lib/python3.7/site-packages/airflow/example_dags/example_skip_dag.py
[2025-12-05T00:55:48.438+0000] {logging_mixin.py:117} INFO - [2025-12-05T00:55:48.438+0000] {dag.py:2573} INFO - Sync 1 DAGs
[2025-12-05T00:55:48.448+0000] {logging_mixin.py:117} INFO - [2025-12-05T00:55:48.448+0000] {dag.py:3328} INFO - Setting next_dagrun for example_skip_dag to 2025-12-04T00:55:48.448636+00:00, run_after=2025-12-05T00:55:48.448636+00:00
[2025-12-05T00:55:48.456+0000] {processor.py:178} INFO - Processing /home/airflow/.local/lib/python3.7/site-packages/airflow/example_dags/example_skip_dag.py took 0.134 seconds
[2025-12-05T00:56:18.924+0000] {processor.py:156} INFO - Started process (PID=4224) to work on /home/airflow/.local/lib/python3.7/site-packages/airflow/example_dags/example_skip_dag.py
[2025-12-05T00:56:18.925+0000] {processor.py:758} INFO - Processing file /home/airflow/.local/lib/python3.7/site-packages/airflow/example_dags/example_skip_dag.py for tasks to queue
[2025-12-05T00:56:18.925+0000] {logging_mixin.py:117} INFO - [2025-12-05T00:56:18.925+0000] {dagbag.py:525} INFO - Filling up the DagBag from /home/airflow/.local/lib/python3.7/site-packages/airflow/example_dags/example_skip_dag.py
[2025-12-05T00:56:18.935+0000] {processor.py:768} INFO - DAG(s) dict_keys(['example_skip_dag']) retrieved from /home/airflow/.local/lib/python3.7/site-packages/airflow/example_dags/example_skip_dag.py
[2025-12-05T00:56:18.954+0000] {logging_mixin.py:117} INFO - [2025-12-05T00:56:18.954+0000] {dag.py:2573} INFO - Sync 1 DAGs
[2025-12-05T00:56:18.966+0000] {logging_mixin.py:117} INFO - [2025-12-05T00:56:18.966+0000] {dag.py:3328} INFO - Setting next_dagrun for example_skip_dag to 2025-12-04T00:56:18.966435+00:00, run_after=2025-12-05T00:56:18.966435+00:00
[2025-12-05T00:56:18.974+0000] {processor.py:178} INFO - Processing /home/airflow/.local/lib/python3.7/site-packages/airflow/example_dags/example_skip_dag.py took 0.052 seconds
[2025-12-05T00:56:49.733+0000] {processor.py:156} INFO - Started process (PID=4425) to work on /home/airflow/.local/lib/python3.7/site-packages/airflow/example_dags/example_skip_dag.py
[2025-12-05T00:56:49.734+0000] {processor.py:758} INFO - Processing file /home/airflow/.local/lib/python3.7/site-packages/airflow/example_dags/example_skip_dag.py for tasks to queue
[2025-12-05T00:56:49.735+0000] {logging_mixin.py:117} INFO - [2025-12-05T00:56:49.735+0000] {dagbag.py:525} INFO - Filling up the DagBag from /home/airflow/.local/lib/python3.7/site-packages/airflow/example_dags/example_skip_dag.py
[2025-12-05T00:56:49.742+0000] {processor.py:768} INFO - DAG(s) dict_keys(['example_skip_dag']) retrieved from /home/airflow/.local/lib/python3.7/site-packages/airflow/example_dags/example_skip_dag.py
[2025-12-05T00:56:49.766+0000] {logging_mixin.py:117} INFO - [2025-12-05T00:56:49.765+0000] {dag.py:2573} INFO - Sync 1 DAGs
[2025-12-05T00:56:49.777+0000] {logging_mixin.py:117} INFO - [2025-12-05T00:56:49.777+0000] {dag.py:3328} INFO - Setting next_dagrun for example_skip_dag to 2025-12-04T00:56:49.777619+00:00, run_after=2025-12-05T00:56:49.777619+00:00
[2025-12-05T00:56:49.786+0000] {processor.py:178} INFO - Processing /home/airflow/.local/lib/python3.7/site-packages/airflow/example_dags/example_skip_dag.py took 0.059 seconds
[2025-12-05T00:57:20.654+0000] {processor.py:156} INFO - Started process (PID=4625) to work on /home/airflow/.local/lib/python3.7/site-packages/airflow/example_dags/example_skip_dag.py
[2025-12-05T00:57:20.658+0000] {processor.py:758} INFO - Processing file /home/airflow/.local/lib/python3.7/site-packages/airflow/example_dags/example_skip_dag.py for tasks to queue
[2025-12-05T00:57:20.658+0000] {logging_mixin.py:117} INFO - [2025-12-05T00:57:20.658+0000] {dagbag.py:525} INFO - Filling up the DagBag from /home/airflow/.local/lib/python3.7/site-packages/airflow/example_dags/example_skip_dag.py
[2025-12-05T00:57:20.665+0000] {processor.py:768} INFO - DAG(s) dict_keys(['example_skip_dag']) retrieved from /home/airflow/.local/lib/python3.7/site-packages/airflow/example_dags/example_skip_dag.py
[2025-12-05T00:57:20.692+0000] {logging_mixin.py:117} INFO - [2025-12-05T00:57:20.691+0000] {dag.py:2573} INFO - Sync 1 DAGs
[2025-12-05T00:57:20.710+0000] {logging_mixin.py:117} INFO - [2025-12-05T00:57:20.710+0000] {dag.py:3328} INFO - Setting next_dagrun for example_skip_dag to 2025-12-04T00:57:20.710601+00:00, run_after=2025-12-05T00:57:20.710601+00:00
[2025-12-05T00:57:20.720+0000] {processor.py:178} INFO - Processing /home/airflow/.local/lib/python3.7/site-packages/airflow/example_dags/example_skip_dag.py took 0.068 seconds
[2025-12-05T00:57:51.462+0000] {processor.py:156} INFO - Started process (PID=4826) to work on /home/airflow/.local/lib/python3.7/site-packages/airflow/example_dags/example_skip_dag.py
[2025-12-05T00:57:51.463+0000] {processor.py:758} INFO - Processing file /home/airflow/.local/lib/python3.7/site-packages/airflow/example_dags/example_skip_dag.py for tasks to queue
[2025-12-05T00:57:51.464+0000] {logging_mixin.py:117} INFO - [2025-12-05T00:57:51.464+0000] {dagbag.py:525} INFO - Filling up the DagBag from /home/airflow/.local/lib/python3.7/site-packages/airflow/example_dags/example_skip_dag.py
[2025-12-05T00:57:51.471+0000] {processor.py:768} INFO - DAG(s) dict_keys(['example_skip_dag']) retrieved from /home/airflow/.local/lib/python3.7/site-packages/airflow/example_dags/example_skip_dag.py
[2025-12-05T00:57:51.495+0000] {logging_mixin.py:117} INFO - [2025-12-05T00:57:51.495+0000] {dag.py:2573} INFO - Sync 1 DAGs
[2025-12-05T00:57:51.508+0000] {logging_mixin.py:117} INFO - [2025-12-05T00:57:51.508+0000] {dag.py:3328} INFO - Setting next_dagrun for example_skip_dag to 2025-12-04T00:57:51.508575+00:00, run_after=2025-12-05T00:57:51.508575+00:00
[2025-12-05T00:57:51.516+0000] {processor.py:178} INFO - Processing /home/airflow/.local/lib/python3.7/site-packages/airflow/example_dags/example_skip_dag.py took 0.057 seconds
[2025-12-05T00:58:22.487+0000] {processor.py:156} INFO - Started process (PID=5027) to work on /home/airflow/.local/lib/python3.7/site-packages/airflow/example_dags/example_skip_dag.py
[2025-12-05T00:58:22.489+0000] {processor.py:758} INFO - Processing file /home/airflow/.local/lib/python3.7/site-packages/airflow/example_dags/example_skip_dag.py for tasks to queue
[2025-12-05T00:58:22.490+0000] {logging_mixin.py:117} INFO - [2025-12-05T00:58:22.490+0000] {dagbag.py:525} INFO - Filling up the DagBag from /home/airflow/.local/lib/python3.7/site-packages/airflow/example_dags/example_skip_dag.py
[2025-12-05T00:58:22.497+0000] {processor.py:768} INFO - DAG(s) dict_keys(['example_skip_dag']) retrieved from /home/airflow/.local/lib/python3.7/site-packages/airflow/example_dags/example_skip_dag.py
[2025-12-05T00:58:22.517+0000] {logging_mixin.py:117} INFO - [2025-12-05T00:58:22.517+0000] {dag.py:2573} INFO - Sync 1 DAGs
[2025-12-05T00:58:22.529+0000] {logging_mixin.py:117} INFO - [2025-12-05T00:58:22.529+0000] {dag.py:3328} INFO - Setting next_dagrun for example_skip_dag to 2025-12-04T00:58:22.529744+00:00, run_after=2025-12-05T00:58:22.529744+00:00
[2025-12-05T00:58:22.541+0000] {processor.py:178} INFO - Processing /home/airflow/.local/lib/python3.7/site-packages/airflow/example_dags/example_skip_dag.py took 0.060 seconds
[2025-12-05T00:58:53.404+0000] {processor.py:156} INFO - Started process (PID=5228) to work on /home/airflow/.local/lib/python3.7/site-packages/airflow/example_dags/example_skip_dag.py
[2025-12-05T00:58:53.408+0000] {processor.py:758} INFO - Processing file /home/airflow/.local/lib/python3.7/site-packages/airflow/example_dags/example_skip_dag.py for tasks to queue
[2025-12-05T00:58:53.408+0000] {logging_mixin.py:117} INFO - [2025-12-05T00:58:53.408+0000] {dagbag.py:525} INFO - Filling up the DagBag from /home/airflow/.local/lib/python3.7/site-packages/airflow/example_dags/example_skip_dag.py
[2025-12-05T00:58:53.417+0000] {processor.py:768} INFO - DAG(s) dict_keys(['example_skip_dag']) retrieved from /home/airflow/.local/lib/python3.7/site-packages/airflow/example_dags/example_skip_dag.py
[2025-12-05T00:58:53.437+0000] {logging_mixin.py:117} INFO - [2025-12-05T00:58:53.437+0000] {dag.py:2573} INFO - Sync 1 DAGs
[2025-12-05T00:58:53.448+0000] {logging_mixin.py:117} INFO - [2025-12-05T00:58:53.448+0000] {dag.py:3328} INFO - Setting next_dagrun for example_skip_dag to 2025-12-04T00:58:53.448414+00:00, run_after=2025-12-05T00:58:53.448414+00:00
[2025-12-05T00:58:53.457+0000] {processor.py:178} INFO - Processing /home/airflow/.local/lib/python3.7/site-packages/airflow/example_dags/example_skip_dag.py took 0.055 seconds
[2025-12-05T00:59:24.127+0000] {processor.py:156} INFO - Started process (PID=5435) to work on /home/airflow/.local/lib/python3.7/site-packages/airflow/example_dags/example_skip_dag.py
[2025-12-05T00:59:24.131+0000] {processor.py:758} INFO - Processing file /home/airflow/.local/lib/python3.7/site-packages/airflow/example_dags/example_skip_dag.py for tasks to queue
[2025-12-05T00:59:24.131+0000] {logging_mixin.py:117} INFO - [2025-12-05T00:59:24.131+0000] {dagbag.py:525} INFO - Filling up the DagBag from /home/airflow/.local/lib/python3.7/site-packages/airflow/example_dags/example_skip_dag.py
[2025-12-05T00:59:24.139+0000] {processor.py:768} INFO - DAG(s) dict_keys(['example_skip_dag']) retrieved from /home/airflow/.local/lib/python3.7/site-packages/airflow/example_dags/example_skip_dag.py
[2025-12-05T00:59:24.157+0000] {logging_mixin.py:117} INFO - [2025-12-05T00:59:24.157+0000] {dag.py:2573} INFO - Sync 1 DAGs
[2025-12-05T00:59:24.168+0000] {logging_mixin.py:117} INFO - [2025-12-05T00:59:24.168+0000] {dag.py:3328} INFO - Setting next_dagrun for example_skip_dag to 2025-12-04T00:59:24.168574+00:00, run_after=2025-12-05T00:59:24.168574+00:00
[2025-12-05T00:59:24.176+0000] {processor.py:178} INFO - Processing /home/airflow/.local/lib/python3.7/site-packages/airflow/example_dags/example_skip_dag.py took 0.052 seconds
[2025-12-05T00:59:55.018+0000] {processor.py:156} INFO - Started process (PID=5636) to work on /home/airflow/.local/lib/python3.7/site-packages/airflow/example_dags/example_skip_dag.py
[2025-12-05T00:59:55.021+0000] {processor.py:758} INFO - Processing file /home/airflow/.local/lib/python3.7/site-packages/airflow/example_dags/example_skip_dag.py for tasks to queue
[2025-12-05T00:59:55.022+0000] {logging_mixin.py:117} INFO - [2025-12-05T00:59:55.022+0000] {dagbag.py:525} INFO - Filling up the DagBag from /home/airflow/.local/lib/python3.7/site-packages/airflow/example_dags/example_skip_dag.py
[2025-12-05T00:59:55.029+0000] {processor.py:768} INFO - DAG(s) dict_keys(['example_skip_dag']) retrieved from /home/airflow/.local/lib/python3.7/site-packages/airflow/example_dags/example_skip_dag.py
[2025-12-05T00:59:55.054+0000] {logging_mixin.py:117} INFO - [2025-12-05T00:59:55.054+0000] {dag.py:2573} INFO - Sync 1 DAGs
[2025-12-05T00:59:55.071+0000] {logging_mixin.py:117} INFO - [2025-12-05T00:59:55.071+0000] {dag.py:3328} INFO - Setting next_dagrun for example_skip_dag to 2025-12-04T00:59:55.070852+00:00, run_after=2025-12-05T00:59:55.070852+00:00
[2025-12-05T00:59:55.081+0000] {processor.py:178} INFO - Processing /home/airflow/.local/lib/python3.7/site-packages/airflow/example_dags/example_skip_dag.py took 0.065 seconds
[2025-12-05T01:00:26.059+0000] {processor.py:156} INFO - Started process (PID=5837) to work on /home/airflow/.local/lib/python3.7/site-packages/airflow/example_dags/example_skip_dag.py
[2025-12-05T01:00:26.061+0000] {processor.py:758} INFO - Processing file /home/airflow/.local/lib/python3.7/site-packages/airflow/example_dags/example_skip_dag.py for tasks to queue
[2025-12-05T01:00:26.061+0000] {logging_mixin.py:117} INFO - [2025-12-05T01:00:26.061+0000] {dagbag.py:525} INFO - Filling up the DagBag from /home/airflow/.local/lib/python3.7/site-packages/airflow/example_dags/example_skip_dag.py
[2025-12-05T01:00:26.073+0000] {processor.py:768} INFO - DAG(s) dict_keys(['example_skip_dag']) retrieved from /home/airflow/.local/lib/python3.7/site-packages/airflow/example_dags/example_skip_dag.py
[2025-12-05T01:00:26.102+0000] {logging_mixin.py:117} INFO - [2025-12-05T01:00:26.102+0000] {dag.py:2573} INFO - Sync 1 DAGs
[2025-12-05T01:00:26.118+0000] {logging_mixin.py:117} INFO - [2025-12-05T01:00:26.117+0000] {dag.py:3328} INFO - Setting next_dagrun for example_skip_dag to 2025-12-04T01:00:26.117779+00:00, run_after=2025-12-05T01:00:26.117779+00:00
[2025-12-05T01:00:26.127+0000] {processor.py:178} INFO - Processing /home/airflow/.local/lib/python3.7/site-packages/airflow/example_dags/example_skip_dag.py took 0.070 seconds
[2025-12-05T01:00:56.364+0000] {processor.py:156} INFO - Started process (PID=6037) to work on /home/airflow/.local/lib/python3.7/site-packages/airflow/example_dags/example_skip_dag.py
[2025-12-05T01:00:56.368+0000] {processor.py:758} INFO - Processing file /home/airflow/.local/lib/python3.7/site-packages/airflow/example_dags/example_skip_dag.py for tasks to queue
[2025-12-05T01:00:56.368+0000] {logging_mixin.py:117} INFO - [2025-12-05T01:00:56.368+0000] {dagbag.py:525} INFO - Filling up the DagBag from /home/airflow/.local/lib/python3.7/site-packages/airflow/example_dags/example_skip_dag.py
[2025-12-05T01:00:56.376+0000] {processor.py:768} INFO - DAG(s) dict_keys(['example_skip_dag']) retrieved from /home/airflow/.local/lib/python3.7/site-packages/airflow/example_dags/example_skip_dag.py
[2025-12-05T01:00:56.400+0000] {logging_mixin.py:117} INFO - [2025-12-05T01:00:56.400+0000] {dag.py:2573} INFO - Sync 1 DAGs
[2025-12-05T01:00:56.412+0000] {logging_mixin.py:117} INFO - [2025-12-05T01:00:56.412+0000] {dag.py:3328} INFO - Setting next_dagrun for example_skip_dag to 2025-12-04T01:00:56.412725+00:00, run_after=2025-12-05T01:00:56.412725+00:00
[2025-12-05T01:00:56.420+0000] {processor.py:178} INFO - Processing /home/airflow/.local/lib/python3.7/site-packages/airflow/example_dags/example_skip_dag.py took 0.059 seconds
[2025-12-05T01:01:26.847+0000] {processor.py:156} INFO - Started process (PID=6237) to work on /home/airflow/.local/lib/python3.7/site-packages/airflow/example_dags/example_skip_dag.py
[2025-12-05T01:01:26.849+0000] {processor.py:758} INFO - Processing file /home/airflow/.local/lib/python3.7/site-packages/airflow/example_dags/example_skip_dag.py for tasks to queue
[2025-12-05T01:01:26.850+0000] {logging_mixin.py:117} INFO - [2025-12-05T01:01:26.850+0000] {dagbag.py:525} INFO - Filling up the DagBag from /home/airflow/.local/lib/python3.7/site-packages/airflow/example_dags/example_skip_dag.py
[2025-12-05T01:01:26.858+0000] {processor.py:768} INFO - DAG(s) dict_keys(['example_skip_dag']) retrieved from /home/airflow/.local/lib/python3.7/site-packages/airflow/example_dags/example_skip_dag.py
[2025-12-05T01:01:26.887+0000] {logging_mixin.py:117} INFO - [2025-12-05T01:01:26.887+0000] {dag.py:2573} INFO - Sync 1 DAGs
[2025-12-05T01:01:26.900+0000] {logging_mixin.py:117} INFO - [2025-12-05T01:01:26.900+0000] {dag.py:3328} INFO - Setting next_dagrun for example_skip_dag to 2025-12-04T01:01:26.900680+00:00, run_after=2025-12-05T01:01:26.900680+00:00
[2025-12-05T01:01:26.909+0000] {processor.py:178} INFO - Processing /home/airflow/.local/lib/python3.7/site-packages/airflow/example_dags/example_skip_dag.py took 0.067 seconds
[2025-12-05T01:01:57.965+0000] {processor.py:156} INFO - Started process (PID=6438) to work on /home/airflow/.local/lib/python3.7/site-packages/airflow/example_dags/example_skip_dag.py
[2025-12-05T01:01:57.965+0000] {processor.py:758} INFO - Processing file /home/airflow/.local/lib/python3.7/site-packages/airflow/example_dags/example_skip_dag.py for tasks to queue
[2025-12-05T01:01:57.966+0000] {logging_mixin.py:117} INFO - [2025-12-05T01:01:57.966+0000] {dagbag.py:525} INFO - Filling up the DagBag from /home/airflow/.local/lib/python3.7/site-packages/airflow/example_dags/example_skip_dag.py
[2025-12-05T01:01:57.973+0000] {processor.py:768} INFO - DAG(s) dict_keys(['example_skip_dag']) retrieved from /home/airflow/.local/lib/python3.7/site-packages/airflow/example_dags/example_skip_dag.py
[2025-12-05T01:01:57.994+0000] {logging_mixin.py:117} INFO - [2025-12-05T01:01:57.994+0000] {dag.py:2573} INFO - Sync 1 DAGs
[2025-12-05T01:01:58.014+0000] {logging_mixin.py:117} INFO - [2025-12-05T01:01:58.014+0000] {dag.py:3328} INFO - Setting next_dagrun for example_skip_dag to 2025-12-04T01:01:58.014201+00:00, run_after=2025-12-05T01:01:58.014201+00:00
[2025-12-05T01:01:58.027+0000] {processor.py:178} INFO - Processing /home/airflow/.local/lib/python3.7/site-packages/airflow/example_dags/example_skip_dag.py took 0.064 seconds
[2025-12-05T01:02:28.794+0000] {processor.py:156} INFO - Started process (PID=6639) to work on /home/airflow/.local/lib/python3.7/site-packages/airflow/example_dags/example_skip_dag.py
[2025-12-05T01:02:28.796+0000] {processor.py:758} INFO - Processing file /home/airflow/.local/lib/python3.7/site-packages/airflow/example_dags/example_skip_dag.py for tasks to queue
[2025-12-05T01:02:28.797+0000] {logging_mixin.py:117} INFO - [2025-12-05T01:02:28.797+0000] {dagbag.py:525} INFO - Filling up the DagBag from /home/airflow/.local/lib/python3.7/site-packages/airflow/example_dags/example_skip_dag.py
[2025-12-05T01:02:28.804+0000] {processor.py:768} INFO - DAG(s) dict_keys(['example_skip_dag']) retrieved from /home/airflow/.local/lib/python3.7/site-packages/airflow/example_dags/example_skip_dag.py
[2025-12-05T01:02:28.825+0000] {logging_mixin.py:117} INFO - [2025-12-05T01:02:28.825+0000] {dag.py:2573} INFO - Sync 1 DAGs
[2025-12-05T01:02:28.845+0000] {logging_mixin.py:117} INFO - [2025-12-05T01:02:28.845+0000] {dag.py:3328} INFO - Setting next_dagrun for example_skip_dag to 2025-12-04T01:02:28.845103+00:00, run_after=2025-12-05T01:02:28.845103+00:00
[2025-12-05T01:02:28.860+0000] {processor.py:178} INFO - Processing /home/airflow/.local/lib/python3.7/site-packages/airflow/example_dags/example_skip_dag.py took 0.068 seconds
[2025-12-05T01:02:59.005+0000] {processor.py:156} INFO - Started process (PID=6839) to work on /home/airflow/.local/lib/python3.7/site-packages/airflow/example_dags/example_skip_dag.py
[2025-12-05T01:02:59.008+0000] {processor.py:758} INFO - Processing file /home/airflow/.local/lib/python3.7/site-packages/airflow/example_dags/example_skip_dag.py for tasks to queue
[2025-12-05T01:02:59.009+0000] {logging_mixin.py:117} INFO - [2025-12-05T01:02:59.009+0000] {dagbag.py:525} INFO - Filling up the DagBag from /home/airflow/.local/lib/python3.7/site-packages/airflow/example_dags/example_skip_dag.py
[2025-12-05T01:02:59.017+0000] {processor.py:768} INFO - DAG(s) dict_keys(['example_skip_dag']) retrieved from /home/airflow/.local/lib/python3.7/site-packages/airflow/example_dags/example_skip_dag.py
[2025-12-05T01:02:59.038+0000] {logging_mixin.py:117} INFO - [2025-12-05T01:02:59.038+0000] {dag.py:2573} INFO - Sync 1 DAGs
[2025-12-05T01:02:59.056+0000] {logging_mixin.py:117} INFO - [2025-12-05T01:02:59.056+0000] {dag.py:3328} INFO - Setting next_dagrun for example_skip_dag to 2025-12-04T01:02:59.056172+00:00, run_after=2025-12-05T01:02:59.056172+00:00
[2025-12-05T01:02:59.066+0000] {processor.py:178} INFO - Processing /home/airflow/.local/lib/python3.7/site-packages/airflow/example_dags/example_skip_dag.py took 0.063 seconds
[2025-12-05T01:03:29.989+0000] {processor.py:156} INFO - Started process (PID=7041) to work on /home/airflow/.local/lib/python3.7/site-packages/airflow/example_dags/example_skip_dag.py
[2025-12-05T01:03:29.991+0000] {processor.py:758} INFO - Processing file /home/airflow/.local/lib/python3.7/site-packages/airflow/example_dags/example_skip_dag.py for tasks to queue
[2025-12-05T01:03:29.992+0000] {logging_mixin.py:117} INFO - [2025-12-05T01:03:29.992+0000] {dagbag.py:525} INFO - Filling up the DagBag from /home/airflow/.local/lib/python3.7/site-packages/airflow/example_dags/example_skip_dag.py
[2025-12-05T01:03:29.998+0000] {processor.py:768} INFO - DAG(s) dict_keys(['example_skip_dag']) retrieved from /home/airflow/.local/lib/python3.7/site-packages/airflow/example_dags/example_skip_dag.py
[2025-12-05T01:03:30.026+0000] {logging_mixin.py:117} INFO - [2025-12-05T01:03:30.026+0000] {dag.py:2573} INFO - Sync 1 DAGs
[2025-12-05T01:03:30.040+0000] {logging_mixin.py:117} INFO - [2025-12-05T01:03:30.040+0000] {dag.py:3328} INFO - Setting next_dagrun for example_skip_dag to 2025-12-04T01:03:30.040423+00:00, run_after=2025-12-05T01:03:30.040423+00:00
[2025-12-05T01:03:30.054+0000] {processor.py:178} INFO - Processing /home/airflow/.local/lib/python3.7/site-packages/airflow/example_dags/example_skip_dag.py took 0.068 seconds
[2025-12-05T01:04:00.984+0000] {processor.py:156} INFO - Started process (PID=7241) to work on /home/airflow/.local/lib/python3.7/site-packages/airflow/example_dags/example_skip_dag.py
[2025-12-05T01:04:00.986+0000] {processor.py:758} INFO - Processing file /home/airflow/.local/lib/python3.7/site-packages/airflow/example_dags/example_skip_dag.py for tasks to queue
[2025-12-05T01:04:00.986+0000] {logging_mixin.py:117} INFO - [2025-12-05T01:04:00.986+0000] {dagbag.py:525} INFO - Filling up the DagBag from /home/airflow/.local/lib/python3.7/site-packages/airflow/example_dags/example_skip_dag.py
[2025-12-05T01:04:00.994+0000] {processor.py:768} INFO - DAG(s) dict_keys(['example_skip_dag']) retrieved from /home/airflow/.local/lib/python3.7/site-packages/airflow/example_dags/example_skip_dag.py
[2025-12-05T01:04:01.014+0000] {logging_mixin.py:117} INFO - [2025-12-05T01:04:01.014+0000] {dag.py:2573} INFO - Sync 1 DAGs
[2025-12-05T01:04:01.026+0000] {logging_mixin.py:117} INFO - [2025-12-05T01:04:01.026+0000] {dag.py:3328} INFO - Setting next_dagrun for example_skip_dag to 2025-12-04T01:04:01.026038+00:00, run_after=2025-12-05T01:04:01.026038+00:00
[2025-12-05T01:04:01.034+0000] {processor.py:178} INFO - Processing /home/airflow/.local/lib/python3.7/site-packages/airflow/example_dags/example_skip_dag.py took 0.054 seconds
[2025-12-05T01:04:31.673+0000] {processor.py:156} INFO - Started process (PID=7442) to work on /home/airflow/.local/lib/python3.7/site-packages/airflow/example_dags/example_skip_dag.py
[2025-12-05T01:04:31.674+0000] {processor.py:758} INFO - Processing file /home/airflow/.local/lib/python3.7/site-packages/airflow/example_dags/example_skip_dag.py for tasks to queue
[2025-12-05T01:04:31.675+0000] {logging_mixin.py:117} INFO - [2025-12-05T01:04:31.675+0000] {dagbag.py:525} INFO - Filling up the DagBag from /home/airflow/.local/lib/python3.7/site-packages/airflow/example_dags/example_skip_dag.py
[2025-12-05T01:04:31.682+0000] {processor.py:768} INFO - DAG(s) dict_keys(['example_skip_dag']) retrieved from /home/airflow/.local/lib/python3.7/site-packages/airflow/example_dags/example_skip_dag.py
[2025-12-05T01:04:31.701+0000] {logging_mixin.py:117} INFO - [2025-12-05T01:04:31.701+0000] {dag.py:2573} INFO - Sync 1 DAGs
[2025-12-05T01:04:31.712+0000] {logging_mixin.py:117} INFO - [2025-12-05T01:04:31.712+0000] {dag.py:3328} INFO - Setting next_dagrun for example_skip_dag to 2025-12-04T01:04:31.712626+00:00, run_after=2025-12-05T01:04:31.712626+00:00
[2025-12-05T01:04:31.720+0000] {processor.py:178} INFO - Processing /home/airflow/.local/lib/python3.7/site-packages/airflow/example_dags/example_skip_dag.py took 0.049 seconds
[2025-12-05T01:05:02.438+0000] {processor.py:156} INFO - Started process (PID=7643) to work on /home/airflow/.local/lib/python3.7/site-packages/airflow/example_dags/example_skip_dag.py
[2025-12-05T01:05:02.438+0000] {processor.py:758} INFO - Processing file /home/airflow/.local/lib/python3.7/site-packages/airflow/example_dags/example_skip_dag.py for tasks to queue
[2025-12-05T01:05:02.439+0000] {logging_mixin.py:117} INFO - [2025-12-05T01:05:02.439+0000] {dagbag.py:525} INFO - Filling up the DagBag from /home/airflow/.local/lib/python3.7/site-packages/airflow/example_dags/example_skip_dag.py
[2025-12-05T01:05:02.448+0000] {processor.py:768} INFO - DAG(s) dict_keys(['example_skip_dag']) retrieved from /home/airflow/.local/lib/python3.7/site-packages/airflow/example_dags/example_skip_dag.py
[2025-12-05T01:05:02.470+0000] {logging_mixin.py:117} INFO - [2025-12-05T01:05:02.470+0000] {dag.py:2573} INFO - Sync 1 DAGs
[2025-12-05T01:05:02.481+0000] {logging_mixin.py:117} INFO - [2025-12-05T01:05:02.481+0000] {dag.py:3328} INFO - Setting next_dagrun for example_skip_dag to 2025-12-04T01:05:02.481353+00:00, run_after=2025-12-05T01:05:02.481353+00:00
[2025-12-05T01:05:02.490+0000] {processor.py:178} INFO - Processing /home/airflow/.local/lib/python3.7/site-packages/airflow/example_dags/example_skip_dag.py took 0.054 seconds
[2025-12-05T01:05:33.267+0000] {processor.py:156} INFO - Started process (PID=7844) to work on /home/airflow/.local/lib/python3.7/site-packages/airflow/example_dags/example_skip_dag.py
[2025-12-05T01:05:33.269+0000] {processor.py:758} INFO - Processing file /home/airflow/.local/lib/python3.7/site-packages/airflow/example_dags/example_skip_dag.py for tasks to queue
[2025-12-05T01:05:33.269+0000] {logging_mixin.py:117} INFO - [2025-12-05T01:05:33.269+0000] {dagbag.py:525} INFO - Filling up the DagBag from /home/airflow/.local/lib/python3.7/site-packages/airflow/example_dags/example_skip_dag.py
[2025-12-05T01:05:33.277+0000] {processor.py:768} INFO - DAG(s) dict_keys(['example_skip_dag']) retrieved from /home/airflow/.local/lib/python3.7/site-packages/airflow/example_dags/example_skip_dag.py
[2025-12-05T01:05:33.295+0000] {logging_mixin.py:117} INFO - [2025-12-05T01:05:33.295+0000] {dag.py:2573} INFO - Sync 1 DAGs
[2025-12-05T01:05:33.307+0000] {logging_mixin.py:117} INFO - [2025-12-05T01:05:33.306+0000] {dag.py:3328} INFO - Setting next_dagrun for example_skip_dag to 2025-12-04T01:05:33.306864+00:00, run_after=2025-12-05T01:05:33.306864+00:00
[2025-12-05T01:05:33.316+0000] {processor.py:178} INFO - Processing /home/airflow/.local/lib/python3.7/site-packages/airflow/example_dags/example_skip_dag.py took 0.055 seconds
[2025-12-05T01:06:04.280+0000] {processor.py:156} INFO - Started process (PID=8045) to work on /home/airflow/.local/lib/python3.7/site-packages/airflow/example_dags/example_skip_dag.py
[2025-12-05T01:06:04.280+0000] {processor.py:758} INFO - Processing file /home/airflow/.local/lib/python3.7/site-packages/airflow/example_dags/example_skip_dag.py for tasks to queue
[2025-12-05T01:06:04.280+0000] {logging_mixin.py:117} INFO - [2025-12-05T01:06:04.280+0000] {dagbag.py:525} INFO - Filling up the DagBag from /home/airflow/.local/lib/python3.7/site-packages/airflow/example_dags/example_skip_dag.py
[2025-12-05T01:06:04.287+0000] {processor.py:768} INFO - DAG(s) dict_keys(['example_skip_dag']) retrieved from /home/airflow/.local/lib/python3.7/site-packages/airflow/example_dags/example_skip_dag.py
[2025-12-05T01:06:04.311+0000] {logging_mixin.py:117} INFO - [2025-12-05T01:06:04.311+0000] {dag.py:2573} INFO - Sync 1 DAGs
[2025-12-05T01:06:04.323+0000] {logging_mixin.py:117} INFO - [2025-12-05T01:06:04.323+0000] {dag.py:3328} INFO - Setting next_dagrun for example_skip_dag to 2025-12-04T01:06:04.323545+00:00, run_after=2025-12-05T01:06:04.323545+00:00
[2025-12-05T01:06:04.333+0000] {processor.py:178} INFO - Processing /home/airflow/.local/lib/python3.7/site-packages/airflow/example_dags/example_skip_dag.py took 0.055 seconds
[2025-12-05T01:06:35.318+0000] {processor.py:156} INFO - Started process (PID=8246) to work on /home/airflow/.local/lib/python3.7/site-packages/airflow/example_dags/example_skip_dag.py
[2025-12-05T01:06:35.322+0000] {processor.py:758} INFO - Processing file /home/airflow/.local/lib/python3.7/site-packages/airflow/example_dags/example_skip_dag.py for tasks to queue
[2025-12-05T01:06:35.324+0000] {logging_mixin.py:117} INFO - [2025-12-05T01:06:35.323+0000] {dagbag.py:525} INFO - Filling up the DagBag from /home/airflow/.local/lib/python3.7/site-packages/airflow/example_dags/example_skip_dag.py
[2025-12-05T01:06:35.363+0000] {processor.py:768} INFO - DAG(s) dict_keys(['example_skip_dag']) retrieved from /home/airflow/.local/lib/python3.7/site-packages/airflow/example_dags/example_skip_dag.py
[2025-12-05T01:06:35.448+0000] {logging_mixin.py:117} INFO - [2025-12-05T01:06:35.447+0000] {dag.py:2573} INFO - Sync 1 DAGs
[2025-12-05T01:06:35.472+0000] {logging_mixin.py:117} INFO - [2025-12-05T01:06:35.472+0000] {dag.py:3328} INFO - Setting next_dagrun for example_skip_dag to 2025-12-04T01:06:35.472063+00:00, run_after=2025-12-05T01:06:35.472063+00:00
[2025-12-05T01:06:35.502+0000] {processor.py:178} INFO - Processing /home/airflow/.local/lib/python3.7/site-packages/airflow/example_dags/example_skip_dag.py took 0.191 seconds
[2025-12-05T01:07:05.857+0000] {processor.py:156} INFO - Started process (PID=8447) to work on /home/airflow/.local/lib/python3.7/site-packages/airflow/example_dags/example_skip_dag.py
[2025-12-05T01:07:05.861+0000] {processor.py:758} INFO - Processing file /home/airflow/.local/lib/python3.7/site-packages/airflow/example_dags/example_skip_dag.py for tasks to queue
[2025-12-05T01:07:05.862+0000] {logging_mixin.py:117} INFO - [2025-12-05T01:07:05.862+0000] {dagbag.py:525} INFO - Filling up the DagBag from /home/airflow/.local/lib/python3.7/site-packages/airflow/example_dags/example_skip_dag.py
[2025-12-05T01:07:05.887+0000] {processor.py:768} INFO - DAG(s) dict_keys(['example_skip_dag']) retrieved from /home/airflow/.local/lib/python3.7/site-packages/airflow/example_dags/example_skip_dag.py
[2025-12-05T01:07:05.936+0000] {logging_mixin.py:117} INFO - [2025-12-05T01:07:05.935+0000] {dag.py:2573} INFO - Sync 1 DAGs
[2025-12-05T01:07:05.970+0000] {logging_mixin.py:117} INFO - [2025-12-05T01:07:05.970+0000] {dag.py:3328} INFO - Setting next_dagrun for example_skip_dag to 2025-12-04T01:07:05.970033+00:00, run_after=2025-12-05T01:07:05.970033+00:00
[2025-12-05T01:07:05.997+0000] {processor.py:178} INFO - Processing /home/airflow/.local/lib/python3.7/site-packages/airflow/example_dags/example_skip_dag.py took 0.157 seconds
[2025-12-05T01:07:36.107+0000] {processor.py:156} INFO - Started process (PID=8648) to work on /home/airflow/.local/lib/python3.7/site-packages/airflow/example_dags/example_skip_dag.py
[2025-12-05T01:07:36.110+0000] {processor.py:758} INFO - Processing file /home/airflow/.local/lib/python3.7/site-packages/airflow/example_dags/example_skip_dag.py for tasks to queue
[2025-12-05T01:07:36.111+0000] {logging_mixin.py:117} INFO - [2025-12-05T01:07:36.111+0000] {dagbag.py:525} INFO - Filling up the DagBag from /home/airflow/.local/lib/python3.7/site-packages/airflow/example_dags/example_skip_dag.py
[2025-12-05T01:07:36.119+0000] {processor.py:768} INFO - DAG(s) dict_keys(['example_skip_dag']) retrieved from /home/airflow/.local/lib/python3.7/site-packages/airflow/example_dags/example_skip_dag.py
[2025-12-05T01:07:36.153+0000] {logging_mixin.py:117} INFO - [2025-12-05T01:07:36.153+0000] {dag.py:2573} INFO - Sync 1 DAGs
[2025-12-05T01:07:36.168+0000] {logging_mixin.py:117} INFO - [2025-12-05T01:07:36.168+0000] {dag.py:3328} INFO - Setting next_dagrun for example_skip_dag to 2025-12-04T01:07:36.168008+00:00, run_after=2025-12-05T01:07:36.168008+00:00
[2025-12-05T01:07:36.180+0000] {processor.py:178} INFO - Processing /home/airflow/.local/lib/python3.7/site-packages/airflow/example_dags/example_skip_dag.py took 0.074 seconds
[2025-12-05T01:08:06.506+0000] {processor.py:156} INFO - Started process (PID=8849) to work on /home/airflow/.local/lib/python3.7/site-packages/airflow/example_dags/example_skip_dag.py
[2025-12-05T01:08:06.507+0000] {processor.py:758} INFO - Processing file /home/airflow/.local/lib/python3.7/site-packages/airflow/example_dags/example_skip_dag.py for tasks to queue
[2025-12-05T01:08:06.507+0000] {logging_mixin.py:117} INFO - [2025-12-05T01:08:06.507+0000] {dagbag.py:525} INFO - Filling up the DagBag from /home/airflow/.local/lib/python3.7/site-packages/airflow/example_dags/example_skip_dag.py
[2025-12-05T01:08:06.515+0000] {processor.py:768} INFO - DAG(s) dict_keys(['example_skip_dag']) retrieved from /home/airflow/.local/lib/python3.7/site-packages/airflow/example_dags/example_skip_dag.py
[2025-12-05T01:08:06.541+0000] {logging_mixin.py:117} INFO - [2025-12-05T01:08:06.541+0000] {dag.py:2573} INFO - Sync 1 DAGs
[2025-12-05T01:08:06.555+0000] {logging_mixin.py:117} INFO - [2025-12-05T01:08:06.554+0000] {dag.py:3328} INFO - Setting next_dagrun for example_skip_dag to 2025-12-04T01:08:06.554839+00:00, run_after=2025-12-05T01:08:06.554839+00:00
[2025-12-05T01:08:06.569+0000] {processor.py:178} INFO - Processing /home/airflow/.local/lib/python3.7/site-packages/airflow/example_dags/example_skip_dag.py took 0.064 seconds
[2025-12-05T01:08:36.900+0000] {processor.py:156} INFO - Started process (PID=9050) to work on /home/airflow/.local/lib/python3.7/site-packages/airflow/example_dags/example_skip_dag.py
[2025-12-05T01:08:36.901+0000] {processor.py:758} INFO - Processing file /home/airflow/.local/lib/python3.7/site-packages/airflow/example_dags/example_skip_dag.py for tasks to queue
[2025-12-05T01:08:36.902+0000] {logging_mixin.py:117} INFO - [2025-12-05T01:08:36.902+0000] {dagbag.py:525} INFO - Filling up the DagBag from /home/airflow/.local/lib/python3.7/site-packages/airflow/example_dags/example_skip_dag.py
[2025-12-05T01:08:36.912+0000] {processor.py:768} INFO - DAG(s) dict_keys(['example_skip_dag']) retrieved from /home/airflow/.local/lib/python3.7/site-packages/airflow/example_dags/example_skip_dag.py
[2025-12-05T01:08:36.935+0000] {logging_mixin.py:117} INFO - [2025-12-05T01:08:36.935+0000] {dag.py:2573} INFO - Sync 1 DAGs
[2025-12-05T01:08:36.953+0000] {logging_mixin.py:117} INFO - [2025-12-05T01:08:36.953+0000] {dag.py:3328} INFO - Setting next_dagrun for example_skip_dag to 2025-12-04T01:08:36.953493+00:00, run_after=2025-12-05T01:08:36.953493+00:00
[2025-12-05T01:08:36.967+0000] {processor.py:178} INFO - Processing /home/airflow/.local/lib/python3.7/site-packages/airflow/example_dags/example_skip_dag.py took 0.069 seconds
[2025-12-05T01:09:07.123+0000] {processor.py:156} INFO - Started process (PID=9251) to work on /home/airflow/.local/lib/python3.7/site-packages/airflow/example_dags/example_skip_dag.py
[2025-12-05T01:09:07.126+0000] {processor.py:758} INFO - Processing file /home/airflow/.local/lib/python3.7/site-packages/airflow/example_dags/example_skip_dag.py for tasks to queue
[2025-12-05T01:09:07.126+0000] {logging_mixin.py:117} INFO - [2025-12-05T01:09:07.126+0000] {dagbag.py:525} INFO - Filling up the DagBag from /home/airflow/.local/lib/python3.7/site-packages/airflow/example_dags/example_skip_dag.py
[2025-12-05T01:09:07.135+0000] {processor.py:768} INFO - DAG(s) dict_keys(['example_skip_dag']) retrieved from /home/airflow/.local/lib/python3.7/site-packages/airflow/example_dags/example_skip_dag.py
[2025-12-05T01:09:07.163+0000] {logging_mixin.py:117} INFO - [2025-12-05T01:09:07.163+0000] {dag.py:2573} INFO - Sync 1 DAGs
[2025-12-05T01:09:07.175+0000] {logging_mixin.py:117} INFO - [2025-12-05T01:09:07.174+0000] {dag.py:3328} INFO - Setting next_dagrun for example_skip_dag to 2025-12-04T01:09:07.174839+00:00, run_after=2025-12-05T01:09:07.174839+00:00
[2025-12-05T01:09:07.185+0000] {processor.py:178} INFO - Processing /home/airflow/.local/lib/python3.7/site-packages/airflow/example_dags/example_skip_dag.py took 0.064 seconds
[2025-12-05T01:09:37.320+0000] {processor.py:156} INFO - Started process (PID=9452) to work on /home/airflow/.local/lib/python3.7/site-packages/airflow/example_dags/example_skip_dag.py
[2025-12-05T01:09:37.321+0000] {processor.py:758} INFO - Processing file /home/airflow/.local/lib/python3.7/site-packages/airflow/example_dags/example_skip_dag.py for tasks to queue
[2025-12-05T01:09:37.322+0000] {logging_mixin.py:117} INFO - [2025-12-05T01:09:37.322+0000] {dagbag.py:525} INFO - Filling up the DagBag from /home/airflow/.local/lib/python3.7/site-packages/airflow/example_dags/example_skip_dag.py
[2025-12-05T01:09:37.331+0000] {processor.py:768} INFO - DAG(s) dict_keys(['example_skip_dag']) retrieved from /home/airflow/.local/lib/python3.7/site-packages/airflow/example_dags/example_skip_dag.py
[2025-12-05T01:09:37.352+0000] {logging_mixin.py:117} INFO - [2025-12-05T01:09:37.352+0000] {dag.py:2573} INFO - Sync 1 DAGs
[2025-12-05T01:09:37.369+0000] {logging_mixin.py:117} INFO - [2025-12-05T01:09:37.369+0000] {dag.py:3328} INFO - Setting next_dagrun for example_skip_dag to 2025-12-04T01:09:37.369301+00:00, run_after=2025-12-05T01:09:37.369301+00:00
[2025-12-05T01:09:37.384+0000] {processor.py:178} INFO - Processing /home/airflow/.local/lib/python3.7/site-packages/airflow/example_dags/example_skip_dag.py took 0.066 seconds
[2025-12-05T01:10:08.453+0000] {processor.py:156} INFO - Started process (PID=9653) to work on /home/airflow/.local/lib/python3.7/site-packages/airflow/example_dags/example_skip_dag.py
[2025-12-05T01:10:08.456+0000] {processor.py:758} INFO - Processing file /home/airflow/.local/lib/python3.7/site-packages/airflow/example_dags/example_skip_dag.py for tasks to queue
[2025-12-05T01:10:08.457+0000] {logging_mixin.py:117} INFO - [2025-12-05T01:10:08.457+0000] {dagbag.py:525} INFO - Filling up the DagBag from /home/airflow/.local/lib/python3.7/site-packages/airflow/example_dags/example_skip_dag.py
[2025-12-05T01:10:08.466+0000] {processor.py:768} INFO - DAG(s) dict_keys(['example_skip_dag']) retrieved from /home/airflow/.local/lib/python3.7/site-packages/airflow/example_dags/example_skip_dag.py
[2025-12-05T01:10:08.486+0000] {logging_mixin.py:117} INFO - [2025-12-05T01:10:08.486+0000] {dag.py:2573} INFO - Sync 1 DAGs
[2025-12-05T01:10:08.499+0000] {logging_mixin.py:117} INFO - [2025-12-05T01:10:08.499+0000] {dag.py:3328} INFO - Setting next_dagrun for example_skip_dag to 2025-12-04T01:10:08.499675+00:00, run_after=2025-12-05T01:10:08.499675+00:00
[2025-12-05T01:10:08.508+0000] {processor.py:178} INFO - Processing /home/airflow/.local/lib/python3.7/site-packages/airflow/example_dags/example_skip_dag.py took 0.057 seconds
[2025-12-05T01:10:39.426+0000] {processor.py:156} INFO - Started process (PID=9854) to work on /home/airflow/.local/lib/python3.7/site-packages/airflow/example_dags/example_skip_dag.py
[2025-12-05T01:10:39.429+0000] {processor.py:758} INFO - Processing file /home/airflow/.local/lib/python3.7/site-packages/airflow/example_dags/example_skip_dag.py for tasks to queue
[2025-12-05T01:10:39.429+0000] {logging_mixin.py:117} INFO - [2025-12-05T01:10:39.429+0000] {dagbag.py:525} INFO - Filling up the DagBag from /home/airflow/.local/lib/python3.7/site-packages/airflow/example_dags/example_skip_dag.py
[2025-12-05T01:10:39.436+0000] {processor.py:768} INFO - DAG(s) dict_keys(['example_skip_dag']) retrieved from /home/airflow/.local/lib/python3.7/site-packages/airflow/example_dags/example_skip_dag.py
[2025-12-05T01:10:39.456+0000] {logging_mixin.py:117} INFO - [2025-12-05T01:10:39.456+0000] {dag.py:2573} INFO - Sync 1 DAGs
[2025-12-05T01:10:39.469+0000] {logging_mixin.py:117} INFO - [2025-12-05T01:10:39.469+0000] {dag.py:3328} INFO - Setting next_dagrun for example_skip_dag to 2025-12-04T01:10:39.469148+00:00, run_after=2025-12-05T01:10:39.469148+00:00
[2025-12-05T01:10:39.477+0000] {processor.py:178} INFO - Processing /home/airflow/.local/lib/python3.7/site-packages/airflow/example_dags/example_skip_dag.py took 0.055 seconds
[2025-12-05T01:11:10.233+0000] {processor.py:156} INFO - Started process (PID=10062) to work on /home/airflow/.local/lib/python3.7/site-packages/airflow/example_dags/example_skip_dag.py
[2025-12-05T01:11:10.234+0000] {processor.py:758} INFO - Processing file /home/airflow/.local/lib/python3.7/site-packages/airflow/example_dags/example_skip_dag.py for tasks to queue
[2025-12-05T01:11:10.235+0000] {logging_mixin.py:117} INFO - [2025-12-05T01:11:10.235+0000] {dagbag.py:525} INFO - Filling up the DagBag from /home/airflow/.local/lib/python3.7/site-packages/airflow/example_dags/example_skip_dag.py
[2025-12-05T01:11:10.242+0000] {processor.py:768} INFO - DAG(s) dict_keys(['example_skip_dag']) retrieved from /home/airflow/.local/lib/python3.7/site-packages/airflow/example_dags/example_skip_dag.py
[2025-12-05T01:11:10.261+0000] {logging_mixin.py:117} INFO - [2025-12-05T01:11:10.261+0000] {dag.py:2573} INFO - Sync 1 DAGs
[2025-12-05T01:11:10.278+0000] {logging_mixin.py:117} INFO - [2025-12-05T01:11:10.278+0000] {dag.py:3328} INFO - Setting next_dagrun for example_skip_dag to 2025-12-04T01:11:10.278044+00:00, run_after=2025-12-05T01:11:10.278044+00:00
[2025-12-05T01:11:10.286+0000] {processor.py:178} INFO - Processing /home/airflow/.local/lib/python3.7/site-packages/airflow/example_dags/example_skip_dag.py took 0.054 seconds
[2025-12-05T01:11:41.060+0000] {processor.py:156} INFO - Started process (PID=10262) to work on /home/airflow/.local/lib/python3.7/site-packages/airflow/example_dags/example_skip_dag.py
[2025-12-05T01:11:41.061+0000] {processor.py:758} INFO - Processing file /home/airflow/.local/lib/python3.7/site-packages/airflow/example_dags/example_skip_dag.py for tasks to queue
[2025-12-05T01:11:41.061+0000] {logging_mixin.py:117} INFO - [2025-12-05T01:11:41.061+0000] {dagbag.py:525} INFO - Filling up the DagBag from /home/airflow/.local/lib/python3.7/site-packages/airflow/example_dags/example_skip_dag.py
[2025-12-05T01:11:41.069+0000] {processor.py:768} INFO - DAG(s) dict_keys(['example_skip_dag']) retrieved from /home/airflow/.local/lib/python3.7/site-packages/airflow/example_dags/example_skip_dag.py
[2025-12-05T01:11:41.089+0000] {logging_mixin.py:117} INFO - [2025-12-05T01:11:41.089+0000] {dag.py:2573} INFO - Sync 1 DAGs
[2025-12-05T01:11:41.103+0000] {logging_mixin.py:117} INFO - [2025-12-05T01:11:41.103+0000] {dag.py:3328} INFO - Setting next_dagrun for example_skip_dag to 2025-12-04T01:11:41.103326+00:00, run_after=2025-12-05T01:11:41.103326+00:00
[2025-12-05T01:11:41.114+0000] {processor.py:178} INFO - Processing /home/airflow/.local/lib/python3.7/site-packages/airflow/example_dags/example_skip_dag.py took 0.056 seconds
[2025-12-05T01:12:12.207+0000] {processor.py:156} INFO - Started process (PID=10462) to work on /home/airflow/.local/lib/python3.7/site-packages/airflow/example_dags/example_skip_dag.py
[2025-12-05T01:12:12.208+0000] {processor.py:758} INFO - Processing file /home/airflow/.local/lib/python3.7/site-packages/airflow/example_dags/example_skip_dag.py for tasks to queue
[2025-12-05T01:12:12.210+0000] {logging_mixin.py:117} INFO - [2025-12-05T01:12:12.209+0000] {dagbag.py:525} INFO - Filling up the DagBag from /home/airflow/.local/lib/python3.7/site-packages/airflow/example_dags/example_skip_dag.py
[2025-12-05T01:12:12.227+0000] {processor.py:768} INFO - DAG(s) dict_keys(['example_skip_dag']) retrieved from /home/airflow/.local/lib/python3.7/site-packages/airflow/example_dags/example_skip_dag.py
[2025-12-05T01:12:12.280+0000] {logging_mixin.py:117} INFO - [2025-12-05T01:12:12.280+0000] {dag.py:2573} INFO - Sync 1 DAGs
[2025-12-05T01:12:12.303+0000] {logging_mixin.py:117} INFO - [2025-12-05T01:12:12.302+0000] {dag.py:3328} INFO - Setting next_dagrun for example_skip_dag to 2025-12-04T01:12:12.302789+00:00, run_after=2025-12-05T01:12:12.302789+00:00
[2025-12-05T01:12:12.318+0000] {processor.py:178} INFO - Processing /home/airflow/.local/lib/python3.7/site-packages/airflow/example_dags/example_skip_dag.py took 0.116 seconds
[2025-12-05T01:12:42.455+0000] {processor.py:156} INFO - Started process (PID=10663) to work on /home/airflow/.local/lib/python3.7/site-packages/airflow/example_dags/example_skip_dag.py
[2025-12-05T01:12:42.456+0000] {processor.py:758} INFO - Processing file /home/airflow/.local/lib/python3.7/site-packages/airflow/example_dags/example_skip_dag.py for tasks to queue
[2025-12-05T01:12:42.456+0000] {logging_mixin.py:117} INFO - [2025-12-05T01:12:42.456+0000] {dagbag.py:525} INFO - Filling up the DagBag from /home/airflow/.local/lib/python3.7/site-packages/airflow/example_dags/example_skip_dag.py
[2025-12-05T01:12:42.464+0000] {processor.py:768} INFO - DAG(s) dict_keys(['example_skip_dag']) retrieved from /home/airflow/.local/lib/python3.7/site-packages/airflow/example_dags/example_skip_dag.py
[2025-12-05T01:12:42.481+0000] {logging_mixin.py:117} INFO - [2025-12-05T01:12:42.481+0000] {dag.py:2573} INFO - Sync 1 DAGs
[2025-12-05T01:12:42.496+0000] {logging_mixin.py:117} INFO - [2025-12-05T01:12:42.496+0000] {dag.py:3328} INFO - Setting next_dagrun for example_skip_dag to 2025-12-04T01:12:42.496309+00:00, run_after=2025-12-05T01:12:42.496309+00:00
[2025-12-05T01:12:42.506+0000] {processor.py:178} INFO - Processing /home/airflow/.local/lib/python3.7/site-packages/airflow/example_dags/example_skip_dag.py took 0.056 seconds
[2025-12-05T01:13:13.584+0000] {processor.py:156} INFO - Started process (PID=10864) to work on /home/airflow/.local/lib/python3.7/site-packages/airflow/example_dags/example_skip_dag.py
[2025-12-05T01:13:13.586+0000] {processor.py:758} INFO - Processing file /home/airflow/.local/lib/python3.7/site-packages/airflow/example_dags/example_skip_dag.py for tasks to queue
[2025-12-05T01:13:13.587+0000] {logging_mixin.py:117} INFO - [2025-12-05T01:13:13.587+0000] {dagbag.py:525} INFO - Filling up the DagBag from /home/airflow/.local/lib/python3.7/site-packages/airflow/example_dags/example_skip_dag.py
[2025-12-05T01:13:13.595+0000] {processor.py:768} INFO - DAG(s) dict_keys(['example_skip_dag']) retrieved from /home/airflow/.local/lib/python3.7/site-packages/airflow/example_dags/example_skip_dag.py
[2025-12-05T01:13:13.626+0000] {logging_mixin.py:117} INFO - [2025-12-05T01:13:13.626+0000] {dag.py:2573} INFO - Sync 1 DAGs
[2025-12-05T01:13:13.642+0000] {logging_mixin.py:117} INFO - [2025-12-05T01:13:13.642+0000] {dag.py:3328} INFO - Setting next_dagrun for example_skip_dag to 2025-12-04T01:13:13.642729+00:00, run_after=2025-12-05T01:13:13.642729+00:00
[2025-12-05T01:13:13.651+0000] {processor.py:178} INFO - Processing /home/airflow/.local/lib/python3.7/site-packages/airflow/example_dags/example_skip_dag.py took 0.069 seconds
[2025-12-05T01:13:44.027+0000] {processor.py:156} INFO - Started process (PID=11065) to work on /home/airflow/.local/lib/python3.7/site-packages/airflow/example_dags/example_skip_dag.py
[2025-12-05T01:13:44.027+0000] {processor.py:758} INFO - Processing file /home/airflow/.local/lib/python3.7/site-packages/airflow/example_dags/example_skip_dag.py for tasks to queue
[2025-12-05T01:13:44.028+0000] {logging_mixin.py:117} INFO - [2025-12-05T01:13:44.028+0000] {dagbag.py:525} INFO - Filling up the DagBag from /home/airflow/.local/lib/python3.7/site-packages/airflow/example_dags/example_skip_dag.py
[2025-12-05T01:13:44.034+0000] {processor.py:768} INFO - DAG(s) dict_keys(['example_skip_dag']) retrieved from /home/airflow/.local/lib/python3.7/site-packages/airflow/example_dags/example_skip_dag.py
[2025-12-05T01:13:44.059+0000] {logging_mixin.py:117} INFO - [2025-12-05T01:13:44.059+0000] {dag.py:2573} INFO - Sync 1 DAGs
[2025-12-05T01:13:44.071+0000] {logging_mixin.py:117} INFO - [2025-12-05T01:13:44.071+0000] {dag.py:3328} INFO - Setting next_dagrun for example_skip_dag to 2025-12-04T01:13:44.071631+00:00, run_after=2025-12-05T01:13:44.071631+00:00
[2025-12-05T01:13:44.082+0000] {processor.py:178} INFO - Processing /home/airflow/.local/lib/python3.7/site-packages/airflow/example_dags/example_skip_dag.py took 0.057 seconds
[2025-12-05T01:14:14.620+0000] {processor.py:156} INFO - Started process (PID=11266) to work on /home/airflow/.local/lib/python3.7/site-packages/airflow/example_dags/example_skip_dag.py
[2025-12-05T01:14:14.623+0000] {processor.py:758} INFO - Processing file /home/airflow/.local/lib/python3.7/site-packages/airflow/example_dags/example_skip_dag.py for tasks to queue
[2025-12-05T01:14:14.624+0000] {logging_mixin.py:117} INFO - [2025-12-05T01:14:14.624+0000] {dagbag.py:525} INFO - Filling up the DagBag from /home/airflow/.local/lib/python3.7/site-packages/airflow/example_dags/example_skip_dag.py
[2025-12-05T01:14:14.632+0000] {processor.py:768} INFO - DAG(s) dict_keys(['example_skip_dag']) retrieved from /home/airflow/.local/lib/python3.7/site-packages/airflow/example_dags/example_skip_dag.py
[2025-12-05T01:14:14.660+0000] {logging_mixin.py:117} INFO - [2025-12-05T01:14:14.660+0000] {dag.py:2573} INFO - Sync 1 DAGs
[2025-12-05T01:14:14.672+0000] {logging_mixin.py:117} INFO - [2025-12-05T01:14:14.672+0000] {dag.py:3328} INFO - Setting next_dagrun for example_skip_dag to 2025-12-04T01:14:14.672516+00:00, run_after=2025-12-05T01:14:14.672516+00:00
[2025-12-05T01:14:14.684+0000] {processor.py:178} INFO - Processing /home/airflow/.local/lib/python3.7/site-packages/airflow/example_dags/example_skip_dag.py took 0.065 seconds
[2025-12-05T01:14:44.866+0000] {processor.py:156} INFO - Started process (PID=11467) to work on /home/airflow/.local/lib/python3.7/site-packages/airflow/example_dags/example_skip_dag.py
[2025-12-05T01:14:44.869+0000] {processor.py:758} INFO - Processing file /home/airflow/.local/lib/python3.7/site-packages/airflow/example_dags/example_skip_dag.py for tasks to queue
[2025-12-05T01:14:44.869+0000] {logging_mixin.py:117} INFO - [2025-12-05T01:14:44.869+0000] {dagbag.py:525} INFO - Filling up the DagBag from /home/airflow/.local/lib/python3.7/site-packages/airflow/example_dags/example_skip_dag.py
[2025-12-05T01:14:44.876+0000] {processor.py:768} INFO - DAG(s) dict_keys(['example_skip_dag']) retrieved from /home/airflow/.local/lib/python3.7/site-packages/airflow/example_dags/example_skip_dag.py
[2025-12-05T01:14:44.899+0000] {logging_mixin.py:117} INFO - [2025-12-05T01:14:44.899+0000] {dag.py:2573} INFO - Sync 1 DAGs
[2025-12-05T01:14:44.914+0000] {logging_mixin.py:117} INFO - [2025-12-05T01:14:44.914+0000] {dag.py:3328} INFO - Setting next_dagrun for example_skip_dag to 2025-12-04T01:14:44.914812+00:00, run_after=2025-12-05T01:14:44.914812+00:00
[2025-12-05T01:14:44.928+0000] {processor.py:178} INFO - Processing /home/airflow/.local/lib/python3.7/site-packages/airflow/example_dags/example_skip_dag.py took 0.063 seconds
[2025-12-05T01:15:16.137+0000] {processor.py:156} INFO - Started process (PID=11669) to work on /home/airflow/.local/lib/python3.7/site-packages/airflow/example_dags/example_skip_dag.py
[2025-12-05T01:15:16.138+0000] {processor.py:758} INFO - Processing file /home/airflow/.local/lib/python3.7/site-packages/airflow/example_dags/example_skip_dag.py for tasks to queue
[2025-12-05T01:15:16.140+0000] {logging_mixin.py:117} INFO - [2025-12-05T01:15:16.140+0000] {dagbag.py:525} INFO - Filling up the DagBag from /home/airflow/.local/lib/python3.7/site-packages/airflow/example_dags/example_skip_dag.py
[2025-12-05T01:15:16.149+0000] {processor.py:768} INFO - DAG(s) dict_keys(['example_skip_dag']) retrieved from /home/airflow/.local/lib/python3.7/site-packages/airflow/example_dags/example_skip_dag.py
[2025-12-05T01:15:16.175+0000] {logging_mixin.py:117} INFO - [2025-12-05T01:15:16.175+0000] {dag.py:2573} INFO - Sync 1 DAGs
[2025-12-05T01:15:16.188+0000] {logging_mixin.py:117} INFO - [2025-12-05T01:15:16.188+0000] {dag.py:3328} INFO - Setting next_dagrun for example_skip_dag to 2025-12-04T01:15:16.188493+00:00, run_after=2025-12-05T01:15:16.188493+00:00
[2025-12-05T01:15:16.198+0000] {processor.py:178} INFO - Processing /home/airflow/.local/lib/python3.7/site-packages/airflow/example_dags/example_skip_dag.py took 0.062 seconds
[2025-12-05T01:15:46.500+0000] {processor.py:156} INFO - Started process (PID=11870) to work on /home/airflow/.local/lib/python3.7/site-packages/airflow/example_dags/example_skip_dag.py
[2025-12-05T01:15:46.504+0000] {processor.py:758} INFO - Processing file /home/airflow/.local/lib/python3.7/site-packages/airflow/example_dags/example_skip_dag.py for tasks to queue
[2025-12-05T01:15:46.504+0000] {logging_mixin.py:117} INFO - [2025-12-05T01:15:46.504+0000] {dagbag.py:525} INFO - Filling up the DagBag from /home/airflow/.local/lib/python3.7/site-packages/airflow/example_dags/example_skip_dag.py
[2025-12-05T01:15:46.515+0000] {processor.py:768} INFO - DAG(s) dict_keys(['example_skip_dag']) retrieved from /home/airflow/.local/lib/python3.7/site-packages/airflow/example_dags/example_skip_dag.py
[2025-12-05T01:15:46.536+0000] {logging_mixin.py:117} INFO - [2025-12-05T01:15:46.536+0000] {dag.py:2573} INFO - Sync 1 DAGs
[2025-12-05T01:15:46.550+0000] {logging_mixin.py:117} INFO - [2025-12-05T01:15:46.550+0000] {dag.py:3328} INFO - Setting next_dagrun for example_skip_dag to 2025-12-04T01:15:46.549734+00:00, run_after=2025-12-05T01:15:46.549734+00:00
[2025-12-05T01:15:46.566+0000] {processor.py:178} INFO - Processing /home/airflow/.local/lib/python3.7/site-packages/airflow/example_dags/example_skip_dag.py took 0.070 seconds
[2025-12-05T01:16:16.778+0000] {processor.py:156} INFO - Started process (PID=12076) to work on /home/airflow/.local/lib/python3.7/site-packages/airflow/example_dags/example_skip_dag.py
[2025-12-05T01:16:16.779+0000] {processor.py:758} INFO - Processing file /home/airflow/.local/lib/python3.7/site-packages/airflow/example_dags/example_skip_dag.py for tasks to queue
[2025-12-05T01:16:16.780+0000] {logging_mixin.py:117} INFO - [2025-12-05T01:16:16.780+0000] {dagbag.py:525} INFO - Filling up the DagBag from /home/airflow/.local/lib/python3.7/site-packages/airflow/example_dags/example_skip_dag.py
[2025-12-05T01:16:16.788+0000] {processor.py:768} INFO - DAG(s) dict_keys(['example_skip_dag']) retrieved from /home/airflow/.local/lib/python3.7/site-packages/airflow/example_dags/example_skip_dag.py
[2025-12-05T01:16:16.810+0000] {logging_mixin.py:117} INFO - [2025-12-05T01:16:16.810+0000] {dag.py:2573} INFO - Sync 1 DAGs
[2025-12-05T01:16:16.822+0000] {logging_mixin.py:117} INFO - [2025-12-05T01:16:16.822+0000] {dag.py:3328} INFO - Setting next_dagrun for example_skip_dag to 2025-12-04T01:16:16.822627+00:00, run_after=2025-12-05T01:16:16.822627+00:00
[2025-12-05T01:16:16.830+0000] {processor.py:178} INFO - Processing /home/airflow/.local/lib/python3.7/site-packages/airflow/example_dags/example_skip_dag.py took 0.054 seconds
[2025-12-05T01:16:47.126+0000] {processor.py:156} INFO - Started process (PID=12286) to work on /home/airflow/.local/lib/python3.7/site-packages/airflow/example_dags/example_skip_dag.py
[2025-12-05T01:16:47.127+0000] {processor.py:758} INFO - Processing file /home/airflow/.local/lib/python3.7/site-packages/airflow/example_dags/example_skip_dag.py for tasks to queue
[2025-12-05T01:16:47.131+0000] {logging_mixin.py:117} INFO - [2025-12-05T01:16:47.131+0000] {dagbag.py:525} INFO - Filling up the DagBag from /home/airflow/.local/lib/python3.7/site-packages/airflow/example_dags/example_skip_dag.py
[2025-12-05T01:16:47.141+0000] {processor.py:768} INFO - DAG(s) dict_keys(['example_skip_dag']) retrieved from /home/airflow/.local/lib/python3.7/site-packages/airflow/example_dags/example_skip_dag.py
[2025-12-05T01:16:47.170+0000] {logging_mixin.py:117} INFO - [2025-12-05T01:16:47.170+0000] {dag.py:2573} INFO - Sync 1 DAGs
[2025-12-05T01:16:47.186+0000] {logging_mixin.py:117} INFO - [2025-12-05T01:16:47.186+0000] {dag.py:3328} INFO - Setting next_dagrun for example_skip_dag to 2025-12-04T01:16:47.186248+00:00, run_after=2025-12-05T01:16:47.186248+00:00
[2025-12-05T01:16:47.199+0000] {processor.py:178} INFO - Processing /home/airflow/.local/lib/python3.7/site-packages/airflow/example_dags/example_skip_dag.py took 0.076 seconds
[2025-12-05T01:17:17.474+0000] {processor.py:156} INFO - Started process (PID=12493) to work on /home/airflow/.local/lib/python3.7/site-packages/airflow/example_dags/example_skip_dag.py
[2025-12-05T01:17:17.475+0000] {processor.py:758} INFO - Processing file /home/airflow/.local/lib/python3.7/site-packages/airflow/example_dags/example_skip_dag.py for tasks to queue
[2025-12-05T01:17:17.478+0000] {logging_mixin.py:117} INFO - [2025-12-05T01:17:17.477+0000] {dagbag.py:525} INFO - Filling up the DagBag from /home/airflow/.local/lib/python3.7/site-packages/airflow/example_dags/example_skip_dag.py
[2025-12-05T01:17:17.485+0000] {processor.py:768} INFO - DAG(s) dict_keys(['example_skip_dag']) retrieved from /home/airflow/.local/lib/python3.7/site-packages/airflow/example_dags/example_skip_dag.py
[2025-12-05T01:17:17.515+0000] {logging_mixin.py:117} INFO - [2025-12-05T01:17:17.515+0000] {dag.py:2573} INFO - Sync 1 DAGs
[2025-12-05T01:17:17.530+0000] {logging_mixin.py:117} INFO - [2025-12-05T01:17:17.530+0000] {dag.py:3328} INFO - Setting next_dagrun for example_skip_dag to 2025-12-04T01:17:17.530681+00:00, run_after=2025-12-05T01:17:17.530681+00:00
[2025-12-05T01:17:17.541+0000] {processor.py:178} INFO - Processing /home/airflow/.local/lib/python3.7/site-packages/airflow/example_dags/example_skip_dag.py took 0.071 seconds
[2025-12-05T01:17:47.903+0000] {processor.py:156} INFO - Started process (PID=12703) to work on /home/airflow/.local/lib/python3.7/site-packages/airflow/example_dags/example_skip_dag.py
[2025-12-05T01:17:47.905+0000] {processor.py:758} INFO - Processing file /home/airflow/.local/lib/python3.7/site-packages/airflow/example_dags/example_skip_dag.py for tasks to queue
[2025-12-05T01:17:47.906+0000] {logging_mixin.py:117} INFO - [2025-12-05T01:17:47.906+0000] {dagbag.py:525} INFO - Filling up the DagBag from /home/airflow/.local/lib/python3.7/site-packages/airflow/example_dags/example_skip_dag.py
[2025-12-05T01:17:47.923+0000] {processor.py:768} INFO - DAG(s) dict_keys(['example_skip_dag']) retrieved from /home/airflow/.local/lib/python3.7/site-packages/airflow/example_dags/example_skip_dag.py
[2025-12-05T01:17:47.947+0000] {logging_mixin.py:117} INFO - [2025-12-05T01:17:47.947+0000] {dag.py:2573} INFO - Sync 1 DAGs
[2025-12-05T01:17:47.960+0000] {logging_mixin.py:117} INFO - [2025-12-05T01:17:47.960+0000] {dag.py:3328} INFO - Setting next_dagrun for example_skip_dag to 2025-12-04T01:17:47.959887+00:00, run_after=2025-12-05T01:17:47.959887+00:00
[2025-12-05T01:17:47.969+0000] {processor.py:178} INFO - Processing /home/airflow/.local/lib/python3.7/site-packages/airflow/example_dags/example_skip_dag.py took 0.068 seconds
[2025-12-05T01:18:18.103+0000] {processor.py:156} INFO - Started process (PID=12909) to work on /home/airflow/.local/lib/python3.7/site-packages/airflow/example_dags/example_skip_dag.py
[2025-12-05T01:18:18.105+0000] {processor.py:758} INFO - Processing file /home/airflow/.local/lib/python3.7/site-packages/airflow/example_dags/example_skip_dag.py for tasks to queue
[2025-12-05T01:18:18.105+0000] {logging_mixin.py:117} INFO - [2025-12-05T01:18:18.105+0000] {dagbag.py:525} INFO - Filling up the DagBag from /home/airflow/.local/lib/python3.7/site-packages/airflow/example_dags/example_skip_dag.py
[2025-12-05T01:18:18.114+0000] {processor.py:768} INFO - DAG(s) dict_keys(['example_skip_dag']) retrieved from /home/airflow/.local/lib/python3.7/site-packages/airflow/example_dags/example_skip_dag.py
[2025-12-05T01:18:18.141+0000] {logging_mixin.py:117} INFO - [2025-12-05T01:18:18.141+0000] {dag.py:2573} INFO - Sync 1 DAGs
[2025-12-05T01:18:18.155+0000] {logging_mixin.py:117} INFO - [2025-12-05T01:18:18.155+0000] {dag.py:3328} INFO - Setting next_dagrun for example_skip_dag to 2025-12-04T01:18:18.155219+00:00, run_after=2025-12-05T01:18:18.155219+00:00
[2025-12-05T01:18:18.164+0000] {processor.py:178} INFO - Processing /home/airflow/.local/lib/python3.7/site-packages/airflow/example_dags/example_skip_dag.py took 0.063 seconds
[2025-12-05T01:18:48.504+0000] {processor.py:156} INFO - Started process (PID=13115) to work on /home/airflow/.local/lib/python3.7/site-packages/airflow/example_dags/example_skip_dag.py
[2025-12-05T01:18:48.505+0000] {processor.py:758} INFO - Processing file /home/airflow/.local/lib/python3.7/site-packages/airflow/example_dags/example_skip_dag.py for tasks to queue
[2025-12-05T01:18:48.506+0000] {logging_mixin.py:117} INFO - [2025-12-05T01:18:48.505+0000] {dagbag.py:525} INFO - Filling up the DagBag from /home/airflow/.local/lib/python3.7/site-packages/airflow/example_dags/example_skip_dag.py
[2025-12-05T01:18:48.513+0000] {processor.py:768} INFO - DAG(s) dict_keys(['example_skip_dag']) retrieved from /home/airflow/.local/lib/python3.7/site-packages/airflow/example_dags/example_skip_dag.py
[2025-12-05T01:18:48.533+0000] {logging_mixin.py:117} INFO - [2025-12-05T01:18:48.532+0000] {dag.py:2573} INFO - Sync 1 DAGs
[2025-12-05T01:18:48.546+0000] {logging_mixin.py:117} INFO - [2025-12-05T01:18:48.546+0000] {dag.py:3328} INFO - Setting next_dagrun for example_skip_dag to 2025-12-04T01:18:48.546176+00:00, run_after=2025-12-05T01:18:48.546176+00:00
[2025-12-05T01:18:48.554+0000] {processor.py:178} INFO - Processing /home/airflow/.local/lib/python3.7/site-packages/airflow/example_dags/example_skip_dag.py took 0.053 seconds
[2025-12-05T01:19:19.460+0000] {processor.py:156} INFO - Started process (PID=13321) to work on /home/airflow/.local/lib/python3.7/site-packages/airflow/example_dags/example_skip_dag.py
[2025-12-05T01:19:19.461+0000] {processor.py:758} INFO - Processing file /home/airflow/.local/lib/python3.7/site-packages/airflow/example_dags/example_skip_dag.py for tasks to queue
[2025-12-05T01:19:19.461+0000] {logging_mixin.py:117} INFO - [2025-12-05T01:19:19.461+0000] {dagbag.py:525} INFO - Filling up the DagBag from /home/airflow/.local/lib/python3.7/site-packages/airflow/example_dags/example_skip_dag.py
[2025-12-05T01:19:19.469+0000] {processor.py:768} INFO - DAG(s) dict_keys(['example_skip_dag']) retrieved from /home/airflow/.local/lib/python3.7/site-packages/airflow/example_dags/example_skip_dag.py
[2025-12-05T01:19:19.492+0000] {logging_mixin.py:117} INFO - [2025-12-05T01:19:19.492+0000] {dag.py:2573} INFO - Sync 1 DAGs
[2025-12-05T01:19:19.508+0000] {logging_mixin.py:117} INFO - [2025-12-05T01:19:19.508+0000] {dag.py:3328} INFO - Setting next_dagrun for example_skip_dag to 2025-12-04T01:19:19.508137+00:00, run_after=2025-12-05T01:19:19.508137+00:00
[2025-12-05T01:19:19.517+0000] {processor.py:178} INFO - Processing /home/airflow/.local/lib/python3.7/site-packages/airflow/example_dags/example_skip_dag.py took 0.059 seconds
[2025-12-05T01:19:50.290+0000] {processor.py:156} INFO - Started process (PID=13527) to work on /home/airflow/.local/lib/python3.7/site-packages/airflow/example_dags/example_skip_dag.py
[2025-12-05T01:19:50.290+0000] {processor.py:758} INFO - Processing file /home/airflow/.local/lib/python3.7/site-packages/airflow/example_dags/example_skip_dag.py for tasks to queue
[2025-12-05T01:19:50.291+0000] {logging_mixin.py:117} INFO - [2025-12-05T01:19:50.290+0000] {dagbag.py:525} INFO - Filling up the DagBag from /home/airflow/.local/lib/python3.7/site-packages/airflow/example_dags/example_skip_dag.py
[2025-12-05T01:19:50.299+0000] {processor.py:768} INFO - DAG(s) dict_keys(['example_skip_dag']) retrieved from /home/airflow/.local/lib/python3.7/site-packages/airflow/example_dags/example_skip_dag.py
[2025-12-05T01:19:50.318+0000] {logging_mixin.py:117} INFO - [2025-12-05T01:19:50.318+0000] {dag.py:2573} INFO - Sync 1 DAGs
[2025-12-05T01:19:50.336+0000] {logging_mixin.py:117} INFO - [2025-12-05T01:19:50.336+0000] {dag.py:3328} INFO - Setting next_dagrun for example_skip_dag to 2025-12-04T01:19:50.335960+00:00, run_after=2025-12-05T01:19:50.335960+00:00
[2025-12-05T01:19:50.345+0000] {processor.py:178} INFO - Processing /home/airflow/.local/lib/python3.7/site-packages/airflow/example_dags/example_skip_dag.py took 0.057 seconds
[2025-12-05T01:20:21.223+0000] {processor.py:156} INFO - Started process (PID=13733) to work on /home/airflow/.local/lib/python3.7/site-packages/airflow/example_dags/example_skip_dag.py
[2025-12-05T01:20:21.224+0000] {processor.py:758} INFO - Processing file /home/airflow/.local/lib/python3.7/site-packages/airflow/example_dags/example_skip_dag.py for tasks to queue
[2025-12-05T01:20:21.224+0000] {logging_mixin.py:117} INFO - [2025-12-05T01:20:21.224+0000] {dagbag.py:525} INFO - Filling up the DagBag from /home/airflow/.local/lib/python3.7/site-packages/airflow/example_dags/example_skip_dag.py
[2025-12-05T01:20:21.231+0000] {processor.py:768} INFO - DAG(s) dict_keys(['example_skip_dag']) retrieved from /home/airflow/.local/lib/python3.7/site-packages/airflow/example_dags/example_skip_dag.py
[2025-12-05T01:20:21.249+0000] {logging_mixin.py:117} INFO - [2025-12-05T01:20:21.249+0000] {dag.py:2573} INFO - Sync 1 DAGs
[2025-12-05T01:20:21.261+0000] {logging_mixin.py:117} INFO - [2025-12-05T01:20:21.261+0000] {dag.py:3328} INFO - Setting next_dagrun for example_skip_dag to 2025-12-04T01:20:21.261085+00:00, run_after=2025-12-05T01:20:21.261085+00:00
[2025-12-05T01:20:21.269+0000] {processor.py:178} INFO - Processing /home/airflow/.local/lib/python3.7/site-packages/airflow/example_dags/example_skip_dag.py took 0.047 seconds
[2025-12-05T01:20:52.168+0000] {processor.py:156} INFO - Started process (PID=13939) to work on /home/airflow/.local/lib/python3.7/site-packages/airflow/example_dags/example_skip_dag.py
[2025-12-05T01:20:52.169+0000] {processor.py:758} INFO - Processing file /home/airflow/.local/lib/python3.7/site-packages/airflow/example_dags/example_skip_dag.py for tasks to queue
[2025-12-05T01:20:52.169+0000] {logging_mixin.py:117} INFO - [2025-12-05T01:20:52.169+0000] {dagbag.py:525} INFO - Filling up the DagBag from /home/airflow/.local/lib/python3.7/site-packages/airflow/example_dags/example_skip_dag.py
[2025-12-05T01:20:52.176+0000] {processor.py:768} INFO - DAG(s) dict_keys(['example_skip_dag']) retrieved from /home/airflow/.local/lib/python3.7/site-packages/airflow/example_dags/example_skip_dag.py
[2025-12-05T01:20:52.198+0000] {logging_mixin.py:117} INFO - [2025-12-05T01:20:52.198+0000] {dag.py:2573} INFO - Sync 1 DAGs
[2025-12-05T01:20:52.214+0000] {logging_mixin.py:117} INFO - [2025-12-05T01:20:52.214+0000] {dag.py:3328} INFO - Setting next_dagrun for example_skip_dag to 2025-12-04T01:20:52.214352+00:00, run_after=2025-12-05T01:20:52.214352+00:00
[2025-12-05T01:20:52.231+0000] {processor.py:178} INFO - Processing /home/airflow/.local/lib/python3.7/site-packages/airflow/example_dags/example_skip_dag.py took 0.064 seconds
