[2025-12-05T00:46:05.876+0000] {processor.py:156} INFO - Started process (PID=272) to work on /home/airflow/.local/lib/python3.7/site-packages/airflow/example_dags/example_dag_decorator.py
[2025-12-05T00:46:05.878+0000] {processor.py:758} INFO - Processing file /home/airflow/.local/lib/python3.7/site-packages/airflow/example_dags/example_dag_decorator.py for tasks to queue
[2025-12-05T00:46:05.879+0000] {logging_mixin.py:117} INFO - [2025-12-05T00:46:05.879+0000] {dagbag.py:525} INFO - Filling up the DagBag from /home/airflow/.local/lib/python3.7/site-packages/airflow/example_dags/example_dag_decorator.py
[2025-12-05T00:46:05.960+0000] {processor.py:768} INFO - DAG(s) dict_keys(['example_dag_decorator']) retrieved from /home/airflow/.local/lib/python3.7/site-packages/airflow/example_dags/example_dag_decorator.py
[2025-12-05T00:46:06.334+0000] {logging_mixin.py:117} INFO - [2025-12-05T00:46:06.334+0000] {manager.py:508} INFO - Created Permission View: can read on DAG:example_dag_decorator
[2025-12-05T00:46:06.343+0000] {logging_mixin.py:117} INFO - [2025-12-05T00:46:06.343+0000] {manager.py:508} INFO - Created Permission View: can delete on DAG:example_dag_decorator
[2025-12-05T00:46:06.350+0000] {logging_mixin.py:117} INFO - [2025-12-05T00:46:06.349+0000] {manager.py:508} INFO - Created Permission View: can edit on DAG:example_dag_decorator
[2025-12-05T00:46:06.350+0000] {logging_mixin.py:117} INFO - [2025-12-05T00:46:06.350+0000] {dag.py:2573} INFO - Sync 1 DAGs
[2025-12-05T00:46:06.359+0000] {logging_mixin.py:117} INFO - [2025-12-05T00:46:06.359+0000] {dag.py:2594} INFO - Creating ORM DAG for example_dag_decorator
[2025-12-05T00:46:06.369+0000] {logging_mixin.py:117} INFO - [2025-12-05T00:46:06.368+0000] {dag.py:3328} INFO - Setting next_dagrun for example_dag_decorator to None, run_after=None
[2025-12-05T00:46:06.386+0000] {processor.py:178} INFO - Processing /home/airflow/.local/lib/python3.7/site-packages/airflow/example_dags/example_dag_decorator.py took 0.514 seconds
[2025-12-05T00:46:36.930+0000] {processor.py:156} INFO - Started process (PID=473) to work on /home/airflow/.local/lib/python3.7/site-packages/airflow/example_dags/example_dag_decorator.py
[2025-12-05T00:46:36.930+0000] {processor.py:758} INFO - Processing file /home/airflow/.local/lib/python3.7/site-packages/airflow/example_dags/example_dag_decorator.py for tasks to queue
[2025-12-05T00:46:36.931+0000] {logging_mixin.py:117} INFO - [2025-12-05T00:46:36.930+0000] {dagbag.py:525} INFO - Filling up the DagBag from /home/airflow/.local/lib/python3.7/site-packages/airflow/example_dags/example_dag_decorator.py
[2025-12-05T00:46:36.944+0000] {processor.py:768} INFO - DAG(s) dict_keys(['example_dag_decorator']) retrieved from /home/airflow/.local/lib/python3.7/site-packages/airflow/example_dags/example_dag_decorator.py
[2025-12-05T00:46:36.983+0000] {logging_mixin.py:117} INFO - [2025-12-05T00:46:36.983+0000] {dag.py:2573} INFO - Sync 1 DAGs
[2025-12-05T00:46:37.171+0000] {logging_mixin.py:117} INFO - [2025-12-05T00:46:37.171+0000] {dag.py:3328} INFO - Setting next_dagrun for example_dag_decorator to None, run_after=None
[2025-12-05T00:46:37.179+0000] {processor.py:178} INFO - Processing /home/airflow/.local/lib/python3.7/site-packages/airflow/example_dags/example_dag_decorator.py took 0.251 seconds
[2025-12-05T00:47:07.768+0000] {processor.py:156} INFO - Started process (PID=675) to work on /home/airflow/.local/lib/python3.7/site-packages/airflow/example_dags/example_dag_decorator.py
[2025-12-05T00:47:07.769+0000] {processor.py:758} INFO - Processing file /home/airflow/.local/lib/python3.7/site-packages/airflow/example_dags/example_dag_decorator.py for tasks to queue
[2025-12-05T00:47:07.769+0000] {logging_mixin.py:117} INFO - [2025-12-05T00:47:07.769+0000] {dagbag.py:525} INFO - Filling up the DagBag from /home/airflow/.local/lib/python3.7/site-packages/airflow/example_dags/example_dag_decorator.py
[2025-12-05T00:47:07.784+0000] {processor.py:768} INFO - DAG(s) dict_keys(['example_dag_decorator']) retrieved from /home/airflow/.local/lib/python3.7/site-packages/airflow/example_dags/example_dag_decorator.py
[2025-12-05T00:47:07.839+0000] {logging_mixin.py:117} INFO - [2025-12-05T00:47:07.839+0000] {dag.py:2573} INFO - Sync 1 DAGs
[2025-12-05T00:47:08.119+0000] {logging_mixin.py:117} INFO - [2025-12-05T00:47:08.119+0000] {dag.py:3328} INFO - Setting next_dagrun for example_dag_decorator to None, run_after=None
[2025-12-05T00:47:08.133+0000] {processor.py:178} INFO - Processing /home/airflow/.local/lib/python3.7/site-packages/airflow/example_dags/example_dag_decorator.py took 0.367 seconds
[2025-12-05T00:47:38.289+0000] {processor.py:156} INFO - Started process (PID=890) to work on /home/airflow/.local/lib/python3.7/site-packages/airflow/example_dags/example_dag_decorator.py
[2025-12-05T00:47:38.290+0000] {processor.py:758} INFO - Processing file /home/airflow/.local/lib/python3.7/site-packages/airflow/example_dags/example_dag_decorator.py for tasks to queue
[2025-12-05T00:47:38.290+0000] {logging_mixin.py:117} INFO - [2025-12-05T00:47:38.290+0000] {dagbag.py:525} INFO - Filling up the DagBag from /home/airflow/.local/lib/python3.7/site-packages/airflow/example_dags/example_dag_decorator.py
[2025-12-05T00:47:38.304+0000] {processor.py:768} INFO - DAG(s) dict_keys(['example_dag_decorator']) retrieved from /home/airflow/.local/lib/python3.7/site-packages/airflow/example_dags/example_dag_decorator.py
[2025-12-05T00:47:38.452+0000] {logging_mixin.py:117} INFO - [2025-12-05T00:47:38.452+0000] {dag.py:2573} INFO - Sync 1 DAGs
[2025-12-05T00:47:38.469+0000] {logging_mixin.py:117} INFO - [2025-12-05T00:47:38.469+0000] {dag.py:3328} INFO - Setting next_dagrun for example_dag_decorator to None, run_after=None
[2025-12-05T00:47:38.483+0000] {processor.py:178} INFO - Processing /home/airflow/.local/lib/python3.7/site-packages/airflow/example_dags/example_dag_decorator.py took 0.196 seconds
[2025-12-05T00:48:08.885+0000] {processor.py:156} INFO - Started process (PID=1084) to work on /home/airflow/.local/lib/python3.7/site-packages/airflow/example_dags/example_dag_decorator.py
[2025-12-05T00:48:08.886+0000] {processor.py:758} INFO - Processing file /home/airflow/.local/lib/python3.7/site-packages/airflow/example_dags/example_dag_decorator.py for tasks to queue
[2025-12-05T00:48:08.886+0000] {logging_mixin.py:117} INFO - [2025-12-05T00:48:08.886+0000] {dagbag.py:525} INFO - Filling up the DagBag from /home/airflow/.local/lib/python3.7/site-packages/airflow/example_dags/example_dag_decorator.py
[2025-12-05T00:48:08.902+0000] {processor.py:768} INFO - DAG(s) dict_keys(['example_dag_decorator']) retrieved from /home/airflow/.local/lib/python3.7/site-packages/airflow/example_dags/example_dag_decorator.py
[2025-12-05T00:48:09.026+0000] {logging_mixin.py:117} INFO - [2025-12-05T00:48:09.025+0000] {dag.py:2573} INFO - Sync 1 DAGs
[2025-12-05T00:48:09.036+0000] {logging_mixin.py:117} INFO - [2025-12-05T00:48:09.036+0000] {dag.py:3328} INFO - Setting next_dagrun for example_dag_decorator to None, run_after=None
[2025-12-05T00:48:09.047+0000] {processor.py:178} INFO - Processing /home/airflow/.local/lib/python3.7/site-packages/airflow/example_dags/example_dag_decorator.py took 0.164 seconds
[2025-12-05T00:48:40.871+0000] {processor.py:156} INFO - Started process (PID=1285) to work on /home/airflow/.local/lib/python3.7/site-packages/airflow/example_dags/example_dag_decorator.py
[2025-12-05T00:48:40.872+0000] {processor.py:758} INFO - Processing file /home/airflow/.local/lib/python3.7/site-packages/airflow/example_dags/example_dag_decorator.py for tasks to queue
[2025-12-05T00:48:40.872+0000] {logging_mixin.py:117} INFO - [2025-12-05T00:48:40.872+0000] {dagbag.py:525} INFO - Filling up the DagBag from /home/airflow/.local/lib/python3.7/site-packages/airflow/example_dags/example_dag_decorator.py
[2025-12-05T00:48:40.896+0000] {processor.py:768} INFO - DAG(s) dict_keys(['example_dag_decorator']) retrieved from /home/airflow/.local/lib/python3.7/site-packages/airflow/example_dags/example_dag_decorator.py
[2025-12-05T00:48:41.102+0000] {logging_mixin.py:117} INFO - [2025-12-05T00:48:41.102+0000] {dag.py:2573} INFO - Sync 1 DAGs
[2025-12-05T00:48:41.124+0000] {logging_mixin.py:117} INFO - [2025-12-05T00:48:41.124+0000] {dag.py:3328} INFO - Setting next_dagrun for example_dag_decorator to None, run_after=None
[2025-12-05T00:48:41.136+0000] {processor.py:178} INFO - Processing /home/airflow/.local/lib/python3.7/site-packages/airflow/example_dags/example_dag_decorator.py took 0.269 seconds
[2025-12-05T00:49:11.888+0000] {processor.py:156} INFO - Started process (PID=1486) to work on /home/airflow/.local/lib/python3.7/site-packages/airflow/example_dags/example_dag_decorator.py
[2025-12-05T00:49:11.888+0000] {processor.py:758} INFO - Processing file /home/airflow/.local/lib/python3.7/site-packages/airflow/example_dags/example_dag_decorator.py for tasks to queue
[2025-12-05T00:49:11.889+0000] {logging_mixin.py:117} INFO - [2025-12-05T00:49:11.888+0000] {dagbag.py:525} INFO - Filling up the DagBag from /home/airflow/.local/lib/python3.7/site-packages/airflow/example_dags/example_dag_decorator.py
[2025-12-05T00:49:11.902+0000] {processor.py:768} INFO - DAG(s) dict_keys(['example_dag_decorator']) retrieved from /home/airflow/.local/lib/python3.7/site-packages/airflow/example_dags/example_dag_decorator.py
[2025-12-05T00:49:12.028+0000] {logging_mixin.py:117} INFO - [2025-12-05T00:49:12.028+0000] {dag.py:2573} INFO - Sync 1 DAGs
[2025-12-05T00:49:12.039+0000] {logging_mixin.py:117} INFO - [2025-12-05T00:49:12.039+0000] {dag.py:3328} INFO - Setting next_dagrun for example_dag_decorator to None, run_after=None
[2025-12-05T00:49:12.047+0000] {processor.py:178} INFO - Processing /home/airflow/.local/lib/python3.7/site-packages/airflow/example_dags/example_dag_decorator.py took 0.161 seconds
[2025-12-05T00:49:42.376+0000] {processor.py:156} INFO - Started process (PID=1687) to work on /home/airflow/.local/lib/python3.7/site-packages/airflow/example_dags/example_dag_decorator.py
[2025-12-05T00:49:42.377+0000] {processor.py:758} INFO - Processing file /home/airflow/.local/lib/python3.7/site-packages/airflow/example_dags/example_dag_decorator.py for tasks to queue
[2025-12-05T00:49:42.377+0000] {logging_mixin.py:117} INFO - [2025-12-05T00:49:42.377+0000] {dagbag.py:525} INFO - Filling up the DagBag from /home/airflow/.local/lib/python3.7/site-packages/airflow/example_dags/example_dag_decorator.py
[2025-12-05T00:49:42.473+0000] {processor.py:768} INFO - DAG(s) dict_keys(['example_dag_decorator']) retrieved from /home/airflow/.local/lib/python3.7/site-packages/airflow/example_dags/example_dag_decorator.py
[2025-12-05T00:49:42.508+0000] {logging_mixin.py:117} INFO - [2025-12-05T00:49:42.508+0000] {dag.py:2573} INFO - Sync 1 DAGs
[2025-12-05T00:49:42.519+0000] {logging_mixin.py:117} INFO - [2025-12-05T00:49:42.519+0000] {dag.py:3328} INFO - Setting next_dagrun for example_dag_decorator to None, run_after=None
[2025-12-05T00:49:42.531+0000] {processor.py:178} INFO - Processing /home/airflow/.local/lib/python3.7/site-packages/airflow/example_dags/example_dag_decorator.py took 0.156 seconds
[2025-12-05T00:50:13.310+0000] {processor.py:156} INFO - Started process (PID=1889) to work on /home/airflow/.local/lib/python3.7/site-packages/airflow/example_dags/example_dag_decorator.py
[2025-12-05T00:50:13.311+0000] {processor.py:758} INFO - Processing file /home/airflow/.local/lib/python3.7/site-packages/airflow/example_dags/example_dag_decorator.py for tasks to queue
[2025-12-05T00:50:13.311+0000] {logging_mixin.py:117} INFO - [2025-12-05T00:50:13.311+0000] {dagbag.py:525} INFO - Filling up the DagBag from /home/airflow/.local/lib/python3.7/site-packages/airflow/example_dags/example_dag_decorator.py
[2025-12-05T00:50:13.328+0000] {processor.py:768} INFO - DAG(s) dict_keys(['example_dag_decorator']) retrieved from /home/airflow/.local/lib/python3.7/site-packages/airflow/example_dags/example_dag_decorator.py
[2025-12-05T00:50:13.458+0000] {logging_mixin.py:117} INFO - [2025-12-05T00:50:13.458+0000] {dag.py:2573} INFO - Sync 1 DAGs
[2025-12-05T00:50:13.474+0000] {logging_mixin.py:117} INFO - [2025-12-05T00:50:13.474+0000] {dag.py:3328} INFO - Setting next_dagrun for example_dag_decorator to None, run_after=None
[2025-12-05T00:50:13.491+0000] {processor.py:178} INFO - Processing /home/airflow/.local/lib/python3.7/site-packages/airflow/example_dags/example_dag_decorator.py took 0.183 seconds
[2025-12-05T00:50:43.844+0000] {processor.py:156} INFO - Started process (PID=2090) to work on /home/airflow/.local/lib/python3.7/site-packages/airflow/example_dags/example_dag_decorator.py
[2025-12-05T00:50:43.844+0000] {processor.py:758} INFO - Processing file /home/airflow/.local/lib/python3.7/site-packages/airflow/example_dags/example_dag_decorator.py for tasks to queue
[2025-12-05T00:50:43.845+0000] {logging_mixin.py:117} INFO - [2025-12-05T00:50:43.845+0000] {dagbag.py:525} INFO - Filling up the DagBag from /home/airflow/.local/lib/python3.7/site-packages/airflow/example_dags/example_dag_decorator.py
[2025-12-05T00:50:43.859+0000] {processor.py:768} INFO - DAG(s) dict_keys(['example_dag_decorator']) retrieved from /home/airflow/.local/lib/python3.7/site-packages/airflow/example_dags/example_dag_decorator.py
[2025-12-05T00:50:43.978+0000] {logging_mixin.py:117} INFO - [2025-12-05T00:50:43.978+0000] {dag.py:2573} INFO - Sync 1 DAGs
[2025-12-05T00:50:43.989+0000] {logging_mixin.py:117} INFO - [2025-12-05T00:50:43.989+0000] {dag.py:3328} INFO - Setting next_dagrun for example_dag_decorator to None, run_after=None
[2025-12-05T00:50:44.005+0000] {processor.py:178} INFO - Processing /home/airflow/.local/lib/python3.7/site-packages/airflow/example_dags/example_dag_decorator.py took 0.163 seconds
[2025-12-05T00:51:14.510+0000] {processor.py:156} INFO - Started process (PID=2286) to work on /home/airflow/.local/lib/python3.7/site-packages/airflow/example_dags/example_dag_decorator.py
[2025-12-05T00:51:14.513+0000] {processor.py:758} INFO - Processing file /home/airflow/.local/lib/python3.7/site-packages/airflow/example_dags/example_dag_decorator.py for tasks to queue
[2025-12-05T00:51:14.514+0000] {logging_mixin.py:117} INFO - [2025-12-05T00:51:14.514+0000] {dagbag.py:525} INFO - Filling up the DagBag from /home/airflow/.local/lib/python3.7/site-packages/airflow/example_dags/example_dag_decorator.py
[2025-12-05T00:51:14.526+0000] {processor.py:768} INFO - DAG(s) dict_keys(['example_dag_decorator']) retrieved from /home/airflow/.local/lib/python3.7/site-packages/airflow/example_dags/example_dag_decorator.py
[2025-12-05T00:51:14.636+0000] {logging_mixin.py:117} INFO - [2025-12-05T00:51:14.636+0000] {dag.py:2573} INFO - Sync 1 DAGs
[2025-12-05T00:51:14.647+0000] {logging_mixin.py:117} INFO - [2025-12-05T00:51:14.647+0000] {dag.py:3328} INFO - Setting next_dagrun for example_dag_decorator to None, run_after=None
[2025-12-05T00:51:14.656+0000] {processor.py:178} INFO - Processing /home/airflow/.local/lib/python3.7/site-packages/airflow/example_dags/example_dag_decorator.py took 0.148 seconds
[2025-12-05T00:51:45.481+0000] {processor.py:156} INFO - Started process (PID=2492) to work on /home/airflow/.local/lib/python3.7/site-packages/airflow/example_dags/example_dag_decorator.py
[2025-12-05T00:51:45.482+0000] {processor.py:758} INFO - Processing file /home/airflow/.local/lib/python3.7/site-packages/airflow/example_dags/example_dag_decorator.py for tasks to queue
[2025-12-05T00:51:45.483+0000] {logging_mixin.py:117} INFO - [2025-12-05T00:51:45.482+0000] {dagbag.py:525} INFO - Filling up the DagBag from /home/airflow/.local/lib/python3.7/site-packages/airflow/example_dags/example_dag_decorator.py
[2025-12-05T00:51:45.637+0000] {processor.py:768} INFO - DAG(s) dict_keys(['example_dag_decorator']) retrieved from /home/airflow/.local/lib/python3.7/site-packages/airflow/example_dags/example_dag_decorator.py
[2025-12-05T00:51:45.694+0000] {logging_mixin.py:117} INFO - [2025-12-05T00:51:45.694+0000] {dag.py:2573} INFO - Sync 1 DAGs
[2025-12-05T00:51:45.705+0000] {logging_mixin.py:117} INFO - [2025-12-05T00:51:45.705+0000] {dag.py:3328} INFO - Setting next_dagrun for example_dag_decorator to None, run_after=None
[2025-12-05T00:51:45.716+0000] {processor.py:178} INFO - Processing /home/airflow/.local/lib/python3.7/site-packages/airflow/example_dags/example_dag_decorator.py took 0.239 seconds
[2025-12-05T00:52:16.062+0000] {processor.py:156} INFO - Started process (PID=2693) to work on /home/airflow/.local/lib/python3.7/site-packages/airflow/example_dags/example_dag_decorator.py
[2025-12-05T00:52:16.062+0000] {processor.py:758} INFO - Processing file /home/airflow/.local/lib/python3.7/site-packages/airflow/example_dags/example_dag_decorator.py for tasks to queue
[2025-12-05T00:52:16.063+0000] {logging_mixin.py:117} INFO - [2025-12-05T00:52:16.063+0000] {dagbag.py:525} INFO - Filling up the DagBag from /home/airflow/.local/lib/python3.7/site-packages/airflow/example_dags/example_dag_decorator.py
[2025-12-05T00:52:16.079+0000] {processor.py:768} INFO - DAG(s) dict_keys(['example_dag_decorator']) retrieved from /home/airflow/.local/lib/python3.7/site-packages/airflow/example_dags/example_dag_decorator.py
[2025-12-05T00:52:16.213+0000] {logging_mixin.py:117} INFO - [2025-12-05T00:52:16.213+0000] {dag.py:2573} INFO - Sync 1 DAGs
[2025-12-05T00:52:16.225+0000] {logging_mixin.py:117} INFO - [2025-12-05T00:52:16.225+0000] {dag.py:3328} INFO - Setting next_dagrun for example_dag_decorator to None, run_after=None
[2025-12-05T00:52:16.235+0000] {processor.py:178} INFO - Processing /home/airflow/.local/lib/python3.7/site-packages/airflow/example_dags/example_dag_decorator.py took 0.175 seconds
[2025-12-05T00:52:46.646+0000] {processor.py:156} INFO - Started process (PID=2896) to work on /home/airflow/.local/lib/python3.7/site-packages/airflow/example_dags/example_dag_decorator.py
[2025-12-05T00:52:46.647+0000] {processor.py:758} INFO - Processing file /home/airflow/.local/lib/python3.7/site-packages/airflow/example_dags/example_dag_decorator.py for tasks to queue
[2025-12-05T00:52:46.647+0000] {logging_mixin.py:117} INFO - [2025-12-05T00:52:46.647+0000] {dagbag.py:525} INFO - Filling up the DagBag from /home/airflow/.local/lib/python3.7/site-packages/airflow/example_dags/example_dag_decorator.py
[2025-12-05T00:52:46.660+0000] {processor.py:768} INFO - DAG(s) dict_keys(['example_dag_decorator']) retrieved from /home/airflow/.local/lib/python3.7/site-packages/airflow/example_dags/example_dag_decorator.py
[2025-12-05T00:52:46.784+0000] {logging_mixin.py:117} INFO - [2025-12-05T00:52:46.784+0000] {dag.py:2573} INFO - Sync 1 DAGs
[2025-12-05T00:52:46.794+0000] {logging_mixin.py:117} INFO - [2025-12-05T00:52:46.794+0000] {dag.py:3328} INFO - Setting next_dagrun for example_dag_decorator to None, run_after=None
[2025-12-05T00:52:46.805+0000] {processor.py:178} INFO - Processing /home/airflow/.local/lib/python3.7/site-packages/airflow/example_dags/example_dag_decorator.py took 0.161 seconds
[2025-12-05T00:53:17.130+0000] {processor.py:156} INFO - Started process (PID=3095) to work on /home/airflow/.local/lib/python3.7/site-packages/airflow/example_dags/example_dag_decorator.py
[2025-12-05T00:53:17.133+0000] {processor.py:758} INFO - Processing file /home/airflow/.local/lib/python3.7/site-packages/airflow/example_dags/example_dag_decorator.py for tasks to queue
[2025-12-05T00:53:17.133+0000] {logging_mixin.py:117} INFO - [2025-12-05T00:53:17.133+0000] {dagbag.py:525} INFO - Filling up the DagBag from /home/airflow/.local/lib/python3.7/site-packages/airflow/example_dags/example_dag_decorator.py
[2025-12-05T00:53:17.155+0000] {processor.py:768} INFO - DAG(s) dict_keys(['example_dag_decorator']) retrieved from /home/airflow/.local/lib/python3.7/site-packages/airflow/example_dags/example_dag_decorator.py
[2025-12-05T00:53:17.287+0000] {logging_mixin.py:117} INFO - [2025-12-05T00:53:17.287+0000] {dag.py:2573} INFO - Sync 1 DAGs
[2025-12-05T00:53:17.299+0000] {logging_mixin.py:117} INFO - [2025-12-05T00:53:17.299+0000] {dag.py:3328} INFO - Setting next_dagrun for example_dag_decorator to None, run_after=None
[2025-12-05T00:53:17.310+0000] {processor.py:178} INFO - Processing /home/airflow/.local/lib/python3.7/site-packages/airflow/example_dags/example_dag_decorator.py took 0.182 seconds
[2025-12-05T00:53:47.835+0000] {processor.py:156} INFO - Started process (PID=3296) to work on /home/airflow/.local/lib/python3.7/site-packages/airflow/example_dags/example_dag_decorator.py
[2025-12-05T00:53:47.837+0000] {processor.py:758} INFO - Processing file /home/airflow/.local/lib/python3.7/site-packages/airflow/example_dags/example_dag_decorator.py for tasks to queue
[2025-12-05T00:53:47.837+0000] {logging_mixin.py:117} INFO - [2025-12-05T00:53:47.837+0000] {dagbag.py:525} INFO - Filling up the DagBag from /home/airflow/.local/lib/python3.7/site-packages/airflow/example_dags/example_dag_decorator.py
[2025-12-05T00:53:48.078+0000] {processor.py:768} INFO - DAG(s) dict_keys(['example_dag_decorator']) retrieved from /home/airflow/.local/lib/python3.7/site-packages/airflow/example_dags/example_dag_decorator.py
[2025-12-05T00:53:48.122+0000] {logging_mixin.py:117} INFO - [2025-12-05T00:53:48.122+0000] {dag.py:2573} INFO - Sync 1 DAGs
[2025-12-05T00:53:48.139+0000] {logging_mixin.py:117} INFO - [2025-12-05T00:53:48.139+0000] {dag.py:3328} INFO - Setting next_dagrun for example_dag_decorator to None, run_after=None
[2025-12-05T00:53:48.148+0000] {processor.py:178} INFO - Processing /home/airflow/.local/lib/python3.7/site-packages/airflow/example_dags/example_dag_decorator.py took 0.316 seconds
[2025-12-05T00:54:18.693+0000] {processor.py:156} INFO - Started process (PID=3497) to work on /home/airflow/.local/lib/python3.7/site-packages/airflow/example_dags/example_dag_decorator.py
[2025-12-05T00:54:18.697+0000] {processor.py:758} INFO - Processing file /home/airflow/.local/lib/python3.7/site-packages/airflow/example_dags/example_dag_decorator.py for tasks to queue
[2025-12-05T00:54:18.697+0000] {logging_mixin.py:117} INFO - [2025-12-05T00:54:18.697+0000] {dagbag.py:525} INFO - Filling up the DagBag from /home/airflow/.local/lib/python3.7/site-packages/airflow/example_dags/example_dag_decorator.py
[2025-12-05T00:54:18.718+0000] {processor.py:768} INFO - DAG(s) dict_keys(['example_dag_decorator']) retrieved from /home/airflow/.local/lib/python3.7/site-packages/airflow/example_dags/example_dag_decorator.py
[2025-12-05T00:54:18.867+0000] {logging_mixin.py:117} INFO - [2025-12-05T00:54:18.867+0000] {dag.py:2573} INFO - Sync 1 DAGs
[2025-12-05T00:54:18.879+0000] {logging_mixin.py:117} INFO - [2025-12-05T00:54:18.879+0000] {dag.py:3328} INFO - Setting next_dagrun for example_dag_decorator to None, run_after=None
[2025-12-05T00:54:18.893+0000] {processor.py:178} INFO - Processing /home/airflow/.local/lib/python3.7/site-packages/airflow/example_dags/example_dag_decorator.py took 0.201 seconds
[2025-12-05T00:54:49.500+0000] {processor.py:156} INFO - Started process (PID=3698) to work on /home/airflow/.local/lib/python3.7/site-packages/airflow/example_dags/example_dag_decorator.py
[2025-12-05T00:54:49.503+0000] {processor.py:758} INFO - Processing file /home/airflow/.local/lib/python3.7/site-packages/airflow/example_dags/example_dag_decorator.py for tasks to queue
[2025-12-05T00:54:49.503+0000] {logging_mixin.py:117} INFO - [2025-12-05T00:54:49.503+0000] {dagbag.py:525} INFO - Filling up the DagBag from /home/airflow/.local/lib/python3.7/site-packages/airflow/example_dags/example_dag_decorator.py
[2025-12-05T00:54:49.519+0000] {processor.py:768} INFO - DAG(s) dict_keys(['example_dag_decorator']) retrieved from /home/airflow/.local/lib/python3.7/site-packages/airflow/example_dags/example_dag_decorator.py
[2025-12-05T00:54:49.647+0000] {logging_mixin.py:117} INFO - [2025-12-05T00:54:49.647+0000] {dag.py:2573} INFO - Sync 1 DAGs
[2025-12-05T00:54:49.662+0000] {logging_mixin.py:117} INFO - [2025-12-05T00:54:49.662+0000] {dag.py:3328} INFO - Setting next_dagrun for example_dag_decorator to None, run_after=None
[2025-12-05T00:54:49.671+0000] {processor.py:178} INFO - Processing /home/airflow/.local/lib/python3.7/site-packages/airflow/example_dags/example_dag_decorator.py took 0.173 seconds
[2025-12-05T00:55:20.064+0000] {processor.py:156} INFO - Started process (PID=3898) to work on /home/airflow/.local/lib/python3.7/site-packages/airflow/example_dags/example_dag_decorator.py
[2025-12-05T00:55:20.065+0000] {processor.py:758} INFO - Processing file /home/airflow/.local/lib/python3.7/site-packages/airflow/example_dags/example_dag_decorator.py for tasks to queue
[2025-12-05T00:55:20.065+0000] {logging_mixin.py:117} INFO - [2025-12-05T00:55:20.065+0000] {dagbag.py:525} INFO - Filling up the DagBag from /home/airflow/.local/lib/python3.7/site-packages/airflow/example_dags/example_dag_decorator.py
[2025-12-05T00:55:20.079+0000] {processor.py:768} INFO - DAG(s) dict_keys(['example_dag_decorator']) retrieved from /home/airflow/.local/lib/python3.7/site-packages/airflow/example_dags/example_dag_decorator.py
[2025-12-05T00:55:20.198+0000] {logging_mixin.py:117} INFO - [2025-12-05T00:55:20.198+0000] {dag.py:2573} INFO - Sync 1 DAGs
[2025-12-05T00:55:20.208+0000] {logging_mixin.py:117} INFO - [2025-12-05T00:55:20.208+0000] {dag.py:3328} INFO - Setting next_dagrun for example_dag_decorator to None, run_after=None
[2025-12-05T00:55:20.218+0000] {processor.py:178} INFO - Processing /home/airflow/.local/lib/python3.7/site-packages/airflow/example_dags/example_dag_decorator.py took 0.155 seconds
[2025-12-05T00:55:50.586+0000] {processor.py:156} INFO - Started process (PID=4099) to work on /home/airflow/.local/lib/python3.7/site-packages/airflow/example_dags/example_dag_decorator.py
[2025-12-05T00:55:50.587+0000] {processor.py:758} INFO - Processing file /home/airflow/.local/lib/python3.7/site-packages/airflow/example_dags/example_dag_decorator.py for tasks to queue
[2025-12-05T00:55:50.587+0000] {logging_mixin.py:117} INFO - [2025-12-05T00:55:50.587+0000] {dagbag.py:525} INFO - Filling up the DagBag from /home/airflow/.local/lib/python3.7/site-packages/airflow/example_dags/example_dag_decorator.py
[2025-12-05T00:55:50.683+0000] {processor.py:768} INFO - DAG(s) dict_keys(['example_dag_decorator']) retrieved from /home/airflow/.local/lib/python3.7/site-packages/airflow/example_dags/example_dag_decorator.py
[2025-12-05T00:55:50.717+0000] {logging_mixin.py:117} INFO - [2025-12-05T00:55:50.717+0000] {dag.py:2573} INFO - Sync 1 DAGs
[2025-12-05T00:55:50.728+0000] {logging_mixin.py:117} INFO - [2025-12-05T00:55:50.728+0000] {dag.py:3328} INFO - Setting next_dagrun for example_dag_decorator to None, run_after=None
[2025-12-05T00:55:50.737+0000] {processor.py:178} INFO - Processing /home/airflow/.local/lib/python3.7/site-packages/airflow/example_dags/example_dag_decorator.py took 0.152 seconds
[2025-12-05T00:56:21.472+0000] {processor.py:156} INFO - Started process (PID=4299) to work on /home/airflow/.local/lib/python3.7/site-packages/airflow/example_dags/example_dag_decorator.py
[2025-12-05T00:56:21.473+0000] {processor.py:758} INFO - Processing file /home/airflow/.local/lib/python3.7/site-packages/airflow/example_dags/example_dag_decorator.py for tasks to queue
[2025-12-05T00:56:21.473+0000] {logging_mixin.py:117} INFO - [2025-12-05T00:56:21.473+0000] {dagbag.py:525} INFO - Filling up the DagBag from /home/airflow/.local/lib/python3.7/site-packages/airflow/example_dags/example_dag_decorator.py
[2025-12-05T00:56:21.486+0000] {processor.py:768} INFO - DAG(s) dict_keys(['example_dag_decorator']) retrieved from /home/airflow/.local/lib/python3.7/site-packages/airflow/example_dags/example_dag_decorator.py
[2025-12-05T00:56:21.521+0000] {logging_mixin.py:117} INFO - [2025-12-05T00:56:21.521+0000] {dag.py:2573} INFO - Sync 1 DAGs
[2025-12-05T00:56:21.532+0000] {logging_mixin.py:117} INFO - [2025-12-05T00:56:21.531+0000] {dag.py:3328} INFO - Setting next_dagrun for example_dag_decorator to None, run_after=None
[2025-12-05T00:56:21.542+0000] {processor.py:178} INFO - Processing /home/airflow/.local/lib/python3.7/site-packages/airflow/example_dags/example_dag_decorator.py took 0.071 seconds
[2025-12-05T00:56:52.295+0000] {processor.py:156} INFO - Started process (PID=4500) to work on /home/airflow/.local/lib/python3.7/site-packages/airflow/example_dags/example_dag_decorator.py
[2025-12-05T00:56:52.298+0000] {processor.py:758} INFO - Processing file /home/airflow/.local/lib/python3.7/site-packages/airflow/example_dags/example_dag_decorator.py for tasks to queue
[2025-12-05T00:56:52.298+0000] {logging_mixin.py:117} INFO - [2025-12-05T00:56:52.298+0000] {dagbag.py:525} INFO - Filling up the DagBag from /home/airflow/.local/lib/python3.7/site-packages/airflow/example_dags/example_dag_decorator.py
[2025-12-05T00:56:52.312+0000] {processor.py:768} INFO - DAG(s) dict_keys(['example_dag_decorator']) retrieved from /home/airflow/.local/lib/python3.7/site-packages/airflow/example_dags/example_dag_decorator.py
[2025-12-05T00:56:52.350+0000] {logging_mixin.py:117} INFO - [2025-12-05T00:56:52.350+0000] {dag.py:2573} INFO - Sync 1 DAGs
[2025-12-05T00:56:52.363+0000] {logging_mixin.py:117} INFO - [2025-12-05T00:56:52.363+0000] {dag.py:3328} INFO - Setting next_dagrun for example_dag_decorator to None, run_after=None
[2025-12-05T00:56:52.373+0000] {processor.py:178} INFO - Processing /home/airflow/.local/lib/python3.7/site-packages/airflow/example_dags/example_dag_decorator.py took 0.080 seconds
[2025-12-05T00:57:23.224+0000] {processor.py:156} INFO - Started process (PID=4707) to work on /home/airflow/.local/lib/python3.7/site-packages/airflow/example_dags/example_dag_decorator.py
[2025-12-05T00:57:23.224+0000] {processor.py:758} INFO - Processing file /home/airflow/.local/lib/python3.7/site-packages/airflow/example_dags/example_dag_decorator.py for tasks to queue
[2025-12-05T00:57:23.225+0000] {logging_mixin.py:117} INFO - [2025-12-05T00:57:23.225+0000] {dagbag.py:525} INFO - Filling up the DagBag from /home/airflow/.local/lib/python3.7/site-packages/airflow/example_dags/example_dag_decorator.py
[2025-12-05T00:57:23.238+0000] {processor.py:768} INFO - DAG(s) dict_keys(['example_dag_decorator']) retrieved from /home/airflow/.local/lib/python3.7/site-packages/airflow/example_dags/example_dag_decorator.py
[2025-12-05T00:57:23.274+0000] {logging_mixin.py:117} INFO - [2025-12-05T00:57:23.274+0000] {dag.py:2573} INFO - Sync 1 DAGs
[2025-12-05T00:57:23.287+0000] {logging_mixin.py:117} INFO - [2025-12-05T00:57:23.287+0000] {dag.py:3328} INFO - Setting next_dagrun for example_dag_decorator to None, run_after=None
[2025-12-05T00:57:23.296+0000] {processor.py:178} INFO - Processing /home/airflow/.local/lib/python3.7/site-packages/airflow/example_dags/example_dag_decorator.py took 0.074 seconds
[2025-12-05T00:57:54.085+0000] {processor.py:156} INFO - Started process (PID=4908) to work on /home/airflow/.local/lib/python3.7/site-packages/airflow/example_dags/example_dag_decorator.py
[2025-12-05T00:57:54.085+0000] {processor.py:758} INFO - Processing file /home/airflow/.local/lib/python3.7/site-packages/airflow/example_dags/example_dag_decorator.py for tasks to queue
[2025-12-05T00:57:54.086+0000] {logging_mixin.py:117} INFO - [2025-12-05T00:57:54.086+0000] {dagbag.py:525} INFO - Filling up the DagBag from /home/airflow/.local/lib/python3.7/site-packages/airflow/example_dags/example_dag_decorator.py
[2025-12-05T00:57:54.102+0000] {processor.py:768} INFO - DAG(s) dict_keys(['example_dag_decorator']) retrieved from /home/airflow/.local/lib/python3.7/site-packages/airflow/example_dags/example_dag_decorator.py
[2025-12-05T00:57:54.144+0000] {logging_mixin.py:117} INFO - [2025-12-05T00:57:54.144+0000] {dag.py:2573} INFO - Sync 1 DAGs
[2025-12-05T00:57:54.161+0000] {logging_mixin.py:117} INFO - [2025-12-05T00:57:54.160+0000] {dag.py:3328} INFO - Setting next_dagrun for example_dag_decorator to None, run_after=None
[2025-12-05T00:57:54.171+0000] {processor.py:178} INFO - Processing /home/airflow/.local/lib/python3.7/site-packages/airflow/example_dags/example_dag_decorator.py took 0.088 seconds
[2025-12-05T00:58:25.052+0000] {processor.py:156} INFO - Started process (PID=5109) to work on /home/airflow/.local/lib/python3.7/site-packages/airflow/example_dags/example_dag_decorator.py
[2025-12-05T00:58:25.055+0000] {processor.py:758} INFO - Processing file /home/airflow/.local/lib/python3.7/site-packages/airflow/example_dags/example_dag_decorator.py for tasks to queue
[2025-12-05T00:58:25.056+0000] {logging_mixin.py:117} INFO - [2025-12-05T00:58:25.056+0000] {dagbag.py:525} INFO - Filling up the DagBag from /home/airflow/.local/lib/python3.7/site-packages/airflow/example_dags/example_dag_decorator.py
[2025-12-05T00:58:25.070+0000] {processor.py:768} INFO - DAG(s) dict_keys(['example_dag_decorator']) retrieved from /home/airflow/.local/lib/python3.7/site-packages/airflow/example_dags/example_dag_decorator.py
[2025-12-05T00:58:25.118+0000] {logging_mixin.py:117} INFO - [2025-12-05T00:58:25.118+0000] {dag.py:2573} INFO - Sync 1 DAGs
[2025-12-05T00:58:25.137+0000] {logging_mixin.py:117} INFO - [2025-12-05T00:58:25.137+0000] {dag.py:3328} INFO - Setting next_dagrun for example_dag_decorator to None, run_after=None
[2025-12-05T00:58:25.156+0000] {processor.py:178} INFO - Processing /home/airflow/.local/lib/python3.7/site-packages/airflow/example_dags/example_dag_decorator.py took 0.105 seconds
[2025-12-05T00:58:55.943+0000] {processor.py:156} INFO - Started process (PID=5309) to work on /home/airflow/.local/lib/python3.7/site-packages/airflow/example_dags/example_dag_decorator.py
[2025-12-05T00:58:55.944+0000] {processor.py:758} INFO - Processing file /home/airflow/.local/lib/python3.7/site-packages/airflow/example_dags/example_dag_decorator.py for tasks to queue
[2025-12-05T00:58:55.944+0000] {logging_mixin.py:117} INFO - [2025-12-05T00:58:55.944+0000] {dagbag.py:525} INFO - Filling up the DagBag from /home/airflow/.local/lib/python3.7/site-packages/airflow/example_dags/example_dag_decorator.py
[2025-12-05T00:58:55.958+0000] {processor.py:768} INFO - DAG(s) dict_keys(['example_dag_decorator']) retrieved from /home/airflow/.local/lib/python3.7/site-packages/airflow/example_dags/example_dag_decorator.py
[2025-12-05T00:58:55.993+0000] {logging_mixin.py:117} INFO - [2025-12-05T00:58:55.993+0000] {dag.py:2573} INFO - Sync 1 DAGs
[2025-12-05T00:58:56.003+0000] {logging_mixin.py:117} INFO - [2025-12-05T00:58:56.003+0000] {dag.py:3328} INFO - Setting next_dagrun for example_dag_decorator to None, run_after=None
[2025-12-05T00:58:56.012+0000] {processor.py:178} INFO - Processing /home/airflow/.local/lib/python3.7/site-packages/airflow/example_dags/example_dag_decorator.py took 0.071 seconds
[2025-12-05T00:59:26.713+0000] {processor.py:156} INFO - Started process (PID=5510) to work on /home/airflow/.local/lib/python3.7/site-packages/airflow/example_dags/example_dag_decorator.py
[2025-12-05T00:59:26.714+0000] {processor.py:758} INFO - Processing file /home/airflow/.local/lib/python3.7/site-packages/airflow/example_dags/example_dag_decorator.py for tasks to queue
[2025-12-05T00:59:26.714+0000] {logging_mixin.py:117} INFO - [2025-12-05T00:59:26.714+0000] {dagbag.py:525} INFO - Filling up the DagBag from /home/airflow/.local/lib/python3.7/site-packages/airflow/example_dags/example_dag_decorator.py
[2025-12-05T00:59:26.731+0000] {processor.py:768} INFO - DAG(s) dict_keys(['example_dag_decorator']) retrieved from /home/airflow/.local/lib/python3.7/site-packages/airflow/example_dags/example_dag_decorator.py
[2025-12-05T00:59:26.769+0000] {logging_mixin.py:117} INFO - [2025-12-05T00:59:26.769+0000] {dag.py:2573} INFO - Sync 1 DAGs
[2025-12-05T00:59:26.779+0000] {logging_mixin.py:117} INFO - [2025-12-05T00:59:26.779+0000] {dag.py:3328} INFO - Setting next_dagrun for example_dag_decorator to None, run_after=None
[2025-12-05T00:59:26.788+0000] {processor.py:178} INFO - Processing /home/airflow/.local/lib/python3.7/site-packages/airflow/example_dags/example_dag_decorator.py took 0.076 seconds
[2025-12-05T00:59:57.630+0000] {processor.py:156} INFO - Started process (PID=5711) to work on /home/airflow/.local/lib/python3.7/site-packages/airflow/example_dags/example_dag_decorator.py
[2025-12-05T00:59:57.631+0000] {processor.py:758} INFO - Processing file /home/airflow/.local/lib/python3.7/site-packages/airflow/example_dags/example_dag_decorator.py for tasks to queue
[2025-12-05T00:59:57.631+0000] {logging_mixin.py:117} INFO - [2025-12-05T00:59:57.631+0000] {dagbag.py:525} INFO - Filling up the DagBag from /home/airflow/.local/lib/python3.7/site-packages/airflow/example_dags/example_dag_decorator.py
[2025-12-05T00:59:57.645+0000] {processor.py:768} INFO - DAG(s) dict_keys(['example_dag_decorator']) retrieved from /home/airflow/.local/lib/python3.7/site-packages/airflow/example_dags/example_dag_decorator.py
[2025-12-05T00:59:57.688+0000] {logging_mixin.py:117} INFO - [2025-12-05T00:59:57.688+0000] {dag.py:2573} INFO - Sync 1 DAGs
[2025-12-05T00:59:57.702+0000] {logging_mixin.py:117} INFO - [2025-12-05T00:59:57.701+0000] {dag.py:3328} INFO - Setting next_dagrun for example_dag_decorator to None, run_after=None
[2025-12-05T00:59:57.711+0000] {processor.py:178} INFO - Processing /home/airflow/.local/lib/python3.7/site-packages/airflow/example_dags/example_dag_decorator.py took 0.084 seconds
[2025-12-05T01:00:27.929+0000] {processor.py:156} INFO - Started process (PID=5912) to work on /home/airflow/.local/lib/python3.7/site-packages/airflow/example_dags/example_dag_decorator.py
[2025-12-05T01:00:27.930+0000] {processor.py:758} INFO - Processing file /home/airflow/.local/lib/python3.7/site-packages/airflow/example_dags/example_dag_decorator.py for tasks to queue
[2025-12-05T01:00:27.930+0000] {logging_mixin.py:117} INFO - [2025-12-05T01:00:27.930+0000] {dagbag.py:525} INFO - Filling up the DagBag from /home/airflow/.local/lib/python3.7/site-packages/airflow/example_dags/example_dag_decorator.py
[2025-12-05T01:00:27.947+0000] {processor.py:768} INFO - DAG(s) dict_keys(['example_dag_decorator']) retrieved from /home/airflow/.local/lib/python3.7/site-packages/airflow/example_dags/example_dag_decorator.py
[2025-12-05T01:00:27.991+0000] {logging_mixin.py:117} INFO - [2025-12-05T01:00:27.991+0000] {dag.py:2573} INFO - Sync 1 DAGs
[2025-12-05T01:00:28.002+0000] {logging_mixin.py:117} INFO - [2025-12-05T01:00:28.002+0000] {dag.py:3328} INFO - Setting next_dagrun for example_dag_decorator to None, run_after=None
[2025-12-05T01:00:28.011+0000] {processor.py:178} INFO - Processing /home/airflow/.local/lib/python3.7/site-packages/airflow/example_dags/example_dag_decorator.py took 0.084 seconds
[2025-12-05T01:00:58.045+0000] {processor.py:156} INFO - Started process (PID=6109) to work on /home/airflow/.local/lib/python3.7/site-packages/airflow/example_dags/example_dag_decorator.py
[2025-12-05T01:00:58.046+0000] {processor.py:758} INFO - Processing file /home/airflow/.local/lib/python3.7/site-packages/airflow/example_dags/example_dag_decorator.py for tasks to queue
[2025-12-05T01:00:58.046+0000] {logging_mixin.py:117} INFO - [2025-12-05T01:00:58.046+0000] {dagbag.py:525} INFO - Filling up the DagBag from /home/airflow/.local/lib/python3.7/site-packages/airflow/example_dags/example_dag_decorator.py
[2025-12-05T01:00:58.063+0000] {processor.py:768} INFO - DAG(s) dict_keys(['example_dag_decorator']) retrieved from /home/airflow/.local/lib/python3.7/site-packages/airflow/example_dags/example_dag_decorator.py
[2025-12-05T01:00:58.110+0000] {logging_mixin.py:117} INFO - [2025-12-05T01:00:58.110+0000] {dag.py:2573} INFO - Sync 1 DAGs
[2025-12-05T01:00:58.122+0000] {logging_mixin.py:117} INFO - [2025-12-05T01:00:58.122+0000] {dag.py:3328} INFO - Setting next_dagrun for example_dag_decorator to None, run_after=None
[2025-12-05T01:00:58.133+0000] {processor.py:178} INFO - Processing /home/airflow/.local/lib/python3.7/site-packages/airflow/example_dags/example_dag_decorator.py took 0.089 seconds
[2025-12-05T01:01:28.655+0000] {processor.py:156} INFO - Started process (PID=6309) to work on /home/airflow/.local/lib/python3.7/site-packages/airflow/example_dags/example_dag_decorator.py
[2025-12-05T01:01:28.656+0000] {processor.py:758} INFO - Processing file /home/airflow/.local/lib/python3.7/site-packages/airflow/example_dags/example_dag_decorator.py for tasks to queue
[2025-12-05T01:01:28.657+0000] {logging_mixin.py:117} INFO - [2025-12-05T01:01:28.657+0000] {dagbag.py:525} INFO - Filling up the DagBag from /home/airflow/.local/lib/python3.7/site-packages/airflow/example_dags/example_dag_decorator.py
[2025-12-05T01:01:28.693+0000] {processor.py:768} INFO - DAG(s) dict_keys(['example_dag_decorator']) retrieved from /home/airflow/.local/lib/python3.7/site-packages/airflow/example_dags/example_dag_decorator.py
[2025-12-05T01:01:28.760+0000] {logging_mixin.py:117} INFO - [2025-12-05T01:01:28.760+0000] {dag.py:2573} INFO - Sync 1 DAGs
[2025-12-05T01:01:28.775+0000] {logging_mixin.py:117} INFO - [2025-12-05T01:01:28.775+0000] {dag.py:3328} INFO - Setting next_dagrun for example_dag_decorator to None, run_after=None
[2025-12-05T01:01:28.791+0000] {processor.py:178} INFO - Processing /home/airflow/.local/lib/python3.7/site-packages/airflow/example_dags/example_dag_decorator.py took 0.138 seconds
[2025-12-05T01:01:59.569+0000] {processor.py:156} INFO - Started process (PID=6510) to work on /home/airflow/.local/lib/python3.7/site-packages/airflow/example_dags/example_dag_decorator.py
[2025-12-05T01:01:59.570+0000] {processor.py:758} INFO - Processing file /home/airflow/.local/lib/python3.7/site-packages/airflow/example_dags/example_dag_decorator.py for tasks to queue
[2025-12-05T01:01:59.570+0000] {logging_mixin.py:117} INFO - [2025-12-05T01:01:59.570+0000] {dagbag.py:525} INFO - Filling up the DagBag from /home/airflow/.local/lib/python3.7/site-packages/airflow/example_dags/example_dag_decorator.py
[2025-12-05T01:01:59.586+0000] {processor.py:768} INFO - DAG(s) dict_keys(['example_dag_decorator']) retrieved from /home/airflow/.local/lib/python3.7/site-packages/airflow/example_dags/example_dag_decorator.py
[2025-12-05T01:01:59.629+0000] {logging_mixin.py:117} INFO - [2025-12-05T01:01:59.629+0000] {dag.py:2573} INFO - Sync 1 DAGs
[2025-12-05T01:01:59.641+0000] {logging_mixin.py:117} INFO - [2025-12-05T01:01:59.641+0000] {dag.py:3328} INFO - Setting next_dagrun for example_dag_decorator to None, run_after=None
[2025-12-05T01:01:59.649+0000] {processor.py:178} INFO - Processing /home/airflow/.local/lib/python3.7/site-packages/airflow/example_dags/example_dag_decorator.py took 0.082 seconds
[2025-12-05T01:02:30.449+0000] {processor.py:156} INFO - Started process (PID=6709) to work on /home/airflow/.local/lib/python3.7/site-packages/airflow/example_dags/example_dag_decorator.py
[2025-12-05T01:02:30.451+0000] {processor.py:758} INFO - Processing file /home/airflow/.local/lib/python3.7/site-packages/airflow/example_dags/example_dag_decorator.py for tasks to queue
[2025-12-05T01:02:30.451+0000] {logging_mixin.py:117} INFO - [2025-12-05T01:02:30.451+0000] {dagbag.py:525} INFO - Filling up the DagBag from /home/airflow/.local/lib/python3.7/site-packages/airflow/example_dags/example_dag_decorator.py
[2025-12-05T01:02:30.476+0000] {processor.py:768} INFO - DAG(s) dict_keys(['example_dag_decorator']) retrieved from /home/airflow/.local/lib/python3.7/site-packages/airflow/example_dags/example_dag_decorator.py
[2025-12-05T01:02:30.530+0000] {logging_mixin.py:117} INFO - [2025-12-05T01:02:30.530+0000] {dag.py:2573} INFO - Sync 1 DAGs
[2025-12-05T01:02:30.551+0000] {logging_mixin.py:117} INFO - [2025-12-05T01:02:30.551+0000] {dag.py:3328} INFO - Setting next_dagrun for example_dag_decorator to None, run_after=None
[2025-12-05T01:02:30.563+0000] {processor.py:178} INFO - Processing /home/airflow/.local/lib/python3.7/site-packages/airflow/example_dags/example_dag_decorator.py took 0.117 seconds
[2025-12-05T01:03:00.612+0000] {processor.py:156} INFO - Started process (PID=6910) to work on /home/airflow/.local/lib/python3.7/site-packages/airflow/example_dags/example_dag_decorator.py
[2025-12-05T01:03:00.613+0000] {processor.py:758} INFO - Processing file /home/airflow/.local/lib/python3.7/site-packages/airflow/example_dags/example_dag_decorator.py for tasks to queue
[2025-12-05T01:03:00.613+0000] {logging_mixin.py:117} INFO - [2025-12-05T01:03:00.613+0000] {dagbag.py:525} INFO - Filling up the DagBag from /home/airflow/.local/lib/python3.7/site-packages/airflow/example_dags/example_dag_decorator.py
[2025-12-05T01:03:00.627+0000] {processor.py:768} INFO - DAG(s) dict_keys(['example_dag_decorator']) retrieved from /home/airflow/.local/lib/python3.7/site-packages/airflow/example_dags/example_dag_decorator.py
[2025-12-05T01:03:00.674+0000] {logging_mixin.py:117} INFO - [2025-12-05T01:03:00.674+0000] {dag.py:2573} INFO - Sync 1 DAGs
[2025-12-05T01:03:00.685+0000] {logging_mixin.py:117} INFO - [2025-12-05T01:03:00.685+0000] {dag.py:3328} INFO - Setting next_dagrun for example_dag_decorator to None, run_after=None
[2025-12-05T01:03:00.696+0000] {processor.py:178} INFO - Processing /home/airflow/.local/lib/python3.7/site-packages/airflow/example_dags/example_dag_decorator.py took 0.085 seconds
[2025-12-05T01:03:31.589+0000] {processor.py:156} INFO - Started process (PID=7113) to work on /home/airflow/.local/lib/python3.7/site-packages/airflow/example_dags/example_dag_decorator.py
[2025-12-05T01:03:31.590+0000] {processor.py:758} INFO - Processing file /home/airflow/.local/lib/python3.7/site-packages/airflow/example_dags/example_dag_decorator.py for tasks to queue
[2025-12-05T01:03:31.590+0000] {logging_mixin.py:117} INFO - [2025-12-05T01:03:31.590+0000] {dagbag.py:525} INFO - Filling up the DagBag from /home/airflow/.local/lib/python3.7/site-packages/airflow/example_dags/example_dag_decorator.py
[2025-12-05T01:03:31.605+0000] {processor.py:768} INFO - DAG(s) dict_keys(['example_dag_decorator']) retrieved from /home/airflow/.local/lib/python3.7/site-packages/airflow/example_dags/example_dag_decorator.py
[2025-12-05T01:03:31.644+0000] {logging_mixin.py:117} INFO - [2025-12-05T01:03:31.644+0000] {dag.py:2573} INFO - Sync 1 DAGs
[2025-12-05T01:03:31.654+0000] {logging_mixin.py:117} INFO - [2025-12-05T01:03:31.654+0000] {dag.py:3328} INFO - Setting next_dagrun for example_dag_decorator to None, run_after=None
[2025-12-05T01:03:31.664+0000] {processor.py:178} INFO - Processing /home/airflow/.local/lib/python3.7/site-packages/airflow/example_dags/example_dag_decorator.py took 0.077 seconds
[2025-12-05T01:04:02.479+0000] {processor.py:156} INFO - Started process (PID=7311) to work on /home/airflow/.local/lib/python3.7/site-packages/airflow/example_dags/example_dag_decorator.py
[2025-12-05T01:04:02.480+0000] {processor.py:758} INFO - Processing file /home/airflow/.local/lib/python3.7/site-packages/airflow/example_dags/example_dag_decorator.py for tasks to queue
[2025-12-05T01:04:02.480+0000] {logging_mixin.py:117} INFO - [2025-12-05T01:04:02.480+0000] {dagbag.py:525} INFO - Filling up the DagBag from /home/airflow/.local/lib/python3.7/site-packages/airflow/example_dags/example_dag_decorator.py
[2025-12-05T01:04:02.494+0000] {processor.py:768} INFO - DAG(s) dict_keys(['example_dag_decorator']) retrieved from /home/airflow/.local/lib/python3.7/site-packages/airflow/example_dags/example_dag_decorator.py
[2025-12-05T01:04:02.538+0000] {logging_mixin.py:117} INFO - [2025-12-05T01:04:02.538+0000] {dag.py:2573} INFO - Sync 1 DAGs
[2025-12-05T01:04:02.549+0000] {logging_mixin.py:117} INFO - [2025-12-05T01:04:02.549+0000] {dag.py:3328} INFO - Setting next_dagrun for example_dag_decorator to None, run_after=None
[2025-12-05T01:04:02.557+0000] {processor.py:178} INFO - Processing /home/airflow/.local/lib/python3.7/site-packages/airflow/example_dags/example_dag_decorator.py took 0.079 seconds
[2025-12-05T01:04:33.239+0000] {processor.py:156} INFO - Started process (PID=7514) to work on /home/airflow/.local/lib/python3.7/site-packages/airflow/example_dags/example_dag_decorator.py
[2025-12-05T01:04:33.240+0000] {processor.py:758} INFO - Processing file /home/airflow/.local/lib/python3.7/site-packages/airflow/example_dags/example_dag_decorator.py for tasks to queue
[2025-12-05T01:04:33.240+0000] {logging_mixin.py:117} INFO - [2025-12-05T01:04:33.240+0000] {dagbag.py:525} INFO - Filling up the DagBag from /home/airflow/.local/lib/python3.7/site-packages/airflow/example_dags/example_dag_decorator.py
[2025-12-05T01:04:33.255+0000] {processor.py:768} INFO - DAG(s) dict_keys(['example_dag_decorator']) retrieved from /home/airflow/.local/lib/python3.7/site-packages/airflow/example_dags/example_dag_decorator.py
[2025-12-05T01:04:33.293+0000] {logging_mixin.py:117} INFO - [2025-12-05T01:04:33.293+0000] {dag.py:2573} INFO - Sync 1 DAGs
[2025-12-05T01:04:33.304+0000] {logging_mixin.py:117} INFO - [2025-12-05T01:04:33.304+0000] {dag.py:3328} INFO - Setting next_dagrun for example_dag_decorator to None, run_after=None
[2025-12-05T01:04:33.313+0000] {processor.py:178} INFO - Processing /home/airflow/.local/lib/python3.7/site-packages/airflow/example_dags/example_dag_decorator.py took 0.076 seconds
[2025-12-05T01:05:03.921+0000] {processor.py:156} INFO - Started process (PID=7713) to work on /home/airflow/.local/lib/python3.7/site-packages/airflow/example_dags/example_dag_decorator.py
[2025-12-05T01:05:03.924+0000] {processor.py:758} INFO - Processing file /home/airflow/.local/lib/python3.7/site-packages/airflow/example_dags/example_dag_decorator.py for tasks to queue
[2025-12-05T01:05:03.925+0000] {logging_mixin.py:117} INFO - [2025-12-05T01:05:03.925+0000] {dagbag.py:525} INFO - Filling up the DagBag from /home/airflow/.local/lib/python3.7/site-packages/airflow/example_dags/example_dag_decorator.py
[2025-12-05T01:05:03.939+0000] {processor.py:768} INFO - DAG(s) dict_keys(['example_dag_decorator']) retrieved from /home/airflow/.local/lib/python3.7/site-packages/airflow/example_dags/example_dag_decorator.py
[2025-12-05T01:05:03.989+0000] {logging_mixin.py:117} INFO - [2025-12-05T01:05:03.989+0000] {dag.py:2573} INFO - Sync 1 DAGs
[2025-12-05T01:05:04.006+0000] {logging_mixin.py:117} INFO - [2025-12-05T01:05:04.006+0000] {dag.py:3328} INFO - Setting next_dagrun for example_dag_decorator to None, run_after=None
[2025-12-05T01:05:04.017+0000] {processor.py:178} INFO - Processing /home/airflow/.local/lib/python3.7/site-packages/airflow/example_dags/example_dag_decorator.py took 0.098 seconds
[2025-12-05T01:05:34.793+0000] {processor.py:156} INFO - Started process (PID=7914) to work on /home/airflow/.local/lib/python3.7/site-packages/airflow/example_dags/example_dag_decorator.py
[2025-12-05T01:05:34.793+0000] {processor.py:758} INFO - Processing file /home/airflow/.local/lib/python3.7/site-packages/airflow/example_dags/example_dag_decorator.py for tasks to queue
[2025-12-05T01:05:34.794+0000] {logging_mixin.py:117} INFO - [2025-12-05T01:05:34.794+0000] {dagbag.py:525} INFO - Filling up the DagBag from /home/airflow/.local/lib/python3.7/site-packages/airflow/example_dags/example_dag_decorator.py
[2025-12-05T01:05:34.810+0000] {processor.py:768} INFO - DAG(s) dict_keys(['example_dag_decorator']) retrieved from /home/airflow/.local/lib/python3.7/site-packages/airflow/example_dags/example_dag_decorator.py
[2025-12-05T01:05:34.851+0000] {logging_mixin.py:117} INFO - [2025-12-05T01:05:34.851+0000] {dag.py:2573} INFO - Sync 1 DAGs
[2025-12-05T01:05:34.864+0000] {logging_mixin.py:117} INFO - [2025-12-05T01:05:34.864+0000] {dag.py:3328} INFO - Setting next_dagrun for example_dag_decorator to None, run_after=None
[2025-12-05T01:05:34.879+0000] {processor.py:178} INFO - Processing /home/airflow/.local/lib/python3.7/site-packages/airflow/example_dags/example_dag_decorator.py took 0.089 seconds
[2025-12-05T01:06:05.781+0000] {processor.py:156} INFO - Started process (PID=8115) to work on /home/airflow/.local/lib/python3.7/site-packages/airflow/example_dags/example_dag_decorator.py
[2025-12-05T01:06:05.783+0000] {processor.py:758} INFO - Processing file /home/airflow/.local/lib/python3.7/site-packages/airflow/example_dags/example_dag_decorator.py for tasks to queue
[2025-12-05T01:06:05.784+0000] {logging_mixin.py:117} INFO - [2025-12-05T01:06:05.783+0000] {dagbag.py:525} INFO - Filling up the DagBag from /home/airflow/.local/lib/python3.7/site-packages/airflow/example_dags/example_dag_decorator.py
[2025-12-05T01:06:05.804+0000] {processor.py:768} INFO - DAG(s) dict_keys(['example_dag_decorator']) retrieved from /home/airflow/.local/lib/python3.7/site-packages/airflow/example_dags/example_dag_decorator.py
[2025-12-05T01:06:05.852+0000] {logging_mixin.py:117} INFO - [2025-12-05T01:06:05.852+0000] {dag.py:2573} INFO - Sync 1 DAGs
[2025-12-05T01:06:05.863+0000] {logging_mixin.py:117} INFO - [2025-12-05T01:06:05.863+0000] {dag.py:3328} INFO - Setting next_dagrun for example_dag_decorator to None, run_after=None
[2025-12-05T01:06:05.875+0000] {processor.py:178} INFO - Processing /home/airflow/.local/lib/python3.7/site-packages/airflow/example_dags/example_dag_decorator.py took 0.095 seconds
[2025-12-05T01:06:36.081+0000] {processor.py:156} INFO - Started process (PID=8316) to work on /home/airflow/.local/lib/python3.7/site-packages/airflow/example_dags/example_dag_decorator.py
[2025-12-05T01:06:36.082+0000] {processor.py:758} INFO - Processing file /home/airflow/.local/lib/python3.7/site-packages/airflow/example_dags/example_dag_decorator.py for tasks to queue
[2025-12-05T01:06:36.083+0000] {logging_mixin.py:117} INFO - [2025-12-05T01:06:36.083+0000] {dagbag.py:525} INFO - Filling up the DagBag from /home/airflow/.local/lib/python3.7/site-packages/airflow/example_dags/example_dag_decorator.py
[2025-12-05T01:06:36.097+0000] {processor.py:768} INFO - DAG(s) dict_keys(['example_dag_decorator']) retrieved from /home/airflow/.local/lib/python3.7/site-packages/airflow/example_dags/example_dag_decorator.py
[2025-12-05T01:06:36.152+0000] {logging_mixin.py:117} INFO - [2025-12-05T01:06:36.152+0000] {dag.py:2573} INFO - Sync 1 DAGs
[2025-12-05T01:06:36.165+0000] {logging_mixin.py:117} INFO - [2025-12-05T01:06:36.165+0000] {dag.py:3328} INFO - Setting next_dagrun for example_dag_decorator to None, run_after=None
[2025-12-05T01:06:36.186+0000] {processor.py:178} INFO - Processing /home/airflow/.local/lib/python3.7/site-packages/airflow/example_dags/example_dag_decorator.py took 0.106 seconds
[2025-12-05T01:07:06.670+0000] {processor.py:156} INFO - Started process (PID=8519) to work on /home/airflow/.local/lib/python3.7/site-packages/airflow/example_dags/example_dag_decorator.py
[2025-12-05T01:07:06.670+0000] {processor.py:758} INFO - Processing file /home/airflow/.local/lib/python3.7/site-packages/airflow/example_dags/example_dag_decorator.py for tasks to queue
[2025-12-05T01:07:06.671+0000] {logging_mixin.py:117} INFO - [2025-12-05T01:07:06.671+0000] {dagbag.py:525} INFO - Filling up the DagBag from /home/airflow/.local/lib/python3.7/site-packages/airflow/example_dags/example_dag_decorator.py
[2025-12-05T01:07:06.687+0000] {processor.py:768} INFO - DAG(s) dict_keys(['example_dag_decorator']) retrieved from /home/airflow/.local/lib/python3.7/site-packages/airflow/example_dags/example_dag_decorator.py
[2025-12-05T01:07:06.741+0000] {logging_mixin.py:117} INFO - [2025-12-05T01:07:06.741+0000] {dag.py:2573} INFO - Sync 1 DAGs
[2025-12-05T01:07:06.752+0000] {logging_mixin.py:117} INFO - [2025-12-05T01:07:06.752+0000] {dag.py:3328} INFO - Setting next_dagrun for example_dag_decorator to None, run_after=None
[2025-12-05T01:07:06.761+0000] {processor.py:178} INFO - Processing /home/airflow/.local/lib/python3.7/site-packages/airflow/example_dags/example_dag_decorator.py took 0.093 seconds
[2025-12-05T01:07:36.778+0000] {processor.py:156} INFO - Started process (PID=8720) to work on /home/airflow/.local/lib/python3.7/site-packages/airflow/example_dags/example_dag_decorator.py
[2025-12-05T01:07:36.779+0000] {processor.py:758} INFO - Processing file /home/airflow/.local/lib/python3.7/site-packages/airflow/example_dags/example_dag_decorator.py for tasks to queue
[2025-12-05T01:07:36.779+0000] {logging_mixin.py:117} INFO - [2025-12-05T01:07:36.779+0000] {dagbag.py:525} INFO - Filling up the DagBag from /home/airflow/.local/lib/python3.7/site-packages/airflow/example_dags/example_dag_decorator.py
[2025-12-05T01:07:36.793+0000] {processor.py:768} INFO - DAG(s) dict_keys(['example_dag_decorator']) retrieved from /home/airflow/.local/lib/python3.7/site-packages/airflow/example_dags/example_dag_decorator.py
[2025-12-05T01:07:36.834+0000] {logging_mixin.py:117} INFO - [2025-12-05T01:07:36.834+0000] {dag.py:2573} INFO - Sync 1 DAGs
[2025-12-05T01:07:36.845+0000] {logging_mixin.py:117} INFO - [2025-12-05T01:07:36.845+0000] {dag.py:3328} INFO - Setting next_dagrun for example_dag_decorator to None, run_after=None
[2025-12-05T01:07:36.853+0000] {processor.py:178} INFO - Processing /home/airflow/.local/lib/python3.7/site-packages/airflow/example_dags/example_dag_decorator.py took 0.077 seconds
[2025-12-05T01:08:07.056+0000] {processor.py:156} INFO - Started process (PID=8919) to work on /home/airflow/.local/lib/python3.7/site-packages/airflow/example_dags/example_dag_decorator.py
[2025-12-05T01:08:07.056+0000] {processor.py:758} INFO - Processing file /home/airflow/.local/lib/python3.7/site-packages/airflow/example_dags/example_dag_decorator.py for tasks to queue
[2025-12-05T01:08:07.057+0000] {logging_mixin.py:117} INFO - [2025-12-05T01:08:07.057+0000] {dagbag.py:525} INFO - Filling up the DagBag from /home/airflow/.local/lib/python3.7/site-packages/airflow/example_dags/example_dag_decorator.py
[2025-12-05T01:08:07.075+0000] {processor.py:768} INFO - DAG(s) dict_keys(['example_dag_decorator']) retrieved from /home/airflow/.local/lib/python3.7/site-packages/airflow/example_dags/example_dag_decorator.py
[2025-12-05T01:08:07.120+0000] {logging_mixin.py:117} INFO - [2025-12-05T01:08:07.120+0000] {dag.py:2573} INFO - Sync 1 DAGs
[2025-12-05T01:08:07.133+0000] {logging_mixin.py:117} INFO - [2025-12-05T01:08:07.133+0000] {dag.py:3328} INFO - Setting next_dagrun for example_dag_decorator to None, run_after=None
[2025-12-05T01:08:07.145+0000] {processor.py:178} INFO - Processing /home/airflow/.local/lib/python3.7/site-packages/airflow/example_dags/example_dag_decorator.py took 0.091 seconds
[2025-12-05T01:08:37.479+0000] {processor.py:156} INFO - Started process (PID=9120) to work on /home/airflow/.local/lib/python3.7/site-packages/airflow/example_dags/example_dag_decorator.py
[2025-12-05T01:08:37.480+0000] {processor.py:758} INFO - Processing file /home/airflow/.local/lib/python3.7/site-packages/airflow/example_dags/example_dag_decorator.py for tasks to queue
[2025-12-05T01:08:37.480+0000] {logging_mixin.py:117} INFO - [2025-12-05T01:08:37.480+0000] {dagbag.py:525} INFO - Filling up the DagBag from /home/airflow/.local/lib/python3.7/site-packages/airflow/example_dags/example_dag_decorator.py
[2025-12-05T01:08:37.495+0000] {processor.py:768} INFO - DAG(s) dict_keys(['example_dag_decorator']) retrieved from /home/airflow/.local/lib/python3.7/site-packages/airflow/example_dags/example_dag_decorator.py
[2025-12-05T01:08:37.539+0000] {logging_mixin.py:117} INFO - [2025-12-05T01:08:37.539+0000] {dag.py:2573} INFO - Sync 1 DAGs
[2025-12-05T01:08:37.550+0000] {logging_mixin.py:117} INFO - [2025-12-05T01:08:37.550+0000] {dag.py:3328} INFO - Setting next_dagrun for example_dag_decorator to None, run_after=None
[2025-12-05T01:08:37.560+0000] {processor.py:178} INFO - Processing /home/airflow/.local/lib/python3.7/site-packages/airflow/example_dags/example_dag_decorator.py took 0.083 seconds
[2025-12-05T01:09:07.661+0000] {processor.py:156} INFO - Started process (PID=9321) to work on /home/airflow/.local/lib/python3.7/site-packages/airflow/example_dags/example_dag_decorator.py
[2025-12-05T01:09:07.665+0000] {processor.py:758} INFO - Processing file /home/airflow/.local/lib/python3.7/site-packages/airflow/example_dags/example_dag_decorator.py for tasks to queue
[2025-12-05T01:09:07.665+0000] {logging_mixin.py:117} INFO - [2025-12-05T01:09:07.665+0000] {dagbag.py:525} INFO - Filling up the DagBag from /home/airflow/.local/lib/python3.7/site-packages/airflow/example_dags/example_dag_decorator.py
[2025-12-05T01:09:07.684+0000] {processor.py:768} INFO - DAG(s) dict_keys(['example_dag_decorator']) retrieved from /home/airflow/.local/lib/python3.7/site-packages/airflow/example_dags/example_dag_decorator.py
[2025-12-05T01:09:07.723+0000] {logging_mixin.py:117} INFO - [2025-12-05T01:09:07.722+0000] {dag.py:2573} INFO - Sync 1 DAGs
[2025-12-05T01:09:07.733+0000] {logging_mixin.py:117} INFO - [2025-12-05T01:09:07.733+0000] {dag.py:3328} INFO - Setting next_dagrun for example_dag_decorator to None, run_after=None
[2025-12-05T01:09:07.743+0000] {processor.py:178} INFO - Processing /home/airflow/.local/lib/python3.7/site-packages/airflow/example_dags/example_dag_decorator.py took 0.084 seconds
[2025-12-05T01:09:38.008+0000] {processor.py:156} INFO - Started process (PID=9524) to work on /home/airflow/.local/lib/python3.7/site-packages/airflow/example_dags/example_dag_decorator.py
[2025-12-05T01:09:38.009+0000] {processor.py:758} INFO - Processing file /home/airflow/.local/lib/python3.7/site-packages/airflow/example_dags/example_dag_decorator.py for tasks to queue
[2025-12-05T01:09:38.009+0000] {logging_mixin.py:117} INFO - [2025-12-05T01:09:38.009+0000] {dagbag.py:525} INFO - Filling up the DagBag from /home/airflow/.local/lib/python3.7/site-packages/airflow/example_dags/example_dag_decorator.py
[2025-12-05T01:09:38.023+0000] {processor.py:768} INFO - DAG(s) dict_keys(['example_dag_decorator']) retrieved from /home/airflow/.local/lib/python3.7/site-packages/airflow/example_dags/example_dag_decorator.py
[2025-12-05T01:09:38.065+0000] {logging_mixin.py:117} INFO - [2025-12-05T01:09:38.065+0000] {dag.py:2573} INFO - Sync 1 DAGs
[2025-12-05T01:09:38.075+0000] {logging_mixin.py:117} INFO - [2025-12-05T01:09:38.075+0000] {dag.py:3328} INFO - Setting next_dagrun for example_dag_decorator to None, run_after=None
[2025-12-05T01:09:38.083+0000] {processor.py:178} INFO - Processing /home/airflow/.local/lib/python3.7/site-packages/airflow/example_dags/example_dag_decorator.py took 0.077 seconds
[2025-12-05T01:10:09.041+0000] {processor.py:156} INFO - Started process (PID=9728) to work on /home/airflow/.local/lib/python3.7/site-packages/airflow/example_dags/example_dag_decorator.py
[2025-12-05T01:10:09.042+0000] {processor.py:758} INFO - Processing file /home/airflow/.local/lib/python3.7/site-packages/airflow/example_dags/example_dag_decorator.py for tasks to queue
[2025-12-05T01:10:09.043+0000] {logging_mixin.py:117} INFO - [2025-12-05T01:10:09.043+0000] {dagbag.py:525} INFO - Filling up the DagBag from /home/airflow/.local/lib/python3.7/site-packages/airflow/example_dags/example_dag_decorator.py
[2025-12-05T01:10:09.057+0000] {processor.py:768} INFO - DAG(s) dict_keys(['example_dag_decorator']) retrieved from /home/airflow/.local/lib/python3.7/site-packages/airflow/example_dags/example_dag_decorator.py
[2025-12-05T01:10:09.097+0000] {logging_mixin.py:117} INFO - [2025-12-05T01:10:09.097+0000] {dag.py:2573} INFO - Sync 1 DAGs
[2025-12-05T01:10:09.106+0000] {logging_mixin.py:117} INFO - [2025-12-05T01:10:09.106+0000] {dag.py:3328} INFO - Setting next_dagrun for example_dag_decorator to None, run_after=None
[2025-12-05T01:10:09.115+0000] {processor.py:178} INFO - Processing /home/airflow/.local/lib/python3.7/site-packages/airflow/example_dags/example_dag_decorator.py took 0.075 seconds
[2025-12-05T01:10:39.915+0000] {processor.py:156} INFO - Started process (PID=9926) to work on /home/airflow/.local/lib/python3.7/site-packages/airflow/example_dags/example_dag_decorator.py
[2025-12-05T01:10:39.916+0000] {processor.py:758} INFO - Processing file /home/airflow/.local/lib/python3.7/site-packages/airflow/example_dags/example_dag_decorator.py for tasks to queue
[2025-12-05T01:10:39.917+0000] {logging_mixin.py:117} INFO - [2025-12-05T01:10:39.917+0000] {dagbag.py:525} INFO - Filling up the DagBag from /home/airflow/.local/lib/python3.7/site-packages/airflow/example_dags/example_dag_decorator.py
[2025-12-05T01:10:39.932+0000] {processor.py:768} INFO - DAG(s) dict_keys(['example_dag_decorator']) retrieved from /home/airflow/.local/lib/python3.7/site-packages/airflow/example_dags/example_dag_decorator.py
[2025-12-05T01:10:39.976+0000] {logging_mixin.py:117} INFO - [2025-12-05T01:10:39.976+0000] {dag.py:2573} INFO - Sync 1 DAGs
[2025-12-05T01:10:39.988+0000] {logging_mixin.py:117} INFO - [2025-12-05T01:10:39.988+0000] {dag.py:3328} INFO - Setting next_dagrun for example_dag_decorator to None, run_after=None
[2025-12-05T01:10:39.999+0000] {processor.py:178} INFO - Processing /home/airflow/.local/lib/python3.7/site-packages/airflow/example_dags/example_dag_decorator.py took 0.086 seconds
[2025-12-05T01:11:10.827+0000] {processor.py:156} INFO - Started process (PID=10132) to work on /home/airflow/.local/lib/python3.7/site-packages/airflow/example_dags/example_dag_decorator.py
[2025-12-05T01:11:10.828+0000] {processor.py:758} INFO - Processing file /home/airflow/.local/lib/python3.7/site-packages/airflow/example_dags/example_dag_decorator.py for tasks to queue
[2025-12-05T01:11:10.829+0000] {logging_mixin.py:117} INFO - [2025-12-05T01:11:10.829+0000] {dagbag.py:525} INFO - Filling up the DagBag from /home/airflow/.local/lib/python3.7/site-packages/airflow/example_dags/example_dag_decorator.py
[2025-12-05T01:11:10.852+0000] {processor.py:768} INFO - DAG(s) dict_keys(['example_dag_decorator']) retrieved from /home/airflow/.local/lib/python3.7/site-packages/airflow/example_dags/example_dag_decorator.py
[2025-12-05T01:11:10.895+0000] {logging_mixin.py:117} INFO - [2025-12-05T01:11:10.895+0000] {dag.py:2573} INFO - Sync 1 DAGs
[2025-12-05T01:11:10.905+0000] {logging_mixin.py:117} INFO - [2025-12-05T01:11:10.905+0000] {dag.py:3328} INFO - Setting next_dagrun for example_dag_decorator to None, run_after=None
[2025-12-05T01:11:10.914+0000] {processor.py:178} INFO - Processing /home/airflow/.local/lib/python3.7/site-packages/airflow/example_dags/example_dag_decorator.py took 0.089 seconds
[2025-12-05T01:11:41.569+0000] {processor.py:156} INFO - Started process (PID=10332) to work on /home/airflow/.local/lib/python3.7/site-packages/airflow/example_dags/example_dag_decorator.py
[2025-12-05T01:11:41.570+0000] {processor.py:758} INFO - Processing file /home/airflow/.local/lib/python3.7/site-packages/airflow/example_dags/example_dag_decorator.py for tasks to queue
[2025-12-05T01:11:41.571+0000] {logging_mixin.py:117} INFO - [2025-12-05T01:11:41.571+0000] {dagbag.py:525} INFO - Filling up the DagBag from /home/airflow/.local/lib/python3.7/site-packages/airflow/example_dags/example_dag_decorator.py
[2025-12-05T01:11:41.590+0000] {processor.py:768} INFO - DAG(s) dict_keys(['example_dag_decorator']) retrieved from /home/airflow/.local/lib/python3.7/site-packages/airflow/example_dags/example_dag_decorator.py
[2025-12-05T01:11:41.643+0000] {logging_mixin.py:117} INFO - [2025-12-05T01:11:41.643+0000] {dag.py:2573} INFO - Sync 1 DAGs
[2025-12-05T01:11:41.655+0000] {logging_mixin.py:117} INFO - [2025-12-05T01:11:41.655+0000] {dag.py:3328} INFO - Setting next_dagrun for example_dag_decorator to None, run_after=None
[2025-12-05T01:11:41.669+0000] {processor.py:178} INFO - Processing /home/airflow/.local/lib/python3.7/site-packages/airflow/example_dags/example_dag_decorator.py took 0.101 seconds
[2025-12-05T01:12:12.910+0000] {processor.py:156} INFO - Started process (PID=10532) to work on /home/airflow/.local/lib/python3.7/site-packages/airflow/example_dags/example_dag_decorator.py
[2025-12-05T01:12:12.910+0000] {processor.py:758} INFO - Processing file /home/airflow/.local/lib/python3.7/site-packages/airflow/example_dags/example_dag_decorator.py for tasks to queue
[2025-12-05T01:12:12.915+0000] {logging_mixin.py:117} INFO - [2025-12-05T01:12:12.915+0000] {dagbag.py:525} INFO - Filling up the DagBag from /home/airflow/.local/lib/python3.7/site-packages/airflow/example_dags/example_dag_decorator.py
[2025-12-05T01:12:12.929+0000] {processor.py:768} INFO - DAG(s) dict_keys(['example_dag_decorator']) retrieved from /home/airflow/.local/lib/python3.7/site-packages/airflow/example_dags/example_dag_decorator.py
[2025-12-05T01:12:12.974+0000] {logging_mixin.py:117} INFO - [2025-12-05T01:12:12.974+0000] {dag.py:2573} INFO - Sync 1 DAGs
[2025-12-05T01:12:12.992+0000] {logging_mixin.py:117} INFO - [2025-12-05T01:12:12.992+0000] {dag.py:3328} INFO - Setting next_dagrun for example_dag_decorator to None, run_after=None
[2025-12-05T01:12:13.002+0000] {processor.py:178} INFO - Processing /home/airflow/.local/lib/python3.7/site-packages/airflow/example_dags/example_dag_decorator.py took 0.094 seconds
[2025-12-05T01:12:43.084+0000] {processor.py:156} INFO - Started process (PID=10735) to work on /home/airflow/.local/lib/python3.7/site-packages/airflow/example_dags/example_dag_decorator.py
[2025-12-05T01:12:43.085+0000] {processor.py:758} INFO - Processing file /home/airflow/.local/lib/python3.7/site-packages/airflow/example_dags/example_dag_decorator.py for tasks to queue
[2025-12-05T01:12:43.085+0000] {logging_mixin.py:117} INFO - [2025-12-05T01:12:43.085+0000] {dagbag.py:525} INFO - Filling up the DagBag from /home/airflow/.local/lib/python3.7/site-packages/airflow/example_dags/example_dag_decorator.py
[2025-12-05T01:12:43.101+0000] {processor.py:768} INFO - DAG(s) dict_keys(['example_dag_decorator']) retrieved from /home/airflow/.local/lib/python3.7/site-packages/airflow/example_dags/example_dag_decorator.py
[2025-12-05T01:12:43.118+0000] {logging_mixin.py:117} INFO - [2025-12-05T01:12:43.118+0000] {dag.py:2573} INFO - Sync 1 DAGs
[2025-12-05T01:12:43.131+0000] {logging_mixin.py:117} INFO - [2025-12-05T01:12:43.131+0000] {dag.py:3328} INFO - Setting next_dagrun for example_dag_decorator to None, run_after=None
[2025-12-05T01:12:43.142+0000] {processor.py:178} INFO - Processing /home/airflow/.local/lib/python3.7/site-packages/airflow/example_dags/example_dag_decorator.py took 0.060 seconds
[2025-12-05T01:13:14.173+0000] {processor.py:156} INFO - Started process (PID=10934) to work on /home/airflow/.local/lib/python3.7/site-packages/airflow/example_dags/example_dag_decorator.py
[2025-12-05T01:13:14.176+0000] {processor.py:758} INFO - Processing file /home/airflow/.local/lib/python3.7/site-packages/airflow/example_dags/example_dag_decorator.py for tasks to queue
[2025-12-05T01:13:14.176+0000] {logging_mixin.py:117} INFO - [2025-12-05T01:13:14.176+0000] {dagbag.py:525} INFO - Filling up the DagBag from /home/airflow/.local/lib/python3.7/site-packages/airflow/example_dags/example_dag_decorator.py
[2025-12-05T01:13:14.192+0000] {processor.py:768} INFO - DAG(s) dict_keys(['example_dag_decorator']) retrieved from /home/airflow/.local/lib/python3.7/site-packages/airflow/example_dags/example_dag_decorator.py
[2025-12-05T01:13:14.258+0000] {logging_mixin.py:117} INFO - [2025-12-05T01:13:14.258+0000] {dag.py:2573} INFO - Sync 1 DAGs
[2025-12-05T01:13:14.278+0000] {logging_mixin.py:117} INFO - [2025-12-05T01:13:14.278+0000] {dag.py:3328} INFO - Setting next_dagrun for example_dag_decorator to None, run_after=None
[2025-12-05T01:13:14.297+0000] {processor.py:178} INFO - Processing /home/airflow/.local/lib/python3.7/site-packages/airflow/example_dags/example_dag_decorator.py took 0.126 seconds
[2025-12-05T01:13:44.650+0000] {processor.py:156} INFO - Started process (PID=11135) to work on /home/airflow/.local/lib/python3.7/site-packages/airflow/example_dags/example_dag_decorator.py
[2025-12-05T01:13:44.651+0000] {processor.py:758} INFO - Processing file /home/airflow/.local/lib/python3.7/site-packages/airflow/example_dags/example_dag_decorator.py for tasks to queue
[2025-12-05T01:13:44.652+0000] {logging_mixin.py:117} INFO - [2025-12-05T01:13:44.652+0000] {dagbag.py:525} INFO - Filling up the DagBag from /home/airflow/.local/lib/python3.7/site-packages/airflow/example_dags/example_dag_decorator.py
[2025-12-05T01:13:44.667+0000] {processor.py:768} INFO - DAG(s) dict_keys(['example_dag_decorator']) retrieved from /home/airflow/.local/lib/python3.7/site-packages/airflow/example_dags/example_dag_decorator.py
[2025-12-05T01:13:44.713+0000] {logging_mixin.py:117} INFO - [2025-12-05T01:13:44.713+0000] {dag.py:2573} INFO - Sync 1 DAGs
[2025-12-05T01:13:44.723+0000] {logging_mixin.py:117} INFO - [2025-12-05T01:13:44.723+0000] {dag.py:3328} INFO - Setting next_dagrun for example_dag_decorator to None, run_after=None
[2025-12-05T01:13:44.736+0000] {processor.py:178} INFO - Processing /home/airflow/.local/lib/python3.7/site-packages/airflow/example_dags/example_dag_decorator.py took 0.087 seconds
[2025-12-05T01:14:15.273+0000] {processor.py:156} INFO - Started process (PID=11336) to work on /home/airflow/.local/lib/python3.7/site-packages/airflow/example_dags/example_dag_decorator.py
[2025-12-05T01:14:15.274+0000] {processor.py:758} INFO - Processing file /home/airflow/.local/lib/python3.7/site-packages/airflow/example_dags/example_dag_decorator.py for tasks to queue
[2025-12-05T01:14:15.274+0000] {logging_mixin.py:117} INFO - [2025-12-05T01:14:15.274+0000] {dagbag.py:525} INFO - Filling up the DagBag from /home/airflow/.local/lib/python3.7/site-packages/airflow/example_dags/example_dag_decorator.py
[2025-12-05T01:14:15.289+0000] {processor.py:768} INFO - DAG(s) dict_keys(['example_dag_decorator']) retrieved from /home/airflow/.local/lib/python3.7/site-packages/airflow/example_dags/example_dag_decorator.py
[2025-12-05T01:14:15.338+0000] {logging_mixin.py:117} INFO - [2025-12-05T01:14:15.338+0000] {dag.py:2573} INFO - Sync 1 DAGs
[2025-12-05T01:14:15.350+0000] {logging_mixin.py:117} INFO - [2025-12-05T01:14:15.350+0000] {dag.py:3328} INFO - Setting next_dagrun for example_dag_decorator to None, run_after=None
[2025-12-05T01:14:15.360+0000] {processor.py:178} INFO - Processing /home/airflow/.local/lib/python3.7/site-packages/airflow/example_dags/example_dag_decorator.py took 0.089 seconds
[2025-12-05T01:14:45.525+0000] {processor.py:156} INFO - Started process (PID=11539) to work on /home/airflow/.local/lib/python3.7/site-packages/airflow/example_dags/example_dag_decorator.py
[2025-12-05T01:14:45.526+0000] {processor.py:758} INFO - Processing file /home/airflow/.local/lib/python3.7/site-packages/airflow/example_dags/example_dag_decorator.py for tasks to queue
[2025-12-05T01:14:45.526+0000] {logging_mixin.py:117} INFO - [2025-12-05T01:14:45.526+0000] {dagbag.py:525} INFO - Filling up the DagBag from /home/airflow/.local/lib/python3.7/site-packages/airflow/example_dags/example_dag_decorator.py
[2025-12-05T01:14:45.541+0000] {processor.py:768} INFO - DAG(s) dict_keys(['example_dag_decorator']) retrieved from /home/airflow/.local/lib/python3.7/site-packages/airflow/example_dags/example_dag_decorator.py
[2025-12-05T01:14:45.575+0000] {logging_mixin.py:117} INFO - [2025-12-05T01:14:45.575+0000] {dag.py:2573} INFO - Sync 1 DAGs
[2025-12-05T01:14:45.585+0000] {logging_mixin.py:117} INFO - [2025-12-05T01:14:45.585+0000] {dag.py:3328} INFO - Setting next_dagrun for example_dag_decorator to None, run_after=None
[2025-12-05T01:14:45.592+0000] {processor.py:178} INFO - Processing /home/airflow/.local/lib/python3.7/site-packages/airflow/example_dags/example_dag_decorator.py took 0.068 seconds
[2025-12-05T01:15:16.818+0000] {processor.py:156} INFO - Started process (PID=11739) to work on /home/airflow/.local/lib/python3.7/site-packages/airflow/example_dags/example_dag_decorator.py
[2025-12-05T01:15:16.819+0000] {processor.py:758} INFO - Processing file /home/airflow/.local/lib/python3.7/site-packages/airflow/example_dags/example_dag_decorator.py for tasks to queue
[2025-12-05T01:15:16.820+0000] {logging_mixin.py:117} INFO - [2025-12-05T01:15:16.820+0000] {dagbag.py:525} INFO - Filling up the DagBag from /home/airflow/.local/lib/python3.7/site-packages/airflow/example_dags/example_dag_decorator.py
[2025-12-05T01:15:16.844+0000] {processor.py:768} INFO - DAG(s) dict_keys(['example_dag_decorator']) retrieved from /home/airflow/.local/lib/python3.7/site-packages/airflow/example_dags/example_dag_decorator.py
[2025-12-05T01:15:16.906+0000] {logging_mixin.py:117} INFO - [2025-12-05T01:15:16.906+0000] {dag.py:2573} INFO - Sync 1 DAGs
[2025-12-05T01:15:16.919+0000] {logging_mixin.py:117} INFO - [2025-12-05T01:15:16.919+0000] {dag.py:3328} INFO - Setting next_dagrun for example_dag_decorator to None, run_after=None
[2025-12-05T01:15:16.933+0000] {processor.py:178} INFO - Processing /home/airflow/.local/lib/python3.7/site-packages/airflow/example_dags/example_dag_decorator.py took 0.118 seconds
[2025-12-05T01:15:47.240+0000] {processor.py:156} INFO - Started process (PID=11940) to work on /home/airflow/.local/lib/python3.7/site-packages/airflow/example_dags/example_dag_decorator.py
[2025-12-05T01:15:47.244+0000] {processor.py:758} INFO - Processing file /home/airflow/.local/lib/python3.7/site-packages/airflow/example_dags/example_dag_decorator.py for tasks to queue
[2025-12-05T01:15:47.245+0000] {logging_mixin.py:117} INFO - [2025-12-05T01:15:47.244+0000] {dagbag.py:525} INFO - Filling up the DagBag from /home/airflow/.local/lib/python3.7/site-packages/airflow/example_dags/example_dag_decorator.py
[2025-12-05T01:15:47.264+0000] {processor.py:768} INFO - DAG(s) dict_keys(['example_dag_decorator']) retrieved from /home/airflow/.local/lib/python3.7/site-packages/airflow/example_dags/example_dag_decorator.py
[2025-12-05T01:15:47.319+0000] {logging_mixin.py:117} INFO - [2025-12-05T01:15:47.318+0000] {dag.py:2573} INFO - Sync 1 DAGs
[2025-12-05T01:15:47.339+0000] {logging_mixin.py:117} INFO - [2025-12-05T01:15:47.339+0000] {dag.py:3328} INFO - Setting next_dagrun for example_dag_decorator to None, run_after=None
[2025-12-05T01:15:47.355+0000] {processor.py:178} INFO - Processing /home/airflow/.local/lib/python3.7/site-packages/airflow/example_dags/example_dag_decorator.py took 0.117 seconds
[2025-12-05T01:16:18.316+0000] {processor.py:156} INFO - Started process (PID=12146) to work on /home/airflow/.local/lib/python3.7/site-packages/airflow/example_dags/example_dag_decorator.py
[2025-12-05T01:16:18.317+0000] {processor.py:758} INFO - Processing file /home/airflow/.local/lib/python3.7/site-packages/airflow/example_dags/example_dag_decorator.py for tasks to queue
[2025-12-05T01:16:18.317+0000] {logging_mixin.py:117} INFO - [2025-12-05T01:16:18.317+0000] {dagbag.py:525} INFO - Filling up the DagBag from /home/airflow/.local/lib/python3.7/site-packages/airflow/example_dags/example_dag_decorator.py
[2025-12-05T01:16:18.337+0000] {processor.py:768} INFO - DAG(s) dict_keys(['example_dag_decorator']) retrieved from /home/airflow/.local/lib/python3.7/site-packages/airflow/example_dags/example_dag_decorator.py
[2025-12-05T01:16:18.383+0000] {logging_mixin.py:117} INFO - [2025-12-05T01:16:18.383+0000] {dag.py:2573} INFO - Sync 1 DAGs
[2025-12-05T01:16:18.394+0000] {logging_mixin.py:117} INFO - [2025-12-05T01:16:18.394+0000] {dag.py:3328} INFO - Setting next_dagrun for example_dag_decorator to None, run_after=None
[2025-12-05T01:16:18.407+0000] {processor.py:178} INFO - Processing /home/airflow/.local/lib/python3.7/site-packages/airflow/example_dags/example_dag_decorator.py took 0.093 seconds
[2025-12-05T01:16:48.694+0000] {processor.py:156} INFO - Started process (PID=12357) to work on /home/airflow/.local/lib/python3.7/site-packages/airflow/example_dags/example_dag_decorator.py
[2025-12-05T01:16:48.697+0000] {processor.py:758} INFO - Processing file /home/airflow/.local/lib/python3.7/site-packages/airflow/example_dags/example_dag_decorator.py for tasks to queue
[2025-12-05T01:16:48.698+0000] {logging_mixin.py:117} INFO - [2025-12-05T01:16:48.698+0000] {dagbag.py:525} INFO - Filling up the DagBag from /home/airflow/.local/lib/python3.7/site-packages/airflow/example_dags/example_dag_decorator.py
[2025-12-05T01:16:48.718+0000] {processor.py:768} INFO - DAG(s) dict_keys(['example_dag_decorator']) retrieved from /home/airflow/.local/lib/python3.7/site-packages/airflow/example_dags/example_dag_decorator.py
[2025-12-05T01:16:48.759+0000] {logging_mixin.py:117} INFO - [2025-12-05T01:16:48.759+0000] {dag.py:2573} INFO - Sync 1 DAGs
[2025-12-05T01:16:48.770+0000] {logging_mixin.py:117} INFO - [2025-12-05T01:16:48.770+0000] {dag.py:3328} INFO - Setting next_dagrun for example_dag_decorator to None, run_after=None
[2025-12-05T01:16:48.781+0000] {processor.py:178} INFO - Processing /home/airflow/.local/lib/python3.7/site-packages/airflow/example_dags/example_dag_decorator.py took 0.089 seconds
[2025-12-05T01:17:19.192+0000] {processor.py:156} INFO - Started process (PID=12561) to work on /home/airflow/.local/lib/python3.7/site-packages/airflow/example_dags/example_dag_decorator.py
[2025-12-05T01:17:19.194+0000] {processor.py:758} INFO - Processing file /home/airflow/.local/lib/python3.7/site-packages/airflow/example_dags/example_dag_decorator.py for tasks to queue
[2025-12-05T01:17:19.195+0000] {logging_mixin.py:117} INFO - [2025-12-05T01:17:19.195+0000] {dagbag.py:525} INFO - Filling up the DagBag from /home/airflow/.local/lib/python3.7/site-packages/airflow/example_dags/example_dag_decorator.py
[2025-12-05T01:17:19.237+0000] {processor.py:768} INFO - DAG(s) dict_keys(['example_dag_decorator']) retrieved from /home/airflow/.local/lib/python3.7/site-packages/airflow/example_dags/example_dag_decorator.py
[2025-12-05T01:17:19.313+0000] {logging_mixin.py:117} INFO - [2025-12-05T01:17:19.313+0000] {dag.py:2573} INFO - Sync 1 DAGs
[2025-12-05T01:17:19.330+0000] {logging_mixin.py:117} INFO - [2025-12-05T01:17:19.329+0000] {dag.py:3328} INFO - Setting next_dagrun for example_dag_decorator to None, run_after=None
[2025-12-05T01:17:19.342+0000] {processor.py:178} INFO - Processing /home/airflow/.local/lib/python3.7/site-packages/airflow/example_dags/example_dag_decorator.py took 0.162 seconds
[2025-12-05T01:17:49.490+0000] {processor.py:156} INFO - Started process (PID=12771) to work on /home/airflow/.local/lib/python3.7/site-packages/airflow/example_dags/example_dag_decorator.py
[2025-12-05T01:17:49.491+0000] {processor.py:758} INFO - Processing file /home/airflow/.local/lib/python3.7/site-packages/airflow/example_dags/example_dag_decorator.py for tasks to queue
[2025-12-05T01:17:49.491+0000] {logging_mixin.py:117} INFO - [2025-12-05T01:17:49.491+0000] {dagbag.py:525} INFO - Filling up the DagBag from /home/airflow/.local/lib/python3.7/site-packages/airflow/example_dags/example_dag_decorator.py
[2025-12-05T01:17:49.518+0000] {processor.py:768} INFO - DAG(s) dict_keys(['example_dag_decorator']) retrieved from /home/airflow/.local/lib/python3.7/site-packages/airflow/example_dags/example_dag_decorator.py
[2025-12-05T01:17:49.574+0000] {logging_mixin.py:117} INFO - [2025-12-05T01:17:49.574+0000] {dag.py:2573} INFO - Sync 1 DAGs
[2025-12-05T01:17:49.586+0000] {logging_mixin.py:117} INFO - [2025-12-05T01:17:49.586+0000] {dag.py:3328} INFO - Setting next_dagrun for example_dag_decorator to None, run_after=None
[2025-12-05T01:17:49.594+0000] {processor.py:178} INFO - Processing /home/airflow/.local/lib/python3.7/site-packages/airflow/example_dags/example_dag_decorator.py took 0.108 seconds
[2025-12-05T01:18:19.677+0000] {processor.py:156} INFO - Started process (PID=12978) to work on /home/airflow/.local/lib/python3.7/site-packages/airflow/example_dags/example_dag_decorator.py
[2025-12-05T01:18:19.679+0000] {processor.py:758} INFO - Processing file /home/airflow/.local/lib/python3.7/site-packages/airflow/example_dags/example_dag_decorator.py for tasks to queue
[2025-12-05T01:18:19.682+0000] {logging_mixin.py:117} INFO - [2025-12-05T01:18:19.682+0000] {dagbag.py:525} INFO - Filling up the DagBag from /home/airflow/.local/lib/python3.7/site-packages/airflow/example_dags/example_dag_decorator.py
[2025-12-05T01:18:19.722+0000] {processor.py:768} INFO - DAG(s) dict_keys(['example_dag_decorator']) retrieved from /home/airflow/.local/lib/python3.7/site-packages/airflow/example_dags/example_dag_decorator.py
[2025-12-05T01:18:19.793+0000] {logging_mixin.py:117} INFO - [2025-12-05T01:18:19.793+0000] {dag.py:2573} INFO - Sync 1 DAGs
[2025-12-05T01:18:19.805+0000] {logging_mixin.py:117} INFO - [2025-12-05T01:18:19.805+0000] {dag.py:3328} INFO - Setting next_dagrun for example_dag_decorator to None, run_after=None
[2025-12-05T01:18:19.820+0000] {processor.py:178} INFO - Processing /home/airflow/.local/lib/python3.7/site-packages/airflow/example_dags/example_dag_decorator.py took 0.146 seconds
[2025-12-05T01:18:50.009+0000] {processor.py:156} INFO - Started process (PID=13185) to work on /home/airflow/.local/lib/python3.7/site-packages/airflow/example_dags/example_dag_decorator.py
[2025-12-05T01:18:50.012+0000] {processor.py:758} INFO - Processing file /home/airflow/.local/lib/python3.7/site-packages/airflow/example_dags/example_dag_decorator.py for tasks to queue
[2025-12-05T01:18:50.013+0000] {logging_mixin.py:117} INFO - [2025-12-05T01:18:50.013+0000] {dagbag.py:525} INFO - Filling up the DagBag from /home/airflow/.local/lib/python3.7/site-packages/airflow/example_dags/example_dag_decorator.py
[2025-12-05T01:18:50.034+0000] {processor.py:768} INFO - DAG(s) dict_keys(['example_dag_decorator']) retrieved from /home/airflow/.local/lib/python3.7/site-packages/airflow/example_dags/example_dag_decorator.py
[2025-12-05T01:18:50.085+0000] {logging_mixin.py:117} INFO - [2025-12-05T01:18:50.085+0000] {dag.py:2573} INFO - Sync 1 DAGs
[2025-12-05T01:18:50.098+0000] {logging_mixin.py:117} INFO - [2025-12-05T01:18:50.098+0000] {dag.py:3328} INFO - Setting next_dagrun for example_dag_decorator to None, run_after=None
[2025-12-05T01:18:50.113+0000] {processor.py:178} INFO - Processing /home/airflow/.local/lib/python3.7/site-packages/airflow/example_dags/example_dag_decorator.py took 0.107 seconds
[2025-12-05T01:19:20.947+0000] {processor.py:156} INFO - Started process (PID=13391) to work on /home/airflow/.local/lib/python3.7/site-packages/airflow/example_dags/example_dag_decorator.py
[2025-12-05T01:19:20.949+0000] {processor.py:758} INFO - Processing file /home/airflow/.local/lib/python3.7/site-packages/airflow/example_dags/example_dag_decorator.py for tasks to queue
[2025-12-05T01:19:20.950+0000] {logging_mixin.py:117} INFO - [2025-12-05T01:19:20.950+0000] {dagbag.py:525} INFO - Filling up the DagBag from /home/airflow/.local/lib/python3.7/site-packages/airflow/example_dags/example_dag_decorator.py
[2025-12-05T01:19:20.971+0000] {processor.py:768} INFO - DAG(s) dict_keys(['example_dag_decorator']) retrieved from /home/airflow/.local/lib/python3.7/site-packages/airflow/example_dags/example_dag_decorator.py
[2025-12-05T01:19:21.014+0000] {logging_mixin.py:117} INFO - [2025-12-05T01:19:21.014+0000] {dag.py:2573} INFO - Sync 1 DAGs
[2025-12-05T01:19:21.024+0000] {logging_mixin.py:117} INFO - [2025-12-05T01:19:21.024+0000] {dag.py:3328} INFO - Setting next_dagrun for example_dag_decorator to None, run_after=None
[2025-12-05T01:19:21.032+0000] {processor.py:178} INFO - Processing /home/airflow/.local/lib/python3.7/site-packages/airflow/example_dags/example_dag_decorator.py took 0.088 seconds
[2025-12-05T01:19:51.835+0000] {processor.py:156} INFO - Started process (PID=13597) to work on /home/airflow/.local/lib/python3.7/site-packages/airflow/example_dags/example_dag_decorator.py
[2025-12-05T01:19:51.836+0000] {processor.py:758} INFO - Processing file /home/airflow/.local/lib/python3.7/site-packages/airflow/example_dags/example_dag_decorator.py for tasks to queue
[2025-12-05T01:19:51.837+0000] {logging_mixin.py:117} INFO - [2025-12-05T01:19:51.837+0000] {dagbag.py:525} INFO - Filling up the DagBag from /home/airflow/.local/lib/python3.7/site-packages/airflow/example_dags/example_dag_decorator.py
[2025-12-05T01:19:51.865+0000] {processor.py:768} INFO - DAG(s) dict_keys(['example_dag_decorator']) retrieved from /home/airflow/.local/lib/python3.7/site-packages/airflow/example_dags/example_dag_decorator.py
[2025-12-05T01:19:51.920+0000] {logging_mixin.py:117} INFO - [2025-12-05T01:19:51.920+0000] {dag.py:2573} INFO - Sync 1 DAGs
[2025-12-05T01:19:51.936+0000] {logging_mixin.py:117} INFO - [2025-12-05T01:19:51.936+0000] {dag.py:3328} INFO - Setting next_dagrun for example_dag_decorator to None, run_after=None
[2025-12-05T01:19:51.949+0000] {processor.py:178} INFO - Processing /home/airflow/.local/lib/python3.7/site-packages/airflow/example_dags/example_dag_decorator.py took 0.117 seconds
[2025-12-05T01:20:22.724+0000] {processor.py:156} INFO - Started process (PID=13803) to work on /home/airflow/.local/lib/python3.7/site-packages/airflow/example_dags/example_dag_decorator.py
[2025-12-05T01:20:22.724+0000] {processor.py:758} INFO - Processing file /home/airflow/.local/lib/python3.7/site-packages/airflow/example_dags/example_dag_decorator.py for tasks to queue
[2025-12-05T01:20:22.725+0000] {logging_mixin.py:117} INFO - [2025-12-05T01:20:22.725+0000] {dagbag.py:525} INFO - Filling up the DagBag from /home/airflow/.local/lib/python3.7/site-packages/airflow/example_dags/example_dag_decorator.py
[2025-12-05T01:20:22.745+0000] {processor.py:768} INFO - DAG(s) dict_keys(['example_dag_decorator']) retrieved from /home/airflow/.local/lib/python3.7/site-packages/airflow/example_dags/example_dag_decorator.py
[2025-12-05T01:20:22.784+0000] {logging_mixin.py:117} INFO - [2025-12-05T01:20:22.784+0000] {dag.py:2573} INFO - Sync 1 DAGs
[2025-12-05T01:20:22.795+0000] {logging_mixin.py:117} INFO - [2025-12-05T01:20:22.795+0000] {dag.py:3328} INFO - Setting next_dagrun for example_dag_decorator to None, run_after=None
[2025-12-05T01:20:22.803+0000] {processor.py:178} INFO - Processing /home/airflow/.local/lib/python3.7/site-packages/airflow/example_dags/example_dag_decorator.py took 0.083 seconds
[2025-12-05T01:20:53.701+0000] {processor.py:156} INFO - Started process (PID=14009) to work on /home/airflow/.local/lib/python3.7/site-packages/airflow/example_dags/example_dag_decorator.py
[2025-12-05T01:20:53.702+0000] {processor.py:758} INFO - Processing file /home/airflow/.local/lib/python3.7/site-packages/airflow/example_dags/example_dag_decorator.py for tasks to queue
[2025-12-05T01:20:53.702+0000] {logging_mixin.py:117} INFO - [2025-12-05T01:20:53.702+0000] {dagbag.py:525} INFO - Filling up the DagBag from /home/airflow/.local/lib/python3.7/site-packages/airflow/example_dags/example_dag_decorator.py
[2025-12-05T01:20:53.720+0000] {processor.py:768} INFO - DAG(s) dict_keys(['example_dag_decorator']) retrieved from /home/airflow/.local/lib/python3.7/site-packages/airflow/example_dags/example_dag_decorator.py
[2025-12-05T01:20:53.766+0000] {logging_mixin.py:117} INFO - [2025-12-05T01:20:53.766+0000] {dag.py:2573} INFO - Sync 1 DAGs
[2025-12-05T01:20:53.776+0000] {logging_mixin.py:117} INFO - [2025-12-05T01:20:53.776+0000] {dag.py:3328} INFO - Setting next_dagrun for example_dag_decorator to None, run_after=None
[2025-12-05T01:20:53.785+0000] {processor.py:178} INFO - Processing /home/airflow/.local/lib/python3.7/site-packages/airflow/example_dags/example_dag_decorator.py took 0.087 seconds
