[2025-12-05T00:46:08.054+0000] {processor.py:156} INFO - Started process (PID=329) to work on /home/airflow/.local/lib/python3.7/site-packages/airflow/example_dags/example_kubernetes_executor.py
[2025-12-05T00:46:08.056+0000] {processor.py:758} INFO - Processing file /home/airflow/.local/lib/python3.7/site-packages/airflow/example_dags/example_kubernetes_executor.py for tasks to queue
[2025-12-05T00:46:08.057+0000] {logging_mixin.py:117} INFO - [2025-12-05T00:46:08.057+0000] {dagbag.py:525} INFO - Filling up the DagBag from /home/airflow/.local/lib/python3.7/site-packages/airflow/example_dags/example_kubernetes_executor.py
[2025-12-05T00:46:08.096+0000] {processor.py:768} INFO - DAG(s) dict_keys(['example_kubernetes_executor']) retrieved from /home/airflow/.local/lib/python3.7/site-packages/airflow/example_dags/example_kubernetes_executor.py
[2025-12-05T00:46:08.365+0000] {logging_mixin.py:117} INFO - [2025-12-05T00:46:08.365+0000] {manager.py:508} INFO - Created Permission View: can read on DAG:example_kubernetes_executor
[2025-12-05T00:46:08.369+0000] {logging_mixin.py:117} INFO - [2025-12-05T00:46:08.369+0000] {manager.py:508} INFO - Created Permission View: can delete on DAG:example_kubernetes_executor
[2025-12-05T00:46:08.373+0000] {logging_mixin.py:117} INFO - [2025-12-05T00:46:08.373+0000] {manager.py:508} INFO - Created Permission View: can edit on DAG:example_kubernetes_executor
[2025-12-05T00:46:08.373+0000] {logging_mixin.py:117} INFO - [2025-12-05T00:46:08.373+0000] {dag.py:2573} INFO - Sync 1 DAGs
[2025-12-05T00:46:08.381+0000] {logging_mixin.py:117} INFO - [2025-12-05T00:46:08.381+0000] {dag.py:2594} INFO - Creating ORM DAG for example_kubernetes_executor
[2025-12-05T00:46:08.386+0000] {logging_mixin.py:117} INFO - [2025-12-05T00:46:08.386+0000] {dag.py:3328} INFO - Setting next_dagrun for example_kubernetes_executor to None, run_after=None
[2025-12-05T00:46:08.395+0000] {processor.py:178} INFO - Processing /home/airflow/.local/lib/python3.7/site-packages/airflow/example_dags/example_kubernetes_executor.py took 0.343 seconds
[2025-12-05T00:46:38.490+0000] {processor.py:156} INFO - Started process (PID=530) to work on /home/airflow/.local/lib/python3.7/site-packages/airflow/example_dags/example_kubernetes_executor.py
[2025-12-05T00:46:38.492+0000] {processor.py:758} INFO - Processing file /home/airflow/.local/lib/python3.7/site-packages/airflow/example_dags/example_kubernetes_executor.py for tasks to queue
[2025-12-05T00:46:38.493+0000] {logging_mixin.py:117} INFO - [2025-12-05T00:46:38.493+0000] {dagbag.py:525} INFO - Filling up the DagBag from /home/airflow/.local/lib/python3.7/site-packages/airflow/example_dags/example_kubernetes_executor.py
[2025-12-05T00:46:38.507+0000] {processor.py:768} INFO - DAG(s) dict_keys(['example_kubernetes_executor']) retrieved from /home/airflow/.local/lib/python3.7/site-packages/airflow/example_dags/example_kubernetes_executor.py
[2025-12-05T00:46:38.526+0000] {logging_mixin.py:117} INFO - [2025-12-05T00:46:38.526+0000] {dag.py:2573} INFO - Sync 1 DAGs
[2025-12-05T00:46:38.537+0000] {logging_mixin.py:117} INFO - [2025-12-05T00:46:38.537+0000] {dag.py:3328} INFO - Setting next_dagrun for example_kubernetes_executor to None, run_after=None
[2025-12-05T00:46:38.544+0000] {processor.py:178} INFO - Processing /home/airflow/.local/lib/python3.7/site-packages/airflow/example_dags/example_kubernetes_executor.py took 0.056 seconds
[2025-12-05T00:47:09.525+0000] {processor.py:156} INFO - Started process (PID=731) to work on /home/airflow/.local/lib/python3.7/site-packages/airflow/example_dags/example_kubernetes_executor.py
[2025-12-05T00:47:09.529+0000] {processor.py:758} INFO - Processing file /home/airflow/.local/lib/python3.7/site-packages/airflow/example_dags/example_kubernetes_executor.py for tasks to queue
[2025-12-05T00:47:09.530+0000] {logging_mixin.py:117} INFO - [2025-12-05T00:47:09.530+0000] {dagbag.py:525} INFO - Filling up the DagBag from /home/airflow/.local/lib/python3.7/site-packages/airflow/example_dags/example_kubernetes_executor.py
[2025-12-05T00:47:09.546+0000] {processor.py:768} INFO - DAG(s) dict_keys(['example_kubernetes_executor']) retrieved from /home/airflow/.local/lib/python3.7/site-packages/airflow/example_dags/example_kubernetes_executor.py
[2025-12-05T00:47:09.565+0000] {logging_mixin.py:117} INFO - [2025-12-05T00:47:09.565+0000] {dag.py:2573} INFO - Sync 1 DAGs
[2025-12-05T00:47:09.577+0000] {logging_mixin.py:117} INFO - [2025-12-05T00:47:09.577+0000] {dag.py:3328} INFO - Setting next_dagrun for example_kubernetes_executor to None, run_after=None
[2025-12-05T00:47:09.657+0000] {processor.py:178} INFO - Processing /home/airflow/.local/lib/python3.7/site-packages/airflow/example_dags/example_kubernetes_executor.py took 0.133 seconds
[2025-12-05T00:47:39.978+0000] {processor.py:156} INFO - Started process (PID=933) to work on /home/airflow/.local/lib/python3.7/site-packages/airflow/example_dags/example_kubernetes_executor.py
[2025-12-05T00:47:39.981+0000] {processor.py:758} INFO - Processing file /home/airflow/.local/lib/python3.7/site-packages/airflow/example_dags/example_kubernetes_executor.py for tasks to queue
[2025-12-05T00:47:39.981+0000] {logging_mixin.py:117} INFO - [2025-12-05T00:47:39.981+0000] {dagbag.py:525} INFO - Filling up the DagBag from /home/airflow/.local/lib/python3.7/site-packages/airflow/example_dags/example_kubernetes_executor.py
[2025-12-05T00:47:39.997+0000] {processor.py:768} INFO - DAG(s) dict_keys(['example_kubernetes_executor']) retrieved from /home/airflow/.local/lib/python3.7/site-packages/airflow/example_dags/example_kubernetes_executor.py
[2025-12-05T00:47:40.019+0000] {logging_mixin.py:117} INFO - [2025-12-05T00:47:40.019+0000] {dag.py:2573} INFO - Sync 1 DAGs
[2025-12-05T00:47:40.163+0000] {logging_mixin.py:117} INFO - [2025-12-05T00:47:40.163+0000] {dag.py:3328} INFO - Setting next_dagrun for example_kubernetes_executor to None, run_after=None
[2025-12-05T00:47:40.174+0000] {processor.py:178} INFO - Processing /home/airflow/.local/lib/python3.7/site-packages/airflow/example_dags/example_kubernetes_executor.py took 0.197 seconds
[2025-12-05T00:48:10.933+0000] {processor.py:156} INFO - Started process (PID=1134) to work on /home/airflow/.local/lib/python3.7/site-packages/airflow/example_dags/example_kubernetes_executor.py
[2025-12-05T00:48:10.934+0000] {processor.py:758} INFO - Processing file /home/airflow/.local/lib/python3.7/site-packages/airflow/example_dags/example_kubernetes_executor.py for tasks to queue
[2025-12-05T00:48:10.935+0000] {logging_mixin.py:117} INFO - [2025-12-05T00:48:10.935+0000] {dagbag.py:525} INFO - Filling up the DagBag from /home/airflow/.local/lib/python3.7/site-packages/airflow/example_dags/example_kubernetes_executor.py
[2025-12-05T00:48:10.948+0000] {processor.py:768} INFO - DAG(s) dict_keys(['example_kubernetes_executor']) retrieved from /home/airflow/.local/lib/python3.7/site-packages/airflow/example_dags/example_kubernetes_executor.py
[2025-12-05T00:48:10.977+0000] {logging_mixin.py:117} INFO - [2025-12-05T00:48:10.977+0000] {dag.py:2573} INFO - Sync 1 DAGs
[2025-12-05T00:48:11.062+0000] {logging_mixin.py:117} INFO - [2025-12-05T00:48:11.062+0000] {dag.py:3328} INFO - Setting next_dagrun for example_kubernetes_executor to None, run_after=None
[2025-12-05T00:48:11.072+0000] {processor.py:178} INFO - Processing /home/airflow/.local/lib/python3.7/site-packages/airflow/example_dags/example_kubernetes_executor.py took 0.140 seconds
[2025-12-05T00:48:41.932+0000] {processor.py:156} INFO - Started process (PID=1337) to work on /home/airflow/.local/lib/python3.7/site-packages/airflow/example_dags/example_kubernetes_executor.py
[2025-12-05T00:48:41.933+0000] {processor.py:758} INFO - Processing file /home/airflow/.local/lib/python3.7/site-packages/airflow/example_dags/example_kubernetes_executor.py for tasks to queue
[2025-12-05T00:48:41.933+0000] {logging_mixin.py:117} INFO - [2025-12-05T00:48:41.933+0000] {dagbag.py:525} INFO - Filling up the DagBag from /home/airflow/.local/lib/python3.7/site-packages/airflow/example_dags/example_kubernetes_executor.py
[2025-12-05T00:48:41.948+0000] {processor.py:768} INFO - DAG(s) dict_keys(['example_kubernetes_executor']) retrieved from /home/airflow/.local/lib/python3.7/site-packages/airflow/example_dags/example_kubernetes_executor.py
[2025-12-05T00:48:42.047+0000] {logging_mixin.py:117} INFO - [2025-12-05T00:48:42.047+0000] {dag.py:2573} INFO - Sync 1 DAGs
[2025-12-05T00:48:42.060+0000] {logging_mixin.py:117} INFO - [2025-12-05T00:48:42.060+0000] {dag.py:3328} INFO - Setting next_dagrun for example_kubernetes_executor to None, run_after=None
[2025-12-05T00:48:42.071+0000] {processor.py:178} INFO - Processing /home/airflow/.local/lib/python3.7/site-packages/airflow/example_dags/example_kubernetes_executor.py took 0.141 seconds
[2025-12-05T00:49:12.701+0000] {processor.py:156} INFO - Started process (PID=1536) to work on /home/airflow/.local/lib/python3.7/site-packages/airflow/example_dags/example_kubernetes_executor.py
[2025-12-05T00:49:12.703+0000] {processor.py:758} INFO - Processing file /home/airflow/.local/lib/python3.7/site-packages/airflow/example_dags/example_kubernetes_executor.py for tasks to queue
[2025-12-05T00:49:12.703+0000] {logging_mixin.py:117} INFO - [2025-12-05T00:49:12.703+0000] {dagbag.py:525} INFO - Filling up the DagBag from /home/airflow/.local/lib/python3.7/site-packages/airflow/example_dags/example_kubernetes_executor.py
[2025-12-05T00:49:12.716+0000] {processor.py:768} INFO - DAG(s) dict_keys(['example_kubernetes_executor']) retrieved from /home/airflow/.local/lib/python3.7/site-packages/airflow/example_dags/example_kubernetes_executor.py
[2025-12-05T00:49:12.818+0000] {logging_mixin.py:117} INFO - [2025-12-05T00:49:12.818+0000] {dag.py:2573} INFO - Sync 1 DAGs
[2025-12-05T00:49:12.828+0000] {logging_mixin.py:117} INFO - [2025-12-05T00:49:12.827+0000] {dag.py:3328} INFO - Setting next_dagrun for example_kubernetes_executor to None, run_after=None
[2025-12-05T00:49:12.838+0000] {processor.py:178} INFO - Processing /home/airflow/.local/lib/python3.7/site-packages/airflow/example_dags/example_kubernetes_executor.py took 0.139 seconds
[2025-12-05T00:49:43.144+0000] {processor.py:156} INFO - Started process (PID=1737) to work on /home/airflow/.local/lib/python3.7/site-packages/airflow/example_dags/example_kubernetes_executor.py
[2025-12-05T00:49:43.145+0000] {processor.py:758} INFO - Processing file /home/airflow/.local/lib/python3.7/site-packages/airflow/example_dags/example_kubernetes_executor.py for tasks to queue
[2025-12-05T00:49:43.145+0000] {logging_mixin.py:117} INFO - [2025-12-05T00:49:43.145+0000] {dagbag.py:525} INFO - Filling up the DagBag from /home/airflow/.local/lib/python3.7/site-packages/airflow/example_dags/example_kubernetes_executor.py
[2025-12-05T00:49:43.238+0000] {processor.py:768} INFO - DAG(s) dict_keys(['example_kubernetes_executor']) retrieved from /home/airflow/.local/lib/python3.7/site-packages/airflow/example_dags/example_kubernetes_executor.py
[2025-12-05T00:49:43.258+0000] {logging_mixin.py:117} INFO - [2025-12-05T00:49:43.258+0000] {dag.py:2573} INFO - Sync 1 DAGs
[2025-12-05T00:49:43.273+0000] {logging_mixin.py:117} INFO - [2025-12-05T00:49:43.273+0000] {dag.py:3328} INFO - Setting next_dagrun for example_kubernetes_executor to None, run_after=None
[2025-12-05T00:49:43.282+0000] {processor.py:178} INFO - Processing /home/airflow/.local/lib/python3.7/site-packages/airflow/example_dags/example_kubernetes_executor.py took 0.139 seconds
[2025-12-05T00:50:14.118+0000] {processor.py:156} INFO - Started process (PID=1939) to work on /home/airflow/.local/lib/python3.7/site-packages/airflow/example_dags/example_kubernetes_executor.py
[2025-12-05T00:50:14.119+0000] {processor.py:758} INFO - Processing file /home/airflow/.local/lib/python3.7/site-packages/airflow/example_dags/example_kubernetes_executor.py for tasks to queue
[2025-12-05T00:50:14.121+0000] {logging_mixin.py:117} INFO - [2025-12-05T00:50:14.121+0000] {dagbag.py:525} INFO - Filling up the DagBag from /home/airflow/.local/lib/python3.7/site-packages/airflow/example_dags/example_kubernetes_executor.py
[2025-12-05T00:50:14.135+0000] {processor.py:768} INFO - DAG(s) dict_keys(['example_kubernetes_executor']) retrieved from /home/airflow/.local/lib/python3.7/site-packages/airflow/example_dags/example_kubernetes_executor.py
[2025-12-05T00:50:14.162+0000] {logging_mixin.py:117} INFO - [2025-12-05T00:50:14.162+0000] {dag.py:2573} INFO - Sync 1 DAGs
[2025-12-05T00:50:14.254+0000] {logging_mixin.py:117} INFO - [2025-12-05T00:50:14.254+0000] {dag.py:3328} INFO - Setting next_dagrun for example_kubernetes_executor to None, run_after=None
[2025-12-05T00:50:14.264+0000] {processor.py:178} INFO - Processing /home/airflow/.local/lib/python3.7/site-packages/airflow/example_dags/example_kubernetes_executor.py took 0.147 seconds
[2025-12-05T00:50:44.871+0000] {processor.py:156} INFO - Started process (PID=2140) to work on /home/airflow/.local/lib/python3.7/site-packages/airflow/example_dags/example_kubernetes_executor.py
[2025-12-05T00:50:44.871+0000] {processor.py:758} INFO - Processing file /home/airflow/.local/lib/python3.7/site-packages/airflow/example_dags/example_kubernetes_executor.py for tasks to queue
[2025-12-05T00:50:44.872+0000] {logging_mixin.py:117} INFO - [2025-12-05T00:50:44.872+0000] {dagbag.py:525} INFO - Filling up the DagBag from /home/airflow/.local/lib/python3.7/site-packages/airflow/example_dags/example_kubernetes_executor.py
[2025-12-05T00:50:44.887+0000] {processor.py:768} INFO - DAG(s) dict_keys(['example_kubernetes_executor']) retrieved from /home/airflow/.local/lib/python3.7/site-packages/airflow/example_dags/example_kubernetes_executor.py
[2025-12-05T00:50:45.125+0000] {logging_mixin.py:117} INFO - [2025-12-05T00:50:45.124+0000] {dag.py:2573} INFO - Sync 1 DAGs
[2025-12-05T00:50:45.140+0000] {logging_mixin.py:117} INFO - [2025-12-05T00:50:45.140+0000] {dag.py:3328} INFO - Setting next_dagrun for example_kubernetes_executor to None, run_after=None
[2025-12-05T00:50:45.156+0000] {processor.py:178} INFO - Processing /home/airflow/.local/lib/python3.7/site-packages/airflow/example_dags/example_kubernetes_executor.py took 0.287 seconds
[2025-12-05T00:51:15.495+0000] {processor.py:156} INFO - Started process (PID=2341) to work on /home/airflow/.local/lib/python3.7/site-packages/airflow/example_dags/example_kubernetes_executor.py
[2025-12-05T00:51:15.495+0000] {processor.py:758} INFO - Processing file /home/airflow/.local/lib/python3.7/site-packages/airflow/example_dags/example_kubernetes_executor.py for tasks to queue
[2025-12-05T00:51:15.496+0000] {logging_mixin.py:117} INFO - [2025-12-05T00:51:15.496+0000] {dagbag.py:525} INFO - Filling up the DagBag from /home/airflow/.local/lib/python3.7/site-packages/airflow/example_dags/example_kubernetes_executor.py
[2025-12-05T00:51:15.512+0000] {processor.py:768} INFO - DAG(s) dict_keys(['example_kubernetes_executor']) retrieved from /home/airflow/.local/lib/python3.7/site-packages/airflow/example_dags/example_kubernetes_executor.py
[2025-12-05T00:51:15.616+0000] {logging_mixin.py:117} INFO - [2025-12-05T00:51:15.616+0000] {dag.py:2573} INFO - Sync 1 DAGs
[2025-12-05T00:51:15.628+0000] {logging_mixin.py:117} INFO - [2025-12-05T00:51:15.628+0000] {dag.py:3328} INFO - Setting next_dagrun for example_kubernetes_executor to None, run_after=None
[2025-12-05T00:51:15.637+0000] {processor.py:178} INFO - Processing /home/airflow/.local/lib/python3.7/site-packages/airflow/example_dags/example_kubernetes_executor.py took 0.144 seconds
[2025-12-05T00:51:46.473+0000] {processor.py:156} INFO - Started process (PID=2542) to work on /home/airflow/.local/lib/python3.7/site-packages/airflow/example_dags/example_kubernetes_executor.py
[2025-12-05T00:51:46.474+0000] {processor.py:758} INFO - Processing file /home/airflow/.local/lib/python3.7/site-packages/airflow/example_dags/example_kubernetes_executor.py for tasks to queue
[2025-12-05T00:51:46.474+0000] {logging_mixin.py:117} INFO - [2025-12-05T00:51:46.474+0000] {dagbag.py:525} INFO - Filling up the DagBag from /home/airflow/.local/lib/python3.7/site-packages/airflow/example_dags/example_kubernetes_executor.py
[2025-12-05T00:51:46.597+0000] {processor.py:768} INFO - DAG(s) dict_keys(['example_kubernetes_executor']) retrieved from /home/airflow/.local/lib/python3.7/site-packages/airflow/example_dags/example_kubernetes_executor.py
[2025-12-05T00:51:46.614+0000] {logging_mixin.py:117} INFO - [2025-12-05T00:51:46.614+0000] {dag.py:2573} INFO - Sync 1 DAGs
[2025-12-05T00:51:46.626+0000] {logging_mixin.py:117} INFO - [2025-12-05T00:51:46.626+0000] {dag.py:3328} INFO - Setting next_dagrun for example_kubernetes_executor to None, run_after=None
[2025-12-05T00:51:46.634+0000] {processor.py:178} INFO - Processing /home/airflow/.local/lib/python3.7/site-packages/airflow/example_dags/example_kubernetes_executor.py took 0.164 seconds
[2025-12-05T00:52:16.891+0000] {processor.py:156} INFO - Started process (PID=2743) to work on /home/airflow/.local/lib/python3.7/site-packages/airflow/example_dags/example_kubernetes_executor.py
[2025-12-05T00:52:16.892+0000] {processor.py:758} INFO - Processing file /home/airflow/.local/lib/python3.7/site-packages/airflow/example_dags/example_kubernetes_executor.py for tasks to queue
[2025-12-05T00:52:16.892+0000] {logging_mixin.py:117} INFO - [2025-12-05T00:52:16.892+0000] {dagbag.py:525} INFO - Filling up the DagBag from /home/airflow/.local/lib/python3.7/site-packages/airflow/example_dags/example_kubernetes_executor.py
[2025-12-05T00:52:16.913+0000] {processor.py:768} INFO - DAG(s) dict_keys(['example_kubernetes_executor']) retrieved from /home/airflow/.local/lib/python3.7/site-packages/airflow/example_dags/example_kubernetes_executor.py
[2025-12-05T00:52:16.942+0000] {logging_mixin.py:117} INFO - [2025-12-05T00:52:16.942+0000] {dag.py:2573} INFO - Sync 1 DAGs
[2025-12-05T00:52:17.044+0000] {logging_mixin.py:117} INFO - [2025-12-05T00:52:17.044+0000] {dag.py:3328} INFO - Setting next_dagrun for example_kubernetes_executor to None, run_after=None
[2025-12-05T00:52:17.053+0000] {processor.py:178} INFO - Processing /home/airflow/.local/lib/python3.7/site-packages/airflow/example_dags/example_kubernetes_executor.py took 0.164 seconds
[2025-12-05T00:52:47.503+0000] {processor.py:156} INFO - Started process (PID=2944) to work on /home/airflow/.local/lib/python3.7/site-packages/airflow/example_dags/example_kubernetes_executor.py
[2025-12-05T00:52:47.503+0000] {processor.py:758} INFO - Processing file /home/airflow/.local/lib/python3.7/site-packages/airflow/example_dags/example_kubernetes_executor.py for tasks to queue
[2025-12-05T00:52:47.504+0000] {logging_mixin.py:117} INFO - [2025-12-05T00:52:47.503+0000] {dagbag.py:525} INFO - Filling up the DagBag from /home/airflow/.local/lib/python3.7/site-packages/airflow/example_dags/example_kubernetes_executor.py
[2025-12-05T00:52:47.517+0000] {processor.py:768} INFO - DAG(s) dict_keys(['example_kubernetes_executor']) retrieved from /home/airflow/.local/lib/python3.7/site-packages/airflow/example_dags/example_kubernetes_executor.py
[2025-12-05T00:52:47.623+0000] {logging_mixin.py:117} INFO - [2025-12-05T00:52:47.623+0000] {dag.py:2573} INFO - Sync 1 DAGs
[2025-12-05T00:52:47.633+0000] {logging_mixin.py:117} INFO - [2025-12-05T00:52:47.633+0000] {dag.py:3328} INFO - Setting next_dagrun for example_kubernetes_executor to None, run_after=None
[2025-12-05T00:52:47.641+0000] {processor.py:178} INFO - Processing /home/airflow/.local/lib/python3.7/site-packages/airflow/example_dags/example_kubernetes_executor.py took 0.140 seconds
[2025-12-05T00:53:17.992+0000] {processor.py:156} INFO - Started process (PID=3145) to work on /home/airflow/.local/lib/python3.7/site-packages/airflow/example_dags/example_kubernetes_executor.py
[2025-12-05T00:53:17.995+0000] {processor.py:758} INFO - Processing file /home/airflow/.local/lib/python3.7/site-packages/airflow/example_dags/example_kubernetes_executor.py for tasks to queue
[2025-12-05T00:53:17.995+0000] {logging_mixin.py:117} INFO - [2025-12-05T00:53:17.995+0000] {dagbag.py:525} INFO - Filling up the DagBag from /home/airflow/.local/lib/python3.7/site-packages/airflow/example_dags/example_kubernetes_executor.py
[2025-12-05T00:53:18.009+0000] {processor.py:768} INFO - DAG(s) dict_keys(['example_kubernetes_executor']) retrieved from /home/airflow/.local/lib/python3.7/site-packages/airflow/example_dags/example_kubernetes_executor.py
[2025-12-05T00:53:18.107+0000] {logging_mixin.py:117} INFO - [2025-12-05T00:53:18.107+0000] {dag.py:2573} INFO - Sync 1 DAGs
[2025-12-05T00:53:18.117+0000] {logging_mixin.py:117} INFO - [2025-12-05T00:53:18.117+0000] {dag.py:3328} INFO - Setting next_dagrun for example_kubernetes_executor to None, run_after=None
[2025-12-05T00:53:18.124+0000] {processor.py:178} INFO - Processing /home/airflow/.local/lib/python3.7/site-packages/airflow/example_dags/example_kubernetes_executor.py took 0.133 seconds
[2025-12-05T00:53:49.030+0000] {processor.py:156} INFO - Started process (PID=3346) to work on /home/airflow/.local/lib/python3.7/site-packages/airflow/example_dags/example_kubernetes_executor.py
[2025-12-05T00:53:49.031+0000] {processor.py:758} INFO - Processing file /home/airflow/.local/lib/python3.7/site-packages/airflow/example_dags/example_kubernetes_executor.py for tasks to queue
[2025-12-05T00:53:49.031+0000] {logging_mixin.py:117} INFO - [2025-12-05T00:53:49.031+0000] {dagbag.py:525} INFO - Filling up the DagBag from /home/airflow/.local/lib/python3.7/site-packages/airflow/example_dags/example_kubernetes_executor.py
[2025-12-05T00:53:49.131+0000] {processor.py:768} INFO - DAG(s) dict_keys(['example_kubernetes_executor']) retrieved from /home/airflow/.local/lib/python3.7/site-packages/airflow/example_dags/example_kubernetes_executor.py
[2025-12-05T00:53:49.147+0000] {logging_mixin.py:117} INFO - [2025-12-05T00:53:49.147+0000] {dag.py:2573} INFO - Sync 1 DAGs
[2025-12-05T00:53:49.158+0000] {logging_mixin.py:117} INFO - [2025-12-05T00:53:49.158+0000] {dag.py:3328} INFO - Setting next_dagrun for example_kubernetes_executor to None, run_after=None
[2025-12-05T00:53:49.166+0000] {processor.py:178} INFO - Processing /home/airflow/.local/lib/python3.7/site-packages/airflow/example_dags/example_kubernetes_executor.py took 0.140 seconds
[2025-12-05T00:54:19.636+0000] {processor.py:156} INFO - Started process (PID=3547) to work on /home/airflow/.local/lib/python3.7/site-packages/airflow/example_dags/example_kubernetes_executor.py
[2025-12-05T00:54:19.636+0000] {processor.py:758} INFO - Processing file /home/airflow/.local/lib/python3.7/site-packages/airflow/example_dags/example_kubernetes_executor.py for tasks to queue
[2025-12-05T00:54:19.637+0000] {logging_mixin.py:117} INFO - [2025-12-05T00:54:19.637+0000] {dagbag.py:525} INFO - Filling up the DagBag from /home/airflow/.local/lib/python3.7/site-packages/airflow/example_dags/example_kubernetes_executor.py
[2025-12-05T00:54:19.651+0000] {processor.py:768} INFO - DAG(s) dict_keys(['example_kubernetes_executor']) retrieved from /home/airflow/.local/lib/python3.7/site-packages/airflow/example_dags/example_kubernetes_executor.py
[2025-12-05T00:54:19.672+0000] {logging_mixin.py:117} INFO - [2025-12-05T00:54:19.672+0000] {dag.py:2573} INFO - Sync 1 DAGs
[2025-12-05T00:54:19.765+0000] {logging_mixin.py:117} INFO - [2025-12-05T00:54:19.765+0000] {dag.py:3328} INFO - Setting next_dagrun for example_kubernetes_executor to None, run_after=None
[2025-12-05T00:54:19.776+0000] {processor.py:178} INFO - Processing /home/airflow/.local/lib/python3.7/site-packages/airflow/example_dags/example_kubernetes_executor.py took 0.141 seconds
[2025-12-05T00:54:50.419+0000] {processor.py:156} INFO - Started process (PID=3748) to work on /home/airflow/.local/lib/python3.7/site-packages/airflow/example_dags/example_kubernetes_executor.py
[2025-12-05T00:54:50.419+0000] {processor.py:758} INFO - Processing file /home/airflow/.local/lib/python3.7/site-packages/airflow/example_dags/example_kubernetes_executor.py for tasks to queue
[2025-12-05T00:54:50.420+0000] {logging_mixin.py:117} INFO - [2025-12-05T00:54:50.419+0000] {dagbag.py:525} INFO - Filling up the DagBag from /home/airflow/.local/lib/python3.7/site-packages/airflow/example_dags/example_kubernetes_executor.py
[2025-12-05T00:54:50.435+0000] {processor.py:768} INFO - DAG(s) dict_keys(['example_kubernetes_executor']) retrieved from /home/airflow/.local/lib/python3.7/site-packages/airflow/example_dags/example_kubernetes_executor.py
[2025-12-05T00:54:50.550+0000] {logging_mixin.py:117} INFO - [2025-12-05T00:54:50.550+0000] {dag.py:2573} INFO - Sync 1 DAGs
[2025-12-05T00:54:50.562+0000] {logging_mixin.py:117} INFO - [2025-12-05T00:54:50.562+0000] {dag.py:3328} INFO - Setting next_dagrun for example_kubernetes_executor to None, run_after=None
[2025-12-05T00:54:50.569+0000] {processor.py:178} INFO - Processing /home/airflow/.local/lib/python3.7/site-packages/airflow/example_dags/example_kubernetes_executor.py took 0.153 seconds
[2025-12-05T00:55:20.987+0000] {processor.py:156} INFO - Started process (PID=3948) to work on /home/airflow/.local/lib/python3.7/site-packages/airflow/example_dags/example_kubernetes_executor.py
[2025-12-05T00:55:20.990+0000] {processor.py:758} INFO - Processing file /home/airflow/.local/lib/python3.7/site-packages/airflow/example_dags/example_kubernetes_executor.py for tasks to queue
[2025-12-05T00:55:20.990+0000] {logging_mixin.py:117} INFO - [2025-12-05T00:55:20.990+0000] {dagbag.py:525} INFO - Filling up the DagBag from /home/airflow/.local/lib/python3.7/site-packages/airflow/example_dags/example_kubernetes_executor.py
[2025-12-05T00:55:21.009+0000] {processor.py:768} INFO - DAG(s) dict_keys(['example_kubernetes_executor']) retrieved from /home/airflow/.local/lib/python3.7/site-packages/airflow/example_dags/example_kubernetes_executor.py
[2025-12-05T00:55:21.129+0000] {logging_mixin.py:117} INFO - [2025-12-05T00:55:21.129+0000] {dag.py:2573} INFO - Sync 1 DAGs
[2025-12-05T00:55:21.142+0000] {logging_mixin.py:117} INFO - [2025-12-05T00:55:21.142+0000] {dag.py:3328} INFO - Setting next_dagrun for example_kubernetes_executor to None, run_after=None
[2025-12-05T00:55:21.150+0000] {processor.py:178} INFO - Processing /home/airflow/.local/lib/python3.7/site-packages/airflow/example_dags/example_kubernetes_executor.py took 0.165 seconds
[2025-12-05T00:55:51.578+0000] {processor.py:156} INFO - Started process (PID=4149) to work on /home/airflow/.local/lib/python3.7/site-packages/airflow/example_dags/example_kubernetes_executor.py
[2025-12-05T00:55:51.581+0000] {processor.py:758} INFO - Processing file /home/airflow/.local/lib/python3.7/site-packages/airflow/example_dags/example_kubernetes_executor.py for tasks to queue
[2025-12-05T00:55:51.581+0000] {logging_mixin.py:117} INFO - [2025-12-05T00:55:51.581+0000] {dagbag.py:525} INFO - Filling up the DagBag from /home/airflow/.local/lib/python3.7/site-packages/airflow/example_dags/example_kubernetes_executor.py
[2025-12-05T00:55:51.685+0000] {processor.py:768} INFO - DAG(s) dict_keys(['example_kubernetes_executor']) retrieved from /home/airflow/.local/lib/python3.7/site-packages/airflow/example_dags/example_kubernetes_executor.py
[2025-12-05T00:55:51.706+0000] {logging_mixin.py:117} INFO - [2025-12-05T00:55:51.706+0000] {dag.py:2573} INFO - Sync 1 DAGs
[2025-12-05T00:55:51.725+0000] {logging_mixin.py:117} INFO - [2025-12-05T00:55:51.725+0000] {dag.py:3328} INFO - Setting next_dagrun for example_kubernetes_executor to None, run_after=None
[2025-12-05T00:55:51.739+0000] {processor.py:178} INFO - Processing /home/airflow/.local/lib/python3.7/site-packages/airflow/example_dags/example_kubernetes_executor.py took 0.163 seconds
[2025-12-05T00:56:21.918+0000] {processor.py:156} INFO - Started process (PID=4351) to work on /home/airflow/.local/lib/python3.7/site-packages/airflow/example_dags/example_kubernetes_executor.py
[2025-12-05T00:56:21.919+0000] {processor.py:758} INFO - Processing file /home/airflow/.local/lib/python3.7/site-packages/airflow/example_dags/example_kubernetes_executor.py for tasks to queue
[2025-12-05T00:56:21.919+0000] {logging_mixin.py:117} INFO - [2025-12-05T00:56:21.919+0000] {dagbag.py:525} INFO - Filling up the DagBag from /home/airflow/.local/lib/python3.7/site-packages/airflow/example_dags/example_kubernetes_executor.py
[2025-12-05T00:56:21.933+0000] {processor.py:768} INFO - DAG(s) dict_keys(['example_kubernetes_executor']) retrieved from /home/airflow/.local/lib/python3.7/site-packages/airflow/example_dags/example_kubernetes_executor.py
[2025-12-05T00:56:21.950+0000] {logging_mixin.py:117} INFO - [2025-12-05T00:56:21.950+0000] {dag.py:2573} INFO - Sync 1 DAGs
[2025-12-05T00:56:21.960+0000] {logging_mixin.py:117} INFO - [2025-12-05T00:56:21.960+0000] {dag.py:3328} INFO - Setting next_dagrun for example_kubernetes_executor to None, run_after=None
[2025-12-05T00:56:21.967+0000] {processor.py:178} INFO - Processing /home/airflow/.local/lib/python3.7/site-packages/airflow/example_dags/example_kubernetes_executor.py took 0.051 seconds
[2025-12-05T00:56:52.778+0000] {processor.py:156} INFO - Started process (PID=4550) to work on /home/airflow/.local/lib/python3.7/site-packages/airflow/example_dags/example_kubernetes_executor.py
[2025-12-05T00:56:52.779+0000] {processor.py:758} INFO - Processing file /home/airflow/.local/lib/python3.7/site-packages/airflow/example_dags/example_kubernetes_executor.py for tasks to queue
[2025-12-05T00:56:52.780+0000] {logging_mixin.py:117} INFO - [2025-12-05T00:56:52.780+0000] {dagbag.py:525} INFO - Filling up the DagBag from /home/airflow/.local/lib/python3.7/site-packages/airflow/example_dags/example_kubernetes_executor.py
[2025-12-05T00:56:52.811+0000] {processor.py:768} INFO - DAG(s) dict_keys(['example_kubernetes_executor']) retrieved from /home/airflow/.local/lib/python3.7/site-packages/airflow/example_dags/example_kubernetes_executor.py
[2025-12-05T00:56:52.857+0000] {logging_mixin.py:117} INFO - [2025-12-05T00:56:52.856+0000] {dag.py:2573} INFO - Sync 1 DAGs
[2025-12-05T00:56:52.873+0000] {logging_mixin.py:117} INFO - [2025-12-05T00:56:52.873+0000] {dag.py:3328} INFO - Setting next_dagrun for example_kubernetes_executor to None, run_after=None
[2025-12-05T00:56:52.887+0000] {processor.py:178} INFO - Processing /home/airflow/.local/lib/python3.7/site-packages/airflow/example_dags/example_kubernetes_executor.py took 0.113 seconds
[2025-12-05T00:57:23.637+0000] {processor.py:156} INFO - Started process (PID=4757) to work on /home/airflow/.local/lib/python3.7/site-packages/airflow/example_dags/example_kubernetes_executor.py
[2025-12-05T00:57:23.637+0000] {processor.py:758} INFO - Processing file /home/airflow/.local/lib/python3.7/site-packages/airflow/example_dags/example_kubernetes_executor.py for tasks to queue
[2025-12-05T00:57:23.638+0000] {logging_mixin.py:117} INFO - [2025-12-05T00:57:23.638+0000] {dagbag.py:525} INFO - Filling up the DagBag from /home/airflow/.local/lib/python3.7/site-packages/airflow/example_dags/example_kubernetes_executor.py
[2025-12-05T00:57:23.652+0000] {processor.py:768} INFO - DAG(s) dict_keys(['example_kubernetes_executor']) retrieved from /home/airflow/.local/lib/python3.7/site-packages/airflow/example_dags/example_kubernetes_executor.py
[2025-12-05T00:57:23.671+0000] {logging_mixin.py:117} INFO - [2025-12-05T00:57:23.671+0000] {dag.py:2573} INFO - Sync 1 DAGs
[2025-12-05T00:57:23.683+0000] {logging_mixin.py:117} INFO - [2025-12-05T00:57:23.683+0000] {dag.py:3328} INFO - Setting next_dagrun for example_kubernetes_executor to None, run_after=None
[2025-12-05T00:57:23.694+0000] {processor.py:178} INFO - Processing /home/airflow/.local/lib/python3.7/site-packages/airflow/example_dags/example_kubernetes_executor.py took 0.058 seconds
[2025-12-05T00:57:54.584+0000] {processor.py:156} INFO - Started process (PID=4958) to work on /home/airflow/.local/lib/python3.7/site-packages/airflow/example_dags/example_kubernetes_executor.py
[2025-12-05T00:57:54.585+0000] {processor.py:758} INFO - Processing file /home/airflow/.local/lib/python3.7/site-packages/airflow/example_dags/example_kubernetes_executor.py for tasks to queue
[2025-12-05T00:57:54.585+0000] {logging_mixin.py:117} INFO - [2025-12-05T00:57:54.585+0000] {dagbag.py:525} INFO - Filling up the DagBag from /home/airflow/.local/lib/python3.7/site-packages/airflow/example_dags/example_kubernetes_executor.py
[2025-12-05T00:57:54.609+0000] {processor.py:768} INFO - DAG(s) dict_keys(['example_kubernetes_executor']) retrieved from /home/airflow/.local/lib/python3.7/site-packages/airflow/example_dags/example_kubernetes_executor.py
[2025-12-05T00:57:54.639+0000] {logging_mixin.py:117} INFO - [2025-12-05T00:57:54.639+0000] {dag.py:2573} INFO - Sync 1 DAGs
[2025-12-05T00:57:54.653+0000] {logging_mixin.py:117} INFO - [2025-12-05T00:57:54.653+0000] {dag.py:3328} INFO - Setting next_dagrun for example_kubernetes_executor to None, run_after=None
[2025-12-05T00:57:54.663+0000] {processor.py:178} INFO - Processing /home/airflow/.local/lib/python3.7/site-packages/airflow/example_dags/example_kubernetes_executor.py took 0.084 seconds
[2025-12-05T00:58:25.581+0000] {processor.py:156} INFO - Started process (PID=5159) to work on /home/airflow/.local/lib/python3.7/site-packages/airflow/example_dags/example_kubernetes_executor.py
[2025-12-05T00:58:25.581+0000] {processor.py:758} INFO - Processing file /home/airflow/.local/lib/python3.7/site-packages/airflow/example_dags/example_kubernetes_executor.py for tasks to queue
[2025-12-05T00:58:25.582+0000] {logging_mixin.py:117} INFO - [2025-12-05T00:58:25.582+0000] {dagbag.py:525} INFO - Filling up the DagBag from /home/airflow/.local/lib/python3.7/site-packages/airflow/example_dags/example_kubernetes_executor.py
[2025-12-05T00:58:25.596+0000] {processor.py:768} INFO - DAG(s) dict_keys(['example_kubernetes_executor']) retrieved from /home/airflow/.local/lib/python3.7/site-packages/airflow/example_dags/example_kubernetes_executor.py
[2025-12-05T00:58:25.615+0000] {logging_mixin.py:117} INFO - [2025-12-05T00:58:25.615+0000] {dag.py:2573} INFO - Sync 1 DAGs
[2025-12-05T00:58:25.625+0000] {logging_mixin.py:117} INFO - [2025-12-05T00:58:25.625+0000] {dag.py:3328} INFO - Setting next_dagrun for example_kubernetes_executor to None, run_after=None
[2025-12-05T00:58:25.633+0000] {processor.py:178} INFO - Processing /home/airflow/.local/lib/python3.7/site-packages/airflow/example_dags/example_kubernetes_executor.py took 0.054 seconds
[2025-12-05T00:58:56.376+0000] {processor.py:156} INFO - Started process (PID=5359) to work on /home/airflow/.local/lib/python3.7/site-packages/airflow/example_dags/example_kubernetes_executor.py
[2025-12-05T00:58:56.377+0000] {processor.py:758} INFO - Processing file /home/airflow/.local/lib/python3.7/site-packages/airflow/example_dags/example_kubernetes_executor.py for tasks to queue
[2025-12-05T00:58:56.378+0000] {logging_mixin.py:117} INFO - [2025-12-05T00:58:56.378+0000] {dagbag.py:525} INFO - Filling up the DagBag from /home/airflow/.local/lib/python3.7/site-packages/airflow/example_dags/example_kubernetes_executor.py
[2025-12-05T00:58:56.393+0000] {processor.py:768} INFO - DAG(s) dict_keys(['example_kubernetes_executor']) retrieved from /home/airflow/.local/lib/python3.7/site-packages/airflow/example_dags/example_kubernetes_executor.py
[2025-12-05T00:58:56.413+0000] {logging_mixin.py:117} INFO - [2025-12-05T00:58:56.413+0000] {dag.py:2573} INFO - Sync 1 DAGs
[2025-12-05T00:58:56.424+0000] {logging_mixin.py:117} INFO - [2025-12-05T00:58:56.423+0000] {dag.py:3328} INFO - Setting next_dagrun for example_kubernetes_executor to None, run_after=None
[2025-12-05T00:58:56.432+0000] {processor.py:178} INFO - Processing /home/airflow/.local/lib/python3.7/site-packages/airflow/example_dags/example_kubernetes_executor.py took 0.058 seconds
[2025-12-05T00:59:27.119+0000] {processor.py:156} INFO - Started process (PID=5560) to work on /home/airflow/.local/lib/python3.7/site-packages/airflow/example_dags/example_kubernetes_executor.py
[2025-12-05T00:59:27.120+0000] {processor.py:758} INFO - Processing file /home/airflow/.local/lib/python3.7/site-packages/airflow/example_dags/example_kubernetes_executor.py for tasks to queue
[2025-12-05T00:59:27.123+0000] {logging_mixin.py:117} INFO - [2025-12-05T00:59:27.123+0000] {dagbag.py:525} INFO - Filling up the DagBag from /home/airflow/.local/lib/python3.7/site-packages/airflow/example_dags/example_kubernetes_executor.py
[2025-12-05T00:59:27.138+0000] {processor.py:768} INFO - DAG(s) dict_keys(['example_kubernetes_executor']) retrieved from /home/airflow/.local/lib/python3.7/site-packages/airflow/example_dags/example_kubernetes_executor.py
[2025-12-05T00:59:27.157+0000] {logging_mixin.py:117} INFO - [2025-12-05T00:59:27.157+0000] {dag.py:2573} INFO - Sync 1 DAGs
[2025-12-05T00:59:27.169+0000] {logging_mixin.py:117} INFO - [2025-12-05T00:59:27.169+0000] {dag.py:3328} INFO - Setting next_dagrun for example_kubernetes_executor to None, run_after=None
[2025-12-05T00:59:27.176+0000] {processor.py:178} INFO - Processing /home/airflow/.local/lib/python3.7/site-packages/airflow/example_dags/example_kubernetes_executor.py took 0.058 seconds
[2025-12-05T00:59:58.070+0000] {processor.py:156} INFO - Started process (PID=5761) to work on /home/airflow/.local/lib/python3.7/site-packages/airflow/example_dags/example_kubernetes_executor.py
[2025-12-05T00:59:58.073+0000] {processor.py:758} INFO - Processing file /home/airflow/.local/lib/python3.7/site-packages/airflow/example_dags/example_kubernetes_executor.py for tasks to queue
[2025-12-05T00:59:58.073+0000] {logging_mixin.py:117} INFO - [2025-12-05T00:59:58.073+0000] {dagbag.py:525} INFO - Filling up the DagBag from /home/airflow/.local/lib/python3.7/site-packages/airflow/example_dags/example_kubernetes_executor.py
[2025-12-05T00:59:58.090+0000] {processor.py:768} INFO - DAG(s) dict_keys(['example_kubernetes_executor']) retrieved from /home/airflow/.local/lib/python3.7/site-packages/airflow/example_dags/example_kubernetes_executor.py
[2025-12-05T00:59:58.114+0000] {logging_mixin.py:117} INFO - [2025-12-05T00:59:58.114+0000] {dag.py:2573} INFO - Sync 1 DAGs
[2025-12-05T00:59:58.126+0000] {logging_mixin.py:117} INFO - [2025-12-05T00:59:58.126+0000] {dag.py:3328} INFO - Setting next_dagrun for example_kubernetes_executor to None, run_after=None
[2025-12-05T00:59:58.133+0000] {processor.py:178} INFO - Processing /home/airflow/.local/lib/python3.7/site-packages/airflow/example_dags/example_kubernetes_executor.py took 0.065 seconds
[2025-12-05T01:00:28.530+0000] {processor.py:156} INFO - Started process (PID=5962) to work on /home/airflow/.local/lib/python3.7/site-packages/airflow/example_dags/example_kubernetes_executor.py
[2025-12-05T01:00:28.531+0000] {processor.py:758} INFO - Processing file /home/airflow/.local/lib/python3.7/site-packages/airflow/example_dags/example_kubernetes_executor.py for tasks to queue
[2025-12-05T01:00:28.531+0000] {logging_mixin.py:117} INFO - [2025-12-05T01:00:28.531+0000] {dagbag.py:525} INFO - Filling up the DagBag from /home/airflow/.local/lib/python3.7/site-packages/airflow/example_dags/example_kubernetes_executor.py
[2025-12-05T01:00:28.554+0000] {processor.py:768} INFO - DAG(s) dict_keys(['example_kubernetes_executor']) retrieved from /home/airflow/.local/lib/python3.7/site-packages/airflow/example_dags/example_kubernetes_executor.py
[2025-12-05T01:00:28.581+0000] {logging_mixin.py:117} INFO - [2025-12-05T01:00:28.581+0000] {dag.py:2573} INFO - Sync 1 DAGs
[2025-12-05T01:00:28.597+0000] {logging_mixin.py:117} INFO - [2025-12-05T01:00:28.597+0000] {dag.py:3328} INFO - Setting next_dagrun for example_kubernetes_executor to None, run_after=None
[2025-12-05T01:00:28.606+0000] {processor.py:178} INFO - Processing /home/airflow/.local/lib/python3.7/site-packages/airflow/example_dags/example_kubernetes_executor.py took 0.081 seconds
[2025-12-05T01:00:58.735+0000] {processor.py:156} INFO - Started process (PID=6164) to work on /home/airflow/.local/lib/python3.7/site-packages/airflow/example_dags/example_kubernetes_executor.py
[2025-12-05T01:00:58.736+0000] {processor.py:758} INFO - Processing file /home/airflow/.local/lib/python3.7/site-packages/airflow/example_dags/example_kubernetes_executor.py for tasks to queue
[2025-12-05T01:00:58.736+0000] {logging_mixin.py:117} INFO - [2025-12-05T01:00:58.736+0000] {dagbag.py:525} INFO - Filling up the DagBag from /home/airflow/.local/lib/python3.7/site-packages/airflow/example_dags/example_kubernetes_executor.py
[2025-12-05T01:00:58.752+0000] {processor.py:768} INFO - DAG(s) dict_keys(['example_kubernetes_executor']) retrieved from /home/airflow/.local/lib/python3.7/site-packages/airflow/example_dags/example_kubernetes_executor.py
[2025-12-05T01:00:58.777+0000] {logging_mixin.py:117} INFO - [2025-12-05T01:00:58.777+0000] {dag.py:2573} INFO - Sync 1 DAGs
[2025-12-05T01:00:58.789+0000] {logging_mixin.py:117} INFO - [2025-12-05T01:00:58.789+0000] {dag.py:3328} INFO - Setting next_dagrun for example_kubernetes_executor to None, run_after=None
[2025-12-05T01:00:58.804+0000] {processor.py:178} INFO - Processing /home/airflow/.local/lib/python3.7/site-packages/airflow/example_dags/example_kubernetes_executor.py took 0.071 seconds
[2025-12-05T01:01:30.124+0000] {processor.py:156} INFO - Started process (PID=6362) to work on /home/airflow/.local/lib/python3.7/site-packages/airflow/example_dags/example_kubernetes_executor.py
[2025-12-05T01:01:30.124+0000] {processor.py:758} INFO - Processing file /home/airflow/.local/lib/python3.7/site-packages/airflow/example_dags/example_kubernetes_executor.py for tasks to queue
[2025-12-05T01:01:30.125+0000] {logging_mixin.py:117} INFO - [2025-12-05T01:01:30.125+0000] {dagbag.py:525} INFO - Filling up the DagBag from /home/airflow/.local/lib/python3.7/site-packages/airflow/example_dags/example_kubernetes_executor.py
[2025-12-05T01:01:30.141+0000] {processor.py:768} INFO - DAG(s) dict_keys(['example_kubernetes_executor']) retrieved from /home/airflow/.local/lib/python3.7/site-packages/airflow/example_dags/example_kubernetes_executor.py
[2025-12-05T01:01:30.166+0000] {logging_mixin.py:117} INFO - [2025-12-05T01:01:30.166+0000] {dag.py:2573} INFO - Sync 1 DAGs
[2025-12-05T01:01:30.180+0000] {logging_mixin.py:117} INFO - [2025-12-05T01:01:30.180+0000] {dag.py:3328} INFO - Setting next_dagrun for example_kubernetes_executor to None, run_after=None
[2025-12-05T01:01:30.188+0000] {processor.py:178} INFO - Processing /home/airflow/.local/lib/python3.7/site-packages/airflow/example_dags/example_kubernetes_executor.py took 0.066 seconds
[2025-12-05T01:02:01.080+0000] {processor.py:156} INFO - Started process (PID=6564) to work on /home/airflow/.local/lib/python3.7/site-packages/airflow/example_dags/example_kubernetes_executor.py
[2025-12-05T01:02:01.081+0000] {processor.py:758} INFO - Processing file /home/airflow/.local/lib/python3.7/site-packages/airflow/example_dags/example_kubernetes_executor.py for tasks to queue
[2025-12-05T01:02:01.083+0000] {logging_mixin.py:117} INFO - [2025-12-05T01:02:01.083+0000] {dagbag.py:525} INFO - Filling up the DagBag from /home/airflow/.local/lib/python3.7/site-packages/airflow/example_dags/example_kubernetes_executor.py
[2025-12-05T01:02:01.097+0000] {processor.py:768} INFO - DAG(s) dict_keys(['example_kubernetes_executor']) retrieved from /home/airflow/.local/lib/python3.7/site-packages/airflow/example_dags/example_kubernetes_executor.py
[2025-12-05T01:02:01.117+0000] {logging_mixin.py:117} INFO - [2025-12-05T01:02:01.117+0000] {dag.py:2573} INFO - Sync 1 DAGs
[2025-12-05T01:02:01.127+0000] {logging_mixin.py:117} INFO - [2025-12-05T01:02:01.127+0000] {dag.py:3328} INFO - Setting next_dagrun for example_kubernetes_executor to None, run_after=None
[2025-12-05T01:02:01.134+0000] {processor.py:178} INFO - Processing /home/airflow/.local/lib/python3.7/site-packages/airflow/example_dags/example_kubernetes_executor.py took 0.056 seconds
[2025-12-05T01:02:32.179+0000] {processor.py:156} INFO - Started process (PID=6764) to work on /home/airflow/.local/lib/python3.7/site-packages/airflow/example_dags/example_kubernetes_executor.py
[2025-12-05T01:02:32.180+0000] {processor.py:758} INFO - Processing file /home/airflow/.local/lib/python3.7/site-packages/airflow/example_dags/example_kubernetes_executor.py for tasks to queue
[2025-12-05T01:02:32.180+0000] {logging_mixin.py:117} INFO - [2025-12-05T01:02:32.180+0000] {dagbag.py:525} INFO - Filling up the DagBag from /home/airflow/.local/lib/python3.7/site-packages/airflow/example_dags/example_kubernetes_executor.py
[2025-12-05T01:02:32.197+0000] {processor.py:768} INFO - DAG(s) dict_keys(['example_kubernetes_executor']) retrieved from /home/airflow/.local/lib/python3.7/site-packages/airflow/example_dags/example_kubernetes_executor.py
[2025-12-05T01:02:32.219+0000] {logging_mixin.py:117} INFO - [2025-12-05T01:02:32.219+0000] {dag.py:2573} INFO - Sync 1 DAGs
[2025-12-05T01:02:32.232+0000] {logging_mixin.py:117} INFO - [2025-12-05T01:02:32.232+0000] {dag.py:3328} INFO - Setting next_dagrun for example_kubernetes_executor to None, run_after=None
[2025-12-05T01:02:32.241+0000] {processor.py:178} INFO - Processing /home/airflow/.local/lib/python3.7/site-packages/airflow/example_dags/example_kubernetes_executor.py took 0.063 seconds
[2025-12-05T01:03:03.156+0000] {processor.py:156} INFO - Started process (PID=6965) to work on /home/airflow/.local/lib/python3.7/site-packages/airflow/example_dags/example_kubernetes_executor.py
[2025-12-05T01:03:03.157+0000] {processor.py:758} INFO - Processing file /home/airflow/.local/lib/python3.7/site-packages/airflow/example_dags/example_kubernetes_executor.py for tasks to queue
[2025-12-05T01:03:03.158+0000] {logging_mixin.py:117} INFO - [2025-12-05T01:03:03.158+0000] {dagbag.py:525} INFO - Filling up the DagBag from /home/airflow/.local/lib/python3.7/site-packages/airflow/example_dags/example_kubernetes_executor.py
[2025-12-05T01:03:03.174+0000] {processor.py:768} INFO - DAG(s) dict_keys(['example_kubernetes_executor']) retrieved from /home/airflow/.local/lib/python3.7/site-packages/airflow/example_dags/example_kubernetes_executor.py
[2025-12-05T01:03:03.192+0000] {logging_mixin.py:117} INFO - [2025-12-05T01:03:03.192+0000] {dag.py:2573} INFO - Sync 1 DAGs
[2025-12-05T01:03:03.204+0000] {logging_mixin.py:117} INFO - [2025-12-05T01:03:03.204+0000] {dag.py:3328} INFO - Setting next_dagrun for example_kubernetes_executor to None, run_after=None
[2025-12-05T01:03:03.213+0000] {processor.py:178} INFO - Processing /home/airflow/.local/lib/python3.7/site-packages/airflow/example_dags/example_kubernetes_executor.py took 0.060 seconds
[2025-12-05T01:03:34.196+0000] {processor.py:156} INFO - Started process (PID=7166) to work on /home/airflow/.local/lib/python3.7/site-packages/airflow/example_dags/example_kubernetes_executor.py
[2025-12-05T01:03:34.197+0000] {processor.py:758} INFO - Processing file /home/airflow/.local/lib/python3.7/site-packages/airflow/example_dags/example_kubernetes_executor.py for tasks to queue
[2025-12-05T01:03:34.197+0000] {logging_mixin.py:117} INFO - [2025-12-05T01:03:34.197+0000] {dagbag.py:525} INFO - Filling up the DagBag from /home/airflow/.local/lib/python3.7/site-packages/airflow/example_dags/example_kubernetes_executor.py
[2025-12-05T01:03:34.215+0000] {processor.py:768} INFO - DAG(s) dict_keys(['example_kubernetes_executor']) retrieved from /home/airflow/.local/lib/python3.7/site-packages/airflow/example_dags/example_kubernetes_executor.py
[2025-12-05T01:03:34.237+0000] {logging_mixin.py:117} INFO - [2025-12-05T01:03:34.237+0000] {dag.py:2573} INFO - Sync 1 DAGs
[2025-12-05T01:03:34.250+0000] {logging_mixin.py:117} INFO - [2025-12-05T01:03:34.250+0000] {dag.py:3328} INFO - Setting next_dagrun for example_kubernetes_executor to None, run_after=None
[2025-12-05T01:03:34.258+0000] {processor.py:178} INFO - Processing /home/airflow/.local/lib/python3.7/site-packages/airflow/example_dags/example_kubernetes_executor.py took 0.063 seconds
[2025-12-05T01:04:04.961+0000] {processor.py:156} INFO - Started process (PID=7366) to work on /home/airflow/.local/lib/python3.7/site-packages/airflow/example_dags/example_kubernetes_executor.py
[2025-12-05T01:04:04.962+0000] {processor.py:758} INFO - Processing file /home/airflow/.local/lib/python3.7/site-packages/airflow/example_dags/example_kubernetes_executor.py for tasks to queue
[2025-12-05T01:04:04.962+0000] {logging_mixin.py:117} INFO - [2025-12-05T01:04:04.962+0000] {dagbag.py:525} INFO - Filling up the DagBag from /home/airflow/.local/lib/python3.7/site-packages/airflow/example_dags/example_kubernetes_executor.py
[2025-12-05T01:04:04.978+0000] {processor.py:768} INFO - DAG(s) dict_keys(['example_kubernetes_executor']) retrieved from /home/airflow/.local/lib/python3.7/site-packages/airflow/example_dags/example_kubernetes_executor.py
[2025-12-05T01:04:04.997+0000] {logging_mixin.py:117} INFO - [2025-12-05T01:04:04.997+0000] {dag.py:2573} INFO - Sync 1 DAGs
[2025-12-05T01:04:05.008+0000] {logging_mixin.py:117} INFO - [2025-12-05T01:04:05.008+0000] {dag.py:3328} INFO - Setting next_dagrun for example_kubernetes_executor to None, run_after=None
[2025-12-05T01:04:05.018+0000] {processor.py:178} INFO - Processing /home/airflow/.local/lib/python3.7/site-packages/airflow/example_dags/example_kubernetes_executor.py took 0.058 seconds
[2025-12-05T01:04:35.717+0000] {processor.py:156} INFO - Started process (PID=7567) to work on /home/airflow/.local/lib/python3.7/site-packages/airflow/example_dags/example_kubernetes_executor.py
[2025-12-05T01:04:35.718+0000] {processor.py:758} INFO - Processing file /home/airflow/.local/lib/python3.7/site-packages/airflow/example_dags/example_kubernetes_executor.py for tasks to queue
[2025-12-05T01:04:35.719+0000] {logging_mixin.py:117} INFO - [2025-12-05T01:04:35.718+0000] {dagbag.py:525} INFO - Filling up the DagBag from /home/airflow/.local/lib/python3.7/site-packages/airflow/example_dags/example_kubernetes_executor.py
[2025-12-05T01:04:35.735+0000] {processor.py:768} INFO - DAG(s) dict_keys(['example_kubernetes_executor']) retrieved from /home/airflow/.local/lib/python3.7/site-packages/airflow/example_dags/example_kubernetes_executor.py
[2025-12-05T01:04:35.753+0000] {logging_mixin.py:117} INFO - [2025-12-05T01:04:35.753+0000] {dag.py:2573} INFO - Sync 1 DAGs
[2025-12-05T01:04:35.764+0000] {logging_mixin.py:117} INFO - [2025-12-05T01:04:35.764+0000] {dag.py:3328} INFO - Setting next_dagrun for example_kubernetes_executor to None, run_after=None
[2025-12-05T01:04:35.772+0000] {processor.py:178} INFO - Processing /home/airflow/.local/lib/python3.7/site-packages/airflow/example_dags/example_kubernetes_executor.py took 0.057 seconds
[2025-12-05T01:05:06.445+0000] {processor.py:156} INFO - Started process (PID=7770) to work on /home/airflow/.local/lib/python3.7/site-packages/airflow/example_dags/example_kubernetes_executor.py
[2025-12-05T01:05:06.445+0000] {processor.py:758} INFO - Processing file /home/airflow/.local/lib/python3.7/site-packages/airflow/example_dags/example_kubernetes_executor.py for tasks to queue
[2025-12-05T01:05:06.445+0000] {logging_mixin.py:117} INFO - [2025-12-05T01:05:06.445+0000] {dagbag.py:525} INFO - Filling up the DagBag from /home/airflow/.local/lib/python3.7/site-packages/airflow/example_dags/example_kubernetes_executor.py
[2025-12-05T01:05:06.459+0000] {processor.py:768} INFO - DAG(s) dict_keys(['example_kubernetes_executor']) retrieved from /home/airflow/.local/lib/python3.7/site-packages/airflow/example_dags/example_kubernetes_executor.py
[2025-12-05T01:05:06.477+0000] {logging_mixin.py:117} INFO - [2025-12-05T01:05:06.476+0000] {dag.py:2573} INFO - Sync 1 DAGs
[2025-12-05T01:05:06.487+0000] {logging_mixin.py:117} INFO - [2025-12-05T01:05:06.486+0000] {dag.py:3328} INFO - Setting next_dagrun for example_kubernetes_executor to None, run_after=None
[2025-12-05T01:05:06.495+0000] {processor.py:178} INFO - Processing /home/airflow/.local/lib/python3.7/site-packages/airflow/example_dags/example_kubernetes_executor.py took 0.052 seconds
[2025-12-05T01:05:37.438+0000] {processor.py:156} INFO - Started process (PID=7969) to work on /home/airflow/.local/lib/python3.7/site-packages/airflow/example_dags/example_kubernetes_executor.py
[2025-12-05T01:05:37.441+0000] {processor.py:758} INFO - Processing file /home/airflow/.local/lib/python3.7/site-packages/airflow/example_dags/example_kubernetes_executor.py for tasks to queue
[2025-12-05T01:05:37.442+0000] {logging_mixin.py:117} INFO - [2025-12-05T01:05:37.442+0000] {dagbag.py:525} INFO - Filling up the DagBag from /home/airflow/.local/lib/python3.7/site-packages/airflow/example_dags/example_kubernetes_executor.py
[2025-12-05T01:05:37.464+0000] {processor.py:768} INFO - DAG(s) dict_keys(['example_kubernetes_executor']) retrieved from /home/airflow/.local/lib/python3.7/site-packages/airflow/example_dags/example_kubernetes_executor.py
[2025-12-05T01:05:37.501+0000] {logging_mixin.py:117} INFO - [2025-12-05T01:05:37.501+0000] {dag.py:2573} INFO - Sync 1 DAGs
[2025-12-05T01:05:37.516+0000] {logging_mixin.py:117} INFO - [2025-12-05T01:05:37.516+0000] {dag.py:3328} INFO - Setting next_dagrun for example_kubernetes_executor to None, run_after=None
[2025-12-05T01:05:37.526+0000] {processor.py:178} INFO - Processing /home/airflow/.local/lib/python3.7/site-packages/airflow/example_dags/example_kubernetes_executor.py took 0.092 seconds
[2025-12-05T01:06:08.301+0000] {processor.py:156} INFO - Started process (PID=8177) to work on /home/airflow/.local/lib/python3.7/site-packages/airflow/example_dags/example_kubernetes_executor.py
[2025-12-05T01:06:08.302+0000] {processor.py:758} INFO - Processing file /home/airflow/.local/lib/python3.7/site-packages/airflow/example_dags/example_kubernetes_executor.py for tasks to queue
[2025-12-05T01:06:08.303+0000] {logging_mixin.py:117} INFO - [2025-12-05T01:06:08.303+0000] {dagbag.py:525} INFO - Filling up the DagBag from /home/airflow/.local/lib/python3.7/site-packages/airflow/example_dags/example_kubernetes_executor.py
[2025-12-05T01:06:08.318+0000] {processor.py:768} INFO - DAG(s) dict_keys(['example_kubernetes_executor']) retrieved from /home/airflow/.local/lib/python3.7/site-packages/airflow/example_dags/example_kubernetes_executor.py
[2025-12-05T01:06:08.338+0000] {logging_mixin.py:117} INFO - [2025-12-05T01:06:08.338+0000] {dag.py:2573} INFO - Sync 1 DAGs
[2025-12-05T01:06:08.348+0000] {logging_mixin.py:117} INFO - [2025-12-05T01:06:08.348+0000] {dag.py:3328} INFO - Setting next_dagrun for example_kubernetes_executor to None, run_after=None
[2025-12-05T01:06:08.358+0000] {processor.py:178} INFO - Processing /home/airflow/.local/lib/python3.7/site-packages/airflow/example_dags/example_kubernetes_executor.py took 0.058 seconds
[2025-12-05T01:06:38.688+0000] {processor.py:156} INFO - Started process (PID=8378) to work on /home/airflow/.local/lib/python3.7/site-packages/airflow/example_dags/example_kubernetes_executor.py
[2025-12-05T01:06:38.689+0000] {processor.py:758} INFO - Processing file /home/airflow/.local/lib/python3.7/site-packages/airflow/example_dags/example_kubernetes_executor.py for tasks to queue
[2025-12-05T01:06:38.689+0000] {logging_mixin.py:117} INFO - [2025-12-05T01:06:38.689+0000] {dagbag.py:525} INFO - Filling up the DagBag from /home/airflow/.local/lib/python3.7/site-packages/airflow/example_dags/example_kubernetes_executor.py
[2025-12-05T01:06:38.709+0000] {processor.py:768} INFO - DAG(s) dict_keys(['example_kubernetes_executor']) retrieved from /home/airflow/.local/lib/python3.7/site-packages/airflow/example_dags/example_kubernetes_executor.py
[2025-12-05T01:06:38.735+0000] {logging_mixin.py:117} INFO - [2025-12-05T01:06:38.735+0000] {dag.py:2573} INFO - Sync 1 DAGs
[2025-12-05T01:06:38.751+0000] {logging_mixin.py:117} INFO - [2025-12-05T01:06:38.751+0000] {dag.py:3328} INFO - Setting next_dagrun for example_kubernetes_executor to None, run_after=None
[2025-12-05T01:06:38.776+0000] {processor.py:178} INFO - Processing /home/airflow/.local/lib/python3.7/site-packages/airflow/example_dags/example_kubernetes_executor.py took 0.090 seconds
[2025-12-05T01:07:09.186+0000] {processor.py:156} INFO - Started process (PID=8579) to work on /home/airflow/.local/lib/python3.7/site-packages/airflow/example_dags/example_kubernetes_executor.py
[2025-12-05T01:07:09.187+0000] {processor.py:758} INFO - Processing file /home/airflow/.local/lib/python3.7/site-packages/airflow/example_dags/example_kubernetes_executor.py for tasks to queue
[2025-12-05T01:07:09.188+0000] {logging_mixin.py:117} INFO - [2025-12-05T01:07:09.188+0000] {dagbag.py:525} INFO - Filling up the DagBag from /home/airflow/.local/lib/python3.7/site-packages/airflow/example_dags/example_kubernetes_executor.py
[2025-12-05T01:07:09.203+0000] {processor.py:768} INFO - DAG(s) dict_keys(['example_kubernetes_executor']) retrieved from /home/airflow/.local/lib/python3.7/site-packages/airflow/example_dags/example_kubernetes_executor.py
[2025-12-05T01:07:09.222+0000] {logging_mixin.py:117} INFO - [2025-12-05T01:07:09.222+0000] {dag.py:2573} INFO - Sync 1 DAGs
[2025-12-05T01:07:09.239+0000] {logging_mixin.py:117} INFO - [2025-12-05T01:07:09.239+0000] {dag.py:3328} INFO - Setting next_dagrun for example_kubernetes_executor to None, run_after=None
[2025-12-05T01:07:09.250+0000] {processor.py:178} INFO - Processing /home/airflow/.local/lib/python3.7/site-packages/airflow/example_dags/example_kubernetes_executor.py took 0.065 seconds
[2025-12-05T01:07:40.584+0000] {processor.py:156} INFO - Started process (PID=8780) to work on /home/airflow/.local/lib/python3.7/site-packages/airflow/example_dags/example_kubernetes_executor.py
[2025-12-05T01:07:40.585+0000] {processor.py:758} INFO - Processing file /home/airflow/.local/lib/python3.7/site-packages/airflow/example_dags/example_kubernetes_executor.py for tasks to queue
[2025-12-05T01:07:40.585+0000] {logging_mixin.py:117} INFO - [2025-12-05T01:07:40.585+0000] {dagbag.py:525} INFO - Filling up the DagBag from /home/airflow/.local/lib/python3.7/site-packages/airflow/example_dags/example_kubernetes_executor.py
[2025-12-05T01:07:40.598+0000] {processor.py:768} INFO - DAG(s) dict_keys(['example_kubernetes_executor']) retrieved from /home/airflow/.local/lib/python3.7/site-packages/airflow/example_dags/example_kubernetes_executor.py
[2025-12-05T01:07:40.620+0000] {logging_mixin.py:117} INFO - [2025-12-05T01:07:40.620+0000] {dag.py:2573} INFO - Sync 1 DAGs
[2025-12-05T01:07:40.635+0000] {logging_mixin.py:117} INFO - [2025-12-05T01:07:40.635+0000] {dag.py:3328} INFO - Setting next_dagrun for example_kubernetes_executor to None, run_after=None
[2025-12-05T01:07:40.645+0000] {processor.py:178} INFO - Processing /home/airflow/.local/lib/python3.7/site-packages/airflow/example_dags/example_kubernetes_executor.py took 0.064 seconds
[2025-12-05T01:08:10.870+0000] {processor.py:156} INFO - Started process (PID=8981) to work on /home/airflow/.local/lib/python3.7/site-packages/airflow/example_dags/example_kubernetes_executor.py
[2025-12-05T01:08:10.870+0000] {processor.py:758} INFO - Processing file /home/airflow/.local/lib/python3.7/site-packages/airflow/example_dags/example_kubernetes_executor.py for tasks to queue
[2025-12-05T01:08:10.871+0000] {logging_mixin.py:117} INFO - [2025-12-05T01:08:10.870+0000] {dagbag.py:525} INFO - Filling up the DagBag from /home/airflow/.local/lib/python3.7/site-packages/airflow/example_dags/example_kubernetes_executor.py
[2025-12-05T01:08:10.894+0000] {processor.py:768} INFO - DAG(s) dict_keys(['example_kubernetes_executor']) retrieved from /home/airflow/.local/lib/python3.7/site-packages/airflow/example_dags/example_kubernetes_executor.py
[2025-12-05T01:08:10.929+0000] {logging_mixin.py:117} INFO - [2025-12-05T01:08:10.929+0000] {dag.py:2573} INFO - Sync 1 DAGs
[2025-12-05T01:08:10.943+0000] {logging_mixin.py:117} INFO - [2025-12-05T01:08:10.943+0000] {dag.py:3328} INFO - Setting next_dagrun for example_kubernetes_executor to None, run_after=None
[2025-12-05T01:08:10.955+0000] {processor.py:178} INFO - Processing /home/airflow/.local/lib/python3.7/site-packages/airflow/example_dags/example_kubernetes_executor.py took 0.087 seconds
[2025-12-05T01:08:41.126+0000] {processor.py:156} INFO - Started process (PID=9182) to work on /home/airflow/.local/lib/python3.7/site-packages/airflow/example_dags/example_kubernetes_executor.py
[2025-12-05T01:08:41.126+0000] {processor.py:758} INFO - Processing file /home/airflow/.local/lib/python3.7/site-packages/airflow/example_dags/example_kubernetes_executor.py for tasks to queue
[2025-12-05T01:08:41.126+0000] {logging_mixin.py:117} INFO - [2025-12-05T01:08:41.126+0000] {dagbag.py:525} INFO - Filling up the DagBag from /home/airflow/.local/lib/python3.7/site-packages/airflow/example_dags/example_kubernetes_executor.py
[2025-12-05T01:08:41.142+0000] {processor.py:768} INFO - DAG(s) dict_keys(['example_kubernetes_executor']) retrieved from /home/airflow/.local/lib/python3.7/site-packages/airflow/example_dags/example_kubernetes_executor.py
[2025-12-05T01:08:41.172+0000] {logging_mixin.py:117} INFO - [2025-12-05T01:08:41.172+0000] {dag.py:2573} INFO - Sync 1 DAGs
[2025-12-05T01:08:41.182+0000] {logging_mixin.py:117} INFO - [2025-12-05T01:08:41.182+0000] {dag.py:3328} INFO - Setting next_dagrun for example_kubernetes_executor to None, run_after=None
[2025-12-05T01:08:41.193+0000] {processor.py:178} INFO - Processing /home/airflow/.local/lib/python3.7/site-packages/airflow/example_dags/example_kubernetes_executor.py took 0.069 seconds
[2025-12-05T01:09:11.342+0000] {processor.py:156} INFO - Started process (PID=9385) to work on /home/airflow/.local/lib/python3.7/site-packages/airflow/example_dags/example_kubernetes_executor.py
[2025-12-05T01:09:11.342+0000] {processor.py:758} INFO - Processing file /home/airflow/.local/lib/python3.7/site-packages/airflow/example_dags/example_kubernetes_executor.py for tasks to queue
[2025-12-05T01:09:11.342+0000] {logging_mixin.py:117} INFO - [2025-12-05T01:09:11.342+0000] {dagbag.py:525} INFO - Filling up the DagBag from /home/airflow/.local/lib/python3.7/site-packages/airflow/example_dags/example_kubernetes_executor.py
[2025-12-05T01:09:11.357+0000] {processor.py:768} INFO - DAG(s) dict_keys(['example_kubernetes_executor']) retrieved from /home/airflow/.local/lib/python3.7/site-packages/airflow/example_dags/example_kubernetes_executor.py
[2025-12-05T01:09:11.375+0000] {logging_mixin.py:117} INFO - [2025-12-05T01:09:11.375+0000] {dag.py:2573} INFO - Sync 1 DAGs
[2025-12-05T01:09:11.386+0000] {logging_mixin.py:117} INFO - [2025-12-05T01:09:11.386+0000] {dag.py:3328} INFO - Setting next_dagrun for example_kubernetes_executor to None, run_after=None
[2025-12-05T01:09:11.394+0000] {processor.py:178} INFO - Processing /home/airflow/.local/lib/python3.7/site-packages/airflow/example_dags/example_kubernetes_executor.py took 0.053 seconds
[2025-12-05T01:09:41.534+0000] {processor.py:156} INFO - Started process (PID=9584) to work on /home/airflow/.local/lib/python3.7/site-packages/airflow/example_dags/example_kubernetes_executor.py
[2025-12-05T01:09:41.535+0000] {processor.py:758} INFO - Processing file /home/airflow/.local/lib/python3.7/site-packages/airflow/example_dags/example_kubernetes_executor.py for tasks to queue
[2025-12-05T01:09:41.536+0000] {logging_mixin.py:117} INFO - [2025-12-05T01:09:41.536+0000] {dagbag.py:525} INFO - Filling up the DagBag from /home/airflow/.local/lib/python3.7/site-packages/airflow/example_dags/example_kubernetes_executor.py
[2025-12-05T01:09:41.553+0000] {processor.py:768} INFO - DAG(s) dict_keys(['example_kubernetes_executor']) retrieved from /home/airflow/.local/lib/python3.7/site-packages/airflow/example_dags/example_kubernetes_executor.py
[2025-12-05T01:09:41.572+0000] {logging_mixin.py:117} INFO - [2025-12-05T01:09:41.572+0000] {dag.py:2573} INFO - Sync 1 DAGs
[2025-12-05T01:09:41.589+0000] {logging_mixin.py:117} INFO - [2025-12-05T01:09:41.589+0000] {dag.py:3328} INFO - Setting next_dagrun for example_kubernetes_executor to None, run_after=None
[2025-12-05T01:09:41.601+0000] {processor.py:178} INFO - Processing /home/airflow/.local/lib/python3.7/site-packages/airflow/example_dags/example_kubernetes_executor.py took 0.068 seconds
[2025-12-05T01:10:12.701+0000] {processor.py:156} INFO - Started process (PID=9785) to work on /home/airflow/.local/lib/python3.7/site-packages/airflow/example_dags/example_kubernetes_executor.py
[2025-12-05T01:10:12.703+0000] {processor.py:758} INFO - Processing file /home/airflow/.local/lib/python3.7/site-packages/airflow/example_dags/example_kubernetes_executor.py for tasks to queue
[2025-12-05T01:10:12.704+0000] {logging_mixin.py:117} INFO - [2025-12-05T01:10:12.704+0000] {dagbag.py:525} INFO - Filling up the DagBag from /home/airflow/.local/lib/python3.7/site-packages/airflow/example_dags/example_kubernetes_executor.py
[2025-12-05T01:10:12.719+0000] {processor.py:768} INFO - DAG(s) dict_keys(['example_kubernetes_executor']) retrieved from /home/airflow/.local/lib/python3.7/site-packages/airflow/example_dags/example_kubernetes_executor.py
[2025-12-05T01:10:12.743+0000] {logging_mixin.py:117} INFO - [2025-12-05T01:10:12.743+0000] {dag.py:2573} INFO - Sync 1 DAGs
[2025-12-05T01:10:12.755+0000] {logging_mixin.py:117} INFO - [2025-12-05T01:10:12.755+0000] {dag.py:3328} INFO - Setting next_dagrun for example_kubernetes_executor to None, run_after=None
[2025-12-05T01:10:12.763+0000] {processor.py:178} INFO - Processing /home/airflow/.local/lib/python3.7/site-packages/airflow/example_dags/example_kubernetes_executor.py took 0.064 seconds
[2025-12-05T01:10:43.410+0000] {processor.py:156} INFO - Started process (PID=9986) to work on /home/airflow/.local/lib/python3.7/site-packages/airflow/example_dags/example_kubernetes_executor.py
[2025-12-05T01:10:43.413+0000] {processor.py:758} INFO - Processing file /home/airflow/.local/lib/python3.7/site-packages/airflow/example_dags/example_kubernetes_executor.py for tasks to queue
[2025-12-05T01:10:43.413+0000] {logging_mixin.py:117} INFO - [2025-12-05T01:10:43.413+0000] {dagbag.py:525} INFO - Filling up the DagBag from /home/airflow/.local/lib/python3.7/site-packages/airflow/example_dags/example_kubernetes_executor.py
[2025-12-05T01:10:43.426+0000] {processor.py:768} INFO - DAG(s) dict_keys(['example_kubernetes_executor']) retrieved from /home/airflow/.local/lib/python3.7/site-packages/airflow/example_dags/example_kubernetes_executor.py
[2025-12-05T01:10:43.446+0000] {logging_mixin.py:117} INFO - [2025-12-05T01:10:43.446+0000] {dag.py:2573} INFO - Sync 1 DAGs
[2025-12-05T01:10:43.457+0000] {logging_mixin.py:117} INFO - [2025-12-05T01:10:43.456+0000] {dag.py:3328} INFO - Setting next_dagrun for example_kubernetes_executor to None, run_after=None
[2025-12-05T01:10:43.467+0000] {processor.py:178} INFO - Processing /home/airflow/.local/lib/python3.7/site-packages/airflow/example_dags/example_kubernetes_executor.py took 0.058 seconds
[2025-12-05T01:11:14.347+0000] {processor.py:156} INFO - Started process (PID=10187) to work on /home/airflow/.local/lib/python3.7/site-packages/airflow/example_dags/example_kubernetes_executor.py
[2025-12-05T01:11:14.347+0000] {processor.py:758} INFO - Processing file /home/airflow/.local/lib/python3.7/site-packages/airflow/example_dags/example_kubernetes_executor.py for tasks to queue
[2025-12-05T01:11:14.348+0000] {logging_mixin.py:117} INFO - [2025-12-05T01:11:14.348+0000] {dagbag.py:525} INFO - Filling up the DagBag from /home/airflow/.local/lib/python3.7/site-packages/airflow/example_dags/example_kubernetes_executor.py
[2025-12-05T01:11:14.364+0000] {processor.py:768} INFO - DAG(s) dict_keys(['example_kubernetes_executor']) retrieved from /home/airflow/.local/lib/python3.7/site-packages/airflow/example_dags/example_kubernetes_executor.py
[2025-12-05T01:11:14.384+0000] {logging_mixin.py:117} INFO - [2025-12-05T01:11:14.384+0000] {dag.py:2573} INFO - Sync 1 DAGs
[2025-12-05T01:11:14.398+0000] {logging_mixin.py:117} INFO - [2025-12-05T01:11:14.398+0000] {dag.py:3328} INFO - Setting next_dagrun for example_kubernetes_executor to None, run_after=None
[2025-12-05T01:11:14.406+0000] {processor.py:178} INFO - Processing /home/airflow/.local/lib/python3.7/site-packages/airflow/example_dags/example_kubernetes_executor.py took 0.061 seconds
[2025-12-05T01:11:45.213+0000] {processor.py:156} INFO - Started process (PID=10387) to work on /home/airflow/.local/lib/python3.7/site-packages/airflow/example_dags/example_kubernetes_executor.py
[2025-12-05T01:11:45.214+0000] {processor.py:758} INFO - Processing file /home/airflow/.local/lib/python3.7/site-packages/airflow/example_dags/example_kubernetes_executor.py for tasks to queue
[2025-12-05T01:11:45.215+0000] {logging_mixin.py:117} INFO - [2025-12-05T01:11:45.215+0000] {dagbag.py:525} INFO - Filling up the DagBag from /home/airflow/.local/lib/python3.7/site-packages/airflow/example_dags/example_kubernetes_executor.py
[2025-12-05T01:11:45.234+0000] {processor.py:768} INFO - DAG(s) dict_keys(['example_kubernetes_executor']) retrieved from /home/airflow/.local/lib/python3.7/site-packages/airflow/example_dags/example_kubernetes_executor.py
[2025-12-05T01:11:45.274+0000] {logging_mixin.py:117} INFO - [2025-12-05T01:11:45.274+0000] {dag.py:2573} INFO - Sync 1 DAGs
[2025-12-05T01:11:45.288+0000] {logging_mixin.py:117} INFO - [2025-12-05T01:11:45.288+0000] {dag.py:3328} INFO - Setting next_dagrun for example_kubernetes_executor to None, run_after=None
[2025-12-05T01:11:45.298+0000] {processor.py:178} INFO - Processing /home/airflow/.local/lib/python3.7/site-packages/airflow/example_dags/example_kubernetes_executor.py took 0.088 seconds
[2025-12-05T01:12:15.621+0000] {processor.py:156} INFO - Started process (PID=10589) to work on /home/airflow/.local/lib/python3.7/site-packages/airflow/example_dags/example_kubernetes_executor.py
[2025-12-05T01:12:15.622+0000] {processor.py:758} INFO - Processing file /home/airflow/.local/lib/python3.7/site-packages/airflow/example_dags/example_kubernetes_executor.py for tasks to queue
[2025-12-05T01:12:15.622+0000] {logging_mixin.py:117} INFO - [2025-12-05T01:12:15.622+0000] {dagbag.py:525} INFO - Filling up the DagBag from /home/airflow/.local/lib/python3.7/site-packages/airflow/example_dags/example_kubernetes_executor.py
[2025-12-05T01:12:15.636+0000] {processor.py:768} INFO - DAG(s) dict_keys(['example_kubernetes_executor']) retrieved from /home/airflow/.local/lib/python3.7/site-packages/airflow/example_dags/example_kubernetes_executor.py
[2025-12-05T01:12:15.659+0000] {logging_mixin.py:117} INFO - [2025-12-05T01:12:15.658+0000] {dag.py:2573} INFO - Sync 1 DAGs
[2025-12-05T01:12:15.670+0000] {logging_mixin.py:117} INFO - [2025-12-05T01:12:15.670+0000] {dag.py:3328} INFO - Setting next_dagrun for example_kubernetes_executor to None, run_after=None
[2025-12-05T01:12:15.683+0000] {processor.py:178} INFO - Processing /home/airflow/.local/lib/python3.7/site-packages/airflow/example_dags/example_kubernetes_executor.py took 0.064 seconds
[2025-12-05T01:12:46.671+0000] {processor.py:156} INFO - Started process (PID=10790) to work on /home/airflow/.local/lib/python3.7/site-packages/airflow/example_dags/example_kubernetes_executor.py
[2025-12-05T01:12:46.672+0000] {processor.py:758} INFO - Processing file /home/airflow/.local/lib/python3.7/site-packages/airflow/example_dags/example_kubernetes_executor.py for tasks to queue
[2025-12-05T01:12:46.672+0000] {logging_mixin.py:117} INFO - [2025-12-05T01:12:46.672+0000] {dagbag.py:525} INFO - Filling up the DagBag from /home/airflow/.local/lib/python3.7/site-packages/airflow/example_dags/example_kubernetes_executor.py
[2025-12-05T01:12:46.685+0000] {processor.py:768} INFO - DAG(s) dict_keys(['example_kubernetes_executor']) retrieved from /home/airflow/.local/lib/python3.7/site-packages/airflow/example_dags/example_kubernetes_executor.py
[2025-12-05T01:12:46.696+0000] {logging_mixin.py:117} INFO - [2025-12-05T01:12:46.696+0000] {dag.py:2573} INFO - Sync 1 DAGs
[2025-12-05T01:12:46.706+0000] {logging_mixin.py:117} INFO - [2025-12-05T01:12:46.706+0000] {dag.py:3328} INFO - Setting next_dagrun for example_kubernetes_executor to None, run_after=None
[2025-12-05T01:12:46.713+0000] {processor.py:178} INFO - Processing /home/airflow/.local/lib/python3.7/site-packages/airflow/example_dags/example_kubernetes_executor.py took 0.044 seconds
[2025-12-05T01:13:17.993+0000] {processor.py:156} INFO - Started process (PID=10989) to work on /home/airflow/.local/lib/python3.7/site-packages/airflow/example_dags/example_kubernetes_executor.py
[2025-12-05T01:13:17.994+0000] {processor.py:758} INFO - Processing file /home/airflow/.local/lib/python3.7/site-packages/airflow/example_dags/example_kubernetes_executor.py for tasks to queue
[2025-12-05T01:13:17.994+0000] {logging_mixin.py:117} INFO - [2025-12-05T01:13:17.994+0000] {dagbag.py:525} INFO - Filling up the DagBag from /home/airflow/.local/lib/python3.7/site-packages/airflow/example_dags/example_kubernetes_executor.py
[2025-12-05T01:13:18.012+0000] {processor.py:768} INFO - DAG(s) dict_keys(['example_kubernetes_executor']) retrieved from /home/airflow/.local/lib/python3.7/site-packages/airflow/example_dags/example_kubernetes_executor.py
[2025-12-05T01:13:18.044+0000] {logging_mixin.py:117} INFO - [2025-12-05T01:13:18.044+0000] {dag.py:2573} INFO - Sync 1 DAGs
[2025-12-05T01:13:18.061+0000] {logging_mixin.py:117} INFO - [2025-12-05T01:13:18.061+0000] {dag.py:3328} INFO - Setting next_dagrun for example_kubernetes_executor to None, run_after=None
[2025-12-05T01:13:18.082+0000] {processor.py:178} INFO - Processing /home/airflow/.local/lib/python3.7/site-packages/airflow/example_dags/example_kubernetes_executor.py took 0.091 seconds
[2025-12-05T01:13:48.674+0000] {processor.py:156} INFO - Started process (PID=11190) to work on /home/airflow/.local/lib/python3.7/site-packages/airflow/example_dags/example_kubernetes_executor.py
[2025-12-05T01:13:48.677+0000] {processor.py:758} INFO - Processing file /home/airflow/.local/lib/python3.7/site-packages/airflow/example_dags/example_kubernetes_executor.py for tasks to queue
[2025-12-05T01:13:48.678+0000] {logging_mixin.py:117} INFO - [2025-12-05T01:13:48.678+0000] {dagbag.py:525} INFO - Filling up the DagBag from /home/airflow/.local/lib/python3.7/site-packages/airflow/example_dags/example_kubernetes_executor.py
[2025-12-05T01:13:48.697+0000] {processor.py:768} INFO - DAG(s) dict_keys(['example_kubernetes_executor']) retrieved from /home/airflow/.local/lib/python3.7/site-packages/airflow/example_dags/example_kubernetes_executor.py
[2025-12-05T01:13:48.736+0000] {logging_mixin.py:117} INFO - [2025-12-05T01:13:48.736+0000] {dag.py:2573} INFO - Sync 1 DAGs
[2025-12-05T01:13:48.775+0000] {logging_mixin.py:117} INFO - [2025-12-05T01:13:48.774+0000] {dag.py:3328} INFO - Setting next_dagrun for example_kubernetes_executor to None, run_after=None
[2025-12-05T01:13:48.821+0000] {processor.py:178} INFO - Processing /home/airflow/.local/lib/python3.7/site-packages/airflow/example_dags/example_kubernetes_executor.py took 0.152 seconds
[2025-12-05T01:14:18.966+0000] {processor.py:156} INFO - Started process (PID=11393) to work on /home/airflow/.local/lib/python3.7/site-packages/airflow/example_dags/example_kubernetes_executor.py
[2025-12-05T01:14:18.967+0000] {processor.py:758} INFO - Processing file /home/airflow/.local/lib/python3.7/site-packages/airflow/example_dags/example_kubernetes_executor.py for tasks to queue
[2025-12-05T01:14:18.967+0000] {logging_mixin.py:117} INFO - [2025-12-05T01:14:18.967+0000] {dagbag.py:525} INFO - Filling up the DagBag from /home/airflow/.local/lib/python3.7/site-packages/airflow/example_dags/example_kubernetes_executor.py
[2025-12-05T01:14:18.982+0000] {processor.py:768} INFO - DAG(s) dict_keys(['example_kubernetes_executor']) retrieved from /home/airflow/.local/lib/python3.7/site-packages/airflow/example_dags/example_kubernetes_executor.py
[2025-12-05T01:14:19.009+0000] {logging_mixin.py:117} INFO - [2025-12-05T01:14:19.009+0000] {dag.py:2573} INFO - Sync 1 DAGs
[2025-12-05T01:14:19.020+0000] {logging_mixin.py:117} INFO - [2025-12-05T01:14:19.020+0000] {dag.py:3328} INFO - Setting next_dagrun for example_kubernetes_executor to None, run_after=None
[2025-12-05T01:14:19.031+0000] {processor.py:178} INFO - Processing /home/airflow/.local/lib/python3.7/site-packages/airflow/example_dags/example_kubernetes_executor.py took 0.066 seconds
[2025-12-05T01:14:49.220+0000] {processor.py:156} INFO - Started process (PID=11592) to work on /home/airflow/.local/lib/python3.7/site-packages/airflow/example_dags/example_kubernetes_executor.py
[2025-12-05T01:14:49.221+0000] {processor.py:758} INFO - Processing file /home/airflow/.local/lib/python3.7/site-packages/airflow/example_dags/example_kubernetes_executor.py for tasks to queue
[2025-12-05T01:14:49.221+0000] {logging_mixin.py:117} INFO - [2025-12-05T01:14:49.221+0000] {dagbag.py:525} INFO - Filling up the DagBag from /home/airflow/.local/lib/python3.7/site-packages/airflow/example_dags/example_kubernetes_executor.py
[2025-12-05T01:14:49.236+0000] {processor.py:768} INFO - DAG(s) dict_keys(['example_kubernetes_executor']) retrieved from /home/airflow/.local/lib/python3.7/site-packages/airflow/example_dags/example_kubernetes_executor.py
[2025-12-05T01:14:49.261+0000] {logging_mixin.py:117} INFO - [2025-12-05T01:14:49.261+0000] {dag.py:2573} INFO - Sync 1 DAGs
[2025-12-05T01:14:49.273+0000] {logging_mixin.py:117} INFO - [2025-12-05T01:14:49.273+0000] {dag.py:3328} INFO - Setting next_dagrun for example_kubernetes_executor to None, run_after=None
[2025-12-05T01:14:49.285+0000] {processor.py:178} INFO - Processing /home/airflow/.local/lib/python3.7/site-packages/airflow/example_dags/example_kubernetes_executor.py took 0.066 seconds
[2025-12-05T01:15:19.581+0000] {processor.py:156} INFO - Started process (PID=11795) to work on /home/airflow/.local/lib/python3.7/site-packages/airflow/example_dags/example_kubernetes_executor.py
[2025-12-05T01:15:19.582+0000] {processor.py:758} INFO - Processing file /home/airflow/.local/lib/python3.7/site-packages/airflow/example_dags/example_kubernetes_executor.py for tasks to queue
[2025-12-05T01:15:19.582+0000] {logging_mixin.py:117} INFO - [2025-12-05T01:15:19.582+0000] {dagbag.py:525} INFO - Filling up the DagBag from /home/airflow/.local/lib/python3.7/site-packages/airflow/example_dags/example_kubernetes_executor.py
[2025-12-05T01:15:19.597+0000] {processor.py:768} INFO - DAG(s) dict_keys(['example_kubernetes_executor']) retrieved from /home/airflow/.local/lib/python3.7/site-packages/airflow/example_dags/example_kubernetes_executor.py
[2025-12-05T01:15:19.623+0000] {logging_mixin.py:117} INFO - [2025-12-05T01:15:19.623+0000] {dag.py:2573} INFO - Sync 1 DAGs
[2025-12-05T01:15:19.636+0000] {logging_mixin.py:117} INFO - [2025-12-05T01:15:19.636+0000] {dag.py:3328} INFO - Setting next_dagrun for example_kubernetes_executor to None, run_after=None
[2025-12-05T01:15:19.647+0000] {processor.py:178} INFO - Processing /home/airflow/.local/lib/python3.7/site-packages/airflow/example_dags/example_kubernetes_executor.py took 0.067 seconds
[2025-12-05T01:15:49.907+0000] {processor.py:156} INFO - Started process (PID=11995) to work on /home/airflow/.local/lib/python3.7/site-packages/airflow/example_dags/example_kubernetes_executor.py
[2025-12-05T01:15:49.908+0000] {processor.py:758} INFO - Processing file /home/airflow/.local/lib/python3.7/site-packages/airflow/example_dags/example_kubernetes_executor.py for tasks to queue
[2025-12-05T01:15:49.909+0000] {logging_mixin.py:117} INFO - [2025-12-05T01:15:49.909+0000] {dagbag.py:525} INFO - Filling up the DagBag from /home/airflow/.local/lib/python3.7/site-packages/airflow/example_dags/example_kubernetes_executor.py
[2025-12-05T01:15:49.925+0000] {processor.py:768} INFO - DAG(s) dict_keys(['example_kubernetes_executor']) retrieved from /home/airflow/.local/lib/python3.7/site-packages/airflow/example_dags/example_kubernetes_executor.py
[2025-12-05T01:15:49.951+0000] {logging_mixin.py:117} INFO - [2025-12-05T01:15:49.951+0000] {dag.py:2573} INFO - Sync 1 DAGs
[2025-12-05T01:15:49.967+0000] {logging_mixin.py:117} INFO - [2025-12-05T01:15:49.967+0000] {dag.py:3328} INFO - Setting next_dagrun for example_kubernetes_executor to None, run_after=None
[2025-12-05T01:15:49.978+0000] {processor.py:178} INFO - Processing /home/airflow/.local/lib/python3.7/site-packages/airflow/example_dags/example_kubernetes_executor.py took 0.073 seconds
[2025-12-05T01:16:20.916+0000] {processor.py:156} INFO - Started process (PID=12201) to work on /home/airflow/.local/lib/python3.7/site-packages/airflow/example_dags/example_kubernetes_executor.py
[2025-12-05T01:16:20.919+0000] {processor.py:758} INFO - Processing file /home/airflow/.local/lib/python3.7/site-packages/airflow/example_dags/example_kubernetes_executor.py for tasks to queue
[2025-12-05T01:16:20.919+0000] {logging_mixin.py:117} INFO - [2025-12-05T01:16:20.919+0000] {dagbag.py:525} INFO - Filling up the DagBag from /home/airflow/.local/lib/python3.7/site-packages/airflow/example_dags/example_kubernetes_executor.py
[2025-12-05T01:16:20.936+0000] {processor.py:768} INFO - DAG(s) dict_keys(['example_kubernetes_executor']) retrieved from /home/airflow/.local/lib/python3.7/site-packages/airflow/example_dags/example_kubernetes_executor.py
[2025-12-05T01:16:20.959+0000] {logging_mixin.py:117} INFO - [2025-12-05T01:16:20.959+0000] {dag.py:2573} INFO - Sync 1 DAGs
[2025-12-05T01:16:20.970+0000] {logging_mixin.py:117} INFO - [2025-12-05T01:16:20.970+0000] {dag.py:3328} INFO - Setting next_dagrun for example_kubernetes_executor to None, run_after=None
[2025-12-05T01:16:20.977+0000] {processor.py:178} INFO - Processing /home/airflow/.local/lib/python3.7/site-packages/airflow/example_dags/example_kubernetes_executor.py took 0.063 seconds
[2025-12-05T01:16:51.309+0000] {processor.py:156} INFO - Started process (PID=12412) to work on /home/airflow/.local/lib/python3.7/site-packages/airflow/example_dags/example_kubernetes_executor.py
[2025-12-05T01:16:51.313+0000] {processor.py:758} INFO - Processing file /home/airflow/.local/lib/python3.7/site-packages/airflow/example_dags/example_kubernetes_executor.py for tasks to queue
[2025-12-05T01:16:51.313+0000] {logging_mixin.py:117} INFO - [2025-12-05T01:16:51.313+0000] {dagbag.py:525} INFO - Filling up the DagBag from /home/airflow/.local/lib/python3.7/site-packages/airflow/example_dags/example_kubernetes_executor.py
[2025-12-05T01:16:51.329+0000] {processor.py:768} INFO - DAG(s) dict_keys(['example_kubernetes_executor']) retrieved from /home/airflow/.local/lib/python3.7/site-packages/airflow/example_dags/example_kubernetes_executor.py
[2025-12-05T01:16:51.348+0000] {logging_mixin.py:117} INFO - [2025-12-05T01:16:51.348+0000] {dag.py:2573} INFO - Sync 1 DAGs
[2025-12-05T01:16:51.361+0000] {logging_mixin.py:117} INFO - [2025-12-05T01:16:51.361+0000] {dag.py:3328} INFO - Setting next_dagrun for example_kubernetes_executor to None, run_after=None
[2025-12-05T01:16:51.373+0000] {processor.py:178} INFO - Processing /home/airflow/.local/lib/python3.7/site-packages/airflow/example_dags/example_kubernetes_executor.py took 0.065 seconds
[2025-12-05T01:17:21.998+0000] {processor.py:156} INFO - Started process (PID=12620) to work on /home/airflow/.local/lib/python3.7/site-packages/airflow/example_dags/example_kubernetes_executor.py
[2025-12-05T01:17:21.998+0000] {processor.py:758} INFO - Processing file /home/airflow/.local/lib/python3.7/site-packages/airflow/example_dags/example_kubernetes_executor.py for tasks to queue
[2025-12-05T01:17:21.999+0000] {logging_mixin.py:117} INFO - [2025-12-05T01:17:21.999+0000] {dagbag.py:525} INFO - Filling up the DagBag from /home/airflow/.local/lib/python3.7/site-packages/airflow/example_dags/example_kubernetes_executor.py
[2025-12-05T01:17:22.017+0000] {processor.py:768} INFO - DAG(s) dict_keys(['example_kubernetes_executor']) retrieved from /home/airflow/.local/lib/python3.7/site-packages/airflow/example_dags/example_kubernetes_executor.py
[2025-12-05T01:17:22.039+0000] {logging_mixin.py:117} INFO - [2025-12-05T01:17:22.039+0000] {dag.py:2573} INFO - Sync 1 DAGs
[2025-12-05T01:17:22.052+0000] {logging_mixin.py:117} INFO - [2025-12-05T01:17:22.052+0000] {dag.py:3328} INFO - Setting next_dagrun for example_kubernetes_executor to None, run_after=None
[2025-12-05T01:17:22.061+0000] {processor.py:178} INFO - Processing /home/airflow/.local/lib/python3.7/site-packages/airflow/example_dags/example_kubernetes_executor.py took 0.066 seconds
[2025-12-05T01:17:52.145+0000] {processor.py:156} INFO - Started process (PID=12828) to work on /home/airflow/.local/lib/python3.7/site-packages/airflow/example_dags/example_kubernetes_executor.py
[2025-12-05T01:17:52.145+0000] {processor.py:758} INFO - Processing file /home/airflow/.local/lib/python3.7/site-packages/airflow/example_dags/example_kubernetes_executor.py for tasks to queue
[2025-12-05T01:17:52.145+0000] {logging_mixin.py:117} INFO - [2025-12-05T01:17:52.145+0000] {dagbag.py:525} INFO - Filling up the DagBag from /home/airflow/.local/lib/python3.7/site-packages/airflow/example_dags/example_kubernetes_executor.py
[2025-12-05T01:17:52.160+0000] {processor.py:768} INFO - DAG(s) dict_keys(['example_kubernetes_executor']) retrieved from /home/airflow/.local/lib/python3.7/site-packages/airflow/example_dags/example_kubernetes_executor.py
[2025-12-05T01:17:52.180+0000] {logging_mixin.py:117} INFO - [2025-12-05T01:17:52.180+0000] {dag.py:2573} INFO - Sync 1 DAGs
[2025-12-05T01:17:52.193+0000] {logging_mixin.py:117} INFO - [2025-12-05T01:17:52.193+0000] {dag.py:3328} INFO - Setting next_dagrun for example_kubernetes_executor to None, run_after=None
[2025-12-05T01:17:52.201+0000] {processor.py:178} INFO - Processing /home/airflow/.local/lib/python3.7/site-packages/airflow/example_dags/example_kubernetes_executor.py took 0.058 seconds
[2025-12-05T01:18:22.627+0000] {processor.py:156} INFO - Started process (PID=13034) to work on /home/airflow/.local/lib/python3.7/site-packages/airflow/example_dags/example_kubernetes_executor.py
[2025-12-05T01:18:22.629+0000] {processor.py:758} INFO - Processing file /home/airflow/.local/lib/python3.7/site-packages/airflow/example_dags/example_kubernetes_executor.py for tasks to queue
[2025-12-05T01:18:22.629+0000] {logging_mixin.py:117} INFO - [2025-12-05T01:18:22.629+0000] {dagbag.py:525} INFO - Filling up the DagBag from /home/airflow/.local/lib/python3.7/site-packages/airflow/example_dags/example_kubernetes_executor.py
[2025-12-05T01:18:22.644+0000] {processor.py:768} INFO - DAG(s) dict_keys(['example_kubernetes_executor']) retrieved from /home/airflow/.local/lib/python3.7/site-packages/airflow/example_dags/example_kubernetes_executor.py
[2025-12-05T01:18:22.666+0000] {logging_mixin.py:117} INFO - [2025-12-05T01:18:22.666+0000] {dag.py:2573} INFO - Sync 1 DAGs
[2025-12-05T01:18:22.677+0000] {logging_mixin.py:117} INFO - [2025-12-05T01:18:22.677+0000] {dag.py:3328} INFO - Setting next_dagrun for example_kubernetes_executor to None, run_after=None
[2025-12-05T01:18:22.686+0000] {processor.py:178} INFO - Processing /home/airflow/.local/lib/python3.7/site-packages/airflow/example_dags/example_kubernetes_executor.py took 0.060 seconds
[2025-12-05T01:18:53.694+0000] {processor.py:156} INFO - Started process (PID=13240) to work on /home/airflow/.local/lib/python3.7/site-packages/airflow/example_dags/example_kubernetes_executor.py
[2025-12-05T01:18:53.695+0000] {processor.py:758} INFO - Processing file /home/airflow/.local/lib/python3.7/site-packages/airflow/example_dags/example_kubernetes_executor.py for tasks to queue
[2025-12-05T01:18:53.695+0000] {logging_mixin.py:117} INFO - [2025-12-05T01:18:53.695+0000] {dagbag.py:525} INFO - Filling up the DagBag from /home/airflow/.local/lib/python3.7/site-packages/airflow/example_dags/example_kubernetes_executor.py
[2025-12-05T01:18:53.711+0000] {processor.py:768} INFO - DAG(s) dict_keys(['example_kubernetes_executor']) retrieved from /home/airflow/.local/lib/python3.7/site-packages/airflow/example_dags/example_kubernetes_executor.py
[2025-12-05T01:18:53.732+0000] {logging_mixin.py:117} INFO - [2025-12-05T01:18:53.732+0000] {dag.py:2573} INFO - Sync 1 DAGs
[2025-12-05T01:18:53.744+0000] {logging_mixin.py:117} INFO - [2025-12-05T01:18:53.744+0000] {dag.py:3328} INFO - Setting next_dagrun for example_kubernetes_executor to None, run_after=None
[2025-12-05T01:18:53.754+0000] {processor.py:178} INFO - Processing /home/airflow/.local/lib/python3.7/site-packages/airflow/example_dags/example_kubernetes_executor.py took 0.061 seconds
[2025-12-05T01:19:24.464+0000] {processor.py:156} INFO - Started process (PID=13446) to work on /home/airflow/.local/lib/python3.7/site-packages/airflow/example_dags/example_kubernetes_executor.py
[2025-12-05T01:19:24.465+0000] {processor.py:758} INFO - Processing file /home/airflow/.local/lib/python3.7/site-packages/airflow/example_dags/example_kubernetes_executor.py for tasks to queue
[2025-12-05T01:19:24.465+0000] {logging_mixin.py:117} INFO - [2025-12-05T01:19:24.465+0000] {dagbag.py:525} INFO - Filling up the DagBag from /home/airflow/.local/lib/python3.7/site-packages/airflow/example_dags/example_kubernetes_executor.py
[2025-12-05T01:19:24.478+0000] {processor.py:768} INFO - DAG(s) dict_keys(['example_kubernetes_executor']) retrieved from /home/airflow/.local/lib/python3.7/site-packages/airflow/example_dags/example_kubernetes_executor.py
[2025-12-05T01:19:24.495+0000] {logging_mixin.py:117} INFO - [2025-12-05T01:19:24.495+0000] {dag.py:2573} INFO - Sync 1 DAGs
[2025-12-05T01:19:24.507+0000] {logging_mixin.py:117} INFO - [2025-12-05T01:19:24.507+0000] {dag.py:3328} INFO - Setting next_dagrun for example_kubernetes_executor to None, run_after=None
[2025-12-05T01:19:24.517+0000] {processor.py:178} INFO - Processing /home/airflow/.local/lib/python3.7/site-packages/airflow/example_dags/example_kubernetes_executor.py took 0.054 seconds
[2025-12-05T01:19:55.433+0000] {processor.py:156} INFO - Started process (PID=13659) to work on /home/airflow/.local/lib/python3.7/site-packages/airflow/example_dags/example_kubernetes_executor.py
[2025-12-05T01:19:55.433+0000] {processor.py:758} INFO - Processing file /home/airflow/.local/lib/python3.7/site-packages/airflow/example_dags/example_kubernetes_executor.py for tasks to queue
[2025-12-05T01:19:55.434+0000] {logging_mixin.py:117} INFO - [2025-12-05T01:19:55.434+0000] {dagbag.py:525} INFO - Filling up the DagBag from /home/airflow/.local/lib/python3.7/site-packages/airflow/example_dags/example_kubernetes_executor.py
[2025-12-05T01:19:55.448+0000] {processor.py:768} INFO - DAG(s) dict_keys(['example_kubernetes_executor']) retrieved from /home/airflow/.local/lib/python3.7/site-packages/airflow/example_dags/example_kubernetes_executor.py
[2025-12-05T01:19:55.467+0000] {logging_mixin.py:117} INFO - [2025-12-05T01:19:55.467+0000] {dag.py:2573} INFO - Sync 1 DAGs
[2025-12-05T01:19:55.478+0000] {logging_mixin.py:117} INFO - [2025-12-05T01:19:55.478+0000] {dag.py:3328} INFO - Setting next_dagrun for example_kubernetes_executor to None, run_after=None
[2025-12-05T01:19:55.486+0000] {processor.py:178} INFO - Processing /home/airflow/.local/lib/python3.7/site-packages/airflow/example_dags/example_kubernetes_executor.py took 0.054 seconds
[2025-12-05T01:20:26.316+0000] {processor.py:156} INFO - Started process (PID=13865) to work on /home/airflow/.local/lib/python3.7/site-packages/airflow/example_dags/example_kubernetes_executor.py
[2025-12-05T01:20:26.320+0000] {processor.py:758} INFO - Processing file /home/airflow/.local/lib/python3.7/site-packages/airflow/example_dags/example_kubernetes_executor.py for tasks to queue
[2025-12-05T01:20:26.320+0000] {logging_mixin.py:117} INFO - [2025-12-05T01:20:26.320+0000] {dagbag.py:525} INFO - Filling up the DagBag from /home/airflow/.local/lib/python3.7/site-packages/airflow/example_dags/example_kubernetes_executor.py
[2025-12-05T01:20:26.335+0000] {processor.py:768} INFO - DAG(s) dict_keys(['example_kubernetes_executor']) retrieved from /home/airflow/.local/lib/python3.7/site-packages/airflow/example_dags/example_kubernetes_executor.py
[2025-12-05T01:20:26.355+0000] {logging_mixin.py:117} INFO - [2025-12-05T01:20:26.355+0000] {dag.py:2573} INFO - Sync 1 DAGs
[2025-12-05T01:20:26.366+0000] {logging_mixin.py:117} INFO - [2025-12-05T01:20:26.366+0000] {dag.py:3328} INFO - Setting next_dagrun for example_kubernetes_executor to None, run_after=None
[2025-12-05T01:20:26.374+0000] {processor.py:178} INFO - Processing /home/airflow/.local/lib/python3.7/site-packages/airflow/example_dags/example_kubernetes_executor.py took 0.059 seconds
[2025-12-05T01:20:57.381+0000] {processor.py:156} INFO - Started process (PID=14071) to work on /home/airflow/.local/lib/python3.7/site-packages/airflow/example_dags/example_kubernetes_executor.py
[2025-12-05T01:20:57.381+0000] {processor.py:758} INFO - Processing file /home/airflow/.local/lib/python3.7/site-packages/airflow/example_dags/example_kubernetes_executor.py for tasks to queue
[2025-12-05T01:20:57.382+0000] {logging_mixin.py:117} INFO - [2025-12-05T01:20:57.382+0000] {dagbag.py:525} INFO - Filling up the DagBag from /home/airflow/.local/lib/python3.7/site-packages/airflow/example_dags/example_kubernetes_executor.py
[2025-12-05T01:20:57.398+0000] {processor.py:768} INFO - DAG(s) dict_keys(['example_kubernetes_executor']) retrieved from /home/airflow/.local/lib/python3.7/site-packages/airflow/example_dags/example_kubernetes_executor.py
[2025-12-05T01:20:57.422+0000] {logging_mixin.py:117} INFO - [2025-12-05T01:20:57.422+0000] {dag.py:2573} INFO - Sync 1 DAGs
[2025-12-05T01:20:57.434+0000] {logging_mixin.py:117} INFO - [2025-12-05T01:20:57.434+0000] {dag.py:3328} INFO - Setting next_dagrun for example_kubernetes_executor to None, run_after=None
[2025-12-05T01:20:57.443+0000] {processor.py:178} INFO - Processing /home/airflow/.local/lib/python3.7/site-packages/airflow/example_dags/example_kubernetes_executor.py took 0.064 seconds
