[2025-12-05T00:46:04.563+0000] {processor.py:156} INFO - Started process (PID=237) to work on /home/airflow/.local/lib/python3.7/site-packages/airflow/example_dags/example_latest_only_with_trigger.py
[2025-12-05T00:46:04.564+0000] {processor.py:758} INFO - Processing file /home/airflow/.local/lib/python3.7/site-packages/airflow/example_dags/example_latest_only_with_trigger.py for tasks to queue
[2025-12-05T00:46:04.565+0000] {logging_mixin.py:117} INFO - [2025-12-05T00:46:04.565+0000] {dagbag.py:525} INFO - Filling up the DagBag from /home/airflow/.local/lib/python3.7/site-packages/airflow/example_dags/example_latest_only_with_trigger.py
[2025-12-05T00:46:04.575+0000] {processor.py:768} INFO - DAG(s) dict_keys(['latest_only_with_trigger']) retrieved from /home/airflow/.local/lib/python3.7/site-packages/airflow/example_dags/example_latest_only_with_trigger.py
[2025-12-05T00:46:04.637+0000] {logging_mixin.py:117} INFO - [2025-12-05T00:46:04.637+0000] {manager.py:508} INFO - Created Permission View: can read on DAG:latest_only_with_trigger
[2025-12-05T00:46:04.642+0000] {logging_mixin.py:117} INFO - [2025-12-05T00:46:04.642+0000] {manager.py:508} INFO - Created Permission View: can delete on DAG:latest_only_with_trigger
[2025-12-05T00:46:04.645+0000] {logging_mixin.py:117} INFO - [2025-12-05T00:46:04.645+0000] {manager.py:508} INFO - Created Permission View: can edit on DAG:latest_only_with_trigger
[2025-12-05T00:46:04.645+0000] {logging_mixin.py:117} INFO - [2025-12-05T00:46:04.645+0000] {dag.py:2573} INFO - Sync 1 DAGs
[2025-12-05T00:46:04.746+0000] {logging_mixin.py:117} INFO - [2025-12-05T00:46:04.746+0000] {dag.py:2594} INFO - Creating ORM DAG for latest_only_with_trigger
[2025-12-05T00:46:04.753+0000] {logging_mixin.py:117} INFO - [2025-12-05T00:46:04.753+0000] {dag.py:3328} INFO - Setting next_dagrun for latest_only_with_trigger to 2025-12-04T20:46:04.752988+00:00, run_after=2025-12-05T00:46:04.752988+00:00
[2025-12-05T00:46:04.765+0000] {processor.py:178} INFO - Processing /home/airflow/.local/lib/python3.7/site-packages/airflow/example_dags/example_latest_only_with_trigger.py took 0.204 seconds
[2025-12-05T00:46:35.515+0000] {processor.py:156} INFO - Started process (PID=438) to work on /home/airflow/.local/lib/python3.7/site-packages/airflow/example_dags/example_latest_only_with_trigger.py
[2025-12-05T00:46:35.516+0000] {processor.py:758} INFO - Processing file /home/airflow/.local/lib/python3.7/site-packages/airflow/example_dags/example_latest_only_with_trigger.py for tasks to queue
[2025-12-05T00:46:35.517+0000] {logging_mixin.py:117} INFO - [2025-12-05T00:46:35.517+0000] {dagbag.py:525} INFO - Filling up the DagBag from /home/airflow/.local/lib/python3.7/site-packages/airflow/example_dags/example_latest_only_with_trigger.py
[2025-12-05T00:46:35.524+0000] {processor.py:768} INFO - DAG(s) dict_keys(['latest_only_with_trigger']) retrieved from /home/airflow/.local/lib/python3.7/site-packages/airflow/example_dags/example_latest_only_with_trigger.py
[2025-12-05T00:46:35.549+0000] {logging_mixin.py:117} INFO - [2025-12-05T00:46:35.549+0000] {dag.py:2573} INFO - Sync 1 DAGs
[2025-12-05T00:46:35.560+0000] {logging_mixin.py:117} INFO - [2025-12-05T00:46:35.560+0000] {dag.py:3328} INFO - Setting next_dagrun for latest_only_with_trigger to 2025-12-04T20:46:35.560391+00:00, run_after=2025-12-05T00:46:35.560391+00:00
[2025-12-05T00:46:35.573+0000] {processor.py:178} INFO - Processing /home/airflow/.local/lib/python3.7/site-packages/airflow/example_dags/example_latest_only_with_trigger.py took 0.060 seconds
[2025-12-05T00:47:06.542+0000] {processor.py:156} INFO - Started process (PID=640) to work on /home/airflow/.local/lib/python3.7/site-packages/airflow/example_dags/example_latest_only_with_trigger.py
[2025-12-05T00:47:06.544+0000] {processor.py:758} INFO - Processing file /home/airflow/.local/lib/python3.7/site-packages/airflow/example_dags/example_latest_only_with_trigger.py for tasks to queue
[2025-12-05T00:47:06.545+0000] {logging_mixin.py:117} INFO - [2025-12-05T00:47:06.545+0000] {dagbag.py:525} INFO - Filling up the DagBag from /home/airflow/.local/lib/python3.7/site-packages/airflow/example_dags/example_latest_only_with_trigger.py
[2025-12-05T00:47:06.553+0000] {processor.py:768} INFO - DAG(s) dict_keys(['latest_only_with_trigger']) retrieved from /home/airflow/.local/lib/python3.7/site-packages/airflow/example_dags/example_latest_only_with_trigger.py
[2025-12-05T00:47:06.574+0000] {logging_mixin.py:117} INFO - [2025-12-05T00:47:06.574+0000] {dag.py:2573} INFO - Sync 1 DAGs
[2025-12-05T00:47:06.586+0000] {logging_mixin.py:117} INFO - [2025-12-05T00:47:06.586+0000] {dag.py:3328} INFO - Setting next_dagrun for latest_only_with_trigger to 2025-12-04T20:47:06.586547+00:00, run_after=2025-12-05T00:47:06.586547+00:00
[2025-12-05T00:47:06.596+0000] {processor.py:178} INFO - Processing /home/airflow/.local/lib/python3.7/site-packages/airflow/example_dags/example_latest_only_with_trigger.py took 0.055 seconds
[2025-12-05T00:47:37.460+0000] {processor.py:156} INFO - Started process (PID=841) to work on /home/airflow/.local/lib/python3.7/site-packages/airflow/example_dags/example_latest_only_with_trigger.py
[2025-12-05T00:47:37.462+0000] {processor.py:758} INFO - Processing file /home/airflow/.local/lib/python3.7/site-packages/airflow/example_dags/example_latest_only_with_trigger.py for tasks to queue
[2025-12-05T00:47:37.463+0000] {logging_mixin.py:117} INFO - [2025-12-05T00:47:37.463+0000] {dagbag.py:525} INFO - Filling up the DagBag from /home/airflow/.local/lib/python3.7/site-packages/airflow/example_dags/example_latest_only_with_trigger.py
[2025-12-05T00:47:37.473+0000] {processor.py:768} INFO - DAG(s) dict_keys(['latest_only_with_trigger']) retrieved from /home/airflow/.local/lib/python3.7/site-packages/airflow/example_dags/example_latest_only_with_trigger.py
[2025-12-05T00:47:37.499+0000] {logging_mixin.py:117} INFO - [2025-12-05T00:47:37.499+0000] {dag.py:2573} INFO - Sync 1 DAGs
[2025-12-05T00:47:37.512+0000] {logging_mixin.py:117} INFO - [2025-12-05T00:47:37.512+0000] {dag.py:3328} INFO - Setting next_dagrun for latest_only_with_trigger to 2025-12-04T20:47:37.512234+00:00, run_after=2025-12-05T00:47:37.512234+00:00
[2025-12-05T00:47:37.522+0000] {processor.py:178} INFO - Processing /home/airflow/.local/lib/python3.7/site-packages/airflow/example_dags/example_latest_only_with_trigger.py took 0.063 seconds
[2025-12-05T00:48:08.201+0000] {processor.py:156} INFO - Started process (PID=1044) to work on /home/airflow/.local/lib/python3.7/site-packages/airflow/example_dags/example_latest_only_with_trigger.py
[2025-12-05T00:48:08.202+0000] {processor.py:758} INFO - Processing file /home/airflow/.local/lib/python3.7/site-packages/airflow/example_dags/example_latest_only_with_trigger.py for tasks to queue
[2025-12-05T00:48:08.202+0000] {logging_mixin.py:117} INFO - [2025-12-05T00:48:08.202+0000] {dagbag.py:525} INFO - Filling up the DagBag from /home/airflow/.local/lib/python3.7/site-packages/airflow/example_dags/example_latest_only_with_trigger.py
[2025-12-05T00:48:08.210+0000] {processor.py:768} INFO - DAG(s) dict_keys(['latest_only_with_trigger']) retrieved from /home/airflow/.local/lib/python3.7/site-packages/airflow/example_dags/example_latest_only_with_trigger.py
[2025-12-05T00:48:08.233+0000] {logging_mixin.py:117} INFO - [2025-12-05T00:48:08.233+0000] {dag.py:2573} INFO - Sync 1 DAGs
[2025-12-05T00:48:08.361+0000] {logging_mixin.py:117} INFO - [2025-12-05T00:48:08.361+0000] {dag.py:3328} INFO - Setting next_dagrun for latest_only_with_trigger to 2025-12-04T20:48:08.361378+00:00, run_after=2025-12-05T00:48:08.361378+00:00
[2025-12-05T00:48:08.377+0000] {processor.py:178} INFO - Processing /home/airflow/.local/lib/python3.7/site-packages/airflow/example_dags/example_latest_only_with_trigger.py took 0.177 seconds
[2025-12-05T00:48:39.883+0000] {processor.py:156} INFO - Started process (PID=1252) to work on /home/airflow/.local/lib/python3.7/site-packages/airflow/example_dags/example_latest_only_with_trigger.py
[2025-12-05T00:48:39.886+0000] {processor.py:758} INFO - Processing file /home/airflow/.local/lib/python3.7/site-packages/airflow/example_dags/example_latest_only_with_trigger.py for tasks to queue
[2025-12-05T00:48:39.889+0000] {logging_mixin.py:117} INFO - [2025-12-05T00:48:39.889+0000] {dagbag.py:525} INFO - Filling up the DagBag from /home/airflow/.local/lib/python3.7/site-packages/airflow/example_dags/example_latest_only_with_trigger.py
[2025-12-05T00:48:39.905+0000] {processor.py:768} INFO - DAG(s) dict_keys(['latest_only_with_trigger']) retrieved from /home/airflow/.local/lib/python3.7/site-packages/airflow/example_dags/example_latest_only_with_trigger.py
[2025-12-05T00:48:39.932+0000] {logging_mixin.py:117} INFO - [2025-12-05T00:48:39.932+0000] {dag.py:2573} INFO - Sync 1 DAGs
[2025-12-05T00:48:40.073+0000] {logging_mixin.py:117} INFO - [2025-12-05T00:48:40.073+0000] {dag.py:3328} INFO - Setting next_dagrun for latest_only_with_trigger to 2025-12-04T20:48:40.072977+00:00, run_after=2025-12-05T00:48:40.072977+00:00
[2025-12-05T00:48:40.086+0000] {processor.py:178} INFO - Processing /home/airflow/.local/lib/python3.7/site-packages/airflow/example_dags/example_latest_only_with_trigger.py took 0.205 seconds
[2025-12-05T00:49:11.134+0000] {processor.py:156} INFO - Started process (PID=1453) to work on /home/airflow/.local/lib/python3.7/site-packages/airflow/example_dags/example_latest_only_with_trigger.py
[2025-12-05T00:49:11.135+0000] {processor.py:758} INFO - Processing file /home/airflow/.local/lib/python3.7/site-packages/airflow/example_dags/example_latest_only_with_trigger.py for tasks to queue
[2025-12-05T00:49:11.135+0000] {logging_mixin.py:117} INFO - [2025-12-05T00:49:11.135+0000] {dagbag.py:525} INFO - Filling up the DagBag from /home/airflow/.local/lib/python3.7/site-packages/airflow/example_dags/example_latest_only_with_trigger.py
[2025-12-05T00:49:11.149+0000] {processor.py:768} INFO - DAG(s) dict_keys(['latest_only_with_trigger']) retrieved from /home/airflow/.local/lib/python3.7/site-packages/airflow/example_dags/example_latest_only_with_trigger.py
[2025-12-05T00:49:11.365+0000] {logging_mixin.py:117} INFO - [2025-12-05T00:49:11.365+0000] {dag.py:2573} INFO - Sync 1 DAGs
[2025-12-05T00:49:11.378+0000] {logging_mixin.py:117} INFO - [2025-12-05T00:49:11.377+0000] {dag.py:3328} INFO - Setting next_dagrun for latest_only_with_trigger to 2025-12-04T20:49:11.377813+00:00, run_after=2025-12-05T00:49:11.377813+00:00
[2025-12-05T00:49:11.388+0000] {processor.py:178} INFO - Processing /home/airflow/.local/lib/python3.7/site-packages/airflow/example_dags/example_latest_only_with_trigger.py took 0.259 seconds
[2025-12-05T00:49:41.773+0000] {processor.py:156} INFO - Started process (PID=1654) to work on /home/airflow/.local/lib/python3.7/site-packages/airflow/example_dags/example_latest_only_with_trigger.py
[2025-12-05T00:49:41.775+0000] {processor.py:758} INFO - Processing file /home/airflow/.local/lib/python3.7/site-packages/airflow/example_dags/example_latest_only_with_trigger.py for tasks to queue
[2025-12-05T00:49:41.776+0000] {logging_mixin.py:117} INFO - [2025-12-05T00:49:41.776+0000] {dagbag.py:525} INFO - Filling up the DagBag from /home/airflow/.local/lib/python3.7/site-packages/airflow/example_dags/example_latest_only_with_trigger.py
[2025-12-05T00:49:41.785+0000] {processor.py:768} INFO - DAG(s) dict_keys(['latest_only_with_trigger']) retrieved from /home/airflow/.local/lib/python3.7/site-packages/airflow/example_dags/example_latest_only_with_trigger.py
[2025-12-05T00:49:41.883+0000] {logging_mixin.py:117} INFO - [2025-12-05T00:49:41.883+0000] {dag.py:2573} INFO - Sync 1 DAGs
[2025-12-05T00:49:41.894+0000] {logging_mixin.py:117} INFO - [2025-12-05T00:49:41.894+0000] {dag.py:3328} INFO - Setting next_dagrun for latest_only_with_trigger to 2025-12-04T20:49:41.894051+00:00, run_after=2025-12-05T00:49:41.894051+00:00
[2025-12-05T00:49:41.906+0000] {processor.py:178} INFO - Processing /home/airflow/.local/lib/python3.7/site-packages/airflow/example_dags/example_latest_only_with_trigger.py took 0.135 seconds
[2025-12-05T00:50:12.607+0000] {processor.py:156} INFO - Started process (PID=1856) to work on /home/airflow/.local/lib/python3.7/site-packages/airflow/example_dags/example_latest_only_with_trigger.py
[2025-12-05T00:50:12.609+0000] {processor.py:758} INFO - Processing file /home/airflow/.local/lib/python3.7/site-packages/airflow/example_dags/example_latest_only_with_trigger.py for tasks to queue
[2025-12-05T00:50:12.611+0000] {logging_mixin.py:117} INFO - [2025-12-05T00:50:12.611+0000] {dagbag.py:525} INFO - Filling up the DagBag from /home/airflow/.local/lib/python3.7/site-packages/airflow/example_dags/example_latest_only_with_trigger.py
[2025-12-05T00:50:12.623+0000] {processor.py:768} INFO - DAG(s) dict_keys(['latest_only_with_trigger']) retrieved from /home/airflow/.local/lib/python3.7/site-packages/airflow/example_dags/example_latest_only_with_trigger.py
[2025-12-05T00:50:12.652+0000] {logging_mixin.py:117} INFO - [2025-12-05T00:50:12.652+0000] {dag.py:2573} INFO - Sync 1 DAGs
[2025-12-05T00:50:12.672+0000] {logging_mixin.py:117} INFO - [2025-12-05T00:50:12.672+0000] {dag.py:3328} INFO - Setting next_dagrun for latest_only_with_trigger to 2025-12-04T20:50:12.672402+00:00, run_after=2025-12-05T00:50:12.672402+00:00
[2025-12-05T00:50:12.807+0000] {processor.py:178} INFO - Processing /home/airflow/.local/lib/python3.7/site-packages/airflow/example_dags/example_latest_only_with_trigger.py took 0.205 seconds
[2025-12-05T00:50:43.220+0000] {processor.py:156} INFO - Started process (PID=2057) to work on /home/airflow/.local/lib/python3.7/site-packages/airflow/example_dags/example_latest_only_with_trigger.py
[2025-12-05T00:50:43.222+0000] {processor.py:758} INFO - Processing file /home/airflow/.local/lib/python3.7/site-packages/airflow/example_dags/example_latest_only_with_trigger.py for tasks to queue
[2025-12-05T00:50:43.222+0000] {logging_mixin.py:117} INFO - [2025-12-05T00:50:43.222+0000] {dagbag.py:525} INFO - Filling up the DagBag from /home/airflow/.local/lib/python3.7/site-packages/airflow/example_dags/example_latest_only_with_trigger.py
[2025-12-05T00:50:43.237+0000] {processor.py:768} INFO - DAG(s) dict_keys(['latest_only_with_trigger']) retrieved from /home/airflow/.local/lib/python3.7/site-packages/airflow/example_dags/example_latest_only_with_trigger.py
[2025-12-05T00:50:43.264+0000] {logging_mixin.py:117} INFO - [2025-12-05T00:50:43.264+0000] {dag.py:2573} INFO - Sync 1 DAGs
[2025-12-05T00:50:43.361+0000] {logging_mixin.py:117} INFO - [2025-12-05T00:50:43.361+0000] {dag.py:3328} INFO - Setting next_dagrun for latest_only_with_trigger to 2025-12-04T20:50:43.361154+00:00, run_after=2025-12-05T00:50:43.361154+00:00
[2025-12-05T00:50:43.373+0000] {processor.py:178} INFO - Processing /home/airflow/.local/lib/python3.7/site-packages/airflow/example_dags/example_latest_only_with_trigger.py took 0.156 seconds
[2025-12-05T00:51:14.057+0000] {processor.py:156} INFO - Started process (PID=2258) to work on /home/airflow/.local/lib/python3.7/site-packages/airflow/example_dags/example_latest_only_with_trigger.py
[2025-12-05T00:51:14.059+0000] {processor.py:758} INFO - Processing file /home/airflow/.local/lib/python3.7/site-packages/airflow/example_dags/example_latest_only_with_trigger.py for tasks to queue
[2025-12-05T00:51:14.060+0000] {logging_mixin.py:117} INFO - [2025-12-05T00:51:14.060+0000] {dagbag.py:525} INFO - Filling up the DagBag from /home/airflow/.local/lib/python3.7/site-packages/airflow/example_dags/example_latest_only_with_trigger.py
[2025-12-05T00:51:14.073+0000] {processor.py:768} INFO - DAG(s) dict_keys(['latest_only_with_trigger']) retrieved from /home/airflow/.local/lib/python3.7/site-packages/airflow/example_dags/example_latest_only_with_trigger.py
[2025-12-05T00:51:14.177+0000] {logging_mixin.py:117} INFO - [2025-12-05T00:51:14.176+0000] {dag.py:2573} INFO - Sync 1 DAGs
[2025-12-05T00:51:14.187+0000] {logging_mixin.py:117} INFO - [2025-12-05T00:51:14.187+0000] {dag.py:3328} INFO - Setting next_dagrun for latest_only_with_trigger to 2025-12-04T20:51:14.187005+00:00, run_after=2025-12-05T00:51:14.187005+00:00
[2025-12-05T00:51:14.195+0000] {processor.py:178} INFO - Processing /home/airflow/.local/lib/python3.7/site-packages/airflow/example_dags/example_latest_only_with_trigger.py took 0.142 seconds
[2025-12-05T00:51:44.582+0000] {processor.py:156} INFO - Started process (PID=2459) to work on /home/airflow/.local/lib/python3.7/site-packages/airflow/example_dags/example_latest_only_with_trigger.py
[2025-12-05T00:51:44.583+0000] {processor.py:758} INFO - Processing file /home/airflow/.local/lib/python3.7/site-packages/airflow/example_dags/example_latest_only_with_trigger.py for tasks to queue
[2025-12-05T00:51:44.584+0000] {logging_mixin.py:117} INFO - [2025-12-05T00:51:44.584+0000] {dagbag.py:525} INFO - Filling up the DagBag from /home/airflow/.local/lib/python3.7/site-packages/airflow/example_dags/example_latest_only_with_trigger.py
[2025-12-05T00:51:44.597+0000] {processor.py:768} INFO - DAG(s) dict_keys(['latest_only_with_trigger']) retrieved from /home/airflow/.local/lib/python3.7/site-packages/airflow/example_dags/example_latest_only_with_trigger.py
[2025-12-05T00:51:44.709+0000] {logging_mixin.py:117} INFO - [2025-12-05T00:51:44.708+0000] {dag.py:2573} INFO - Sync 1 DAGs
[2025-12-05T00:51:44.720+0000] {logging_mixin.py:117} INFO - [2025-12-05T00:51:44.719+0000] {dag.py:3328} INFO - Setting next_dagrun for latest_only_with_trigger to 2025-12-04T20:51:44.719867+00:00, run_after=2025-12-05T00:51:44.719867+00:00
[2025-12-05T00:51:44.728+0000] {processor.py:178} INFO - Processing /home/airflow/.local/lib/python3.7/site-packages/airflow/example_dags/example_latest_only_with_trigger.py took 0.151 seconds
[2025-12-05T00:52:15.412+0000] {processor.py:156} INFO - Started process (PID=2660) to work on /home/airflow/.local/lib/python3.7/site-packages/airflow/example_dags/example_latest_only_with_trigger.py
[2025-12-05T00:52:15.415+0000] {processor.py:758} INFO - Processing file /home/airflow/.local/lib/python3.7/site-packages/airflow/example_dags/example_latest_only_with_trigger.py for tasks to queue
[2025-12-05T00:52:15.440+0000] {logging_mixin.py:117} INFO - [2025-12-05T00:52:15.439+0000] {dagbag.py:525} INFO - Filling up the DagBag from /home/airflow/.local/lib/python3.7/site-packages/airflow/example_dags/example_latest_only_with_trigger.py
[2025-12-05T00:52:15.459+0000] {processor.py:768} INFO - DAG(s) dict_keys(['latest_only_with_trigger']) retrieved from /home/airflow/.local/lib/python3.7/site-packages/airflow/example_dags/example_latest_only_with_trigger.py
[2025-12-05T00:52:15.493+0000] {logging_mixin.py:117} INFO - [2025-12-05T00:52:15.493+0000] {dag.py:2573} INFO - Sync 1 DAGs
[2025-12-05T00:52:15.587+0000] {logging_mixin.py:117} INFO - [2025-12-05T00:52:15.586+0000] {dag.py:3328} INFO - Setting next_dagrun for latest_only_with_trigger to 2025-12-04T20:52:15.586837+00:00, run_after=2025-12-05T00:52:15.586837+00:00
[2025-12-05T00:52:15.595+0000] {processor.py:178} INFO - Processing /home/airflow/.local/lib/python3.7/site-packages/airflow/example_dags/example_latest_only_with_trigger.py took 0.188 seconds
[2025-12-05T00:52:45.889+0000] {processor.py:156} INFO - Started process (PID=2861) to work on /home/airflow/.local/lib/python3.7/site-packages/airflow/example_dags/example_latest_only_with_trigger.py
[2025-12-05T00:52:45.891+0000] {processor.py:758} INFO - Processing file /home/airflow/.local/lib/python3.7/site-packages/airflow/example_dags/example_latest_only_with_trigger.py for tasks to queue
[2025-12-05T00:52:45.892+0000] {logging_mixin.py:117} INFO - [2025-12-05T00:52:45.892+0000] {dagbag.py:525} INFO - Filling up the DagBag from /home/airflow/.local/lib/python3.7/site-packages/airflow/example_dags/example_latest_only_with_trigger.py
[2025-12-05T00:52:45.908+0000] {processor.py:768} INFO - DAG(s) dict_keys(['latest_only_with_trigger']) retrieved from /home/airflow/.local/lib/python3.7/site-packages/airflow/example_dags/example_latest_only_with_trigger.py
[2025-12-05T00:52:45.935+0000] {logging_mixin.py:117} INFO - [2025-12-05T00:52:45.935+0000] {dag.py:2573} INFO - Sync 1 DAGs
[2025-12-05T00:52:46.024+0000] {logging_mixin.py:117} INFO - [2025-12-05T00:52:46.024+0000] {dag.py:3328} INFO - Setting next_dagrun for latest_only_with_trigger to 2025-12-04T20:52:46.024176+00:00, run_after=2025-12-05T00:52:46.024176+00:00
[2025-12-05T00:52:46.033+0000] {processor.py:178} INFO - Processing /home/airflow/.local/lib/python3.7/site-packages/airflow/example_dags/example_latest_only_with_trigger.py took 0.149 seconds
[2025-12-05T00:53:16.522+0000] {processor.py:156} INFO - Started process (PID=3062) to work on /home/airflow/.local/lib/python3.7/site-packages/airflow/example_dags/example_latest_only_with_trigger.py
[2025-12-05T00:53:16.524+0000] {processor.py:758} INFO - Processing file /home/airflow/.local/lib/python3.7/site-packages/airflow/example_dags/example_latest_only_with_trigger.py for tasks to queue
[2025-12-05T00:53:16.524+0000] {logging_mixin.py:117} INFO - [2025-12-05T00:53:16.524+0000] {dagbag.py:525} INFO - Filling up the DagBag from /home/airflow/.local/lib/python3.7/site-packages/airflow/example_dags/example_latest_only_with_trigger.py
[2025-12-05T00:53:16.542+0000] {processor.py:768} INFO - DAG(s) dict_keys(['latest_only_with_trigger']) retrieved from /home/airflow/.local/lib/python3.7/site-packages/airflow/example_dags/example_latest_only_with_trigger.py
[2025-12-05T00:53:16.659+0000] {logging_mixin.py:117} INFO - [2025-12-05T00:53:16.659+0000] {dag.py:2573} INFO - Sync 1 DAGs
[2025-12-05T00:53:16.670+0000] {logging_mixin.py:117} INFO - [2025-12-05T00:53:16.670+0000] {dag.py:3328} INFO - Setting next_dagrun for latest_only_with_trigger to 2025-12-04T20:53:16.670104+00:00, run_after=2025-12-05T00:53:16.670104+00:00
[2025-12-05T00:53:16.678+0000] {processor.py:178} INFO - Processing /home/airflow/.local/lib/python3.7/site-packages/airflow/example_dags/example_latest_only_with_trigger.py took 0.161 seconds
[2025-12-05T00:53:47.081+0000] {processor.py:156} INFO - Started process (PID=3263) to work on /home/airflow/.local/lib/python3.7/site-packages/airflow/example_dags/example_latest_only_with_trigger.py
[2025-12-05T00:53:47.084+0000] {processor.py:758} INFO - Processing file /home/airflow/.local/lib/python3.7/site-packages/airflow/example_dags/example_latest_only_with_trigger.py for tasks to queue
[2025-12-05T00:53:47.084+0000] {logging_mixin.py:117} INFO - [2025-12-05T00:53:47.084+0000] {dagbag.py:525} INFO - Filling up the DagBag from /home/airflow/.local/lib/python3.7/site-packages/airflow/example_dags/example_latest_only_with_trigger.py
[2025-12-05T00:53:47.096+0000] {processor.py:768} INFO - DAG(s) dict_keys(['latest_only_with_trigger']) retrieved from /home/airflow/.local/lib/python3.7/site-packages/airflow/example_dags/example_latest_only_with_trigger.py
[2025-12-05T00:53:47.328+0000] {logging_mixin.py:117} INFO - [2025-12-05T00:53:47.328+0000] {dag.py:2573} INFO - Sync 1 DAGs
[2025-12-05T00:53:47.340+0000] {logging_mixin.py:117} INFO - [2025-12-05T00:53:47.340+0000] {dag.py:3328} INFO - Setting next_dagrun for latest_only_with_trigger to 2025-12-04T20:53:47.340161+00:00, run_after=2025-12-05T00:53:47.340161+00:00
[2025-12-05T00:53:47.350+0000] {processor.py:178} INFO - Processing /home/airflow/.local/lib/python3.7/site-packages/airflow/example_dags/example_latest_only_with_trigger.py took 0.271 seconds
[2025-12-05T00:54:18.062+0000] {processor.py:156} INFO - Started process (PID=3464) to work on /home/airflow/.local/lib/python3.7/site-packages/airflow/example_dags/example_latest_only_with_trigger.py
[2025-12-05T00:54:18.064+0000] {processor.py:758} INFO - Processing file /home/airflow/.local/lib/python3.7/site-packages/airflow/example_dags/example_latest_only_with_trigger.py for tasks to queue
[2025-12-05T00:54:18.064+0000] {logging_mixin.py:117} INFO - [2025-12-05T00:54:18.064+0000] {dagbag.py:525} INFO - Filling up the DagBag from /home/airflow/.local/lib/python3.7/site-packages/airflow/example_dags/example_latest_only_with_trigger.py
[2025-12-05T00:54:18.077+0000] {processor.py:768} INFO - DAG(s) dict_keys(['latest_only_with_trigger']) retrieved from /home/airflow/.local/lib/python3.7/site-packages/airflow/example_dags/example_latest_only_with_trigger.py
[2025-12-05T00:54:18.101+0000] {logging_mixin.py:117} INFO - [2025-12-05T00:54:18.101+0000] {dag.py:2573} INFO - Sync 1 DAGs
[2025-12-05T00:54:18.195+0000] {logging_mixin.py:117} INFO - [2025-12-05T00:54:18.195+0000] {dag.py:3328} INFO - Setting next_dagrun for latest_only_with_trigger to 2025-12-04T20:54:18.195134+00:00, run_after=2025-12-05T00:54:18.195134+00:00
[2025-12-05T00:54:18.204+0000] {processor.py:178} INFO - Processing /home/airflow/.local/lib/python3.7/site-packages/airflow/example_dags/example_latest_only_with_trigger.py took 0.146 seconds
[2025-12-05T00:54:48.708+0000] {processor.py:156} INFO - Started process (PID=3665) to work on /home/airflow/.local/lib/python3.7/site-packages/airflow/example_dags/example_latest_only_with_trigger.py
[2025-12-05T00:54:48.709+0000] {processor.py:758} INFO - Processing file /home/airflow/.local/lib/python3.7/site-packages/airflow/example_dags/example_latest_only_with_trigger.py for tasks to queue
[2025-12-05T00:54:48.710+0000] {logging_mixin.py:117} INFO - [2025-12-05T00:54:48.710+0000] {dagbag.py:525} INFO - Filling up the DagBag from /home/airflow/.local/lib/python3.7/site-packages/airflow/example_dags/example_latest_only_with_trigger.py
[2025-12-05T00:54:48.727+0000] {processor.py:768} INFO - DAG(s) dict_keys(['latest_only_with_trigger']) retrieved from /home/airflow/.local/lib/python3.7/site-packages/airflow/example_dags/example_latest_only_with_trigger.py
[2025-12-05T00:54:48.762+0000] {logging_mixin.py:117} INFO - [2025-12-05T00:54:48.762+0000] {dag.py:2573} INFO - Sync 1 DAGs
[2025-12-05T00:54:48.879+0000] {logging_mixin.py:117} INFO - [2025-12-05T00:54:48.879+0000] {dag.py:3328} INFO - Setting next_dagrun for latest_only_with_trigger to 2025-12-04T20:54:48.879422+00:00, run_after=2025-12-05T00:54:48.879422+00:00
[2025-12-05T00:54:48.887+0000] {processor.py:178} INFO - Processing /home/airflow/.local/lib/python3.7/site-packages/airflow/example_dags/example_latest_only_with_trigger.py took 0.184 seconds
[2025-12-05T00:55:19.388+0000] {processor.py:156} INFO - Started process (PID=3865) to work on /home/airflow/.local/lib/python3.7/site-packages/airflow/example_dags/example_latest_only_with_trigger.py
[2025-12-05T00:55:19.389+0000] {processor.py:758} INFO - Processing file /home/airflow/.local/lib/python3.7/site-packages/airflow/example_dags/example_latest_only_with_trigger.py for tasks to queue
[2025-12-05T00:55:19.390+0000] {logging_mixin.py:117} INFO - [2025-12-05T00:55:19.390+0000] {dagbag.py:525} INFO - Filling up the DagBag from /home/airflow/.local/lib/python3.7/site-packages/airflow/example_dags/example_latest_only_with_trigger.py
[2025-12-05T00:55:19.407+0000] {processor.py:768} INFO - DAG(s) dict_keys(['latest_only_with_trigger']) retrieved from /home/airflow/.local/lib/python3.7/site-packages/airflow/example_dags/example_latest_only_with_trigger.py
[2025-12-05T00:55:19.538+0000] {logging_mixin.py:117} INFO - [2025-12-05T00:55:19.538+0000] {dag.py:2573} INFO - Sync 1 DAGs
[2025-12-05T00:55:19.548+0000] {logging_mixin.py:117} INFO - [2025-12-05T00:55:19.547+0000] {dag.py:3328} INFO - Setting next_dagrun for latest_only_with_trigger to 2025-12-04T20:55:19.547877+00:00, run_after=2025-12-05T00:55:19.547877+00:00
[2025-12-05T00:55:19.555+0000] {processor.py:178} INFO - Processing /home/airflow/.local/lib/python3.7/site-packages/airflow/example_dags/example_latest_only_with_trigger.py took 0.172 seconds
[2025-12-05T00:55:49.966+0000] {processor.py:156} INFO - Started process (PID=4066) to work on /home/airflow/.local/lib/python3.7/site-packages/airflow/example_dags/example_latest_only_with_trigger.py
[2025-12-05T00:55:49.969+0000] {processor.py:758} INFO - Processing file /home/airflow/.local/lib/python3.7/site-packages/airflow/example_dags/example_latest_only_with_trigger.py for tasks to queue
[2025-12-05T00:55:49.970+0000] {logging_mixin.py:117} INFO - [2025-12-05T00:55:49.969+0000] {dagbag.py:525} INFO - Filling up the DagBag from /home/airflow/.local/lib/python3.7/site-packages/airflow/example_dags/example_latest_only_with_trigger.py
[2025-12-05T00:55:49.979+0000] {processor.py:768} INFO - DAG(s) dict_keys(['latest_only_with_trigger']) retrieved from /home/airflow/.local/lib/python3.7/site-packages/airflow/example_dags/example_latest_only_with_trigger.py
[2025-12-05T00:55:50.076+0000] {logging_mixin.py:117} INFO - [2025-12-05T00:55:50.076+0000] {dag.py:2573} INFO - Sync 1 DAGs
[2025-12-05T00:55:50.085+0000] {logging_mixin.py:117} INFO - [2025-12-05T00:55:50.085+0000] {dag.py:3328} INFO - Setting next_dagrun for latest_only_with_trigger to 2025-12-04T20:55:50.085704+00:00, run_after=2025-12-05T00:55:50.085704+00:00
[2025-12-05T00:55:50.094+0000] {processor.py:178} INFO - Processing /home/airflow/.local/lib/python3.7/site-packages/airflow/example_dags/example_latest_only_with_trigger.py took 0.131 seconds
[2025-12-05T00:56:20.212+0000] {processor.py:156} INFO - Started process (PID=4266) to work on /home/airflow/.local/lib/python3.7/site-packages/airflow/example_dags/example_latest_only_with_trigger.py
[2025-12-05T00:56:20.213+0000] {processor.py:758} INFO - Processing file /home/airflow/.local/lib/python3.7/site-packages/airflow/example_dags/example_latest_only_with_trigger.py for tasks to queue
[2025-12-05T00:56:20.214+0000] {logging_mixin.py:117} INFO - [2025-12-05T00:56:20.214+0000] {dagbag.py:525} INFO - Filling up the DagBag from /home/airflow/.local/lib/python3.7/site-packages/airflow/example_dags/example_latest_only_with_trigger.py
[2025-12-05T00:56:20.229+0000] {processor.py:768} INFO - DAG(s) dict_keys(['latest_only_with_trigger']) retrieved from /home/airflow/.local/lib/python3.7/site-packages/airflow/example_dags/example_latest_only_with_trigger.py
[2025-12-05T00:56:20.254+0000] {logging_mixin.py:117} INFO - [2025-12-05T00:56:20.254+0000] {dag.py:2573} INFO - Sync 1 DAGs
[2025-12-05T00:56:20.267+0000] {logging_mixin.py:117} INFO - [2025-12-05T00:56:20.267+0000] {dag.py:3328} INFO - Setting next_dagrun for latest_only_with_trigger to 2025-12-04T20:56:20.267430+00:00, run_after=2025-12-05T00:56:20.267430+00:00
[2025-12-05T00:56:20.276+0000] {processor.py:178} INFO - Processing /home/airflow/.local/lib/python3.7/site-packages/airflow/example_dags/example_latest_only_with_trigger.py took 0.068 seconds
[2025-12-05T00:56:51.062+0000] {processor.py:156} INFO - Started process (PID=4467) to work on /home/airflow/.local/lib/python3.7/site-packages/airflow/example_dags/example_latest_only_with_trigger.py
[2025-12-05T00:56:51.064+0000] {processor.py:758} INFO - Processing file /home/airflow/.local/lib/python3.7/site-packages/airflow/example_dags/example_latest_only_with_trigger.py for tasks to queue
[2025-12-05T00:56:51.065+0000] {logging_mixin.py:117} INFO - [2025-12-05T00:56:51.065+0000] {dagbag.py:525} INFO - Filling up the DagBag from /home/airflow/.local/lib/python3.7/site-packages/airflow/example_dags/example_latest_only_with_trigger.py
[2025-12-05T00:56:51.077+0000] {processor.py:768} INFO - DAG(s) dict_keys(['latest_only_with_trigger']) retrieved from /home/airflow/.local/lib/python3.7/site-packages/airflow/example_dags/example_latest_only_with_trigger.py
[2025-12-05T00:56:51.106+0000] {logging_mixin.py:117} INFO - [2025-12-05T00:56:51.106+0000] {dag.py:2573} INFO - Sync 1 DAGs
[2025-12-05T00:56:51.120+0000] {logging_mixin.py:117} INFO - [2025-12-05T00:56:51.120+0000] {dag.py:3328} INFO - Setting next_dagrun for latest_only_with_trigger to 2025-12-04T20:56:51.120481+00:00, run_after=2025-12-05T00:56:51.120481+00:00
[2025-12-05T00:56:51.130+0000] {processor.py:178} INFO - Processing /home/airflow/.local/lib/python3.7/site-packages/airflow/example_dags/example_latest_only_with_trigger.py took 0.071 seconds
[2025-12-05T00:57:22.002+0000] {processor.py:156} INFO - Started process (PID=4667) to work on /home/airflow/.local/lib/python3.7/site-packages/airflow/example_dags/example_latest_only_with_trigger.py
[2025-12-05T00:57:22.005+0000] {processor.py:758} INFO - Processing file /home/airflow/.local/lib/python3.7/site-packages/airflow/example_dags/example_latest_only_with_trigger.py for tasks to queue
[2025-12-05T00:57:22.006+0000] {logging_mixin.py:117} INFO - [2025-12-05T00:57:22.006+0000] {dagbag.py:525} INFO - Filling up the DagBag from /home/airflow/.local/lib/python3.7/site-packages/airflow/example_dags/example_latest_only_with_trigger.py
[2025-12-05T00:57:22.018+0000] {processor.py:768} INFO - DAG(s) dict_keys(['latest_only_with_trigger']) retrieved from /home/airflow/.local/lib/python3.7/site-packages/airflow/example_dags/example_latest_only_with_trigger.py
[2025-12-05T00:57:22.041+0000] {logging_mixin.py:117} INFO - [2025-12-05T00:57:22.041+0000] {dag.py:2573} INFO - Sync 1 DAGs
[2025-12-05T00:57:22.053+0000] {logging_mixin.py:117} INFO - [2025-12-05T00:57:22.053+0000] {dag.py:3328} INFO - Setting next_dagrun for latest_only_with_trigger to 2025-12-04T20:57:22.053315+00:00, run_after=2025-12-05T00:57:22.053315+00:00
[2025-12-05T00:57:22.061+0000] {processor.py:178} INFO - Processing /home/airflow/.local/lib/python3.7/site-packages/airflow/example_dags/example_latest_only_with_trigger.py took 0.063 seconds
[2025-12-05T00:57:52.793+0000] {processor.py:156} INFO - Started process (PID=4868) to work on /home/airflow/.local/lib/python3.7/site-packages/airflow/example_dags/example_latest_only_with_trigger.py
[2025-12-05T00:57:52.794+0000] {processor.py:758} INFO - Processing file /home/airflow/.local/lib/python3.7/site-packages/airflow/example_dags/example_latest_only_with_trigger.py for tasks to queue
[2025-12-05T00:57:52.794+0000] {logging_mixin.py:117} INFO - [2025-12-05T00:57:52.794+0000] {dagbag.py:525} INFO - Filling up the DagBag from /home/airflow/.local/lib/python3.7/site-packages/airflow/example_dags/example_latest_only_with_trigger.py
[2025-12-05T00:57:52.807+0000] {processor.py:768} INFO - DAG(s) dict_keys(['latest_only_with_trigger']) retrieved from /home/airflow/.local/lib/python3.7/site-packages/airflow/example_dags/example_latest_only_with_trigger.py
[2025-12-05T00:57:52.833+0000] {logging_mixin.py:117} INFO - [2025-12-05T00:57:52.833+0000] {dag.py:2573} INFO - Sync 1 DAGs
[2025-12-05T00:57:52.846+0000] {logging_mixin.py:117} INFO - [2025-12-05T00:57:52.846+0000] {dag.py:3328} INFO - Setting next_dagrun for latest_only_with_trigger to 2025-12-04T20:57:52.846627+00:00, run_after=2025-12-05T00:57:52.846627+00:00
[2025-12-05T00:57:52.855+0000] {processor.py:178} INFO - Processing /home/airflow/.local/lib/python3.7/site-packages/airflow/example_dags/example_latest_only_with_trigger.py took 0.066 seconds
[2025-12-05T00:58:23.804+0000] {processor.py:156} INFO - Started process (PID=5076) to work on /home/airflow/.local/lib/python3.7/site-packages/airflow/example_dags/example_latest_only_with_trigger.py
[2025-12-05T00:58:23.806+0000] {processor.py:758} INFO - Processing file /home/airflow/.local/lib/python3.7/site-packages/airflow/example_dags/example_latest_only_with_trigger.py for tasks to queue
[2025-12-05T00:58:23.807+0000] {logging_mixin.py:117} INFO - [2025-12-05T00:58:23.807+0000] {dagbag.py:525} INFO - Filling up the DagBag from /home/airflow/.local/lib/python3.7/site-packages/airflow/example_dags/example_latest_only_with_trigger.py
[2025-12-05T00:58:23.819+0000] {processor.py:768} INFO - DAG(s) dict_keys(['latest_only_with_trigger']) retrieved from /home/airflow/.local/lib/python3.7/site-packages/airflow/example_dags/example_latest_only_with_trigger.py
[2025-12-05T00:58:23.843+0000] {logging_mixin.py:117} INFO - [2025-12-05T00:58:23.843+0000] {dag.py:2573} INFO - Sync 1 DAGs
[2025-12-05T00:58:23.856+0000] {logging_mixin.py:117} INFO - [2025-12-05T00:58:23.856+0000] {dag.py:3328} INFO - Setting next_dagrun for latest_only_with_trigger to 2025-12-04T20:58:23.856299+00:00, run_after=2025-12-05T00:58:23.856299+00:00
[2025-12-05T00:58:23.864+0000] {processor.py:178} INFO - Processing /home/airflow/.local/lib/python3.7/site-packages/airflow/example_dags/example_latest_only_with_trigger.py took 0.064 seconds
[2025-12-05T00:58:54.691+0000] {processor.py:156} INFO - Started process (PID=5276) to work on /home/airflow/.local/lib/python3.7/site-packages/airflow/example_dags/example_latest_only_with_trigger.py
[2025-12-05T00:58:54.692+0000] {processor.py:758} INFO - Processing file /home/airflow/.local/lib/python3.7/site-packages/airflow/example_dags/example_latest_only_with_trigger.py for tasks to queue
[2025-12-05T00:58:54.693+0000] {logging_mixin.py:117} INFO - [2025-12-05T00:58:54.693+0000] {dagbag.py:525} INFO - Filling up the DagBag from /home/airflow/.local/lib/python3.7/site-packages/airflow/example_dags/example_latest_only_with_trigger.py
[2025-12-05T00:58:54.703+0000] {processor.py:768} INFO - DAG(s) dict_keys(['latest_only_with_trigger']) retrieved from /home/airflow/.local/lib/python3.7/site-packages/airflow/example_dags/example_latest_only_with_trigger.py
[2025-12-05T00:58:54.728+0000] {logging_mixin.py:117} INFO - [2025-12-05T00:58:54.728+0000] {dag.py:2573} INFO - Sync 1 DAGs
[2025-12-05T00:58:54.740+0000] {logging_mixin.py:117} INFO - [2025-12-05T00:58:54.740+0000] {dag.py:3328} INFO - Setting next_dagrun for latest_only_with_trigger to 2025-12-04T20:58:54.740012+00:00, run_after=2025-12-05T00:58:54.740012+00:00
[2025-12-05T00:58:54.748+0000] {processor.py:178} INFO - Processing /home/airflow/.local/lib/python3.7/site-packages/airflow/example_dags/example_latest_only_with_trigger.py took 0.060 seconds
[2025-12-05T00:59:25.432+0000] {processor.py:156} INFO - Started process (PID=5477) to work on /home/airflow/.local/lib/python3.7/site-packages/airflow/example_dags/example_latest_only_with_trigger.py
[2025-12-05T00:59:25.433+0000] {processor.py:758} INFO - Processing file /home/airflow/.local/lib/python3.7/site-packages/airflow/example_dags/example_latest_only_with_trigger.py for tasks to queue
[2025-12-05T00:59:25.434+0000] {logging_mixin.py:117} INFO - [2025-12-05T00:59:25.434+0000] {dagbag.py:525} INFO - Filling up the DagBag from /home/airflow/.local/lib/python3.7/site-packages/airflow/example_dags/example_latest_only_with_trigger.py
[2025-12-05T00:59:25.444+0000] {processor.py:768} INFO - DAG(s) dict_keys(['latest_only_with_trigger']) retrieved from /home/airflow/.local/lib/python3.7/site-packages/airflow/example_dags/example_latest_only_with_trigger.py
[2025-12-05T00:59:25.469+0000] {logging_mixin.py:117} INFO - [2025-12-05T00:59:25.469+0000] {dag.py:2573} INFO - Sync 1 DAGs
[2025-12-05T00:59:25.481+0000] {logging_mixin.py:117} INFO - [2025-12-05T00:59:25.481+0000] {dag.py:3328} INFO - Setting next_dagrun for latest_only_with_trigger to 2025-12-04T20:59:25.481316+00:00, run_after=2025-12-05T00:59:25.481316+00:00
[2025-12-05T00:59:25.489+0000] {processor.py:178} INFO - Processing /home/airflow/.local/lib/python3.7/site-packages/airflow/example_dags/example_latest_only_with_trigger.py took 0.060 seconds
[2025-12-05T00:59:56.367+0000] {processor.py:156} INFO - Started process (PID=5678) to work on /home/airflow/.local/lib/python3.7/site-packages/airflow/example_dags/example_latest_only_with_trigger.py
[2025-12-05T00:59:56.368+0000] {processor.py:758} INFO - Processing file /home/airflow/.local/lib/python3.7/site-packages/airflow/example_dags/example_latest_only_with_trigger.py for tasks to queue
[2025-12-05T00:59:56.369+0000] {logging_mixin.py:117} INFO - [2025-12-05T00:59:56.368+0000] {dagbag.py:525} INFO - Filling up the DagBag from /home/airflow/.local/lib/python3.7/site-packages/airflow/example_dags/example_latest_only_with_trigger.py
[2025-12-05T00:59:56.382+0000] {processor.py:768} INFO - DAG(s) dict_keys(['latest_only_with_trigger']) retrieved from /home/airflow/.local/lib/python3.7/site-packages/airflow/example_dags/example_latest_only_with_trigger.py
[2025-12-05T00:59:56.406+0000] {logging_mixin.py:117} INFO - [2025-12-05T00:59:56.406+0000] {dag.py:2573} INFO - Sync 1 DAGs
[2025-12-05T00:59:56.420+0000] {logging_mixin.py:117} INFO - [2025-12-05T00:59:56.419+0000] {dag.py:3328} INFO - Setting next_dagrun for latest_only_with_trigger to 2025-12-04T20:59:56.419801+00:00, run_after=2025-12-05T00:59:56.419801+00:00
[2025-12-05T00:59:56.428+0000] {processor.py:178} INFO - Processing /home/airflow/.local/lib/python3.7/site-packages/airflow/example_dags/example_latest_only_with_trigger.py took 0.065 seconds
[2025-12-05T01:00:26.447+0000] {processor.py:156} INFO - Started process (PID=5877) to work on /home/airflow/.local/lib/python3.7/site-packages/airflow/example_dags/example_latest_only_with_trigger.py
[2025-12-05T01:00:26.449+0000] {processor.py:758} INFO - Processing file /home/airflow/.local/lib/python3.7/site-packages/airflow/example_dags/example_latest_only_with_trigger.py for tasks to queue
[2025-12-05T01:00:26.451+0000] {logging_mixin.py:117} INFO - [2025-12-05T01:00:26.450+0000] {dagbag.py:525} INFO - Filling up the DagBag from /home/airflow/.local/lib/python3.7/site-packages/airflow/example_dags/example_latest_only_with_trigger.py
[2025-12-05T01:00:26.458+0000] {processor.py:768} INFO - DAG(s) dict_keys(['latest_only_with_trigger']) retrieved from /home/airflow/.local/lib/python3.7/site-packages/airflow/example_dags/example_latest_only_with_trigger.py
[2025-12-05T01:00:26.478+0000] {logging_mixin.py:117} INFO - [2025-12-05T01:00:26.478+0000] {dag.py:2573} INFO - Sync 1 DAGs
[2025-12-05T01:00:26.491+0000] {logging_mixin.py:117} INFO - [2025-12-05T01:00:26.491+0000] {dag.py:3328} INFO - Setting next_dagrun for latest_only_with_trigger to 2025-12-04T21:00:26.491658+00:00, run_after=2025-12-05T01:00:26.491658+00:00
[2025-12-05T01:00:26.500+0000] {processor.py:178} INFO - Processing /home/airflow/.local/lib/python3.7/site-packages/airflow/example_dags/example_latest_only_with_trigger.py took 0.055 seconds
[2025-12-05T01:00:56.714+0000] {processor.py:156} INFO - Started process (PID=6079) to work on /home/airflow/.local/lib/python3.7/site-packages/airflow/example_dags/example_latest_only_with_trigger.py
[2025-12-05T01:00:56.715+0000] {processor.py:758} INFO - Processing file /home/airflow/.local/lib/python3.7/site-packages/airflow/example_dags/example_latest_only_with_trigger.py for tasks to queue
[2025-12-05T01:00:56.715+0000] {logging_mixin.py:117} INFO - [2025-12-05T01:00:56.715+0000] {dagbag.py:525} INFO - Filling up the DagBag from /home/airflow/.local/lib/python3.7/site-packages/airflow/example_dags/example_latest_only_with_trigger.py
[2025-12-05T01:00:56.722+0000] {processor.py:768} INFO - DAG(s) dict_keys(['latest_only_with_trigger']) retrieved from /home/airflow/.local/lib/python3.7/site-packages/airflow/example_dags/example_latest_only_with_trigger.py
[2025-12-05T01:00:56.742+0000] {logging_mixin.py:117} INFO - [2025-12-05T01:00:56.742+0000] {dag.py:2573} INFO - Sync 1 DAGs
[2025-12-05T01:00:56.753+0000] {logging_mixin.py:117} INFO - [2025-12-05T01:00:56.753+0000] {dag.py:3328} INFO - Setting next_dagrun for latest_only_with_trigger to 2025-12-04T21:00:56.753644+00:00, run_after=2025-12-05T01:00:56.753644+00:00
[2025-12-05T01:00:56.762+0000] {processor.py:178} INFO - Processing /home/airflow/.local/lib/python3.7/site-packages/airflow/example_dags/example_latest_only_with_trigger.py took 0.049 seconds
[2025-12-05T01:01:27.149+0000] {processor.py:156} INFO - Started process (PID=6277) to work on /home/airflow/.local/lib/python3.7/site-packages/airflow/example_dags/example_latest_only_with_trigger.py
[2025-12-05T01:01:27.150+0000] {processor.py:758} INFO - Processing file /home/airflow/.local/lib/python3.7/site-packages/airflow/example_dags/example_latest_only_with_trigger.py for tasks to queue
[2025-12-05T01:01:27.150+0000] {logging_mixin.py:117} INFO - [2025-12-05T01:01:27.150+0000] {dagbag.py:525} INFO - Filling up the DagBag from /home/airflow/.local/lib/python3.7/site-packages/airflow/example_dags/example_latest_only_with_trigger.py
[2025-12-05T01:01:27.157+0000] {processor.py:768} INFO - DAG(s) dict_keys(['latest_only_with_trigger']) retrieved from /home/airflow/.local/lib/python3.7/site-packages/airflow/example_dags/example_latest_only_with_trigger.py
[2025-12-05T01:01:27.177+0000] {logging_mixin.py:117} INFO - [2025-12-05T01:01:27.177+0000] {dag.py:2573} INFO - Sync 1 DAGs
[2025-12-05T01:01:27.189+0000] {logging_mixin.py:117} INFO - [2025-12-05T01:01:27.189+0000] {dag.py:3328} INFO - Setting next_dagrun for latest_only_with_trigger to 2025-12-04T21:01:27.189003+00:00, run_after=2025-12-05T01:01:27.189003+00:00
[2025-12-05T01:01:27.197+0000] {processor.py:178} INFO - Processing /home/airflow/.local/lib/python3.7/site-packages/airflow/example_dags/example_latest_only_with_trigger.py took 0.049 seconds
[2025-12-05T01:01:58.315+0000] {processor.py:156} INFO - Started process (PID=6478) to work on /home/airflow/.local/lib/python3.7/site-packages/airflow/example_dags/example_latest_only_with_trigger.py
[2025-12-05T01:01:58.316+0000] {processor.py:758} INFO - Processing file /home/airflow/.local/lib/python3.7/site-packages/airflow/example_dags/example_latest_only_with_trigger.py for tasks to queue
[2025-12-05T01:01:58.319+0000] {logging_mixin.py:117} INFO - [2025-12-05T01:01:58.319+0000] {dagbag.py:525} INFO - Filling up the DagBag from /home/airflow/.local/lib/python3.7/site-packages/airflow/example_dags/example_latest_only_with_trigger.py
[2025-12-05T01:01:58.327+0000] {processor.py:768} INFO - DAG(s) dict_keys(['latest_only_with_trigger']) retrieved from /home/airflow/.local/lib/python3.7/site-packages/airflow/example_dags/example_latest_only_with_trigger.py
[2025-12-05T01:01:58.348+0000] {logging_mixin.py:117} INFO - [2025-12-05T01:01:58.348+0000] {dag.py:2573} INFO - Sync 1 DAGs
[2025-12-05T01:01:58.361+0000] {logging_mixin.py:117} INFO - [2025-12-05T01:01:58.361+0000] {dag.py:3328} INFO - Setting next_dagrun for latest_only_with_trigger to 2025-12-04T21:01:58.361015+00:00, run_after=2025-12-05T01:01:58.361015+00:00
[2025-12-05T01:01:58.369+0000] {processor.py:178} INFO - Processing /home/airflow/.local/lib/python3.7/site-packages/airflow/example_dags/example_latest_only_with_trigger.py took 0.056 seconds
[2025-12-05T01:02:29.137+0000] {processor.py:156} INFO - Started process (PID=6679) to work on /home/airflow/.local/lib/python3.7/site-packages/airflow/example_dags/example_latest_only_with_trigger.py
[2025-12-05T01:02:29.139+0000] {processor.py:758} INFO - Processing file /home/airflow/.local/lib/python3.7/site-packages/airflow/example_dags/example_latest_only_with_trigger.py for tasks to queue
[2025-12-05T01:02:29.139+0000] {logging_mixin.py:117} INFO - [2025-12-05T01:02:29.139+0000] {dagbag.py:525} INFO - Filling up the DagBag from /home/airflow/.local/lib/python3.7/site-packages/airflow/example_dags/example_latest_only_with_trigger.py
[2025-12-05T01:02:29.146+0000] {processor.py:768} INFO - DAG(s) dict_keys(['latest_only_with_trigger']) retrieved from /home/airflow/.local/lib/python3.7/site-packages/airflow/example_dags/example_latest_only_with_trigger.py
[2025-12-05T01:02:29.166+0000] {logging_mixin.py:117} INFO - [2025-12-05T01:02:29.166+0000] {dag.py:2573} INFO - Sync 1 DAGs
[2025-12-05T01:02:29.178+0000] {logging_mixin.py:117} INFO - [2025-12-05T01:02:29.178+0000] {dag.py:3328} INFO - Setting next_dagrun for latest_only_with_trigger to 2025-12-04T21:02:29.177895+00:00, run_after=2025-12-05T01:02:29.177895+00:00
[2025-12-05T01:02:29.186+0000] {processor.py:178} INFO - Processing /home/airflow/.local/lib/python3.7/site-packages/airflow/example_dags/example_latest_only_with_trigger.py took 0.051 seconds
[2025-12-05T01:02:59.378+0000] {processor.py:156} INFO - Started process (PID=6882) to work on /home/airflow/.local/lib/python3.7/site-packages/airflow/example_dags/example_latest_only_with_trigger.py
[2025-12-05T01:02:59.379+0000] {processor.py:758} INFO - Processing file /home/airflow/.local/lib/python3.7/site-packages/airflow/example_dags/example_latest_only_with_trigger.py for tasks to queue
[2025-12-05T01:02:59.380+0000] {logging_mixin.py:117} INFO - [2025-12-05T01:02:59.379+0000] {dagbag.py:525} INFO - Filling up the DagBag from /home/airflow/.local/lib/python3.7/site-packages/airflow/example_dags/example_latest_only_with_trigger.py
[2025-12-05T01:02:59.391+0000] {processor.py:768} INFO - DAG(s) dict_keys(['latest_only_with_trigger']) retrieved from /home/airflow/.local/lib/python3.7/site-packages/airflow/example_dags/example_latest_only_with_trigger.py
[2025-12-05T01:02:59.413+0000] {logging_mixin.py:117} INFO - [2025-12-05T01:02:59.413+0000] {dag.py:2573} INFO - Sync 1 DAGs
[2025-12-05T01:02:59.424+0000] {logging_mixin.py:117} INFO - [2025-12-05T01:02:59.424+0000] {dag.py:3328} INFO - Setting next_dagrun for latest_only_with_trigger to 2025-12-04T21:02:59.424208+00:00, run_after=2025-12-05T01:02:59.424208+00:00
[2025-12-05T01:02:59.432+0000] {processor.py:178} INFO - Processing /home/airflow/.local/lib/python3.7/site-packages/airflow/example_dags/example_latest_only_with_trigger.py took 0.059 seconds
[2025-12-05T01:03:30.290+0000] {processor.py:156} INFO - Started process (PID=7081) to work on /home/airflow/.local/lib/python3.7/site-packages/airflow/example_dags/example_latest_only_with_trigger.py
[2025-12-05T01:03:30.291+0000] {processor.py:758} INFO - Processing file /home/airflow/.local/lib/python3.7/site-packages/airflow/example_dags/example_latest_only_with_trigger.py for tasks to queue
[2025-12-05T01:03:30.291+0000] {logging_mixin.py:117} INFO - [2025-12-05T01:03:30.291+0000] {dagbag.py:525} INFO - Filling up the DagBag from /home/airflow/.local/lib/python3.7/site-packages/airflow/example_dags/example_latest_only_with_trigger.py
[2025-12-05T01:03:30.298+0000] {processor.py:768} INFO - DAG(s) dict_keys(['latest_only_with_trigger']) retrieved from /home/airflow/.local/lib/python3.7/site-packages/airflow/example_dags/example_latest_only_with_trigger.py
[2025-12-05T01:03:30.318+0000] {logging_mixin.py:117} INFO - [2025-12-05T01:03:30.318+0000] {dag.py:2573} INFO - Sync 1 DAGs
[2025-12-05T01:03:30.330+0000] {logging_mixin.py:117} INFO - [2025-12-05T01:03:30.330+0000] {dag.py:3328} INFO - Setting next_dagrun for latest_only_with_trigger to 2025-12-04T21:03:30.330332+00:00, run_after=2025-12-05T01:03:30.330332+00:00
[2025-12-05T01:03:30.340+0000] {processor.py:178} INFO - Processing /home/airflow/.local/lib/python3.7/site-packages/airflow/example_dags/example_latest_only_with_trigger.py took 0.051 seconds
[2025-12-05T01:04:01.263+0000] {processor.py:156} INFO - Started process (PID=7281) to work on /home/airflow/.local/lib/python3.7/site-packages/airflow/example_dags/example_latest_only_with_trigger.py
[2025-12-05T01:04:01.263+0000] {processor.py:758} INFO - Processing file /home/airflow/.local/lib/python3.7/site-packages/airflow/example_dags/example_latest_only_with_trigger.py for tasks to queue
[2025-12-05T01:04:01.264+0000] {logging_mixin.py:117} INFO - [2025-12-05T01:04:01.264+0000] {dagbag.py:525} INFO - Filling up the DagBag from /home/airflow/.local/lib/python3.7/site-packages/airflow/example_dags/example_latest_only_with_trigger.py
[2025-12-05T01:04:01.270+0000] {processor.py:768} INFO - DAG(s) dict_keys(['latest_only_with_trigger']) retrieved from /home/airflow/.local/lib/python3.7/site-packages/airflow/example_dags/example_latest_only_with_trigger.py
[2025-12-05T01:04:01.289+0000] {logging_mixin.py:117} INFO - [2025-12-05T01:04:01.289+0000] {dag.py:2573} INFO - Sync 1 DAGs
[2025-12-05T01:04:01.303+0000] {logging_mixin.py:117} INFO - [2025-12-05T01:04:01.303+0000] {dag.py:3328} INFO - Setting next_dagrun for latest_only_with_trigger to 2025-12-04T21:04:01.303250+00:00, run_after=2025-12-05T01:04:01.303250+00:00
[2025-12-05T01:04:01.311+0000] {processor.py:178} INFO - Processing /home/airflow/.local/lib/python3.7/site-packages/airflow/example_dags/example_latest_only_with_trigger.py took 0.050 seconds
[2025-12-05T01:04:31.976+0000] {processor.py:156} INFO - Started process (PID=7482) to work on /home/airflow/.local/lib/python3.7/site-packages/airflow/example_dags/example_latest_only_with_trigger.py
[2025-12-05T01:04:31.977+0000] {processor.py:758} INFO - Processing file /home/airflow/.local/lib/python3.7/site-packages/airflow/example_dags/example_latest_only_with_trigger.py for tasks to queue
[2025-12-05T01:04:31.977+0000] {logging_mixin.py:117} INFO - [2025-12-05T01:04:31.977+0000] {dagbag.py:525} INFO - Filling up the DagBag from /home/airflow/.local/lib/python3.7/site-packages/airflow/example_dags/example_latest_only_with_trigger.py
[2025-12-05T01:04:31.985+0000] {processor.py:768} INFO - DAG(s) dict_keys(['latest_only_with_trigger']) retrieved from /home/airflow/.local/lib/python3.7/site-packages/airflow/example_dags/example_latest_only_with_trigger.py
[2025-12-05T01:04:32.006+0000] {logging_mixin.py:117} INFO - [2025-12-05T01:04:32.006+0000] {dag.py:2573} INFO - Sync 1 DAGs
[2025-12-05T01:04:32.018+0000] {logging_mixin.py:117} INFO - [2025-12-05T01:04:32.018+0000] {dag.py:3328} INFO - Setting next_dagrun for latest_only_with_trigger to 2025-12-04T21:04:32.018454+00:00, run_after=2025-12-05T01:04:32.018454+00:00
[2025-12-05T01:04:32.026+0000] {processor.py:178} INFO - Processing /home/airflow/.local/lib/python3.7/site-packages/airflow/example_dags/example_latest_only_with_trigger.py took 0.051 seconds
[2025-12-05T01:05:02.713+0000] {processor.py:156} INFO - Started process (PID=7683) to work on /home/airflow/.local/lib/python3.7/site-packages/airflow/example_dags/example_latest_only_with_trigger.py
[2025-12-05T01:05:02.713+0000] {processor.py:758} INFO - Processing file /home/airflow/.local/lib/python3.7/site-packages/airflow/example_dags/example_latest_only_with_trigger.py for tasks to queue
[2025-12-05T01:05:02.714+0000] {logging_mixin.py:117} INFO - [2025-12-05T01:05:02.714+0000] {dagbag.py:525} INFO - Filling up the DagBag from /home/airflow/.local/lib/python3.7/site-packages/airflow/example_dags/example_latest_only_with_trigger.py
[2025-12-05T01:05:02.721+0000] {processor.py:768} INFO - DAG(s) dict_keys(['latest_only_with_trigger']) retrieved from /home/airflow/.local/lib/python3.7/site-packages/airflow/example_dags/example_latest_only_with_trigger.py
[2025-12-05T01:05:02.742+0000] {logging_mixin.py:117} INFO - [2025-12-05T01:05:02.742+0000] {dag.py:2573} INFO - Sync 1 DAGs
[2025-12-05T01:05:02.755+0000] {logging_mixin.py:117} INFO - [2025-12-05T01:05:02.755+0000] {dag.py:3328} INFO - Setting next_dagrun for latest_only_with_trigger to 2025-12-04T21:05:02.755590+00:00, run_after=2025-12-05T01:05:02.755590+00:00
[2025-12-05T01:05:02.765+0000] {processor.py:178} INFO - Processing /home/airflow/.local/lib/python3.7/site-packages/airflow/example_dags/example_latest_only_with_trigger.py took 0.053 seconds
[2025-12-05T01:05:33.586+0000] {processor.py:156} INFO - Started process (PID=7886) to work on /home/airflow/.local/lib/python3.7/site-packages/airflow/example_dags/example_latest_only_with_trigger.py
[2025-12-05T01:05:33.586+0000] {processor.py:758} INFO - Processing file /home/airflow/.local/lib/python3.7/site-packages/airflow/example_dags/example_latest_only_with_trigger.py for tasks to queue
[2025-12-05T01:05:33.587+0000] {logging_mixin.py:117} INFO - [2025-12-05T01:05:33.586+0000] {dagbag.py:525} INFO - Filling up the DagBag from /home/airflow/.local/lib/python3.7/site-packages/airflow/example_dags/example_latest_only_with_trigger.py
[2025-12-05T01:05:33.594+0000] {processor.py:768} INFO - DAG(s) dict_keys(['latest_only_with_trigger']) retrieved from /home/airflow/.local/lib/python3.7/site-packages/airflow/example_dags/example_latest_only_with_trigger.py
[2025-12-05T01:05:33.612+0000] {logging_mixin.py:117} INFO - [2025-12-05T01:05:33.612+0000] {dag.py:2573} INFO - Sync 1 DAGs
[2025-12-05T01:05:33.623+0000] {logging_mixin.py:117} INFO - [2025-12-05T01:05:33.623+0000] {dag.py:3328} INFO - Setting next_dagrun for latest_only_with_trigger to 2025-12-04T21:05:33.622967+00:00, run_after=2025-12-05T01:05:33.622967+00:00
[2025-12-05T01:05:33.631+0000] {processor.py:178} INFO - Processing /home/airflow/.local/lib/python3.7/site-packages/airflow/example_dags/example_latest_only_with_trigger.py took 0.048 seconds
[2025-12-05T01:06:04.560+0000] {processor.py:156} INFO - Started process (PID=8085) to work on /home/airflow/.local/lib/python3.7/site-packages/airflow/example_dags/example_latest_only_with_trigger.py
[2025-12-05T01:06:04.562+0000] {processor.py:758} INFO - Processing file /home/airflow/.local/lib/python3.7/site-packages/airflow/example_dags/example_latest_only_with_trigger.py for tasks to queue
[2025-12-05T01:06:04.563+0000] {logging_mixin.py:117} INFO - [2025-12-05T01:06:04.563+0000] {dagbag.py:525} INFO - Filling up the DagBag from /home/airflow/.local/lib/python3.7/site-packages/airflow/example_dags/example_latest_only_with_trigger.py
[2025-12-05T01:06:04.570+0000] {processor.py:768} INFO - DAG(s) dict_keys(['latest_only_with_trigger']) retrieved from /home/airflow/.local/lib/python3.7/site-packages/airflow/example_dags/example_latest_only_with_trigger.py
[2025-12-05T01:06:04.590+0000] {logging_mixin.py:117} INFO - [2025-12-05T01:06:04.590+0000] {dag.py:2573} INFO - Sync 1 DAGs
[2025-12-05T01:06:04.602+0000] {logging_mixin.py:117} INFO - [2025-12-05T01:06:04.602+0000] {dag.py:3328} INFO - Setting next_dagrun for latest_only_with_trigger to 2025-12-04T21:06:04.602000+00:00, run_after=2025-12-05T01:06:04.602000+00:00
[2025-12-05T01:06:04.616+0000] {processor.py:178} INFO - Processing /home/airflow/.local/lib/python3.7/site-packages/airflow/example_dags/example_latest_only_with_trigger.py took 0.057 seconds
[2025-12-05T01:06:35.840+0000] {processor.py:156} INFO - Started process (PID=8286) to work on /home/airflow/.local/lib/python3.7/site-packages/airflow/example_dags/example_latest_only_with_trigger.py
[2025-12-05T01:06:35.841+0000] {processor.py:758} INFO - Processing file /home/airflow/.local/lib/python3.7/site-packages/airflow/example_dags/example_latest_only_with_trigger.py for tasks to queue
[2025-12-05T01:06:35.842+0000] {logging_mixin.py:117} INFO - [2025-12-05T01:06:35.842+0000] {dagbag.py:525} INFO - Filling up the DagBag from /home/airflow/.local/lib/python3.7/site-packages/airflow/example_dags/example_latest_only_with_trigger.py
[2025-12-05T01:06:35.852+0000] {processor.py:768} INFO - DAG(s) dict_keys(['latest_only_with_trigger']) retrieved from /home/airflow/.local/lib/python3.7/site-packages/airflow/example_dags/example_latest_only_with_trigger.py
[2025-12-05T01:06:35.875+0000] {logging_mixin.py:117} INFO - [2025-12-05T01:06:35.875+0000] {dag.py:2573} INFO - Sync 1 DAGs
[2025-12-05T01:06:35.888+0000] {logging_mixin.py:117} INFO - [2025-12-05T01:06:35.888+0000] {dag.py:3328} INFO - Setting next_dagrun for latest_only_with_trigger to 2025-12-04T21:06:35.888489+00:00, run_after=2025-12-05T01:06:35.888489+00:00
[2025-12-05T01:06:35.903+0000] {processor.py:178} INFO - Processing /home/airflow/.local/lib/python3.7/site-packages/airflow/example_dags/example_latest_only_with_trigger.py took 0.065 seconds
[2025-12-05T01:07:06.366+0000] {processor.py:156} INFO - Started process (PID=8487) to work on /home/airflow/.local/lib/python3.7/site-packages/airflow/example_dags/example_latest_only_with_trigger.py
[2025-12-05T01:07:06.367+0000] {processor.py:758} INFO - Processing file /home/airflow/.local/lib/python3.7/site-packages/airflow/example_dags/example_latest_only_with_trigger.py for tasks to queue
[2025-12-05T01:07:06.367+0000] {logging_mixin.py:117} INFO - [2025-12-05T01:07:06.367+0000] {dagbag.py:525} INFO - Filling up the DagBag from /home/airflow/.local/lib/python3.7/site-packages/airflow/example_dags/example_latest_only_with_trigger.py
[2025-12-05T01:07:06.380+0000] {processor.py:768} INFO - DAG(s) dict_keys(['latest_only_with_trigger']) retrieved from /home/airflow/.local/lib/python3.7/site-packages/airflow/example_dags/example_latest_only_with_trigger.py
[2025-12-05T01:07:06.423+0000] {logging_mixin.py:117} INFO - [2025-12-05T01:07:06.423+0000] {dag.py:2573} INFO - Sync 1 DAGs
[2025-12-05T01:07:06.438+0000] {logging_mixin.py:117} INFO - [2025-12-05T01:07:06.437+0000] {dag.py:3328} INFO - Setting next_dagrun for latest_only_with_trigger to 2025-12-04T21:07:06.437882+00:00, run_after=2025-12-05T01:07:06.437882+00:00
[2025-12-05T01:07:06.446+0000] {processor.py:178} INFO - Processing /home/airflow/.local/lib/python3.7/site-packages/airflow/example_dags/example_latest_only_with_trigger.py took 0.083 seconds
[2025-12-05T01:07:36.501+0000] {processor.py:156} INFO - Started process (PID=8688) to work on /home/airflow/.local/lib/python3.7/site-packages/airflow/example_dags/example_latest_only_with_trigger.py
[2025-12-05T01:07:36.503+0000] {processor.py:758} INFO - Processing file /home/airflow/.local/lib/python3.7/site-packages/airflow/example_dags/example_latest_only_with_trigger.py for tasks to queue
[2025-12-05T01:07:36.503+0000] {logging_mixin.py:117} INFO - [2025-12-05T01:07:36.503+0000] {dagbag.py:525} INFO - Filling up the DagBag from /home/airflow/.local/lib/python3.7/site-packages/airflow/example_dags/example_latest_only_with_trigger.py
[2025-12-05T01:07:36.511+0000] {processor.py:768} INFO - DAG(s) dict_keys(['latest_only_with_trigger']) retrieved from /home/airflow/.local/lib/python3.7/site-packages/airflow/example_dags/example_latest_only_with_trigger.py
[2025-12-05T01:07:36.530+0000] {logging_mixin.py:117} INFO - [2025-12-05T01:07:36.530+0000] {dag.py:2573} INFO - Sync 1 DAGs
[2025-12-05T01:07:36.542+0000] {logging_mixin.py:117} INFO - [2025-12-05T01:07:36.542+0000] {dag.py:3328} INFO - Setting next_dagrun for latest_only_with_trigger to 2025-12-04T21:07:36.542327+00:00, run_after=2025-12-05T01:07:36.542327+00:00
[2025-12-05T01:07:36.557+0000] {processor.py:178} INFO - Processing /home/airflow/.local/lib/python3.7/site-packages/airflow/example_dags/example_latest_only_with_trigger.py took 0.058 seconds
[2025-12-05T01:08:06.824+0000] {processor.py:156} INFO - Started process (PID=8889) to work on /home/airflow/.local/lib/python3.7/site-packages/airflow/example_dags/example_latest_only_with_trigger.py
[2025-12-05T01:08:06.825+0000] {processor.py:758} INFO - Processing file /home/airflow/.local/lib/python3.7/site-packages/airflow/example_dags/example_latest_only_with_trigger.py for tasks to queue
[2025-12-05T01:08:06.826+0000] {logging_mixin.py:117} INFO - [2025-12-05T01:08:06.826+0000] {dagbag.py:525} INFO - Filling up the DagBag from /home/airflow/.local/lib/python3.7/site-packages/airflow/example_dags/example_latest_only_with_trigger.py
[2025-12-05T01:08:06.838+0000] {processor.py:768} INFO - DAG(s) dict_keys(['latest_only_with_trigger']) retrieved from /home/airflow/.local/lib/python3.7/site-packages/airflow/example_dags/example_latest_only_with_trigger.py
[2025-12-05T01:08:06.860+0000] {logging_mixin.py:117} INFO - [2025-12-05T01:08:06.859+0000] {dag.py:2573} INFO - Sync 1 DAGs
[2025-12-05T01:08:06.876+0000] {logging_mixin.py:117} INFO - [2025-12-05T01:08:06.875+0000] {dag.py:3328} INFO - Setting next_dagrun for latest_only_with_trigger to 2025-12-04T21:08:06.875792+00:00, run_after=2025-12-05T01:08:06.875792+00:00
[2025-12-05T01:08:06.884+0000] {processor.py:178} INFO - Processing /home/airflow/.local/lib/python3.7/site-packages/airflow/example_dags/example_latest_only_with_trigger.py took 0.063 seconds
[2025-12-05T01:08:37.240+0000] {processor.py:156} INFO - Started process (PID=9090) to work on /home/airflow/.local/lib/python3.7/site-packages/airflow/example_dags/example_latest_only_with_trigger.py
[2025-12-05T01:08:37.241+0000] {processor.py:758} INFO - Processing file /home/airflow/.local/lib/python3.7/site-packages/airflow/example_dags/example_latest_only_with_trigger.py for tasks to queue
[2025-12-05T01:08:37.242+0000] {logging_mixin.py:117} INFO - [2025-12-05T01:08:37.242+0000] {dagbag.py:525} INFO - Filling up the DagBag from /home/airflow/.local/lib/python3.7/site-packages/airflow/example_dags/example_latest_only_with_trigger.py
[2025-12-05T01:08:37.250+0000] {processor.py:768} INFO - DAG(s) dict_keys(['latest_only_with_trigger']) retrieved from /home/airflow/.local/lib/python3.7/site-packages/airflow/example_dags/example_latest_only_with_trigger.py
[2025-12-05T01:08:37.272+0000] {logging_mixin.py:117} INFO - [2025-12-05T01:08:37.272+0000] {dag.py:2573} INFO - Sync 1 DAGs
[2025-12-05T01:08:37.285+0000] {logging_mixin.py:117} INFO - [2025-12-05T01:08:37.285+0000] {dag.py:3328} INFO - Setting next_dagrun for latest_only_with_trigger to 2025-12-04T21:08:37.285467+00:00, run_after=2025-12-05T01:08:37.285467+00:00
[2025-12-05T01:08:37.293+0000] {processor.py:178} INFO - Processing /home/airflow/.local/lib/python3.7/site-packages/airflow/example_dags/example_latest_only_with_trigger.py took 0.055 seconds
[2025-12-05T01:09:07.437+0000] {processor.py:156} INFO - Started process (PID=9291) to work on /home/airflow/.local/lib/python3.7/site-packages/airflow/example_dags/example_latest_only_with_trigger.py
[2025-12-05T01:09:07.438+0000] {processor.py:758} INFO - Processing file /home/airflow/.local/lib/python3.7/site-packages/airflow/example_dags/example_latest_only_with_trigger.py for tasks to queue
[2025-12-05T01:09:07.442+0000] {logging_mixin.py:117} INFO - [2025-12-05T01:09:07.442+0000] {dagbag.py:525} INFO - Filling up the DagBag from /home/airflow/.local/lib/python3.7/site-packages/airflow/example_dags/example_latest_only_with_trigger.py
[2025-12-05T01:09:07.448+0000] {processor.py:768} INFO - DAG(s) dict_keys(['latest_only_with_trigger']) retrieved from /home/airflow/.local/lib/python3.7/site-packages/airflow/example_dags/example_latest_only_with_trigger.py
[2025-12-05T01:09:07.476+0000] {logging_mixin.py:117} INFO - [2025-12-05T01:09:07.476+0000] {dag.py:2573} INFO - Sync 1 DAGs
[2025-12-05T01:09:07.487+0000] {logging_mixin.py:117} INFO - [2025-12-05T01:09:07.487+0000] {dag.py:3328} INFO - Setting next_dagrun for latest_only_with_trigger to 2025-12-04T21:09:07.487057+00:00, run_after=2025-12-05T01:09:07.487057+00:00
[2025-12-05T01:09:07.495+0000] {processor.py:178} INFO - Processing /home/airflow/.local/lib/python3.7/site-packages/airflow/example_dags/example_latest_only_with_trigger.py took 0.060 seconds
[2025-12-05T01:09:37.670+0000] {processor.py:156} INFO - Started process (PID=9492) to work on /home/airflow/.local/lib/python3.7/site-packages/airflow/example_dags/example_latest_only_with_trigger.py
[2025-12-05T01:09:37.670+0000] {processor.py:758} INFO - Processing file /home/airflow/.local/lib/python3.7/site-packages/airflow/example_dags/example_latest_only_with_trigger.py for tasks to queue
[2025-12-05T01:09:37.672+0000] {logging_mixin.py:117} INFO - [2025-12-05T01:09:37.672+0000] {dagbag.py:525} INFO - Filling up the DagBag from /home/airflow/.local/lib/python3.7/site-packages/airflow/example_dags/example_latest_only_with_trigger.py
[2025-12-05T01:09:37.678+0000] {processor.py:768} INFO - DAG(s) dict_keys(['latest_only_with_trigger']) retrieved from /home/airflow/.local/lib/python3.7/site-packages/airflow/example_dags/example_latest_only_with_trigger.py
[2025-12-05T01:09:37.700+0000] {logging_mixin.py:117} INFO - [2025-12-05T01:09:37.700+0000] {dag.py:2573} INFO - Sync 1 DAGs
[2025-12-05T01:09:37.714+0000] {logging_mixin.py:117} INFO - [2025-12-05T01:09:37.714+0000] {dag.py:3328} INFO - Setting next_dagrun for latest_only_with_trigger to 2025-12-04T21:09:37.714648+00:00, run_after=2025-12-05T01:09:37.714648+00:00
[2025-12-05T01:09:37.727+0000] {processor.py:178} INFO - Processing /home/airflow/.local/lib/python3.7/site-packages/airflow/example_dags/example_latest_only_with_trigger.py took 0.061 seconds
[2025-12-05T01:10:08.782+0000] {processor.py:156} INFO - Started process (PID=9693) to work on /home/airflow/.local/lib/python3.7/site-packages/airflow/example_dags/example_latest_only_with_trigger.py
[2025-12-05T01:10:08.783+0000] {processor.py:758} INFO - Processing file /home/airflow/.local/lib/python3.7/site-packages/airflow/example_dags/example_latest_only_with_trigger.py for tasks to queue
[2025-12-05T01:10:08.784+0000] {logging_mixin.py:117} INFO - [2025-12-05T01:10:08.784+0000] {dagbag.py:525} INFO - Filling up the DagBag from /home/airflow/.local/lib/python3.7/site-packages/airflow/example_dags/example_latest_only_with_trigger.py
[2025-12-05T01:10:08.792+0000] {processor.py:768} INFO - DAG(s) dict_keys(['latest_only_with_trigger']) retrieved from /home/airflow/.local/lib/python3.7/site-packages/airflow/example_dags/example_latest_only_with_trigger.py
[2025-12-05T01:10:08.815+0000] {logging_mixin.py:117} INFO - [2025-12-05T01:10:08.814+0000] {dag.py:2573} INFO - Sync 1 DAGs
[2025-12-05T01:10:08.827+0000] {logging_mixin.py:117} INFO - [2025-12-05T01:10:08.827+0000] {dag.py:3328} INFO - Setting next_dagrun for latest_only_with_trigger to 2025-12-04T21:10:08.827739+00:00, run_after=2025-12-05T01:10:08.827739+00:00
[2025-12-05T01:10:08.838+0000] {processor.py:178} INFO - Processing /home/airflow/.local/lib/python3.7/site-packages/airflow/example_dags/example_latest_only_with_trigger.py took 0.064 seconds
[2025-12-05T01:10:39.712+0000] {processor.py:156} INFO - Started process (PID=9894) to work on /home/airflow/.local/lib/python3.7/site-packages/airflow/example_dags/example_latest_only_with_trigger.py
[2025-12-05T01:10:39.712+0000] {processor.py:758} INFO - Processing file /home/airflow/.local/lib/python3.7/site-packages/airflow/example_dags/example_latest_only_with_trigger.py for tasks to queue
[2025-12-05T01:10:39.713+0000] {logging_mixin.py:117} INFO - [2025-12-05T01:10:39.712+0000] {dagbag.py:525} INFO - Filling up the DagBag from /home/airflow/.local/lib/python3.7/site-packages/airflow/example_dags/example_latest_only_with_trigger.py
[2025-12-05T01:10:39.719+0000] {processor.py:768} INFO - DAG(s) dict_keys(['latest_only_with_trigger']) retrieved from /home/airflow/.local/lib/python3.7/site-packages/airflow/example_dags/example_latest_only_with_trigger.py
[2025-12-05T01:10:39.740+0000] {logging_mixin.py:117} INFO - [2025-12-05T01:10:39.739+0000] {dag.py:2573} INFO - Sync 1 DAGs
[2025-12-05T01:10:39.750+0000] {logging_mixin.py:117} INFO - [2025-12-05T01:10:39.750+0000] {dag.py:3328} INFO - Setting next_dagrun for latest_only_with_trigger to 2025-12-04T21:10:39.750334+00:00, run_after=2025-12-05T01:10:39.750334+00:00
[2025-12-05T01:10:39.758+0000] {processor.py:178} INFO - Processing /home/airflow/.local/lib/python3.7/site-packages/airflow/example_dags/example_latest_only_with_trigger.py took 0.048 seconds
[2025-12-05T01:11:10.567+0000] {processor.py:156} INFO - Started process (PID=10102) to work on /home/airflow/.local/lib/python3.7/site-packages/airflow/example_dags/example_latest_only_with_trigger.py
[2025-12-05T01:11:10.568+0000] {processor.py:758} INFO - Processing file /home/airflow/.local/lib/python3.7/site-packages/airflow/example_dags/example_latest_only_with_trigger.py for tasks to queue
[2025-12-05T01:11:10.568+0000] {logging_mixin.py:117} INFO - [2025-12-05T01:11:10.568+0000] {dagbag.py:525} INFO - Filling up the DagBag from /home/airflow/.local/lib/python3.7/site-packages/airflow/example_dags/example_latest_only_with_trigger.py
[2025-12-05T01:11:10.578+0000] {processor.py:768} INFO - DAG(s) dict_keys(['latest_only_with_trigger']) retrieved from /home/airflow/.local/lib/python3.7/site-packages/airflow/example_dags/example_latest_only_with_trigger.py
[2025-12-05T01:11:10.602+0000] {logging_mixin.py:117} INFO - [2025-12-05T01:11:10.602+0000] {dag.py:2573} INFO - Sync 1 DAGs
[2025-12-05T01:11:10.629+0000] {logging_mixin.py:117} INFO - [2025-12-05T01:11:10.629+0000] {dag.py:3328} INFO - Setting next_dagrun for latest_only_with_trigger to 2025-12-04T21:11:10.629515+00:00, run_after=2025-12-05T01:11:10.629515+00:00
[2025-12-05T01:11:10.643+0000] {processor.py:178} INFO - Processing /home/airflow/.local/lib/python3.7/site-packages/airflow/example_dags/example_latest_only_with_trigger.py took 0.079 seconds
[2025-12-05T01:11:41.360+0000] {processor.py:156} INFO - Started process (PID=10302) to work on /home/airflow/.local/lib/python3.7/site-packages/airflow/example_dags/example_latest_only_with_trigger.py
[2025-12-05T01:11:41.361+0000] {processor.py:758} INFO - Processing file /home/airflow/.local/lib/python3.7/site-packages/airflow/example_dags/example_latest_only_with_trigger.py for tasks to queue
[2025-12-05T01:11:41.361+0000] {logging_mixin.py:117} INFO - [2025-12-05T01:11:41.361+0000] {dagbag.py:525} INFO - Filling up the DagBag from /home/airflow/.local/lib/python3.7/site-packages/airflow/example_dags/example_latest_only_with_trigger.py
[2025-12-05T01:11:41.368+0000] {processor.py:768} INFO - DAG(s) dict_keys(['latest_only_with_trigger']) retrieved from /home/airflow/.local/lib/python3.7/site-packages/airflow/example_dags/example_latest_only_with_trigger.py
[2025-12-05T01:11:41.387+0000] {logging_mixin.py:117} INFO - [2025-12-05T01:11:41.387+0000] {dag.py:2573} INFO - Sync 1 DAGs
[2025-12-05T01:11:41.398+0000] {logging_mixin.py:117} INFO - [2025-12-05T01:11:41.398+0000] {dag.py:3328} INFO - Setting next_dagrun for latest_only_with_trigger to 2025-12-04T21:11:41.398535+00:00, run_after=2025-12-05T01:11:41.398535+00:00
[2025-12-05T01:11:41.408+0000] {processor.py:178} INFO - Processing /home/airflow/.local/lib/python3.7/site-packages/airflow/example_dags/example_latest_only_with_trigger.py took 0.050 seconds
[2025-12-05T01:12:12.678+0000] {processor.py:156} INFO - Started process (PID=10502) to work on /home/airflow/.local/lib/python3.7/site-packages/airflow/example_dags/example_latest_only_with_trigger.py
[2025-12-05T01:12:12.681+0000] {processor.py:758} INFO - Processing file /home/airflow/.local/lib/python3.7/site-packages/airflow/example_dags/example_latest_only_with_trigger.py for tasks to queue
[2025-12-05T01:12:12.681+0000] {logging_mixin.py:117} INFO - [2025-12-05T01:12:12.681+0000] {dagbag.py:525} INFO - Filling up the DagBag from /home/airflow/.local/lib/python3.7/site-packages/airflow/example_dags/example_latest_only_with_trigger.py
[2025-12-05T01:12:12.692+0000] {processor.py:768} INFO - DAG(s) dict_keys(['latest_only_with_trigger']) retrieved from /home/airflow/.local/lib/python3.7/site-packages/airflow/example_dags/example_latest_only_with_trigger.py
[2025-12-05T01:12:12.718+0000] {logging_mixin.py:117} INFO - [2025-12-05T01:12:12.718+0000] {dag.py:2573} INFO - Sync 1 DAGs
[2025-12-05T01:12:12.731+0000] {logging_mixin.py:117} INFO - [2025-12-05T01:12:12.731+0000] {dag.py:3328} INFO - Setting next_dagrun for latest_only_with_trigger to 2025-12-04T21:12:12.731509+00:00, run_after=2025-12-05T01:12:12.731509+00:00
[2025-12-05T01:12:12.741+0000] {processor.py:178} INFO - Processing /home/airflow/.local/lib/python3.7/site-packages/airflow/example_dags/example_latest_only_with_trigger.py took 0.066 seconds
[2025-12-05T01:12:42.797+0000] {processor.py:156} INFO - Started process (PID=10705) to work on /home/airflow/.local/lib/python3.7/site-packages/airflow/example_dags/example_latest_only_with_trigger.py
[2025-12-05T01:12:42.797+0000] {processor.py:758} INFO - Processing file /home/airflow/.local/lib/python3.7/site-packages/airflow/example_dags/example_latest_only_with_trigger.py for tasks to queue
[2025-12-05T01:12:42.798+0000] {logging_mixin.py:117} INFO - [2025-12-05T01:12:42.798+0000] {dagbag.py:525} INFO - Filling up the DagBag from /home/airflow/.local/lib/python3.7/site-packages/airflow/example_dags/example_latest_only_with_trigger.py
[2025-12-05T01:12:42.805+0000] {processor.py:768} INFO - DAG(s) dict_keys(['latest_only_with_trigger']) retrieved from /home/airflow/.local/lib/python3.7/site-packages/airflow/example_dags/example_latest_only_with_trigger.py
[2025-12-05T01:12:42.818+0000] {logging_mixin.py:117} INFO - [2025-12-05T01:12:42.818+0000] {dag.py:2573} INFO - Sync 1 DAGs
[2025-12-05T01:12:42.829+0000] {logging_mixin.py:117} INFO - [2025-12-05T01:12:42.829+0000] {dag.py:3328} INFO - Setting next_dagrun for latest_only_with_trigger to 2025-12-04T21:12:42.828932+00:00, run_after=2025-12-05T01:12:42.828932+00:00
[2025-12-05T01:12:42.836+0000] {processor.py:178} INFO - Processing /home/airflow/.local/lib/python3.7/site-packages/airflow/example_dags/example_latest_only_with_trigger.py took 0.041 seconds
[2025-12-05T01:13:13.936+0000] {processor.py:156} INFO - Started process (PID=10904) to work on /home/airflow/.local/lib/python3.7/site-packages/airflow/example_dags/example_latest_only_with_trigger.py
[2025-12-05T01:13:13.939+0000] {processor.py:758} INFO - Processing file /home/airflow/.local/lib/python3.7/site-packages/airflow/example_dags/example_latest_only_with_trigger.py for tasks to queue
[2025-12-05T01:13:13.941+0000] {logging_mixin.py:117} INFO - [2025-12-05T01:13:13.941+0000] {dagbag.py:525} INFO - Filling up the DagBag from /home/airflow/.local/lib/python3.7/site-packages/airflow/example_dags/example_latest_only_with_trigger.py
[2025-12-05T01:13:13.952+0000] {processor.py:768} INFO - DAG(s) dict_keys(['latest_only_with_trigger']) retrieved from /home/airflow/.local/lib/python3.7/site-packages/airflow/example_dags/example_latest_only_with_trigger.py
[2025-12-05T01:13:13.982+0000] {logging_mixin.py:117} INFO - [2025-12-05T01:13:13.981+0000] {dag.py:2573} INFO - Sync 1 DAGs
[2025-12-05T01:13:13.994+0000] {logging_mixin.py:117} INFO - [2025-12-05T01:13:13.994+0000] {dag.py:3328} INFO - Setting next_dagrun for latest_only_with_trigger to 2025-12-04T21:13:13.993800+00:00, run_after=2025-12-05T01:13:13.993800+00:00
[2025-12-05T01:13:14.004+0000] {processor.py:178} INFO - Processing /home/airflow/.local/lib/python3.7/site-packages/airflow/example_dags/example_latest_only_with_trigger.py took 0.070 seconds
[2025-12-05T01:13:44.406+0000] {processor.py:156} INFO - Started process (PID=11105) to work on /home/airflow/.local/lib/python3.7/site-packages/airflow/example_dags/example_latest_only_with_trigger.py
[2025-12-05T01:13:44.406+0000] {processor.py:758} INFO - Processing file /home/airflow/.local/lib/python3.7/site-packages/airflow/example_dags/example_latest_only_with_trigger.py for tasks to queue
[2025-12-05T01:13:44.407+0000] {logging_mixin.py:117} INFO - [2025-12-05T01:13:44.407+0000] {dagbag.py:525} INFO - Filling up the DagBag from /home/airflow/.local/lib/python3.7/site-packages/airflow/example_dags/example_latest_only_with_trigger.py
[2025-12-05T01:13:44.414+0000] {processor.py:768} INFO - DAG(s) dict_keys(['latest_only_with_trigger']) retrieved from /home/airflow/.local/lib/python3.7/site-packages/airflow/example_dags/example_latest_only_with_trigger.py
[2025-12-05T01:13:44.435+0000] {logging_mixin.py:117} INFO - [2025-12-05T01:13:44.435+0000] {dag.py:2573} INFO - Sync 1 DAGs
[2025-12-05T01:13:44.449+0000] {logging_mixin.py:117} INFO - [2025-12-05T01:13:44.448+0000] {dag.py:3328} INFO - Setting next_dagrun for latest_only_with_trigger to 2025-12-04T21:13:44.448861+00:00, run_after=2025-12-05T01:13:44.448861+00:00
[2025-12-05T01:13:44.462+0000] {processor.py:178} INFO - Processing /home/airflow/.local/lib/python3.7/site-packages/airflow/example_dags/example_latest_only_with_trigger.py took 0.058 seconds
[2025-12-05T01:14:15.005+0000] {processor.py:156} INFO - Started process (PID=11306) to work on /home/airflow/.local/lib/python3.7/site-packages/airflow/example_dags/example_latest_only_with_trigger.py
[2025-12-05T01:14:15.006+0000] {processor.py:758} INFO - Processing file /home/airflow/.local/lib/python3.7/site-packages/airflow/example_dags/example_latest_only_with_trigger.py for tasks to queue
[2025-12-05T01:14:15.007+0000] {logging_mixin.py:117} INFO - [2025-12-05T01:14:15.007+0000] {dagbag.py:525} INFO - Filling up the DagBag from /home/airflow/.local/lib/python3.7/site-packages/airflow/example_dags/example_latest_only_with_trigger.py
[2025-12-05T01:14:15.016+0000] {processor.py:768} INFO - DAG(s) dict_keys(['latest_only_with_trigger']) retrieved from /home/airflow/.local/lib/python3.7/site-packages/airflow/example_dags/example_latest_only_with_trigger.py
[2025-12-05T01:14:15.047+0000] {logging_mixin.py:117} INFO - [2025-12-05T01:14:15.047+0000] {dag.py:2573} INFO - Sync 1 DAGs
[2025-12-05T01:14:15.062+0000] {logging_mixin.py:117} INFO - [2025-12-05T01:14:15.062+0000] {dag.py:3328} INFO - Setting next_dagrun for latest_only_with_trigger to 2025-12-04T21:14:15.062531+00:00, run_after=2025-12-05T01:14:15.062531+00:00
[2025-12-05T01:14:15.072+0000] {processor.py:178} INFO - Processing /home/airflow/.local/lib/python3.7/site-packages/airflow/example_dags/example_latest_only_with_trigger.py took 0.069 seconds
[2025-12-05T01:14:45.203+0000] {processor.py:156} INFO - Started process (PID=11507) to work on /home/airflow/.local/lib/python3.7/site-packages/airflow/example_dags/example_latest_only_with_trigger.py
[2025-12-05T01:14:45.205+0000] {processor.py:758} INFO - Processing file /home/airflow/.local/lib/python3.7/site-packages/airflow/example_dags/example_latest_only_with_trigger.py for tasks to queue
[2025-12-05T01:14:45.208+0000] {logging_mixin.py:117} INFO - [2025-12-05T01:14:45.208+0000] {dagbag.py:525} INFO - Filling up the DagBag from /home/airflow/.local/lib/python3.7/site-packages/airflow/example_dags/example_latest_only_with_trigger.py
[2025-12-05T01:14:45.215+0000] {processor.py:768} INFO - DAG(s) dict_keys(['latest_only_with_trigger']) retrieved from /home/airflow/.local/lib/python3.7/site-packages/airflow/example_dags/example_latest_only_with_trigger.py
[2025-12-05T01:14:45.245+0000] {logging_mixin.py:117} INFO - [2025-12-05T01:14:45.245+0000] {dag.py:2573} INFO - Sync 1 DAGs
[2025-12-05T01:14:45.259+0000] {logging_mixin.py:117} INFO - [2025-12-05T01:14:45.259+0000] {dag.py:3328} INFO - Setting next_dagrun for latest_only_with_trigger to 2025-12-04T21:14:45.259152+00:00, run_after=2025-12-05T01:14:45.259152+00:00
[2025-12-05T01:14:45.269+0000] {processor.py:178} INFO - Processing /home/airflow/.local/lib/python3.7/site-packages/airflow/example_dags/example_latest_only_with_trigger.py took 0.068 seconds
[2025-12-05T01:15:16.518+0000] {processor.py:156} INFO - Started process (PID=11709) to work on /home/airflow/.local/lib/python3.7/site-packages/airflow/example_dags/example_latest_only_with_trigger.py
[2025-12-05T01:15:16.522+0000] {processor.py:758} INFO - Processing file /home/airflow/.local/lib/python3.7/site-packages/airflow/example_dags/example_latest_only_with_trigger.py for tasks to queue
[2025-12-05T01:15:16.522+0000] {logging_mixin.py:117} INFO - [2025-12-05T01:15:16.522+0000] {dagbag.py:525} INFO - Filling up the DagBag from /home/airflow/.local/lib/python3.7/site-packages/airflow/example_dags/example_latest_only_with_trigger.py
[2025-12-05T01:15:16.535+0000] {processor.py:768} INFO - DAG(s) dict_keys(['latest_only_with_trigger']) retrieved from /home/airflow/.local/lib/python3.7/site-packages/airflow/example_dags/example_latest_only_with_trigger.py
[2025-12-05T01:15:16.558+0000] {logging_mixin.py:117} INFO - [2025-12-05T01:15:16.558+0000] {dag.py:2573} INFO - Sync 1 DAGs
[2025-12-05T01:15:16.575+0000] {logging_mixin.py:117} INFO - [2025-12-05T01:15:16.575+0000] {dag.py:3328} INFO - Setting next_dagrun for latest_only_with_trigger to 2025-12-04T21:15:16.574857+00:00, run_after=2025-12-05T01:15:16.574857+00:00
[2025-12-05T01:15:16.588+0000] {processor.py:178} INFO - Processing /home/airflow/.local/lib/python3.7/site-packages/airflow/example_dags/example_latest_only_with_trigger.py took 0.079 seconds
[2025-12-05T01:15:46.918+0000] {processor.py:156} INFO - Started process (PID=11910) to work on /home/airflow/.local/lib/python3.7/site-packages/airflow/example_dags/example_latest_only_with_trigger.py
[2025-12-05T01:15:46.919+0000] {processor.py:758} INFO - Processing file /home/airflow/.local/lib/python3.7/site-packages/airflow/example_dags/example_latest_only_with_trigger.py for tasks to queue
[2025-12-05T01:15:46.920+0000] {logging_mixin.py:117} INFO - [2025-12-05T01:15:46.919+0000] {dagbag.py:525} INFO - Filling up the DagBag from /home/airflow/.local/lib/python3.7/site-packages/airflow/example_dags/example_latest_only_with_trigger.py
[2025-12-05T01:15:46.929+0000] {processor.py:768} INFO - DAG(s) dict_keys(['latest_only_with_trigger']) retrieved from /home/airflow/.local/lib/python3.7/site-packages/airflow/example_dags/example_latest_only_with_trigger.py
[2025-12-05T01:15:46.953+0000] {logging_mixin.py:117} INFO - [2025-12-05T01:15:46.953+0000] {dag.py:2573} INFO - Sync 1 DAGs
[2025-12-05T01:15:46.967+0000] {logging_mixin.py:117} INFO - [2025-12-05T01:15:46.967+0000] {dag.py:3328} INFO - Setting next_dagrun for latest_only_with_trigger to 2025-12-04T21:15:46.967593+00:00, run_after=2025-12-05T01:15:46.967593+00:00
[2025-12-05T01:15:46.979+0000] {processor.py:178} INFO - Processing /home/airflow/.local/lib/python3.7/site-packages/airflow/example_dags/example_latest_only_with_trigger.py took 0.064 seconds
[2025-12-05T01:16:17.074+0000] {processor.py:156} INFO - Started process (PID=12116) to work on /home/airflow/.local/lib/python3.7/site-packages/airflow/example_dags/example_latest_only_with_trigger.py
[2025-12-05T01:16:17.074+0000] {processor.py:758} INFO - Processing file /home/airflow/.local/lib/python3.7/site-packages/airflow/example_dags/example_latest_only_with_trigger.py for tasks to queue
[2025-12-05T01:16:17.075+0000] {logging_mixin.py:117} INFO - [2025-12-05T01:16:17.075+0000] {dagbag.py:525} INFO - Filling up the DagBag from /home/airflow/.local/lib/python3.7/site-packages/airflow/example_dags/example_latest_only_with_trigger.py
[2025-12-05T01:16:17.082+0000] {processor.py:768} INFO - DAG(s) dict_keys(['latest_only_with_trigger']) retrieved from /home/airflow/.local/lib/python3.7/site-packages/airflow/example_dags/example_latest_only_with_trigger.py
[2025-12-05T01:16:17.102+0000] {logging_mixin.py:117} INFO - [2025-12-05T01:16:17.102+0000] {dag.py:2573} INFO - Sync 1 DAGs
[2025-12-05T01:16:17.115+0000] {logging_mixin.py:117} INFO - [2025-12-05T01:16:17.115+0000] {dag.py:3328} INFO - Setting next_dagrun for latest_only_with_trigger to 2025-12-04T21:16:17.114994+00:00, run_after=2025-12-05T01:16:17.114994+00:00
[2025-12-05T01:16:17.123+0000] {processor.py:178} INFO - Processing /home/airflow/.local/lib/python3.7/site-packages/airflow/example_dags/example_latest_only_with_trigger.py took 0.050 seconds
[2025-12-05T01:16:47.509+0000] {processor.py:156} INFO - Started process (PID=12327) to work on /home/airflow/.local/lib/python3.7/site-packages/airflow/example_dags/example_latest_only_with_trigger.py
[2025-12-05T01:16:47.509+0000] {processor.py:758} INFO - Processing file /home/airflow/.local/lib/python3.7/site-packages/airflow/example_dags/example_latest_only_with_trigger.py for tasks to queue
[2025-12-05T01:16:47.510+0000] {logging_mixin.py:117} INFO - [2025-12-05T01:16:47.510+0000] {dagbag.py:525} INFO - Filling up the DagBag from /home/airflow/.local/lib/python3.7/site-packages/airflow/example_dags/example_latest_only_with_trigger.py
[2025-12-05T01:16:47.517+0000] {processor.py:768} INFO - DAG(s) dict_keys(['latest_only_with_trigger']) retrieved from /home/airflow/.local/lib/python3.7/site-packages/airflow/example_dags/example_latest_only_with_trigger.py
[2025-12-05T01:16:47.540+0000] {logging_mixin.py:117} INFO - [2025-12-05T01:16:47.540+0000] {dag.py:2573} INFO - Sync 1 DAGs
[2025-12-05T01:16:47.552+0000] {logging_mixin.py:117} INFO - [2025-12-05T01:16:47.552+0000] {dag.py:3328} INFO - Setting next_dagrun for latest_only_with_trigger to 2025-12-04T21:16:47.552501+00:00, run_after=2025-12-05T01:16:47.552501+00:00
[2025-12-05T01:16:47.568+0000] {processor.py:178} INFO - Processing /home/airflow/.local/lib/python3.7/site-packages/airflow/example_dags/example_latest_only_with_trigger.py took 0.061 seconds
[2025-12-05T01:17:17.952+0000] {processor.py:156} INFO - Started process (PID=12535) to work on /home/airflow/.local/lib/python3.7/site-packages/airflow/example_dags/example_latest_only_with_trigger.py
[2025-12-05T01:17:17.952+0000] {processor.py:758} INFO - Processing file /home/airflow/.local/lib/python3.7/site-packages/airflow/example_dags/example_latest_only_with_trigger.py for tasks to queue
[2025-12-05T01:17:17.953+0000] {logging_mixin.py:117} INFO - [2025-12-05T01:17:17.953+0000] {dagbag.py:525} INFO - Filling up the DagBag from /home/airflow/.local/lib/python3.7/site-packages/airflow/example_dags/example_latest_only_with_trigger.py
[2025-12-05T01:17:17.963+0000] {processor.py:768} INFO - DAG(s) dict_keys(['latest_only_with_trigger']) retrieved from /home/airflow/.local/lib/python3.7/site-packages/airflow/example_dags/example_latest_only_with_trigger.py
[2025-12-05T01:17:17.986+0000] {logging_mixin.py:117} INFO - [2025-12-05T01:17:17.986+0000] {dag.py:2573} INFO - Sync 1 DAGs
[2025-12-05T01:17:18.002+0000] {logging_mixin.py:117} INFO - [2025-12-05T01:17:18.002+0000] {dag.py:3328} INFO - Setting next_dagrun for latest_only_with_trigger to 2025-12-04T21:17:18.002171+00:00, run_after=2025-12-05T01:17:18.002171+00:00
[2025-12-05T01:17:18.014+0000] {processor.py:178} INFO - Processing /home/airflow/.local/lib/python3.7/site-packages/airflow/example_dags/example_latest_only_with_trigger.py took 0.065 seconds
[2025-12-05T01:17:48.227+0000] {processor.py:156} INFO - Started process (PID=12743) to work on /home/airflow/.local/lib/python3.7/site-packages/airflow/example_dags/example_latest_only_with_trigger.py
[2025-12-05T01:17:48.228+0000] {processor.py:758} INFO - Processing file /home/airflow/.local/lib/python3.7/site-packages/airflow/example_dags/example_latest_only_with_trigger.py for tasks to queue
[2025-12-05T01:17:48.228+0000] {logging_mixin.py:117} INFO - [2025-12-05T01:17:48.228+0000] {dagbag.py:525} INFO - Filling up the DagBag from /home/airflow/.local/lib/python3.7/site-packages/airflow/example_dags/example_latest_only_with_trigger.py
[2025-12-05T01:17:48.235+0000] {processor.py:768} INFO - DAG(s) dict_keys(['latest_only_with_trigger']) retrieved from /home/airflow/.local/lib/python3.7/site-packages/airflow/example_dags/example_latest_only_with_trigger.py
[2025-12-05T01:17:48.259+0000] {logging_mixin.py:117} INFO - [2025-12-05T01:17:48.259+0000] {dag.py:2573} INFO - Sync 1 DAGs
[2025-12-05T01:17:48.275+0000] {logging_mixin.py:117} INFO - [2025-12-05T01:17:48.275+0000] {dag.py:3328} INFO - Setting next_dagrun for latest_only_with_trigger to 2025-12-04T21:17:48.275107+00:00, run_after=2025-12-05T01:17:48.275107+00:00
[2025-12-05T01:17:48.284+0000] {processor.py:178} INFO - Processing /home/airflow/.local/lib/python3.7/site-packages/airflow/example_dags/example_latest_only_with_trigger.py took 0.058 seconds
[2025-12-05T01:18:18.414+0000] {processor.py:156} INFO - Started process (PID=12949) to work on /home/airflow/.local/lib/python3.7/site-packages/airflow/example_dags/example_latest_only_with_trigger.py
[2025-12-05T01:18:18.415+0000] {processor.py:758} INFO - Processing file /home/airflow/.local/lib/python3.7/site-packages/airflow/example_dags/example_latest_only_with_trigger.py for tasks to queue
[2025-12-05T01:18:18.415+0000] {logging_mixin.py:117} INFO - [2025-12-05T01:18:18.415+0000] {dagbag.py:525} INFO - Filling up the DagBag from /home/airflow/.local/lib/python3.7/site-packages/airflow/example_dags/example_latest_only_with_trigger.py
[2025-12-05T01:18:18.422+0000] {processor.py:768} INFO - DAG(s) dict_keys(['latest_only_with_trigger']) retrieved from /home/airflow/.local/lib/python3.7/site-packages/airflow/example_dags/example_latest_only_with_trigger.py
[2025-12-05T01:18:18.447+0000] {logging_mixin.py:117} INFO - [2025-12-05T01:18:18.447+0000] {dag.py:2573} INFO - Sync 1 DAGs
[2025-12-05T01:18:18.462+0000] {logging_mixin.py:117} INFO - [2025-12-05T01:18:18.462+0000] {dag.py:3328} INFO - Setting next_dagrun for latest_only_with_trigger to 2025-12-04T21:18:18.462345+00:00, run_after=2025-12-05T01:18:18.462345+00:00
[2025-12-05T01:18:18.470+0000] {processor.py:178} INFO - Processing /home/airflow/.local/lib/python3.7/site-packages/airflow/example_dags/example_latest_only_with_trigger.py took 0.057 seconds
[2025-12-05T01:18:48.786+0000] {processor.py:156} INFO - Started process (PID=13155) to work on /home/airflow/.local/lib/python3.7/site-packages/airflow/example_dags/example_latest_only_with_trigger.py
[2025-12-05T01:18:48.787+0000] {processor.py:758} INFO - Processing file /home/airflow/.local/lib/python3.7/site-packages/airflow/example_dags/example_latest_only_with_trigger.py for tasks to queue
[2025-12-05T01:18:48.787+0000] {logging_mixin.py:117} INFO - [2025-12-05T01:18:48.787+0000] {dagbag.py:525} INFO - Filling up the DagBag from /home/airflow/.local/lib/python3.7/site-packages/airflow/example_dags/example_latest_only_with_trigger.py
[2025-12-05T01:18:48.796+0000] {processor.py:768} INFO - DAG(s) dict_keys(['latest_only_with_trigger']) retrieved from /home/airflow/.local/lib/python3.7/site-packages/airflow/example_dags/example_latest_only_with_trigger.py
[2025-12-05T01:18:48.824+0000] {logging_mixin.py:117} INFO - [2025-12-05T01:18:48.824+0000] {dag.py:2573} INFO - Sync 1 DAGs
[2025-12-05T01:18:48.838+0000] {logging_mixin.py:117} INFO - [2025-12-05T01:18:48.838+0000] {dag.py:3328} INFO - Setting next_dagrun for latest_only_with_trigger to 2025-12-04T21:18:48.838359+00:00, run_after=2025-12-05T01:18:48.838359+00:00
[2025-12-05T01:18:48.847+0000] {processor.py:178} INFO - Processing /home/airflow/.local/lib/python3.7/site-packages/airflow/example_dags/example_latest_only_with_trigger.py took 0.062 seconds
[2025-12-05T01:19:19.776+0000] {processor.py:156} INFO - Started process (PID=13361) to work on /home/airflow/.local/lib/python3.7/site-packages/airflow/example_dags/example_latest_only_with_trigger.py
[2025-12-05T01:19:19.777+0000] {processor.py:758} INFO - Processing file /home/airflow/.local/lib/python3.7/site-packages/airflow/example_dags/example_latest_only_with_trigger.py for tasks to queue
[2025-12-05T01:19:19.777+0000] {logging_mixin.py:117} INFO - [2025-12-05T01:19:19.777+0000] {dagbag.py:525} INFO - Filling up the DagBag from /home/airflow/.local/lib/python3.7/site-packages/airflow/example_dags/example_latest_only_with_trigger.py
[2025-12-05T01:19:19.785+0000] {processor.py:768} INFO - DAG(s) dict_keys(['latest_only_with_trigger']) retrieved from /home/airflow/.local/lib/python3.7/site-packages/airflow/example_dags/example_latest_only_with_trigger.py
[2025-12-05T01:19:19.803+0000] {logging_mixin.py:117} INFO - [2025-12-05T01:19:19.803+0000] {dag.py:2573} INFO - Sync 1 DAGs
[2025-12-05T01:19:19.817+0000] {logging_mixin.py:117} INFO - [2025-12-05T01:19:19.817+0000] {dag.py:3328} INFO - Setting next_dagrun for latest_only_with_trigger to 2025-12-04T21:19:19.817645+00:00, run_after=2025-12-05T01:19:19.817645+00:00
[2025-12-05T01:19:19.829+0000] {processor.py:178} INFO - Processing /home/airflow/.local/lib/python3.7/site-packages/airflow/example_dags/example_latest_only_with_trigger.py took 0.055 seconds
[2025-12-05T01:19:50.630+0000] {processor.py:156} INFO - Started process (PID=13567) to work on /home/airflow/.local/lib/python3.7/site-packages/airflow/example_dags/example_latest_only_with_trigger.py
[2025-12-05T01:19:50.631+0000] {processor.py:758} INFO - Processing file /home/airflow/.local/lib/python3.7/site-packages/airflow/example_dags/example_latest_only_with_trigger.py for tasks to queue
[2025-12-05T01:19:50.632+0000] {logging_mixin.py:117} INFO - [2025-12-05T01:19:50.632+0000] {dagbag.py:525} INFO - Filling up the DagBag from /home/airflow/.local/lib/python3.7/site-packages/airflow/example_dags/example_latest_only_with_trigger.py
[2025-12-05T01:19:50.639+0000] {processor.py:768} INFO - DAG(s) dict_keys(['latest_only_with_trigger']) retrieved from /home/airflow/.local/lib/python3.7/site-packages/airflow/example_dags/example_latest_only_with_trigger.py
[2025-12-05T01:19:50.660+0000] {logging_mixin.py:117} INFO - [2025-12-05T01:19:50.660+0000] {dag.py:2573} INFO - Sync 1 DAGs
[2025-12-05T01:19:50.672+0000] {logging_mixin.py:117} INFO - [2025-12-05T01:19:50.672+0000] {dag.py:3328} INFO - Setting next_dagrun for latest_only_with_trigger to 2025-12-04T21:19:50.672692+00:00, run_after=2025-12-05T01:19:50.672692+00:00
[2025-12-05T01:19:50.680+0000] {processor.py:178} INFO - Processing /home/airflow/.local/lib/python3.7/site-packages/airflow/example_dags/example_latest_only_with_trigger.py took 0.052 seconds
[2025-12-05T01:20:21.554+0000] {processor.py:156} INFO - Started process (PID=13775) to work on /home/airflow/.local/lib/python3.7/site-packages/airflow/example_dags/example_latest_only_with_trigger.py
[2025-12-05T01:20:21.555+0000] {processor.py:758} INFO - Processing file /home/airflow/.local/lib/python3.7/site-packages/airflow/example_dags/example_latest_only_with_trigger.py for tasks to queue
[2025-12-05T01:20:21.555+0000] {logging_mixin.py:117} INFO - [2025-12-05T01:20:21.555+0000] {dagbag.py:525} INFO - Filling up the DagBag from /home/airflow/.local/lib/python3.7/site-packages/airflow/example_dags/example_latest_only_with_trigger.py
[2025-12-05T01:20:21.562+0000] {processor.py:768} INFO - DAG(s) dict_keys(['latest_only_with_trigger']) retrieved from /home/airflow/.local/lib/python3.7/site-packages/airflow/example_dags/example_latest_only_with_trigger.py
[2025-12-05T01:20:21.581+0000] {logging_mixin.py:117} INFO - [2025-12-05T01:20:21.581+0000] {dag.py:2573} INFO - Sync 1 DAGs
[2025-12-05T01:20:21.593+0000] {logging_mixin.py:117} INFO - [2025-12-05T01:20:21.593+0000] {dag.py:3328} INFO - Setting next_dagrun for latest_only_with_trigger to 2025-12-04T21:20:21.593063+00:00, run_after=2025-12-05T01:20:21.593063+00:00
[2025-12-05T01:20:21.601+0000] {processor.py:178} INFO - Processing /home/airflow/.local/lib/python3.7/site-packages/airflow/example_dags/example_latest_only_with_trigger.py took 0.048 seconds
[2025-12-05T01:20:52.489+0000] {processor.py:156} INFO - Started process (PID=13979) to work on /home/airflow/.local/lib/python3.7/site-packages/airflow/example_dags/example_latest_only_with_trigger.py
[2025-12-05T01:20:52.490+0000] {processor.py:758} INFO - Processing file /home/airflow/.local/lib/python3.7/site-packages/airflow/example_dags/example_latest_only_with_trigger.py for tasks to queue
[2025-12-05T01:20:52.491+0000] {logging_mixin.py:117} INFO - [2025-12-05T01:20:52.491+0000] {dagbag.py:525} INFO - Filling up the DagBag from /home/airflow/.local/lib/python3.7/site-packages/airflow/example_dags/example_latest_only_with_trigger.py
[2025-12-05T01:20:52.498+0000] {processor.py:768} INFO - DAG(s) dict_keys(['latest_only_with_trigger']) retrieved from /home/airflow/.local/lib/python3.7/site-packages/airflow/example_dags/example_latest_only_with_trigger.py
[2025-12-05T01:20:52.521+0000] {logging_mixin.py:117} INFO - [2025-12-05T01:20:52.521+0000] {dag.py:2573} INFO - Sync 1 DAGs
[2025-12-05T01:20:52.534+0000] {logging_mixin.py:117} INFO - [2025-12-05T01:20:52.534+0000] {dag.py:3328} INFO - Setting next_dagrun for latest_only_with_trigger to 2025-12-04T21:20:52.534585+00:00, run_after=2025-12-05T01:20:52.534585+00:00
[2025-12-05T01:20:52.544+0000] {processor.py:178} INFO - Processing /home/airflow/.local/lib/python3.7/site-packages/airflow/example_dags/example_latest_only_with_trigger.py took 0.057 seconds
