[2025-12-05T00:46:05.522+0000] {processor.py:156} INFO - Started process (PID=262) to work on /home/airflow/.local/lib/python3.7/site-packages/airflow/example_dags/example_task_group_decorator.py
[2025-12-05T00:46:05.523+0000] {processor.py:758} INFO - Processing file /home/airflow/.local/lib/python3.7/site-packages/airflow/example_dags/example_task_group_decorator.py for tasks to queue
[2025-12-05T00:46:05.523+0000] {logging_mixin.py:117} INFO - [2025-12-05T00:46:05.523+0000] {dagbag.py:525} INFO - Filling up the DagBag from /home/airflow/.local/lib/python3.7/site-packages/airflow/example_dags/example_task_group_decorator.py
[2025-12-05T00:46:05.547+0000] {processor.py:768} INFO - DAG(s) dict_keys(['example_task_group_decorator']) retrieved from /home/airflow/.local/lib/python3.7/site-packages/airflow/example_dags/example_task_group_decorator.py
[2025-12-05T00:46:05.639+0000] {logging_mixin.py:117} INFO - [2025-12-05T00:46:05.639+0000] {manager.py:508} INFO - Created Permission View: can read on DAG:example_task_group_decorator
[2025-12-05T00:46:05.786+0000] {logging_mixin.py:117} INFO - [2025-12-05T00:46:05.786+0000] {manager.py:508} INFO - Created Permission View: can delete on DAG:example_task_group_decorator
[2025-12-05T00:46:05.795+0000] {logging_mixin.py:117} INFO - [2025-12-05T00:46:05.795+0000] {manager.py:508} INFO - Created Permission View: can edit on DAG:example_task_group_decorator
[2025-12-05T00:46:05.795+0000] {logging_mixin.py:117} INFO - [2025-12-05T00:46:05.795+0000] {dag.py:2573} INFO - Sync 1 DAGs
[2025-12-05T00:46:05.808+0000] {logging_mixin.py:117} INFO - [2025-12-05T00:46:05.808+0000] {dag.py:2594} INFO - Creating ORM DAG for example_task_group_decorator
[2025-12-05T00:46:05.819+0000] {logging_mixin.py:117} INFO - [2025-12-05T00:46:05.819+0000] {dag.py:3328} INFO - Setting next_dagrun for example_task_group_decorator to 2025-12-04T00:46:05.819447+00:00, run_after=2025-12-05T00:46:05.819447+00:00
[2025-12-05T00:46:05.838+0000] {processor.py:178} INFO - Processing /home/airflow/.local/lib/python3.7/site-packages/airflow/example_dags/example_task_group_decorator.py took 0.318 seconds
[2025-12-05T00:46:36.843+0000] {processor.py:156} INFO - Started process (PID=465) to work on /home/airflow/.local/lib/python3.7/site-packages/airflow/example_dags/example_task_group_decorator.py
[2025-12-05T00:46:36.846+0000] {processor.py:758} INFO - Processing file /home/airflow/.local/lib/python3.7/site-packages/airflow/example_dags/example_task_group_decorator.py for tasks to queue
[2025-12-05T00:46:36.847+0000] {logging_mixin.py:117} INFO - [2025-12-05T00:46:36.846+0000] {dagbag.py:525} INFO - Filling up the DagBag from /home/airflow/.local/lib/python3.7/site-packages/airflow/example_dags/example_task_group_decorator.py
[2025-12-05T00:46:36.870+0000] {processor.py:768} INFO - DAG(s) dict_keys(['example_task_group_decorator']) retrieved from /home/airflow/.local/lib/python3.7/site-packages/airflow/example_dags/example_task_group_decorator.py
[2025-12-05T00:46:36.893+0000] {logging_mixin.py:117} INFO - [2025-12-05T00:46:36.893+0000] {dag.py:2573} INFO - Sync 1 DAGs
[2025-12-05T00:46:36.908+0000] {logging_mixin.py:117} INFO - [2025-12-05T00:46:36.908+0000] {dag.py:3328} INFO - Setting next_dagrun for example_task_group_decorator to 2025-12-04T00:46:36.907896+00:00, run_after=2025-12-05T00:46:36.907896+00:00
[2025-12-05T00:46:36.916+0000] {processor.py:178} INFO - Processing /home/airflow/.local/lib/python3.7/site-packages/airflow/example_dags/example_task_group_decorator.py took 0.076 seconds
[2025-12-05T00:47:07.684+0000] {processor.py:156} INFO - Started process (PID=667) to work on /home/airflow/.local/lib/python3.7/site-packages/airflow/example_dags/example_task_group_decorator.py
[2025-12-05T00:47:07.685+0000] {processor.py:758} INFO - Processing file /home/airflow/.local/lib/python3.7/site-packages/airflow/example_dags/example_task_group_decorator.py for tasks to queue
[2025-12-05T00:47:07.686+0000] {logging_mixin.py:117} INFO - [2025-12-05T00:47:07.686+0000] {dagbag.py:525} INFO - Filling up the DagBag from /home/airflow/.local/lib/python3.7/site-packages/airflow/example_dags/example_task_group_decorator.py
[2025-12-05T00:47:07.703+0000] {processor.py:768} INFO - DAG(s) dict_keys(['example_task_group_decorator']) retrieved from /home/airflow/.local/lib/python3.7/site-packages/airflow/example_dags/example_task_group_decorator.py
[2025-12-05T00:47:07.729+0000] {logging_mixin.py:117} INFO - [2025-12-05T00:47:07.729+0000] {dag.py:2573} INFO - Sync 1 DAGs
[2025-12-05T00:47:07.747+0000] {logging_mixin.py:117} INFO - [2025-12-05T00:47:07.747+0000] {dag.py:3328} INFO - Setting next_dagrun for example_task_group_decorator to 2025-12-04T00:47:07.747000+00:00, run_after=2025-12-05T00:47:07.747000+00:00
[2025-12-05T00:47:07.756+0000] {processor.py:178} INFO - Processing /home/airflow/.local/lib/python3.7/site-packages/airflow/example_dags/example_task_group_decorator.py took 0.074 seconds
[2025-12-05T00:47:37.808+0000] {processor.py:156} INFO - Started process (PID=866) to work on /home/airflow/.local/lib/python3.7/site-packages/airflow/example_dags/example_task_group_decorator.py
[2025-12-05T00:47:37.811+0000] {processor.py:758} INFO - Processing file /home/airflow/.local/lib/python3.7/site-packages/airflow/example_dags/example_task_group_decorator.py for tasks to queue
[2025-12-05T00:47:37.812+0000] {logging_mixin.py:117} INFO - [2025-12-05T00:47:37.812+0000] {dagbag.py:525} INFO - Filling up the DagBag from /home/airflow/.local/lib/python3.7/site-packages/airflow/example_dags/example_task_group_decorator.py
[2025-12-05T00:47:37.829+0000] {processor.py:768} INFO - DAG(s) dict_keys(['example_task_group_decorator']) retrieved from /home/airflow/.local/lib/python3.7/site-packages/airflow/example_dags/example_task_group_decorator.py
[2025-12-05T00:47:37.856+0000] {logging_mixin.py:117} INFO - [2025-12-05T00:47:37.856+0000] {dag.py:2573} INFO - Sync 1 DAGs
[2025-12-05T00:47:37.871+0000] {logging_mixin.py:117} INFO - [2025-12-05T00:47:37.871+0000] {dag.py:3328} INFO - Setting next_dagrun for example_task_group_decorator to 2025-12-04T00:47:37.871157+00:00, run_after=2025-12-05T00:47:37.871157+00:00
[2025-12-05T00:47:37.968+0000] {processor.py:178} INFO - Processing /home/airflow/.local/lib/python3.7/site-packages/airflow/example_dags/example_task_group_decorator.py took 0.162 seconds
[2025-12-05T00:48:08.718+0000] {processor.py:156} INFO - Started process (PID=1076) to work on /home/airflow/.local/lib/python3.7/site-packages/airflow/example_dags/example_task_group_decorator.py
[2025-12-05T00:48:08.719+0000] {processor.py:758} INFO - Processing file /home/airflow/.local/lib/python3.7/site-packages/airflow/example_dags/example_task_group_decorator.py for tasks to queue
[2025-12-05T00:48:08.719+0000] {logging_mixin.py:117} INFO - [2025-12-05T00:48:08.719+0000] {dagbag.py:525} INFO - Filling up the DagBag from /home/airflow/.local/lib/python3.7/site-packages/airflow/example_dags/example_task_group_decorator.py
[2025-12-05T00:48:08.734+0000] {processor.py:768} INFO - DAG(s) dict_keys(['example_task_group_decorator']) retrieved from /home/airflow/.local/lib/python3.7/site-packages/airflow/example_dags/example_task_group_decorator.py
[2025-12-05T00:48:08.761+0000] {logging_mixin.py:117} INFO - [2025-12-05T00:48:08.760+0000] {dag.py:2573} INFO - Sync 1 DAGs
[2025-12-05T00:48:08.858+0000] {logging_mixin.py:117} INFO - [2025-12-05T00:48:08.858+0000] {dag.py:3328} INFO - Setting next_dagrun for example_task_group_decorator to 2025-12-04T00:48:08.858093+00:00, run_after=2025-12-05T00:48:08.858093+00:00
[2025-12-05T00:48:08.871+0000] {processor.py:178} INFO - Processing /home/airflow/.local/lib/python3.7/site-packages/airflow/example_dags/example_task_group_decorator.py took 0.154 seconds
[2025-12-05T00:48:40.491+0000] {processor.py:156} INFO - Started process (PID=1277) to work on /home/airflow/.local/lib/python3.7/site-packages/airflow/example_dags/example_task_group_decorator.py
[2025-12-05T00:48:40.492+0000] {processor.py:758} INFO - Processing file /home/airflow/.local/lib/python3.7/site-packages/airflow/example_dags/example_task_group_decorator.py for tasks to queue
[2025-12-05T00:48:40.495+0000] {logging_mixin.py:117} INFO - [2025-12-05T00:48:40.495+0000] {dagbag.py:525} INFO - Filling up the DagBag from /home/airflow/.local/lib/python3.7/site-packages/airflow/example_dags/example_task_group_decorator.py
[2025-12-05T00:48:40.536+0000] {processor.py:768} INFO - DAG(s) dict_keys(['example_task_group_decorator']) retrieved from /home/airflow/.local/lib/python3.7/site-packages/airflow/example_dags/example_task_group_decorator.py
[2025-12-05T00:48:40.779+0000] {logging_mixin.py:117} INFO - [2025-12-05T00:48:40.779+0000] {dag.py:2573} INFO - Sync 1 DAGs
[2025-12-05T00:48:40.821+0000] {logging_mixin.py:117} INFO - [2025-12-05T00:48:40.821+0000] {dag.py:3328} INFO - Setting next_dagrun for example_task_group_decorator to 2025-12-04T00:48:40.821000+00:00, run_after=2025-12-05T00:48:40.821000+00:00
[2025-12-05T00:48:40.842+0000] {processor.py:178} INFO - Processing /home/airflow/.local/lib/python3.7/site-packages/airflow/example_dags/example_task_group_decorator.py took 0.362 seconds
[2025-12-05T00:49:11.728+0000] {processor.py:156} INFO - Started process (PID=1478) to work on /home/airflow/.local/lib/python3.7/site-packages/airflow/example_dags/example_task_group_decorator.py
[2025-12-05T00:49:11.729+0000] {processor.py:758} INFO - Processing file /home/airflow/.local/lib/python3.7/site-packages/airflow/example_dags/example_task_group_decorator.py for tasks to queue
[2025-12-05T00:49:11.729+0000] {logging_mixin.py:117} INFO - [2025-12-05T00:49:11.729+0000] {dagbag.py:525} INFO - Filling up the DagBag from /home/airflow/.local/lib/python3.7/site-packages/airflow/example_dags/example_task_group_decorator.py
[2025-12-05T00:49:11.744+0000] {processor.py:768} INFO - DAG(s) dict_keys(['example_task_group_decorator']) retrieved from /home/airflow/.local/lib/python3.7/site-packages/airflow/example_dags/example_task_group_decorator.py
[2025-12-05T00:49:11.851+0000] {logging_mixin.py:117} INFO - [2025-12-05T00:49:11.851+0000] {dag.py:2573} INFO - Sync 1 DAGs
[2025-12-05T00:49:11.864+0000] {logging_mixin.py:117} INFO - [2025-12-05T00:49:11.864+0000] {dag.py:3328} INFO - Setting next_dagrun for example_task_group_decorator to 2025-12-04T00:49:11.864808+00:00, run_after=2025-12-05T00:49:11.864808+00:00
[2025-12-05T00:49:11.872+0000] {processor.py:178} INFO - Processing /home/airflow/.local/lib/python3.7/site-packages/airflow/example_dags/example_task_group_decorator.py took 0.146 seconds
[2025-12-05T00:49:42.227+0000] {processor.py:156} INFO - Started process (PID=1679) to work on /home/airflow/.local/lib/python3.7/site-packages/airflow/example_dags/example_task_group_decorator.py
[2025-12-05T00:49:42.227+0000] {processor.py:758} INFO - Processing file /home/airflow/.local/lib/python3.7/site-packages/airflow/example_dags/example_task_group_decorator.py for tasks to queue
[2025-12-05T00:49:42.228+0000] {logging_mixin.py:117} INFO - [2025-12-05T00:49:42.228+0000] {dagbag.py:525} INFO - Filling up the DagBag from /home/airflow/.local/lib/python3.7/site-packages/airflow/example_dags/example_task_group_decorator.py
[2025-12-05T00:49:42.321+0000] {processor.py:768} INFO - DAG(s) dict_keys(['example_task_group_decorator']) retrieved from /home/airflow/.local/lib/python3.7/site-packages/airflow/example_dags/example_task_group_decorator.py
[2025-12-05T00:49:42.340+0000] {logging_mixin.py:117} INFO - [2025-12-05T00:49:42.340+0000] {dag.py:2573} INFO - Sync 1 DAGs
[2025-12-05T00:49:42.352+0000] {logging_mixin.py:117} INFO - [2025-12-05T00:49:42.352+0000] {dag.py:3328} INFO - Setting next_dagrun for example_task_group_decorator to 2025-12-04T00:49:42.352204+00:00, run_after=2025-12-05T00:49:42.352204+00:00
[2025-12-05T00:49:42.363+0000] {processor.py:178} INFO - Processing /home/airflow/.local/lib/python3.7/site-packages/airflow/example_dags/example_task_group_decorator.py took 0.138 seconds
[2025-12-05T00:50:13.130+0000] {processor.py:156} INFO - Started process (PID=1881) to work on /home/airflow/.local/lib/python3.7/site-packages/airflow/example_dags/example_task_group_decorator.py
[2025-12-05T00:50:13.130+0000] {processor.py:758} INFO - Processing file /home/airflow/.local/lib/python3.7/site-packages/airflow/example_dags/example_task_group_decorator.py for tasks to queue
[2025-12-05T00:50:13.131+0000] {logging_mixin.py:117} INFO - [2025-12-05T00:50:13.131+0000] {dagbag.py:525} INFO - Filling up the DagBag from /home/airflow/.local/lib/python3.7/site-packages/airflow/example_dags/example_task_group_decorator.py
[2025-12-05T00:50:13.146+0000] {processor.py:768} INFO - DAG(s) dict_keys(['example_task_group_decorator']) retrieved from /home/airflow/.local/lib/python3.7/site-packages/airflow/example_dags/example_task_group_decorator.py
[2025-12-05T00:50:13.168+0000] {logging_mixin.py:117} INFO - [2025-12-05T00:50:13.168+0000] {dag.py:2573} INFO - Sync 1 DAGs
[2025-12-05T00:50:13.276+0000] {logging_mixin.py:117} INFO - [2025-12-05T00:50:13.276+0000] {dag.py:3328} INFO - Setting next_dagrun for example_task_group_decorator to 2025-12-04T00:50:13.276004+00:00, run_after=2025-12-05T00:50:13.276004+00:00
[2025-12-05T00:50:13.292+0000] {processor.py:178} INFO - Processing /home/airflow/.local/lib/python3.7/site-packages/airflow/example_dags/example_task_group_decorator.py took 0.164 seconds
[2025-12-05T00:50:43.699+0000] {processor.py:156} INFO - Started process (PID=2082) to work on /home/airflow/.local/lib/python3.7/site-packages/airflow/example_dags/example_task_group_decorator.py
[2025-12-05T00:50:43.700+0000] {processor.py:758} INFO - Processing file /home/airflow/.local/lib/python3.7/site-packages/airflow/example_dags/example_task_group_decorator.py for tasks to queue
[2025-12-05T00:50:43.700+0000] {logging_mixin.py:117} INFO - [2025-12-05T00:50:43.700+0000] {dagbag.py:525} INFO - Filling up the DagBag from /home/airflow/.local/lib/python3.7/site-packages/airflow/example_dags/example_task_group_decorator.py
[2025-12-05T00:50:43.716+0000] {processor.py:768} INFO - DAG(s) dict_keys(['example_task_group_decorator']) retrieved from /home/airflow/.local/lib/python3.7/site-packages/airflow/example_dags/example_task_group_decorator.py
[2025-12-05T00:50:43.808+0000] {logging_mixin.py:117} INFO - [2025-12-05T00:50:43.808+0000] {dag.py:2573} INFO - Sync 1 DAGs
[2025-12-05T00:50:43.818+0000] {logging_mixin.py:117} INFO - [2025-12-05T00:50:43.818+0000] {dag.py:3328} INFO - Setting next_dagrun for example_task_group_decorator to 2025-12-04T00:50:43.818370+00:00, run_after=2025-12-05T00:50:43.818370+00:00
[2025-12-05T00:50:43.826+0000] {processor.py:178} INFO - Processing /home/airflow/.local/lib/python3.7/site-packages/airflow/example_dags/example_task_group_decorator.py took 0.129 seconds
[2025-12-05T00:51:14.509+0000] {processor.py:156} INFO - Started process (PID=2283) to work on /home/airflow/.local/lib/python3.7/site-packages/airflow/example_dags/example_task_group_decorator.py
[2025-12-05T00:51:14.509+0000] {processor.py:758} INFO - Processing file /home/airflow/.local/lib/python3.7/site-packages/airflow/example_dags/example_task_group_decorator.py for tasks to queue
[2025-12-05T00:51:14.510+0000] {logging_mixin.py:117} INFO - [2025-12-05T00:51:14.510+0000] {dagbag.py:525} INFO - Filling up the DagBag from /home/airflow/.local/lib/python3.7/site-packages/airflow/example_dags/example_task_group_decorator.py
[2025-12-05T00:51:14.524+0000] {processor.py:768} INFO - DAG(s) dict_keys(['example_task_group_decorator']) retrieved from /home/airflow/.local/lib/python3.7/site-packages/airflow/example_dags/example_task_group_decorator.py
[2025-12-05T00:51:14.619+0000] {logging_mixin.py:117} INFO - [2025-12-05T00:51:14.619+0000] {dag.py:2573} INFO - Sync 1 DAGs
[2025-12-05T00:51:14.629+0000] {logging_mixin.py:117} INFO - [2025-12-05T00:51:14.629+0000] {dag.py:3328} INFO - Setting next_dagrun for example_task_group_decorator to 2025-12-04T00:51:14.629281+00:00, run_after=2025-12-05T00:51:14.629281+00:00
[2025-12-05T00:51:14.637+0000] {processor.py:178} INFO - Processing /home/airflow/.local/lib/python3.7/site-packages/airflow/example_dags/example_task_group_decorator.py took 0.130 seconds
[2025-12-05T00:51:45.156+0000] {processor.py:156} INFO - Started process (PID=2484) to work on /home/airflow/.local/lib/python3.7/site-packages/airflow/example_dags/example_task_group_decorator.py
[2025-12-05T00:51:45.157+0000] {processor.py:758} INFO - Processing file /home/airflow/.local/lib/python3.7/site-packages/airflow/example_dags/example_task_group_decorator.py for tasks to queue
[2025-12-05T00:51:45.158+0000] {logging_mixin.py:117} INFO - [2025-12-05T00:51:45.158+0000] {dagbag.py:525} INFO - Filling up the DagBag from /home/airflow/.local/lib/python3.7/site-packages/airflow/example_dags/example_task_group_decorator.py
[2025-12-05T00:51:45.309+0000] {processor.py:768} INFO - DAG(s) dict_keys(['example_task_group_decorator']) retrieved from /home/airflow/.local/lib/python3.7/site-packages/airflow/example_dags/example_task_group_decorator.py
[2025-12-05T00:51:45.430+0000] {logging_mixin.py:117} INFO - [2025-12-05T00:51:45.430+0000] {dag.py:2573} INFO - Sync 1 DAGs
[2025-12-05T00:51:45.449+0000] {logging_mixin.py:117} INFO - [2025-12-05T00:51:45.449+0000] {dag.py:3328} INFO - Setting next_dagrun for example_task_group_decorator to 2025-12-04T00:51:45.449104+00:00, run_after=2025-12-05T00:51:45.449104+00:00
[2025-12-05T00:51:45.458+0000] {processor.py:178} INFO - Processing /home/airflow/.local/lib/python3.7/site-packages/airflow/example_dags/example_task_group_decorator.py took 0.303 seconds
[2025-12-05T00:52:15.915+0000] {processor.py:156} INFO - Started process (PID=2685) to work on /home/airflow/.local/lib/python3.7/site-packages/airflow/example_dags/example_task_group_decorator.py
[2025-12-05T00:52:15.916+0000] {processor.py:758} INFO - Processing file /home/airflow/.local/lib/python3.7/site-packages/airflow/example_dags/example_task_group_decorator.py for tasks to queue
[2025-12-05T00:52:15.916+0000] {logging_mixin.py:117} INFO - [2025-12-05T00:52:15.916+0000] {dagbag.py:525} INFO - Filling up the DagBag from /home/airflow/.local/lib/python3.7/site-packages/airflow/example_dags/example_task_group_decorator.py
[2025-12-05T00:52:15.930+0000] {processor.py:768} INFO - DAG(s) dict_keys(['example_task_group_decorator']) retrieved from /home/airflow/.local/lib/python3.7/site-packages/airflow/example_dags/example_task_group_decorator.py
[2025-12-05T00:52:15.947+0000] {logging_mixin.py:117} INFO - [2025-12-05T00:52:15.947+0000] {dag.py:2573} INFO - Sync 1 DAGs
[2025-12-05T00:52:16.038+0000] {logging_mixin.py:117} INFO - [2025-12-05T00:52:16.038+0000] {dag.py:3328} INFO - Setting next_dagrun for example_task_group_decorator to 2025-12-04T00:52:16.038454+00:00, run_after=2025-12-05T00:52:16.038454+00:00
[2025-12-05T00:52:16.046+0000] {processor.py:178} INFO - Processing /home/airflow/.local/lib/python3.7/site-packages/airflow/example_dags/example_task_group_decorator.py took 0.132 seconds
[2025-12-05T00:52:46.330+0000] {processor.py:156} INFO - Started process (PID=2886) to work on /home/airflow/.local/lib/python3.7/site-packages/airflow/example_dags/example_task_group_decorator.py
[2025-12-05T00:52:46.331+0000] {processor.py:758} INFO - Processing file /home/airflow/.local/lib/python3.7/site-packages/airflow/example_dags/example_task_group_decorator.py for tasks to queue
[2025-12-05T00:52:46.331+0000] {logging_mixin.py:117} INFO - [2025-12-05T00:52:46.331+0000] {dagbag.py:525} INFO - Filling up the DagBag from /home/airflow/.local/lib/python3.7/site-packages/airflow/example_dags/example_task_group_decorator.py
[2025-12-05T00:52:46.345+0000] {processor.py:768} INFO - DAG(s) dict_keys(['example_task_group_decorator']) retrieved from /home/airflow/.local/lib/python3.7/site-packages/airflow/example_dags/example_task_group_decorator.py
[2025-12-05T00:52:46.429+0000] {logging_mixin.py:117} INFO - [2025-12-05T00:52:46.429+0000] {dag.py:2573} INFO - Sync 1 DAGs
[2025-12-05T00:52:46.438+0000] {logging_mixin.py:117} INFO - [2025-12-05T00:52:46.438+0000] {dag.py:3328} INFO - Setting next_dagrun for example_task_group_decorator to 2025-12-04T00:52:46.438215+00:00, run_after=2025-12-05T00:52:46.438215+00:00
[2025-12-05T00:52:46.445+0000] {processor.py:178} INFO - Processing /home/airflow/.local/lib/python3.7/site-packages/airflow/example_dags/example_task_group_decorator.py took 0.117 seconds
[2025-12-05T00:53:16.998+0000] {processor.py:156} INFO - Started process (PID=3087) to work on /home/airflow/.local/lib/python3.7/site-packages/airflow/example_dags/example_task_group_decorator.py
[2025-12-05T00:53:16.999+0000] {processor.py:758} INFO - Processing file /home/airflow/.local/lib/python3.7/site-packages/airflow/example_dags/example_task_group_decorator.py for tasks to queue
[2025-12-05T00:53:16.999+0000] {logging_mixin.py:117} INFO - [2025-12-05T00:53:16.999+0000] {dagbag.py:525} INFO - Filling up the DagBag from /home/airflow/.local/lib/python3.7/site-packages/airflow/example_dags/example_task_group_decorator.py
[2025-12-05T00:53:17.013+0000] {processor.py:768} INFO - DAG(s) dict_keys(['example_task_group_decorator']) retrieved from /home/airflow/.local/lib/python3.7/site-packages/airflow/example_dags/example_task_group_decorator.py
[2025-12-05T00:53:17.098+0000] {logging_mixin.py:117} INFO - [2025-12-05T00:53:17.098+0000] {dag.py:2573} INFO - Sync 1 DAGs
[2025-12-05T00:53:17.108+0000] {logging_mixin.py:117} INFO - [2025-12-05T00:53:17.107+0000] {dag.py:3328} INFO - Setting next_dagrun for example_task_group_decorator to 2025-12-04T00:53:17.107876+00:00, run_after=2025-12-05T00:53:17.107876+00:00
[2025-12-05T00:53:17.115+0000] {processor.py:178} INFO - Processing /home/airflow/.local/lib/python3.7/site-packages/airflow/example_dags/example_task_group_decorator.py took 0.118 seconds
[2025-12-05T00:53:47.680+0000] {processor.py:156} INFO - Started process (PID=3288) to work on /home/airflow/.local/lib/python3.7/site-packages/airflow/example_dags/example_task_group_decorator.py
[2025-12-05T00:53:47.681+0000] {processor.py:758} INFO - Processing file /home/airflow/.local/lib/python3.7/site-packages/airflow/example_dags/example_task_group_decorator.py for tasks to queue
[2025-12-05T00:53:47.681+0000] {logging_mixin.py:117} INFO - [2025-12-05T00:53:47.681+0000] {dagbag.py:525} INFO - Filling up the DagBag from /home/airflow/.local/lib/python3.7/site-packages/airflow/example_dags/example_task_group_decorator.py
[2025-12-05T00:53:47.779+0000] {processor.py:768} INFO - DAG(s) dict_keys(['example_task_group_decorator']) retrieved from /home/airflow/.local/lib/python3.7/site-packages/airflow/example_dags/example_task_group_decorator.py
[2025-12-05T00:53:47.796+0000] {logging_mixin.py:117} INFO - [2025-12-05T00:53:47.796+0000] {dag.py:2573} INFO - Sync 1 DAGs
[2025-12-05T00:53:47.806+0000] {logging_mixin.py:117} INFO - [2025-12-05T00:53:47.806+0000] {dag.py:3328} INFO - Setting next_dagrun for example_task_group_decorator to 2025-12-04T00:53:47.806608+00:00, run_after=2025-12-05T00:53:47.806608+00:00
[2025-12-05T00:53:47.814+0000] {processor.py:178} INFO - Processing /home/airflow/.local/lib/python3.7/site-packages/airflow/example_dags/example_task_group_decorator.py took 0.135 seconds
[2025-12-05T00:54:18.537+0000] {processor.py:156} INFO - Started process (PID=3489) to work on /home/airflow/.local/lib/python3.7/site-packages/airflow/example_dags/example_task_group_decorator.py
[2025-12-05T00:54:18.537+0000] {processor.py:758} INFO - Processing file /home/airflow/.local/lib/python3.7/site-packages/airflow/example_dags/example_task_group_decorator.py for tasks to queue
[2025-12-05T00:54:18.538+0000] {logging_mixin.py:117} INFO - [2025-12-05T00:54:18.538+0000] {dagbag.py:525} INFO - Filling up the DagBag from /home/airflow/.local/lib/python3.7/site-packages/airflow/example_dags/example_task_group_decorator.py
[2025-12-05T00:54:18.553+0000] {processor.py:768} INFO - DAG(s) dict_keys(['example_task_group_decorator']) retrieved from /home/airflow/.local/lib/python3.7/site-packages/airflow/example_dags/example_task_group_decorator.py
[2025-12-05T00:54:18.574+0000] {logging_mixin.py:117} INFO - [2025-12-05T00:54:18.574+0000] {dag.py:2573} INFO - Sync 1 DAGs
[2025-12-05T00:54:18.670+0000] {logging_mixin.py:117} INFO - [2025-12-05T00:54:18.670+0000] {dag.py:3328} INFO - Setting next_dagrun for example_task_group_decorator to 2025-12-04T00:54:18.670327+00:00, run_after=2025-12-05T00:54:18.670327+00:00
[2025-12-05T00:54:18.678+0000] {processor.py:178} INFO - Processing /home/airflow/.local/lib/python3.7/site-packages/airflow/example_dags/example_task_group_decorator.py took 0.143 seconds
[2025-12-05T00:54:49.346+0000] {processor.py:156} INFO - Started process (PID=3690) to work on /home/airflow/.local/lib/python3.7/site-packages/airflow/example_dags/example_task_group_decorator.py
[2025-12-05T00:54:49.346+0000] {processor.py:758} INFO - Processing file /home/airflow/.local/lib/python3.7/site-packages/airflow/example_dags/example_task_group_decorator.py for tasks to queue
[2025-12-05T00:54:49.346+0000] {logging_mixin.py:117} INFO - [2025-12-05T00:54:49.346+0000] {dagbag.py:525} INFO - Filling up the DagBag from /home/airflow/.local/lib/python3.7/site-packages/airflow/example_dags/example_task_group_decorator.py
[2025-12-05T00:54:49.362+0000] {processor.py:768} INFO - DAG(s) dict_keys(['example_task_group_decorator']) retrieved from /home/airflow/.local/lib/python3.7/site-packages/airflow/example_dags/example_task_group_decorator.py
[2025-12-05T00:54:49.466+0000] {logging_mixin.py:117} INFO - [2025-12-05T00:54:49.466+0000] {dag.py:2573} INFO - Sync 1 DAGs
[2025-12-05T00:54:49.477+0000] {logging_mixin.py:117} INFO - [2025-12-05T00:54:49.477+0000] {dag.py:3328} INFO - Setting next_dagrun for example_task_group_decorator to 2025-12-04T00:54:49.477354+00:00, run_after=2025-12-05T00:54:49.477354+00:00
[2025-12-05T00:54:49.485+0000] {processor.py:178} INFO - Processing /home/airflow/.local/lib/python3.7/site-packages/airflow/example_dags/example_task_group_decorator.py took 0.141 seconds
[2025-12-05T00:55:19.908+0000] {processor.py:156} INFO - Started process (PID=3890) to work on /home/airflow/.local/lib/python3.7/site-packages/airflow/example_dags/example_task_group_decorator.py
[2025-12-05T00:55:19.908+0000] {processor.py:758} INFO - Processing file /home/airflow/.local/lib/python3.7/site-packages/airflow/example_dags/example_task_group_decorator.py for tasks to queue
[2025-12-05T00:55:19.909+0000] {logging_mixin.py:117} INFO - [2025-12-05T00:55:19.909+0000] {dagbag.py:525} INFO - Filling up the DagBag from /home/airflow/.local/lib/python3.7/site-packages/airflow/example_dags/example_task_group_decorator.py
[2025-12-05T00:55:19.922+0000] {processor.py:768} INFO - DAG(s) dict_keys(['example_task_group_decorator']) retrieved from /home/airflow/.local/lib/python3.7/site-packages/airflow/example_dags/example_task_group_decorator.py
[2025-12-05T00:55:20.033+0000] {logging_mixin.py:117} INFO - [2025-12-05T00:55:20.033+0000] {dag.py:2573} INFO - Sync 1 DAGs
[2025-12-05T00:55:20.043+0000] {logging_mixin.py:117} INFO - [2025-12-05T00:55:20.043+0000] {dag.py:3328} INFO - Setting next_dagrun for example_task_group_decorator to 2025-12-04T00:55:20.043098+00:00, run_after=2025-12-05T00:55:20.043098+00:00
[2025-12-05T00:55:20.050+0000] {processor.py:178} INFO - Processing /home/airflow/.local/lib/python3.7/site-packages/airflow/example_dags/example_task_group_decorator.py took 0.144 seconds
[2025-12-05T00:55:50.440+0000] {processor.py:156} INFO - Started process (PID=4091) to work on /home/airflow/.local/lib/python3.7/site-packages/airflow/example_dags/example_task_group_decorator.py
[2025-12-05T00:55:50.441+0000] {processor.py:758} INFO - Processing file /home/airflow/.local/lib/python3.7/site-packages/airflow/example_dags/example_task_group_decorator.py for tasks to queue
[2025-12-05T00:55:50.441+0000] {logging_mixin.py:117} INFO - [2025-12-05T00:55:50.441+0000] {dagbag.py:525} INFO - Filling up the DagBag from /home/airflow/.local/lib/python3.7/site-packages/airflow/example_dags/example_task_group_decorator.py
[2025-12-05T00:55:50.538+0000] {processor.py:768} INFO - DAG(s) dict_keys(['example_task_group_decorator']) retrieved from /home/airflow/.local/lib/python3.7/site-packages/airflow/example_dags/example_task_group_decorator.py
[2025-12-05T00:55:50.555+0000] {logging_mixin.py:117} INFO - [2025-12-05T00:55:50.555+0000] {dag.py:2573} INFO - Sync 1 DAGs
[2025-12-05T00:55:50.565+0000] {logging_mixin.py:117} INFO - [2025-12-05T00:55:50.565+0000] {dag.py:3328} INFO - Setting next_dagrun for example_task_group_decorator to 2025-12-04T00:55:50.565512+00:00, run_after=2025-12-05T00:55:50.565512+00:00
[2025-12-05T00:55:50.573+0000] {processor.py:178} INFO - Processing /home/airflow/.local/lib/python3.7/site-packages/airflow/example_dags/example_task_group_decorator.py took 0.134 seconds
[2025-12-05T00:56:21.407+0000] {processor.py:156} INFO - Started process (PID=4291) to work on /home/airflow/.local/lib/python3.7/site-packages/airflow/example_dags/example_task_group_decorator.py
[2025-12-05T00:56:21.408+0000] {processor.py:758} INFO - Processing file /home/airflow/.local/lib/python3.7/site-packages/airflow/example_dags/example_task_group_decorator.py for tasks to queue
[2025-12-05T00:56:21.408+0000] {logging_mixin.py:117} INFO - [2025-12-05T00:56:21.408+0000] {dagbag.py:525} INFO - Filling up the DagBag from /home/airflow/.local/lib/python3.7/site-packages/airflow/example_dags/example_task_group_decorator.py
[2025-12-05T00:56:21.425+0000] {processor.py:768} INFO - DAG(s) dict_keys(['example_task_group_decorator']) retrieved from /home/airflow/.local/lib/python3.7/site-packages/airflow/example_dags/example_task_group_decorator.py
[2025-12-05T00:56:21.443+0000] {logging_mixin.py:117} INFO - [2025-12-05T00:56:21.443+0000] {dag.py:2573} INFO - Sync 1 DAGs
[2025-12-05T00:56:21.453+0000] {logging_mixin.py:117} INFO - [2025-12-05T00:56:21.453+0000] {dag.py:3328} INFO - Setting next_dagrun for example_task_group_decorator to 2025-12-04T00:56:21.453675+00:00, run_after=2025-12-05T00:56:21.453675+00:00
[2025-12-05T00:56:21.461+0000] {processor.py:178} INFO - Processing /home/airflow/.local/lib/python3.7/site-packages/airflow/example_dags/example_task_group_decorator.py took 0.055 seconds
[2025-12-05T00:56:52.233+0000] {processor.py:156} INFO - Started process (PID=4492) to work on /home/airflow/.local/lib/python3.7/site-packages/airflow/example_dags/example_task_group_decorator.py
[2025-12-05T00:56:52.233+0000] {processor.py:758} INFO - Processing file /home/airflow/.local/lib/python3.7/site-packages/airflow/example_dags/example_task_group_decorator.py for tasks to queue
[2025-12-05T00:56:52.233+0000] {logging_mixin.py:117} INFO - [2025-12-05T00:56:52.233+0000] {dagbag.py:525} INFO - Filling up the DagBag from /home/airflow/.local/lib/python3.7/site-packages/airflow/example_dags/example_task_group_decorator.py
[2025-12-05T00:56:52.247+0000] {processor.py:768} INFO - DAG(s) dict_keys(['example_task_group_decorator']) retrieved from /home/airflow/.local/lib/python3.7/site-packages/airflow/example_dags/example_task_group_decorator.py
[2025-12-05T00:56:52.265+0000] {logging_mixin.py:117} INFO - [2025-12-05T00:56:52.265+0000] {dag.py:2573} INFO - Sync 1 DAGs
[2025-12-05T00:56:52.275+0000] {logging_mixin.py:117} INFO - [2025-12-05T00:56:52.275+0000] {dag.py:3328} INFO - Setting next_dagrun for example_task_group_decorator to 2025-12-04T00:56:52.275278+00:00, run_after=2025-12-05T00:56:52.275278+00:00
[2025-12-05T00:56:52.282+0000] {processor.py:178} INFO - Processing /home/airflow/.local/lib/python3.7/site-packages/airflow/example_dags/example_task_group_decorator.py took 0.051 seconds
[2025-12-05T00:57:23.160+0000] {processor.py:156} INFO - Started process (PID=4699) to work on /home/airflow/.local/lib/python3.7/site-packages/airflow/example_dags/example_task_group_decorator.py
[2025-12-05T00:57:23.161+0000] {processor.py:758} INFO - Processing file /home/airflow/.local/lib/python3.7/site-packages/airflow/example_dags/example_task_group_decorator.py for tasks to queue
[2025-12-05T00:57:23.161+0000] {logging_mixin.py:117} INFO - [2025-12-05T00:57:23.161+0000] {dagbag.py:525} INFO - Filling up the DagBag from /home/airflow/.local/lib/python3.7/site-packages/airflow/example_dags/example_task_group_decorator.py
[2025-12-05T00:57:23.176+0000] {processor.py:768} INFO - DAG(s) dict_keys(['example_task_group_decorator']) retrieved from /home/airflow/.local/lib/python3.7/site-packages/airflow/example_dags/example_task_group_decorator.py
[2025-12-05T00:57:23.193+0000] {logging_mixin.py:117} INFO - [2025-12-05T00:57:23.193+0000] {dag.py:2573} INFO - Sync 1 DAGs
[2025-12-05T00:57:23.203+0000] {logging_mixin.py:117} INFO - [2025-12-05T00:57:23.203+0000] {dag.py:3328} INFO - Setting next_dagrun for example_task_group_decorator to 2025-12-04T00:57:23.203542+00:00, run_after=2025-12-05T00:57:23.203542+00:00
[2025-12-05T00:57:23.210+0000] {processor.py:178} INFO - Processing /home/airflow/.local/lib/python3.7/site-packages/airflow/example_dags/example_task_group_decorator.py took 0.051 seconds
[2025-12-05T00:57:54.003+0000] {processor.py:156} INFO - Started process (PID=4900) to work on /home/airflow/.local/lib/python3.7/site-packages/airflow/example_dags/example_task_group_decorator.py
[2025-12-05T00:57:54.004+0000] {processor.py:758} INFO - Processing file /home/airflow/.local/lib/python3.7/site-packages/airflow/example_dags/example_task_group_decorator.py for tasks to queue
[2025-12-05T00:57:54.004+0000] {logging_mixin.py:117} INFO - [2025-12-05T00:57:54.004+0000] {dagbag.py:525} INFO - Filling up the DagBag from /home/airflow/.local/lib/python3.7/site-packages/airflow/example_dags/example_task_group_decorator.py
[2025-12-05T00:57:54.025+0000] {processor.py:768} INFO - DAG(s) dict_keys(['example_task_group_decorator']) retrieved from /home/airflow/.local/lib/python3.7/site-packages/airflow/example_dags/example_task_group_decorator.py
[2025-12-05T00:57:54.047+0000] {logging_mixin.py:117} INFO - [2025-12-05T00:57:54.047+0000] {dag.py:2573} INFO - Sync 1 DAGs
[2025-12-05T00:57:54.061+0000] {logging_mixin.py:117} INFO - [2025-12-05T00:57:54.061+0000] {dag.py:3328} INFO - Setting next_dagrun for example_task_group_decorator to 2025-12-04T00:57:54.061424+00:00, run_after=2025-12-05T00:57:54.061424+00:00
[2025-12-05T00:57:54.070+0000] {processor.py:178} INFO - Processing /home/airflow/.local/lib/python3.7/site-packages/airflow/example_dags/example_task_group_decorator.py took 0.069 seconds
[2025-12-05T00:58:24.986+0000] {processor.py:156} INFO - Started process (PID=5101) to work on /home/airflow/.local/lib/python3.7/site-packages/airflow/example_dags/example_task_group_decorator.py
[2025-12-05T00:58:24.987+0000] {processor.py:758} INFO - Processing file /home/airflow/.local/lib/python3.7/site-packages/airflow/example_dags/example_task_group_decorator.py for tasks to queue
[2025-12-05T00:58:24.987+0000] {logging_mixin.py:117} INFO - [2025-12-05T00:58:24.987+0000] {dagbag.py:525} INFO - Filling up the DagBag from /home/airflow/.local/lib/python3.7/site-packages/airflow/example_dags/example_task_group_decorator.py
[2025-12-05T00:58:25.001+0000] {processor.py:768} INFO - DAG(s) dict_keys(['example_task_group_decorator']) retrieved from /home/airflow/.local/lib/python3.7/site-packages/airflow/example_dags/example_task_group_decorator.py
[2025-12-05T00:58:25.020+0000] {logging_mixin.py:117} INFO - [2025-12-05T00:58:25.020+0000] {dag.py:2573} INFO - Sync 1 DAGs
[2025-12-05T00:58:25.032+0000] {logging_mixin.py:117} INFO - [2025-12-05T00:58:25.032+0000] {dag.py:3328} INFO - Setting next_dagrun for example_task_group_decorator to 2025-12-04T00:58:25.032700+00:00, run_after=2025-12-05T00:58:25.032700+00:00
[2025-12-05T00:58:25.039+0000] {processor.py:178} INFO - Processing /home/airflow/.local/lib/python3.7/site-packages/airflow/example_dags/example_task_group_decorator.py took 0.055 seconds
[2025-12-05T00:58:55.875+0000] {processor.py:156} INFO - Started process (PID=5301) to work on /home/airflow/.local/lib/python3.7/site-packages/airflow/example_dags/example_task_group_decorator.py
[2025-12-05T00:58:55.875+0000] {processor.py:758} INFO - Processing file /home/airflow/.local/lib/python3.7/site-packages/airflow/example_dags/example_task_group_decorator.py for tasks to queue
[2025-12-05T00:58:55.876+0000] {logging_mixin.py:117} INFO - [2025-12-05T00:58:55.875+0000] {dagbag.py:525} INFO - Filling up the DagBag from /home/airflow/.local/lib/python3.7/site-packages/airflow/example_dags/example_task_group_decorator.py
[2025-12-05T00:58:55.892+0000] {processor.py:768} INFO - DAG(s) dict_keys(['example_task_group_decorator']) retrieved from /home/airflow/.local/lib/python3.7/site-packages/airflow/example_dags/example_task_group_decorator.py
[2025-12-05T00:58:55.913+0000] {logging_mixin.py:117} INFO - [2025-12-05T00:58:55.913+0000] {dag.py:2573} INFO - Sync 1 DAGs
[2025-12-05T00:58:55.923+0000] {logging_mixin.py:117} INFO - [2025-12-05T00:58:55.923+0000] {dag.py:3328} INFO - Setting next_dagrun for example_task_group_decorator to 2025-12-04T00:58:55.923530+00:00, run_after=2025-12-05T00:58:55.923530+00:00
[2025-12-05T00:58:55.931+0000] {processor.py:178} INFO - Processing /home/airflow/.local/lib/python3.7/site-packages/airflow/example_dags/example_task_group_decorator.py took 0.058 seconds
[2025-12-05T00:59:26.635+0000] {processor.py:156} INFO - Started process (PID=5502) to work on /home/airflow/.local/lib/python3.7/site-packages/airflow/example_dags/example_task_group_decorator.py
[2025-12-05T00:59:26.636+0000] {processor.py:758} INFO - Processing file /home/airflow/.local/lib/python3.7/site-packages/airflow/example_dags/example_task_group_decorator.py for tasks to queue
[2025-12-05T00:59:26.636+0000] {logging_mixin.py:117} INFO - [2025-12-05T00:59:26.636+0000] {dagbag.py:525} INFO - Filling up the DagBag from /home/airflow/.local/lib/python3.7/site-packages/airflow/example_dags/example_task_group_decorator.py
[2025-12-05T00:59:26.661+0000] {processor.py:768} INFO - DAG(s) dict_keys(['example_task_group_decorator']) retrieved from /home/airflow/.local/lib/python3.7/site-packages/airflow/example_dags/example_task_group_decorator.py
[2025-12-05T00:59:26.681+0000] {logging_mixin.py:117} INFO - [2025-12-05T00:59:26.681+0000] {dag.py:2573} INFO - Sync 1 DAGs
[2025-12-05T00:59:26.693+0000] {logging_mixin.py:117} INFO - [2025-12-05T00:59:26.693+0000] {dag.py:3328} INFO - Setting next_dagrun for example_task_group_decorator to 2025-12-04T00:59:26.693353+00:00, run_after=2025-12-05T00:59:26.693353+00:00
[2025-12-05T00:59:26.701+0000] {processor.py:178} INFO - Processing /home/airflow/.local/lib/python3.7/site-packages/airflow/example_dags/example_task_group_decorator.py took 0.068 seconds
[2025-12-05T00:59:57.564+0000] {processor.py:156} INFO - Started process (PID=5703) to work on /home/airflow/.local/lib/python3.7/site-packages/airflow/example_dags/example_task_group_decorator.py
[2025-12-05T00:59:57.564+0000] {processor.py:758} INFO - Processing file /home/airflow/.local/lib/python3.7/site-packages/airflow/example_dags/example_task_group_decorator.py for tasks to queue
[2025-12-05T00:59:57.565+0000] {logging_mixin.py:117} INFO - [2025-12-05T00:59:57.565+0000] {dagbag.py:525} INFO - Filling up the DagBag from /home/airflow/.local/lib/python3.7/site-packages/airflow/example_dags/example_task_group_decorator.py
[2025-12-05T00:59:57.579+0000] {processor.py:768} INFO - DAG(s) dict_keys(['example_task_group_decorator']) retrieved from /home/airflow/.local/lib/python3.7/site-packages/airflow/example_dags/example_task_group_decorator.py
[2025-12-05T00:59:57.598+0000] {logging_mixin.py:117} INFO - [2025-12-05T00:59:57.598+0000] {dag.py:2573} INFO - Sync 1 DAGs
[2025-12-05T00:59:57.609+0000] {logging_mixin.py:117} INFO - [2025-12-05T00:59:57.609+0000] {dag.py:3328} INFO - Setting next_dagrun for example_task_group_decorator to 2025-12-04T00:59:57.609621+00:00, run_after=2025-12-05T00:59:57.609621+00:00
[2025-12-05T00:59:57.617+0000] {processor.py:178} INFO - Processing /home/airflow/.local/lib/python3.7/site-packages/airflow/example_dags/example_task_group_decorator.py took 0.054 seconds
[2025-12-05T01:00:27.852+0000] {processor.py:156} INFO - Started process (PID=5904) to work on /home/airflow/.local/lib/python3.7/site-packages/airflow/example_dags/example_task_group_decorator.py
[2025-12-05T01:00:27.854+0000] {processor.py:758} INFO - Processing file /home/airflow/.local/lib/python3.7/site-packages/airflow/example_dags/example_task_group_decorator.py for tasks to queue
[2025-12-05T01:00:27.855+0000] {logging_mixin.py:117} INFO - [2025-12-05T01:00:27.855+0000] {dagbag.py:525} INFO - Filling up the DagBag from /home/airflow/.local/lib/python3.7/site-packages/airflow/example_dags/example_task_group_decorator.py
[2025-12-05T01:00:27.871+0000] {processor.py:768} INFO - DAG(s) dict_keys(['example_task_group_decorator']) retrieved from /home/airflow/.local/lib/python3.7/site-packages/airflow/example_dags/example_task_group_decorator.py
[2025-12-05T01:00:27.894+0000] {logging_mixin.py:117} INFO - [2025-12-05T01:00:27.894+0000] {dag.py:2573} INFO - Sync 1 DAGs
[2025-12-05T01:00:27.905+0000] {logging_mixin.py:117} INFO - [2025-12-05T01:00:27.905+0000] {dag.py:3328} INFO - Setting next_dagrun for example_task_group_decorator to 2025-12-04T01:00:27.905677+00:00, run_after=2025-12-05T01:00:27.905677+00:00
[2025-12-05T01:00:27.912+0000] {processor.py:178} INFO - Processing /home/airflow/.local/lib/python3.7/site-packages/airflow/example_dags/example_task_group_decorator.py took 0.063 seconds
[2025-12-05T01:00:57.963+0000] {processor.py:156} INFO - Started process (PID=6102) to work on /home/airflow/.local/lib/python3.7/site-packages/airflow/example_dags/example_task_group_decorator.py
[2025-12-05T01:00:57.965+0000] {processor.py:758} INFO - Processing file /home/airflow/.local/lib/python3.7/site-packages/airflow/example_dags/example_task_group_decorator.py for tasks to queue
[2025-12-05T01:00:57.966+0000] {logging_mixin.py:117} INFO - [2025-12-05T01:00:57.966+0000] {dagbag.py:525} INFO - Filling up the DagBag from /home/airflow/.local/lib/python3.7/site-packages/airflow/example_dags/example_task_group_decorator.py
[2025-12-05T01:00:57.984+0000] {processor.py:768} INFO - DAG(s) dict_keys(['example_task_group_decorator']) retrieved from /home/airflow/.local/lib/python3.7/site-packages/airflow/example_dags/example_task_group_decorator.py
[2025-12-05T01:00:58.009+0000] {logging_mixin.py:117} INFO - [2025-12-05T01:00:58.009+0000] {dag.py:2573} INFO - Sync 1 DAGs
[2025-12-05T01:00:58.022+0000] {logging_mixin.py:117} INFO - [2025-12-05T01:00:58.022+0000] {dag.py:3328} INFO - Setting next_dagrun for example_task_group_decorator to 2025-12-04T01:00:58.022642+00:00, run_after=2025-12-05T01:00:58.022642+00:00
[2025-12-05T01:00:58.032+0000] {processor.py:178} INFO - Processing /home/airflow/.local/lib/python3.7/site-packages/airflow/example_dags/example_task_group_decorator.py took 0.071 seconds
[2025-12-05T01:01:28.563+0000] {processor.py:156} INFO - Started process (PID=6304) to work on /home/airflow/.local/lib/python3.7/site-packages/airflow/example_dags/example_task_group_decorator.py
[2025-12-05T01:01:28.563+0000] {processor.py:758} INFO - Processing file /home/airflow/.local/lib/python3.7/site-packages/airflow/example_dags/example_task_group_decorator.py for tasks to queue
[2025-12-05T01:01:28.564+0000] {logging_mixin.py:117} INFO - [2025-12-05T01:01:28.564+0000] {dagbag.py:525} INFO - Filling up the DagBag from /home/airflow/.local/lib/python3.7/site-packages/airflow/example_dags/example_task_group_decorator.py
[2025-12-05T01:01:28.580+0000] {processor.py:768} INFO - DAG(s) dict_keys(['example_task_group_decorator']) retrieved from /home/airflow/.local/lib/python3.7/site-packages/airflow/example_dags/example_task_group_decorator.py
[2025-12-05T01:01:28.605+0000] {logging_mixin.py:117} INFO - [2025-12-05T01:01:28.605+0000] {dag.py:2573} INFO - Sync 1 DAGs
[2025-12-05T01:01:28.622+0000] {logging_mixin.py:117} INFO - [2025-12-05T01:01:28.622+0000] {dag.py:3328} INFO - Setting next_dagrun for example_task_group_decorator to 2025-12-04T01:01:28.622453+00:00, run_after=2025-12-05T01:01:28.622453+00:00
[2025-12-05T01:01:28.632+0000] {processor.py:178} INFO - Processing /home/airflow/.local/lib/python3.7/site-packages/airflow/example_dags/example_task_group_decorator.py took 0.077 seconds
[2025-12-05T01:01:59.489+0000] {processor.py:156} INFO - Started process (PID=6505) to work on /home/airflow/.local/lib/python3.7/site-packages/airflow/example_dags/example_task_group_decorator.py
[2025-12-05T01:01:59.490+0000] {processor.py:758} INFO - Processing file /home/airflow/.local/lib/python3.7/site-packages/airflow/example_dags/example_task_group_decorator.py for tasks to queue
[2025-12-05T01:01:59.490+0000] {logging_mixin.py:117} INFO - [2025-12-05T01:01:59.490+0000] {dagbag.py:525} INFO - Filling up the DagBag from /home/airflow/.local/lib/python3.7/site-packages/airflow/example_dags/example_task_group_decorator.py
[2025-12-05T01:01:59.506+0000] {processor.py:768} INFO - DAG(s) dict_keys(['example_task_group_decorator']) retrieved from /home/airflow/.local/lib/python3.7/site-packages/airflow/example_dags/example_task_group_decorator.py
[2025-12-05T01:01:59.528+0000] {logging_mixin.py:117} INFO - [2025-12-05T01:01:59.528+0000] {dag.py:2573} INFO - Sync 1 DAGs
[2025-12-05T01:01:59.543+0000] {logging_mixin.py:117} INFO - [2025-12-05T01:01:59.543+0000] {dag.py:3328} INFO - Setting next_dagrun for example_task_group_decorator to 2025-12-04T01:01:59.542814+00:00, run_after=2025-12-05T01:01:59.542814+00:00
[2025-12-05T01:01:59.552+0000] {processor.py:178} INFO - Processing /home/airflow/.local/lib/python3.7/site-packages/airflow/example_dags/example_task_group_decorator.py took 0.064 seconds
[2025-12-05T01:02:30.445+0000] {processor.py:156} INFO - Started process (PID=6706) to work on /home/airflow/.local/lib/python3.7/site-packages/airflow/example_dags/example_task_group_decorator.py
[2025-12-05T01:02:30.446+0000] {processor.py:758} INFO - Processing file /home/airflow/.local/lib/python3.7/site-packages/airflow/example_dags/example_task_group_decorator.py for tasks to queue
[2025-12-05T01:02:30.446+0000] {logging_mixin.py:117} INFO - [2025-12-05T01:02:30.446+0000] {dagbag.py:525} INFO - Filling up the DagBag from /home/airflow/.local/lib/python3.7/site-packages/airflow/example_dags/example_task_group_decorator.py
[2025-12-05T01:02:30.464+0000] {processor.py:768} INFO - DAG(s) dict_keys(['example_task_group_decorator']) retrieved from /home/airflow/.local/lib/python3.7/site-packages/airflow/example_dags/example_task_group_decorator.py
[2025-12-05T01:02:30.488+0000] {logging_mixin.py:117} INFO - [2025-12-05T01:02:30.488+0000] {dag.py:2573} INFO - Sync 1 DAGs
[2025-12-05T01:02:30.503+0000] {logging_mixin.py:117} INFO - [2025-12-05T01:02:30.503+0000] {dag.py:3328} INFO - Setting next_dagrun for example_task_group_decorator to 2025-12-04T01:02:30.502868+00:00, run_after=2025-12-05T01:02:30.502868+00:00
[2025-12-05T01:02:30.514+0000] {processor.py:178} INFO - Processing /home/airflow/.local/lib/python3.7/site-packages/airflow/example_dags/example_task_group_decorator.py took 0.072 seconds
[2025-12-05T01:03:00.604+0000] {processor.py:156} INFO - Started process (PID=6905) to work on /home/airflow/.local/lib/python3.7/site-packages/airflow/example_dags/example_task_group_decorator.py
[2025-12-05T01:03:00.606+0000] {processor.py:758} INFO - Processing file /home/airflow/.local/lib/python3.7/site-packages/airflow/example_dags/example_task_group_decorator.py for tasks to queue
[2025-12-05T01:03:00.606+0000] {logging_mixin.py:117} INFO - [2025-12-05T01:03:00.606+0000] {dagbag.py:525} INFO - Filling up the DagBag from /home/airflow/.local/lib/python3.7/site-packages/airflow/example_dags/example_task_group_decorator.py
[2025-12-05T01:03:00.622+0000] {processor.py:768} INFO - DAG(s) dict_keys(['example_task_group_decorator']) retrieved from /home/airflow/.local/lib/python3.7/site-packages/airflow/example_dags/example_task_group_decorator.py
[2025-12-05T01:03:00.642+0000] {logging_mixin.py:117} INFO - [2025-12-05T01:03:00.642+0000] {dag.py:2573} INFO - Sync 1 DAGs
[2025-12-05T01:03:00.655+0000] {logging_mixin.py:117} INFO - [2025-12-05T01:03:00.655+0000] {dag.py:3328} INFO - Setting next_dagrun for example_task_group_decorator to 2025-12-04T01:03:00.655340+00:00, run_after=2025-12-05T01:03:00.655340+00:00
[2025-12-05T01:03:00.663+0000] {processor.py:178} INFO - Processing /home/airflow/.local/lib/python3.7/site-packages/airflow/example_dags/example_task_group_decorator.py took 0.060 seconds
[2025-12-05T01:03:31.525+0000] {processor.py:156} INFO - Started process (PID=7108) to work on /home/airflow/.local/lib/python3.7/site-packages/airflow/example_dags/example_task_group_decorator.py
[2025-12-05T01:03:31.527+0000] {processor.py:758} INFO - Processing file /home/airflow/.local/lib/python3.7/site-packages/airflow/example_dags/example_task_group_decorator.py for tasks to queue
[2025-12-05T01:03:31.527+0000] {logging_mixin.py:117} INFO - [2025-12-05T01:03:31.527+0000] {dagbag.py:525} INFO - Filling up the DagBag from /home/airflow/.local/lib/python3.7/site-packages/airflow/example_dags/example_task_group_decorator.py
[2025-12-05T01:03:31.542+0000] {processor.py:768} INFO - DAG(s) dict_keys(['example_task_group_decorator']) retrieved from /home/airflow/.local/lib/python3.7/site-packages/airflow/example_dags/example_task_group_decorator.py
[2025-12-05T01:03:31.559+0000] {logging_mixin.py:117} INFO - [2025-12-05T01:03:31.559+0000] {dag.py:2573} INFO - Sync 1 DAGs
[2025-12-05T01:03:31.570+0000] {logging_mixin.py:117} INFO - [2025-12-05T01:03:31.570+0000] {dag.py:3328} INFO - Setting next_dagrun for example_task_group_decorator to 2025-12-04T01:03:31.570415+00:00, run_after=2025-12-05T01:03:31.570415+00:00
[2025-12-05T01:03:31.578+0000] {processor.py:178} INFO - Processing /home/airflow/.local/lib/python3.7/site-packages/airflow/example_dags/example_task_group_decorator.py took 0.054 seconds
[2025-12-05T01:04:02.472+0000] {processor.py:156} INFO - Started process (PID=7308) to work on /home/airflow/.local/lib/python3.7/site-packages/airflow/example_dags/example_task_group_decorator.py
[2025-12-05T01:04:02.473+0000] {processor.py:758} INFO - Processing file /home/airflow/.local/lib/python3.7/site-packages/airflow/example_dags/example_task_group_decorator.py for tasks to queue
[2025-12-05T01:04:02.473+0000] {logging_mixin.py:117} INFO - [2025-12-05T01:04:02.473+0000] {dagbag.py:525} INFO - Filling up the DagBag from /home/airflow/.local/lib/python3.7/site-packages/airflow/example_dags/example_task_group_decorator.py
[2025-12-05T01:04:02.489+0000] {processor.py:768} INFO - DAG(s) dict_keys(['example_task_group_decorator']) retrieved from /home/airflow/.local/lib/python3.7/site-packages/airflow/example_dags/example_task_group_decorator.py
[2025-12-05T01:04:02.509+0000] {logging_mixin.py:117} INFO - [2025-12-05T01:04:02.508+0000] {dag.py:2573} INFO - Sync 1 DAGs
[2025-12-05T01:04:02.520+0000] {logging_mixin.py:117} INFO - [2025-12-05T01:04:02.520+0000] {dag.py:3328} INFO - Setting next_dagrun for example_task_group_decorator to 2025-12-04T01:04:02.520527+00:00, run_after=2025-12-05T01:04:02.520527+00:00
[2025-12-05T01:04:02.529+0000] {processor.py:178} INFO - Processing /home/airflow/.local/lib/python3.7/site-packages/airflow/example_dags/example_task_group_decorator.py took 0.058 seconds
[2025-12-05T01:04:33.177+0000] {processor.py:156} INFO - Started process (PID=7509) to work on /home/airflow/.local/lib/python3.7/site-packages/airflow/example_dags/example_task_group_decorator.py
[2025-12-05T01:04:33.177+0000] {processor.py:758} INFO - Processing file /home/airflow/.local/lib/python3.7/site-packages/airflow/example_dags/example_task_group_decorator.py for tasks to queue
[2025-12-05T01:04:33.177+0000] {logging_mixin.py:117} INFO - [2025-12-05T01:04:33.177+0000] {dagbag.py:525} INFO - Filling up the DagBag from /home/airflow/.local/lib/python3.7/site-packages/airflow/example_dags/example_task_group_decorator.py
[2025-12-05T01:04:33.191+0000] {processor.py:768} INFO - DAG(s) dict_keys(['example_task_group_decorator']) retrieved from /home/airflow/.local/lib/python3.7/site-packages/airflow/example_dags/example_task_group_decorator.py
[2025-12-05T01:04:33.209+0000] {logging_mixin.py:117} INFO - [2025-12-05T01:04:33.209+0000] {dag.py:2573} INFO - Sync 1 DAGs
[2025-12-05T01:04:33.219+0000] {logging_mixin.py:117} INFO - [2025-12-05T01:04:33.219+0000] {dag.py:3328} INFO - Setting next_dagrun for example_task_group_decorator to 2025-12-04T01:04:33.219075+00:00, run_after=2025-12-05T01:04:33.219075+00:00
[2025-12-05T01:04:33.227+0000] {processor.py:178} INFO - Processing /home/airflow/.local/lib/python3.7/site-packages/airflow/example_dags/example_task_group_decorator.py took 0.052 seconds
[2025-12-05T01:05:03.919+0000] {processor.py:156} INFO - Started process (PID=7710) to work on /home/airflow/.local/lib/python3.7/site-packages/airflow/example_dags/example_task_group_decorator.py
[2025-12-05T01:05:03.920+0000] {processor.py:758} INFO - Processing file /home/airflow/.local/lib/python3.7/site-packages/airflow/example_dags/example_task_group_decorator.py for tasks to queue
[2025-12-05T01:05:03.920+0000] {logging_mixin.py:117} INFO - [2025-12-05T01:05:03.920+0000] {dagbag.py:525} INFO - Filling up the DagBag from /home/airflow/.local/lib/python3.7/site-packages/airflow/example_dags/example_task_group_decorator.py
[2025-12-05T01:05:03.935+0000] {processor.py:768} INFO - DAG(s) dict_keys(['example_task_group_decorator']) retrieved from /home/airflow/.local/lib/python3.7/site-packages/airflow/example_dags/example_task_group_decorator.py
[2025-12-05T01:05:03.956+0000] {logging_mixin.py:117} INFO - [2025-12-05T01:05:03.956+0000] {dag.py:2573} INFO - Sync 1 DAGs
[2025-12-05T01:05:03.967+0000] {logging_mixin.py:117} INFO - [2025-12-05T01:05:03.967+0000] {dag.py:3328} INFO - Setting next_dagrun for example_task_group_decorator to 2025-12-04T01:05:03.967494+00:00, run_after=2025-12-05T01:05:03.967494+00:00
[2025-12-05T01:05:03.975+0000] {processor.py:178} INFO - Processing /home/airflow/.local/lib/python3.7/site-packages/airflow/example_dags/example_task_group_decorator.py took 0.058 seconds
[2025-12-05T01:05:34.768+0000] {processor.py:156} INFO - Started process (PID=7909) to work on /home/airflow/.local/lib/python3.7/site-packages/airflow/example_dags/example_task_group_decorator.py
[2025-12-05T01:05:34.769+0000] {processor.py:758} INFO - Processing file /home/airflow/.local/lib/python3.7/site-packages/airflow/example_dags/example_task_group_decorator.py for tasks to queue
[2025-12-05T01:05:34.770+0000] {logging_mixin.py:117} INFO - [2025-12-05T01:05:34.770+0000] {dagbag.py:525} INFO - Filling up the DagBag from /home/airflow/.local/lib/python3.7/site-packages/airflow/example_dags/example_task_group_decorator.py
[2025-12-05T01:05:34.795+0000] {processor.py:768} INFO - DAG(s) dict_keys(['example_task_group_decorator']) retrieved from /home/airflow/.local/lib/python3.7/site-packages/airflow/example_dags/example_task_group_decorator.py
[2025-12-05T01:05:34.817+0000] {logging_mixin.py:117} INFO - [2025-12-05T01:05:34.817+0000] {dag.py:2573} INFO - Sync 1 DAGs
[2025-12-05T01:05:34.829+0000] {logging_mixin.py:117} INFO - [2025-12-05T01:05:34.829+0000] {dag.py:3328} INFO - Setting next_dagrun for example_task_group_decorator to 2025-12-04T01:05:34.829669+00:00, run_after=2025-12-05T01:05:34.829669+00:00
[2025-12-05T01:05:34.837+0000] {processor.py:178} INFO - Processing /home/airflow/.local/lib/python3.7/site-packages/airflow/example_dags/example_task_group_decorator.py took 0.072 seconds
[2025-12-05T01:06:05.775+0000] {processor.py:156} INFO - Started process (PID=8112) to work on /home/airflow/.local/lib/python3.7/site-packages/airflow/example_dags/example_task_group_decorator.py
[2025-12-05T01:06:05.775+0000] {processor.py:758} INFO - Processing file /home/airflow/.local/lib/python3.7/site-packages/airflow/example_dags/example_task_group_decorator.py for tasks to queue
[2025-12-05T01:06:05.776+0000] {logging_mixin.py:117} INFO - [2025-12-05T01:06:05.776+0000] {dagbag.py:525} INFO - Filling up the DagBag from /home/airflow/.local/lib/python3.7/site-packages/airflow/example_dags/example_task_group_decorator.py
[2025-12-05T01:06:05.792+0000] {processor.py:768} INFO - DAG(s) dict_keys(['example_task_group_decorator']) retrieved from /home/airflow/.local/lib/python3.7/site-packages/airflow/example_dags/example_task_group_decorator.py
[2025-12-05T01:06:05.814+0000] {logging_mixin.py:117} INFO - [2025-12-05T01:06:05.814+0000] {dag.py:2573} INFO - Sync 1 DAGs
[2025-12-05T01:06:05.826+0000] {logging_mixin.py:117} INFO - [2025-12-05T01:06:05.826+0000] {dag.py:3328} INFO - Setting next_dagrun for example_task_group_decorator to 2025-12-04T01:06:05.826087+00:00, run_after=2025-12-05T01:06:05.826087+00:00
[2025-12-05T01:06:05.834+0000] {processor.py:178} INFO - Processing /home/airflow/.local/lib/python3.7/site-packages/airflow/example_dags/example_task_group_decorator.py took 0.061 seconds
[2025-12-05T01:06:36.057+0000] {processor.py:156} INFO - Started process (PID=8311) to work on /home/airflow/.local/lib/python3.7/site-packages/airflow/example_dags/example_task_group_decorator.py
[2025-12-05T01:06:36.057+0000] {processor.py:758} INFO - Processing file /home/airflow/.local/lib/python3.7/site-packages/airflow/example_dags/example_task_group_decorator.py for tasks to queue
[2025-12-05T01:06:36.058+0000] {logging_mixin.py:117} INFO - [2025-12-05T01:06:36.058+0000] {dagbag.py:525} INFO - Filling up the DagBag from /home/airflow/.local/lib/python3.7/site-packages/airflow/example_dags/example_task_group_decorator.py
[2025-12-05T01:06:36.075+0000] {processor.py:768} INFO - DAG(s) dict_keys(['example_task_group_decorator']) retrieved from /home/airflow/.local/lib/python3.7/site-packages/airflow/example_dags/example_task_group_decorator.py
[2025-12-05T01:06:36.096+0000] {logging_mixin.py:117} INFO - [2025-12-05T01:06:36.096+0000] {dag.py:2573} INFO - Sync 1 DAGs
[2025-12-05T01:06:36.111+0000] {logging_mixin.py:117} INFO - [2025-12-05T01:06:36.111+0000] {dag.py:3328} INFO - Setting next_dagrun for example_task_group_decorator to 2025-12-04T01:06:36.111617+00:00, run_after=2025-12-05T01:06:36.111617+00:00
[2025-12-05T01:06:36.123+0000] {processor.py:178} INFO - Processing /home/airflow/.local/lib/python3.7/site-packages/airflow/example_dags/example_task_group_decorator.py took 0.068 seconds
[2025-12-05T01:07:06.605+0000] {processor.py:156} INFO - Started process (PID=8514) to work on /home/airflow/.local/lib/python3.7/site-packages/airflow/example_dags/example_task_group_decorator.py
[2025-12-05T01:07:06.605+0000] {processor.py:758} INFO - Processing file /home/airflow/.local/lib/python3.7/site-packages/airflow/example_dags/example_task_group_decorator.py for tasks to queue
[2025-12-05T01:07:06.605+0000] {logging_mixin.py:117} INFO - [2025-12-05T01:07:06.605+0000] {dagbag.py:525} INFO - Filling up the DagBag from /home/airflow/.local/lib/python3.7/site-packages/airflow/example_dags/example_task_group_decorator.py
[2025-12-05T01:07:06.622+0000] {processor.py:768} INFO - DAG(s) dict_keys(['example_task_group_decorator']) retrieved from /home/airflow/.local/lib/python3.7/site-packages/airflow/example_dags/example_task_group_decorator.py
[2025-12-05T01:07:06.639+0000] {logging_mixin.py:117} INFO - [2025-12-05T01:07:06.639+0000] {dag.py:2573} INFO - Sync 1 DAGs
[2025-12-05T01:07:06.649+0000] {logging_mixin.py:117} INFO - [2025-12-05T01:07:06.649+0000] {dag.py:3328} INFO - Setting next_dagrun for example_task_group_decorator to 2025-12-04T01:07:06.649484+00:00, run_after=2025-12-05T01:07:06.649484+00:00
[2025-12-05T01:07:06.657+0000] {processor.py:178} INFO - Processing /home/airflow/.local/lib/python3.7/site-packages/airflow/example_dags/example_task_group_decorator.py took 0.055 seconds
[2025-12-05T01:07:36.711+0000] {processor.py:156} INFO - Started process (PID=8713) to work on /home/airflow/.local/lib/python3.7/site-packages/airflow/example_dags/example_task_group_decorator.py
[2025-12-05T01:07:36.712+0000] {processor.py:758} INFO - Processing file /home/airflow/.local/lib/python3.7/site-packages/airflow/example_dags/example_task_group_decorator.py for tasks to queue
[2025-12-05T01:07:36.712+0000] {logging_mixin.py:117} INFO - [2025-12-05T01:07:36.712+0000] {dagbag.py:525} INFO - Filling up the DagBag from /home/airflow/.local/lib/python3.7/site-packages/airflow/example_dags/example_task_group_decorator.py
[2025-12-05T01:07:36.727+0000] {processor.py:768} INFO - DAG(s) dict_keys(['example_task_group_decorator']) retrieved from /home/airflow/.local/lib/python3.7/site-packages/airflow/example_dags/example_task_group_decorator.py
[2025-12-05T01:07:36.748+0000] {logging_mixin.py:117} INFO - [2025-12-05T01:07:36.748+0000] {dag.py:2573} INFO - Sync 1 DAGs
[2025-12-05T01:07:36.758+0000] {logging_mixin.py:117} INFO - [2025-12-05T01:07:36.758+0000] {dag.py:3328} INFO - Setting next_dagrun for example_task_group_decorator to 2025-12-04T01:07:36.758473+00:00, run_after=2025-12-05T01:07:36.758473+00:00
[2025-12-05T01:07:36.766+0000] {processor.py:178} INFO - Processing /home/airflow/.local/lib/python3.7/site-packages/airflow/example_dags/example_task_group_decorator.py took 0.057 seconds
[2025-12-05T01:08:06.999+0000] {processor.py:156} INFO - Started process (PID=8914) to work on /home/airflow/.local/lib/python3.7/site-packages/airflow/example_dags/example_task_group_decorator.py
[2025-12-05T01:08:07.000+0000] {processor.py:758} INFO - Processing file /home/airflow/.local/lib/python3.7/site-packages/airflow/example_dags/example_task_group_decorator.py for tasks to queue
[2025-12-05T01:08:07.001+0000] {logging_mixin.py:117} INFO - [2025-12-05T01:08:07.001+0000] {dagbag.py:525} INFO - Filling up the DagBag from /home/airflow/.local/lib/python3.7/site-packages/airflow/example_dags/example_task_group_decorator.py
[2025-12-05T01:08:07.017+0000] {processor.py:768} INFO - DAG(s) dict_keys(['example_task_group_decorator']) retrieved from /home/airflow/.local/lib/python3.7/site-packages/airflow/example_dags/example_task_group_decorator.py
[2025-12-05T01:08:07.042+0000] {logging_mixin.py:117} INFO - [2025-12-05T01:08:07.042+0000] {dag.py:2573} INFO - Sync 1 DAGs
[2025-12-05T01:08:07.054+0000] {logging_mixin.py:117} INFO - [2025-12-05T01:08:07.054+0000] {dag.py:3328} INFO - Setting next_dagrun for example_task_group_decorator to 2025-12-04T01:08:07.054435+00:00, run_after=2025-12-05T01:08:07.054435+00:00
[2025-12-05T01:08:07.062+0000] {processor.py:178} INFO - Processing /home/airflow/.local/lib/python3.7/site-packages/airflow/example_dags/example_task_group_decorator.py took 0.068 seconds
[2025-12-05T01:08:37.446+0000] {processor.py:156} INFO - Started process (PID=9115) to work on /home/airflow/.local/lib/python3.7/site-packages/airflow/example_dags/example_task_group_decorator.py
[2025-12-05T01:08:37.448+0000] {processor.py:758} INFO - Processing file /home/airflow/.local/lib/python3.7/site-packages/airflow/example_dags/example_task_group_decorator.py for tasks to queue
[2025-12-05T01:08:37.449+0000] {logging_mixin.py:117} INFO - [2025-12-05T01:08:37.449+0000] {dagbag.py:525} INFO - Filling up the DagBag from /home/airflow/.local/lib/python3.7/site-packages/airflow/example_dags/example_task_group_decorator.py
[2025-12-05T01:08:37.468+0000] {processor.py:768} INFO - DAG(s) dict_keys(['example_task_group_decorator']) retrieved from /home/airflow/.local/lib/python3.7/site-packages/airflow/example_dags/example_task_group_decorator.py
[2025-12-05T01:08:37.493+0000] {logging_mixin.py:117} INFO - [2025-12-05T01:08:37.493+0000] {dag.py:2573} INFO - Sync 1 DAGs
[2025-12-05T01:08:37.506+0000] {logging_mixin.py:117} INFO - [2025-12-05T01:08:37.506+0000] {dag.py:3328} INFO - Setting next_dagrun for example_task_group_decorator to 2025-12-04T01:08:37.505903+00:00, run_after=2025-12-05T01:08:37.505903+00:00
[2025-12-05T01:08:37.519+0000] {processor.py:178} INFO - Processing /home/airflow/.local/lib/python3.7/site-packages/airflow/example_dags/example_task_group_decorator.py took 0.076 seconds
[2025-12-05T01:09:07.653+0000] {processor.py:156} INFO - Started process (PID=9318) to work on /home/airflow/.local/lib/python3.7/site-packages/airflow/example_dags/example_task_group_decorator.py
[2025-12-05T01:09:07.654+0000] {processor.py:758} INFO - Processing file /home/airflow/.local/lib/python3.7/site-packages/airflow/example_dags/example_task_group_decorator.py for tasks to queue
[2025-12-05T01:09:07.654+0000] {logging_mixin.py:117} INFO - [2025-12-05T01:09:07.654+0000] {dagbag.py:525} INFO - Filling up the DagBag from /home/airflow/.local/lib/python3.7/site-packages/airflow/example_dags/example_task_group_decorator.py
[2025-12-05T01:09:07.672+0000] {processor.py:768} INFO - DAG(s) dict_keys(['example_task_group_decorator']) retrieved from /home/airflow/.local/lib/python3.7/site-packages/airflow/example_dags/example_task_group_decorator.py
[2025-12-05T01:09:07.697+0000] {logging_mixin.py:117} INFO - [2025-12-05T01:09:07.697+0000] {dag.py:2573} INFO - Sync 1 DAGs
[2025-12-05T01:09:07.713+0000] {logging_mixin.py:117} INFO - [2025-12-05T01:09:07.713+0000] {dag.py:3328} INFO - Setting next_dagrun for example_task_group_decorator to 2025-12-04T01:09:07.713113+00:00, run_after=2025-12-05T01:09:07.713113+00:00
[2025-12-05T01:09:07.721+0000] {processor.py:178} INFO - Processing /home/airflow/.local/lib/python3.7/site-packages/airflow/example_dags/example_task_group_decorator.py took 0.070 seconds
[2025-12-05T01:09:37.939+0000] {processor.py:156} INFO - Started process (PID=9519) to work on /home/airflow/.local/lib/python3.7/site-packages/airflow/example_dags/example_task_group_decorator.py
[2025-12-05T01:09:37.940+0000] {processor.py:758} INFO - Processing file /home/airflow/.local/lib/python3.7/site-packages/airflow/example_dags/example_task_group_decorator.py for tasks to queue
[2025-12-05T01:09:37.940+0000] {logging_mixin.py:117} INFO - [2025-12-05T01:09:37.940+0000] {dagbag.py:525} INFO - Filling up the DagBag from /home/airflow/.local/lib/python3.7/site-packages/airflow/example_dags/example_task_group_decorator.py
[2025-12-05T01:09:37.953+0000] {processor.py:768} INFO - DAG(s) dict_keys(['example_task_group_decorator']) retrieved from /home/airflow/.local/lib/python3.7/site-packages/airflow/example_dags/example_task_group_decorator.py
[2025-12-05T01:09:37.973+0000] {logging_mixin.py:117} INFO - [2025-12-05T01:09:37.973+0000] {dag.py:2573} INFO - Sync 1 DAGs
[2025-12-05T01:09:37.986+0000] {logging_mixin.py:117} INFO - [2025-12-05T01:09:37.986+0000] {dag.py:3328} INFO - Setting next_dagrun for example_task_group_decorator to 2025-12-04T01:09:37.986460+00:00, run_after=2025-12-05T01:09:37.986460+00:00
[2025-12-05T01:09:37.994+0000] {processor.py:178} INFO - Processing /home/airflow/.local/lib/python3.7/site-packages/airflow/example_dags/example_task_group_decorator.py took 0.057 seconds
[2025-12-05T01:10:08.962+0000] {processor.py:156} INFO - Started process (PID=9718) to work on /home/airflow/.local/lib/python3.7/site-packages/airflow/example_dags/example_task_group_decorator.py
[2025-12-05T01:10:08.963+0000] {processor.py:758} INFO - Processing file /home/airflow/.local/lib/python3.7/site-packages/airflow/example_dags/example_task_group_decorator.py for tasks to queue
[2025-12-05T01:10:08.963+0000] {logging_mixin.py:117} INFO - [2025-12-05T01:10:08.963+0000] {dagbag.py:525} INFO - Filling up the DagBag from /home/airflow/.local/lib/python3.7/site-packages/airflow/example_dags/example_task_group_decorator.py
[2025-12-05T01:10:08.978+0000] {processor.py:768} INFO - DAG(s) dict_keys(['example_task_group_decorator']) retrieved from /home/airflow/.local/lib/python3.7/site-packages/airflow/example_dags/example_task_group_decorator.py
[2025-12-05T01:10:09.000+0000] {logging_mixin.py:117} INFO - [2025-12-05T01:10:09.000+0000] {dag.py:2573} INFO - Sync 1 DAGs
[2025-12-05T01:10:09.011+0000] {logging_mixin.py:117} INFO - [2025-12-05T01:10:09.011+0000] {dag.py:3328} INFO - Setting next_dagrun for example_task_group_decorator to 2025-12-04T01:10:09.011216+00:00, run_after=2025-12-05T01:10:09.011216+00:00
[2025-12-05T01:10:09.021+0000] {processor.py:178} INFO - Processing /home/airflow/.local/lib/python3.7/site-packages/airflow/example_dags/example_task_group_decorator.py took 0.061 seconds
[2025-12-05T01:10:39.851+0000] {processor.py:156} INFO - Started process (PID=9919) to work on /home/airflow/.local/lib/python3.7/site-packages/airflow/example_dags/example_task_group_decorator.py
[2025-12-05T01:10:39.853+0000] {processor.py:758} INFO - Processing file /home/airflow/.local/lib/python3.7/site-packages/airflow/example_dags/example_task_group_decorator.py for tasks to queue
[2025-12-05T01:10:39.853+0000] {logging_mixin.py:117} INFO - [2025-12-05T01:10:39.853+0000] {dagbag.py:525} INFO - Filling up the DagBag from /home/airflow/.local/lib/python3.7/site-packages/airflow/example_dags/example_task_group_decorator.py
[2025-12-05T01:10:39.868+0000] {processor.py:768} INFO - DAG(s) dict_keys(['example_task_group_decorator']) retrieved from /home/airflow/.local/lib/python3.7/site-packages/airflow/example_dags/example_task_group_decorator.py
[2025-12-05T01:10:39.886+0000] {logging_mixin.py:117} INFO - [2025-12-05T01:10:39.886+0000] {dag.py:2573} INFO - Sync 1 DAGs
[2025-12-05T01:10:39.897+0000] {logging_mixin.py:117} INFO - [2025-12-05T01:10:39.897+0000] {dag.py:3328} INFO - Setting next_dagrun for example_task_group_decorator to 2025-12-04T01:10:39.897000+00:00, run_after=2025-12-05T01:10:39.897000+00:00
[2025-12-05T01:10:39.908+0000] {processor.py:178} INFO - Processing /home/airflow/.local/lib/python3.7/site-packages/airflow/example_dags/example_task_group_decorator.py took 0.059 seconds
[2025-12-05T01:11:10.788+0000] {processor.py:156} INFO - Started process (PID=10127) to work on /home/airflow/.local/lib/python3.7/site-packages/airflow/example_dags/example_task_group_decorator.py
[2025-12-05T01:11:10.790+0000] {processor.py:758} INFO - Processing file /home/airflow/.local/lib/python3.7/site-packages/airflow/example_dags/example_task_group_decorator.py for tasks to queue
[2025-12-05T01:11:10.791+0000] {logging_mixin.py:117} INFO - [2025-12-05T01:11:10.791+0000] {dagbag.py:525} INFO - Filling up the DagBag from /home/airflow/.local/lib/python3.7/site-packages/airflow/example_dags/example_task_group_decorator.py
[2025-12-05T01:11:10.808+0000] {processor.py:768} INFO - DAG(s) dict_keys(['example_task_group_decorator']) retrieved from /home/airflow/.local/lib/python3.7/site-packages/airflow/example_dags/example_task_group_decorator.py
[2025-12-05T01:11:10.831+0000] {logging_mixin.py:117} INFO - [2025-12-05T01:11:10.831+0000] {dag.py:2573} INFO - Sync 1 DAGs
[2025-12-05T01:11:10.849+0000] {logging_mixin.py:117} INFO - [2025-12-05T01:11:10.848+0000] {dag.py:3328} INFO - Setting next_dagrun for example_task_group_decorator to 2025-12-04T01:11:10.848817+00:00, run_after=2025-12-05T01:11:10.848817+00:00
[2025-12-05T01:11:10.859+0000] {processor.py:178} INFO - Processing /home/airflow/.local/lib/python3.7/site-packages/airflow/example_dags/example_task_group_decorator.py took 0.074 seconds
[2025-12-05T01:11:41.562+0000] {processor.py:156} INFO - Started process (PID=10329) to work on /home/airflow/.local/lib/python3.7/site-packages/airflow/example_dags/example_task_group_decorator.py
[2025-12-05T01:11:41.563+0000] {processor.py:758} INFO - Processing file /home/airflow/.local/lib/python3.7/site-packages/airflow/example_dags/example_task_group_decorator.py for tasks to queue
[2025-12-05T01:11:41.563+0000] {logging_mixin.py:117} INFO - [2025-12-05T01:11:41.563+0000] {dagbag.py:525} INFO - Filling up the DagBag from /home/airflow/.local/lib/python3.7/site-packages/airflow/example_dags/example_task_group_decorator.py
[2025-12-05T01:11:41.579+0000] {processor.py:768} INFO - DAG(s) dict_keys(['example_task_group_decorator']) retrieved from /home/airflow/.local/lib/python3.7/site-packages/airflow/example_dags/example_task_group_decorator.py
[2025-12-05T01:11:41.603+0000] {logging_mixin.py:117} INFO - [2025-12-05T01:11:41.603+0000] {dag.py:2573} INFO - Sync 1 DAGs
[2025-12-05T01:11:41.618+0000] {logging_mixin.py:117} INFO - [2025-12-05T01:11:41.618+0000] {dag.py:3328} INFO - Setting next_dagrun for example_task_group_decorator to 2025-12-04T01:11:41.618379+00:00, run_after=2025-12-05T01:11:41.618379+00:00
[2025-12-05T01:11:41.627+0000] {processor.py:178} INFO - Processing /home/airflow/.local/lib/python3.7/site-packages/airflow/example_dags/example_task_group_decorator.py took 0.067 seconds
[2025-12-05T01:12:12.881+0000] {processor.py:156} INFO - Started process (PID=10527) to work on /home/airflow/.local/lib/python3.7/site-packages/airflow/example_dags/example_task_group_decorator.py
[2025-12-05T01:12:12.882+0000] {processor.py:758} INFO - Processing file /home/airflow/.local/lib/python3.7/site-packages/airflow/example_dags/example_task_group_decorator.py for tasks to queue
[2025-12-05T01:12:12.882+0000] {logging_mixin.py:117} INFO - [2025-12-05T01:12:12.882+0000] {dagbag.py:525} INFO - Filling up the DagBag from /home/airflow/.local/lib/python3.7/site-packages/airflow/example_dags/example_task_group_decorator.py
[2025-12-05T01:12:12.898+0000] {processor.py:768} INFO - DAG(s) dict_keys(['example_task_group_decorator']) retrieved from /home/airflow/.local/lib/python3.7/site-packages/airflow/example_dags/example_task_group_decorator.py
[2025-12-05T01:12:12.919+0000] {logging_mixin.py:117} INFO - [2025-12-05T01:12:12.919+0000] {dag.py:2573} INFO - Sync 1 DAGs
[2025-12-05T01:12:12.932+0000] {logging_mixin.py:117} INFO - [2025-12-05T01:12:12.932+0000] {dag.py:3328} INFO - Setting next_dagrun for example_task_group_decorator to 2025-12-04T01:12:12.931938+00:00, run_after=2025-12-05T01:12:12.931938+00:00
[2025-12-05T01:12:12.946+0000] {processor.py:178} INFO - Processing /home/airflow/.local/lib/python3.7/site-packages/airflow/example_dags/example_task_group_decorator.py took 0.067 seconds
[2025-12-05T01:12:43.027+0000] {processor.py:156} INFO - Started process (PID=10730) to work on /home/airflow/.local/lib/python3.7/site-packages/airflow/example_dags/example_task_group_decorator.py
[2025-12-05T01:12:43.028+0000] {processor.py:758} INFO - Processing file /home/airflow/.local/lib/python3.7/site-packages/airflow/example_dags/example_task_group_decorator.py for tasks to queue
[2025-12-05T01:12:43.028+0000] {logging_mixin.py:117} INFO - [2025-12-05T01:12:43.028+0000] {dagbag.py:525} INFO - Filling up the DagBag from /home/airflow/.local/lib/python3.7/site-packages/airflow/example_dags/example_task_group_decorator.py
[2025-12-05T01:12:43.042+0000] {processor.py:768} INFO - DAG(s) dict_keys(['example_task_group_decorator']) retrieved from /home/airflow/.local/lib/python3.7/site-packages/airflow/example_dags/example_task_group_decorator.py
[2025-12-05T01:12:43.054+0000] {logging_mixin.py:117} INFO - [2025-12-05T01:12:43.054+0000] {dag.py:2573} INFO - Sync 1 DAGs
[2025-12-05T01:12:43.065+0000] {logging_mixin.py:117} INFO - [2025-12-05T01:12:43.065+0000] {dag.py:3328} INFO - Setting next_dagrun for example_task_group_decorator to 2025-12-04T01:12:43.065298+00:00, run_after=2025-12-05T01:12:43.065298+00:00
[2025-12-05T01:12:43.072+0000] {processor.py:178} INFO - Processing /home/airflow/.local/lib/python3.7/site-packages/airflow/example_dags/example_task_group_decorator.py took 0.047 seconds
[2025-12-05T01:13:14.134+0000] {processor.py:156} INFO - Started process (PID=10929) to work on /home/airflow/.local/lib/python3.7/site-packages/airflow/example_dags/example_task_group_decorator.py
[2025-12-05T01:13:14.135+0000] {processor.py:758} INFO - Processing file /home/airflow/.local/lib/python3.7/site-packages/airflow/example_dags/example_task_group_decorator.py for tasks to queue
[2025-12-05T01:13:14.136+0000] {logging_mixin.py:117} INFO - [2025-12-05T01:13:14.136+0000] {dagbag.py:525} INFO - Filling up the DagBag from /home/airflow/.local/lib/python3.7/site-packages/airflow/example_dags/example_task_group_decorator.py
[2025-12-05T01:13:14.152+0000] {processor.py:768} INFO - DAG(s) dict_keys(['example_task_group_decorator']) retrieved from /home/airflow/.local/lib/python3.7/site-packages/airflow/example_dags/example_task_group_decorator.py
[2025-12-05T01:13:14.172+0000] {logging_mixin.py:117} INFO - [2025-12-05T01:13:14.172+0000] {dag.py:2573} INFO - Sync 1 DAGs
[2025-12-05T01:13:14.184+0000] {logging_mixin.py:117} INFO - [2025-12-05T01:13:14.184+0000] {dag.py:3328} INFO - Setting next_dagrun for example_task_group_decorator to 2025-12-04T01:13:14.184319+00:00, run_after=2025-12-05T01:13:14.184319+00:00
[2025-12-05T01:13:14.192+0000] {processor.py:178} INFO - Processing /home/airflow/.local/lib/python3.7/site-packages/airflow/example_dags/example_task_group_decorator.py took 0.059 seconds
[2025-12-05T01:13:44.579+0000] {processor.py:156} INFO - Started process (PID=11130) to work on /home/airflow/.local/lib/python3.7/site-packages/airflow/example_dags/example_task_group_decorator.py
[2025-12-05T01:13:44.579+0000] {processor.py:758} INFO - Processing file /home/airflow/.local/lib/python3.7/site-packages/airflow/example_dags/example_task_group_decorator.py for tasks to queue
[2025-12-05T01:13:44.581+0000] {logging_mixin.py:117} INFO - [2025-12-05T01:13:44.581+0000] {dagbag.py:525} INFO - Filling up the DagBag from /home/airflow/.local/lib/python3.7/site-packages/airflow/example_dags/example_task_group_decorator.py
[2025-12-05T01:13:44.596+0000] {processor.py:768} INFO - DAG(s) dict_keys(['example_task_group_decorator']) retrieved from /home/airflow/.local/lib/python3.7/site-packages/airflow/example_dags/example_task_group_decorator.py
[2025-12-05T01:13:44.622+0000] {logging_mixin.py:117} INFO - [2025-12-05T01:13:44.622+0000] {dag.py:2573} INFO - Sync 1 DAGs
[2025-12-05T01:13:44.636+0000] {logging_mixin.py:117} INFO - [2025-12-05T01:13:44.636+0000] {dag.py:3328} INFO - Setting next_dagrun for example_task_group_decorator to 2025-12-04T01:13:44.636768+00:00, run_after=2025-12-05T01:13:44.636768+00:00
[2025-12-05T01:13:44.648+0000] {processor.py:178} INFO - Processing /home/airflow/.local/lib/python3.7/site-packages/airflow/example_dags/example_task_group_decorator.py took 0.071 seconds
[2025-12-05T01:14:15.270+0000] {processor.py:156} INFO - Started process (PID=11333) to work on /home/airflow/.local/lib/python3.7/site-packages/airflow/example_dags/example_task_group_decorator.py
[2025-12-05T01:14:15.271+0000] {processor.py:758} INFO - Processing file /home/airflow/.local/lib/python3.7/site-packages/airflow/example_dags/example_task_group_decorator.py for tasks to queue
[2025-12-05T01:14:15.271+0000] {logging_mixin.py:117} INFO - [2025-12-05T01:14:15.271+0000] {dagbag.py:525} INFO - Filling up the DagBag from /home/airflow/.local/lib/python3.7/site-packages/airflow/example_dags/example_task_group_decorator.py
[2025-12-05T01:14:15.287+0000] {processor.py:768} INFO - DAG(s) dict_keys(['example_task_group_decorator']) retrieved from /home/airflow/.local/lib/python3.7/site-packages/airflow/example_dags/example_task_group_decorator.py
[2025-12-05T01:14:15.314+0000] {logging_mixin.py:117} INFO - [2025-12-05T01:14:15.314+0000] {dag.py:2573} INFO - Sync 1 DAGs
[2025-12-05T01:14:15.330+0000] {logging_mixin.py:117} INFO - [2025-12-05T01:14:15.330+0000] {dag.py:3328} INFO - Setting next_dagrun for example_task_group_decorator to 2025-12-04T01:14:15.330720+00:00, run_after=2025-12-05T01:14:15.330720+00:00
[2025-12-05T01:14:15.347+0000] {processor.py:178} INFO - Processing /home/airflow/.local/lib/python3.7/site-packages/airflow/example_dags/example_task_group_decorator.py took 0.078 seconds
[2025-12-05T01:14:45.449+0000] {processor.py:156} INFO - Started process (PID=11534) to work on /home/airflow/.local/lib/python3.7/site-packages/airflow/example_dags/example_task_group_decorator.py
[2025-12-05T01:14:45.451+0000] {processor.py:758} INFO - Processing file /home/airflow/.local/lib/python3.7/site-packages/airflow/example_dags/example_task_group_decorator.py for tasks to queue
[2025-12-05T01:14:45.451+0000] {logging_mixin.py:117} INFO - [2025-12-05T01:14:45.451+0000] {dagbag.py:525} INFO - Filling up the DagBag from /home/airflow/.local/lib/python3.7/site-packages/airflow/example_dags/example_task_group_decorator.py
[2025-12-05T01:14:45.479+0000] {processor.py:768} INFO - DAG(s) dict_keys(['example_task_group_decorator']) retrieved from /home/airflow/.local/lib/python3.7/site-packages/airflow/example_dags/example_task_group_decorator.py
[2025-12-05T01:14:45.498+0000] {logging_mixin.py:117} INFO - [2025-12-05T01:14:45.498+0000] {dag.py:2573} INFO - Sync 1 DAGs
[2025-12-05T01:14:45.507+0000] {logging_mixin.py:117} INFO - [2025-12-05T01:14:45.507+0000] {dag.py:3328} INFO - Setting next_dagrun for example_task_group_decorator to 2025-12-04T01:14:45.507762+00:00, run_after=2025-12-05T01:14:45.507762+00:00
[2025-12-05T01:14:45.514+0000] {processor.py:178} INFO - Processing /home/airflow/.local/lib/python3.7/site-packages/airflow/example_dags/example_task_group_decorator.py took 0.067 seconds
[2025-12-05T01:15:16.806+0000] {processor.py:156} INFO - Started process (PID=11736) to work on /home/airflow/.local/lib/python3.7/site-packages/airflow/example_dags/example_task_group_decorator.py
[2025-12-05T01:15:16.807+0000] {processor.py:758} INFO - Processing file /home/airflow/.local/lib/python3.7/site-packages/airflow/example_dags/example_task_group_decorator.py for tasks to queue
[2025-12-05T01:15:16.808+0000] {logging_mixin.py:117} INFO - [2025-12-05T01:15:16.808+0000] {dagbag.py:525} INFO - Filling up the DagBag from /home/airflow/.local/lib/python3.7/site-packages/airflow/example_dags/example_task_group_decorator.py
[2025-12-05T01:15:16.830+0000] {processor.py:768} INFO - DAG(s) dict_keys(['example_task_group_decorator']) retrieved from /home/airflow/.local/lib/python3.7/site-packages/airflow/example_dags/example_task_group_decorator.py
[2025-12-05T01:15:16.865+0000] {logging_mixin.py:117} INFO - [2025-12-05T01:15:16.865+0000] {dag.py:2573} INFO - Sync 1 DAGs
[2025-12-05T01:15:16.879+0000] {logging_mixin.py:117} INFO - [2025-12-05T01:15:16.879+0000] {dag.py:3328} INFO - Setting next_dagrun for example_task_group_decorator to 2025-12-04T01:15:16.878974+00:00, run_after=2025-12-05T01:15:16.878974+00:00
[2025-12-05T01:15:16.893+0000] {processor.py:178} INFO - Processing /home/airflow/.local/lib/python3.7/site-packages/airflow/example_dags/example_task_group_decorator.py took 0.090 seconds
[2025-12-05T01:15:47.232+0000] {processor.py:156} INFO - Started process (PID=11937) to work on /home/airflow/.local/lib/python3.7/site-packages/airflow/example_dags/example_task_group_decorator.py
[2025-12-05T01:15:47.236+0000] {processor.py:758} INFO - Processing file /home/airflow/.local/lib/python3.7/site-packages/airflow/example_dags/example_task_group_decorator.py for tasks to queue
[2025-12-05T01:15:47.236+0000] {logging_mixin.py:117} INFO - [2025-12-05T01:15:47.236+0000] {dagbag.py:525} INFO - Filling up the DagBag from /home/airflow/.local/lib/python3.7/site-packages/airflow/example_dags/example_task_group_decorator.py
[2025-12-05T01:15:47.260+0000] {processor.py:768} INFO - DAG(s) dict_keys(['example_task_group_decorator']) retrieved from /home/airflow/.local/lib/python3.7/site-packages/airflow/example_dags/example_task_group_decorator.py
[2025-12-05T01:15:47.302+0000] {logging_mixin.py:117} INFO - [2025-12-05T01:15:47.302+0000] {dag.py:2573} INFO - Sync 1 DAGs
[2025-12-05T01:15:47.318+0000] {logging_mixin.py:117} INFO - [2025-12-05T01:15:47.317+0000] {dag.py:3328} INFO - Setting next_dagrun for example_task_group_decorator to 2025-12-04T01:15:47.317847+00:00, run_after=2025-12-05T01:15:47.317847+00:00
[2025-12-05T01:15:47.338+0000] {processor.py:178} INFO - Processing /home/airflow/.local/lib/python3.7/site-packages/airflow/example_dags/example_task_group_decorator.py took 0.107 seconds
[2025-12-05T01:16:18.311+0000] {processor.py:156} INFO - Started process (PID=12143) to work on /home/airflow/.local/lib/python3.7/site-packages/airflow/example_dags/example_task_group_decorator.py
[2025-12-05T01:16:18.311+0000] {processor.py:758} INFO - Processing file /home/airflow/.local/lib/python3.7/site-packages/airflow/example_dags/example_task_group_decorator.py for tasks to queue
[2025-12-05T01:16:18.312+0000] {logging_mixin.py:117} INFO - [2025-12-05T01:16:18.312+0000] {dagbag.py:525} INFO - Filling up the DagBag from /home/airflow/.local/lib/python3.7/site-packages/airflow/example_dags/example_task_group_decorator.py
[2025-12-05T01:16:18.339+0000] {processor.py:768} INFO - DAG(s) dict_keys(['example_task_group_decorator']) retrieved from /home/airflow/.local/lib/python3.7/site-packages/airflow/example_dags/example_task_group_decorator.py
[2025-12-05T01:16:18.369+0000] {logging_mixin.py:117} INFO - [2025-12-05T01:16:18.368+0000] {dag.py:2573} INFO - Sync 1 DAGs
[2025-12-05T01:16:18.383+0000] {logging_mixin.py:117} INFO - [2025-12-05T01:16:18.383+0000] {dag.py:3328} INFO - Setting next_dagrun for example_task_group_decorator to 2025-12-04T01:16:18.383257+00:00, run_after=2025-12-05T01:16:18.383257+00:00
[2025-12-05T01:16:18.396+0000] {processor.py:178} INFO - Processing /home/airflow/.local/lib/python3.7/site-packages/airflow/example_dags/example_task_group_decorator.py took 0.087 seconds
[2025-12-05T01:16:48.691+0000] {processor.py:156} INFO - Started process (PID=12354) to work on /home/airflow/.local/lib/python3.7/site-packages/airflow/example_dags/example_task_group_decorator.py
[2025-12-05T01:16:48.692+0000] {processor.py:758} INFO - Processing file /home/airflow/.local/lib/python3.7/site-packages/airflow/example_dags/example_task_group_decorator.py for tasks to queue
[2025-12-05T01:16:48.693+0000] {logging_mixin.py:117} INFO - [2025-12-05T01:16:48.693+0000] {dagbag.py:525} INFO - Filling up the DagBag from /home/airflow/.local/lib/python3.7/site-packages/airflow/example_dags/example_task_group_decorator.py
[2025-12-05T01:16:48.715+0000] {processor.py:768} INFO - DAG(s) dict_keys(['example_task_group_decorator']) retrieved from /home/airflow/.local/lib/python3.7/site-packages/airflow/example_dags/example_task_group_decorator.py
[2025-12-05T01:16:48.739+0000] {logging_mixin.py:117} INFO - [2025-12-05T01:16:48.739+0000] {dag.py:2573} INFO - Sync 1 DAGs
[2025-12-05T01:16:48.751+0000] {logging_mixin.py:117} INFO - [2025-12-05T01:16:48.751+0000] {dag.py:3328} INFO - Setting next_dagrun for example_task_group_decorator to 2025-12-04T01:16:48.751753+00:00, run_after=2025-12-05T01:16:48.751753+00:00
[2025-12-05T01:16:48.760+0000] {processor.py:178} INFO - Processing /home/airflow/.local/lib/python3.7/site-packages/airflow/example_dags/example_task_group_decorator.py took 0.072 seconds
[2025-12-05T01:17:19.192+0000] {processor.py:156} INFO - Started process (PID=12560) to work on /home/airflow/.local/lib/python3.7/site-packages/airflow/example_dags/example_task_group_decorator.py
[2025-12-05T01:17:19.194+0000] {processor.py:758} INFO - Processing file /home/airflow/.local/lib/python3.7/site-packages/airflow/example_dags/example_task_group_decorator.py for tasks to queue
[2025-12-05T01:17:19.195+0000] {logging_mixin.py:117} INFO - [2025-12-05T01:17:19.195+0000] {dagbag.py:525} INFO - Filling up the DagBag from /home/airflow/.local/lib/python3.7/site-packages/airflow/example_dags/example_task_group_decorator.py
[2025-12-05T01:17:19.237+0000] {processor.py:768} INFO - DAG(s) dict_keys(['example_task_group_decorator']) retrieved from /home/airflow/.local/lib/python3.7/site-packages/airflow/example_dags/example_task_group_decorator.py
[2025-12-05T01:17:19.279+0000] {logging_mixin.py:117} INFO - [2025-12-05T01:17:19.279+0000] {dag.py:2573} INFO - Sync 1 DAGs
[2025-12-05T01:17:19.300+0000] {logging_mixin.py:117} INFO - [2025-12-05T01:17:19.300+0000] {dag.py:3328} INFO - Setting next_dagrun for example_task_group_decorator to 2025-12-04T01:17:19.299789+00:00, run_after=2025-12-05T01:17:19.299789+00:00
[2025-12-05T01:17:19.316+0000] {processor.py:178} INFO - Processing /home/airflow/.local/lib/python3.7/site-packages/airflow/example_dags/example_task_group_decorator.py took 0.136 seconds
[2025-12-05T01:17:49.490+0000] {processor.py:156} INFO - Started process (PID=12770) to work on /home/airflow/.local/lib/python3.7/site-packages/airflow/example_dags/example_task_group_decorator.py
[2025-12-05T01:17:49.491+0000] {processor.py:758} INFO - Processing file /home/airflow/.local/lib/python3.7/site-packages/airflow/example_dags/example_task_group_decorator.py for tasks to queue
[2025-12-05T01:17:49.491+0000] {logging_mixin.py:117} INFO - [2025-12-05T01:17:49.491+0000] {dagbag.py:525} INFO - Filling up the DagBag from /home/airflow/.local/lib/python3.7/site-packages/airflow/example_dags/example_task_group_decorator.py
[2025-12-05T01:17:49.518+0000] {processor.py:768} INFO - DAG(s) dict_keys(['example_task_group_decorator']) retrieved from /home/airflow/.local/lib/python3.7/site-packages/airflow/example_dags/example_task_group_decorator.py
[2025-12-05T01:17:49.550+0000] {logging_mixin.py:117} INFO - [2025-12-05T01:17:49.549+0000] {dag.py:2573} INFO - Sync 1 DAGs
[2025-12-05T01:17:49.566+0000] {logging_mixin.py:117} INFO - [2025-12-05T01:17:49.566+0000] {dag.py:3328} INFO - Setting next_dagrun for example_task_group_decorator to 2025-12-04T01:17:49.565942+00:00, run_after=2025-12-05T01:17:49.565942+00:00
[2025-12-05T01:17:49.576+0000] {processor.py:178} INFO - Processing /home/airflow/.local/lib/python3.7/site-packages/airflow/example_dags/example_task_group_decorator.py took 0.090 seconds
[2025-12-05T01:18:19.677+0000] {processor.py:156} INFO - Started process (PID=12976) to work on /home/airflow/.local/lib/python3.7/site-packages/airflow/example_dags/example_task_group_decorator.py
[2025-12-05T01:18:19.679+0000] {processor.py:758} INFO - Processing file /home/airflow/.local/lib/python3.7/site-packages/airflow/example_dags/example_task_group_decorator.py for tasks to queue
[2025-12-05T01:18:19.682+0000] {logging_mixin.py:117} INFO - [2025-12-05T01:18:19.682+0000] {dagbag.py:525} INFO - Filling up the DagBag from /home/airflow/.local/lib/python3.7/site-packages/airflow/example_dags/example_task_group_decorator.py
[2025-12-05T01:18:19.722+0000] {processor.py:768} INFO - DAG(s) dict_keys(['example_task_group_decorator']) retrieved from /home/airflow/.local/lib/python3.7/site-packages/airflow/example_dags/example_task_group_decorator.py
[2025-12-05T01:18:19.770+0000] {logging_mixin.py:117} INFO - [2025-12-05T01:18:19.769+0000] {dag.py:2573} INFO - Sync 1 DAGs
[2025-12-05T01:18:19.791+0000] {logging_mixin.py:117} INFO - [2025-12-05T01:18:19.791+0000] {dag.py:3328} INFO - Setting next_dagrun for example_task_group_decorator to 2025-12-04T01:18:19.791491+00:00, run_after=2025-12-05T01:18:19.791491+00:00
[2025-12-05T01:18:19.802+0000] {processor.py:178} INFO - Processing /home/airflow/.local/lib/python3.7/site-packages/airflow/example_dags/example_task_group_decorator.py took 0.129 seconds
[2025-12-05T01:18:50.007+0000] {processor.py:156} INFO - Started process (PID=13182) to work on /home/airflow/.local/lib/python3.7/site-packages/airflow/example_dags/example_task_group_decorator.py
[2025-12-05T01:18:50.008+0000] {processor.py:758} INFO - Processing file /home/airflow/.local/lib/python3.7/site-packages/airflow/example_dags/example_task_group_decorator.py for tasks to queue
[2025-12-05T01:18:50.008+0000] {logging_mixin.py:117} INFO - [2025-12-05T01:18:50.008+0000] {dagbag.py:525} INFO - Filling up the DagBag from /home/airflow/.local/lib/python3.7/site-packages/airflow/example_dags/example_task_group_decorator.py
[2025-12-05T01:18:50.033+0000] {processor.py:768} INFO - DAG(s) dict_keys(['example_task_group_decorator']) retrieved from /home/airflow/.local/lib/python3.7/site-packages/airflow/example_dags/example_task_group_decorator.py
[2025-12-05T01:18:50.057+0000] {logging_mixin.py:117} INFO - [2025-12-05T01:18:50.057+0000] {dag.py:2573} INFO - Sync 1 DAGs
[2025-12-05T01:18:50.071+0000] {logging_mixin.py:117} INFO - [2025-12-05T01:18:50.071+0000] {dag.py:3328} INFO - Setting next_dagrun for example_task_group_decorator to 2025-12-04T01:18:50.071139+00:00, run_after=2025-12-05T01:18:50.071139+00:00
[2025-12-05T01:18:50.081+0000] {processor.py:178} INFO - Processing /home/airflow/.local/lib/python3.7/site-packages/airflow/example_dags/example_task_group_decorator.py took 0.078 seconds
[2025-12-05T01:19:20.943+0000] {processor.py:156} INFO - Started process (PID=13388) to work on /home/airflow/.local/lib/python3.7/site-packages/airflow/example_dags/example_task_group_decorator.py
[2025-12-05T01:19:20.945+0000] {processor.py:758} INFO - Processing file /home/airflow/.local/lib/python3.7/site-packages/airflow/example_dags/example_task_group_decorator.py for tasks to queue
[2025-12-05T01:19:20.946+0000] {logging_mixin.py:117} INFO - [2025-12-05T01:19:20.945+0000] {dagbag.py:525} INFO - Filling up the DagBag from /home/airflow/.local/lib/python3.7/site-packages/airflow/example_dags/example_task_group_decorator.py
[2025-12-05T01:19:20.971+0000] {processor.py:768} INFO - DAG(s) dict_keys(['example_task_group_decorator']) retrieved from /home/airflow/.local/lib/python3.7/site-packages/airflow/example_dags/example_task_group_decorator.py
[2025-12-05T01:19:20.995+0000] {logging_mixin.py:117} INFO - [2025-12-05T01:19:20.995+0000] {dag.py:2573} INFO - Sync 1 DAGs
[2025-12-05T01:19:21.007+0000] {logging_mixin.py:117} INFO - [2025-12-05T01:19:21.007+0000] {dag.py:3328} INFO - Setting next_dagrun for example_task_group_decorator to 2025-12-04T01:19:21.007035+00:00, run_after=2025-12-05T01:19:21.007035+00:00
[2025-12-05T01:19:21.015+0000] {processor.py:178} INFO - Processing /home/airflow/.local/lib/python3.7/site-packages/airflow/example_dags/example_task_group_decorator.py took 0.075 seconds
[2025-12-05T01:19:51.835+0000] {processor.py:156} INFO - Started process (PID=13594) to work on /home/airflow/.local/lib/python3.7/site-packages/airflow/example_dags/example_task_group_decorator.py
[2025-12-05T01:19:51.836+0000] {processor.py:758} INFO - Processing file /home/airflow/.local/lib/python3.7/site-packages/airflow/example_dags/example_task_group_decorator.py for tasks to queue
[2025-12-05T01:19:51.837+0000] {logging_mixin.py:117} INFO - [2025-12-05T01:19:51.837+0000] {dagbag.py:525} INFO - Filling up the DagBag from /home/airflow/.local/lib/python3.7/site-packages/airflow/example_dags/example_task_group_decorator.py
[2025-12-05T01:19:51.865+0000] {processor.py:768} INFO - DAG(s) dict_keys(['example_task_group_decorator']) retrieved from /home/airflow/.local/lib/python3.7/site-packages/airflow/example_dags/example_task_group_decorator.py
[2025-12-05T01:19:51.894+0000] {logging_mixin.py:117} INFO - [2025-12-05T01:19:51.894+0000] {dag.py:2573} INFO - Sync 1 DAGs
[2025-12-05T01:19:51.912+0000] {logging_mixin.py:117} INFO - [2025-12-05T01:19:51.912+0000] {dag.py:3328} INFO - Setting next_dagrun for example_task_group_decorator to 2025-12-04T01:19:51.912339+00:00, run_after=2025-12-05T01:19:51.912339+00:00
[2025-12-05T01:19:51.922+0000] {processor.py:178} INFO - Processing /home/airflow/.local/lib/python3.7/site-packages/airflow/example_dags/example_task_group_decorator.py took 0.091 seconds
[2025-12-05T01:20:22.722+0000] {processor.py:156} INFO - Started process (PID=13800) to work on /home/airflow/.local/lib/python3.7/site-packages/airflow/example_dags/example_task_group_decorator.py
[2025-12-05T01:20:22.724+0000] {processor.py:758} INFO - Processing file /home/airflow/.local/lib/python3.7/site-packages/airflow/example_dags/example_task_group_decorator.py for tasks to queue
[2025-12-05T01:20:22.724+0000] {logging_mixin.py:117} INFO - [2025-12-05T01:20:22.724+0000] {dagbag.py:525} INFO - Filling up the DagBag from /home/airflow/.local/lib/python3.7/site-packages/airflow/example_dags/example_task_group_decorator.py
[2025-12-05T01:20:22.745+0000] {processor.py:768} INFO - DAG(s) dict_keys(['example_task_group_decorator']) retrieved from /home/airflow/.local/lib/python3.7/site-packages/airflow/example_dags/example_task_group_decorator.py
[2025-12-05T01:20:22.770+0000] {logging_mixin.py:117} INFO - [2025-12-05T01:20:22.770+0000] {dag.py:2573} INFO - Sync 1 DAGs
[2025-12-05T01:20:22.782+0000] {logging_mixin.py:117} INFO - [2025-12-05T01:20:22.782+0000] {dag.py:3328} INFO - Setting next_dagrun for example_task_group_decorator to 2025-12-04T01:20:22.781996+00:00, run_after=2025-12-05T01:20:22.781996+00:00
[2025-12-05T01:20:22.790+0000] {processor.py:178} INFO - Processing /home/airflow/.local/lib/python3.7/site-packages/airflow/example_dags/example_task_group_decorator.py took 0.073 seconds
[2025-12-05T01:20:53.696+0000] {processor.py:156} INFO - Started process (PID=14006) to work on /home/airflow/.local/lib/python3.7/site-packages/airflow/example_dags/example_task_group_decorator.py
[2025-12-05T01:20:53.697+0000] {processor.py:758} INFO - Processing file /home/airflow/.local/lib/python3.7/site-packages/airflow/example_dags/example_task_group_decorator.py for tasks to queue
[2025-12-05T01:20:53.697+0000] {logging_mixin.py:117} INFO - [2025-12-05T01:20:53.697+0000] {dagbag.py:525} INFO - Filling up the DagBag from /home/airflow/.local/lib/python3.7/site-packages/airflow/example_dags/example_task_group_decorator.py
[2025-12-05T01:20:53.720+0000] {processor.py:768} INFO - DAG(s) dict_keys(['example_task_group_decorator']) retrieved from /home/airflow/.local/lib/python3.7/site-packages/airflow/example_dags/example_task_group_decorator.py
[2025-12-05T01:20:53.747+0000] {logging_mixin.py:117} INFO - [2025-12-05T01:20:53.747+0000] {dag.py:2573} INFO - Sync 1 DAGs
[2025-12-05T01:20:53.759+0000] {logging_mixin.py:117} INFO - [2025-12-05T01:20:53.759+0000] {dag.py:3328} INFO - Setting next_dagrun for example_task_group_decorator to 2025-12-04T01:20:53.759085+00:00, run_after=2025-12-05T01:20:53.759085+00:00
[2025-12-05T01:20:53.768+0000] {processor.py:178} INFO - Processing /home/airflow/.local/lib/python3.7/site-packages/airflow/example_dags/example_task_group_decorator.py took 0.075 seconds
