[2025-12-05T00:46:03.080+0000] {processor.py:156} INFO - Started process (PID=184) to work on /home/airflow/.local/lib/python3.7/site-packages/airflow/example_dags/tutorial_taskflow_api.py
[2025-12-05T00:46:03.081+0000] {processor.py:758} INFO - Processing file /home/airflow/.local/lib/python3.7/site-packages/airflow/example_dags/tutorial_taskflow_api.py for tasks to queue
[2025-12-05T00:46:03.081+0000] {logging_mixin.py:117} INFO - [2025-12-05T00:46:03.081+0000] {dagbag.py:525} INFO - Filling up the DagBag from /home/airflow/.local/lib/python3.7/site-packages/airflow/example_dags/tutorial_taskflow_api.py
[2025-12-05T00:46:03.110+0000] {processor.py:768} INFO - DAG(s) dict_keys(['tutorial_taskflow_api']) retrieved from /home/airflow/.local/lib/python3.7/site-packages/airflow/example_dags/tutorial_taskflow_api.py
[2025-12-05T00:46:03.176+0000] {logging_mixin.py:117} INFO - [2025-12-05T00:46:03.176+0000] {manager.py:508} INFO - Created Permission View: can read on DAG:tutorial_taskflow_api
[2025-12-05T00:46:03.184+0000] {logging_mixin.py:117} INFO - [2025-12-05T00:46:03.184+0000] {manager.py:508} INFO - Created Permission View: can delete on DAG:tutorial_taskflow_api
[2025-12-05T00:46:03.196+0000] {logging_mixin.py:117} INFO - [2025-12-05T00:46:03.196+0000] {manager.py:508} INFO - Created Permission View: can edit on DAG:tutorial_taskflow_api
[2025-12-05T00:46:03.197+0000] {logging_mixin.py:117} INFO - [2025-12-05T00:46:03.196+0000] {dag.py:2573} INFO - Sync 1 DAGs
[2025-12-05T00:46:03.331+0000] {logging_mixin.py:117} INFO - [2025-12-05T00:46:03.331+0000] {dag.py:2594} INFO - Creating ORM DAG for tutorial_taskflow_api
[2025-12-05T00:46:03.340+0000] {logging_mixin.py:117} INFO - [2025-12-05T00:46:03.340+0000] {dag.py:3328} INFO - Setting next_dagrun for tutorial_taskflow_api to None, run_after=None
[2025-12-05T00:46:03.355+0000] {processor.py:178} INFO - Processing /home/airflow/.local/lib/python3.7/site-packages/airflow/example_dags/tutorial_taskflow_api.py took 0.276 seconds
[2025-12-05T00:46:34.102+0000] {processor.py:156} INFO - Started process (PID=383) to work on /home/airflow/.local/lib/python3.7/site-packages/airflow/example_dags/tutorial_taskflow_api.py
[2025-12-05T00:46:34.103+0000] {processor.py:758} INFO - Processing file /home/airflow/.local/lib/python3.7/site-packages/airflow/example_dags/tutorial_taskflow_api.py for tasks to queue
[2025-12-05T00:46:34.103+0000] {logging_mixin.py:117} INFO - [2025-12-05T00:46:34.103+0000] {dagbag.py:525} INFO - Filling up the DagBag from /home/airflow/.local/lib/python3.7/site-packages/airflow/example_dags/tutorial_taskflow_api.py
[2025-12-05T00:46:34.115+0000] {processor.py:768} INFO - DAG(s) dict_keys(['tutorial_taskflow_api']) retrieved from /home/airflow/.local/lib/python3.7/site-packages/airflow/example_dags/tutorial_taskflow_api.py
[2025-12-05T00:46:34.140+0000] {logging_mixin.py:117} INFO - [2025-12-05T00:46:34.140+0000] {dag.py:2573} INFO - Sync 1 DAGs
[2025-12-05T00:46:34.152+0000] {logging_mixin.py:117} INFO - [2025-12-05T00:46:34.152+0000] {dag.py:3328} INFO - Setting next_dagrun for tutorial_taskflow_api to None, run_after=None
[2025-12-05T00:46:34.166+0000] {processor.py:178} INFO - Processing /home/airflow/.local/lib/python3.7/site-packages/airflow/example_dags/tutorial_taskflow_api.py took 0.066 seconds
[2025-12-05T00:47:05.120+0000] {processor.py:156} INFO - Started process (PID=585) to work on /home/airflow/.local/lib/python3.7/site-packages/airflow/example_dags/tutorial_taskflow_api.py
[2025-12-05T00:47:05.120+0000] {processor.py:758} INFO - Processing file /home/airflow/.local/lib/python3.7/site-packages/airflow/example_dags/tutorial_taskflow_api.py for tasks to queue
[2025-12-05T00:47:05.121+0000] {logging_mixin.py:117} INFO - [2025-12-05T00:47:05.121+0000] {dagbag.py:525} INFO - Filling up the DagBag from /home/airflow/.local/lib/python3.7/site-packages/airflow/example_dags/tutorial_taskflow_api.py
[2025-12-05T00:47:05.137+0000] {processor.py:768} INFO - DAG(s) dict_keys(['tutorial_taskflow_api']) retrieved from /home/airflow/.local/lib/python3.7/site-packages/airflow/example_dags/tutorial_taskflow_api.py
[2025-12-05T00:47:05.160+0000] {logging_mixin.py:117} INFO - [2025-12-05T00:47:05.160+0000] {dag.py:2573} INFO - Sync 1 DAGs
[2025-12-05T00:47:05.173+0000] {logging_mixin.py:117} INFO - [2025-12-05T00:47:05.173+0000] {dag.py:3328} INFO - Setting next_dagrun for tutorial_taskflow_api to None, run_after=None
[2025-12-05T00:47:05.187+0000] {processor.py:178} INFO - Processing /home/airflow/.local/lib/python3.7/site-packages/airflow/example_dags/tutorial_taskflow_api.py took 0.069 seconds
[2025-12-05T00:47:36.349+0000] {processor.py:156} INFO - Started process (PID=786) to work on /home/airflow/.local/lib/python3.7/site-packages/airflow/example_dags/tutorial_taskflow_api.py
[2025-12-05T00:47:36.350+0000] {processor.py:758} INFO - Processing file /home/airflow/.local/lib/python3.7/site-packages/airflow/example_dags/tutorial_taskflow_api.py for tasks to queue
[2025-12-05T00:47:36.351+0000] {logging_mixin.py:117} INFO - [2025-12-05T00:47:36.351+0000] {dagbag.py:525} INFO - Filling up the DagBag from /home/airflow/.local/lib/python3.7/site-packages/airflow/example_dags/tutorial_taskflow_api.py
[2025-12-05T00:47:36.366+0000] {processor.py:768} INFO - DAG(s) dict_keys(['tutorial_taskflow_api']) retrieved from /home/airflow/.local/lib/python3.7/site-packages/airflow/example_dags/tutorial_taskflow_api.py
[2025-12-05T00:47:36.394+0000] {logging_mixin.py:117} INFO - [2025-12-05T00:47:36.394+0000] {dag.py:2573} INFO - Sync 1 DAGs
[2025-12-05T00:47:36.418+0000] {logging_mixin.py:117} INFO - [2025-12-05T00:47:36.418+0000] {dag.py:3328} INFO - Setting next_dagrun for tutorial_taskflow_api to None, run_after=None
[2025-12-05T00:47:36.640+0000] {processor.py:178} INFO - Processing /home/airflow/.local/lib/python3.7/site-packages/airflow/example_dags/tutorial_taskflow_api.py took 0.295 seconds
[2025-12-05T00:48:07.233+0000] {processor.py:156} INFO - Started process (PID=989) to work on /home/airflow/.local/lib/python3.7/site-packages/airflow/example_dags/tutorial_taskflow_api.py
[2025-12-05T00:48:07.233+0000] {processor.py:758} INFO - Processing file /home/airflow/.local/lib/python3.7/site-packages/airflow/example_dags/tutorial_taskflow_api.py for tasks to queue
[2025-12-05T00:48:07.234+0000] {logging_mixin.py:117} INFO - [2025-12-05T00:48:07.234+0000] {dagbag.py:525} INFO - Filling up the DagBag from /home/airflow/.local/lib/python3.7/site-packages/airflow/example_dags/tutorial_taskflow_api.py
[2025-12-05T00:48:07.247+0000] {processor.py:768} INFO - DAG(s) dict_keys(['tutorial_taskflow_api']) retrieved from /home/airflow/.local/lib/python3.7/site-packages/airflow/example_dags/tutorial_taskflow_api.py
[2025-12-05T00:48:07.267+0000] {logging_mixin.py:117} INFO - [2025-12-05T00:48:07.267+0000] {dag.py:2573} INFO - Sync 1 DAGs
[2025-12-05T00:48:07.355+0000] {logging_mixin.py:117} INFO - [2025-12-05T00:48:07.355+0000] {dag.py:3328} INFO - Setting next_dagrun for tutorial_taskflow_api to None, run_after=None
[2025-12-05T00:48:07.369+0000] {processor.py:178} INFO - Processing /home/airflow/.local/lib/python3.7/site-packages/airflow/example_dags/tutorial_taskflow_api.py took 0.137 seconds
[2025-12-05T00:48:38.245+0000] {processor.py:156} INFO - Started process (PID=1188) to work on /home/airflow/.local/lib/python3.7/site-packages/airflow/example_dags/tutorial_taskflow_api.py
[2025-12-05T00:48:38.246+0000] {processor.py:758} INFO - Processing file /home/airflow/.local/lib/python3.7/site-packages/airflow/example_dags/tutorial_taskflow_api.py for tasks to queue
[2025-12-05T00:48:38.247+0000] {logging_mixin.py:117} INFO - [2025-12-05T00:48:38.247+0000] {dagbag.py:525} INFO - Filling up the DagBag from /home/airflow/.local/lib/python3.7/site-packages/airflow/example_dags/tutorial_taskflow_api.py
[2025-12-05T00:48:38.291+0000] {processor.py:768} INFO - DAG(s) dict_keys(['tutorial_taskflow_api']) retrieved from /home/airflow/.local/lib/python3.7/site-packages/airflow/example_dags/tutorial_taskflow_api.py
[2025-12-05T00:48:38.439+0000] {logging_mixin.py:117} INFO - [2025-12-05T00:48:38.439+0000] {dag.py:2573} INFO - Sync 1 DAGs
[2025-12-05T00:48:38.451+0000] {logging_mixin.py:117} INFO - [2025-12-05T00:48:38.451+0000] {dag.py:3328} INFO - Setting next_dagrun for tutorial_taskflow_api to None, run_after=None
[2025-12-05T00:48:38.465+0000] {processor.py:178} INFO - Processing /home/airflow/.local/lib/python3.7/site-packages/airflow/example_dags/tutorial_taskflow_api.py took 0.223 seconds
[2025-12-05T00:49:09.002+0000] {processor.py:156} INFO - Started process (PID=1396) to work on /home/airflow/.local/lib/python3.7/site-packages/airflow/example_dags/tutorial_taskflow_api.py
[2025-12-05T00:49:09.002+0000] {processor.py:758} INFO - Processing file /home/airflow/.local/lib/python3.7/site-packages/airflow/example_dags/tutorial_taskflow_api.py for tasks to queue
[2025-12-05T00:49:09.003+0000] {logging_mixin.py:117} INFO - [2025-12-05T00:49:09.003+0000] {dagbag.py:525} INFO - Filling up the DagBag from /home/airflow/.local/lib/python3.7/site-packages/airflow/example_dags/tutorial_taskflow_api.py
[2025-12-05T00:49:09.015+0000] {processor.py:768} INFO - DAG(s) dict_keys(['tutorial_taskflow_api']) retrieved from /home/airflow/.local/lib/python3.7/site-packages/airflow/example_dags/tutorial_taskflow_api.py
[2025-12-05T00:49:09.121+0000] {logging_mixin.py:117} INFO - [2025-12-05T00:49:09.121+0000] {dag.py:2573} INFO - Sync 1 DAGs
[2025-12-05T00:49:09.131+0000] {logging_mixin.py:117} INFO - [2025-12-05T00:49:09.131+0000] {dag.py:3328} INFO - Setting next_dagrun for tutorial_taskflow_api to None, run_after=None
[2025-12-05T00:49:09.141+0000] {processor.py:178} INFO - Processing /home/airflow/.local/lib/python3.7/site-packages/airflow/example_dags/tutorial_taskflow_api.py took 0.141 seconds
[2025-12-05T00:49:39.829+0000] {processor.py:156} INFO - Started process (PID=1597) to work on /home/airflow/.local/lib/python3.7/site-packages/airflow/example_dags/tutorial_taskflow_api.py
[2025-12-05T00:49:39.831+0000] {processor.py:758} INFO - Processing file /home/airflow/.local/lib/python3.7/site-packages/airflow/example_dags/tutorial_taskflow_api.py for tasks to queue
[2025-12-05T00:49:39.831+0000] {logging_mixin.py:117} INFO - [2025-12-05T00:49:39.831+0000] {dagbag.py:525} INFO - Filling up the DagBag from /home/airflow/.local/lib/python3.7/site-packages/airflow/example_dags/tutorial_taskflow_api.py
[2025-12-05T00:49:39.844+0000] {processor.py:768} INFO - DAG(s) dict_keys(['tutorial_taskflow_api']) retrieved from /home/airflow/.local/lib/python3.7/site-packages/airflow/example_dags/tutorial_taskflow_api.py
[2025-12-05T00:49:39.975+0000] {logging_mixin.py:117} INFO - [2025-12-05T00:49:39.974+0000] {dag.py:2573} INFO - Sync 1 DAGs
[2025-12-05T00:49:39.988+0000] {logging_mixin.py:117} INFO - [2025-12-05T00:49:39.988+0000] {dag.py:3328} INFO - Setting next_dagrun for tutorial_taskflow_api to None, run_after=None
[2025-12-05T00:49:40.003+0000] {processor.py:178} INFO - Processing /home/airflow/.local/lib/python3.7/site-packages/airflow/example_dags/tutorial_taskflow_api.py took 0.175 seconds
[2025-12-05T00:50:10.401+0000] {processor.py:156} INFO - Started process (PID=1801) to work on /home/airflow/.local/lib/python3.7/site-packages/airflow/example_dags/tutorial_taskflow_api.py
[2025-12-05T00:50:10.401+0000] {processor.py:758} INFO - Processing file /home/airflow/.local/lib/python3.7/site-packages/airflow/example_dags/tutorial_taskflow_api.py for tasks to queue
[2025-12-05T00:50:10.402+0000] {logging_mixin.py:117} INFO - [2025-12-05T00:50:10.402+0000] {dagbag.py:525} INFO - Filling up the DagBag from /home/airflow/.local/lib/python3.7/site-packages/airflow/example_dags/tutorial_taskflow_api.py
[2025-12-05T00:50:10.417+0000] {processor.py:768} INFO - DAG(s) dict_keys(['tutorial_taskflow_api']) retrieved from /home/airflow/.local/lib/python3.7/site-packages/airflow/example_dags/tutorial_taskflow_api.py
[2025-12-05T00:50:10.455+0000] {logging_mixin.py:117} INFO - [2025-12-05T00:50:10.455+0000] {dag.py:2573} INFO - Sync 1 DAGs
[2025-12-05T00:50:10.569+0000] {logging_mixin.py:117} INFO - [2025-12-05T00:50:10.568+0000] {dag.py:3328} INFO - Setting next_dagrun for tutorial_taskflow_api to None, run_after=None
[2025-12-05T00:50:10.578+0000] {processor.py:178} INFO - Processing /home/airflow/.local/lib/python3.7/site-packages/airflow/example_dags/tutorial_taskflow_api.py took 0.180 seconds
[2025-12-05T00:50:41.235+0000] {processor.py:156} INFO - Started process (PID=2000) to work on /home/airflow/.local/lib/python3.7/site-packages/airflow/example_dags/tutorial_taskflow_api.py
[2025-12-05T00:50:41.237+0000] {processor.py:758} INFO - Processing file /home/airflow/.local/lib/python3.7/site-packages/airflow/example_dags/tutorial_taskflow_api.py for tasks to queue
[2025-12-05T00:50:41.238+0000] {logging_mixin.py:117} INFO - [2025-12-05T00:50:41.238+0000] {dagbag.py:525} INFO - Filling up the DagBag from /home/airflow/.local/lib/python3.7/site-packages/airflow/example_dags/tutorial_taskflow_api.py
[2025-12-05T00:50:41.254+0000] {processor.py:768} INFO - DAG(s) dict_keys(['tutorial_taskflow_api']) retrieved from /home/airflow/.local/lib/python3.7/site-packages/airflow/example_dags/tutorial_taskflow_api.py
[2025-12-05T00:50:41.282+0000] {logging_mixin.py:117} INFO - [2025-12-05T00:50:41.282+0000] {dag.py:2573} INFO - Sync 1 DAGs
[2025-12-05T00:50:41.391+0000] {logging_mixin.py:117} INFO - [2025-12-05T00:50:41.391+0000] {dag.py:3328} INFO - Setting next_dagrun for tutorial_taskflow_api to None, run_after=None
[2025-12-05T00:50:41.401+0000] {processor.py:178} INFO - Processing /home/airflow/.local/lib/python3.7/site-packages/airflow/example_dags/tutorial_taskflow_api.py took 0.174 seconds
[2025-12-05T00:51:12.176+0000] {processor.py:156} INFO - Started process (PID=2201) to work on /home/airflow/.local/lib/python3.7/site-packages/airflow/example_dags/tutorial_taskflow_api.py
[2025-12-05T00:51:12.177+0000] {processor.py:758} INFO - Processing file /home/airflow/.local/lib/python3.7/site-packages/airflow/example_dags/tutorial_taskflow_api.py for tasks to queue
[2025-12-05T00:51:12.178+0000] {logging_mixin.py:117} INFO - [2025-12-05T00:51:12.178+0000] {dagbag.py:525} INFO - Filling up the DagBag from /home/airflow/.local/lib/python3.7/site-packages/airflow/example_dags/tutorial_taskflow_api.py
[2025-12-05T00:51:12.190+0000] {processor.py:768} INFO - DAG(s) dict_keys(['tutorial_taskflow_api']) retrieved from /home/airflow/.local/lib/python3.7/site-packages/airflow/example_dags/tutorial_taskflow_api.py
[2025-12-05T00:51:12.308+0000] {logging_mixin.py:117} INFO - [2025-12-05T00:51:12.308+0000] {dag.py:2573} INFO - Sync 1 DAGs
[2025-12-05T00:51:12.319+0000] {logging_mixin.py:117} INFO - [2025-12-05T00:51:12.319+0000] {dag.py:3328} INFO - Setting next_dagrun for tutorial_taskflow_api to None, run_after=None
[2025-12-05T00:51:12.334+0000] {processor.py:178} INFO - Processing /home/airflow/.local/lib/python3.7/site-packages/airflow/example_dags/tutorial_taskflow_api.py took 0.164 seconds
[2025-12-05T00:51:42.561+0000] {processor.py:156} INFO - Started process (PID=2402) to work on /home/airflow/.local/lib/python3.7/site-packages/airflow/example_dags/tutorial_taskflow_api.py
[2025-12-05T00:51:42.565+0000] {processor.py:758} INFO - Processing file /home/airflow/.local/lib/python3.7/site-packages/airflow/example_dags/tutorial_taskflow_api.py for tasks to queue
[2025-12-05T00:51:42.565+0000] {logging_mixin.py:117} INFO - [2025-12-05T00:51:42.565+0000] {dagbag.py:525} INFO - Filling up the DagBag from /home/airflow/.local/lib/python3.7/site-packages/airflow/example_dags/tutorial_taskflow_api.py
[2025-12-05T00:51:42.701+0000] {processor.py:768} INFO - DAG(s) dict_keys(['tutorial_taskflow_api']) retrieved from /home/airflow/.local/lib/python3.7/site-packages/airflow/example_dags/tutorial_taskflow_api.py
[2025-12-05T00:51:42.724+0000] {logging_mixin.py:117} INFO - [2025-12-05T00:51:42.724+0000] {dag.py:2573} INFO - Sync 1 DAGs
[2025-12-05T00:51:42.744+0000] {logging_mixin.py:117} INFO - [2025-12-05T00:51:42.744+0000] {dag.py:3328} INFO - Setting next_dagrun for tutorial_taskflow_api to None, run_after=None
[2025-12-05T00:51:42.753+0000] {processor.py:178} INFO - Processing /home/airflow/.local/lib/python3.7/site-packages/airflow/example_dags/tutorial_taskflow_api.py took 0.193 seconds
[2025-12-05T00:52:13.490+0000] {processor.py:156} INFO - Started process (PID=2603) to work on /home/airflow/.local/lib/python3.7/site-packages/airflow/example_dags/tutorial_taskflow_api.py
[2025-12-05T00:52:13.491+0000] {processor.py:758} INFO - Processing file /home/airflow/.local/lib/python3.7/site-packages/airflow/example_dags/tutorial_taskflow_api.py for tasks to queue
[2025-12-05T00:52:13.492+0000] {logging_mixin.py:117} INFO - [2025-12-05T00:52:13.492+0000] {dagbag.py:525} INFO - Filling up the DagBag from /home/airflow/.local/lib/python3.7/site-packages/airflow/example_dags/tutorial_taskflow_api.py
[2025-12-05T00:52:13.507+0000] {processor.py:768} INFO - DAG(s) dict_keys(['tutorial_taskflow_api']) retrieved from /home/airflow/.local/lib/python3.7/site-packages/airflow/example_dags/tutorial_taskflow_api.py
[2025-12-05T00:52:13.526+0000] {logging_mixin.py:117} INFO - [2025-12-05T00:52:13.526+0000] {dag.py:2573} INFO - Sync 1 DAGs
[2025-12-05T00:52:13.621+0000] {logging_mixin.py:117} INFO - [2025-12-05T00:52:13.621+0000] {dag.py:3328} INFO - Setting next_dagrun for tutorial_taskflow_api to None, run_after=None
[2025-12-05T00:52:13.630+0000] {processor.py:178} INFO - Processing /home/airflow/.local/lib/python3.7/site-packages/airflow/example_dags/tutorial_taskflow_api.py took 0.143 seconds
[2025-12-05T00:52:44.042+0000] {processor.py:156} INFO - Started process (PID=2804) to work on /home/airflow/.local/lib/python3.7/site-packages/airflow/example_dags/tutorial_taskflow_api.py
[2025-12-05T00:52:44.042+0000] {processor.py:758} INFO - Processing file /home/airflow/.local/lib/python3.7/site-packages/airflow/example_dags/tutorial_taskflow_api.py for tasks to queue
[2025-12-05T00:52:44.042+0000] {logging_mixin.py:117} INFO - [2025-12-05T00:52:44.042+0000] {dagbag.py:525} INFO - Filling up the DagBag from /home/airflow/.local/lib/python3.7/site-packages/airflow/example_dags/tutorial_taskflow_api.py
[2025-12-05T00:52:44.054+0000] {processor.py:768} INFO - DAG(s) dict_keys(['tutorial_taskflow_api']) retrieved from /home/airflow/.local/lib/python3.7/site-packages/airflow/example_dags/tutorial_taskflow_api.py
[2025-12-05T00:52:44.162+0000] {logging_mixin.py:117} INFO - [2025-12-05T00:52:44.162+0000] {dag.py:2573} INFO - Sync 1 DAGs
[2025-12-05T00:52:44.174+0000] {logging_mixin.py:117} INFO - [2025-12-05T00:52:44.174+0000] {dag.py:3328} INFO - Setting next_dagrun for tutorial_taskflow_api to None, run_after=None
[2025-12-05T00:52:44.183+0000] {processor.py:178} INFO - Processing /home/airflow/.local/lib/python3.7/site-packages/airflow/example_dags/tutorial_taskflow_api.py took 0.143 seconds
[2025-12-05T00:53:14.556+0000] {processor.py:156} INFO - Started process (PID=3005) to work on /home/airflow/.local/lib/python3.7/site-packages/airflow/example_dags/tutorial_taskflow_api.py
[2025-12-05T00:53:14.558+0000] {processor.py:758} INFO - Processing file /home/airflow/.local/lib/python3.7/site-packages/airflow/example_dags/tutorial_taskflow_api.py for tasks to queue
[2025-12-05T00:53:14.559+0000] {logging_mixin.py:117} INFO - [2025-12-05T00:53:14.559+0000] {dagbag.py:525} INFO - Filling up the DagBag from /home/airflow/.local/lib/python3.7/site-packages/airflow/example_dags/tutorial_taskflow_api.py
[2025-12-05T00:53:14.573+0000] {processor.py:768} INFO - DAG(s) dict_keys(['tutorial_taskflow_api']) retrieved from /home/airflow/.local/lib/python3.7/site-packages/airflow/example_dags/tutorial_taskflow_api.py
[2025-12-05T00:53:14.691+0000] {logging_mixin.py:117} INFO - [2025-12-05T00:53:14.691+0000] {dag.py:2573} INFO - Sync 1 DAGs
[2025-12-05T00:53:14.703+0000] {logging_mixin.py:117} INFO - [2025-12-05T00:53:14.703+0000] {dag.py:3328} INFO - Setting next_dagrun for tutorial_taskflow_api to None, run_after=None
[2025-12-05T00:53:14.711+0000] {processor.py:178} INFO - Processing /home/airflow/.local/lib/python3.7/site-packages/airflow/example_dags/tutorial_taskflow_api.py took 0.156 seconds
[2025-12-05T00:53:45.108+0000] {processor.py:156} INFO - Started process (PID=3206) to work on /home/airflow/.local/lib/python3.7/site-packages/airflow/example_dags/tutorial_taskflow_api.py
[2025-12-05T00:53:45.112+0000] {processor.py:758} INFO - Processing file /home/airflow/.local/lib/python3.7/site-packages/airflow/example_dags/tutorial_taskflow_api.py for tasks to queue
[2025-12-05T00:53:45.113+0000] {logging_mixin.py:117} INFO - [2025-12-05T00:53:45.112+0000] {dagbag.py:525} INFO - Filling up the DagBag from /home/airflow/.local/lib/python3.7/site-packages/airflow/example_dags/tutorial_taskflow_api.py
[2025-12-05T00:53:45.246+0000] {processor.py:768} INFO - DAG(s) dict_keys(['tutorial_taskflow_api']) retrieved from /home/airflow/.local/lib/python3.7/site-packages/airflow/example_dags/tutorial_taskflow_api.py
[2025-12-05T00:53:45.267+0000] {logging_mixin.py:117} INFO - [2025-12-05T00:53:45.267+0000] {dag.py:2573} INFO - Sync 1 DAGs
[2025-12-05T00:53:45.280+0000] {logging_mixin.py:117} INFO - [2025-12-05T00:53:45.280+0000] {dag.py:3328} INFO - Setting next_dagrun for tutorial_taskflow_api to None, run_after=None
[2025-12-05T00:53:45.289+0000] {processor.py:178} INFO - Processing /home/airflow/.local/lib/python3.7/site-packages/airflow/example_dags/tutorial_taskflow_api.py took 0.185 seconds
[2025-12-05T00:54:16.080+0000] {processor.py:156} INFO - Started process (PID=3408) to work on /home/airflow/.local/lib/python3.7/site-packages/airflow/example_dags/tutorial_taskflow_api.py
[2025-12-05T00:54:16.081+0000] {processor.py:758} INFO - Processing file /home/airflow/.local/lib/python3.7/site-packages/airflow/example_dags/tutorial_taskflow_api.py for tasks to queue
[2025-12-05T00:54:16.082+0000] {logging_mixin.py:117} INFO - [2025-12-05T00:54:16.082+0000] {dagbag.py:525} INFO - Filling up the DagBag from /home/airflow/.local/lib/python3.7/site-packages/airflow/example_dags/tutorial_taskflow_api.py
[2025-12-05T00:54:16.096+0000] {processor.py:768} INFO - DAG(s) dict_keys(['tutorial_taskflow_api']) retrieved from /home/airflow/.local/lib/python3.7/site-packages/airflow/example_dags/tutorial_taskflow_api.py
[2025-12-05T00:54:16.125+0000] {logging_mixin.py:117} INFO - [2025-12-05T00:54:16.125+0000] {dag.py:2573} INFO - Sync 1 DAGs
[2025-12-05T00:54:16.235+0000] {logging_mixin.py:117} INFO - [2025-12-05T00:54:16.234+0000] {dag.py:3328} INFO - Setting next_dagrun for tutorial_taskflow_api to None, run_after=None
[2025-12-05T00:54:16.244+0000] {processor.py:178} INFO - Processing /home/airflow/.local/lib/python3.7/site-packages/airflow/example_dags/tutorial_taskflow_api.py took 0.165 seconds
[2025-12-05T00:54:46.763+0000] {processor.py:156} INFO - Started process (PID=3608) to work on /home/airflow/.local/lib/python3.7/site-packages/airflow/example_dags/tutorial_taskflow_api.py
[2025-12-05T00:54:46.767+0000] {processor.py:758} INFO - Processing file /home/airflow/.local/lib/python3.7/site-packages/airflow/example_dags/tutorial_taskflow_api.py for tasks to queue
[2025-12-05T00:54:46.767+0000] {logging_mixin.py:117} INFO - [2025-12-05T00:54:46.767+0000] {dagbag.py:525} INFO - Filling up the DagBag from /home/airflow/.local/lib/python3.7/site-packages/airflow/example_dags/tutorial_taskflow_api.py
[2025-12-05T00:54:46.779+0000] {processor.py:768} INFO - DAG(s) dict_keys(['tutorial_taskflow_api']) retrieved from /home/airflow/.local/lib/python3.7/site-packages/airflow/example_dags/tutorial_taskflow_api.py
[2025-12-05T00:54:46.901+0000] {logging_mixin.py:117} INFO - [2025-12-05T00:54:46.901+0000] {dag.py:2573} INFO - Sync 1 DAGs
[2025-12-05T00:54:46.913+0000] {logging_mixin.py:117} INFO - [2025-12-05T00:54:46.913+0000] {dag.py:3328} INFO - Setting next_dagrun for tutorial_taskflow_api to None, run_after=None
[2025-12-05T00:54:46.921+0000] {processor.py:178} INFO - Processing /home/airflow/.local/lib/python3.7/site-packages/airflow/example_dags/tutorial_taskflow_api.py took 0.160 seconds
[2025-12-05T00:55:17.455+0000] {processor.py:156} INFO - Started process (PID=3808) to work on /home/airflow/.local/lib/python3.7/site-packages/airflow/example_dags/tutorial_taskflow_api.py
[2025-12-05T00:55:17.456+0000] {processor.py:758} INFO - Processing file /home/airflow/.local/lib/python3.7/site-packages/airflow/example_dags/tutorial_taskflow_api.py for tasks to queue
[2025-12-05T00:55:17.456+0000] {logging_mixin.py:117} INFO - [2025-12-05T00:55:17.456+0000] {dagbag.py:525} INFO - Filling up the DagBag from /home/airflow/.local/lib/python3.7/site-packages/airflow/example_dags/tutorial_taskflow_api.py
[2025-12-05T00:55:17.469+0000] {processor.py:768} INFO - DAG(s) dict_keys(['tutorial_taskflow_api']) retrieved from /home/airflow/.local/lib/python3.7/site-packages/airflow/example_dags/tutorial_taskflow_api.py
[2025-12-05T00:55:17.582+0000] {logging_mixin.py:117} INFO - [2025-12-05T00:55:17.582+0000] {dag.py:2573} INFO - Sync 1 DAGs
[2025-12-05T00:55:17.594+0000] {logging_mixin.py:117} INFO - [2025-12-05T00:55:17.594+0000] {dag.py:3328} INFO - Setting next_dagrun for tutorial_taskflow_api to None, run_after=None
[2025-12-05T00:55:17.603+0000] {processor.py:178} INFO - Processing /home/airflow/.local/lib/python3.7/site-packages/airflow/example_dags/tutorial_taskflow_api.py took 0.150 seconds
[2025-12-05T00:55:48.071+0000] {processor.py:156} INFO - Started process (PID=4009) to work on /home/airflow/.local/lib/python3.7/site-packages/airflow/example_dags/tutorial_taskflow_api.py
[2025-12-05T00:55:48.072+0000] {processor.py:758} INFO - Processing file /home/airflow/.local/lib/python3.7/site-packages/airflow/example_dags/tutorial_taskflow_api.py for tasks to queue
[2025-12-05T00:55:48.072+0000] {logging_mixin.py:117} INFO - [2025-12-05T00:55:48.072+0000] {dagbag.py:525} INFO - Filling up the DagBag from /home/airflow/.local/lib/python3.7/site-packages/airflow/example_dags/tutorial_taskflow_api.py
[2025-12-05T00:55:48.169+0000] {processor.py:768} INFO - DAG(s) dict_keys(['tutorial_taskflow_api']) retrieved from /home/airflow/.local/lib/python3.7/site-packages/airflow/example_dags/tutorial_taskflow_api.py
[2025-12-05T00:55:48.187+0000] {logging_mixin.py:117} INFO - [2025-12-05T00:55:48.186+0000] {dag.py:2573} INFO - Sync 1 DAGs
[2025-12-05T00:55:48.200+0000] {logging_mixin.py:117} INFO - [2025-12-05T00:55:48.200+0000] {dag.py:3328} INFO - Setting next_dagrun for tutorial_taskflow_api to None, run_after=None
[2025-12-05T00:55:48.208+0000] {processor.py:178} INFO - Processing /home/airflow/.local/lib/python3.7/site-packages/airflow/example_dags/tutorial_taskflow_api.py took 0.139 seconds
[2025-12-05T00:56:18.787+0000] {processor.py:156} INFO - Started process (PID=4209) to work on /home/airflow/.local/lib/python3.7/site-packages/airflow/example_dags/tutorial_taskflow_api.py
[2025-12-05T00:56:18.787+0000] {processor.py:758} INFO - Processing file /home/airflow/.local/lib/python3.7/site-packages/airflow/example_dags/tutorial_taskflow_api.py for tasks to queue
[2025-12-05T00:56:18.788+0000] {logging_mixin.py:117} INFO - [2025-12-05T00:56:18.788+0000] {dagbag.py:525} INFO - Filling up the DagBag from /home/airflow/.local/lib/python3.7/site-packages/airflow/example_dags/tutorial_taskflow_api.py
[2025-12-05T00:56:18.799+0000] {processor.py:768} INFO - DAG(s) dict_keys(['tutorial_taskflow_api']) retrieved from /home/airflow/.local/lib/python3.7/site-packages/airflow/example_dags/tutorial_taskflow_api.py
[2025-12-05T00:56:18.823+0000] {logging_mixin.py:117} INFO - [2025-12-05T00:56:18.823+0000] {dag.py:2573} INFO - Sync 1 DAGs
[2025-12-05T00:56:18.835+0000] {logging_mixin.py:117} INFO - [2025-12-05T00:56:18.835+0000] {dag.py:3328} INFO - Setting next_dagrun for tutorial_taskflow_api to None, run_after=None
[2025-12-05T00:56:18.844+0000] {processor.py:178} INFO - Processing /home/airflow/.local/lib/python3.7/site-packages/airflow/example_dags/tutorial_taskflow_api.py took 0.059 seconds
[2025-12-05T00:56:49.552+0000] {processor.py:156} INFO - Started process (PID=4410) to work on /home/airflow/.local/lib/python3.7/site-packages/airflow/example_dags/tutorial_taskflow_api.py
[2025-12-05T00:56:49.553+0000] {processor.py:758} INFO - Processing file /home/airflow/.local/lib/python3.7/site-packages/airflow/example_dags/tutorial_taskflow_api.py for tasks to queue
[2025-12-05T00:56:49.557+0000] {logging_mixin.py:117} INFO - [2025-12-05T00:56:49.557+0000] {dagbag.py:525} INFO - Filling up the DagBag from /home/airflow/.local/lib/python3.7/site-packages/airflow/example_dags/tutorial_taskflow_api.py
[2025-12-05T00:56:49.574+0000] {processor.py:768} INFO - DAG(s) dict_keys(['tutorial_taskflow_api']) retrieved from /home/airflow/.local/lib/python3.7/site-packages/airflow/example_dags/tutorial_taskflow_api.py
[2025-12-05T00:56:49.610+0000] {logging_mixin.py:117} INFO - [2025-12-05T00:56:49.610+0000] {dag.py:2573} INFO - Sync 1 DAGs
[2025-12-05T00:56:49.632+0000] {logging_mixin.py:117} INFO - [2025-12-05T00:56:49.632+0000] {dag.py:3328} INFO - Setting next_dagrun for tutorial_taskflow_api to None, run_after=None
[2025-12-05T00:56:49.644+0000] {processor.py:178} INFO - Processing /home/airflow/.local/lib/python3.7/site-packages/airflow/example_dags/tutorial_taskflow_api.py took 0.094 seconds
[2025-12-05T00:57:20.525+0000] {processor.py:156} INFO - Started process (PID=4610) to work on /home/airflow/.local/lib/python3.7/site-packages/airflow/example_dags/tutorial_taskflow_api.py
[2025-12-05T00:57:20.526+0000] {processor.py:758} INFO - Processing file /home/airflow/.local/lib/python3.7/site-packages/airflow/example_dags/tutorial_taskflow_api.py for tasks to queue
[2025-12-05T00:57:20.526+0000] {logging_mixin.py:117} INFO - [2025-12-05T00:57:20.526+0000] {dagbag.py:525} INFO - Filling up the DagBag from /home/airflow/.local/lib/python3.7/site-packages/airflow/example_dags/tutorial_taskflow_api.py
[2025-12-05T00:57:20.541+0000] {processor.py:768} INFO - DAG(s) dict_keys(['tutorial_taskflow_api']) retrieved from /home/airflow/.local/lib/python3.7/site-packages/airflow/example_dags/tutorial_taskflow_api.py
[2025-12-05T00:57:20.561+0000] {logging_mixin.py:117} INFO - [2025-12-05T00:57:20.561+0000] {dag.py:2573} INFO - Sync 1 DAGs
[2025-12-05T00:57:20.572+0000] {logging_mixin.py:117} INFO - [2025-12-05T00:57:20.572+0000] {dag.py:3328} INFO - Setting next_dagrun for tutorial_taskflow_api to None, run_after=None
[2025-12-05T00:57:20.582+0000] {processor.py:178} INFO - Processing /home/airflow/.local/lib/python3.7/site-packages/airflow/example_dags/tutorial_taskflow_api.py took 0.059 seconds
[2025-12-05T00:57:51.317+0000] {processor.py:156} INFO - Started process (PID=4811) to work on /home/airflow/.local/lib/python3.7/site-packages/airflow/example_dags/tutorial_taskflow_api.py
[2025-12-05T00:57:51.318+0000] {processor.py:758} INFO - Processing file /home/airflow/.local/lib/python3.7/site-packages/airflow/example_dags/tutorial_taskflow_api.py for tasks to queue
[2025-12-05T00:57:51.319+0000] {logging_mixin.py:117} INFO - [2025-12-05T00:57:51.319+0000] {dagbag.py:525} INFO - Filling up the DagBag from /home/airflow/.local/lib/python3.7/site-packages/airflow/example_dags/tutorial_taskflow_api.py
[2025-12-05T00:57:51.331+0000] {processor.py:768} INFO - DAG(s) dict_keys(['tutorial_taskflow_api']) retrieved from /home/airflow/.local/lib/python3.7/site-packages/airflow/example_dags/tutorial_taskflow_api.py
[2025-12-05T00:57:51.354+0000] {logging_mixin.py:117} INFO - [2025-12-05T00:57:51.353+0000] {dag.py:2573} INFO - Sync 1 DAGs
[2025-12-05T00:57:51.366+0000] {logging_mixin.py:117} INFO - [2025-12-05T00:57:51.366+0000] {dag.py:3328} INFO - Setting next_dagrun for tutorial_taskflow_api to None, run_after=None
[2025-12-05T00:57:51.375+0000] {processor.py:178} INFO - Processing /home/airflow/.local/lib/python3.7/site-packages/airflow/example_dags/tutorial_taskflow_api.py took 0.065 seconds
[2025-12-05T00:58:22.337+0000] {processor.py:156} INFO - Started process (PID=5012) to work on /home/airflow/.local/lib/python3.7/site-packages/airflow/example_dags/tutorial_taskflow_api.py
[2025-12-05T00:58:22.337+0000] {processor.py:758} INFO - Processing file /home/airflow/.local/lib/python3.7/site-packages/airflow/example_dags/tutorial_taskflow_api.py for tasks to queue
[2025-12-05T00:58:22.338+0000] {logging_mixin.py:117} INFO - [2025-12-05T00:58:22.338+0000] {dagbag.py:525} INFO - Filling up the DagBag from /home/airflow/.local/lib/python3.7/site-packages/airflow/example_dags/tutorial_taskflow_api.py
[2025-12-05T00:58:22.353+0000] {processor.py:768} INFO - DAG(s) dict_keys(['tutorial_taskflow_api']) retrieved from /home/airflow/.local/lib/python3.7/site-packages/airflow/example_dags/tutorial_taskflow_api.py
[2025-12-05T00:58:22.375+0000] {logging_mixin.py:117} INFO - [2025-12-05T00:58:22.375+0000] {dag.py:2573} INFO - Sync 1 DAGs
[2025-12-05T00:58:22.387+0000] {logging_mixin.py:117} INFO - [2025-12-05T00:58:22.387+0000] {dag.py:3328} INFO - Setting next_dagrun for tutorial_taskflow_api to None, run_after=None
[2025-12-05T00:58:22.399+0000] {processor.py:178} INFO - Processing /home/airflow/.local/lib/python3.7/site-packages/airflow/example_dags/tutorial_taskflow_api.py took 0.064 seconds
[2025-12-05T00:58:53.272+0000] {processor.py:156} INFO - Started process (PID=5213) to work on /home/airflow/.local/lib/python3.7/site-packages/airflow/example_dags/tutorial_taskflow_api.py
[2025-12-05T00:58:53.273+0000] {processor.py:758} INFO - Processing file /home/airflow/.local/lib/python3.7/site-packages/airflow/example_dags/tutorial_taskflow_api.py for tasks to queue
[2025-12-05T00:58:53.274+0000] {logging_mixin.py:117} INFO - [2025-12-05T00:58:53.274+0000] {dagbag.py:525} INFO - Filling up the DagBag from /home/airflow/.local/lib/python3.7/site-packages/airflow/example_dags/tutorial_taskflow_api.py
[2025-12-05T00:58:53.287+0000] {processor.py:768} INFO - DAG(s) dict_keys(['tutorial_taskflow_api']) retrieved from /home/airflow/.local/lib/python3.7/site-packages/airflow/example_dags/tutorial_taskflow_api.py
[2025-12-05T00:58:53.307+0000] {logging_mixin.py:117} INFO - [2025-12-05T00:58:53.307+0000] {dag.py:2573} INFO - Sync 1 DAGs
[2025-12-05T00:58:53.318+0000] {logging_mixin.py:117} INFO - [2025-12-05T00:58:53.318+0000] {dag.py:3328} INFO - Setting next_dagrun for tutorial_taskflow_api to None, run_after=None
[2025-12-05T00:58:53.326+0000] {processor.py:178} INFO - Processing /home/airflow/.local/lib/python3.7/site-packages/airflow/example_dags/tutorial_taskflow_api.py took 0.059 seconds
[2025-12-05T00:59:24.001+0000] {processor.py:156} INFO - Started process (PID=5420) to work on /home/airflow/.local/lib/python3.7/site-packages/airflow/example_dags/tutorial_taskflow_api.py
[2025-12-05T00:59:24.001+0000] {processor.py:758} INFO - Processing file /home/airflow/.local/lib/python3.7/site-packages/airflow/example_dags/tutorial_taskflow_api.py for tasks to queue
[2025-12-05T00:59:24.002+0000] {logging_mixin.py:117} INFO - [2025-12-05T00:59:24.002+0000] {dagbag.py:525} INFO - Filling up the DagBag from /home/airflow/.local/lib/python3.7/site-packages/airflow/example_dags/tutorial_taskflow_api.py
[2025-12-05T00:59:24.013+0000] {processor.py:768} INFO - DAG(s) dict_keys(['tutorial_taskflow_api']) retrieved from /home/airflow/.local/lib/python3.7/site-packages/airflow/example_dags/tutorial_taskflow_api.py
[2025-12-05T00:59:24.035+0000] {logging_mixin.py:117} INFO - [2025-12-05T00:59:24.035+0000] {dag.py:2573} INFO - Sync 1 DAGs
[2025-12-05T00:59:24.046+0000] {logging_mixin.py:117} INFO - [2025-12-05T00:59:24.046+0000] {dag.py:3328} INFO - Setting next_dagrun for tutorial_taskflow_api to None, run_after=None
[2025-12-05T00:59:24.058+0000] {processor.py:178} INFO - Processing /home/airflow/.local/lib/python3.7/site-packages/airflow/example_dags/tutorial_taskflow_api.py took 0.063 seconds
[2025-12-05T00:59:54.886+0000] {processor.py:156} INFO - Started process (PID=5621) to work on /home/airflow/.local/lib/python3.7/site-packages/airflow/example_dags/tutorial_taskflow_api.py
[2025-12-05T00:59:54.887+0000] {processor.py:758} INFO - Processing file /home/airflow/.local/lib/python3.7/site-packages/airflow/example_dags/tutorial_taskflow_api.py for tasks to queue
[2025-12-05T00:59:54.887+0000] {logging_mixin.py:117} INFO - [2025-12-05T00:59:54.887+0000] {dagbag.py:525} INFO - Filling up the DagBag from /home/airflow/.local/lib/python3.7/site-packages/airflow/example_dags/tutorial_taskflow_api.py
[2025-12-05T00:59:54.899+0000] {processor.py:768} INFO - DAG(s) dict_keys(['tutorial_taskflow_api']) retrieved from /home/airflow/.local/lib/python3.7/site-packages/airflow/example_dags/tutorial_taskflow_api.py
[2025-12-05T00:59:54.918+0000] {logging_mixin.py:117} INFO - [2025-12-05T00:59:54.918+0000] {dag.py:2573} INFO - Sync 1 DAGs
[2025-12-05T00:59:54.931+0000] {logging_mixin.py:117} INFO - [2025-12-05T00:59:54.931+0000] {dag.py:3328} INFO - Setting next_dagrun for tutorial_taskflow_api to None, run_after=None
[2025-12-05T00:59:54.944+0000] {processor.py:178} INFO - Processing /home/airflow/.local/lib/python3.7/site-packages/airflow/example_dags/tutorial_taskflow_api.py took 0.059 seconds
[2025-12-05T01:00:25.922+0000] {processor.py:156} INFO - Started process (PID=5822) to work on /home/airflow/.local/lib/python3.7/site-packages/airflow/example_dags/tutorial_taskflow_api.py
[2025-12-05T01:00:25.923+0000] {processor.py:758} INFO - Processing file /home/airflow/.local/lib/python3.7/site-packages/airflow/example_dags/tutorial_taskflow_api.py for tasks to queue
[2025-12-05T01:00:25.924+0000] {logging_mixin.py:117} INFO - [2025-12-05T01:00:25.924+0000] {dagbag.py:525} INFO - Filling up the DagBag from /home/airflow/.local/lib/python3.7/site-packages/airflow/example_dags/tutorial_taskflow_api.py
[2025-12-05T01:00:25.948+0000] {processor.py:768} INFO - DAG(s) dict_keys(['tutorial_taskflow_api']) retrieved from /home/airflow/.local/lib/python3.7/site-packages/airflow/example_dags/tutorial_taskflow_api.py
[2025-12-05T01:00:25.991+0000] {logging_mixin.py:117} INFO - [2025-12-05T01:00:25.990+0000] {dag.py:2573} INFO - Sync 1 DAGs
[2025-12-05T01:00:26.005+0000] {logging_mixin.py:117} INFO - [2025-12-05T01:00:26.005+0000] {dag.py:3328} INFO - Setting next_dagrun for tutorial_taskflow_api to None, run_after=None
[2025-12-05T01:00:26.014+0000] {processor.py:178} INFO - Processing /home/airflow/.local/lib/python3.7/site-packages/airflow/example_dags/tutorial_taskflow_api.py took 0.103 seconds
[2025-12-05T01:00:56.216+0000] {processor.py:156} INFO - Started process (PID=6022) to work on /home/airflow/.local/lib/python3.7/site-packages/airflow/example_dags/tutorial_taskflow_api.py
[2025-12-05T01:00:56.218+0000] {processor.py:758} INFO - Processing file /home/airflow/.local/lib/python3.7/site-packages/airflow/example_dags/tutorial_taskflow_api.py for tasks to queue
[2025-12-05T01:00:56.218+0000] {logging_mixin.py:117} INFO - [2025-12-05T01:00:56.218+0000] {dagbag.py:525} INFO - Filling up the DagBag from /home/airflow/.local/lib/python3.7/site-packages/airflow/example_dags/tutorial_taskflow_api.py
[2025-12-05T01:00:56.236+0000] {processor.py:768} INFO - DAG(s) dict_keys(['tutorial_taskflow_api']) retrieved from /home/airflow/.local/lib/python3.7/site-packages/airflow/example_dags/tutorial_taskflow_api.py
[2025-12-05T01:00:56.255+0000] {logging_mixin.py:117} INFO - [2025-12-05T01:00:56.255+0000] {dag.py:2573} INFO - Sync 1 DAGs
[2025-12-05T01:00:56.277+0000] {logging_mixin.py:117} INFO - [2025-12-05T01:00:56.277+0000] {dag.py:3328} INFO - Setting next_dagrun for tutorial_taskflow_api to None, run_after=None
[2025-12-05T01:00:56.287+0000] {processor.py:178} INFO - Processing /home/airflow/.local/lib/python3.7/site-packages/airflow/example_dags/tutorial_taskflow_api.py took 0.078 seconds
[2025-12-05T01:01:26.707+0000] {processor.py:156} INFO - Started process (PID=6222) to work on /home/airflow/.local/lib/python3.7/site-packages/airflow/example_dags/tutorial_taskflow_api.py
[2025-12-05T01:01:26.709+0000] {processor.py:758} INFO - Processing file /home/airflow/.local/lib/python3.7/site-packages/airflow/example_dags/tutorial_taskflow_api.py for tasks to queue
[2025-12-05T01:01:26.709+0000] {logging_mixin.py:117} INFO - [2025-12-05T01:01:26.709+0000] {dagbag.py:525} INFO - Filling up the DagBag from /home/airflow/.local/lib/python3.7/site-packages/airflow/example_dags/tutorial_taskflow_api.py
[2025-12-05T01:01:26.722+0000] {processor.py:768} INFO - DAG(s) dict_keys(['tutorial_taskflow_api']) retrieved from /home/airflow/.local/lib/python3.7/site-packages/airflow/example_dags/tutorial_taskflow_api.py
[2025-12-05T01:01:26.743+0000] {logging_mixin.py:117} INFO - [2025-12-05T01:01:26.743+0000] {dag.py:2573} INFO - Sync 1 DAGs
[2025-12-05T01:01:26.755+0000] {logging_mixin.py:117} INFO - [2025-12-05T01:01:26.755+0000] {dag.py:3328} INFO - Setting next_dagrun for tutorial_taskflow_api to None, run_after=None
[2025-12-05T01:01:26.766+0000] {processor.py:178} INFO - Processing /home/airflow/.local/lib/python3.7/site-packages/airflow/example_dags/tutorial_taskflow_api.py took 0.070 seconds
[2025-12-05T01:01:57.843+0000] {processor.py:156} INFO - Started process (PID=6423) to work on /home/airflow/.local/lib/python3.7/site-packages/airflow/example_dags/tutorial_taskflow_api.py
[2025-12-05T01:01:57.844+0000] {processor.py:758} INFO - Processing file /home/airflow/.local/lib/python3.7/site-packages/airflow/example_dags/tutorial_taskflow_api.py for tasks to queue
[2025-12-05T01:01:57.844+0000] {logging_mixin.py:117} INFO - [2025-12-05T01:01:57.844+0000] {dagbag.py:525} INFO - Filling up the DagBag from /home/airflow/.local/lib/python3.7/site-packages/airflow/example_dags/tutorial_taskflow_api.py
[2025-12-05T01:01:57.857+0000] {processor.py:768} INFO - DAG(s) dict_keys(['tutorial_taskflow_api']) retrieved from /home/airflow/.local/lib/python3.7/site-packages/airflow/example_dags/tutorial_taskflow_api.py
[2025-12-05T01:01:57.879+0000] {logging_mixin.py:117} INFO - [2025-12-05T01:01:57.879+0000] {dag.py:2573} INFO - Sync 1 DAGs
[2025-12-05T01:01:57.893+0000] {logging_mixin.py:117} INFO - [2025-12-05T01:01:57.893+0000] {dag.py:3328} INFO - Setting next_dagrun for tutorial_taskflow_api to None, run_after=None
[2025-12-05T01:01:57.903+0000] {processor.py:178} INFO - Processing /home/airflow/.local/lib/python3.7/site-packages/airflow/example_dags/tutorial_taskflow_api.py took 0.064 seconds
[2025-12-05T01:02:28.663+0000] {processor.py:156} INFO - Started process (PID=6624) to work on /home/airflow/.local/lib/python3.7/site-packages/airflow/example_dags/tutorial_taskflow_api.py
[2025-12-05T01:02:28.664+0000] {processor.py:758} INFO - Processing file /home/airflow/.local/lib/python3.7/site-packages/airflow/example_dags/tutorial_taskflow_api.py for tasks to queue
[2025-12-05T01:02:28.664+0000] {logging_mixin.py:117} INFO - [2025-12-05T01:02:28.664+0000] {dagbag.py:525} INFO - Filling up the DagBag from /home/airflow/.local/lib/python3.7/site-packages/airflow/example_dags/tutorial_taskflow_api.py
[2025-12-05T01:02:28.676+0000] {processor.py:768} INFO - DAG(s) dict_keys(['tutorial_taskflow_api']) retrieved from /home/airflow/.local/lib/python3.7/site-packages/airflow/example_dags/tutorial_taskflow_api.py
[2025-12-05T01:02:28.696+0000] {logging_mixin.py:117} INFO - [2025-12-05T01:02:28.696+0000] {dag.py:2573} INFO - Sync 1 DAGs
[2025-12-05T01:02:28.708+0000] {logging_mixin.py:117} INFO - [2025-12-05T01:02:28.707+0000] {dag.py:3328} INFO - Setting next_dagrun for tutorial_taskflow_api to None, run_after=None
[2025-12-05T01:02:28.716+0000] {processor.py:178} INFO - Processing /home/airflow/.local/lib/python3.7/site-packages/airflow/example_dags/tutorial_taskflow_api.py took 0.054 seconds
[2025-12-05T01:02:58.877+0000] {processor.py:156} INFO - Started process (PID=6825) to work on /home/airflow/.local/lib/python3.7/site-packages/airflow/example_dags/tutorial_taskflow_api.py
[2025-12-05T01:02:58.880+0000] {processor.py:758} INFO - Processing file /home/airflow/.local/lib/python3.7/site-packages/airflow/example_dags/tutorial_taskflow_api.py for tasks to queue
[2025-12-05T01:02:58.881+0000] {logging_mixin.py:117} INFO - [2025-12-05T01:02:58.881+0000] {dagbag.py:525} INFO - Filling up the DagBag from /home/airflow/.local/lib/python3.7/site-packages/airflow/example_dags/tutorial_taskflow_api.py
[2025-12-05T01:02:58.892+0000] {processor.py:768} INFO - DAG(s) dict_keys(['tutorial_taskflow_api']) retrieved from /home/airflow/.local/lib/python3.7/site-packages/airflow/example_dags/tutorial_taskflow_api.py
[2025-12-05T01:02:58.914+0000] {logging_mixin.py:117} INFO - [2025-12-05T01:02:58.914+0000] {dag.py:2573} INFO - Sync 1 DAGs
[2025-12-05T01:02:58.925+0000] {logging_mixin.py:117} INFO - [2025-12-05T01:02:58.925+0000] {dag.py:3328} INFO - Setting next_dagrun for tutorial_taskflow_api to None, run_after=None
[2025-12-05T01:02:58.933+0000] {processor.py:178} INFO - Processing /home/airflow/.local/lib/python3.7/site-packages/airflow/example_dags/tutorial_taskflow_api.py took 0.060 seconds
[2025-12-05T01:03:29.854+0000] {processor.py:156} INFO - Started process (PID=7026) to work on /home/airflow/.local/lib/python3.7/site-packages/airflow/example_dags/tutorial_taskflow_api.py
[2025-12-05T01:03:29.855+0000] {processor.py:758} INFO - Processing file /home/airflow/.local/lib/python3.7/site-packages/airflow/example_dags/tutorial_taskflow_api.py for tasks to queue
[2025-12-05T01:03:29.856+0000] {logging_mixin.py:117} INFO - [2025-12-05T01:03:29.856+0000] {dagbag.py:525} INFO - Filling up the DagBag from /home/airflow/.local/lib/python3.7/site-packages/airflow/example_dags/tutorial_taskflow_api.py
[2025-12-05T01:03:29.868+0000] {processor.py:768} INFO - DAG(s) dict_keys(['tutorial_taskflow_api']) retrieved from /home/airflow/.local/lib/python3.7/site-packages/airflow/example_dags/tutorial_taskflow_api.py
[2025-12-05T01:03:29.890+0000] {logging_mixin.py:117} INFO - [2025-12-05T01:03:29.890+0000] {dag.py:2573} INFO - Sync 1 DAGs
[2025-12-05T01:03:29.901+0000] {logging_mixin.py:117} INFO - [2025-12-05T01:03:29.901+0000] {dag.py:3328} INFO - Setting next_dagrun for tutorial_taskflow_api to None, run_after=None
[2025-12-05T01:03:29.916+0000] {processor.py:178} INFO - Processing /home/airflow/.local/lib/python3.7/site-packages/airflow/example_dags/tutorial_taskflow_api.py took 0.066 seconds
[2025-12-05T01:04:00.856+0000] {processor.py:156} INFO - Started process (PID=7226) to work on /home/airflow/.local/lib/python3.7/site-packages/airflow/example_dags/tutorial_taskflow_api.py
[2025-12-05T01:04:00.856+0000] {processor.py:758} INFO - Processing file /home/airflow/.local/lib/python3.7/site-packages/airflow/example_dags/tutorial_taskflow_api.py for tasks to queue
[2025-12-05T01:04:00.857+0000] {logging_mixin.py:117} INFO - [2025-12-05T01:04:00.857+0000] {dagbag.py:525} INFO - Filling up the DagBag from /home/airflow/.local/lib/python3.7/site-packages/airflow/example_dags/tutorial_taskflow_api.py
[2025-12-05T01:04:00.869+0000] {processor.py:768} INFO - DAG(s) dict_keys(['tutorial_taskflow_api']) retrieved from /home/airflow/.local/lib/python3.7/site-packages/airflow/example_dags/tutorial_taskflow_api.py
[2025-12-05T01:04:00.888+0000] {logging_mixin.py:117} INFO - [2025-12-05T01:04:00.888+0000] {dag.py:2573} INFO - Sync 1 DAGs
[2025-12-05T01:04:00.899+0000] {logging_mixin.py:117} INFO - [2025-12-05T01:04:00.899+0000] {dag.py:3328} INFO - Setting next_dagrun for tutorial_taskflow_api to None, run_after=None
[2025-12-05T01:04:00.910+0000] {processor.py:178} INFO - Processing /home/airflow/.local/lib/python3.7/site-packages/airflow/example_dags/tutorial_taskflow_api.py took 0.056 seconds
[2025-12-05T01:04:31.530+0000] {processor.py:156} INFO - Started process (PID=7427) to work on /home/airflow/.local/lib/python3.7/site-packages/airflow/example_dags/tutorial_taskflow_api.py
[2025-12-05T01:04:31.531+0000] {processor.py:758} INFO - Processing file /home/airflow/.local/lib/python3.7/site-packages/airflow/example_dags/tutorial_taskflow_api.py for tasks to queue
[2025-12-05T01:04:31.531+0000] {logging_mixin.py:117} INFO - [2025-12-05T01:04:31.531+0000] {dagbag.py:525} INFO - Filling up the DagBag from /home/airflow/.local/lib/python3.7/site-packages/airflow/example_dags/tutorial_taskflow_api.py
[2025-12-05T01:04:31.547+0000] {processor.py:768} INFO - DAG(s) dict_keys(['tutorial_taskflow_api']) retrieved from /home/airflow/.local/lib/python3.7/site-packages/airflow/example_dags/tutorial_taskflow_api.py
[2025-12-05T01:04:31.570+0000] {logging_mixin.py:117} INFO - [2025-12-05T01:04:31.570+0000] {dag.py:2573} INFO - Sync 1 DAGs
[2025-12-05T01:04:31.584+0000] {logging_mixin.py:117} INFO - [2025-12-05T01:04:31.584+0000] {dag.py:3328} INFO - Setting next_dagrun for tutorial_taskflow_api to None, run_after=None
[2025-12-05T01:04:31.594+0000] {processor.py:178} INFO - Processing /home/airflow/.local/lib/python3.7/site-packages/airflow/example_dags/tutorial_taskflow_api.py took 0.065 seconds
[2025-12-05T01:05:02.313+0000] {processor.py:156} INFO - Started process (PID=7628) to work on /home/airflow/.local/lib/python3.7/site-packages/airflow/example_dags/tutorial_taskflow_api.py
[2025-12-05T01:05:02.313+0000] {processor.py:758} INFO - Processing file /home/airflow/.local/lib/python3.7/site-packages/airflow/example_dags/tutorial_taskflow_api.py for tasks to queue
[2025-12-05T01:05:02.314+0000] {logging_mixin.py:117} INFO - [2025-12-05T01:05:02.313+0000] {dagbag.py:525} INFO - Filling up the DagBag from /home/airflow/.local/lib/python3.7/site-packages/airflow/example_dags/tutorial_taskflow_api.py
[2025-12-05T01:05:02.325+0000] {processor.py:768} INFO - DAG(s) dict_keys(['tutorial_taskflow_api']) retrieved from /home/airflow/.local/lib/python3.7/site-packages/airflow/example_dags/tutorial_taskflow_api.py
[2025-12-05T01:05:02.345+0000] {logging_mixin.py:117} INFO - [2025-12-05T01:05:02.345+0000] {dag.py:2573} INFO - Sync 1 DAGs
[2025-12-05T01:05:02.360+0000] {logging_mixin.py:117} INFO - [2025-12-05T01:05:02.360+0000] {dag.py:3328} INFO - Setting next_dagrun for tutorial_taskflow_api to None, run_after=None
[2025-12-05T01:05:02.368+0000] {processor.py:178} INFO - Processing /home/airflow/.local/lib/python3.7/site-packages/airflow/example_dags/tutorial_taskflow_api.py took 0.059 seconds
[2025-12-05T01:05:33.115+0000] {processor.py:156} INFO - Started process (PID=7829) to work on /home/airflow/.local/lib/python3.7/site-packages/airflow/example_dags/tutorial_taskflow_api.py
[2025-12-05T01:05:33.116+0000] {processor.py:758} INFO - Processing file /home/airflow/.local/lib/python3.7/site-packages/airflow/example_dags/tutorial_taskflow_api.py for tasks to queue
[2025-12-05T01:05:33.116+0000] {logging_mixin.py:117} INFO - [2025-12-05T01:05:33.116+0000] {dagbag.py:525} INFO - Filling up the DagBag from /home/airflow/.local/lib/python3.7/site-packages/airflow/example_dags/tutorial_taskflow_api.py
[2025-12-05T01:05:33.130+0000] {processor.py:768} INFO - DAG(s) dict_keys(['tutorial_taskflow_api']) retrieved from /home/airflow/.local/lib/python3.7/site-packages/airflow/example_dags/tutorial_taskflow_api.py
[2025-12-05T01:05:33.162+0000] {logging_mixin.py:117} INFO - [2025-12-05T01:05:33.162+0000] {dag.py:2573} INFO - Sync 1 DAGs
[2025-12-05T01:05:33.180+0000] {logging_mixin.py:117} INFO - [2025-12-05T01:05:33.180+0000] {dag.py:3328} INFO - Setting next_dagrun for tutorial_taskflow_api to None, run_after=None
[2025-12-05T01:05:33.192+0000] {processor.py:178} INFO - Processing /home/airflow/.local/lib/python3.7/site-packages/airflow/example_dags/tutorial_taskflow_api.py took 0.078 seconds
[2025-12-05T01:06:04.143+0000] {processor.py:156} INFO - Started process (PID=8030) to work on /home/airflow/.local/lib/python3.7/site-packages/airflow/example_dags/tutorial_taskflow_api.py
[2025-12-05T01:06:04.144+0000] {processor.py:758} INFO - Processing file /home/airflow/.local/lib/python3.7/site-packages/airflow/example_dags/tutorial_taskflow_api.py for tasks to queue
[2025-12-05T01:06:04.144+0000] {logging_mixin.py:117} INFO - [2025-12-05T01:06:04.144+0000] {dagbag.py:525} INFO - Filling up the DagBag from /home/airflow/.local/lib/python3.7/site-packages/airflow/example_dags/tutorial_taskflow_api.py
[2025-12-05T01:06:04.158+0000] {processor.py:768} INFO - DAG(s) dict_keys(['tutorial_taskflow_api']) retrieved from /home/airflow/.local/lib/python3.7/site-packages/airflow/example_dags/tutorial_taskflow_api.py
[2025-12-05T01:06:04.176+0000] {logging_mixin.py:117} INFO - [2025-12-05T01:06:04.176+0000] {dag.py:2573} INFO - Sync 1 DAGs
[2025-12-05T01:06:04.188+0000] {logging_mixin.py:117} INFO - [2025-12-05T01:06:04.188+0000] {dag.py:3328} INFO - Setting next_dagrun for tutorial_taskflow_api to None, run_after=None
[2025-12-05T01:06:04.198+0000] {processor.py:178} INFO - Processing /home/airflow/.local/lib/python3.7/site-packages/airflow/example_dags/tutorial_taskflow_api.py took 0.056 seconds
[2025-12-05T01:06:34.987+0000] {processor.py:156} INFO - Started process (PID=8231) to work on /home/airflow/.local/lib/python3.7/site-packages/airflow/example_dags/tutorial_taskflow_api.py
[2025-12-05T01:06:34.989+0000] {processor.py:758} INFO - Processing file /home/airflow/.local/lib/python3.7/site-packages/airflow/example_dags/tutorial_taskflow_api.py for tasks to queue
[2025-12-05T01:06:34.990+0000] {logging_mixin.py:117} INFO - [2025-12-05T01:06:34.990+0000] {dagbag.py:525} INFO - Filling up the DagBag from /home/airflow/.local/lib/python3.7/site-packages/airflow/example_dags/tutorial_taskflow_api.py
[2025-12-05T01:06:35.014+0000] {processor.py:768} INFO - DAG(s) dict_keys(['tutorial_taskflow_api']) retrieved from /home/airflow/.local/lib/python3.7/site-packages/airflow/example_dags/tutorial_taskflow_api.py
[2025-12-05T01:06:35.093+0000] {logging_mixin.py:117} INFO - [2025-12-05T01:06:35.092+0000] {dag.py:2573} INFO - Sync 1 DAGs
[2025-12-05T01:06:35.116+0000] {logging_mixin.py:117} INFO - [2025-12-05T01:06:35.116+0000] {dag.py:3328} INFO - Setting next_dagrun for tutorial_taskflow_api to None, run_after=None
[2025-12-05T01:06:35.126+0000] {processor.py:178} INFO - Processing /home/airflow/.local/lib/python3.7/site-packages/airflow/example_dags/tutorial_taskflow_api.py took 0.141 seconds
[2025-12-05T01:07:05.473+0000] {processor.py:156} INFO - Started process (PID=8432) to work on /home/airflow/.local/lib/python3.7/site-packages/airflow/example_dags/tutorial_taskflow_api.py
[2025-12-05T01:07:05.474+0000] {processor.py:758} INFO - Processing file /home/airflow/.local/lib/python3.7/site-packages/airflow/example_dags/tutorial_taskflow_api.py for tasks to queue
[2025-12-05T01:07:05.474+0000] {logging_mixin.py:117} INFO - [2025-12-05T01:07:05.474+0000] {dagbag.py:525} INFO - Filling up the DagBag from /home/airflow/.local/lib/python3.7/site-packages/airflow/example_dags/tutorial_taskflow_api.py
[2025-12-05T01:07:05.499+0000] {processor.py:768} INFO - DAG(s) dict_keys(['tutorial_taskflow_api']) retrieved from /home/airflow/.local/lib/python3.7/site-packages/airflow/example_dags/tutorial_taskflow_api.py
[2025-12-05T01:07:05.549+0000] {logging_mixin.py:117} INFO - [2025-12-05T01:07:05.549+0000] {dag.py:2573} INFO - Sync 1 DAGs
[2025-12-05T01:07:05.567+0000] {logging_mixin.py:117} INFO - [2025-12-05T01:07:05.567+0000] {dag.py:3328} INFO - Setting next_dagrun for tutorial_taskflow_api to None, run_after=None
[2025-12-05T01:07:05.597+0000] {processor.py:178} INFO - Processing /home/airflow/.local/lib/python3.7/site-packages/airflow/example_dags/tutorial_taskflow_api.py took 0.126 seconds
[2025-12-05T01:07:35.970+0000] {processor.py:156} INFO - Started process (PID=8633) to work on /home/airflow/.local/lib/python3.7/site-packages/airflow/example_dags/tutorial_taskflow_api.py
[2025-12-05T01:07:35.970+0000] {processor.py:758} INFO - Processing file /home/airflow/.local/lib/python3.7/site-packages/airflow/example_dags/tutorial_taskflow_api.py for tasks to queue
[2025-12-05T01:07:35.971+0000] {logging_mixin.py:117} INFO - [2025-12-05T01:07:35.971+0000] {dagbag.py:525} INFO - Filling up the DagBag from /home/airflow/.local/lib/python3.7/site-packages/airflow/example_dags/tutorial_taskflow_api.py
[2025-12-05T01:07:35.985+0000] {processor.py:768} INFO - DAG(s) dict_keys(['tutorial_taskflow_api']) retrieved from /home/airflow/.local/lib/python3.7/site-packages/airflow/example_dags/tutorial_taskflow_api.py
[2025-12-05T01:07:36.014+0000] {logging_mixin.py:117} INFO - [2025-12-05T01:07:36.014+0000] {dag.py:2573} INFO - Sync 1 DAGs
[2025-12-05T01:07:36.027+0000] {logging_mixin.py:117} INFO - [2025-12-05T01:07:36.027+0000] {dag.py:3328} INFO - Setting next_dagrun for tutorial_taskflow_api to None, run_after=None
[2025-12-05T01:07:36.039+0000] {processor.py:178} INFO - Processing /home/airflow/.local/lib/python3.7/site-packages/airflow/example_dags/tutorial_taskflow_api.py took 0.071 seconds
[2025-12-05T01:08:06.369+0000] {processor.py:156} INFO - Started process (PID=8834) to work on /home/airflow/.local/lib/python3.7/site-packages/airflow/example_dags/tutorial_taskflow_api.py
[2025-12-05T01:08:06.373+0000] {processor.py:758} INFO - Processing file /home/airflow/.local/lib/python3.7/site-packages/airflow/example_dags/tutorial_taskflow_api.py for tasks to queue
[2025-12-05T01:08:06.373+0000] {logging_mixin.py:117} INFO - [2025-12-05T01:08:06.373+0000] {dagbag.py:525} INFO - Filling up the DagBag from /home/airflow/.local/lib/python3.7/site-packages/airflow/example_dags/tutorial_taskflow_api.py
[2025-12-05T01:08:06.386+0000] {processor.py:768} INFO - DAG(s) dict_keys(['tutorial_taskflow_api']) retrieved from /home/airflow/.local/lib/python3.7/site-packages/airflow/example_dags/tutorial_taskflow_api.py
[2025-12-05T01:08:06.405+0000] {logging_mixin.py:117} INFO - [2025-12-05T01:08:06.405+0000] {dag.py:2573} INFO - Sync 1 DAGs
[2025-12-05T01:08:06.417+0000] {logging_mixin.py:117} INFO - [2025-12-05T01:08:06.417+0000] {dag.py:3328} INFO - Setting next_dagrun for tutorial_taskflow_api to None, run_after=None
[2025-12-05T01:08:06.429+0000] {processor.py:178} INFO - Processing /home/airflow/.local/lib/python3.7/site-packages/airflow/example_dags/tutorial_taskflow_api.py took 0.065 seconds
[2025-12-05T01:08:36.660+0000] {processor.py:156} INFO - Started process (PID=9035) to work on /home/airflow/.local/lib/python3.7/site-packages/airflow/example_dags/tutorial_taskflow_api.py
[2025-12-05T01:08:36.661+0000] {processor.py:758} INFO - Processing file /home/airflow/.local/lib/python3.7/site-packages/airflow/example_dags/tutorial_taskflow_api.py for tasks to queue
[2025-12-05T01:08:36.661+0000] {logging_mixin.py:117} INFO - [2025-12-05T01:08:36.661+0000] {dagbag.py:525} INFO - Filling up the DagBag from /home/airflow/.local/lib/python3.7/site-packages/airflow/example_dags/tutorial_taskflow_api.py
[2025-12-05T01:08:36.673+0000] {processor.py:768} INFO - DAG(s) dict_keys(['tutorial_taskflow_api']) retrieved from /home/airflow/.local/lib/python3.7/site-packages/airflow/example_dags/tutorial_taskflow_api.py
[2025-12-05T01:08:36.729+0000] {logging_mixin.py:117} INFO - [2025-12-05T01:08:36.729+0000] {dag.py:2573} INFO - Sync 1 DAGs
[2025-12-05T01:08:36.775+0000] {logging_mixin.py:117} INFO - [2025-12-05T01:08:36.775+0000] {dag.py:3328} INFO - Setting next_dagrun for tutorial_taskflow_api to None, run_after=None
[2025-12-05T01:08:36.803+0000] {processor.py:178} INFO - Processing /home/airflow/.local/lib/python3.7/site-packages/airflow/example_dags/tutorial_taskflow_api.py took 0.144 seconds
[2025-12-05T01:09:06.918+0000] {processor.py:156} INFO - Started process (PID=9236) to work on /home/airflow/.local/lib/python3.7/site-packages/airflow/example_dags/tutorial_taskflow_api.py
[2025-12-05T01:09:06.920+0000] {processor.py:758} INFO - Processing file /home/airflow/.local/lib/python3.7/site-packages/airflow/example_dags/tutorial_taskflow_api.py for tasks to queue
[2025-12-05T01:09:06.921+0000] {logging_mixin.py:117} INFO - [2025-12-05T01:09:06.921+0000] {dagbag.py:525} INFO - Filling up the DagBag from /home/airflow/.local/lib/python3.7/site-packages/airflow/example_dags/tutorial_taskflow_api.py
[2025-12-05T01:09:06.947+0000] {processor.py:768} INFO - DAG(s) dict_keys(['tutorial_taskflow_api']) retrieved from /home/airflow/.local/lib/python3.7/site-packages/airflow/example_dags/tutorial_taskflow_api.py
[2025-12-05T01:09:06.996+0000] {logging_mixin.py:117} INFO - [2025-12-05T01:09:06.996+0000] {dag.py:2573} INFO - Sync 1 DAGs
[2025-12-05T01:09:07.015+0000] {logging_mixin.py:117} INFO - [2025-12-05T01:09:07.015+0000] {dag.py:3328} INFO - Setting next_dagrun for tutorial_taskflow_api to None, run_after=None
[2025-12-05T01:09:07.025+0000] {processor.py:178} INFO - Processing /home/airflow/.local/lib/python3.7/site-packages/airflow/example_dags/tutorial_taskflow_api.py took 0.109 seconds
[2025-12-05T01:09:37.109+0000] {processor.py:156} INFO - Started process (PID=9437) to work on /home/airflow/.local/lib/python3.7/site-packages/airflow/example_dags/tutorial_taskflow_api.py
[2025-12-05T01:09:37.110+0000] {processor.py:758} INFO - Processing file /home/airflow/.local/lib/python3.7/site-packages/airflow/example_dags/tutorial_taskflow_api.py for tasks to queue
[2025-12-05T01:09:37.111+0000] {logging_mixin.py:117} INFO - [2025-12-05T01:09:37.111+0000] {dagbag.py:525} INFO - Filling up the DagBag from /home/airflow/.local/lib/python3.7/site-packages/airflow/example_dags/tutorial_taskflow_api.py
[2025-12-05T01:09:37.123+0000] {processor.py:768} INFO - DAG(s) dict_keys(['tutorial_taskflow_api']) retrieved from /home/airflow/.local/lib/python3.7/site-packages/airflow/example_dags/tutorial_taskflow_api.py
[2025-12-05T01:09:37.153+0000] {logging_mixin.py:117} INFO - [2025-12-05T01:09:37.153+0000] {dag.py:2573} INFO - Sync 1 DAGs
[2025-12-05T01:09:37.177+0000] {logging_mixin.py:117} INFO - [2025-12-05T01:09:37.177+0000] {dag.py:3328} INFO - Setting next_dagrun for tutorial_taskflow_api to None, run_after=None
[2025-12-05T01:09:37.200+0000] {processor.py:178} INFO - Processing /home/airflow/.local/lib/python3.7/site-packages/airflow/example_dags/tutorial_taskflow_api.py took 0.093 seconds
[2025-12-05T01:10:08.291+0000] {processor.py:156} INFO - Started process (PID=9638) to work on /home/airflow/.local/lib/python3.7/site-packages/airflow/example_dags/tutorial_taskflow_api.py
[2025-12-05T01:10:08.292+0000] {processor.py:758} INFO - Processing file /home/airflow/.local/lib/python3.7/site-packages/airflow/example_dags/tutorial_taskflow_api.py for tasks to queue
[2025-12-05T01:10:08.293+0000] {logging_mixin.py:117} INFO - [2025-12-05T01:10:08.293+0000] {dagbag.py:525} INFO - Filling up the DagBag from /home/airflow/.local/lib/python3.7/site-packages/airflow/example_dags/tutorial_taskflow_api.py
[2025-12-05T01:10:08.320+0000] {processor.py:768} INFO - DAG(s) dict_keys(['tutorial_taskflow_api']) retrieved from /home/airflow/.local/lib/python3.7/site-packages/airflow/example_dags/tutorial_taskflow_api.py
[2025-12-05T01:10:08.350+0000] {logging_mixin.py:117} INFO - [2025-12-05T01:10:08.350+0000] {dag.py:2573} INFO - Sync 1 DAGs
[2025-12-05T01:10:08.364+0000] {logging_mixin.py:117} INFO - [2025-12-05T01:10:08.364+0000] {dag.py:3328} INFO - Setting next_dagrun for tutorial_taskflow_api to None, run_after=None
[2025-12-05T01:10:08.374+0000] {processor.py:178} INFO - Processing /home/airflow/.local/lib/python3.7/site-packages/airflow/example_dags/tutorial_taskflow_api.py took 0.085 seconds
[2025-12-05T01:10:39.277+0000] {processor.py:156} INFO - Started process (PID=9839) to work on /home/airflow/.local/lib/python3.7/site-packages/airflow/example_dags/tutorial_taskflow_api.py
[2025-12-05T01:10:39.279+0000] {processor.py:758} INFO - Processing file /home/airflow/.local/lib/python3.7/site-packages/airflow/example_dags/tutorial_taskflow_api.py for tasks to queue
[2025-12-05T01:10:39.279+0000] {logging_mixin.py:117} INFO - [2025-12-05T01:10:39.279+0000] {dagbag.py:525} INFO - Filling up the DagBag from /home/airflow/.local/lib/python3.7/site-packages/airflow/example_dags/tutorial_taskflow_api.py
[2025-12-05T01:10:39.293+0000] {processor.py:768} INFO - DAG(s) dict_keys(['tutorial_taskflow_api']) retrieved from /home/airflow/.local/lib/python3.7/site-packages/airflow/example_dags/tutorial_taskflow_api.py
[2025-12-05T01:10:39.331+0000] {logging_mixin.py:117} INFO - [2025-12-05T01:10:39.331+0000] {dag.py:2573} INFO - Sync 1 DAGs
[2025-12-05T01:10:39.346+0000] {logging_mixin.py:117} INFO - [2025-12-05T01:10:39.346+0000] {dag.py:3328} INFO - Setting next_dagrun for tutorial_taskflow_api to None, run_after=None
[2025-12-05T01:10:39.355+0000] {processor.py:178} INFO - Processing /home/airflow/.local/lib/python3.7/site-packages/airflow/example_dags/tutorial_taskflow_api.py took 0.080 seconds
[2025-12-05T01:11:10.092+0000] {processor.py:156} INFO - Started process (PID=10040) to work on /home/airflow/.local/lib/python3.7/site-packages/airflow/example_dags/tutorial_taskflow_api.py
[2025-12-05T01:11:10.093+0000] {processor.py:758} INFO - Processing file /home/airflow/.local/lib/python3.7/site-packages/airflow/example_dags/tutorial_taskflow_api.py for tasks to queue
[2025-12-05T01:11:10.094+0000] {logging_mixin.py:117} INFO - [2025-12-05T01:11:10.094+0000] {dagbag.py:525} INFO - Filling up the DagBag from /home/airflow/.local/lib/python3.7/site-packages/airflow/example_dags/tutorial_taskflow_api.py
[2025-12-05T01:11:10.107+0000] {processor.py:768} INFO - DAG(s) dict_keys(['tutorial_taskflow_api']) retrieved from /home/airflow/.local/lib/python3.7/site-packages/airflow/example_dags/tutorial_taskflow_api.py
[2025-12-05T01:11:10.129+0000] {logging_mixin.py:117} INFO - [2025-12-05T01:11:10.129+0000] {dag.py:2573} INFO - Sync 1 DAGs
[2025-12-05T01:11:10.142+0000] {logging_mixin.py:117} INFO - [2025-12-05T01:11:10.142+0000] {dag.py:3328} INFO - Setting next_dagrun for tutorial_taskflow_api to None, run_after=None
[2025-12-05T01:11:10.153+0000] {processor.py:178} INFO - Processing /home/airflow/.local/lib/python3.7/site-packages/airflow/example_dags/tutorial_taskflow_api.py took 0.062 seconds
[2025-12-05T01:11:40.914+0000] {processor.py:156} INFO - Started process (PID=10247) to work on /home/airflow/.local/lib/python3.7/site-packages/airflow/example_dags/tutorial_taskflow_api.py
[2025-12-05T01:11:40.915+0000] {processor.py:758} INFO - Processing file /home/airflow/.local/lib/python3.7/site-packages/airflow/example_dags/tutorial_taskflow_api.py for tasks to queue
[2025-12-05T01:11:40.915+0000] {logging_mixin.py:117} INFO - [2025-12-05T01:11:40.915+0000] {dagbag.py:525} INFO - Filling up the DagBag from /home/airflow/.local/lib/python3.7/site-packages/airflow/example_dags/tutorial_taskflow_api.py
[2025-12-05T01:11:40.929+0000] {processor.py:768} INFO - DAG(s) dict_keys(['tutorial_taskflow_api']) retrieved from /home/airflow/.local/lib/python3.7/site-packages/airflow/example_dags/tutorial_taskflow_api.py
[2025-12-05T01:11:40.953+0000] {logging_mixin.py:117} INFO - [2025-12-05T01:11:40.953+0000] {dag.py:2573} INFO - Sync 1 DAGs
[2025-12-05T01:11:40.967+0000] {logging_mixin.py:117} INFO - [2025-12-05T01:11:40.967+0000] {dag.py:3328} INFO - Setting next_dagrun for tutorial_taskflow_api to None, run_after=None
[2025-12-05T01:11:40.979+0000] {processor.py:178} INFO - Processing /home/airflow/.local/lib/python3.7/site-packages/airflow/example_dags/tutorial_taskflow_api.py took 0.067 seconds
[2025-12-05T01:12:12.030+0000] {processor.py:156} INFO - Started process (PID=10447) to work on /home/airflow/.local/lib/python3.7/site-packages/airflow/example_dags/tutorial_taskflow_api.py
[2025-12-05T01:12:12.031+0000] {processor.py:758} INFO - Processing file /home/airflow/.local/lib/python3.7/site-packages/airflow/example_dags/tutorial_taskflow_api.py for tasks to queue
[2025-12-05T01:12:12.032+0000] {logging_mixin.py:117} INFO - [2025-12-05T01:12:12.032+0000] {dagbag.py:525} INFO - Filling up the DagBag from /home/airflow/.local/lib/python3.7/site-packages/airflow/example_dags/tutorial_taskflow_api.py
[2025-12-05T01:12:12.046+0000] {processor.py:768} INFO - DAG(s) dict_keys(['tutorial_taskflow_api']) retrieved from /home/airflow/.local/lib/python3.7/site-packages/airflow/example_dags/tutorial_taskflow_api.py
[2025-12-05T01:12:12.075+0000] {logging_mixin.py:117} INFO - [2025-12-05T01:12:12.075+0000] {dag.py:2573} INFO - Sync 1 DAGs
[2025-12-05T01:12:12.095+0000] {logging_mixin.py:117} INFO - [2025-12-05T01:12:12.095+0000] {dag.py:3328} INFO - Setting next_dagrun for tutorial_taskflow_api to None, run_after=None
[2025-12-05T01:12:12.107+0000] {processor.py:178} INFO - Processing /home/airflow/.local/lib/python3.7/site-packages/airflow/example_dags/tutorial_taskflow_api.py took 0.080 seconds
[2025-12-05T01:12:42.313+0000] {processor.py:156} INFO - Started process (PID=10650) to work on /home/airflow/.local/lib/python3.7/site-packages/airflow/example_dags/tutorial_taskflow_api.py
[2025-12-05T01:12:42.314+0000] {processor.py:758} INFO - Processing file /home/airflow/.local/lib/python3.7/site-packages/airflow/example_dags/tutorial_taskflow_api.py for tasks to queue
[2025-12-05T01:12:42.314+0000] {logging_mixin.py:117} INFO - [2025-12-05T01:12:42.314+0000] {dagbag.py:525} INFO - Filling up the DagBag from /home/airflow/.local/lib/python3.7/site-packages/airflow/example_dags/tutorial_taskflow_api.py
[2025-12-05T01:12:42.327+0000] {processor.py:768} INFO - DAG(s) dict_keys(['tutorial_taskflow_api']) retrieved from /home/airflow/.local/lib/python3.7/site-packages/airflow/example_dags/tutorial_taskflow_api.py
[2025-12-05T01:12:42.342+0000] {logging_mixin.py:117} INFO - [2025-12-05T01:12:42.342+0000] {dag.py:2573} INFO - Sync 1 DAGs
[2025-12-05T01:12:42.353+0000] {logging_mixin.py:117} INFO - [2025-12-05T01:12:42.353+0000] {dag.py:3328} INFO - Setting next_dagrun for tutorial_taskflow_api to None, run_after=None
[2025-12-05T01:12:42.361+0000] {processor.py:178} INFO - Processing /home/airflow/.local/lib/python3.7/site-packages/airflow/example_dags/tutorial_taskflow_api.py took 0.051 seconds
[2025-12-05T01:13:13.424+0000] {processor.py:156} INFO - Started process (PID=10849) to work on /home/airflow/.local/lib/python3.7/site-packages/airflow/example_dags/tutorial_taskflow_api.py
[2025-12-05T01:13:13.425+0000] {processor.py:758} INFO - Processing file /home/airflow/.local/lib/python3.7/site-packages/airflow/example_dags/tutorial_taskflow_api.py for tasks to queue
[2025-12-05T01:13:13.425+0000] {logging_mixin.py:117} INFO - [2025-12-05T01:13:13.425+0000] {dagbag.py:525} INFO - Filling up the DagBag from /home/airflow/.local/lib/python3.7/site-packages/airflow/example_dags/tutorial_taskflow_api.py
[2025-12-05T01:13:13.440+0000] {processor.py:768} INFO - DAG(s) dict_keys(['tutorial_taskflow_api']) retrieved from /home/airflow/.local/lib/python3.7/site-packages/airflow/example_dags/tutorial_taskflow_api.py
[2025-12-05T01:13:13.465+0000] {logging_mixin.py:117} INFO - [2025-12-05T01:13:13.465+0000] {dag.py:2573} INFO - Sync 1 DAGs
[2025-12-05T01:13:13.480+0000] {logging_mixin.py:117} INFO - [2025-12-05T01:13:13.480+0000] {dag.py:3328} INFO - Setting next_dagrun for tutorial_taskflow_api to None, run_after=None
[2025-12-05T01:13:13.497+0000] {processor.py:178} INFO - Processing /home/airflow/.local/lib/python3.7/site-packages/airflow/example_dags/tutorial_taskflow_api.py took 0.074 seconds
[2025-12-05T01:13:43.882+0000] {processor.py:156} INFO - Started process (PID=11050) to work on /home/airflow/.local/lib/python3.7/site-packages/airflow/example_dags/tutorial_taskflow_api.py
[2025-12-05T01:13:43.883+0000] {processor.py:758} INFO - Processing file /home/airflow/.local/lib/python3.7/site-packages/airflow/example_dags/tutorial_taskflow_api.py for tasks to queue
[2025-12-05T01:13:43.883+0000] {logging_mixin.py:117} INFO - [2025-12-05T01:13:43.883+0000] {dagbag.py:525} INFO - Filling up the DagBag from /home/airflow/.local/lib/python3.7/site-packages/airflow/example_dags/tutorial_taskflow_api.py
[2025-12-05T01:13:43.898+0000] {processor.py:768} INFO - DAG(s) dict_keys(['tutorial_taskflow_api']) retrieved from /home/airflow/.local/lib/python3.7/site-packages/airflow/example_dags/tutorial_taskflow_api.py
[2025-12-05T01:13:43.922+0000] {logging_mixin.py:117} INFO - [2025-12-05T01:13:43.922+0000] {dag.py:2573} INFO - Sync 1 DAGs
[2025-12-05T01:13:43.935+0000] {logging_mixin.py:117} INFO - [2025-12-05T01:13:43.935+0000] {dag.py:3328} INFO - Setting next_dagrun for tutorial_taskflow_api to None, run_after=None
[2025-12-05T01:13:43.948+0000] {processor.py:178} INFO - Processing /home/airflow/.local/lib/python3.7/site-packages/airflow/example_dags/tutorial_taskflow_api.py took 0.067 seconds
[2025-12-05T01:14:14.484+0000] {processor.py:156} INFO - Started process (PID=11251) to work on /home/airflow/.local/lib/python3.7/site-packages/airflow/example_dags/tutorial_taskflow_api.py
[2025-12-05T01:14:14.485+0000] {processor.py:758} INFO - Processing file /home/airflow/.local/lib/python3.7/site-packages/airflow/example_dags/tutorial_taskflow_api.py for tasks to queue
[2025-12-05T01:14:14.485+0000] {logging_mixin.py:117} INFO - [2025-12-05T01:14:14.485+0000] {dagbag.py:525} INFO - Filling up the DagBag from /home/airflow/.local/lib/python3.7/site-packages/airflow/example_dags/tutorial_taskflow_api.py
[2025-12-05T01:14:14.498+0000] {processor.py:768} INFO - DAG(s) dict_keys(['tutorial_taskflow_api']) retrieved from /home/airflow/.local/lib/python3.7/site-packages/airflow/example_dags/tutorial_taskflow_api.py
[2025-12-05T01:14:14.521+0000] {logging_mixin.py:117} INFO - [2025-12-05T01:14:14.521+0000] {dag.py:2573} INFO - Sync 1 DAGs
[2025-12-05T01:14:14.537+0000] {logging_mixin.py:117} INFO - [2025-12-05T01:14:14.537+0000] {dag.py:3328} INFO - Setting next_dagrun for tutorial_taskflow_api to None, run_after=None
[2025-12-05T01:14:14.553+0000] {processor.py:178} INFO - Processing /home/airflow/.local/lib/python3.7/site-packages/airflow/example_dags/tutorial_taskflow_api.py took 0.072 seconds
[2025-12-05T01:14:44.737+0000] {processor.py:156} INFO - Started process (PID=11452) to work on /home/airflow/.local/lib/python3.7/site-packages/airflow/example_dags/tutorial_taskflow_api.py
[2025-12-05T01:14:44.737+0000] {processor.py:758} INFO - Processing file /home/airflow/.local/lib/python3.7/site-packages/airflow/example_dags/tutorial_taskflow_api.py for tasks to queue
[2025-12-05T01:14:44.738+0000] {logging_mixin.py:117} INFO - [2025-12-05T01:14:44.738+0000] {dagbag.py:525} INFO - Filling up the DagBag from /home/airflow/.local/lib/python3.7/site-packages/airflow/example_dags/tutorial_taskflow_api.py
[2025-12-05T01:14:44.749+0000] {processor.py:768} INFO - DAG(s) dict_keys(['tutorial_taskflow_api']) retrieved from /home/airflow/.local/lib/python3.7/site-packages/airflow/example_dags/tutorial_taskflow_api.py
[2025-12-05T01:14:44.768+0000] {logging_mixin.py:117} INFO - [2025-12-05T01:14:44.768+0000] {dag.py:2573} INFO - Sync 1 DAGs
[2025-12-05T01:14:44.782+0000] {logging_mixin.py:117} INFO - [2025-12-05T01:14:44.782+0000] {dag.py:3328} INFO - Setting next_dagrun for tutorial_taskflow_api to None, run_after=None
[2025-12-05T01:14:44.791+0000] {processor.py:178} INFO - Processing /home/airflow/.local/lib/python3.7/site-packages/airflow/example_dags/tutorial_taskflow_api.py took 0.056 seconds
[2025-12-05T01:15:15.967+0000] {processor.py:156} INFO - Started process (PID=11654) to work on /home/airflow/.local/lib/python3.7/site-packages/airflow/example_dags/tutorial_taskflow_api.py
[2025-12-05T01:15:15.968+0000] {processor.py:758} INFO - Processing file /home/airflow/.local/lib/python3.7/site-packages/airflow/example_dags/tutorial_taskflow_api.py for tasks to queue
[2025-12-05T01:15:15.968+0000] {logging_mixin.py:117} INFO - [2025-12-05T01:15:15.968+0000] {dagbag.py:525} INFO - Filling up the DagBag from /home/airflow/.local/lib/python3.7/site-packages/airflow/example_dags/tutorial_taskflow_api.py
[2025-12-05T01:15:15.984+0000] {processor.py:768} INFO - DAG(s) dict_keys(['tutorial_taskflow_api']) retrieved from /home/airflow/.local/lib/python3.7/site-packages/airflow/example_dags/tutorial_taskflow_api.py
[2025-12-05T01:15:16.017+0000] {logging_mixin.py:117} INFO - [2025-12-05T01:15:16.017+0000] {dag.py:2573} INFO - Sync 1 DAGs
[2025-12-05T01:15:16.036+0000] {logging_mixin.py:117} INFO - [2025-12-05T01:15:16.035+0000] {dag.py:3328} INFO - Setting next_dagrun for tutorial_taskflow_api to None, run_after=None
[2025-12-05T01:15:16.049+0000] {processor.py:178} INFO - Processing /home/airflow/.local/lib/python3.7/site-packages/airflow/example_dags/tutorial_taskflow_api.py took 0.085 seconds
[2025-12-05T01:15:46.321+0000] {processor.py:156} INFO - Started process (PID=11855) to work on /home/airflow/.local/lib/python3.7/site-packages/airflow/example_dags/tutorial_taskflow_api.py
[2025-12-05T01:15:46.324+0000] {processor.py:758} INFO - Processing file /home/airflow/.local/lib/python3.7/site-packages/airflow/example_dags/tutorial_taskflow_api.py for tasks to queue
[2025-12-05T01:15:46.324+0000] {logging_mixin.py:117} INFO - [2025-12-05T01:15:46.324+0000] {dagbag.py:525} INFO - Filling up the DagBag from /home/airflow/.local/lib/python3.7/site-packages/airflow/example_dags/tutorial_taskflow_api.py
[2025-12-05T01:15:46.337+0000] {processor.py:768} INFO - DAG(s) dict_keys(['tutorial_taskflow_api']) retrieved from /home/airflow/.local/lib/python3.7/site-packages/airflow/example_dags/tutorial_taskflow_api.py
[2025-12-05T01:15:46.365+0000] {logging_mixin.py:117} INFO - [2025-12-05T01:15:46.365+0000] {dag.py:2573} INFO - Sync 1 DAGs
[2025-12-05T01:15:46.388+0000] {logging_mixin.py:117} INFO - [2025-12-05T01:15:46.388+0000] {dag.py:3328} INFO - Setting next_dagrun for tutorial_taskflow_api to None, run_after=None
[2025-12-05T01:15:46.403+0000] {processor.py:178} INFO - Processing /home/airflow/.local/lib/python3.7/site-packages/airflow/example_dags/tutorial_taskflow_api.py took 0.084 seconds
[2025-12-05T01:16:16.619+0000] {processor.py:156} INFO - Started process (PID=12061) to work on /home/airflow/.local/lib/python3.7/site-packages/airflow/example_dags/tutorial_taskflow_api.py
[2025-12-05T01:16:16.620+0000] {processor.py:758} INFO - Processing file /home/airflow/.local/lib/python3.7/site-packages/airflow/example_dags/tutorial_taskflow_api.py for tasks to queue
[2025-12-05T01:16:16.620+0000] {logging_mixin.py:117} INFO - [2025-12-05T01:16:16.620+0000] {dagbag.py:525} INFO - Filling up the DagBag from /home/airflow/.local/lib/python3.7/site-packages/airflow/example_dags/tutorial_taskflow_api.py
[2025-12-05T01:16:16.633+0000] {processor.py:768} INFO - DAG(s) dict_keys(['tutorial_taskflow_api']) retrieved from /home/airflow/.local/lib/python3.7/site-packages/airflow/example_dags/tutorial_taskflow_api.py
[2025-12-05T01:16:16.656+0000] {logging_mixin.py:117} INFO - [2025-12-05T01:16:16.656+0000] {dag.py:2573} INFO - Sync 1 DAGs
[2025-12-05T01:16:16.671+0000] {logging_mixin.py:117} INFO - [2025-12-05T01:16:16.670+0000] {dag.py:3328} INFO - Setting next_dagrun for tutorial_taskflow_api to None, run_after=None
[2025-12-05T01:16:16.687+0000] {processor.py:178} INFO - Processing /home/airflow/.local/lib/python3.7/site-packages/airflow/example_dags/tutorial_taskflow_api.py took 0.071 seconds
[2025-12-05T01:16:46.892+0000] {processor.py:156} INFO - Started process (PID=12272) to work on /home/airflow/.local/lib/python3.7/site-packages/airflow/example_dags/tutorial_taskflow_api.py
[2025-12-05T01:16:46.892+0000] {processor.py:758} INFO - Processing file /home/airflow/.local/lib/python3.7/site-packages/airflow/example_dags/tutorial_taskflow_api.py for tasks to queue
[2025-12-05T01:16:46.892+0000] {logging_mixin.py:117} INFO - [2025-12-05T01:16:46.892+0000] {dagbag.py:525} INFO - Filling up the DagBag from /home/airflow/.local/lib/python3.7/site-packages/airflow/example_dags/tutorial_taskflow_api.py
[2025-12-05T01:16:46.903+0000] {processor.py:768} INFO - DAG(s) dict_keys(['tutorial_taskflow_api']) retrieved from /home/airflow/.local/lib/python3.7/site-packages/airflow/example_dags/tutorial_taskflow_api.py
[2025-12-05T01:16:46.923+0000] {logging_mixin.py:117} INFO - [2025-12-05T01:16:46.923+0000] {dag.py:2573} INFO - Sync 1 DAGs
[2025-12-05T01:16:46.941+0000] {logging_mixin.py:117} INFO - [2025-12-05T01:16:46.941+0000] {dag.py:3328} INFO - Setting next_dagrun for tutorial_taskflow_api to None, run_after=None
[2025-12-05T01:16:46.951+0000] {processor.py:178} INFO - Processing /home/airflow/.local/lib/python3.7/site-packages/airflow/example_dags/tutorial_taskflow_api.py took 0.062 seconds
[2025-12-05T01:17:17.313+0000] {processor.py:156} INFO - Started process (PID=12478) to work on /home/airflow/.local/lib/python3.7/site-packages/airflow/example_dags/tutorial_taskflow_api.py
[2025-12-05T01:17:17.314+0000] {processor.py:758} INFO - Processing file /home/airflow/.local/lib/python3.7/site-packages/airflow/example_dags/tutorial_taskflow_api.py for tasks to queue
[2025-12-05T01:17:17.315+0000] {logging_mixin.py:117} INFO - [2025-12-05T01:17:17.314+0000] {dagbag.py:525} INFO - Filling up the DagBag from /home/airflow/.local/lib/python3.7/site-packages/airflow/example_dags/tutorial_taskflow_api.py
[2025-12-05T01:17:17.329+0000] {processor.py:768} INFO - DAG(s) dict_keys(['tutorial_taskflow_api']) retrieved from /home/airflow/.local/lib/python3.7/site-packages/airflow/example_dags/tutorial_taskflow_api.py
[2025-12-05T01:17:17.353+0000] {logging_mixin.py:117} INFO - [2025-12-05T01:17:17.353+0000] {dag.py:2573} INFO - Sync 1 DAGs
[2025-12-05T01:17:17.366+0000] {logging_mixin.py:117} INFO - [2025-12-05T01:17:17.366+0000] {dag.py:3328} INFO - Setting next_dagrun for tutorial_taskflow_api to None, run_after=None
[2025-12-05T01:17:17.380+0000] {processor.py:178} INFO - Processing /home/airflow/.local/lib/python3.7/site-packages/airflow/example_dags/tutorial_taskflow_api.py took 0.080 seconds
[2025-12-05T01:17:47.751+0000] {processor.py:156} INFO - Started process (PID=12688) to work on /home/airflow/.local/lib/python3.7/site-packages/airflow/example_dags/tutorial_taskflow_api.py
[2025-12-05T01:17:47.752+0000] {processor.py:758} INFO - Processing file /home/airflow/.local/lib/python3.7/site-packages/airflow/example_dags/tutorial_taskflow_api.py for tasks to queue
[2025-12-05T01:17:47.752+0000] {logging_mixin.py:117} INFO - [2025-12-05T01:17:47.752+0000] {dagbag.py:525} INFO - Filling up the DagBag from /home/airflow/.local/lib/python3.7/site-packages/airflow/example_dags/tutorial_taskflow_api.py
[2025-12-05T01:17:47.766+0000] {processor.py:768} INFO - DAG(s) dict_keys(['tutorial_taskflow_api']) retrieved from /home/airflow/.local/lib/python3.7/site-packages/airflow/example_dags/tutorial_taskflow_api.py
[2025-12-05T01:17:47.789+0000] {logging_mixin.py:117} INFO - [2025-12-05T01:17:47.789+0000] {dag.py:2573} INFO - Sync 1 DAGs
[2025-12-05T01:17:47.801+0000] {logging_mixin.py:117} INFO - [2025-12-05T01:17:47.801+0000] {dag.py:3328} INFO - Setting next_dagrun for tutorial_taskflow_api to None, run_after=None
[2025-12-05T01:17:47.810+0000] {processor.py:178} INFO - Processing /home/airflow/.local/lib/python3.7/site-packages/airflow/example_dags/tutorial_taskflow_api.py took 0.064 seconds
[2025-12-05T01:18:17.870+0000] {processor.py:156} INFO - Started process (PID=12894) to work on /home/airflow/.local/lib/python3.7/site-packages/airflow/example_dags/tutorial_taskflow_api.py
[2025-12-05T01:18:17.873+0000] {processor.py:758} INFO - Processing file /home/airflow/.local/lib/python3.7/site-packages/airflow/example_dags/tutorial_taskflow_api.py for tasks to queue
[2025-12-05T01:18:17.873+0000] {logging_mixin.py:117} INFO - [2025-12-05T01:18:17.873+0000] {dagbag.py:525} INFO - Filling up the DagBag from /home/airflow/.local/lib/python3.7/site-packages/airflow/example_dags/tutorial_taskflow_api.py
[2025-12-05T01:18:17.891+0000] {processor.py:768} INFO - DAG(s) dict_keys(['tutorial_taskflow_api']) retrieved from /home/airflow/.local/lib/python3.7/site-packages/airflow/example_dags/tutorial_taskflow_api.py
[2025-12-05T01:18:17.928+0000] {logging_mixin.py:117} INFO - [2025-12-05T01:18:17.928+0000] {dag.py:2573} INFO - Sync 1 DAGs
[2025-12-05T01:18:17.949+0000] {logging_mixin.py:117} INFO - [2025-12-05T01:18:17.949+0000] {dag.py:3328} INFO - Setting next_dagrun for tutorial_taskflow_api to None, run_after=None
[2025-12-05T01:18:17.964+0000] {processor.py:178} INFO - Processing /home/airflow/.local/lib/python3.7/site-packages/airflow/example_dags/tutorial_taskflow_api.py took 0.096 seconds
[2025-12-05T01:18:48.313+0000] {processor.py:156} INFO - Started process (PID=13099) to work on /home/airflow/.local/lib/python3.7/site-packages/airflow/example_dags/tutorial_taskflow_api.py
[2025-12-05T01:18:48.314+0000] {processor.py:758} INFO - Processing file /home/airflow/.local/lib/python3.7/site-packages/airflow/example_dags/tutorial_taskflow_api.py for tasks to queue
[2025-12-05T01:18:48.314+0000] {logging_mixin.py:117} INFO - [2025-12-05T01:18:48.314+0000] {dagbag.py:525} INFO - Filling up the DagBag from /home/airflow/.local/lib/python3.7/site-packages/airflow/example_dags/tutorial_taskflow_api.py
[2025-12-05T01:18:48.334+0000] {processor.py:768} INFO - DAG(s) dict_keys(['tutorial_taskflow_api']) retrieved from /home/airflow/.local/lib/python3.7/site-packages/airflow/example_dags/tutorial_taskflow_api.py
[2025-12-05T01:18:48.364+0000] {logging_mixin.py:117} INFO - [2025-12-05T01:18:48.364+0000] {dag.py:2573} INFO - Sync 1 DAGs
[2025-12-05T01:18:48.377+0000] {logging_mixin.py:117} INFO - [2025-12-05T01:18:48.377+0000] {dag.py:3328} INFO - Setting next_dagrun for tutorial_taskflow_api to None, run_after=None
[2025-12-05T01:18:48.393+0000] {processor.py:178} INFO - Processing /home/airflow/.local/lib/python3.7/site-packages/airflow/example_dags/tutorial_taskflow_api.py took 0.084 seconds
[2025-12-05T01:19:19.294+0000] {processor.py:156} INFO - Started process (PID=13306) to work on /home/airflow/.local/lib/python3.7/site-packages/airflow/example_dags/tutorial_taskflow_api.py
[2025-12-05T01:19:19.298+0000] {processor.py:758} INFO - Processing file /home/airflow/.local/lib/python3.7/site-packages/airflow/example_dags/tutorial_taskflow_api.py for tasks to queue
[2025-12-05T01:19:19.298+0000] {logging_mixin.py:117} INFO - [2025-12-05T01:19:19.298+0000] {dagbag.py:525} INFO - Filling up the DagBag from /home/airflow/.local/lib/python3.7/site-packages/airflow/example_dags/tutorial_taskflow_api.py
[2025-12-05T01:19:19.313+0000] {processor.py:768} INFO - DAG(s) dict_keys(['tutorial_taskflow_api']) retrieved from /home/airflow/.local/lib/python3.7/site-packages/airflow/example_dags/tutorial_taskflow_api.py
[2025-12-05T01:19:19.357+0000] {logging_mixin.py:117} INFO - [2025-12-05T01:19:19.357+0000] {dag.py:2573} INFO - Sync 1 DAGs
[2025-12-05T01:19:19.368+0000] {logging_mixin.py:117} INFO - [2025-12-05T01:19:19.368+0000] {dag.py:3328} INFO - Setting next_dagrun for tutorial_taskflow_api to None, run_after=None
[2025-12-05T01:19:19.379+0000] {processor.py:178} INFO - Processing /home/airflow/.local/lib/python3.7/site-packages/airflow/example_dags/tutorial_taskflow_api.py took 0.089 seconds
[2025-12-05T01:19:50.197+0000] {processor.py:156} INFO - Started process (PID=13514) to work on /home/airflow/.local/lib/python3.7/site-packages/airflow/example_dags/tutorial_taskflow_api.py
[2025-12-05T01:19:50.197+0000] {processor.py:758} INFO - Processing file /home/airflow/.local/lib/python3.7/site-packages/airflow/example_dags/tutorial_taskflow_api.py for tasks to queue
[2025-12-05T01:19:50.197+0000] {logging_mixin.py:117} INFO - [2025-12-05T01:19:50.197+0000] {dagbag.py:525} INFO - Filling up the DagBag from /home/airflow/.local/lib/python3.7/site-packages/airflow/example_dags/tutorial_taskflow_api.py
[2025-12-05T01:19:50.209+0000] {processor.py:768} INFO - DAG(s) dict_keys(['tutorial_taskflow_api']) retrieved from /home/airflow/.local/lib/python3.7/site-packages/airflow/example_dags/tutorial_taskflow_api.py
[2025-12-05T01:19:50.229+0000] {logging_mixin.py:117} INFO - [2025-12-05T01:19:50.229+0000] {dag.py:2573} INFO - Sync 1 DAGs
[2025-12-05T01:19:50.242+0000] {logging_mixin.py:117} INFO - [2025-12-05T01:19:50.242+0000] {dag.py:3328} INFO - Setting next_dagrun for tutorial_taskflow_api to None, run_after=None
[2025-12-05T01:19:50.255+0000] {processor.py:178} INFO - Processing /home/airflow/.local/lib/python3.7/site-packages/airflow/example_dags/tutorial_taskflow_api.py took 0.060 seconds
[2025-12-05T01:20:21.059+0000] {processor.py:156} INFO - Started process (PID=13718) to work on /home/airflow/.local/lib/python3.7/site-packages/airflow/example_dags/tutorial_taskflow_api.py
[2025-12-05T01:20:21.060+0000] {processor.py:758} INFO - Processing file /home/airflow/.local/lib/python3.7/site-packages/airflow/example_dags/tutorial_taskflow_api.py for tasks to queue
[2025-12-05T01:20:21.060+0000] {logging_mixin.py:117} INFO - [2025-12-05T01:20:21.060+0000] {dagbag.py:525} INFO - Filling up the DagBag from /home/airflow/.local/lib/python3.7/site-packages/airflow/example_dags/tutorial_taskflow_api.py
[2025-12-05T01:20:21.076+0000] {processor.py:768} INFO - DAG(s) dict_keys(['tutorial_taskflow_api']) retrieved from /home/airflow/.local/lib/python3.7/site-packages/airflow/example_dags/tutorial_taskflow_api.py
[2025-12-05T01:20:21.114+0000] {logging_mixin.py:117} INFO - [2025-12-05T01:20:21.114+0000] {dag.py:2573} INFO - Sync 1 DAGs
[2025-12-05T01:20:21.130+0000] {logging_mixin.py:117} INFO - [2025-12-05T01:20:21.130+0000] {dag.py:3328} INFO - Setting next_dagrun for tutorial_taskflow_api to None, run_after=None
[2025-12-05T01:20:21.139+0000] {processor.py:178} INFO - Processing /home/airflow/.local/lib/python3.7/site-packages/airflow/example_dags/tutorial_taskflow_api.py took 0.082 seconds
[2025-12-05T01:20:52.074+0000] {processor.py:156} INFO - Started process (PID=13926) to work on /home/airflow/.local/lib/python3.7/site-packages/airflow/example_dags/tutorial_taskflow_api.py
[2025-12-05T01:20:52.075+0000] {processor.py:758} INFO - Processing file /home/airflow/.local/lib/python3.7/site-packages/airflow/example_dags/tutorial_taskflow_api.py for tasks to queue
[2025-12-05T01:20:52.075+0000] {logging_mixin.py:117} INFO - [2025-12-05T01:20:52.075+0000] {dagbag.py:525} INFO - Filling up the DagBag from /home/airflow/.local/lib/python3.7/site-packages/airflow/example_dags/tutorial_taskflow_api.py
[2025-12-05T01:20:52.093+0000] {processor.py:768} INFO - DAG(s) dict_keys(['tutorial_taskflow_api']) retrieved from /home/airflow/.local/lib/python3.7/site-packages/airflow/example_dags/tutorial_taskflow_api.py
[2025-12-05T01:20:52.115+0000] {logging_mixin.py:117} INFO - [2025-12-05T01:20:52.115+0000] {dag.py:2573} INFO - Sync 1 DAGs
[2025-12-05T01:20:52.127+0000] {logging_mixin.py:117} INFO - [2025-12-05T01:20:52.127+0000] {dag.py:3328} INFO - Setting next_dagrun for tutorial_taskflow_api to None, run_after=None
[2025-12-05T01:20:52.138+0000] {processor.py:178} INFO - Processing /home/airflow/.local/lib/python3.7/site-packages/airflow/example_dags/tutorial_taskflow_api.py took 0.065 seconds
