[2025-12-05T00:46:03.574+0000] {processor.py:156} INFO - Started process (PID=202) to work on /home/airflow/.local/lib/python3.7/site-packages/airflow/example_dags/tutorial_taskflow_api_virtualenv.py
[2025-12-05T00:46:03.575+0000] {processor.py:758} INFO - Processing file /home/airflow/.local/lib/python3.7/site-packages/airflow/example_dags/tutorial_taskflow_api_virtualenv.py for tasks to queue
[2025-12-05T00:46:03.577+0000] {logging_mixin.py:117} INFO - [2025-12-05T00:46:03.577+0000] {dagbag.py:525} INFO - Filling up the DagBag from /home/airflow/.local/lib/python3.7/site-packages/airflow/example_dags/tutorial_taskflow_api_virtualenv.py
[2025-12-05T00:46:03.592+0000] {processor.py:768} INFO - DAG(s) dict_keys(['tutorial_taskflow_api_virtualenv']) retrieved from /home/airflow/.local/lib/python3.7/site-packages/airflow/example_dags/tutorial_taskflow_api_virtualenv.py
[2025-12-05T00:46:03.651+0000] {logging_mixin.py:117} INFO - [2025-12-05T00:46:03.650+0000] {manager.py:508} INFO - Created Permission View: can read on DAG:tutorial_taskflow_api_virtualenv
[2025-12-05T00:46:03.655+0000] {logging_mixin.py:117} INFO - [2025-12-05T00:46:03.655+0000] {manager.py:508} INFO - Created Permission View: can delete on DAG:tutorial_taskflow_api_virtualenv
[2025-12-05T00:46:03.661+0000] {logging_mixin.py:117} INFO - [2025-12-05T00:46:03.661+0000] {manager.py:508} INFO - Created Permission View: can edit on DAG:tutorial_taskflow_api_virtualenv
[2025-12-05T00:46:03.664+0000] {logging_mixin.py:117} INFO - [2025-12-05T00:46:03.664+0000] {dag.py:2573} INFO - Sync 1 DAGs
[2025-12-05T00:46:03.772+0000] {logging_mixin.py:117} INFO - [2025-12-05T00:46:03.772+0000] {dag.py:2594} INFO - Creating ORM DAG for tutorial_taskflow_api_virtualenv
[2025-12-05T00:46:03.778+0000] {logging_mixin.py:117} INFO - [2025-12-05T00:46:03.778+0000] {dag.py:3328} INFO - Setting next_dagrun for tutorial_taskflow_api_virtualenv to None, run_after=None
[2025-12-05T00:46:03.790+0000] {processor.py:178} INFO - Processing /home/airflow/.local/lib/python3.7/site-packages/airflow/example_dags/tutorial_taskflow_api_virtualenv.py took 0.217 seconds
[2025-12-05T00:46:34.252+0000] {processor.py:156} INFO - Started process (PID=403) to work on /home/airflow/.local/lib/python3.7/site-packages/airflow/example_dags/tutorial_taskflow_api_virtualenv.py
[2025-12-05T00:46:34.252+0000] {processor.py:758} INFO - Processing file /home/airflow/.local/lib/python3.7/site-packages/airflow/example_dags/tutorial_taskflow_api_virtualenv.py for tasks to queue
[2025-12-05T00:46:34.254+0000] {logging_mixin.py:117} INFO - [2025-12-05T00:46:34.254+0000] {dagbag.py:525} INFO - Filling up the DagBag from /home/airflow/.local/lib/python3.7/site-packages/airflow/example_dags/tutorial_taskflow_api_virtualenv.py
[2025-12-05T00:46:34.270+0000] {processor.py:768} INFO - DAG(s) dict_keys(['tutorial_taskflow_api_virtualenv']) retrieved from /home/airflow/.local/lib/python3.7/site-packages/airflow/example_dags/tutorial_taskflow_api_virtualenv.py
[2025-12-05T00:46:34.296+0000] {logging_mixin.py:117} INFO - [2025-12-05T00:46:34.296+0000] {dag.py:2573} INFO - Sync 1 DAGs
[2025-12-05T00:46:34.306+0000] {logging_mixin.py:117} INFO - [2025-12-05T00:46:34.306+0000] {dag.py:3328} INFO - Setting next_dagrun for tutorial_taskflow_api_virtualenv to None, run_after=None
[2025-12-05T00:46:34.314+0000] {processor.py:178} INFO - Processing /home/airflow/.local/lib/python3.7/site-packages/airflow/example_dags/tutorial_taskflow_api_virtualenv.py took 0.064 seconds
[2025-12-05T00:47:05.284+0000] {processor.py:156} INFO - Started process (PID=605) to work on /home/airflow/.local/lib/python3.7/site-packages/airflow/example_dags/tutorial_taskflow_api_virtualenv.py
[2025-12-05T00:47:05.285+0000] {processor.py:758} INFO - Processing file /home/airflow/.local/lib/python3.7/site-packages/airflow/example_dags/tutorial_taskflow_api_virtualenv.py for tasks to queue
[2025-12-05T00:47:05.285+0000] {logging_mixin.py:117} INFO - [2025-12-05T00:47:05.285+0000] {dagbag.py:525} INFO - Filling up the DagBag from /home/airflow/.local/lib/python3.7/site-packages/airflow/example_dags/tutorial_taskflow_api_virtualenv.py
[2025-12-05T00:47:05.296+0000] {processor.py:768} INFO - DAG(s) dict_keys(['tutorial_taskflow_api_virtualenv']) retrieved from /home/airflow/.local/lib/python3.7/site-packages/airflow/example_dags/tutorial_taskflow_api_virtualenv.py
[2025-12-05T00:47:05.317+0000] {logging_mixin.py:117} INFO - [2025-12-05T00:47:05.317+0000] {dag.py:2573} INFO - Sync 1 DAGs
[2025-12-05T00:47:05.330+0000] {logging_mixin.py:117} INFO - [2025-12-05T00:47:05.330+0000] {dag.py:3328} INFO - Setting next_dagrun for tutorial_taskflow_api_virtualenv to None, run_after=None
[2025-12-05T00:47:05.346+0000] {processor.py:178} INFO - Processing /home/airflow/.local/lib/python3.7/site-packages/airflow/example_dags/tutorial_taskflow_api_virtualenv.py took 0.064 seconds
[2025-12-05T00:47:36.838+0000] {processor.py:156} INFO - Started process (PID=806) to work on /home/airflow/.local/lib/python3.7/site-packages/airflow/example_dags/tutorial_taskflow_api_virtualenv.py
[2025-12-05T00:47:36.841+0000] {processor.py:758} INFO - Processing file /home/airflow/.local/lib/python3.7/site-packages/airflow/example_dags/tutorial_taskflow_api_virtualenv.py for tasks to queue
[2025-12-05T00:47:36.841+0000] {logging_mixin.py:117} INFO - [2025-12-05T00:47:36.841+0000] {dagbag.py:525} INFO - Filling up the DagBag from /home/airflow/.local/lib/python3.7/site-packages/airflow/example_dags/tutorial_taskflow_api_virtualenv.py
[2025-12-05T00:47:36.853+0000] {processor.py:768} INFO - DAG(s) dict_keys(['tutorial_taskflow_api_virtualenv']) retrieved from /home/airflow/.local/lib/python3.7/site-packages/airflow/example_dags/tutorial_taskflow_api_virtualenv.py
[2025-12-05T00:47:36.871+0000] {logging_mixin.py:117} INFO - [2025-12-05T00:47:36.871+0000] {dag.py:2573} INFO - Sync 1 DAGs
[2025-12-05T00:47:36.883+0000] {logging_mixin.py:117} INFO - [2025-12-05T00:47:36.883+0000] {dag.py:3328} INFO - Setting next_dagrun for tutorial_taskflow_api_virtualenv to None, run_after=None
[2025-12-05T00:47:36.997+0000] {processor.py:178} INFO - Processing /home/airflow/.local/lib/python3.7/site-packages/airflow/example_dags/tutorial_taskflow_api_virtualenv.py took 0.160 seconds
[2025-12-05T00:48:07.547+0000] {processor.py:156} INFO - Started process (PID=1007) to work on /home/airflow/.local/lib/python3.7/site-packages/airflow/example_dags/tutorial_taskflow_api_virtualenv.py
[2025-12-05T00:48:07.548+0000] {processor.py:758} INFO - Processing file /home/airflow/.local/lib/python3.7/site-packages/airflow/example_dags/tutorial_taskflow_api_virtualenv.py for tasks to queue
[2025-12-05T00:48:07.548+0000] {logging_mixin.py:117} INFO - [2025-12-05T00:48:07.548+0000] {dagbag.py:525} INFO - Filling up the DagBag from /home/airflow/.local/lib/python3.7/site-packages/airflow/example_dags/tutorial_taskflow_api_virtualenv.py
[2025-12-05T00:48:07.575+0000] {processor.py:768} INFO - DAG(s) dict_keys(['tutorial_taskflow_api_virtualenv']) retrieved from /home/airflow/.local/lib/python3.7/site-packages/airflow/example_dags/tutorial_taskflow_api_virtualenv.py
[2025-12-05T00:48:07.597+0000] {logging_mixin.py:117} INFO - [2025-12-05T00:48:07.597+0000] {dag.py:2573} INFO - Sync 1 DAGs
[2025-12-05T00:48:07.705+0000] {logging_mixin.py:117} INFO - [2025-12-05T00:48:07.705+0000] {dag.py:3328} INFO - Setting next_dagrun for tutorial_taskflow_api_virtualenv to None, run_after=None
[2025-12-05T00:48:07.727+0000] {processor.py:178} INFO - Processing /home/airflow/.local/lib/python3.7/site-packages/airflow/example_dags/tutorial_taskflow_api_virtualenv.py took 0.182 seconds
[2025-12-05T00:48:38.881+0000] {processor.py:156} INFO - Started process (PID=1217) to work on /home/airflow/.local/lib/python3.7/site-packages/airflow/example_dags/tutorial_taskflow_api_virtualenv.py
[2025-12-05T00:48:38.881+0000] {processor.py:758} INFO - Processing file /home/airflow/.local/lib/python3.7/site-packages/airflow/example_dags/tutorial_taskflow_api_virtualenv.py for tasks to queue
[2025-12-05T00:48:38.882+0000] {logging_mixin.py:117} INFO - [2025-12-05T00:48:38.882+0000] {dagbag.py:525} INFO - Filling up the DagBag from /home/airflow/.local/lib/python3.7/site-packages/airflow/example_dags/tutorial_taskflow_api_virtualenv.py
[2025-12-05T00:48:38.902+0000] {processor.py:768} INFO - DAG(s) dict_keys(['tutorial_taskflow_api_virtualenv']) retrieved from /home/airflow/.local/lib/python3.7/site-packages/airflow/example_dags/tutorial_taskflow_api_virtualenv.py
[2025-12-05T00:48:39.030+0000] {logging_mixin.py:117} INFO - [2025-12-05T00:48:39.030+0000] {dag.py:2573} INFO - Sync 1 DAGs
[2025-12-05T00:48:39.050+0000] {logging_mixin.py:117} INFO - [2025-12-05T00:48:39.050+0000] {dag.py:3328} INFO - Setting next_dagrun for tutorial_taskflow_api_virtualenv to None, run_after=None
[2025-12-05T00:48:39.059+0000] {processor.py:178} INFO - Processing /home/airflow/.local/lib/python3.7/site-packages/airflow/example_dags/tutorial_taskflow_api_virtualenv.py took 0.181 seconds
[2025-12-05T00:49:09.380+0000] {processor.py:156} INFO - Started process (PID=1416) to work on /home/airflow/.local/lib/python3.7/site-packages/airflow/example_dags/tutorial_taskflow_api_virtualenv.py
[2025-12-05T00:49:09.380+0000] {processor.py:758} INFO - Processing file /home/airflow/.local/lib/python3.7/site-packages/airflow/example_dags/tutorial_taskflow_api_virtualenv.py for tasks to queue
[2025-12-05T00:49:09.380+0000] {logging_mixin.py:117} INFO - [2025-12-05T00:49:09.380+0000] {dagbag.py:525} INFO - Filling up the DagBag from /home/airflow/.local/lib/python3.7/site-packages/airflow/example_dags/tutorial_taskflow_api_virtualenv.py
[2025-12-05T00:49:09.394+0000] {processor.py:768} INFO - DAG(s) dict_keys(['tutorial_taskflow_api_virtualenv']) retrieved from /home/airflow/.local/lib/python3.7/site-packages/airflow/example_dags/tutorial_taskflow_api_virtualenv.py
[2025-12-05T00:49:09.506+0000] {logging_mixin.py:117} INFO - [2025-12-05T00:49:09.505+0000] {dag.py:2573} INFO - Sync 1 DAGs
[2025-12-05T00:49:09.532+0000] {logging_mixin.py:117} INFO - [2025-12-05T00:49:09.532+0000] {dag.py:3328} INFO - Setting next_dagrun for tutorial_taskflow_api_virtualenv to None, run_after=None
[2025-12-05T00:49:09.551+0000] {processor.py:178} INFO - Processing /home/airflow/.local/lib/python3.7/site-packages/airflow/example_dags/tutorial_taskflow_api_virtualenv.py took 0.174 seconds
[2025-12-05T00:49:40.208+0000] {processor.py:156} INFO - Started process (PID=1617) to work on /home/airflow/.local/lib/python3.7/site-packages/airflow/example_dags/tutorial_taskflow_api_virtualenv.py
[2025-12-05T00:49:40.210+0000] {processor.py:758} INFO - Processing file /home/airflow/.local/lib/python3.7/site-packages/airflow/example_dags/tutorial_taskflow_api_virtualenv.py for tasks to queue
[2025-12-05T00:49:40.210+0000] {logging_mixin.py:117} INFO - [2025-12-05T00:49:40.210+0000] {dagbag.py:525} INFO - Filling up the DagBag from /home/airflow/.local/lib/python3.7/site-packages/airflow/example_dags/tutorial_taskflow_api_virtualenv.py
[2025-12-05T00:49:40.309+0000] {processor.py:768} INFO - DAG(s) dict_keys(['tutorial_taskflow_api_virtualenv']) retrieved from /home/airflow/.local/lib/python3.7/site-packages/airflow/example_dags/tutorial_taskflow_api_virtualenv.py
[2025-12-05T00:49:40.327+0000] {logging_mixin.py:117} INFO - [2025-12-05T00:49:40.327+0000] {dag.py:2573} INFO - Sync 1 DAGs
[2025-12-05T00:49:40.338+0000] {logging_mixin.py:117} INFO - [2025-12-05T00:49:40.338+0000] {dag.py:3328} INFO - Setting next_dagrun for tutorial_taskflow_api_virtualenv to None, run_after=None
[2025-12-05T00:49:40.346+0000] {processor.py:178} INFO - Processing /home/airflow/.local/lib/python3.7/site-packages/airflow/example_dags/tutorial_taskflow_api_virtualenv.py took 0.140 seconds
[2025-12-05T00:50:10.919+0000] {processor.py:156} INFO - Started process (PID=1821) to work on /home/airflow/.local/lib/python3.7/site-packages/airflow/example_dags/tutorial_taskflow_api_virtualenv.py
[2025-12-05T00:50:10.920+0000] {processor.py:758} INFO - Processing file /home/airflow/.local/lib/python3.7/site-packages/airflow/example_dags/tutorial_taskflow_api_virtualenv.py for tasks to queue
[2025-12-05T00:50:10.920+0000] {logging_mixin.py:117} INFO - [2025-12-05T00:50:10.920+0000] {dagbag.py:525} INFO - Filling up the DagBag from /home/airflow/.local/lib/python3.7/site-packages/airflow/example_dags/tutorial_taskflow_api_virtualenv.py
[2025-12-05T00:50:10.931+0000] {processor.py:768} INFO - DAG(s) dict_keys(['tutorial_taskflow_api_virtualenv']) retrieved from /home/airflow/.local/lib/python3.7/site-packages/airflow/example_dags/tutorial_taskflow_api_virtualenv.py
[2025-12-05T00:50:10.949+0000] {logging_mixin.py:117} INFO - [2025-12-05T00:50:10.948+0000] {dag.py:2573} INFO - Sync 1 DAGs
[2025-12-05T00:50:11.034+0000] {logging_mixin.py:117} INFO - [2025-12-05T00:50:11.034+0000] {dag.py:3328} INFO - Setting next_dagrun for tutorial_taskflow_api_virtualenv to None, run_after=None
[2025-12-05T00:50:11.042+0000] {processor.py:178} INFO - Processing /home/airflow/.local/lib/python3.7/site-packages/airflow/example_dags/tutorial_taskflow_api_virtualenv.py took 0.124 seconds
[2025-12-05T00:50:41.597+0000] {processor.py:156} INFO - Started process (PID=2020) to work on /home/airflow/.local/lib/python3.7/site-packages/airflow/example_dags/tutorial_taskflow_api_virtualenv.py
[2025-12-05T00:50:41.598+0000] {processor.py:758} INFO - Processing file /home/airflow/.local/lib/python3.7/site-packages/airflow/example_dags/tutorial_taskflow_api_virtualenv.py for tasks to queue
[2025-12-05T00:50:41.598+0000] {logging_mixin.py:117} INFO - [2025-12-05T00:50:41.598+0000] {dagbag.py:525} INFO - Filling up the DagBag from /home/airflow/.local/lib/python3.7/site-packages/airflow/example_dags/tutorial_taskflow_api_virtualenv.py
[2025-12-05T00:50:41.614+0000] {processor.py:768} INFO - DAG(s) dict_keys(['tutorial_taskflow_api_virtualenv']) retrieved from /home/airflow/.local/lib/python3.7/site-packages/airflow/example_dags/tutorial_taskflow_api_virtualenv.py
[2025-12-05T00:50:41.641+0000] {logging_mixin.py:117} INFO - [2025-12-05T00:50:41.641+0000] {dag.py:2573} INFO - Sync 1 DAGs
[2025-12-05T00:50:41.741+0000] {logging_mixin.py:117} INFO - [2025-12-05T00:50:41.741+0000] {dag.py:3328} INFO - Setting next_dagrun for tutorial_taskflow_api_virtualenv to None, run_after=None
[2025-12-05T00:50:41.755+0000] {processor.py:178} INFO - Processing /home/airflow/.local/lib/python3.7/site-packages/airflow/example_dags/tutorial_taskflow_api_virtualenv.py took 0.160 seconds
[2025-12-05T00:51:12.502+0000] {processor.py:156} INFO - Started process (PID=2221) to work on /home/airflow/.local/lib/python3.7/site-packages/airflow/example_dags/tutorial_taskflow_api_virtualenv.py
[2025-12-05T00:51:12.502+0000] {processor.py:758} INFO - Processing file /home/airflow/.local/lib/python3.7/site-packages/airflow/example_dags/tutorial_taskflow_api_virtualenv.py for tasks to queue
[2025-12-05T00:51:12.503+0000] {logging_mixin.py:117} INFO - [2025-12-05T00:51:12.503+0000] {dagbag.py:525} INFO - Filling up the DagBag from /home/airflow/.local/lib/python3.7/site-packages/airflow/example_dags/tutorial_taskflow_api_virtualenv.py
[2025-12-05T00:51:12.517+0000] {processor.py:768} INFO - DAG(s) dict_keys(['tutorial_taskflow_api_virtualenv']) retrieved from /home/airflow/.local/lib/python3.7/site-packages/airflow/example_dags/tutorial_taskflow_api_virtualenv.py
[2025-12-05T00:51:12.620+0000] {logging_mixin.py:117} INFO - [2025-12-05T00:51:12.620+0000] {dag.py:2573} INFO - Sync 1 DAGs
[2025-12-05T00:51:12.631+0000] {logging_mixin.py:117} INFO - [2025-12-05T00:51:12.631+0000] {dag.py:3328} INFO - Setting next_dagrun for tutorial_taskflow_api_virtualenv to None, run_after=None
[2025-12-05T00:51:12.639+0000] {processor.py:178} INFO - Processing /home/airflow/.local/lib/python3.7/site-packages/airflow/example_dags/tutorial_taskflow_api_virtualenv.py took 0.139 seconds
[2025-12-05T00:51:43.043+0000] {processor.py:156} INFO - Started process (PID=2422) to work on /home/airflow/.local/lib/python3.7/site-packages/airflow/example_dags/tutorial_taskflow_api_virtualenv.py
[2025-12-05T00:51:43.045+0000] {processor.py:758} INFO - Processing file /home/airflow/.local/lib/python3.7/site-packages/airflow/example_dags/tutorial_taskflow_api_virtualenv.py for tasks to queue
[2025-12-05T00:51:43.045+0000] {logging_mixin.py:117} INFO - [2025-12-05T00:51:43.045+0000] {dagbag.py:525} INFO - Filling up the DagBag from /home/airflow/.local/lib/python3.7/site-packages/airflow/example_dags/tutorial_taskflow_api_virtualenv.py
[2025-12-05T00:51:43.141+0000] {processor.py:768} INFO - DAG(s) dict_keys(['tutorial_taskflow_api_virtualenv']) retrieved from /home/airflow/.local/lib/python3.7/site-packages/airflow/example_dags/tutorial_taskflow_api_virtualenv.py
[2025-12-05T00:51:43.156+0000] {logging_mixin.py:117} INFO - [2025-12-05T00:51:43.156+0000] {dag.py:2573} INFO - Sync 1 DAGs
[2025-12-05T00:51:43.167+0000] {logging_mixin.py:117} INFO - [2025-12-05T00:51:43.167+0000] {dag.py:3328} INFO - Setting next_dagrun for tutorial_taskflow_api_virtualenv to None, run_after=None
[2025-12-05T00:51:43.176+0000] {processor.py:178} INFO - Processing /home/airflow/.local/lib/python3.7/site-packages/airflow/example_dags/tutorial_taskflow_api_virtualenv.py took 0.137 seconds
[2025-12-05T00:52:13.798+0000] {processor.py:156} INFO - Started process (PID=2625) to work on /home/airflow/.local/lib/python3.7/site-packages/airflow/example_dags/tutorial_taskflow_api_virtualenv.py
[2025-12-05T00:52:13.798+0000] {processor.py:758} INFO - Processing file /home/airflow/.local/lib/python3.7/site-packages/airflow/example_dags/tutorial_taskflow_api_virtualenv.py for tasks to queue
[2025-12-05T00:52:13.799+0000] {logging_mixin.py:117} INFO - [2025-12-05T00:52:13.799+0000] {dagbag.py:525} INFO - Filling up the DagBag from /home/airflow/.local/lib/python3.7/site-packages/airflow/example_dags/tutorial_taskflow_api_virtualenv.py
[2025-12-05T00:52:13.809+0000] {processor.py:768} INFO - DAG(s) dict_keys(['tutorial_taskflow_api_virtualenv']) retrieved from /home/airflow/.local/lib/python3.7/site-packages/airflow/example_dags/tutorial_taskflow_api_virtualenv.py
[2025-12-05T00:52:13.825+0000] {logging_mixin.py:117} INFO - [2025-12-05T00:52:13.825+0000] {dag.py:2573} INFO - Sync 1 DAGs
[2025-12-05T00:52:13.903+0000] {logging_mixin.py:117} INFO - [2025-12-05T00:52:13.903+0000] {dag.py:3328} INFO - Setting next_dagrun for tutorial_taskflow_api_virtualenv to None, run_after=None
[2025-12-05T00:52:13.910+0000] {processor.py:178} INFO - Processing /home/airflow/.local/lib/python3.7/site-packages/airflow/example_dags/tutorial_taskflow_api_virtualenv.py took 0.114 seconds
[2025-12-05T00:52:44.358+0000] {processor.py:156} INFO - Started process (PID=2824) to work on /home/airflow/.local/lib/python3.7/site-packages/airflow/example_dags/tutorial_taskflow_api_virtualenv.py
[2025-12-05T00:52:44.359+0000] {processor.py:758} INFO - Processing file /home/airflow/.local/lib/python3.7/site-packages/airflow/example_dags/tutorial_taskflow_api_virtualenv.py for tasks to queue
[2025-12-05T00:52:44.359+0000] {logging_mixin.py:117} INFO - [2025-12-05T00:52:44.359+0000] {dagbag.py:525} INFO - Filling up the DagBag from /home/airflow/.local/lib/python3.7/site-packages/airflow/example_dags/tutorial_taskflow_api_virtualenv.py
[2025-12-05T00:52:44.370+0000] {processor.py:768} INFO - DAG(s) dict_keys(['tutorial_taskflow_api_virtualenv']) retrieved from /home/airflow/.local/lib/python3.7/site-packages/airflow/example_dags/tutorial_taskflow_api_virtualenv.py
[2025-12-05T00:52:44.470+0000] {logging_mixin.py:117} INFO - [2025-12-05T00:52:44.470+0000] {dag.py:2573} INFO - Sync 1 DAGs
[2025-12-05T00:52:44.480+0000] {logging_mixin.py:117} INFO - [2025-12-05T00:52:44.480+0000] {dag.py:3328} INFO - Setting next_dagrun for tutorial_taskflow_api_virtualenv to None, run_after=None
[2025-12-05T00:52:44.489+0000] {processor.py:178} INFO - Processing /home/airflow/.local/lib/python3.7/site-packages/airflow/example_dags/tutorial_taskflow_api_virtualenv.py took 0.132 seconds
[2025-12-05T00:53:14.880+0000] {processor.py:156} INFO - Started process (PID=3025) to work on /home/airflow/.local/lib/python3.7/site-packages/airflow/example_dags/tutorial_taskflow_api_virtualenv.py
[2025-12-05T00:53:14.880+0000] {processor.py:758} INFO - Processing file /home/airflow/.local/lib/python3.7/site-packages/airflow/example_dags/tutorial_taskflow_api_virtualenv.py for tasks to queue
[2025-12-05T00:53:14.881+0000] {logging_mixin.py:117} INFO - [2025-12-05T00:53:14.881+0000] {dagbag.py:525} INFO - Filling up the DagBag from /home/airflow/.local/lib/python3.7/site-packages/airflow/example_dags/tutorial_taskflow_api_virtualenv.py
[2025-12-05T00:53:14.892+0000] {processor.py:768} INFO - DAG(s) dict_keys(['tutorial_taskflow_api_virtualenv']) retrieved from /home/airflow/.local/lib/python3.7/site-packages/airflow/example_dags/tutorial_taskflow_api_virtualenv.py
[2025-12-05T00:53:15.007+0000] {logging_mixin.py:117} INFO - [2025-12-05T00:53:15.007+0000] {dag.py:2573} INFO - Sync 1 DAGs
[2025-12-05T00:53:15.029+0000] {logging_mixin.py:117} INFO - [2025-12-05T00:53:15.029+0000] {dag.py:3328} INFO - Setting next_dagrun for tutorial_taskflow_api_virtualenv to None, run_after=None
[2025-12-05T00:53:15.042+0000] {processor.py:178} INFO - Processing /home/airflow/.local/lib/python3.7/site-packages/airflow/example_dags/tutorial_taskflow_api_virtualenv.py took 0.165 seconds
[2025-12-05T00:53:45.494+0000] {processor.py:156} INFO - Started process (PID=3226) to work on /home/airflow/.local/lib/python3.7/site-packages/airflow/example_dags/tutorial_taskflow_api_virtualenv.py
[2025-12-05T00:53:45.495+0000] {processor.py:758} INFO - Processing file /home/airflow/.local/lib/python3.7/site-packages/airflow/example_dags/tutorial_taskflow_api_virtualenv.py for tasks to queue
[2025-12-05T00:53:45.495+0000] {logging_mixin.py:117} INFO - [2025-12-05T00:53:45.495+0000] {dagbag.py:525} INFO - Filling up the DagBag from /home/airflow/.local/lib/python3.7/site-packages/airflow/example_dags/tutorial_taskflow_api_virtualenv.py
[2025-12-05T00:53:45.603+0000] {processor.py:768} INFO - DAG(s) dict_keys(['tutorial_taskflow_api_virtualenv']) retrieved from /home/airflow/.local/lib/python3.7/site-packages/airflow/example_dags/tutorial_taskflow_api_virtualenv.py
[2025-12-05T00:53:45.622+0000] {logging_mixin.py:117} INFO - [2025-12-05T00:53:45.622+0000] {dag.py:2573} INFO - Sync 1 DAGs
[2025-12-05T00:53:45.634+0000] {logging_mixin.py:117} INFO - [2025-12-05T00:53:45.634+0000] {dag.py:3328} INFO - Setting next_dagrun for tutorial_taskflow_api_virtualenv to None, run_after=None
[2025-12-05T00:53:45.642+0000] {processor.py:178} INFO - Processing /home/airflow/.local/lib/python3.7/site-packages/airflow/example_dags/tutorial_taskflow_api_virtualenv.py took 0.150 seconds
[2025-12-05T00:54:16.442+0000] {processor.py:156} INFO - Started process (PID=3429) to work on /home/airflow/.local/lib/python3.7/site-packages/airflow/example_dags/tutorial_taskflow_api_virtualenv.py
[2025-12-05T00:54:16.443+0000] {processor.py:758} INFO - Processing file /home/airflow/.local/lib/python3.7/site-packages/airflow/example_dags/tutorial_taskflow_api_virtualenv.py for tasks to queue
[2025-12-05T00:54:16.443+0000] {logging_mixin.py:117} INFO - [2025-12-05T00:54:16.443+0000] {dagbag.py:525} INFO - Filling up the DagBag from /home/airflow/.local/lib/python3.7/site-packages/airflow/example_dags/tutorial_taskflow_api_virtualenv.py
[2025-12-05T00:54:16.453+0000] {processor.py:768} INFO - DAG(s) dict_keys(['tutorial_taskflow_api_virtualenv']) retrieved from /home/airflow/.local/lib/python3.7/site-packages/airflow/example_dags/tutorial_taskflow_api_virtualenv.py
[2025-12-05T00:54:16.471+0000] {logging_mixin.py:117} INFO - [2025-12-05T00:54:16.471+0000] {dag.py:2573} INFO - Sync 1 DAGs
[2025-12-05T00:54:16.548+0000] {logging_mixin.py:117} INFO - [2025-12-05T00:54:16.548+0000] {dag.py:3328} INFO - Setting next_dagrun for tutorial_taskflow_api_virtualenv to None, run_after=None
[2025-12-05T00:54:16.555+0000] {processor.py:178} INFO - Processing /home/airflow/.local/lib/python3.7/site-packages/airflow/example_dags/tutorial_taskflow_api_virtualenv.py took 0.114 seconds
[2025-12-05T00:54:47.107+0000] {processor.py:156} INFO - Started process (PID=3628) to work on /home/airflow/.local/lib/python3.7/site-packages/airflow/example_dags/tutorial_taskflow_api_virtualenv.py
[2025-12-05T00:54:47.108+0000] {processor.py:758} INFO - Processing file /home/airflow/.local/lib/python3.7/site-packages/airflow/example_dags/tutorial_taskflow_api_virtualenv.py for tasks to queue
[2025-12-05T00:54:47.108+0000] {logging_mixin.py:117} INFO - [2025-12-05T00:54:47.108+0000] {dagbag.py:525} INFO - Filling up the DagBag from /home/airflow/.local/lib/python3.7/site-packages/airflow/example_dags/tutorial_taskflow_api_virtualenv.py
[2025-12-05T00:54:47.122+0000] {processor.py:768} INFO - DAG(s) dict_keys(['tutorial_taskflow_api_virtualenv']) retrieved from /home/airflow/.local/lib/python3.7/site-packages/airflow/example_dags/tutorial_taskflow_api_virtualenv.py
[2025-12-05T00:54:47.241+0000] {logging_mixin.py:117} INFO - [2025-12-05T00:54:47.241+0000] {dag.py:2573} INFO - Sync 1 DAGs
[2025-12-05T00:54:47.256+0000] {logging_mixin.py:117} INFO - [2025-12-05T00:54:47.255+0000] {dag.py:3328} INFO - Setting next_dagrun for tutorial_taskflow_api_virtualenv to None, run_after=None
[2025-12-05T00:54:47.265+0000] {processor.py:178} INFO - Processing /home/airflow/.local/lib/python3.7/site-packages/airflow/example_dags/tutorial_taskflow_api_virtualenv.py took 0.160 seconds
[2025-12-05T00:55:17.808+0000] {processor.py:156} INFO - Started process (PID=3828) to work on /home/airflow/.local/lib/python3.7/site-packages/airflow/example_dags/tutorial_taskflow_api_virtualenv.py
[2025-12-05T00:55:17.809+0000] {processor.py:758} INFO - Processing file /home/airflow/.local/lib/python3.7/site-packages/airflow/example_dags/tutorial_taskflow_api_virtualenv.py for tasks to queue
[2025-12-05T00:55:17.809+0000] {logging_mixin.py:117} INFO - [2025-12-05T00:55:17.809+0000] {dagbag.py:525} INFO - Filling up the DagBag from /home/airflow/.local/lib/python3.7/site-packages/airflow/example_dags/tutorial_taskflow_api_virtualenv.py
[2025-12-05T00:55:17.821+0000] {processor.py:768} INFO - DAG(s) dict_keys(['tutorial_taskflow_api_virtualenv']) retrieved from /home/airflow/.local/lib/python3.7/site-packages/airflow/example_dags/tutorial_taskflow_api_virtualenv.py
[2025-12-05T00:55:17.931+0000] {logging_mixin.py:117} INFO - [2025-12-05T00:55:17.931+0000] {dag.py:2573} INFO - Sync 1 DAGs
[2025-12-05T00:55:17.941+0000] {logging_mixin.py:117} INFO - [2025-12-05T00:55:17.941+0000] {dag.py:3328} INFO - Setting next_dagrun for tutorial_taskflow_api_virtualenv to None, run_after=None
[2025-12-05T00:55:17.950+0000] {processor.py:178} INFO - Processing /home/airflow/.local/lib/python3.7/site-packages/airflow/example_dags/tutorial_taskflow_api_virtualenv.py took 0.145 seconds
[2025-12-05T00:55:48.386+0000] {processor.py:156} INFO - Started process (PID=4029) to work on /home/airflow/.local/lib/python3.7/site-packages/airflow/example_dags/tutorial_taskflow_api_virtualenv.py
[2025-12-05T00:55:48.386+0000] {processor.py:758} INFO - Processing file /home/airflow/.local/lib/python3.7/site-packages/airflow/example_dags/tutorial_taskflow_api_virtualenv.py for tasks to queue
[2025-12-05T00:55:48.387+0000] {logging_mixin.py:117} INFO - [2025-12-05T00:55:48.387+0000] {dagbag.py:525} INFO - Filling up the DagBag from /home/airflow/.local/lib/python3.7/site-packages/airflow/example_dags/tutorial_taskflow_api_virtualenv.py
[2025-12-05T00:55:48.490+0000] {processor.py:768} INFO - DAG(s) dict_keys(['tutorial_taskflow_api_virtualenv']) retrieved from /home/airflow/.local/lib/python3.7/site-packages/airflow/example_dags/tutorial_taskflow_api_virtualenv.py
[2025-12-05T00:55:48.505+0000] {logging_mixin.py:117} INFO - [2025-12-05T00:55:48.505+0000] {dag.py:2573} INFO - Sync 1 DAGs
[2025-12-05T00:55:48.515+0000] {logging_mixin.py:117} INFO - [2025-12-05T00:55:48.515+0000] {dag.py:3328} INFO - Setting next_dagrun for tutorial_taskflow_api_virtualenv to None, run_after=None
[2025-12-05T00:55:48.523+0000] {processor.py:178} INFO - Processing /home/airflow/.local/lib/python3.7/site-packages/airflow/example_dags/tutorial_taskflow_api_virtualenv.py took 0.139 seconds
[2025-12-05T00:56:18.939+0000] {processor.py:156} INFO - Started process (PID=4229) to work on /home/airflow/.local/lib/python3.7/site-packages/airflow/example_dags/tutorial_taskflow_api_virtualenv.py
[2025-12-05T00:56:18.940+0000] {processor.py:758} INFO - Processing file /home/airflow/.local/lib/python3.7/site-packages/airflow/example_dags/tutorial_taskflow_api_virtualenv.py for tasks to queue
[2025-12-05T00:56:18.940+0000] {logging_mixin.py:117} INFO - [2025-12-05T00:56:18.940+0000] {dagbag.py:525} INFO - Filling up the DagBag from /home/airflow/.local/lib/python3.7/site-packages/airflow/example_dags/tutorial_taskflow_api_virtualenv.py
[2025-12-05T00:56:18.952+0000] {processor.py:768} INFO - DAG(s) dict_keys(['tutorial_taskflow_api_virtualenv']) retrieved from /home/airflow/.local/lib/python3.7/site-packages/airflow/example_dags/tutorial_taskflow_api_virtualenv.py
[2025-12-05T00:56:18.970+0000] {logging_mixin.py:117} INFO - [2025-12-05T00:56:18.970+0000] {dag.py:2573} INFO - Sync 1 DAGs
[2025-12-05T00:56:18.984+0000] {logging_mixin.py:117} INFO - [2025-12-05T00:56:18.984+0000] {dag.py:3328} INFO - Setting next_dagrun for tutorial_taskflow_api_virtualenv to None, run_after=None
[2025-12-05T00:56:18.993+0000] {processor.py:178} INFO - Processing /home/airflow/.local/lib/python3.7/site-packages/airflow/example_dags/tutorial_taskflow_api_virtualenv.py took 0.056 seconds
[2025-12-05T00:56:49.766+0000] {processor.py:156} INFO - Started process (PID=4430) to work on /home/airflow/.local/lib/python3.7/site-packages/airflow/example_dags/tutorial_taskflow_api_virtualenv.py
[2025-12-05T00:56:49.766+0000] {processor.py:758} INFO - Processing file /home/airflow/.local/lib/python3.7/site-packages/airflow/example_dags/tutorial_taskflow_api_virtualenv.py for tasks to queue
[2025-12-05T00:56:49.767+0000] {logging_mixin.py:117} INFO - [2025-12-05T00:56:49.767+0000] {dagbag.py:525} INFO - Filling up the DagBag from /home/airflow/.local/lib/python3.7/site-packages/airflow/example_dags/tutorial_taskflow_api_virtualenv.py
[2025-12-05T00:56:49.778+0000] {processor.py:768} INFO - DAG(s) dict_keys(['tutorial_taskflow_api_virtualenv']) retrieved from /home/airflow/.local/lib/python3.7/site-packages/airflow/example_dags/tutorial_taskflow_api_virtualenv.py
[2025-12-05T00:56:49.799+0000] {logging_mixin.py:117} INFO - [2025-12-05T00:56:49.799+0000] {dag.py:2573} INFO - Sync 1 DAGs
[2025-12-05T00:56:49.812+0000] {logging_mixin.py:117} INFO - [2025-12-05T00:56:49.812+0000] {dag.py:3328} INFO - Setting next_dagrun for tutorial_taskflow_api_virtualenv to None, run_after=None
[2025-12-05T00:56:49.821+0000] {processor.py:178} INFO - Processing /home/airflow/.local/lib/python3.7/site-packages/airflow/example_dags/tutorial_taskflow_api_virtualenv.py took 0.058 seconds
[2025-12-05T00:57:20.724+0000] {processor.py:156} INFO - Started process (PID=4630) to work on /home/airflow/.local/lib/python3.7/site-packages/airflow/example_dags/tutorial_taskflow_api_virtualenv.py
[2025-12-05T00:57:20.724+0000] {processor.py:758} INFO - Processing file /home/airflow/.local/lib/python3.7/site-packages/airflow/example_dags/tutorial_taskflow_api_virtualenv.py for tasks to queue
[2025-12-05T00:57:20.725+0000] {logging_mixin.py:117} INFO - [2025-12-05T00:57:20.725+0000] {dagbag.py:525} INFO - Filling up the DagBag from /home/airflow/.local/lib/python3.7/site-packages/airflow/example_dags/tutorial_taskflow_api_virtualenv.py
[2025-12-05T00:57:20.745+0000] {processor.py:768} INFO - DAG(s) dict_keys(['tutorial_taskflow_api_virtualenv']) retrieved from /home/airflow/.local/lib/python3.7/site-packages/airflow/example_dags/tutorial_taskflow_api_virtualenv.py
[2025-12-05T00:57:20.766+0000] {logging_mixin.py:117} INFO - [2025-12-05T00:57:20.766+0000] {dag.py:2573} INFO - Sync 1 DAGs
[2025-12-05T00:57:20.778+0000] {logging_mixin.py:117} INFO - [2025-12-05T00:57:20.778+0000] {dag.py:3328} INFO - Setting next_dagrun for tutorial_taskflow_api_virtualenv to None, run_after=None
[2025-12-05T00:57:20.786+0000] {processor.py:178} INFO - Processing /home/airflow/.local/lib/python3.7/site-packages/airflow/example_dags/tutorial_taskflow_api_virtualenv.py took 0.065 seconds
[2025-12-05T00:57:51.469+0000] {processor.py:156} INFO - Started process (PID=4831) to work on /home/airflow/.local/lib/python3.7/site-packages/airflow/example_dags/tutorial_taskflow_api_virtualenv.py
[2025-12-05T00:57:51.470+0000] {processor.py:758} INFO - Processing file /home/airflow/.local/lib/python3.7/site-packages/airflow/example_dags/tutorial_taskflow_api_virtualenv.py for tasks to queue
[2025-12-05T00:57:51.470+0000] {logging_mixin.py:117} INFO - [2025-12-05T00:57:51.470+0000] {dagbag.py:525} INFO - Filling up the DagBag from /home/airflow/.local/lib/python3.7/site-packages/airflow/example_dags/tutorial_taskflow_api_virtualenv.py
[2025-12-05T00:57:51.482+0000] {processor.py:768} INFO - DAG(s) dict_keys(['tutorial_taskflow_api_virtualenv']) retrieved from /home/airflow/.local/lib/python3.7/site-packages/airflow/example_dags/tutorial_taskflow_api_virtualenv.py
[2025-12-05T00:57:51.508+0000] {logging_mixin.py:117} INFO - [2025-12-05T00:57:51.508+0000] {dag.py:2573} INFO - Sync 1 DAGs
[2025-12-05T00:57:51.522+0000] {logging_mixin.py:117} INFO - [2025-12-05T00:57:51.522+0000] {dag.py:3328} INFO - Setting next_dagrun for tutorial_taskflow_api_virtualenv to None, run_after=None
[2025-12-05T00:57:51.531+0000] {processor.py:178} INFO - Processing /home/airflow/.local/lib/python3.7/site-packages/airflow/example_dags/tutorial_taskflow_api_virtualenv.py took 0.064 seconds
[2025-12-05T00:58:22.498+0000] {processor.py:156} INFO - Started process (PID=5032) to work on /home/airflow/.local/lib/python3.7/site-packages/airflow/example_dags/tutorial_taskflow_api_virtualenv.py
[2025-12-05T00:58:22.501+0000] {processor.py:758} INFO - Processing file /home/airflow/.local/lib/python3.7/site-packages/airflow/example_dags/tutorial_taskflow_api_virtualenv.py for tasks to queue
[2025-12-05T00:58:22.502+0000] {logging_mixin.py:117} INFO - [2025-12-05T00:58:22.502+0000] {dagbag.py:525} INFO - Filling up the DagBag from /home/airflow/.local/lib/python3.7/site-packages/airflow/example_dags/tutorial_taskflow_api_virtualenv.py
[2025-12-05T00:58:22.513+0000] {processor.py:768} INFO - DAG(s) dict_keys(['tutorial_taskflow_api_virtualenv']) retrieved from /home/airflow/.local/lib/python3.7/site-packages/airflow/example_dags/tutorial_taskflow_api_virtualenv.py
[2025-12-05T00:58:22.540+0000] {logging_mixin.py:117} INFO - [2025-12-05T00:58:22.540+0000] {dag.py:2573} INFO - Sync 1 DAGs
[2025-12-05T00:58:22.560+0000] {logging_mixin.py:117} INFO - [2025-12-05T00:58:22.560+0000] {dag.py:3328} INFO - Setting next_dagrun for tutorial_taskflow_api_virtualenv to None, run_after=None
[2025-12-05T00:58:22.571+0000] {processor.py:178} INFO - Processing /home/airflow/.local/lib/python3.7/site-packages/airflow/example_dags/tutorial_taskflow_api_virtualenv.py took 0.075 seconds
[2025-12-05T00:58:53.419+0000] {processor.py:156} INFO - Started process (PID=5233) to work on /home/airflow/.local/lib/python3.7/site-packages/airflow/example_dags/tutorial_taskflow_api_virtualenv.py
[2025-12-05T00:58:53.421+0000] {processor.py:758} INFO - Processing file /home/airflow/.local/lib/python3.7/site-packages/airflow/example_dags/tutorial_taskflow_api_virtualenv.py for tasks to queue
[2025-12-05T00:58:53.421+0000] {logging_mixin.py:117} INFO - [2025-12-05T00:58:53.421+0000] {dagbag.py:525} INFO - Filling up the DagBag from /home/airflow/.local/lib/python3.7/site-packages/airflow/example_dags/tutorial_taskflow_api_virtualenv.py
[2025-12-05T00:58:53.433+0000] {processor.py:768} INFO - DAG(s) dict_keys(['tutorial_taskflow_api_virtualenv']) retrieved from /home/airflow/.local/lib/python3.7/site-packages/airflow/example_dags/tutorial_taskflow_api_virtualenv.py
[2025-12-05T00:58:53.456+0000] {logging_mixin.py:117} INFO - [2025-12-05T00:58:53.456+0000] {dag.py:2573} INFO - Sync 1 DAGs
[2025-12-05T00:58:53.472+0000] {logging_mixin.py:117} INFO - [2025-12-05T00:58:53.472+0000] {dag.py:3328} INFO - Setting next_dagrun for tutorial_taskflow_api_virtualenv to None, run_after=None
[2025-12-05T00:58:53.487+0000] {processor.py:178} INFO - Processing /home/airflow/.local/lib/python3.7/site-packages/airflow/example_dags/tutorial_taskflow_api_virtualenv.py took 0.070 seconds
[2025-12-05T00:59:24.140+0000] {processor.py:156} INFO - Started process (PID=5440) to work on /home/airflow/.local/lib/python3.7/site-packages/airflow/example_dags/tutorial_taskflow_api_virtualenv.py
[2025-12-05T00:59:24.144+0000] {processor.py:758} INFO - Processing file /home/airflow/.local/lib/python3.7/site-packages/airflow/example_dags/tutorial_taskflow_api_virtualenv.py for tasks to queue
[2025-12-05T00:59:24.144+0000] {logging_mixin.py:117} INFO - [2025-12-05T00:59:24.144+0000] {dagbag.py:525} INFO - Filling up the DagBag from /home/airflow/.local/lib/python3.7/site-packages/airflow/example_dags/tutorial_taskflow_api_virtualenv.py
[2025-12-05T00:59:24.155+0000] {processor.py:768} INFO - DAG(s) dict_keys(['tutorial_taskflow_api_virtualenv']) retrieved from /home/airflow/.local/lib/python3.7/site-packages/airflow/example_dags/tutorial_taskflow_api_virtualenv.py
[2025-12-05T00:59:24.172+0000] {logging_mixin.py:117} INFO - [2025-12-05T00:59:24.172+0000] {dag.py:2573} INFO - Sync 1 DAGs
[2025-12-05T00:59:24.184+0000] {logging_mixin.py:117} INFO - [2025-12-05T00:59:24.184+0000] {dag.py:3328} INFO - Setting next_dagrun for tutorial_taskflow_api_virtualenv to None, run_after=None
[2025-12-05T00:59:24.191+0000] {processor.py:178} INFO - Processing /home/airflow/.local/lib/python3.7/site-packages/airflow/example_dags/tutorial_taskflow_api_virtualenv.py took 0.053 seconds
[2025-12-05T00:59:55.081+0000] {processor.py:156} INFO - Started process (PID=5641) to work on /home/airflow/.local/lib/python3.7/site-packages/airflow/example_dags/tutorial_taskflow_api_virtualenv.py
[2025-12-05T00:59:55.083+0000] {processor.py:758} INFO - Processing file /home/airflow/.local/lib/python3.7/site-packages/airflow/example_dags/tutorial_taskflow_api_virtualenv.py for tasks to queue
[2025-12-05T00:59:55.086+0000] {logging_mixin.py:117} INFO - [2025-12-05T00:59:55.086+0000] {dagbag.py:525} INFO - Filling up the DagBag from /home/airflow/.local/lib/python3.7/site-packages/airflow/example_dags/tutorial_taskflow_api_virtualenv.py
[2025-12-05T00:59:55.097+0000] {processor.py:768} INFO - DAG(s) dict_keys(['tutorial_taskflow_api_virtualenv']) retrieved from /home/airflow/.local/lib/python3.7/site-packages/airflow/example_dags/tutorial_taskflow_api_virtualenv.py
[2025-12-05T00:59:55.116+0000] {logging_mixin.py:117} INFO - [2025-12-05T00:59:55.116+0000] {dag.py:2573} INFO - Sync 1 DAGs
[2025-12-05T00:59:55.133+0000] {logging_mixin.py:117} INFO - [2025-12-05T00:59:55.133+0000] {dag.py:3328} INFO - Setting next_dagrun for tutorial_taskflow_api_virtualenv to None, run_after=None
[2025-12-05T00:59:55.144+0000] {processor.py:178} INFO - Processing /home/airflow/.local/lib/python3.7/site-packages/airflow/example_dags/tutorial_taskflow_api_virtualenv.py took 0.066 seconds
[2025-12-05T01:00:26.114+0000] {processor.py:156} INFO - Started process (PID=5842) to work on /home/airflow/.local/lib/python3.7/site-packages/airflow/example_dags/tutorial_taskflow_api_virtualenv.py
[2025-12-05T01:00:26.118+0000] {processor.py:758} INFO - Processing file /home/airflow/.local/lib/python3.7/site-packages/airflow/example_dags/tutorial_taskflow_api_virtualenv.py for tasks to queue
[2025-12-05T01:00:26.119+0000] {logging_mixin.py:117} INFO - [2025-12-05T01:00:26.119+0000] {dagbag.py:525} INFO - Filling up the DagBag from /home/airflow/.local/lib/python3.7/site-packages/airflow/example_dags/tutorial_taskflow_api_virtualenv.py
[2025-12-05T01:00:26.147+0000] {processor.py:768} INFO - DAG(s) dict_keys(['tutorial_taskflow_api_virtualenv']) retrieved from /home/airflow/.local/lib/python3.7/site-packages/airflow/example_dags/tutorial_taskflow_api_virtualenv.py
[2025-12-05T01:00:26.171+0000] {logging_mixin.py:117} INFO - [2025-12-05T01:00:26.171+0000] {dag.py:2573} INFO - Sync 1 DAGs
[2025-12-05T01:00:26.184+0000] {logging_mixin.py:117} INFO - [2025-12-05T01:00:26.184+0000] {dag.py:3328} INFO - Setting next_dagrun for tutorial_taskflow_api_virtualenv to None, run_after=None
[2025-12-05T01:00:26.191+0000] {processor.py:178} INFO - Processing /home/airflow/.local/lib/python3.7/site-packages/airflow/example_dags/tutorial_taskflow_api_virtualenv.py took 0.081 seconds
[2025-12-05T01:00:56.405+0000] {processor.py:156} INFO - Started process (PID=6042) to work on /home/airflow/.local/lib/python3.7/site-packages/airflow/example_dags/tutorial_taskflow_api_virtualenv.py
[2025-12-05T01:00:56.405+0000] {processor.py:758} INFO - Processing file /home/airflow/.local/lib/python3.7/site-packages/airflow/example_dags/tutorial_taskflow_api_virtualenv.py for tasks to queue
[2025-12-05T01:00:56.405+0000] {logging_mixin.py:117} INFO - [2025-12-05T01:00:56.405+0000] {dagbag.py:525} INFO - Filling up the DagBag from /home/airflow/.local/lib/python3.7/site-packages/airflow/example_dags/tutorial_taskflow_api_virtualenv.py
[2025-12-05T01:00:56.416+0000] {processor.py:768} INFO - DAG(s) dict_keys(['tutorial_taskflow_api_virtualenv']) retrieved from /home/airflow/.local/lib/python3.7/site-packages/airflow/example_dags/tutorial_taskflow_api_virtualenv.py
[2025-12-05T01:00:56.435+0000] {logging_mixin.py:117} INFO - [2025-12-05T01:00:56.435+0000] {dag.py:2573} INFO - Sync 1 DAGs
[2025-12-05T01:00:56.447+0000] {logging_mixin.py:117} INFO - [2025-12-05T01:00:56.447+0000] {dag.py:3328} INFO - Setting next_dagrun for tutorial_taskflow_api_virtualenv to None, run_after=None
[2025-12-05T01:00:56.456+0000] {processor.py:178} INFO - Processing /home/airflow/.local/lib/python3.7/site-packages/airflow/example_dags/tutorial_taskflow_api_virtualenv.py took 0.052 seconds
[2025-12-05T01:01:26.885+0000] {processor.py:156} INFO - Started process (PID=6242) to work on /home/airflow/.local/lib/python3.7/site-packages/airflow/example_dags/tutorial_taskflow_api_virtualenv.py
[2025-12-05T01:01:26.886+0000] {processor.py:758} INFO - Processing file /home/airflow/.local/lib/python3.7/site-packages/airflow/example_dags/tutorial_taskflow_api_virtualenv.py for tasks to queue
[2025-12-05T01:01:26.887+0000] {logging_mixin.py:117} INFO - [2025-12-05T01:01:26.886+0000] {dagbag.py:525} INFO - Filling up the DagBag from /home/airflow/.local/lib/python3.7/site-packages/airflow/example_dags/tutorial_taskflow_api_virtualenv.py
[2025-12-05T01:01:26.900+0000] {processor.py:768} INFO - DAG(s) dict_keys(['tutorial_taskflow_api_virtualenv']) retrieved from /home/airflow/.local/lib/python3.7/site-packages/airflow/example_dags/tutorial_taskflow_api_virtualenv.py
[2025-12-05T01:01:26.920+0000] {logging_mixin.py:117} INFO - [2025-12-05T01:01:26.920+0000] {dag.py:2573} INFO - Sync 1 DAGs
[2025-12-05T01:01:26.937+0000] {logging_mixin.py:117} INFO - [2025-12-05T01:01:26.937+0000] {dag.py:3328} INFO - Setting next_dagrun for tutorial_taskflow_api_virtualenv to None, run_after=None
[2025-12-05T01:01:26.949+0000] {processor.py:178} INFO - Processing /home/airflow/.local/lib/python3.7/site-packages/airflow/example_dags/tutorial_taskflow_api_virtualenv.py took 0.066 seconds
[2025-12-05T01:01:57.987+0000] {processor.py:156} INFO - Started process (PID=6443) to work on /home/airflow/.local/lib/python3.7/site-packages/airflow/example_dags/tutorial_taskflow_api_virtualenv.py
[2025-12-05T01:01:57.990+0000] {processor.py:758} INFO - Processing file /home/airflow/.local/lib/python3.7/site-packages/airflow/example_dags/tutorial_taskflow_api_virtualenv.py for tasks to queue
[2025-12-05T01:01:57.990+0000] {logging_mixin.py:117} INFO - [2025-12-05T01:01:57.990+0000] {dagbag.py:525} INFO - Filling up the DagBag from /home/airflow/.local/lib/python3.7/site-packages/airflow/example_dags/tutorial_taskflow_api_virtualenv.py
[2025-12-05T01:01:58.015+0000] {processor.py:768} INFO - DAG(s) dict_keys(['tutorial_taskflow_api_virtualenv']) retrieved from /home/airflow/.local/lib/python3.7/site-packages/airflow/example_dags/tutorial_taskflow_api_virtualenv.py
[2025-12-05T01:01:58.048+0000] {logging_mixin.py:117} INFO - [2025-12-05T01:01:58.048+0000] {dag.py:2573} INFO - Sync 1 DAGs
[2025-12-05T01:01:58.068+0000] {logging_mixin.py:117} INFO - [2025-12-05T01:01:58.068+0000] {dag.py:3328} INFO - Setting next_dagrun for tutorial_taskflow_api_virtualenv to None, run_after=None
[2025-12-05T01:01:58.077+0000] {processor.py:178} INFO - Processing /home/airflow/.local/lib/python3.7/site-packages/airflow/example_dags/tutorial_taskflow_api_virtualenv.py took 0.093 seconds
[2025-12-05T01:02:28.864+0000] {processor.py:156} INFO - Started process (PID=6644) to work on /home/airflow/.local/lib/python3.7/site-packages/airflow/example_dags/tutorial_taskflow_api_virtualenv.py
[2025-12-05T01:02:28.865+0000] {processor.py:758} INFO - Processing file /home/airflow/.local/lib/python3.7/site-packages/airflow/example_dags/tutorial_taskflow_api_virtualenv.py for tasks to queue
[2025-12-05T01:02:28.866+0000] {logging_mixin.py:117} INFO - [2025-12-05T01:02:28.866+0000] {dagbag.py:525} INFO - Filling up the DagBag from /home/airflow/.local/lib/python3.7/site-packages/airflow/example_dags/tutorial_taskflow_api_virtualenv.py
[2025-12-05T01:02:28.879+0000] {processor.py:768} INFO - DAG(s) dict_keys(['tutorial_taskflow_api_virtualenv']) retrieved from /home/airflow/.local/lib/python3.7/site-packages/airflow/example_dags/tutorial_taskflow_api_virtualenv.py
[2025-12-05T01:02:28.898+0000] {logging_mixin.py:117} INFO - [2025-12-05T01:02:28.898+0000] {dag.py:2573} INFO - Sync 1 DAGs
[2025-12-05T01:02:28.912+0000] {logging_mixin.py:117} INFO - [2025-12-05T01:02:28.912+0000] {dag.py:3328} INFO - Setting next_dagrun for tutorial_taskflow_api_virtualenv to None, run_after=None
[2025-12-05T01:02:28.921+0000] {processor.py:178} INFO - Processing /home/airflow/.local/lib/python3.7/site-packages/airflow/example_dags/tutorial_taskflow_api_virtualenv.py took 0.060 seconds
[2025-12-05T01:02:59.073+0000] {processor.py:156} INFO - Started process (PID=6845) to work on /home/airflow/.local/lib/python3.7/site-packages/airflow/example_dags/tutorial_taskflow_api_virtualenv.py
[2025-12-05T01:02:59.076+0000] {processor.py:758} INFO - Processing file /home/airflow/.local/lib/python3.7/site-packages/airflow/example_dags/tutorial_taskflow_api_virtualenv.py for tasks to queue
[2025-12-05T01:02:59.076+0000] {logging_mixin.py:117} INFO - [2025-12-05T01:02:59.076+0000] {dagbag.py:525} INFO - Filling up the DagBag from /home/airflow/.local/lib/python3.7/site-packages/airflow/example_dags/tutorial_taskflow_api_virtualenv.py
[2025-12-05T01:02:59.089+0000] {processor.py:768} INFO - DAG(s) dict_keys(['tutorial_taskflow_api_virtualenv']) retrieved from /home/airflow/.local/lib/python3.7/site-packages/airflow/example_dags/tutorial_taskflow_api_virtualenv.py
[2025-12-05T01:02:59.108+0000] {logging_mixin.py:117} INFO - [2025-12-05T01:02:59.108+0000] {dag.py:2573} INFO - Sync 1 DAGs
[2025-12-05T01:02:59.119+0000] {logging_mixin.py:117} INFO - [2025-12-05T01:02:59.119+0000] {dag.py:3328} INFO - Setting next_dagrun for tutorial_taskflow_api_virtualenv to None, run_after=None
[2025-12-05T01:02:59.127+0000] {processor.py:178} INFO - Processing /home/airflow/.local/lib/python3.7/site-packages/airflow/example_dags/tutorial_taskflow_api_virtualenv.py took 0.056 seconds
[2025-12-05T01:03:30.057+0000] {processor.py:156} INFO - Started process (PID=7046) to work on /home/airflow/.local/lib/python3.7/site-packages/airflow/example_dags/tutorial_taskflow_api_virtualenv.py
[2025-12-05T01:03:30.058+0000] {processor.py:758} INFO - Processing file /home/airflow/.local/lib/python3.7/site-packages/airflow/example_dags/tutorial_taskflow_api_virtualenv.py for tasks to queue
[2025-12-05T01:03:30.058+0000] {logging_mixin.py:117} INFO - [2025-12-05T01:03:30.058+0000] {dagbag.py:525} INFO - Filling up the DagBag from /home/airflow/.local/lib/python3.7/site-packages/airflow/example_dags/tutorial_taskflow_api_virtualenv.py
[2025-12-05T01:03:30.073+0000] {processor.py:768} INFO - DAG(s) dict_keys(['tutorial_taskflow_api_virtualenv']) retrieved from /home/airflow/.local/lib/python3.7/site-packages/airflow/example_dags/tutorial_taskflow_api_virtualenv.py
[2025-12-05T01:03:30.090+0000] {logging_mixin.py:117} INFO - [2025-12-05T01:03:30.090+0000] {dag.py:2573} INFO - Sync 1 DAGs
[2025-12-05T01:03:30.101+0000] {logging_mixin.py:117} INFO - [2025-12-05T01:03:30.101+0000] {dag.py:3328} INFO - Setting next_dagrun for tutorial_taskflow_api_virtualenv to None, run_after=None
[2025-12-05T01:03:30.109+0000] {processor.py:178} INFO - Processing /home/airflow/.local/lib/python3.7/site-packages/airflow/example_dags/tutorial_taskflow_api_virtualenv.py took 0.055 seconds
[2025-12-05T01:04:01.001+0000] {processor.py:156} INFO - Started process (PID=7246) to work on /home/airflow/.local/lib/python3.7/site-packages/airflow/example_dags/tutorial_taskflow_api_virtualenv.py
[2025-12-05T01:04:01.001+0000] {processor.py:758} INFO - Processing file /home/airflow/.local/lib/python3.7/site-packages/airflow/example_dags/tutorial_taskflow_api_virtualenv.py for tasks to queue
[2025-12-05T01:04:01.002+0000] {logging_mixin.py:117} INFO - [2025-12-05T01:04:01.002+0000] {dagbag.py:525} INFO - Filling up the DagBag from /home/airflow/.local/lib/python3.7/site-packages/airflow/example_dags/tutorial_taskflow_api_virtualenv.py
[2025-12-05T01:04:01.012+0000] {processor.py:768} INFO - DAG(s) dict_keys(['tutorial_taskflow_api_virtualenv']) retrieved from /home/airflow/.local/lib/python3.7/site-packages/airflow/example_dags/tutorial_taskflow_api_virtualenv.py
[2025-12-05T01:04:01.033+0000] {logging_mixin.py:117} INFO - [2025-12-05T01:04:01.033+0000] {dag.py:2573} INFO - Sync 1 DAGs
[2025-12-05T01:04:01.050+0000] {logging_mixin.py:117} INFO - [2025-12-05T01:04:01.050+0000] {dag.py:3328} INFO - Setting next_dagrun for tutorial_taskflow_api_virtualenv to None, run_after=None
[2025-12-05T01:04:01.062+0000] {processor.py:178} INFO - Processing /home/airflow/.local/lib/python3.7/site-packages/airflow/example_dags/tutorial_taskflow_api_virtualenv.py took 0.063 seconds
[2025-12-05T01:04:31.694+0000] {processor.py:156} INFO - Started process (PID=7447) to work on /home/airflow/.local/lib/python3.7/site-packages/airflow/example_dags/tutorial_taskflow_api_virtualenv.py
[2025-12-05T01:04:31.698+0000] {processor.py:758} INFO - Processing file /home/airflow/.local/lib/python3.7/site-packages/airflow/example_dags/tutorial_taskflow_api_virtualenv.py for tasks to queue
[2025-12-05T01:04:31.698+0000] {logging_mixin.py:117} INFO - [2025-12-05T01:04:31.698+0000] {dagbag.py:525} INFO - Filling up the DagBag from /home/airflow/.local/lib/python3.7/site-packages/airflow/example_dags/tutorial_taskflow_api_virtualenv.py
[2025-12-05T01:04:31.709+0000] {processor.py:768} INFO - DAG(s) dict_keys(['tutorial_taskflow_api_virtualenv']) retrieved from /home/airflow/.local/lib/python3.7/site-packages/airflow/example_dags/tutorial_taskflow_api_virtualenv.py
[2025-12-05T01:04:31.730+0000] {logging_mixin.py:117} INFO - [2025-12-05T01:04:31.730+0000] {dag.py:2573} INFO - Sync 1 DAGs
[2025-12-05T01:04:31.743+0000] {logging_mixin.py:117} INFO - [2025-12-05T01:04:31.743+0000] {dag.py:3328} INFO - Setting next_dagrun for tutorial_taskflow_api_virtualenv to None, run_after=None
[2025-12-05T01:04:31.751+0000] {processor.py:178} INFO - Processing /home/airflow/.local/lib/python3.7/site-packages/airflow/example_dags/tutorial_taskflow_api_virtualenv.py took 0.059 seconds
[2025-12-05T01:05:02.459+0000] {processor.py:156} INFO - Started process (PID=7648) to work on /home/airflow/.local/lib/python3.7/site-packages/airflow/example_dags/tutorial_taskflow_api_virtualenv.py
[2025-12-05T01:05:02.460+0000] {processor.py:758} INFO - Processing file /home/airflow/.local/lib/python3.7/site-packages/airflow/example_dags/tutorial_taskflow_api_virtualenv.py for tasks to queue
[2025-12-05T01:05:02.461+0000] {logging_mixin.py:117} INFO - [2025-12-05T01:05:02.461+0000] {dagbag.py:525} INFO - Filling up the DagBag from /home/airflow/.local/lib/python3.7/site-packages/airflow/example_dags/tutorial_taskflow_api_virtualenv.py
[2025-12-05T01:05:02.476+0000] {processor.py:768} INFO - DAG(s) dict_keys(['tutorial_taskflow_api_virtualenv']) retrieved from /home/airflow/.local/lib/python3.7/site-packages/airflow/example_dags/tutorial_taskflow_api_virtualenv.py
[2025-12-05T01:05:02.504+0000] {logging_mixin.py:117} INFO - [2025-12-05T01:05:02.504+0000] {dag.py:2573} INFO - Sync 1 DAGs
[2025-12-05T01:05:02.516+0000] {logging_mixin.py:117} INFO - [2025-12-05T01:05:02.516+0000] {dag.py:3328} INFO - Setting next_dagrun for tutorial_taskflow_api_virtualenv to None, run_after=None
[2025-12-05T01:05:02.524+0000] {processor.py:178} INFO - Processing /home/airflow/.local/lib/python3.7/site-packages/airflow/example_dags/tutorial_taskflow_api_virtualenv.py took 0.068 seconds
[2025-12-05T01:05:33.277+0000] {processor.py:156} INFO - Started process (PID=7849) to work on /home/airflow/.local/lib/python3.7/site-packages/airflow/example_dags/tutorial_taskflow_api_virtualenv.py
[2025-12-05T01:05:33.280+0000] {processor.py:758} INFO - Processing file /home/airflow/.local/lib/python3.7/site-packages/airflow/example_dags/tutorial_taskflow_api_virtualenv.py for tasks to queue
[2025-12-05T01:05:33.281+0000] {logging_mixin.py:117} INFO - [2025-12-05T01:05:33.280+0000] {dagbag.py:525} INFO - Filling up the DagBag from /home/airflow/.local/lib/python3.7/site-packages/airflow/example_dags/tutorial_taskflow_api_virtualenv.py
[2025-12-05T01:05:33.293+0000] {processor.py:768} INFO - DAG(s) dict_keys(['tutorial_taskflow_api_virtualenv']) retrieved from /home/airflow/.local/lib/python3.7/site-packages/airflow/example_dags/tutorial_taskflow_api_virtualenv.py
[2025-12-05T01:05:33.323+0000] {logging_mixin.py:117} INFO - [2025-12-05T01:05:33.322+0000] {dag.py:2573} INFO - Sync 1 DAGs
[2025-12-05T01:05:33.335+0000] {logging_mixin.py:117} INFO - [2025-12-05T01:05:33.335+0000] {dag.py:3328} INFO - Setting next_dagrun for tutorial_taskflow_api_virtualenv to None, run_after=None
[2025-12-05T01:05:33.344+0000] {processor.py:178} INFO - Processing /home/airflow/.local/lib/python3.7/site-packages/airflow/example_dags/tutorial_taskflow_api_virtualenv.py took 0.069 seconds
[2025-12-05T01:06:04.286+0000] {processor.py:156} INFO - Started process (PID=8050) to work on /home/airflow/.local/lib/python3.7/site-packages/airflow/example_dags/tutorial_taskflow_api_virtualenv.py
[2025-12-05T01:06:04.287+0000] {processor.py:758} INFO - Processing file /home/airflow/.local/lib/python3.7/site-packages/airflow/example_dags/tutorial_taskflow_api_virtualenv.py for tasks to queue
[2025-12-05T01:06:04.288+0000] {logging_mixin.py:117} INFO - [2025-12-05T01:06:04.288+0000] {dagbag.py:525} INFO - Filling up the DagBag from /home/airflow/.local/lib/python3.7/site-packages/airflow/example_dags/tutorial_taskflow_api_virtualenv.py
[2025-12-05T01:06:04.298+0000] {processor.py:768} INFO - DAG(s) dict_keys(['tutorial_taskflow_api_virtualenv']) retrieved from /home/airflow/.local/lib/python3.7/site-packages/airflow/example_dags/tutorial_taskflow_api_virtualenv.py
[2025-12-05T01:06:04.316+0000] {logging_mixin.py:117} INFO - [2025-12-05T01:06:04.316+0000] {dag.py:2573} INFO - Sync 1 DAGs
[2025-12-05T01:06:04.327+0000] {logging_mixin.py:117} INFO - [2025-12-05T01:06:04.327+0000] {dag.py:3328} INFO - Setting next_dagrun for tutorial_taskflow_api_virtualenv to None, run_after=None
[2025-12-05T01:06:04.337+0000] {processor.py:178} INFO - Processing /home/airflow/.local/lib/python3.7/site-packages/airflow/example_dags/tutorial_taskflow_api_virtualenv.py took 0.053 seconds
[2025-12-05T01:06:35.414+0000] {processor.py:156} INFO - Started process (PID=8251) to work on /home/airflow/.local/lib/python3.7/site-packages/airflow/example_dags/tutorial_taskflow_api_virtualenv.py
[2025-12-05T01:06:35.415+0000] {processor.py:758} INFO - Processing file /home/airflow/.local/lib/python3.7/site-packages/airflow/example_dags/tutorial_taskflow_api_virtualenv.py for tasks to queue
[2025-12-05T01:06:35.417+0000] {logging_mixin.py:117} INFO - [2025-12-05T01:06:35.417+0000] {dagbag.py:525} INFO - Filling up the DagBag from /home/airflow/.local/lib/python3.7/site-packages/airflow/example_dags/tutorial_taskflow_api_virtualenv.py
[2025-12-05T01:06:35.444+0000] {processor.py:768} INFO - DAG(s) dict_keys(['tutorial_taskflow_api_virtualenv']) retrieved from /home/airflow/.local/lib/python3.7/site-packages/airflow/example_dags/tutorial_taskflow_api_virtualenv.py
[2025-12-05T01:06:35.483+0000] {logging_mixin.py:117} INFO - [2025-12-05T01:06:35.483+0000] {dag.py:2573} INFO - Sync 1 DAGs
[2025-12-05T01:06:35.512+0000] {logging_mixin.py:117} INFO - [2025-12-05T01:06:35.512+0000] {dag.py:3328} INFO - Setting next_dagrun for tutorial_taskflow_api_virtualenv to None, run_after=None
[2025-12-05T01:06:35.522+0000] {processor.py:178} INFO - Processing /home/airflow/.local/lib/python3.7/site-packages/airflow/example_dags/tutorial_taskflow_api_virtualenv.py took 0.114 seconds
[2025-12-05T01:07:05.909+0000] {processor.py:156} INFO - Started process (PID=8452) to work on /home/airflow/.local/lib/python3.7/site-packages/airflow/example_dags/tutorial_taskflow_api_virtualenv.py
[2025-12-05T01:07:05.910+0000] {processor.py:758} INFO - Processing file /home/airflow/.local/lib/python3.7/site-packages/airflow/example_dags/tutorial_taskflow_api_virtualenv.py for tasks to queue
[2025-12-05T01:07:05.911+0000] {logging_mixin.py:117} INFO - [2025-12-05T01:07:05.910+0000] {dagbag.py:525} INFO - Filling up the DagBag from /home/airflow/.local/lib/python3.7/site-packages/airflow/example_dags/tutorial_taskflow_api_virtualenv.py
[2025-12-05T01:07:05.937+0000] {processor.py:768} INFO - DAG(s) dict_keys(['tutorial_taskflow_api_virtualenv']) retrieved from /home/airflow/.local/lib/python3.7/site-packages/airflow/example_dags/tutorial_taskflow_api_virtualenv.py
[2025-12-05T01:07:05.997+0000] {logging_mixin.py:117} INFO - [2025-12-05T01:07:05.997+0000] {dag.py:2573} INFO - Sync 1 DAGs
[2025-12-05T01:07:06.016+0000] {logging_mixin.py:117} INFO - [2025-12-05T01:07:06.016+0000] {dag.py:3328} INFO - Setting next_dagrun for tutorial_taskflow_api_virtualenv to None, run_after=None
[2025-12-05T01:07:06.033+0000] {processor.py:178} INFO - Processing /home/airflow/.local/lib/python3.7/site-packages/airflow/example_dags/tutorial_taskflow_api_virtualenv.py took 0.127 seconds
[2025-12-05T01:07:36.190+0000] {processor.py:156} INFO - Started process (PID=8655) to work on /home/airflow/.local/lib/python3.7/site-packages/airflow/example_dags/tutorial_taskflow_api_virtualenv.py
[2025-12-05T01:07:36.191+0000] {processor.py:758} INFO - Processing file /home/airflow/.local/lib/python3.7/site-packages/airflow/example_dags/tutorial_taskflow_api_virtualenv.py for tasks to queue
[2025-12-05T01:07:36.191+0000] {logging_mixin.py:117} INFO - [2025-12-05T01:07:36.191+0000] {dagbag.py:525} INFO - Filling up the DagBag from /home/airflow/.local/lib/python3.7/site-packages/airflow/example_dags/tutorial_taskflow_api_virtualenv.py
[2025-12-05T01:07:36.201+0000] {processor.py:768} INFO - DAG(s) dict_keys(['tutorial_taskflow_api_virtualenv']) retrieved from /home/airflow/.local/lib/python3.7/site-packages/airflow/example_dags/tutorial_taskflow_api_virtualenv.py
[2025-12-05T01:07:36.218+0000] {logging_mixin.py:117} INFO - [2025-12-05T01:07:36.218+0000] {dag.py:2573} INFO - Sync 1 DAGs
[2025-12-05T01:07:36.228+0000] {logging_mixin.py:117} INFO - [2025-12-05T01:07:36.228+0000] {dag.py:3328} INFO - Setting next_dagrun for tutorial_taskflow_api_virtualenv to None, run_after=None
[2025-12-05T01:07:36.235+0000] {processor.py:178} INFO - Processing /home/airflow/.local/lib/python3.7/site-packages/airflow/example_dags/tutorial_taskflow_api_virtualenv.py took 0.047 seconds
[2025-12-05T01:08:06.513+0000] {processor.py:156} INFO - Started process (PID=8854) to work on /home/airflow/.local/lib/python3.7/site-packages/airflow/example_dags/tutorial_taskflow_api_virtualenv.py
[2025-12-05T01:08:06.514+0000] {processor.py:758} INFO - Processing file /home/airflow/.local/lib/python3.7/site-packages/airflow/example_dags/tutorial_taskflow_api_virtualenv.py for tasks to queue
[2025-12-05T01:08:06.515+0000] {logging_mixin.py:117} INFO - [2025-12-05T01:08:06.514+0000] {dagbag.py:525} INFO - Filling up the DagBag from /home/airflow/.local/lib/python3.7/site-packages/airflow/example_dags/tutorial_taskflow_api_virtualenv.py
[2025-12-05T01:08:06.528+0000] {processor.py:768} INFO - DAG(s) dict_keys(['tutorial_taskflow_api_virtualenv']) retrieved from /home/airflow/.local/lib/python3.7/site-packages/airflow/example_dags/tutorial_taskflow_api_virtualenv.py
[2025-12-05T01:08:06.552+0000] {logging_mixin.py:117} INFO - [2025-12-05T01:08:06.552+0000] {dag.py:2573} INFO - Sync 1 DAGs
[2025-12-05T01:08:06.570+0000] {logging_mixin.py:117} INFO - [2025-12-05T01:08:06.569+0000] {dag.py:3328} INFO - Setting next_dagrun for tutorial_taskflow_api_virtualenv to None, run_after=None
[2025-12-05T01:08:06.579+0000] {processor.py:178} INFO - Processing /home/airflow/.local/lib/python3.7/site-packages/airflow/example_dags/tutorial_taskflow_api_virtualenv.py took 0.068 seconds
[2025-12-05T01:08:36.930+0000] {processor.py:156} INFO - Started process (PID=9055) to work on /home/airflow/.local/lib/python3.7/site-packages/airflow/example_dags/tutorial_taskflow_api_virtualenv.py
[2025-12-05T01:08:36.932+0000] {processor.py:758} INFO - Processing file /home/airflow/.local/lib/python3.7/site-packages/airflow/example_dags/tutorial_taskflow_api_virtualenv.py for tasks to queue
[2025-12-05T01:08:36.935+0000] {logging_mixin.py:117} INFO - [2025-12-05T01:08:36.935+0000] {dagbag.py:525} INFO - Filling up the DagBag from /home/airflow/.local/lib/python3.7/site-packages/airflow/example_dags/tutorial_taskflow_api_virtualenv.py
[2025-12-05T01:08:36.946+0000] {processor.py:768} INFO - DAG(s) dict_keys(['tutorial_taskflow_api_virtualenv']) retrieved from /home/airflow/.local/lib/python3.7/site-packages/airflow/example_dags/tutorial_taskflow_api_virtualenv.py
[2025-12-05T01:08:36.968+0000] {logging_mixin.py:117} INFO - [2025-12-05T01:08:36.967+0000] {dag.py:2573} INFO - Sync 1 DAGs
[2025-12-05T01:08:36.981+0000] {logging_mixin.py:117} INFO - [2025-12-05T01:08:36.981+0000] {dag.py:3328} INFO - Setting next_dagrun for tutorial_taskflow_api_virtualenv to None, run_after=None
[2025-12-05T01:08:36.994+0000] {processor.py:178} INFO - Processing /home/airflow/.local/lib/python3.7/site-packages/airflow/example_dags/tutorial_taskflow_api_virtualenv.py took 0.072 seconds
[2025-12-05T01:09:07.162+0000] {processor.py:156} INFO - Started process (PID=9256) to work on /home/airflow/.local/lib/python3.7/site-packages/airflow/example_dags/tutorial_taskflow_api_virtualenv.py
[2025-12-05T01:09:07.163+0000] {processor.py:758} INFO - Processing file /home/airflow/.local/lib/python3.7/site-packages/airflow/example_dags/tutorial_taskflow_api_virtualenv.py for tasks to queue
[2025-12-05T01:09:07.164+0000] {logging_mixin.py:117} INFO - [2025-12-05T01:09:07.163+0000] {dagbag.py:525} INFO - Filling up the DagBag from /home/airflow/.local/lib/python3.7/site-packages/airflow/example_dags/tutorial_taskflow_api_virtualenv.py
[2025-12-05T01:09:07.176+0000] {processor.py:768} INFO - DAG(s) dict_keys(['tutorial_taskflow_api_virtualenv']) retrieved from /home/airflow/.local/lib/python3.7/site-packages/airflow/example_dags/tutorial_taskflow_api_virtualenv.py
[2025-12-05T01:09:07.197+0000] {logging_mixin.py:117} INFO - [2025-12-05T01:09:07.197+0000] {dag.py:2573} INFO - Sync 1 DAGs
[2025-12-05T01:09:07.212+0000] {logging_mixin.py:117} INFO - [2025-12-05T01:09:07.212+0000] {dag.py:3328} INFO - Setting next_dagrun for tutorial_taskflow_api_virtualenv to None, run_after=None
[2025-12-05T01:09:07.222+0000] {processor.py:178} INFO - Processing /home/airflow/.local/lib/python3.7/site-packages/airflow/example_dags/tutorial_taskflow_api_virtualenv.py took 0.061 seconds
[2025-12-05T01:09:37.390+0000] {processor.py:156} INFO - Started process (PID=9459) to work on /home/airflow/.local/lib/python3.7/site-packages/airflow/example_dags/tutorial_taskflow_api_virtualenv.py
[2025-12-05T01:09:37.391+0000] {processor.py:758} INFO - Processing file /home/airflow/.local/lib/python3.7/site-packages/airflow/example_dags/tutorial_taskflow_api_virtualenv.py for tasks to queue
[2025-12-05T01:09:37.391+0000] {logging_mixin.py:117} INFO - [2025-12-05T01:09:37.391+0000] {dagbag.py:525} INFO - Filling up the DagBag from /home/airflow/.local/lib/python3.7/site-packages/airflow/example_dags/tutorial_taskflow_api_virtualenv.py
[2025-12-05T01:09:37.409+0000] {processor.py:768} INFO - DAG(s) dict_keys(['tutorial_taskflow_api_virtualenv']) retrieved from /home/airflow/.local/lib/python3.7/site-packages/airflow/example_dags/tutorial_taskflow_api_virtualenv.py
[2025-12-05T01:09:37.434+0000] {logging_mixin.py:117} INFO - [2025-12-05T01:09:37.434+0000] {dag.py:2573} INFO - Sync 1 DAGs
[2025-12-05T01:09:37.449+0000] {logging_mixin.py:117} INFO - [2025-12-05T01:09:37.449+0000] {dag.py:3328} INFO - Setting next_dagrun for tutorial_taskflow_api_virtualenv to None, run_after=None
[2025-12-05T01:09:37.461+0000] {processor.py:178} INFO - Processing /home/airflow/.local/lib/python3.7/site-packages/airflow/example_dags/tutorial_taskflow_api_virtualenv.py took 0.072 seconds
[2025-12-05T01:10:08.466+0000] {processor.py:156} INFO - Started process (PID=9658) to work on /home/airflow/.local/lib/python3.7/site-packages/airflow/example_dags/tutorial_taskflow_api_virtualenv.py
[2025-12-05T01:10:08.470+0000] {processor.py:758} INFO - Processing file /home/airflow/.local/lib/python3.7/site-packages/airflow/example_dags/tutorial_taskflow_api_virtualenv.py for tasks to queue
[2025-12-05T01:10:08.470+0000] {logging_mixin.py:117} INFO - [2025-12-05T01:10:08.470+0000] {dagbag.py:525} INFO - Filling up the DagBag from /home/airflow/.local/lib/python3.7/site-packages/airflow/example_dags/tutorial_taskflow_api_virtualenv.py
[2025-12-05T01:10:08.483+0000] {processor.py:768} INFO - DAG(s) dict_keys(['tutorial_taskflow_api_virtualenv']) retrieved from /home/airflow/.local/lib/python3.7/site-packages/airflow/example_dags/tutorial_taskflow_api_virtualenv.py
[2025-12-05T01:10:08.517+0000] {logging_mixin.py:117} INFO - [2025-12-05T01:10:08.517+0000] {dag.py:2573} INFO - Sync 1 DAGs
[2025-12-05T01:10:08.530+0000] {logging_mixin.py:117} INFO - [2025-12-05T01:10:08.529+0000] {dag.py:3328} INFO - Setting next_dagrun for tutorial_taskflow_api_virtualenv to None, run_after=None
[2025-12-05T01:10:08.538+0000] {processor.py:178} INFO - Processing /home/airflow/.local/lib/python3.7/site-packages/airflow/example_dags/tutorial_taskflow_api_virtualenv.py took 0.074 seconds
[2025-12-05T01:10:39.438+0000] {processor.py:156} INFO - Started process (PID=9859) to work on /home/airflow/.local/lib/python3.7/site-packages/airflow/example_dags/tutorial_taskflow_api_virtualenv.py
[2025-12-05T01:10:39.440+0000] {processor.py:758} INFO - Processing file /home/airflow/.local/lib/python3.7/site-packages/airflow/example_dags/tutorial_taskflow_api_virtualenv.py for tasks to queue
[2025-12-05T01:10:39.441+0000] {logging_mixin.py:117} INFO - [2025-12-05T01:10:39.441+0000] {dagbag.py:525} INFO - Filling up the DagBag from /home/airflow/.local/lib/python3.7/site-packages/airflow/example_dags/tutorial_taskflow_api_virtualenv.py
[2025-12-05T01:10:39.451+0000] {processor.py:768} INFO - DAG(s) dict_keys(['tutorial_taskflow_api_virtualenv']) retrieved from /home/airflow/.local/lib/python3.7/site-packages/airflow/example_dags/tutorial_taskflow_api_virtualenv.py
[2025-12-05T01:10:39.469+0000] {logging_mixin.py:117} INFO - [2025-12-05T01:10:39.469+0000] {dag.py:2573} INFO - Sync 1 DAGs
[2025-12-05T01:10:39.479+0000] {logging_mixin.py:117} INFO - [2025-12-05T01:10:39.479+0000] {dag.py:3328} INFO - Setting next_dagrun for tutorial_taskflow_api_virtualenv to None, run_after=None
[2025-12-05T01:10:39.488+0000] {processor.py:178} INFO - Processing /home/airflow/.local/lib/python3.7/site-packages/airflow/example_dags/tutorial_taskflow_api_virtualenv.py took 0.052 seconds
[2025-12-05T01:11:10.243+0000] {processor.py:156} INFO - Started process (PID=10067) to work on /home/airflow/.local/lib/python3.7/site-packages/airflow/example_dags/tutorial_taskflow_api_virtualenv.py
[2025-12-05T01:11:10.246+0000] {processor.py:758} INFO - Processing file /home/airflow/.local/lib/python3.7/site-packages/airflow/example_dags/tutorial_taskflow_api_virtualenv.py for tasks to queue
[2025-12-05T01:11:10.248+0000] {logging_mixin.py:117} INFO - [2025-12-05T01:11:10.247+0000] {dagbag.py:525} INFO - Filling up the DagBag from /home/airflow/.local/lib/python3.7/site-packages/airflow/example_dags/tutorial_taskflow_api_virtualenv.py
[2025-12-05T01:11:10.260+0000] {processor.py:768} INFO - DAG(s) dict_keys(['tutorial_taskflow_api_virtualenv']) retrieved from /home/airflow/.local/lib/python3.7/site-packages/airflow/example_dags/tutorial_taskflow_api_virtualenv.py
[2025-12-05T01:11:10.278+0000] {logging_mixin.py:117} INFO - [2025-12-05T01:11:10.278+0000] {dag.py:2573} INFO - Sync 1 DAGs
[2025-12-05T01:11:10.290+0000] {logging_mixin.py:117} INFO - [2025-12-05T01:11:10.290+0000] {dag.py:3328} INFO - Setting next_dagrun for tutorial_taskflow_api_virtualenv to None, run_after=None
[2025-12-05T01:11:10.299+0000] {processor.py:178} INFO - Processing /home/airflow/.local/lib/python3.7/site-packages/airflow/example_dags/tutorial_taskflow_api_virtualenv.py took 0.057 seconds
[2025-12-05T01:11:41.086+0000] {processor.py:156} INFO - Started process (PID=10267) to work on /home/airflow/.local/lib/python3.7/site-packages/airflow/example_dags/tutorial_taskflow_api_virtualenv.py
[2025-12-05T01:11:41.087+0000] {processor.py:758} INFO - Processing file /home/airflow/.local/lib/python3.7/site-packages/airflow/example_dags/tutorial_taskflow_api_virtualenv.py for tasks to queue
[2025-12-05T01:11:41.088+0000] {logging_mixin.py:117} INFO - [2025-12-05T01:11:41.087+0000] {dagbag.py:525} INFO - Filling up the DagBag from /home/airflow/.local/lib/python3.7/site-packages/airflow/example_dags/tutorial_taskflow_api_virtualenv.py
[2025-12-05T01:11:41.100+0000] {processor.py:768} INFO - DAG(s) dict_keys(['tutorial_taskflow_api_virtualenv']) retrieved from /home/airflow/.local/lib/python3.7/site-packages/airflow/example_dags/tutorial_taskflow_api_virtualenv.py
[2025-12-05T01:11:41.128+0000] {logging_mixin.py:117} INFO - [2025-12-05T01:11:41.128+0000] {dag.py:2573} INFO - Sync 1 DAGs
[2025-12-05T01:11:41.139+0000] {logging_mixin.py:117} INFO - [2025-12-05T01:11:41.139+0000] {dag.py:3328} INFO - Setting next_dagrun for tutorial_taskflow_api_virtualenv to None, run_after=None
[2025-12-05T01:11:41.151+0000] {processor.py:178} INFO - Processing /home/airflow/.local/lib/python3.7/site-packages/airflow/example_dags/tutorial_taskflow_api_virtualenv.py took 0.066 seconds
[2025-12-05T01:12:12.259+0000] {processor.py:156} INFO - Started process (PID=10467) to work on /home/airflow/.local/lib/python3.7/site-packages/airflow/example_dags/tutorial_taskflow_api_virtualenv.py
[2025-12-05T01:12:12.261+0000] {processor.py:758} INFO - Processing file /home/airflow/.local/lib/python3.7/site-packages/airflow/example_dags/tutorial_taskflow_api_virtualenv.py for tasks to queue
[2025-12-05T01:12:12.264+0000] {logging_mixin.py:117} INFO - [2025-12-05T01:12:12.262+0000] {dagbag.py:525} INFO - Filling up the DagBag from /home/airflow/.local/lib/python3.7/site-packages/airflow/example_dags/tutorial_taskflow_api_virtualenv.py
[2025-12-05T01:12:12.293+0000] {processor.py:768} INFO - DAG(s) dict_keys(['tutorial_taskflow_api_virtualenv']) retrieved from /home/airflow/.local/lib/python3.7/site-packages/airflow/example_dags/tutorial_taskflow_api_virtualenv.py
[2025-12-05T01:12:12.323+0000] {logging_mixin.py:117} INFO - [2025-12-05T01:12:12.323+0000] {dag.py:2573} INFO - Sync 1 DAGs
[2025-12-05T01:12:12.335+0000] {logging_mixin.py:117} INFO - [2025-12-05T01:12:12.335+0000] {dag.py:3328} INFO - Setting next_dagrun for tutorial_taskflow_api_virtualenv to None, run_after=None
[2025-12-05T01:12:12.345+0000] {processor.py:178} INFO - Processing /home/airflow/.local/lib/python3.7/site-packages/airflow/example_dags/tutorial_taskflow_api_virtualenv.py took 0.088 seconds
[2025-12-05T01:12:42.475+0000] {processor.py:156} INFO - Started process (PID=10668) to work on /home/airflow/.local/lib/python3.7/site-packages/airflow/example_dags/tutorial_taskflow_api_virtualenv.py
[2025-12-05T01:12:42.476+0000] {processor.py:758} INFO - Processing file /home/airflow/.local/lib/python3.7/site-packages/airflow/example_dags/tutorial_taskflow_api_virtualenv.py for tasks to queue
[2025-12-05T01:12:42.477+0000] {logging_mixin.py:117} INFO - [2025-12-05T01:12:42.477+0000] {dagbag.py:525} INFO - Filling up the DagBag from /home/airflow/.local/lib/python3.7/site-packages/airflow/example_dags/tutorial_taskflow_api_virtualenv.py
[2025-12-05T01:12:42.488+0000] {processor.py:768} INFO - DAG(s) dict_keys(['tutorial_taskflow_api_virtualenv']) retrieved from /home/airflow/.local/lib/python3.7/site-packages/airflow/example_dags/tutorial_taskflow_api_virtualenv.py
[2025-12-05T01:12:42.503+0000] {logging_mixin.py:117} INFO - [2025-12-05T01:12:42.502+0000] {dag.py:2573} INFO - Sync 1 DAGs
[2025-12-05T01:12:42.514+0000] {logging_mixin.py:117} INFO - [2025-12-05T01:12:42.514+0000] {dag.py:3328} INFO - Setting next_dagrun for tutorial_taskflow_api_virtualenv to None, run_after=None
[2025-12-05T01:12:42.522+0000] {processor.py:178} INFO - Processing /home/airflow/.local/lib/python3.7/site-packages/airflow/example_dags/tutorial_taskflow_api_virtualenv.py took 0.049 seconds
[2025-12-05T01:13:13.663+0000] {processor.py:156} INFO - Started process (PID=10871) to work on /home/airflow/.local/lib/python3.7/site-packages/airflow/example_dags/tutorial_taskflow_api_virtualenv.py
[2025-12-05T01:13:13.664+0000] {processor.py:758} INFO - Processing file /home/airflow/.local/lib/python3.7/site-packages/airflow/example_dags/tutorial_taskflow_api_virtualenv.py for tasks to queue
[2025-12-05T01:13:13.664+0000] {logging_mixin.py:117} INFO - [2025-12-05T01:13:13.664+0000] {dagbag.py:525} INFO - Filling up the DagBag from /home/airflow/.local/lib/python3.7/site-packages/airflow/example_dags/tutorial_taskflow_api_virtualenv.py
[2025-12-05T01:13:13.674+0000] {processor.py:768} INFO - DAG(s) dict_keys(['tutorial_taskflow_api_virtualenv']) retrieved from /home/airflow/.local/lib/python3.7/site-packages/airflow/example_dags/tutorial_taskflow_api_virtualenv.py
[2025-12-05T01:13:13.691+0000] {logging_mixin.py:117} INFO - [2025-12-05T01:13:13.691+0000] {dag.py:2573} INFO - Sync 1 DAGs
[2025-12-05T01:13:13.701+0000] {logging_mixin.py:117} INFO - [2025-12-05T01:13:13.701+0000] {dag.py:3328} INFO - Setting next_dagrun for tutorial_taskflow_api_virtualenv to None, run_after=None
[2025-12-05T01:13:13.708+0000] {processor.py:178} INFO - Processing /home/airflow/.local/lib/python3.7/site-packages/airflow/example_dags/tutorial_taskflow_api_virtualenv.py took 0.046 seconds
[2025-12-05T01:13:44.094+0000] {processor.py:156} INFO - Started process (PID=11072) to work on /home/airflow/.local/lib/python3.7/site-packages/airflow/example_dags/tutorial_taskflow_api_virtualenv.py
[2025-12-05T01:13:44.095+0000] {processor.py:758} INFO - Processing file /home/airflow/.local/lib/python3.7/site-packages/airflow/example_dags/tutorial_taskflow_api_virtualenv.py for tasks to queue
[2025-12-05T01:13:44.095+0000] {logging_mixin.py:117} INFO - [2025-12-05T01:13:44.095+0000] {dagbag.py:525} INFO - Filling up the DagBag from /home/airflow/.local/lib/python3.7/site-packages/airflow/example_dags/tutorial_taskflow_api_virtualenv.py
[2025-12-05T01:13:44.106+0000] {processor.py:768} INFO - DAG(s) dict_keys(['tutorial_taskflow_api_virtualenv']) retrieved from /home/airflow/.local/lib/python3.7/site-packages/airflow/example_dags/tutorial_taskflow_api_virtualenv.py
[2025-12-05T01:13:44.122+0000] {logging_mixin.py:117} INFO - [2025-12-05T01:13:44.122+0000] {dag.py:2573} INFO - Sync 1 DAGs
[2025-12-05T01:13:44.133+0000] {logging_mixin.py:117} INFO - [2025-12-05T01:13:44.133+0000] {dag.py:3328} INFO - Setting next_dagrun for tutorial_taskflow_api_virtualenv to None, run_after=None
[2025-12-05T01:13:44.140+0000] {processor.py:178} INFO - Processing /home/airflow/.local/lib/python3.7/site-packages/airflow/example_dags/tutorial_taskflow_api_virtualenv.py took 0.048 seconds
[2025-12-05T01:14:14.694+0000] {processor.py:156} INFO - Started process (PID=11273) to work on /home/airflow/.local/lib/python3.7/site-packages/airflow/example_dags/tutorial_taskflow_api_virtualenv.py
[2025-12-05T01:14:14.695+0000] {processor.py:758} INFO - Processing file /home/airflow/.local/lib/python3.7/site-packages/airflow/example_dags/tutorial_taskflow_api_virtualenv.py for tasks to queue
[2025-12-05T01:14:14.695+0000] {logging_mixin.py:117} INFO - [2025-12-05T01:14:14.695+0000] {dagbag.py:525} INFO - Filling up the DagBag from /home/airflow/.local/lib/python3.7/site-packages/airflow/example_dags/tutorial_taskflow_api_virtualenv.py
[2025-12-05T01:14:14.706+0000] {processor.py:768} INFO - DAG(s) dict_keys(['tutorial_taskflow_api_virtualenv']) retrieved from /home/airflow/.local/lib/python3.7/site-packages/airflow/example_dags/tutorial_taskflow_api_virtualenv.py
[2025-12-05T01:14:14.725+0000] {logging_mixin.py:117} INFO - [2025-12-05T01:14:14.725+0000] {dag.py:2573} INFO - Sync 1 DAGs
[2025-12-05T01:14:14.735+0000] {logging_mixin.py:117} INFO - [2025-12-05T01:14:14.734+0000] {dag.py:3328} INFO - Setting next_dagrun for tutorial_taskflow_api_virtualenv to None, run_after=None
[2025-12-05T01:14:14.742+0000] {processor.py:178} INFO - Processing /home/airflow/.local/lib/python3.7/site-packages/airflow/example_dags/tutorial_taskflow_api_virtualenv.py took 0.049 seconds
[2025-12-05T01:14:44.943+0000] {processor.py:156} INFO - Started process (PID=11472) to work on /home/airflow/.local/lib/python3.7/site-packages/airflow/example_dags/tutorial_taskflow_api_virtualenv.py
[2025-12-05T01:14:44.944+0000] {processor.py:758} INFO - Processing file /home/airflow/.local/lib/python3.7/site-packages/airflow/example_dags/tutorial_taskflow_api_virtualenv.py for tasks to queue
[2025-12-05T01:14:44.944+0000] {logging_mixin.py:117} INFO - [2025-12-05T01:14:44.944+0000] {dagbag.py:525} INFO - Filling up the DagBag from /home/airflow/.local/lib/python3.7/site-packages/airflow/example_dags/tutorial_taskflow_api_virtualenv.py
[2025-12-05T01:14:44.957+0000] {processor.py:768} INFO - DAG(s) dict_keys(['tutorial_taskflow_api_virtualenv']) retrieved from /home/airflow/.local/lib/python3.7/site-packages/airflow/example_dags/tutorial_taskflow_api_virtualenv.py
[2025-12-05T01:14:44.981+0000] {logging_mixin.py:117} INFO - [2025-12-05T01:14:44.981+0000] {dag.py:2573} INFO - Sync 1 DAGs
[2025-12-05T01:14:44.997+0000] {logging_mixin.py:117} INFO - [2025-12-05T01:14:44.997+0000] {dag.py:3328} INFO - Setting next_dagrun for tutorial_taskflow_api_virtualenv to None, run_after=None
[2025-12-05T01:14:45.010+0000] {processor.py:178} INFO - Processing /home/airflow/.local/lib/python3.7/site-packages/airflow/example_dags/tutorial_taskflow_api_virtualenv.py took 0.068 seconds
[2025-12-05T01:15:16.152+0000] {processor.py:156} INFO - Started process (PID=11674) to work on /home/airflow/.local/lib/python3.7/site-packages/airflow/example_dags/tutorial_taskflow_api_virtualenv.py
[2025-12-05T01:15:16.153+0000] {processor.py:758} INFO - Processing file /home/airflow/.local/lib/python3.7/site-packages/airflow/example_dags/tutorial_taskflow_api_virtualenv.py for tasks to queue
[2025-12-05T01:15:16.153+0000] {logging_mixin.py:117} INFO - [2025-12-05T01:15:16.153+0000] {dagbag.py:525} INFO - Filling up the DagBag from /home/airflow/.local/lib/python3.7/site-packages/airflow/example_dags/tutorial_taskflow_api_virtualenv.py
[2025-12-05T01:15:16.167+0000] {processor.py:768} INFO - DAG(s) dict_keys(['tutorial_taskflow_api_virtualenv']) retrieved from /home/airflow/.local/lib/python3.7/site-packages/airflow/example_dags/tutorial_taskflow_api_virtualenv.py
[2025-12-05T01:15:16.198+0000] {logging_mixin.py:117} INFO - [2025-12-05T01:15:16.198+0000] {dag.py:2573} INFO - Sync 1 DAGs
[2025-12-05T01:15:16.215+0000] {logging_mixin.py:117} INFO - [2025-12-05T01:15:16.215+0000] {dag.py:3328} INFO - Setting next_dagrun for tutorial_taskflow_api_virtualenv to None, run_after=None
[2025-12-05T01:15:16.225+0000] {processor.py:178} INFO - Processing /home/airflow/.local/lib/python3.7/site-packages/airflow/example_dags/tutorial_taskflow_api_virtualenv.py took 0.075 seconds
[2025-12-05T01:15:46.530+0000] {processor.py:156} INFO - Started process (PID=11875) to work on /home/airflow/.local/lib/python3.7/site-packages/airflow/example_dags/tutorial_taskflow_api_virtualenv.py
[2025-12-05T01:15:46.534+0000] {processor.py:758} INFO - Processing file /home/airflow/.local/lib/python3.7/site-packages/airflow/example_dags/tutorial_taskflow_api_virtualenv.py for tasks to queue
[2025-12-05T01:15:46.535+0000] {logging_mixin.py:117} INFO - [2025-12-05T01:15:46.535+0000] {dagbag.py:525} INFO - Filling up the DagBag from /home/airflow/.local/lib/python3.7/site-packages/airflow/example_dags/tutorial_taskflow_api_virtualenv.py
[2025-12-05T01:15:46.551+0000] {processor.py:768} INFO - DAG(s) dict_keys(['tutorial_taskflow_api_virtualenv']) retrieved from /home/airflow/.local/lib/python3.7/site-packages/airflow/example_dags/tutorial_taskflow_api_virtualenv.py
[2025-12-05T01:15:46.572+0000] {logging_mixin.py:117} INFO - [2025-12-05T01:15:46.572+0000] {dag.py:2573} INFO - Sync 1 DAGs
[2025-12-05T01:15:46.585+0000] {logging_mixin.py:117} INFO - [2025-12-05T01:15:46.585+0000] {dag.py:3328} INFO - Setting next_dagrun for tutorial_taskflow_api_virtualenv to None, run_after=None
[2025-12-05T01:15:46.602+0000] {processor.py:178} INFO - Processing /home/airflow/.local/lib/python3.7/site-packages/airflow/example_dags/tutorial_taskflow_api_virtualenv.py took 0.080 seconds
[2025-12-05T01:16:16.809+0000] {processor.py:156} INFO - Started process (PID=12081) to work on /home/airflow/.local/lib/python3.7/site-packages/airflow/example_dags/tutorial_taskflow_api_virtualenv.py
[2025-12-05T01:16:16.809+0000] {processor.py:758} INFO - Processing file /home/airflow/.local/lib/python3.7/site-packages/airflow/example_dags/tutorial_taskflow_api_virtualenv.py for tasks to queue
[2025-12-05T01:16:16.810+0000] {logging_mixin.py:117} INFO - [2025-12-05T01:16:16.810+0000] {dagbag.py:525} INFO - Filling up the DagBag from /home/airflow/.local/lib/python3.7/site-packages/airflow/example_dags/tutorial_taskflow_api_virtualenv.py
[2025-12-05T01:16:16.820+0000] {processor.py:768} INFO - DAG(s) dict_keys(['tutorial_taskflow_api_virtualenv']) retrieved from /home/airflow/.local/lib/python3.7/site-packages/airflow/example_dags/tutorial_taskflow_api_virtualenv.py
[2025-12-05T01:16:16.842+0000] {logging_mixin.py:117} INFO - [2025-12-05T01:16:16.842+0000] {dag.py:2573} INFO - Sync 1 DAGs
[2025-12-05T01:16:16.861+0000] {logging_mixin.py:117} INFO - [2025-12-05T01:16:16.861+0000] {dag.py:3328} INFO - Setting next_dagrun for tutorial_taskflow_api_virtualenv to None, run_after=None
[2025-12-05T01:16:16.873+0000] {processor.py:178} INFO - Processing /home/airflow/.local/lib/python3.7/site-packages/airflow/example_dags/tutorial_taskflow_api_virtualenv.py took 0.066 seconds
[2025-12-05T01:16:47.223+0000] {processor.py:156} INFO - Started process (PID=12294) to work on /home/airflow/.local/lib/python3.7/site-packages/airflow/example_dags/tutorial_taskflow_api_virtualenv.py
[2025-12-05T01:16:47.224+0000] {processor.py:758} INFO - Processing file /home/airflow/.local/lib/python3.7/site-packages/airflow/example_dags/tutorial_taskflow_api_virtualenv.py for tasks to queue
[2025-12-05T01:16:47.224+0000] {logging_mixin.py:117} INFO - [2025-12-05T01:16:47.224+0000] {dagbag.py:525} INFO - Filling up the DagBag from /home/airflow/.local/lib/python3.7/site-packages/airflow/example_dags/tutorial_taskflow_api_virtualenv.py
[2025-12-05T01:16:47.236+0000] {processor.py:768} INFO - DAG(s) dict_keys(['tutorial_taskflow_api_virtualenv']) retrieved from /home/airflow/.local/lib/python3.7/site-packages/airflow/example_dags/tutorial_taskflow_api_virtualenv.py
[2025-12-05T01:16:47.260+0000] {logging_mixin.py:117} INFO - [2025-12-05T01:16:47.260+0000] {dag.py:2573} INFO - Sync 1 DAGs
[2025-12-05T01:16:47.271+0000] {logging_mixin.py:117} INFO - [2025-12-05T01:16:47.271+0000] {dag.py:3328} INFO - Setting next_dagrun for tutorial_taskflow_api_virtualenv to None, run_after=None
[2025-12-05T01:16:47.279+0000] {processor.py:178} INFO - Processing /home/airflow/.local/lib/python3.7/site-packages/airflow/example_dags/tutorial_taskflow_api_virtualenv.py took 0.058 seconds
[2025-12-05T01:17:17.512+0000] {processor.py:156} INFO - Started process (PID=12498) to work on /home/airflow/.local/lib/python3.7/site-packages/airflow/example_dags/tutorial_taskflow_api_virtualenv.py
[2025-12-05T01:17:17.513+0000] {processor.py:758} INFO - Processing file /home/airflow/.local/lib/python3.7/site-packages/airflow/example_dags/tutorial_taskflow_api_virtualenv.py for tasks to queue
[2025-12-05T01:17:17.514+0000] {logging_mixin.py:117} INFO - [2025-12-05T01:17:17.514+0000] {dagbag.py:525} INFO - Filling up the DagBag from /home/airflow/.local/lib/python3.7/site-packages/airflow/example_dags/tutorial_taskflow_api_virtualenv.py
[2025-12-05T01:17:17.532+0000] {processor.py:768} INFO - DAG(s) dict_keys(['tutorial_taskflow_api_virtualenv']) retrieved from /home/airflow/.local/lib/python3.7/site-packages/airflow/example_dags/tutorial_taskflow_api_virtualenv.py
[2025-12-05T01:17:17.566+0000] {logging_mixin.py:117} INFO - [2025-12-05T01:17:17.565+0000] {dag.py:2573} INFO - Sync 1 DAGs
[2025-12-05T01:17:17.584+0000] {logging_mixin.py:117} INFO - [2025-12-05T01:17:17.584+0000] {dag.py:3328} INFO - Setting next_dagrun for tutorial_taskflow_api_virtualenv to None, run_after=None
[2025-12-05T01:17:17.598+0000] {processor.py:178} INFO - Processing /home/airflow/.local/lib/python3.7/site-packages/airflow/example_dags/tutorial_taskflow_api_virtualenv.py took 0.097 seconds
[2025-12-05T01:17:47.940+0000] {processor.py:156} INFO - Started process (PID=12708) to work on /home/airflow/.local/lib/python3.7/site-packages/airflow/example_dags/tutorial_taskflow_api_virtualenv.py
[2025-12-05T01:17:47.941+0000] {processor.py:758} INFO - Processing file /home/airflow/.local/lib/python3.7/site-packages/airflow/example_dags/tutorial_taskflow_api_virtualenv.py for tasks to queue
[2025-12-05T01:17:47.941+0000] {logging_mixin.py:117} INFO - [2025-12-05T01:17:47.941+0000] {dagbag.py:525} INFO - Filling up the DagBag from /home/airflow/.local/lib/python3.7/site-packages/airflow/example_dags/tutorial_taskflow_api_virtualenv.py
[2025-12-05T01:17:47.953+0000] {processor.py:768} INFO - DAG(s) dict_keys(['tutorial_taskflow_api_virtualenv']) retrieved from /home/airflow/.local/lib/python3.7/site-packages/airflow/example_dags/tutorial_taskflow_api_virtualenv.py
[2025-12-05T01:17:47.977+0000] {logging_mixin.py:117} INFO - [2025-12-05T01:17:47.976+0000] {dag.py:2573} INFO - Sync 1 DAGs
[2025-12-05T01:17:47.990+0000] {logging_mixin.py:117} INFO - [2025-12-05T01:17:47.990+0000] {dag.py:3328} INFO - Setting next_dagrun for tutorial_taskflow_api_virtualenv to None, run_after=None
[2025-12-05T01:17:47.998+0000] {processor.py:178} INFO - Processing /home/airflow/.local/lib/python3.7/site-packages/airflow/example_dags/tutorial_taskflow_api_virtualenv.py took 0.060 seconds
[2025-12-05T01:18:18.156+0000] {processor.py:156} INFO - Started process (PID=12914) to work on /home/airflow/.local/lib/python3.7/site-packages/airflow/example_dags/tutorial_taskflow_api_virtualenv.py
[2025-12-05T01:18:18.157+0000] {processor.py:758} INFO - Processing file /home/airflow/.local/lib/python3.7/site-packages/airflow/example_dags/tutorial_taskflow_api_virtualenv.py for tasks to queue
[2025-12-05T01:18:18.158+0000] {logging_mixin.py:117} INFO - [2025-12-05T01:18:18.158+0000] {dagbag.py:525} INFO - Filling up the DagBag from /home/airflow/.local/lib/python3.7/site-packages/airflow/example_dags/tutorial_taskflow_api_virtualenv.py
[2025-12-05T01:18:18.173+0000] {processor.py:768} INFO - DAG(s) dict_keys(['tutorial_taskflow_api_virtualenv']) retrieved from /home/airflow/.local/lib/python3.7/site-packages/airflow/example_dags/tutorial_taskflow_api_virtualenv.py
[2025-12-05T01:18:18.195+0000] {logging_mixin.py:117} INFO - [2025-12-05T01:18:18.195+0000] {dag.py:2573} INFO - Sync 1 DAGs
[2025-12-05T01:18:18.208+0000] {logging_mixin.py:117} INFO - [2025-12-05T01:18:18.208+0000] {dag.py:3328} INFO - Setting next_dagrun for tutorial_taskflow_api_virtualenv to None, run_after=None
[2025-12-05T01:18:18.217+0000] {processor.py:178} INFO - Processing /home/airflow/.local/lib/python3.7/site-packages/airflow/example_dags/tutorial_taskflow_api_virtualenv.py took 0.064 seconds
[2025-12-05T01:18:48.532+0000] {processor.py:156} INFO - Started process (PID=13120) to work on /home/airflow/.local/lib/python3.7/site-packages/airflow/example_dags/tutorial_taskflow_api_virtualenv.py
[2025-12-05T01:18:48.533+0000] {processor.py:758} INFO - Processing file /home/airflow/.local/lib/python3.7/site-packages/airflow/example_dags/tutorial_taskflow_api_virtualenv.py for tasks to queue
[2025-12-05T01:18:48.537+0000] {logging_mixin.py:117} INFO - [2025-12-05T01:18:48.537+0000] {dagbag.py:525} INFO - Filling up the DagBag from /home/airflow/.local/lib/python3.7/site-packages/airflow/example_dags/tutorial_taskflow_api_virtualenv.py
[2025-12-05T01:18:48.552+0000] {processor.py:768} INFO - DAG(s) dict_keys(['tutorial_taskflow_api_virtualenv']) retrieved from /home/airflow/.local/lib/python3.7/site-packages/airflow/example_dags/tutorial_taskflow_api_virtualenv.py
[2025-12-05T01:18:48.573+0000] {logging_mixin.py:117} INFO - [2025-12-05T01:18:48.573+0000] {dag.py:2573} INFO - Sync 1 DAGs
[2025-12-05T01:18:48.584+0000] {logging_mixin.py:117} INFO - [2025-12-05T01:18:48.584+0000] {dag.py:3328} INFO - Setting next_dagrun for tutorial_taskflow_api_virtualenv to None, run_after=None
[2025-12-05T01:18:48.595+0000] {processor.py:178} INFO - Processing /home/airflow/.local/lib/python3.7/site-packages/airflow/example_dags/tutorial_taskflow_api_virtualenv.py took 0.064 seconds
[2025-12-05T01:19:19.513+0000] {processor.py:156} INFO - Started process (PID=13326) to work on /home/airflow/.local/lib/python3.7/site-packages/airflow/example_dags/tutorial_taskflow_api_virtualenv.py
[2025-12-05T01:19:19.513+0000] {processor.py:758} INFO - Processing file /home/airflow/.local/lib/python3.7/site-packages/airflow/example_dags/tutorial_taskflow_api_virtualenv.py for tasks to queue
[2025-12-05T01:19:19.514+0000] {logging_mixin.py:117} INFO - [2025-12-05T01:19:19.514+0000] {dagbag.py:525} INFO - Filling up the DagBag from /home/airflow/.local/lib/python3.7/site-packages/airflow/example_dags/tutorial_taskflow_api_virtualenv.py
[2025-12-05T01:19:19.527+0000] {processor.py:768} INFO - DAG(s) dict_keys(['tutorial_taskflow_api_virtualenv']) retrieved from /home/airflow/.local/lib/python3.7/site-packages/airflow/example_dags/tutorial_taskflow_api_virtualenv.py
[2025-12-05T01:19:19.547+0000] {logging_mixin.py:117} INFO - [2025-12-05T01:19:19.547+0000] {dag.py:2573} INFO - Sync 1 DAGs
[2025-12-05T01:19:19.558+0000] {logging_mixin.py:117} INFO - [2025-12-05T01:19:19.558+0000] {dag.py:3328} INFO - Setting next_dagrun for tutorial_taskflow_api_virtualenv to None, run_after=None
[2025-12-05T01:19:19.568+0000] {processor.py:178} INFO - Processing /home/airflow/.local/lib/python3.7/site-packages/airflow/example_dags/tutorial_taskflow_api_virtualenv.py took 0.058 seconds
[2025-12-05T01:19:50.345+0000] {processor.py:156} INFO - Started process (PID=13532) to work on /home/airflow/.local/lib/python3.7/site-packages/airflow/example_dags/tutorial_taskflow_api_virtualenv.py
[2025-12-05T01:19:50.346+0000] {processor.py:758} INFO - Processing file /home/airflow/.local/lib/python3.7/site-packages/airflow/example_dags/tutorial_taskflow_api_virtualenv.py for tasks to queue
[2025-12-05T01:19:50.347+0000] {logging_mixin.py:117} INFO - [2025-12-05T01:19:50.347+0000] {dagbag.py:525} INFO - Filling up the DagBag from /home/airflow/.local/lib/python3.7/site-packages/airflow/example_dags/tutorial_taskflow_api_virtualenv.py
[2025-12-05T01:19:50.361+0000] {processor.py:768} INFO - DAG(s) dict_keys(['tutorial_taskflow_api_virtualenv']) retrieved from /home/airflow/.local/lib/python3.7/site-packages/airflow/example_dags/tutorial_taskflow_api_virtualenv.py
[2025-12-05T01:19:50.383+0000] {logging_mixin.py:117} INFO - [2025-12-05T01:19:50.382+0000] {dag.py:2573} INFO - Sync 1 DAGs
[2025-12-05T01:19:50.397+0000] {logging_mixin.py:117} INFO - [2025-12-05T01:19:50.397+0000] {dag.py:3328} INFO - Setting next_dagrun for tutorial_taskflow_api_virtualenv to None, run_after=None
[2025-12-05T01:19:50.405+0000] {processor.py:178} INFO - Processing /home/airflow/.local/lib/python3.7/site-packages/airflow/example_dags/tutorial_taskflow_api_virtualenv.py took 0.064 seconds
[2025-12-05T01:20:21.281+0000] {processor.py:156} INFO - Started process (PID=13740) to work on /home/airflow/.local/lib/python3.7/site-packages/airflow/example_dags/tutorial_taskflow_api_virtualenv.py
[2025-12-05T01:20:21.282+0000] {processor.py:758} INFO - Processing file /home/airflow/.local/lib/python3.7/site-packages/airflow/example_dags/tutorial_taskflow_api_virtualenv.py for tasks to queue
[2025-12-05T01:20:21.282+0000] {logging_mixin.py:117} INFO - [2025-12-05T01:20:21.282+0000] {dagbag.py:525} INFO - Filling up the DagBag from /home/airflow/.local/lib/python3.7/site-packages/airflow/example_dags/tutorial_taskflow_api_virtualenv.py
[2025-12-05T01:20:21.293+0000] {processor.py:768} INFO - DAG(s) dict_keys(['tutorial_taskflow_api_virtualenv']) retrieved from /home/airflow/.local/lib/python3.7/site-packages/airflow/example_dags/tutorial_taskflow_api_virtualenv.py
[2025-12-05T01:20:21.312+0000] {logging_mixin.py:117} INFO - [2025-12-05T01:20:21.312+0000] {dag.py:2573} INFO - Sync 1 DAGs
[2025-12-05T01:20:21.323+0000] {logging_mixin.py:117} INFO - [2025-12-05T01:20:21.323+0000] {dag.py:3328} INFO - Setting next_dagrun for tutorial_taskflow_api_virtualenv to None, run_after=None
[2025-12-05T01:20:21.331+0000] {processor.py:178} INFO - Processing /home/airflow/.local/lib/python3.7/site-packages/airflow/example_dags/tutorial_taskflow_api_virtualenv.py took 0.052 seconds
[2025-12-05T01:20:52.230+0000] {processor.py:156} INFO - Started process (PID=13944) to work on /home/airflow/.local/lib/python3.7/site-packages/airflow/example_dags/tutorial_taskflow_api_virtualenv.py
[2025-12-05T01:20:52.231+0000] {processor.py:758} INFO - Processing file /home/airflow/.local/lib/python3.7/site-packages/airflow/example_dags/tutorial_taskflow_api_virtualenv.py for tasks to queue
[2025-12-05T01:20:52.231+0000] {logging_mixin.py:117} INFO - [2025-12-05T01:20:52.231+0000] {dagbag.py:525} INFO - Filling up the DagBag from /home/airflow/.local/lib/python3.7/site-packages/airflow/example_dags/tutorial_taskflow_api_virtualenv.py
[2025-12-05T01:20:52.245+0000] {processor.py:768} INFO - DAG(s) dict_keys(['tutorial_taskflow_api_virtualenv']) retrieved from /home/airflow/.local/lib/python3.7/site-packages/airflow/example_dags/tutorial_taskflow_api_virtualenv.py
[2025-12-05T01:20:52.264+0000] {logging_mixin.py:117} INFO - [2025-12-05T01:20:52.264+0000] {dag.py:2573} INFO - Sync 1 DAGs
[2025-12-05T01:20:52.276+0000] {logging_mixin.py:117} INFO - [2025-12-05T01:20:52.276+0000] {dag.py:3328} INFO - Setting next_dagrun for tutorial_taskflow_api_virtualenv to None, run_after=None
[2025-12-05T01:20:52.285+0000] {processor.py:178} INFO - Processing /home/airflow/.local/lib/python3.7/site-packages/airflow/example_dags/tutorial_taskflow_api_virtualenv.py took 0.058 seconds
