[2025-12-05T00:46:08.404+0000] {processor.py:156} INFO - Started process (PID=334) to work on /home/airflow/.local/lib/python3.7/site-packages/airflow/example_dags/tutorial_dag.py
[2025-12-05T00:46:08.405+0000] {processor.py:758} INFO - Processing file /home/airflow/.local/lib/python3.7/site-packages/airflow/example_dags/tutorial_dag.py for tasks to queue
[2025-12-05T00:46:08.405+0000] {logging_mixin.py:117} INFO - [2025-12-05T00:46:08.405+0000] {dagbag.py:525} INFO - Filling up the DagBag from /home/airflow/.local/lib/python3.7/site-packages/airflow/example_dags/tutorial_dag.py
[2025-12-05T00:46:08.413+0000] {processor.py:768} INFO - DAG(s) dict_keys(['tutorial_dag']) retrieved from /home/airflow/.local/lib/python3.7/site-packages/airflow/example_dags/tutorial_dag.py
[2025-12-05T00:46:08.475+0000] {logging_mixin.py:117} INFO - [2025-12-05T00:46:08.475+0000] {manager.py:508} INFO - Created Permission View: can read on DAG:tutorial_dag
[2025-12-05T00:46:08.482+0000] {logging_mixin.py:117} INFO - [2025-12-05T00:46:08.482+0000] {manager.py:508} INFO - Created Permission View: can delete on DAG:tutorial_dag
[2025-12-05T00:46:08.487+0000] {logging_mixin.py:117} INFO - [2025-12-05T00:46:08.487+0000] {manager.py:508} INFO - Created Permission View: can edit on DAG:tutorial_dag
[2025-12-05T00:46:08.489+0000] {logging_mixin.py:117} INFO - [2025-12-05T00:46:08.489+0000] {dag.py:2573} INFO - Sync 1 DAGs
[2025-12-05T00:46:08.583+0000] {logging_mixin.py:117} INFO - [2025-12-05T00:46:08.583+0000] {dag.py:2594} INFO - Creating ORM DAG for tutorial_dag
[2025-12-05T00:46:08.589+0000] {logging_mixin.py:117} INFO - [2025-12-05T00:46:08.589+0000] {dag.py:3328} INFO - Setting next_dagrun for tutorial_dag to None, run_after=None
[2025-12-05T00:46:08.598+0000] {processor.py:178} INFO - Processing /home/airflow/.local/lib/python3.7/site-packages/airflow/example_dags/tutorial_dag.py took 0.196 seconds
[2025-12-05T00:46:39.579+0000] {processor.py:156} INFO - Started process (PID=537) to work on /home/airflow/.local/lib/python3.7/site-packages/airflow/example_dags/tutorial_dag.py
[2025-12-05T00:46:39.581+0000] {processor.py:758} INFO - Processing file /home/airflow/.local/lib/python3.7/site-packages/airflow/example_dags/tutorial_dag.py for tasks to queue
[2025-12-05T00:46:39.582+0000] {logging_mixin.py:117} INFO - [2025-12-05T00:46:39.582+0000] {dagbag.py:525} INFO - Filling up the DagBag from /home/airflow/.local/lib/python3.7/site-packages/airflow/example_dags/tutorial_dag.py
[2025-12-05T00:46:39.595+0000] {processor.py:768} INFO - DAG(s) dict_keys(['tutorial_dag']) retrieved from /home/airflow/.local/lib/python3.7/site-packages/airflow/example_dags/tutorial_dag.py
[2025-12-05T00:46:39.624+0000] {logging_mixin.py:117} INFO - [2025-12-05T00:46:39.624+0000] {dag.py:2573} INFO - Sync 1 DAGs
[2025-12-05T00:46:39.639+0000] {logging_mixin.py:117} INFO - [2025-12-05T00:46:39.639+0000] {dag.py:3328} INFO - Setting next_dagrun for tutorial_dag to None, run_after=None
[2025-12-05T00:46:39.651+0000] {processor.py:178} INFO - Processing /home/airflow/.local/lib/python3.7/site-packages/airflow/example_dags/tutorial_dag.py took 0.076 seconds
[2025-12-05T00:47:09.670+0000] {processor.py:156} INFO - Started process (PID=739) to work on /home/airflow/.local/lib/python3.7/site-packages/airflow/example_dags/tutorial_dag.py
[2025-12-05T00:47:09.671+0000] {processor.py:758} INFO - Processing file /home/airflow/.local/lib/python3.7/site-packages/airflow/example_dags/tutorial_dag.py for tasks to queue
[2025-12-05T00:47:09.671+0000] {logging_mixin.py:117} INFO - [2025-12-05T00:47:09.671+0000] {dagbag.py:525} INFO - Filling up the DagBag from /home/airflow/.local/lib/python3.7/site-packages/airflow/example_dags/tutorial_dag.py
[2025-12-05T00:47:09.678+0000] {processor.py:768} INFO - DAG(s) dict_keys(['tutorial_dag']) retrieved from /home/airflow/.local/lib/python3.7/site-packages/airflow/example_dags/tutorial_dag.py
[2025-12-05T00:47:09.700+0000] {logging_mixin.py:117} INFO - [2025-12-05T00:47:09.700+0000] {dag.py:2573} INFO - Sync 1 DAGs
[2025-12-05T00:47:09.713+0000] {logging_mixin.py:117} INFO - [2025-12-05T00:47:09.713+0000] {dag.py:3328} INFO - Setting next_dagrun for tutorial_dag to None, run_after=None
[2025-12-05T00:47:09.722+0000] {processor.py:178} INFO - Processing /home/airflow/.local/lib/python3.7/site-packages/airflow/example_dags/tutorial_dag.py took 0.053 seconds
[2025-12-05T00:47:40.113+0000] {processor.py:156} INFO - Started process (PID=938) to work on /home/airflow/.local/lib/python3.7/site-packages/airflow/example_dags/tutorial_dag.py
[2025-12-05T00:47:40.114+0000] {processor.py:758} INFO - Processing file /home/airflow/.local/lib/python3.7/site-packages/airflow/example_dags/tutorial_dag.py for tasks to queue
[2025-12-05T00:47:40.115+0000] {logging_mixin.py:117} INFO - [2025-12-05T00:47:40.115+0000] {dagbag.py:525} INFO - Filling up the DagBag from /home/airflow/.local/lib/python3.7/site-packages/airflow/example_dags/tutorial_dag.py
[2025-12-05T00:47:40.124+0000] {processor.py:768} INFO - DAG(s) dict_keys(['tutorial_dag']) retrieved from /home/airflow/.local/lib/python3.7/site-packages/airflow/example_dags/tutorial_dag.py
[2025-12-05T00:47:40.153+0000] {logging_mixin.py:117} INFO - [2025-12-05T00:47:40.153+0000] {dag.py:2573} INFO - Sync 1 DAGs
[2025-12-05T00:47:40.170+0000] {logging_mixin.py:117} INFO - [2025-12-05T00:47:40.170+0000] {dag.py:3328} INFO - Setting next_dagrun for tutorial_dag to None, run_after=None
[2025-12-05T00:47:40.285+0000] {processor.py:178} INFO - Processing /home/airflow/.local/lib/python3.7/site-packages/airflow/example_dags/tutorial_dag.py took 0.173 seconds
[2025-12-05T00:48:11.087+0000] {processor.py:156} INFO - Started process (PID=1141) to work on /home/airflow/.local/lib/python3.7/site-packages/airflow/example_dags/tutorial_dag.py
[2025-12-05T00:48:11.087+0000] {processor.py:758} INFO - Processing file /home/airflow/.local/lib/python3.7/site-packages/airflow/example_dags/tutorial_dag.py for tasks to queue
[2025-12-05T00:48:11.088+0000] {logging_mixin.py:117} INFO - [2025-12-05T00:48:11.088+0000] {dagbag.py:525} INFO - Filling up the DagBag from /home/airflow/.local/lib/python3.7/site-packages/airflow/example_dags/tutorial_dag.py
[2025-12-05T00:48:11.095+0000] {processor.py:768} INFO - DAG(s) dict_keys(['tutorial_dag']) retrieved from /home/airflow/.local/lib/python3.7/site-packages/airflow/example_dags/tutorial_dag.py
[2025-12-05T00:48:11.118+0000] {logging_mixin.py:117} INFO - [2025-12-05T00:48:11.118+0000] {dag.py:2573} INFO - Sync 1 DAGs
[2025-12-05T00:48:11.193+0000] {logging_mixin.py:117} INFO - [2025-12-05T00:48:11.193+0000] {dag.py:3328} INFO - Setting next_dagrun for tutorial_dag to None, run_after=None
[2025-12-05T00:48:11.200+0000] {processor.py:178} INFO - Processing /home/airflow/.local/lib/python3.7/site-packages/airflow/example_dags/tutorial_dag.py took 0.115 seconds
[2025-12-05T00:48:41.939+0000] {processor.py:156} INFO - Started process (PID=1340) to work on /home/airflow/.local/lib/python3.7/site-packages/airflow/example_dags/tutorial_dag.py
[2025-12-05T00:48:41.941+0000] {processor.py:758} INFO - Processing file /home/airflow/.local/lib/python3.7/site-packages/airflow/example_dags/tutorial_dag.py for tasks to queue
[2025-12-05T00:48:41.941+0000] {logging_mixin.py:117} INFO - [2025-12-05T00:48:41.941+0000] {dagbag.py:525} INFO - Filling up the DagBag from /home/airflow/.local/lib/python3.7/site-packages/airflow/example_dags/tutorial_dag.py
[2025-12-05T00:48:41.947+0000] {processor.py:768} INFO - DAG(s) dict_keys(['tutorial_dag']) retrieved from /home/airflow/.local/lib/python3.7/site-packages/airflow/example_dags/tutorial_dag.py
[2025-12-05T00:48:42.042+0000] {logging_mixin.py:117} INFO - [2025-12-05T00:48:42.042+0000] {dag.py:2573} INFO - Sync 1 DAGs
[2025-12-05T00:48:42.053+0000] {logging_mixin.py:117} INFO - [2025-12-05T00:48:42.053+0000] {dag.py:3328} INFO - Setting next_dagrun for tutorial_dag to None, run_after=None
[2025-12-05T00:48:42.063+0000] {processor.py:178} INFO - Processing /home/airflow/.local/lib/python3.7/site-packages/airflow/example_dags/tutorial_dag.py took 0.126 seconds
[2025-12-05T00:49:12.852+0000] {processor.py:156} INFO - Started process (PID=1543) to work on /home/airflow/.local/lib/python3.7/site-packages/airflow/example_dags/tutorial_dag.py
[2025-12-05T00:49:12.853+0000] {processor.py:758} INFO - Processing file /home/airflow/.local/lib/python3.7/site-packages/airflow/example_dags/tutorial_dag.py for tasks to queue
[2025-12-05T00:49:12.853+0000] {logging_mixin.py:117} INFO - [2025-12-05T00:49:12.853+0000] {dagbag.py:525} INFO - Filling up the DagBag from /home/airflow/.local/lib/python3.7/site-packages/airflow/example_dags/tutorial_dag.py
[2025-12-05T00:49:12.859+0000] {processor.py:768} INFO - DAG(s) dict_keys(['tutorial_dag']) retrieved from /home/airflow/.local/lib/python3.7/site-packages/airflow/example_dags/tutorial_dag.py
[2025-12-05T00:49:12.948+0000] {logging_mixin.py:117} INFO - [2025-12-05T00:49:12.948+0000] {dag.py:2573} INFO - Sync 1 DAGs
[2025-12-05T00:49:12.957+0000] {logging_mixin.py:117} INFO - [2025-12-05T00:49:12.957+0000] {dag.py:3328} INFO - Setting next_dagrun for tutorial_dag to None, run_after=None
[2025-12-05T00:49:12.964+0000] {processor.py:178} INFO - Processing /home/airflow/.local/lib/python3.7/site-packages/airflow/example_dags/tutorial_dag.py took 0.113 seconds
[2025-12-05T00:49:43.289+0000] {processor.py:156} INFO - Started process (PID=1742) to work on /home/airflow/.local/lib/python3.7/site-packages/airflow/example_dags/tutorial_dag.py
[2025-12-05T00:49:43.290+0000] {processor.py:758} INFO - Processing file /home/airflow/.local/lib/python3.7/site-packages/airflow/example_dags/tutorial_dag.py for tasks to queue
[2025-12-05T00:49:43.290+0000] {logging_mixin.py:117} INFO - [2025-12-05T00:49:43.290+0000] {dagbag.py:525} INFO - Filling up the DagBag from /home/airflow/.local/lib/python3.7/site-packages/airflow/example_dags/tutorial_dag.py
[2025-12-05T00:49:43.297+0000] {processor.py:768} INFO - DAG(s) dict_keys(['tutorial_dag']) retrieved from /home/airflow/.local/lib/python3.7/site-packages/airflow/example_dags/tutorial_dag.py
[2025-12-05T00:49:43.403+0000] {logging_mixin.py:117} INFO - [2025-12-05T00:49:43.403+0000] {dag.py:2573} INFO - Sync 1 DAGs
[2025-12-05T00:49:43.416+0000] {logging_mixin.py:117} INFO - [2025-12-05T00:49:43.416+0000] {dag.py:3328} INFO - Setting next_dagrun for tutorial_dag to None, run_after=None
[2025-12-05T00:49:43.426+0000] {processor.py:178} INFO - Processing /home/airflow/.local/lib/python3.7/site-packages/airflow/example_dags/tutorial_dag.py took 0.138 seconds
[2025-12-05T00:50:14.261+0000] {processor.py:156} INFO - Started process (PID=1944) to work on /home/airflow/.local/lib/python3.7/site-packages/airflow/example_dags/tutorial_dag.py
[2025-12-05T00:50:14.262+0000] {processor.py:758} INFO - Processing file /home/airflow/.local/lib/python3.7/site-packages/airflow/example_dags/tutorial_dag.py for tasks to queue
[2025-12-05T00:50:14.263+0000] {logging_mixin.py:117} INFO - [2025-12-05T00:50:14.263+0000] {dagbag.py:525} INFO - Filling up the DagBag from /home/airflow/.local/lib/python3.7/site-packages/airflow/example_dags/tutorial_dag.py
[2025-12-05T00:50:14.270+0000] {processor.py:768} INFO - DAG(s) dict_keys(['tutorial_dag']) retrieved from /home/airflow/.local/lib/python3.7/site-packages/airflow/example_dags/tutorial_dag.py
[2025-12-05T00:50:14.292+0000] {logging_mixin.py:117} INFO - [2025-12-05T00:50:14.292+0000] {dag.py:2573} INFO - Sync 1 DAGs
[2025-12-05T00:50:14.385+0000] {logging_mixin.py:117} INFO - [2025-12-05T00:50:14.385+0000] {dag.py:3328} INFO - Setting next_dagrun for tutorial_dag to None, run_after=None
[2025-12-05T00:50:14.394+0000] {processor.py:178} INFO - Processing /home/airflow/.local/lib/python3.7/site-packages/airflow/example_dags/tutorial_dag.py took 0.134 seconds
[2025-12-05T00:50:44.988+0000] {processor.py:156} INFO - Started process (PID=2145) to work on /home/airflow/.local/lib/python3.7/site-packages/airflow/example_dags/tutorial_dag.py
[2025-12-05T00:50:44.989+0000] {processor.py:758} INFO - Processing file /home/airflow/.local/lib/python3.7/site-packages/airflow/example_dags/tutorial_dag.py for tasks to queue
[2025-12-05T00:50:44.990+0000] {logging_mixin.py:117} INFO - [2025-12-05T00:50:44.990+0000] {dagbag.py:525} INFO - Filling up the DagBag from /home/airflow/.local/lib/python3.7/site-packages/airflow/example_dags/tutorial_dag.py
[2025-12-05T00:50:45.011+0000] {processor.py:768} INFO - DAG(s) dict_keys(['tutorial_dag']) retrieved from /home/airflow/.local/lib/python3.7/site-packages/airflow/example_dags/tutorial_dag.py
[2025-12-05T00:50:45.061+0000] {logging_mixin.py:117} INFO - [2025-12-05T00:50:45.061+0000] {dag.py:2573} INFO - Sync 1 DAGs
[2025-12-05T00:50:45.232+0000] {logging_mixin.py:117} INFO - [2025-12-05T00:50:45.232+0000] {dag.py:3328} INFO - Setting next_dagrun for tutorial_dag to None, run_after=None
[2025-12-05T00:50:45.246+0000] {processor.py:178} INFO - Processing /home/airflow/.local/lib/python3.7/site-packages/airflow/example_dags/tutorial_dag.py took 0.263 seconds
[2025-12-05T00:51:15.628+0000] {processor.py:156} INFO - Started process (PID=2346) to work on /home/airflow/.local/lib/python3.7/site-packages/airflow/example_dags/tutorial_dag.py
[2025-12-05T00:51:15.629+0000] {processor.py:758} INFO - Processing file /home/airflow/.local/lib/python3.7/site-packages/airflow/example_dags/tutorial_dag.py for tasks to queue
[2025-12-05T00:51:15.630+0000] {logging_mixin.py:117} INFO - [2025-12-05T00:51:15.630+0000] {dagbag.py:525} INFO - Filling up the DagBag from /home/airflow/.local/lib/python3.7/site-packages/airflow/example_dags/tutorial_dag.py
[2025-12-05T00:51:15.638+0000] {processor.py:768} INFO - DAG(s) dict_keys(['tutorial_dag']) retrieved from /home/airflow/.local/lib/python3.7/site-packages/airflow/example_dags/tutorial_dag.py
[2025-12-05T00:51:15.769+0000] {logging_mixin.py:117} INFO - [2025-12-05T00:51:15.768+0000] {dag.py:2573} INFO - Sync 1 DAGs
[2025-12-05T00:51:15.779+0000] {logging_mixin.py:117} INFO - [2025-12-05T00:51:15.779+0000] {dag.py:3328} INFO - Setting next_dagrun for tutorial_dag to None, run_after=None
[2025-12-05T00:51:15.786+0000] {processor.py:178} INFO - Processing /home/airflow/.local/lib/python3.7/site-packages/airflow/example_dags/tutorial_dag.py took 0.160 seconds
[2025-12-05T00:51:46.572+0000] {processor.py:156} INFO - Started process (PID=2547) to work on /home/airflow/.local/lib/python3.7/site-packages/airflow/example_dags/tutorial_dag.py
[2025-12-05T00:51:46.573+0000] {processor.py:758} INFO - Processing file /home/airflow/.local/lib/python3.7/site-packages/airflow/example_dags/tutorial_dag.py for tasks to queue
[2025-12-05T00:51:46.573+0000] {logging_mixin.py:117} INFO - [2025-12-05T00:51:46.573+0000] {dagbag.py:525} INFO - Filling up the DagBag from /home/airflow/.local/lib/python3.7/site-packages/airflow/example_dags/tutorial_dag.py
[2025-12-05T00:51:46.672+0000] {processor.py:768} INFO - DAG(s) dict_keys(['tutorial_dag']) retrieved from /home/airflow/.local/lib/python3.7/site-packages/airflow/example_dags/tutorial_dag.py
[2025-12-05T00:51:46.687+0000] {logging_mixin.py:117} INFO - [2025-12-05T00:51:46.687+0000] {dag.py:2573} INFO - Sync 1 DAGs
[2025-12-05T00:51:46.698+0000] {logging_mixin.py:117} INFO - [2025-12-05T00:51:46.698+0000] {dag.py:3328} INFO - Setting next_dagrun for tutorial_dag to None, run_after=None
[2025-12-05T00:51:46.705+0000] {processor.py:178} INFO - Processing /home/airflow/.local/lib/python3.7/site-packages/airflow/example_dags/tutorial_dag.py took 0.135 seconds
[2025-12-05T00:52:17.066+0000] {processor.py:156} INFO - Started process (PID=2750) to work on /home/airflow/.local/lib/python3.7/site-packages/airflow/example_dags/tutorial_dag.py
[2025-12-05T00:52:17.066+0000] {processor.py:758} INFO - Processing file /home/airflow/.local/lib/python3.7/site-packages/airflow/example_dags/tutorial_dag.py for tasks to queue
[2025-12-05T00:52:17.067+0000] {logging_mixin.py:117} INFO - [2025-12-05T00:52:17.066+0000] {dagbag.py:525} INFO - Filling up the DagBag from /home/airflow/.local/lib/python3.7/site-packages/airflow/example_dags/tutorial_dag.py
[2025-12-05T00:52:17.074+0000] {processor.py:768} INFO - DAG(s) dict_keys(['tutorial_dag']) retrieved from /home/airflow/.local/lib/python3.7/site-packages/airflow/example_dags/tutorial_dag.py
[2025-12-05T00:52:17.096+0000] {logging_mixin.py:117} INFO - [2025-12-05T00:52:17.096+0000] {dag.py:2573} INFO - Sync 1 DAGs
[2025-12-05T00:52:17.183+0000] {logging_mixin.py:117} INFO - [2025-12-05T00:52:17.183+0000] {dag.py:3328} INFO - Setting next_dagrun for tutorial_dag to None, run_after=None
[2025-12-05T00:52:17.190+0000] {processor.py:178} INFO - Processing /home/airflow/.local/lib/python3.7/site-packages/airflow/example_dags/tutorial_dag.py took 0.126 seconds
[2025-12-05T00:52:47.629+0000] {processor.py:156} INFO - Started process (PID=2949) to work on /home/airflow/.local/lib/python3.7/site-packages/airflow/example_dags/tutorial_dag.py
[2025-12-05T00:52:47.631+0000] {processor.py:758} INFO - Processing file /home/airflow/.local/lib/python3.7/site-packages/airflow/example_dags/tutorial_dag.py for tasks to queue
[2025-12-05T00:52:47.632+0000] {logging_mixin.py:117} INFO - [2025-12-05T00:52:47.632+0000] {dagbag.py:525} INFO - Filling up the DagBag from /home/airflow/.local/lib/python3.7/site-packages/airflow/example_dags/tutorial_dag.py
[2025-12-05T00:52:47.640+0000] {processor.py:768} INFO - DAG(s) dict_keys(['tutorial_dag']) retrieved from /home/airflow/.local/lib/python3.7/site-packages/airflow/example_dags/tutorial_dag.py
[2025-12-05T00:52:47.750+0000] {logging_mixin.py:117} INFO - [2025-12-05T00:52:47.750+0000] {dag.py:2573} INFO - Sync 1 DAGs
[2025-12-05T00:52:47.761+0000] {logging_mixin.py:117} INFO - [2025-12-05T00:52:47.761+0000] {dag.py:3328} INFO - Setting next_dagrun for tutorial_dag to None, run_after=None
[2025-12-05T00:52:47.769+0000] {processor.py:178} INFO - Processing /home/airflow/.local/lib/python3.7/site-packages/airflow/example_dags/tutorial_dag.py took 0.142 seconds
[2025-12-05T00:53:18.136+0000] {processor.py:156} INFO - Started process (PID=3152) to work on /home/airflow/.local/lib/python3.7/site-packages/airflow/example_dags/tutorial_dag.py
[2025-12-05T00:53:18.136+0000] {processor.py:758} INFO - Processing file /home/airflow/.local/lib/python3.7/site-packages/airflow/example_dags/tutorial_dag.py for tasks to queue
[2025-12-05T00:53:18.137+0000] {logging_mixin.py:117} INFO - [2025-12-05T00:53:18.137+0000] {dagbag.py:525} INFO - Filling up the DagBag from /home/airflow/.local/lib/python3.7/site-packages/airflow/example_dags/tutorial_dag.py
[2025-12-05T00:53:18.144+0000] {processor.py:768} INFO - DAG(s) dict_keys(['tutorial_dag']) retrieved from /home/airflow/.local/lib/python3.7/site-packages/airflow/example_dags/tutorial_dag.py
[2025-12-05T00:53:18.243+0000] {logging_mixin.py:117} INFO - [2025-12-05T00:53:18.243+0000] {dag.py:2573} INFO - Sync 1 DAGs
[2025-12-05T00:53:18.253+0000] {logging_mixin.py:117} INFO - [2025-12-05T00:53:18.253+0000] {dag.py:3328} INFO - Setting next_dagrun for tutorial_dag to None, run_after=None
[2025-12-05T00:53:18.260+0000] {processor.py:178} INFO - Processing /home/airflow/.local/lib/python3.7/site-packages/airflow/example_dags/tutorial_dag.py took 0.125 seconds
[2025-12-05T00:53:49.082+0000] {processor.py:156} INFO - Started process (PID=3351) to work on /home/airflow/.local/lib/python3.7/site-packages/airflow/example_dags/tutorial_dag.py
[2025-12-05T00:53:49.082+0000] {processor.py:758} INFO - Processing file /home/airflow/.local/lib/python3.7/site-packages/airflow/example_dags/tutorial_dag.py for tasks to queue
[2025-12-05T00:53:49.083+0000] {logging_mixin.py:117} INFO - [2025-12-05T00:53:49.083+0000] {dagbag.py:525} INFO - Filling up the DagBag from /home/airflow/.local/lib/python3.7/site-packages/airflow/example_dags/tutorial_dag.py
[2025-12-05T00:53:49.180+0000] {processor.py:768} INFO - DAG(s) dict_keys(['tutorial_dag']) retrieved from /home/airflow/.local/lib/python3.7/site-packages/airflow/example_dags/tutorial_dag.py
[2025-12-05T00:53:49.195+0000] {logging_mixin.py:117} INFO - [2025-12-05T00:53:49.195+0000] {dag.py:2573} INFO - Sync 1 DAGs
[2025-12-05T00:53:49.206+0000] {logging_mixin.py:117} INFO - [2025-12-05T00:53:49.206+0000] {dag.py:3328} INFO - Setting next_dagrun for tutorial_dag to None, run_after=None
[2025-12-05T00:53:49.214+0000] {processor.py:178} INFO - Processing /home/airflow/.local/lib/python3.7/site-packages/airflow/example_dags/tutorial_dag.py took 0.133 seconds
[2025-12-05T00:54:19.686+0000] {processor.py:156} INFO - Started process (PID=3552) to work on /home/airflow/.local/lib/python3.7/site-packages/airflow/example_dags/tutorial_dag.py
[2025-12-05T00:54:19.686+0000] {processor.py:758} INFO - Processing file /home/airflow/.local/lib/python3.7/site-packages/airflow/example_dags/tutorial_dag.py for tasks to queue
[2025-12-05T00:54:19.687+0000] {logging_mixin.py:117} INFO - [2025-12-05T00:54:19.687+0000] {dagbag.py:525} INFO - Filling up the DagBag from /home/airflow/.local/lib/python3.7/site-packages/airflow/example_dags/tutorial_dag.py
[2025-12-05T00:54:19.694+0000] {processor.py:768} INFO - DAG(s) dict_keys(['tutorial_dag']) retrieved from /home/airflow/.local/lib/python3.7/site-packages/airflow/example_dags/tutorial_dag.py
[2025-12-05T00:54:19.712+0000] {logging_mixin.py:117} INFO - [2025-12-05T00:54:19.712+0000] {dag.py:2573} INFO - Sync 1 DAGs
[2025-12-05T00:54:19.832+0000] {logging_mixin.py:117} INFO - [2025-12-05T00:54:19.832+0000] {dag.py:3328} INFO - Setting next_dagrun for tutorial_dag to None, run_after=None
[2025-12-05T00:54:19.841+0000] {processor.py:178} INFO - Processing /home/airflow/.local/lib/python3.7/site-packages/airflow/example_dags/tutorial_dag.py took 0.156 seconds
[2025-12-05T00:54:50.561+0000] {processor.py:156} INFO - Started process (PID=3753) to work on /home/airflow/.local/lib/python3.7/site-packages/airflow/example_dags/tutorial_dag.py
[2025-12-05T00:54:50.561+0000] {processor.py:758} INFO - Processing file /home/airflow/.local/lib/python3.7/site-packages/airflow/example_dags/tutorial_dag.py for tasks to queue
[2025-12-05T00:54:50.562+0000] {logging_mixin.py:117} INFO - [2025-12-05T00:54:50.562+0000] {dagbag.py:525} INFO - Filling up the DagBag from /home/airflow/.local/lib/python3.7/site-packages/airflow/example_dags/tutorial_dag.py
[2025-12-05T00:54:50.569+0000] {processor.py:768} INFO - DAG(s) dict_keys(['tutorial_dag']) retrieved from /home/airflow/.local/lib/python3.7/site-packages/airflow/example_dags/tutorial_dag.py
[2025-12-05T00:54:50.588+0000] {logging_mixin.py:117} INFO - [2025-12-05T00:54:50.588+0000] {dag.py:2573} INFO - Sync 1 DAGs
[2025-12-05T00:54:50.684+0000] {logging_mixin.py:117} INFO - [2025-12-05T00:54:50.684+0000] {dag.py:3328} INFO - Setting next_dagrun for tutorial_dag to None, run_after=None
[2025-12-05T00:54:50.695+0000] {processor.py:178} INFO - Processing /home/airflow/.local/lib/python3.7/site-packages/airflow/example_dags/tutorial_dag.py took 0.136 seconds
[2025-12-05T00:55:21.157+0000] {processor.py:156} INFO - Started process (PID=3954) to work on /home/airflow/.local/lib/python3.7/site-packages/airflow/example_dags/tutorial_dag.py
[2025-12-05T00:55:21.158+0000] {processor.py:758} INFO - Processing file /home/airflow/.local/lib/python3.7/site-packages/airflow/example_dags/tutorial_dag.py for tasks to queue
[2025-12-05T00:55:21.158+0000] {logging_mixin.py:117} INFO - [2025-12-05T00:55:21.158+0000] {dagbag.py:525} INFO - Filling up the DagBag from /home/airflow/.local/lib/python3.7/site-packages/airflow/example_dags/tutorial_dag.py
[2025-12-05T00:55:21.166+0000] {processor.py:768} INFO - DAG(s) dict_keys(['tutorial_dag']) retrieved from /home/airflow/.local/lib/python3.7/site-packages/airflow/example_dags/tutorial_dag.py
[2025-12-05T00:55:21.274+0000] {logging_mixin.py:117} INFO - [2025-12-05T00:55:21.273+0000] {dag.py:2573} INFO - Sync 1 DAGs
[2025-12-05T00:55:21.284+0000] {logging_mixin.py:117} INFO - [2025-12-05T00:55:21.284+0000] {dag.py:3328} INFO - Setting next_dagrun for tutorial_dag to None, run_after=None
[2025-12-05T00:55:21.291+0000] {processor.py:178} INFO - Processing /home/airflow/.local/lib/python3.7/site-packages/airflow/example_dags/tutorial_dag.py took 0.136 seconds
[2025-12-05T00:55:51.752+0000] {processor.py:156} INFO - Started process (PID=4156) to work on /home/airflow/.local/lib/python3.7/site-packages/airflow/example_dags/tutorial_dag.py
[2025-12-05T00:55:51.754+0000] {processor.py:758} INFO - Processing file /home/airflow/.local/lib/python3.7/site-packages/airflow/example_dags/tutorial_dag.py for tasks to queue
[2025-12-05T00:55:51.754+0000] {logging_mixin.py:117} INFO - [2025-12-05T00:55:51.754+0000] {dagbag.py:525} INFO - Filling up the DagBag from /home/airflow/.local/lib/python3.7/site-packages/airflow/example_dags/tutorial_dag.py
[2025-12-05T00:55:51.863+0000] {processor.py:768} INFO - DAG(s) dict_keys(['tutorial_dag']) retrieved from /home/airflow/.local/lib/python3.7/site-packages/airflow/example_dags/tutorial_dag.py
[2025-12-05T00:55:51.881+0000] {logging_mixin.py:117} INFO - [2025-12-05T00:55:51.881+0000] {dag.py:2573} INFO - Sync 1 DAGs
[2025-12-05T00:55:51.892+0000] {logging_mixin.py:117} INFO - [2025-12-05T00:55:51.892+0000] {dag.py:3328} INFO - Setting next_dagrun for tutorial_dag to None, run_after=None
[2025-12-05T00:55:51.903+0000] {processor.py:178} INFO - Processing /home/airflow/.local/lib/python3.7/site-packages/airflow/example_dags/tutorial_dag.py took 0.153 seconds
[2025-12-05T00:56:21.979+0000] {processor.py:156} INFO - Started process (PID=4356) to work on /home/airflow/.local/lib/python3.7/site-packages/airflow/example_dags/tutorial_dag.py
[2025-12-05T00:56:21.979+0000] {processor.py:758} INFO - Processing file /home/airflow/.local/lib/python3.7/site-packages/airflow/example_dags/tutorial_dag.py for tasks to queue
[2025-12-05T00:56:21.979+0000] {logging_mixin.py:117} INFO - [2025-12-05T00:56:21.979+0000] {dagbag.py:525} INFO - Filling up the DagBag from /home/airflow/.local/lib/python3.7/site-packages/airflow/example_dags/tutorial_dag.py
[2025-12-05T00:56:21.986+0000] {processor.py:768} INFO - DAG(s) dict_keys(['tutorial_dag']) retrieved from /home/airflow/.local/lib/python3.7/site-packages/airflow/example_dags/tutorial_dag.py
[2025-12-05T00:56:22.005+0000] {logging_mixin.py:117} INFO - [2025-12-05T00:56:22.005+0000] {dag.py:2573} INFO - Sync 1 DAGs
[2025-12-05T00:56:22.019+0000] {logging_mixin.py:117} INFO - [2025-12-05T00:56:22.019+0000] {dag.py:3328} INFO - Setting next_dagrun for tutorial_dag to None, run_after=None
[2025-12-05T00:56:22.027+0000] {processor.py:178} INFO - Processing /home/airflow/.local/lib/python3.7/site-packages/airflow/example_dags/tutorial_dag.py took 0.050 seconds
[2025-12-05T00:56:52.865+0000] {processor.py:156} INFO - Started process (PID=4561) to work on /home/airflow/.local/lib/python3.7/site-packages/airflow/example_dags/tutorial_dag.py
[2025-12-05T00:56:52.869+0000] {processor.py:758} INFO - Processing file /home/airflow/.local/lib/python3.7/site-packages/airflow/example_dags/tutorial_dag.py for tasks to queue
[2025-12-05T00:56:52.870+0000] {logging_mixin.py:117} INFO - [2025-12-05T00:56:52.870+0000] {dagbag.py:525} INFO - Filling up the DagBag from /home/airflow/.local/lib/python3.7/site-packages/airflow/example_dags/tutorial_dag.py
[2025-12-05T00:56:52.880+0000] {processor.py:768} INFO - DAG(s) dict_keys(['tutorial_dag']) retrieved from /home/airflow/.local/lib/python3.7/site-packages/airflow/example_dags/tutorial_dag.py
[2025-12-05T00:56:52.910+0000] {logging_mixin.py:117} INFO - [2025-12-05T00:56:52.910+0000] {dag.py:2573} INFO - Sync 1 DAGs
[2025-12-05T00:56:52.924+0000] {logging_mixin.py:117} INFO - [2025-12-05T00:56:52.924+0000] {dag.py:3328} INFO - Setting next_dagrun for tutorial_dag to None, run_after=None
[2025-12-05T00:56:52.936+0000] {processor.py:178} INFO - Processing /home/airflow/.local/lib/python3.7/site-packages/airflow/example_dags/tutorial_dag.py took 0.073 seconds
[2025-12-05T00:57:23.672+0000] {processor.py:156} INFO - Started process (PID=4762) to work on /home/airflow/.local/lib/python3.7/site-packages/airflow/example_dags/tutorial_dag.py
[2025-12-05T00:57:23.675+0000] {processor.py:758} INFO - Processing file /home/airflow/.local/lib/python3.7/site-packages/airflow/example_dags/tutorial_dag.py for tasks to queue
[2025-12-05T00:57:23.676+0000] {logging_mixin.py:117} INFO - [2025-12-05T00:57:23.676+0000] {dagbag.py:525} INFO - Filling up the DagBag from /home/airflow/.local/lib/python3.7/site-packages/airflow/example_dags/tutorial_dag.py
[2025-12-05T00:57:23.684+0000] {processor.py:768} INFO - DAG(s) dict_keys(['tutorial_dag']) retrieved from /home/airflow/.local/lib/python3.7/site-packages/airflow/example_dags/tutorial_dag.py
[2025-12-05T00:57:23.704+0000] {logging_mixin.py:117} INFO - [2025-12-05T00:57:23.704+0000] {dag.py:2573} INFO - Sync 1 DAGs
[2025-12-05T00:57:23.716+0000] {logging_mixin.py:117} INFO - [2025-12-05T00:57:23.716+0000] {dag.py:3328} INFO - Setting next_dagrun for tutorial_dag to None, run_after=None
[2025-12-05T00:57:23.724+0000] {processor.py:178} INFO - Processing /home/airflow/.local/lib/python3.7/site-packages/airflow/example_dags/tutorial_dag.py took 0.054 seconds
[2025-12-05T00:57:54.633+0000] {processor.py:156} INFO - Started process (PID=4963) to work on /home/airflow/.local/lib/python3.7/site-packages/airflow/example_dags/tutorial_dag.py
[2025-12-05T00:57:54.634+0000] {processor.py:758} INFO - Processing file /home/airflow/.local/lib/python3.7/site-packages/airflow/example_dags/tutorial_dag.py for tasks to queue
[2025-12-05T00:57:54.634+0000] {logging_mixin.py:117} INFO - [2025-12-05T00:57:54.634+0000] {dagbag.py:525} INFO - Filling up the DagBag from /home/airflow/.local/lib/python3.7/site-packages/airflow/example_dags/tutorial_dag.py
[2025-12-05T00:57:54.642+0000] {processor.py:768} INFO - DAG(s) dict_keys(['tutorial_dag']) retrieved from /home/airflow/.local/lib/python3.7/site-packages/airflow/example_dags/tutorial_dag.py
[2025-12-05T00:57:54.671+0000] {logging_mixin.py:117} INFO - [2025-12-05T00:57:54.671+0000] {dag.py:2573} INFO - Sync 1 DAGs
[2025-12-05T00:57:54.687+0000] {logging_mixin.py:117} INFO - [2025-12-05T00:57:54.687+0000] {dag.py:3328} INFO - Setting next_dagrun for tutorial_dag to None, run_after=None
[2025-12-05T00:57:54.697+0000] {processor.py:178} INFO - Processing /home/airflow/.local/lib/python3.7/site-packages/airflow/example_dags/tutorial_dag.py took 0.067 seconds
[2025-12-05T00:58:25.597+0000] {processor.py:156} INFO - Started process (PID=5164) to work on /home/airflow/.local/lib/python3.7/site-packages/airflow/example_dags/tutorial_dag.py
[2025-12-05T00:58:25.600+0000] {processor.py:758} INFO - Processing file /home/airflow/.local/lib/python3.7/site-packages/airflow/example_dags/tutorial_dag.py for tasks to queue
[2025-12-05T00:58:25.601+0000] {logging_mixin.py:117} INFO - [2025-12-05T00:58:25.600+0000] {dagbag.py:525} INFO - Filling up the DagBag from /home/airflow/.local/lib/python3.7/site-packages/airflow/example_dags/tutorial_dag.py
[2025-12-05T00:58:25.608+0000] {processor.py:768} INFO - DAG(s) dict_keys(['tutorial_dag']) retrieved from /home/airflow/.local/lib/python3.7/site-packages/airflow/example_dags/tutorial_dag.py
[2025-12-05T00:58:25.625+0000] {logging_mixin.py:117} INFO - [2025-12-05T00:58:25.625+0000] {dag.py:2573} INFO - Sync 1 DAGs
[2025-12-05T00:58:25.637+0000] {logging_mixin.py:117} INFO - [2025-12-05T00:58:25.637+0000] {dag.py:3328} INFO - Setting next_dagrun for tutorial_dag to None, run_after=None
[2025-12-05T00:58:25.645+0000] {processor.py:178} INFO - Processing /home/airflow/.local/lib/python3.7/site-packages/airflow/example_dags/tutorial_dag.py took 0.049 seconds
[2025-12-05T00:58:56.407+0000] {processor.py:156} INFO - Started process (PID=5364) to work on /home/airflow/.local/lib/python3.7/site-packages/airflow/example_dags/tutorial_dag.py
[2025-12-05T00:58:56.409+0000] {processor.py:758} INFO - Processing file /home/airflow/.local/lib/python3.7/site-packages/airflow/example_dags/tutorial_dag.py for tasks to queue
[2025-12-05T00:58:56.409+0000] {logging_mixin.py:117} INFO - [2025-12-05T00:58:56.409+0000] {dagbag.py:525} INFO - Filling up the DagBag from /home/airflow/.local/lib/python3.7/site-packages/airflow/example_dags/tutorial_dag.py
[2025-12-05T00:58:56.416+0000] {processor.py:768} INFO - DAG(s) dict_keys(['tutorial_dag']) retrieved from /home/airflow/.local/lib/python3.7/site-packages/airflow/example_dags/tutorial_dag.py
[2025-12-05T00:58:56.437+0000] {logging_mixin.py:117} INFO - [2025-12-05T00:58:56.437+0000] {dag.py:2573} INFO - Sync 1 DAGs
[2025-12-05T00:58:56.450+0000] {logging_mixin.py:117} INFO - [2025-12-05T00:58:56.450+0000] {dag.py:3328} INFO - Setting next_dagrun for tutorial_dag to None, run_after=None
[2025-12-05T00:58:56.458+0000] {processor.py:178} INFO - Processing /home/airflow/.local/lib/python3.7/site-packages/airflow/example_dags/tutorial_dag.py took 0.053 seconds
[2025-12-05T00:59:27.131+0000] {processor.py:156} INFO - Started process (PID=5565) to work on /home/airflow/.local/lib/python3.7/site-packages/airflow/example_dags/tutorial_dag.py
[2025-12-05T00:59:27.132+0000] {processor.py:758} INFO - Processing file /home/airflow/.local/lib/python3.7/site-packages/airflow/example_dags/tutorial_dag.py for tasks to queue
[2025-12-05T00:59:27.132+0000] {logging_mixin.py:117} INFO - [2025-12-05T00:59:27.132+0000] {dagbag.py:525} INFO - Filling up the DagBag from /home/airflow/.local/lib/python3.7/site-packages/airflow/example_dags/tutorial_dag.py
[2025-12-05T00:59:27.138+0000] {processor.py:768} INFO - DAG(s) dict_keys(['tutorial_dag']) retrieved from /home/airflow/.local/lib/python3.7/site-packages/airflow/example_dags/tutorial_dag.py
[2025-12-05T00:59:27.159+0000] {logging_mixin.py:117} INFO - [2025-12-05T00:59:27.159+0000] {dag.py:2573} INFO - Sync 1 DAGs
[2025-12-05T00:59:27.172+0000] {logging_mixin.py:117} INFO - [2025-12-05T00:59:27.172+0000] {dag.py:3328} INFO - Setting next_dagrun for tutorial_dag to None, run_after=None
[2025-12-05T00:59:27.181+0000] {processor.py:178} INFO - Processing /home/airflow/.local/lib/python3.7/site-packages/airflow/example_dags/tutorial_dag.py took 0.052 seconds
[2025-12-05T00:59:58.119+0000] {processor.py:156} INFO - Started process (PID=5766) to work on /home/airflow/.local/lib/python3.7/site-packages/airflow/example_dags/tutorial_dag.py
[2025-12-05T00:59:58.119+0000] {processor.py:758} INFO - Processing file /home/airflow/.local/lib/python3.7/site-packages/airflow/example_dags/tutorial_dag.py for tasks to queue
[2025-12-05T00:59:58.120+0000] {logging_mixin.py:117} INFO - [2025-12-05T00:59:58.120+0000] {dagbag.py:525} INFO - Filling up the DagBag from /home/airflow/.local/lib/python3.7/site-packages/airflow/example_dags/tutorial_dag.py
[2025-12-05T00:59:58.127+0000] {processor.py:768} INFO - DAG(s) dict_keys(['tutorial_dag']) retrieved from /home/airflow/.local/lib/python3.7/site-packages/airflow/example_dags/tutorial_dag.py
[2025-12-05T00:59:58.147+0000] {logging_mixin.py:117} INFO - [2025-12-05T00:59:58.147+0000] {dag.py:2573} INFO - Sync 1 DAGs
[2025-12-05T00:59:58.159+0000] {logging_mixin.py:117} INFO - [2025-12-05T00:59:58.159+0000] {dag.py:3328} INFO - Setting next_dagrun for tutorial_dag to None, run_after=None
[2025-12-05T00:59:58.166+0000] {processor.py:178} INFO - Processing /home/airflow/.local/lib/python3.7/site-packages/airflow/example_dags/tutorial_dag.py took 0.049 seconds
[2025-12-05T01:00:28.555+0000] {processor.py:156} INFO - Started process (PID=5967) to work on /home/airflow/.local/lib/python3.7/site-packages/airflow/example_dags/tutorial_dag.py
[2025-12-05T01:00:28.558+0000] {processor.py:758} INFO - Processing file /home/airflow/.local/lib/python3.7/site-packages/airflow/example_dags/tutorial_dag.py for tasks to queue
[2025-12-05T01:00:28.558+0000] {logging_mixin.py:117} INFO - [2025-12-05T01:00:28.558+0000] {dagbag.py:525} INFO - Filling up the DagBag from /home/airflow/.local/lib/python3.7/site-packages/airflow/example_dags/tutorial_dag.py
[2025-12-05T01:00:28.568+0000] {processor.py:768} INFO - DAG(s) dict_keys(['tutorial_dag']) retrieved from /home/airflow/.local/lib/python3.7/site-packages/airflow/example_dags/tutorial_dag.py
[2025-12-05T01:00:28.594+0000] {logging_mixin.py:117} INFO - [2025-12-05T01:00:28.594+0000] {dag.py:2573} INFO - Sync 1 DAGs
[2025-12-05T01:00:28.608+0000] {logging_mixin.py:117} INFO - [2025-12-05T01:00:28.608+0000] {dag.py:3328} INFO - Setting next_dagrun for tutorial_dag to None, run_after=None
[2025-12-05T01:00:28.619+0000] {processor.py:178} INFO - Processing /home/airflow/.local/lib/python3.7/site-packages/airflow/example_dags/tutorial_dag.py took 0.066 seconds
[2025-12-05T01:00:58.742+0000] {processor.py:156} INFO - Started process (PID=6167) to work on /home/airflow/.local/lib/python3.7/site-packages/airflow/example_dags/tutorial_dag.py
[2025-12-05T01:00:58.743+0000] {processor.py:758} INFO - Processing file /home/airflow/.local/lib/python3.7/site-packages/airflow/example_dags/tutorial_dag.py for tasks to queue
[2025-12-05T01:00:58.743+0000] {logging_mixin.py:117} INFO - [2025-12-05T01:00:58.743+0000] {dagbag.py:525} INFO - Filling up the DagBag from /home/airflow/.local/lib/python3.7/site-packages/airflow/example_dags/tutorial_dag.py
[2025-12-05T01:00:58.752+0000] {processor.py:768} INFO - DAG(s) dict_keys(['tutorial_dag']) retrieved from /home/airflow/.local/lib/python3.7/site-packages/airflow/example_dags/tutorial_dag.py
[2025-12-05T01:00:58.780+0000] {logging_mixin.py:117} INFO - [2025-12-05T01:00:58.780+0000] {dag.py:2573} INFO - Sync 1 DAGs
[2025-12-05T01:00:58.793+0000] {logging_mixin.py:117} INFO - [2025-12-05T01:00:58.793+0000] {dag.py:3328} INFO - Setting next_dagrun for tutorial_dag to None, run_after=None
[2025-12-05T01:00:58.809+0000] {processor.py:178} INFO - Processing /home/airflow/.local/lib/python3.7/site-packages/airflow/example_dags/tutorial_dag.py took 0.073 seconds
[2025-12-05T01:01:30.174+0000] {processor.py:156} INFO - Started process (PID=6367) to work on /home/airflow/.local/lib/python3.7/site-packages/airflow/example_dags/tutorial_dag.py
[2025-12-05T01:01:30.174+0000] {processor.py:758} INFO - Processing file /home/airflow/.local/lib/python3.7/site-packages/airflow/example_dags/tutorial_dag.py for tasks to queue
[2025-12-05T01:01:30.175+0000] {logging_mixin.py:117} INFO - [2025-12-05T01:01:30.175+0000] {dagbag.py:525} INFO - Filling up the DagBag from /home/airflow/.local/lib/python3.7/site-packages/airflow/example_dags/tutorial_dag.py
[2025-12-05T01:01:30.182+0000] {processor.py:768} INFO - DAG(s) dict_keys(['tutorial_dag']) retrieved from /home/airflow/.local/lib/python3.7/site-packages/airflow/example_dags/tutorial_dag.py
[2025-12-05T01:01:30.204+0000] {logging_mixin.py:117} INFO - [2025-12-05T01:01:30.204+0000] {dag.py:2573} INFO - Sync 1 DAGs
[2025-12-05T01:01:30.217+0000] {logging_mixin.py:117} INFO - [2025-12-05T01:01:30.217+0000] {dag.py:3328} INFO - Setting next_dagrun for tutorial_dag to None, run_after=None
[2025-12-05T01:01:30.227+0000] {processor.py:178} INFO - Processing /home/airflow/.local/lib/python3.7/site-packages/airflow/example_dags/tutorial_dag.py took 0.056 seconds
[2025-12-05T01:02:01.090+0000] {processor.py:156} INFO - Started process (PID=6568) to work on /home/airflow/.local/lib/python3.7/site-packages/airflow/example_dags/tutorial_dag.py
[2025-12-05T01:02:01.090+0000] {processor.py:758} INFO - Processing file /home/airflow/.local/lib/python3.7/site-packages/airflow/example_dags/tutorial_dag.py for tasks to queue
[2025-12-05T01:02:01.091+0000] {logging_mixin.py:117} INFO - [2025-12-05T01:02:01.091+0000] {dagbag.py:525} INFO - Filling up the DagBag from /home/airflow/.local/lib/python3.7/site-packages/airflow/example_dags/tutorial_dag.py
[2025-12-05T01:02:01.097+0000] {processor.py:768} INFO - DAG(s) dict_keys(['tutorial_dag']) retrieved from /home/airflow/.local/lib/python3.7/site-packages/airflow/example_dags/tutorial_dag.py
[2025-12-05T01:02:01.114+0000] {logging_mixin.py:117} INFO - [2025-12-05T01:02:01.114+0000] {dag.py:2573} INFO - Sync 1 DAGs
[2025-12-05T01:02:01.127+0000] {logging_mixin.py:117} INFO - [2025-12-05T01:02:01.127+0000] {dag.py:3328} INFO - Setting next_dagrun for tutorial_dag to None, run_after=None
[2025-12-05T01:02:01.135+0000] {processor.py:178} INFO - Processing /home/airflow/.local/lib/python3.7/site-packages/airflow/example_dags/tutorial_dag.py took 0.047 seconds
[2025-12-05T01:02:32.236+0000] {processor.py:156} INFO - Started process (PID=6769) to work on /home/airflow/.local/lib/python3.7/site-packages/airflow/example_dags/tutorial_dag.py
[2025-12-05T01:02:32.237+0000] {processor.py:758} INFO - Processing file /home/airflow/.local/lib/python3.7/site-packages/airflow/example_dags/tutorial_dag.py for tasks to queue
[2025-12-05T01:02:32.238+0000] {logging_mixin.py:117} INFO - [2025-12-05T01:02:32.237+0000] {dagbag.py:525} INFO - Filling up the DagBag from /home/airflow/.local/lib/python3.7/site-packages/airflow/example_dags/tutorial_dag.py
[2025-12-05T01:02:32.246+0000] {processor.py:768} INFO - DAG(s) dict_keys(['tutorial_dag']) retrieved from /home/airflow/.local/lib/python3.7/site-packages/airflow/example_dags/tutorial_dag.py
[2025-12-05T01:02:32.266+0000] {logging_mixin.py:117} INFO - [2025-12-05T01:02:32.266+0000] {dag.py:2573} INFO - Sync 1 DAGs
[2025-12-05T01:02:32.277+0000] {logging_mixin.py:117} INFO - [2025-12-05T01:02:32.276+0000] {dag.py:3328} INFO - Setting next_dagrun for tutorial_dag to None, run_after=None
[2025-12-05T01:02:32.285+0000] {processor.py:178} INFO - Processing /home/airflow/.local/lib/python3.7/site-packages/airflow/example_dags/tutorial_dag.py took 0.051 seconds
[2025-12-05T01:03:03.175+0000] {processor.py:156} INFO - Started process (PID=6970) to work on /home/airflow/.local/lib/python3.7/site-packages/airflow/example_dags/tutorial_dag.py
[2025-12-05T01:03:03.178+0000] {processor.py:758} INFO - Processing file /home/airflow/.local/lib/python3.7/site-packages/airflow/example_dags/tutorial_dag.py for tasks to queue
[2025-12-05T01:03:03.178+0000] {logging_mixin.py:117} INFO - [2025-12-05T01:03:03.178+0000] {dagbag.py:525} INFO - Filling up the DagBag from /home/airflow/.local/lib/python3.7/site-packages/airflow/example_dags/tutorial_dag.py
[2025-12-05T01:03:03.185+0000] {processor.py:768} INFO - DAG(s) dict_keys(['tutorial_dag']) retrieved from /home/airflow/.local/lib/python3.7/site-packages/airflow/example_dags/tutorial_dag.py
[2025-12-05T01:03:03.204+0000] {logging_mixin.py:117} INFO - [2025-12-05T01:03:03.204+0000] {dag.py:2573} INFO - Sync 1 DAGs
[2025-12-05T01:03:03.215+0000] {logging_mixin.py:117} INFO - [2025-12-05T01:03:03.215+0000] {dag.py:3328} INFO - Setting next_dagrun for tutorial_dag to None, run_after=None
[2025-12-05T01:03:03.226+0000] {processor.py:178} INFO - Processing /home/airflow/.local/lib/python3.7/site-packages/airflow/example_dags/tutorial_dag.py took 0.052 seconds
[2025-12-05T01:03:34.212+0000] {processor.py:156} INFO - Started process (PID=7171) to work on /home/airflow/.local/lib/python3.7/site-packages/airflow/example_dags/tutorial_dag.py
[2025-12-05T01:03:34.212+0000] {processor.py:758} INFO - Processing file /home/airflow/.local/lib/python3.7/site-packages/airflow/example_dags/tutorial_dag.py for tasks to queue
[2025-12-05T01:03:34.213+0000] {logging_mixin.py:117} INFO - [2025-12-05T01:03:34.212+0000] {dagbag.py:525} INFO - Filling up the DagBag from /home/airflow/.local/lib/python3.7/site-packages/airflow/example_dags/tutorial_dag.py
[2025-12-05T01:03:34.220+0000] {processor.py:768} INFO - DAG(s) dict_keys(['tutorial_dag']) retrieved from /home/airflow/.local/lib/python3.7/site-packages/airflow/example_dags/tutorial_dag.py
[2025-12-05T01:03:34.244+0000] {logging_mixin.py:117} INFO - [2025-12-05T01:03:34.244+0000] {dag.py:2573} INFO - Sync 1 DAGs
[2025-12-05T01:03:34.258+0000] {logging_mixin.py:117} INFO - [2025-12-05T01:03:34.258+0000] {dag.py:3328} INFO - Setting next_dagrun for tutorial_dag to None, run_after=None
[2025-12-05T01:03:34.272+0000] {processor.py:178} INFO - Processing /home/airflow/.local/lib/python3.7/site-packages/airflow/example_dags/tutorial_dag.py took 0.062 seconds
[2025-12-05T01:04:04.977+0000] {processor.py:156} INFO - Started process (PID=7371) to work on /home/airflow/.local/lib/python3.7/site-packages/airflow/example_dags/tutorial_dag.py
[2025-12-05T01:04:04.977+0000] {processor.py:758} INFO - Processing file /home/airflow/.local/lib/python3.7/site-packages/airflow/example_dags/tutorial_dag.py for tasks to queue
[2025-12-05T01:04:04.978+0000] {logging_mixin.py:117} INFO - [2025-12-05T01:04:04.978+0000] {dagbag.py:525} INFO - Filling up the DagBag from /home/airflow/.local/lib/python3.7/site-packages/airflow/example_dags/tutorial_dag.py
[2025-12-05T01:04:04.988+0000] {processor.py:768} INFO - DAG(s) dict_keys(['tutorial_dag']) retrieved from /home/airflow/.local/lib/python3.7/site-packages/airflow/example_dags/tutorial_dag.py
[2025-12-05T01:04:05.009+0000] {logging_mixin.py:117} INFO - [2025-12-05T01:04:05.008+0000] {dag.py:2573} INFO - Sync 1 DAGs
[2025-12-05T01:04:05.029+0000] {logging_mixin.py:117} INFO - [2025-12-05T01:04:05.029+0000] {dag.py:3328} INFO - Setting next_dagrun for tutorial_dag to None, run_after=None
[2025-12-05T01:04:05.036+0000] {processor.py:178} INFO - Processing /home/airflow/.local/lib/python3.7/site-packages/airflow/example_dags/tutorial_dag.py took 0.061 seconds
[2025-12-05T01:04:35.736+0000] {processor.py:156} INFO - Started process (PID=7572) to work on /home/airflow/.local/lib/python3.7/site-packages/airflow/example_dags/tutorial_dag.py
[2025-12-05T01:04:35.739+0000] {processor.py:758} INFO - Processing file /home/airflow/.local/lib/python3.7/site-packages/airflow/example_dags/tutorial_dag.py for tasks to queue
[2025-12-05T01:04:35.739+0000] {logging_mixin.py:117} INFO - [2025-12-05T01:04:35.739+0000] {dagbag.py:525} INFO - Filling up the DagBag from /home/airflow/.local/lib/python3.7/site-packages/airflow/example_dags/tutorial_dag.py
[2025-12-05T01:04:35.746+0000] {processor.py:768} INFO - DAG(s) dict_keys(['tutorial_dag']) retrieved from /home/airflow/.local/lib/python3.7/site-packages/airflow/example_dags/tutorial_dag.py
[2025-12-05T01:04:35.764+0000] {logging_mixin.py:117} INFO - [2025-12-05T01:04:35.764+0000] {dag.py:2573} INFO - Sync 1 DAGs
[2025-12-05T01:04:35.774+0000] {logging_mixin.py:117} INFO - [2025-12-05T01:04:35.774+0000] {dag.py:3328} INFO - Setting next_dagrun for tutorial_dag to None, run_after=None
[2025-12-05T01:04:35.783+0000] {processor.py:178} INFO - Processing /home/airflow/.local/lib/python3.7/site-packages/airflow/example_dags/tutorial_dag.py took 0.049 seconds
[2025-12-05T01:05:06.446+0000] {processor.py:156} INFO - Started process (PID=7773) to work on /home/airflow/.local/lib/python3.7/site-packages/airflow/example_dags/tutorial_dag.py
[2025-12-05T01:05:06.449+0000] {processor.py:758} INFO - Processing file /home/airflow/.local/lib/python3.7/site-packages/airflow/example_dags/tutorial_dag.py for tasks to queue
[2025-12-05T01:05:06.449+0000] {logging_mixin.py:117} INFO - [2025-12-05T01:05:06.449+0000] {dagbag.py:525} INFO - Filling up the DagBag from /home/airflow/.local/lib/python3.7/site-packages/airflow/example_dags/tutorial_dag.py
[2025-12-05T01:05:06.456+0000] {processor.py:768} INFO - DAG(s) dict_keys(['tutorial_dag']) retrieved from /home/airflow/.local/lib/python3.7/site-packages/airflow/example_dags/tutorial_dag.py
[2025-12-05T01:05:06.476+0000] {logging_mixin.py:117} INFO - [2025-12-05T01:05:06.476+0000] {dag.py:2573} INFO - Sync 1 DAGs
[2025-12-05T01:05:06.487+0000] {logging_mixin.py:117} INFO - [2025-12-05T01:05:06.487+0000] {dag.py:3328} INFO - Setting next_dagrun for tutorial_dag to None, run_after=None
[2025-12-05T01:05:06.496+0000] {processor.py:178} INFO - Processing /home/airflow/.local/lib/python3.7/site-packages/airflow/example_dags/tutorial_dag.py took 0.051 seconds
[2025-12-05T01:05:37.462+0000] {processor.py:156} INFO - Started process (PID=7980) to work on /home/airflow/.local/lib/python3.7/site-packages/airflow/example_dags/tutorial_dag.py
[2025-12-05T01:05:37.463+0000] {processor.py:758} INFO - Processing file /home/airflow/.local/lib/python3.7/site-packages/airflow/example_dags/tutorial_dag.py for tasks to queue
[2025-12-05T01:05:37.465+0000] {logging_mixin.py:117} INFO - [2025-12-05T01:05:37.465+0000] {dagbag.py:525} INFO - Filling up the DagBag from /home/airflow/.local/lib/python3.7/site-packages/airflow/example_dags/tutorial_dag.py
[2025-12-05T01:05:37.474+0000] {processor.py:768} INFO - DAG(s) dict_keys(['tutorial_dag']) retrieved from /home/airflow/.local/lib/python3.7/site-packages/airflow/example_dags/tutorial_dag.py
[2025-12-05T01:05:37.508+0000] {logging_mixin.py:117} INFO - [2025-12-05T01:05:37.508+0000] {dag.py:2573} INFO - Sync 1 DAGs
[2025-12-05T01:05:37.524+0000] {logging_mixin.py:117} INFO - [2025-12-05T01:05:37.524+0000] {dag.py:3328} INFO - Setting next_dagrun for tutorial_dag to None, run_after=None
[2025-12-05T01:05:37.537+0000] {processor.py:178} INFO - Processing /home/airflow/.local/lib/python3.7/site-packages/airflow/example_dags/tutorial_dag.py took 0.077 seconds
[2025-12-05T01:06:08.312+0000] {processor.py:156} INFO - Started process (PID=8182) to work on /home/airflow/.local/lib/python3.7/site-packages/airflow/example_dags/tutorial_dag.py
[2025-12-05T01:06:08.312+0000] {processor.py:758} INFO - Processing file /home/airflow/.local/lib/python3.7/site-packages/airflow/example_dags/tutorial_dag.py for tasks to queue
[2025-12-05T01:06:08.313+0000] {logging_mixin.py:117} INFO - [2025-12-05T01:06:08.313+0000] {dagbag.py:525} INFO - Filling up the DagBag from /home/airflow/.local/lib/python3.7/site-packages/airflow/example_dags/tutorial_dag.py
[2025-12-05T01:06:08.319+0000] {processor.py:768} INFO - DAG(s) dict_keys(['tutorial_dag']) retrieved from /home/airflow/.local/lib/python3.7/site-packages/airflow/example_dags/tutorial_dag.py
[2025-12-05T01:06:08.340+0000] {logging_mixin.py:117} INFO - [2025-12-05T01:06:08.339+0000] {dag.py:2573} INFO - Sync 1 DAGs
[2025-12-05T01:06:08.354+0000] {logging_mixin.py:117} INFO - [2025-12-05T01:06:08.353+0000] {dag.py:3328} INFO - Setting next_dagrun for tutorial_dag to None, run_after=None
[2025-12-05T01:06:08.364+0000] {processor.py:178} INFO - Processing /home/airflow/.local/lib/python3.7/site-packages/airflow/example_dags/tutorial_dag.py took 0.054 seconds
[2025-12-05T01:06:38.707+0000] {processor.py:156} INFO - Started process (PID=8383) to work on /home/airflow/.local/lib/python3.7/site-packages/airflow/example_dags/tutorial_dag.py
[2025-12-05T01:06:38.708+0000] {processor.py:758} INFO - Processing file /home/airflow/.local/lib/python3.7/site-packages/airflow/example_dags/tutorial_dag.py for tasks to queue
[2025-12-05T01:06:38.708+0000] {logging_mixin.py:117} INFO - [2025-12-05T01:06:38.708+0000] {dagbag.py:525} INFO - Filling up the DagBag from /home/airflow/.local/lib/python3.7/site-packages/airflow/example_dags/tutorial_dag.py
[2025-12-05T01:06:38.715+0000] {processor.py:768} INFO - DAG(s) dict_keys(['tutorial_dag']) retrieved from /home/airflow/.local/lib/python3.7/site-packages/airflow/example_dags/tutorial_dag.py
[2025-12-05T01:06:38.740+0000] {logging_mixin.py:117} INFO - [2025-12-05T01:06:38.740+0000] {dag.py:2573} INFO - Sync 1 DAGs
[2025-12-05T01:06:38.765+0000] {logging_mixin.py:117} INFO - [2025-12-05T01:06:38.765+0000] {dag.py:3328} INFO - Setting next_dagrun for tutorial_dag to None, run_after=None
[2025-12-05T01:06:38.782+0000] {processor.py:178} INFO - Processing /home/airflow/.local/lib/python3.7/site-packages/airflow/example_dags/tutorial_dag.py took 0.077 seconds
[2025-12-05T01:07:09.219+0000] {processor.py:156} INFO - Started process (PID=8584) to work on /home/airflow/.local/lib/python3.7/site-packages/airflow/example_dags/tutorial_dag.py
[2025-12-05T01:07:09.220+0000] {processor.py:758} INFO - Processing file /home/airflow/.local/lib/python3.7/site-packages/airflow/example_dags/tutorial_dag.py for tasks to queue
[2025-12-05T01:07:09.222+0000] {logging_mixin.py:117} INFO - [2025-12-05T01:07:09.222+0000] {dagbag.py:525} INFO - Filling up the DagBag from /home/airflow/.local/lib/python3.7/site-packages/airflow/example_dags/tutorial_dag.py
[2025-12-05T01:07:09.229+0000] {processor.py:768} INFO - DAG(s) dict_keys(['tutorial_dag']) retrieved from /home/airflow/.local/lib/python3.7/site-packages/airflow/example_dags/tutorial_dag.py
[2025-12-05T01:07:09.252+0000] {logging_mixin.py:117} INFO - [2025-12-05T01:07:09.252+0000] {dag.py:2573} INFO - Sync 1 DAGs
[2025-12-05T01:07:09.266+0000] {logging_mixin.py:117} INFO - [2025-12-05T01:07:09.266+0000] {dag.py:3328} INFO - Setting next_dagrun for tutorial_dag to None, run_after=None
[2025-12-05T01:07:09.275+0000] {processor.py:178} INFO - Processing /home/airflow/.local/lib/python3.7/site-packages/airflow/example_dags/tutorial_dag.py took 0.059 seconds
[2025-12-05T01:07:40.652+0000] {processor.py:156} INFO - Started process (PID=8786) to work on /home/airflow/.local/lib/python3.7/site-packages/airflow/example_dags/tutorial_dag.py
[2025-12-05T01:07:40.652+0000] {processor.py:758} INFO - Processing file /home/airflow/.local/lib/python3.7/site-packages/airflow/example_dags/tutorial_dag.py for tasks to queue
[2025-12-05T01:07:40.653+0000] {logging_mixin.py:117} INFO - [2025-12-05T01:07:40.653+0000] {dagbag.py:525} INFO - Filling up the DagBag from /home/airflow/.local/lib/python3.7/site-packages/airflow/example_dags/tutorial_dag.py
[2025-12-05T01:07:40.660+0000] {processor.py:768} INFO - DAG(s) dict_keys(['tutorial_dag']) retrieved from /home/airflow/.local/lib/python3.7/site-packages/airflow/example_dags/tutorial_dag.py
[2025-12-05T01:07:40.686+0000] {logging_mixin.py:117} INFO - [2025-12-05T01:07:40.686+0000] {dag.py:2573} INFO - Sync 1 DAGs
[2025-12-05T01:07:40.702+0000] {logging_mixin.py:117} INFO - [2025-12-05T01:07:40.702+0000] {dag.py:3328} INFO - Setting next_dagrun for tutorial_dag to None, run_after=None
[2025-12-05T01:07:40.716+0000] {processor.py:178} INFO - Processing /home/airflow/.local/lib/python3.7/site-packages/airflow/example_dags/tutorial_dag.py took 0.066 seconds
[2025-12-05T01:08:10.928+0000] {processor.py:156} INFO - Started process (PID=8986) to work on /home/airflow/.local/lib/python3.7/site-packages/airflow/example_dags/tutorial_dag.py
[2025-12-05T01:08:10.929+0000] {processor.py:758} INFO - Processing file /home/airflow/.local/lib/python3.7/site-packages/airflow/example_dags/tutorial_dag.py for tasks to queue
[2025-12-05T01:08:10.929+0000] {logging_mixin.py:117} INFO - [2025-12-05T01:08:10.929+0000] {dagbag.py:525} INFO - Filling up the DagBag from /home/airflow/.local/lib/python3.7/site-packages/airflow/example_dags/tutorial_dag.py
[2025-12-05T01:08:10.938+0000] {processor.py:768} INFO - DAG(s) dict_keys(['tutorial_dag']) retrieved from /home/airflow/.local/lib/python3.7/site-packages/airflow/example_dags/tutorial_dag.py
[2025-12-05T01:08:10.963+0000] {logging_mixin.py:117} INFO - [2025-12-05T01:08:10.963+0000] {dag.py:2573} INFO - Sync 1 DAGs
[2025-12-05T01:08:10.979+0000] {logging_mixin.py:117} INFO - [2025-12-05T01:08:10.979+0000] {dag.py:3328} INFO - Setting next_dagrun for tutorial_dag to None, run_after=None
[2025-12-05T01:08:10.997+0000] {processor.py:178} INFO - Processing /home/airflow/.local/lib/python3.7/site-packages/airflow/example_dags/tutorial_dag.py took 0.070 seconds
[2025-12-05T01:08:41.133+0000] {processor.py:156} INFO - Started process (PID=9187) to work on /home/airflow/.local/lib/python3.7/site-packages/airflow/example_dags/tutorial_dag.py
[2025-12-05T01:08:41.134+0000] {processor.py:758} INFO - Processing file /home/airflow/.local/lib/python3.7/site-packages/airflow/example_dags/tutorial_dag.py for tasks to queue
[2025-12-05T01:08:41.135+0000] {logging_mixin.py:117} INFO - [2025-12-05T01:08:41.135+0000] {dagbag.py:525} INFO - Filling up the DagBag from /home/airflow/.local/lib/python3.7/site-packages/airflow/example_dags/tutorial_dag.py
[2025-12-05T01:08:41.141+0000] {processor.py:768} INFO - DAG(s) dict_keys(['tutorial_dag']) retrieved from /home/airflow/.local/lib/python3.7/site-packages/airflow/example_dags/tutorial_dag.py
[2025-12-05T01:08:41.160+0000] {logging_mixin.py:117} INFO - [2025-12-05T01:08:41.160+0000] {dag.py:2573} INFO - Sync 1 DAGs
[2025-12-05T01:08:41.172+0000] {logging_mixin.py:117} INFO - [2025-12-05T01:08:41.172+0000] {dag.py:3328} INFO - Setting next_dagrun for tutorial_dag to None, run_after=None
[2025-12-05T01:08:41.187+0000] {processor.py:178} INFO - Processing /home/airflow/.local/lib/python3.7/site-packages/airflow/example_dags/tutorial_dag.py took 0.056 seconds
[2025-12-05T01:09:11.406+0000] {processor.py:156} INFO - Started process (PID=9390) to work on /home/airflow/.local/lib/python3.7/site-packages/airflow/example_dags/tutorial_dag.py
[2025-12-05T01:09:11.406+0000] {processor.py:758} INFO - Processing file /home/airflow/.local/lib/python3.7/site-packages/airflow/example_dags/tutorial_dag.py for tasks to queue
[2025-12-05T01:09:11.407+0000] {logging_mixin.py:117} INFO - [2025-12-05T01:09:11.406+0000] {dagbag.py:525} INFO - Filling up the DagBag from /home/airflow/.local/lib/python3.7/site-packages/airflow/example_dags/tutorial_dag.py
[2025-12-05T01:09:11.414+0000] {processor.py:768} INFO - DAG(s) dict_keys(['tutorial_dag']) retrieved from /home/airflow/.local/lib/python3.7/site-packages/airflow/example_dags/tutorial_dag.py
[2025-12-05T01:09:11.438+0000] {logging_mixin.py:117} INFO - [2025-12-05T01:09:11.438+0000] {dag.py:2573} INFO - Sync 1 DAGs
[2025-12-05T01:09:11.450+0000] {logging_mixin.py:117} INFO - [2025-12-05T01:09:11.450+0000] {dag.py:3328} INFO - Setting next_dagrun for tutorial_dag to None, run_after=None
[2025-12-05T01:09:11.463+0000] {processor.py:178} INFO - Processing /home/airflow/.local/lib/python3.7/site-packages/airflow/example_dags/tutorial_dag.py took 0.059 seconds
[2025-12-05T01:09:41.557+0000] {processor.py:156} INFO - Started process (PID=9589) to work on /home/airflow/.local/lib/python3.7/site-packages/airflow/example_dags/tutorial_dag.py
[2025-12-05T01:09:41.558+0000] {processor.py:758} INFO - Processing file /home/airflow/.local/lib/python3.7/site-packages/airflow/example_dags/tutorial_dag.py for tasks to queue
[2025-12-05T01:09:41.560+0000] {logging_mixin.py:117} INFO - [2025-12-05T01:09:41.560+0000] {dagbag.py:525} INFO - Filling up the DagBag from /home/airflow/.local/lib/python3.7/site-packages/airflow/example_dags/tutorial_dag.py
[2025-12-05T01:09:41.567+0000] {processor.py:768} INFO - DAG(s) dict_keys(['tutorial_dag']) retrieved from /home/airflow/.local/lib/python3.7/site-packages/airflow/example_dags/tutorial_dag.py
[2025-12-05T01:09:41.592+0000] {logging_mixin.py:117} INFO - [2025-12-05T01:09:41.592+0000] {dag.py:2573} INFO - Sync 1 DAGs
[2025-12-05T01:09:41.608+0000] {logging_mixin.py:117} INFO - [2025-12-05T01:09:41.608+0000] {dag.py:3328} INFO - Setting next_dagrun for tutorial_dag to None, run_after=None
[2025-12-05T01:09:41.616+0000] {processor.py:178} INFO - Processing /home/airflow/.local/lib/python3.7/site-packages/airflow/example_dags/tutorial_dag.py took 0.061 seconds
[2025-12-05T01:10:12.763+0000] {processor.py:156} INFO - Started process (PID=9790) to work on /home/airflow/.local/lib/python3.7/site-packages/airflow/example_dags/tutorial_dag.py
[2025-12-05T01:10:12.765+0000] {processor.py:758} INFO - Processing file /home/airflow/.local/lib/python3.7/site-packages/airflow/example_dags/tutorial_dag.py for tasks to queue
[2025-12-05T01:10:12.766+0000] {logging_mixin.py:117} INFO - [2025-12-05T01:10:12.766+0000] {dagbag.py:525} INFO - Filling up the DagBag from /home/airflow/.local/lib/python3.7/site-packages/airflow/example_dags/tutorial_dag.py
[2025-12-05T01:10:12.774+0000] {processor.py:768} INFO - DAG(s) dict_keys(['tutorial_dag']) retrieved from /home/airflow/.local/lib/python3.7/site-packages/airflow/example_dags/tutorial_dag.py
[2025-12-05T01:10:12.796+0000] {logging_mixin.py:117} INFO - [2025-12-05T01:10:12.796+0000] {dag.py:2573} INFO - Sync 1 DAGs
[2025-12-05T01:10:12.811+0000] {logging_mixin.py:117} INFO - [2025-12-05T01:10:12.811+0000] {dag.py:3328} INFO - Setting next_dagrun for tutorial_dag to None, run_after=None
[2025-12-05T01:10:12.819+0000] {processor.py:178} INFO - Processing /home/airflow/.local/lib/python3.7/site-packages/airflow/example_dags/tutorial_dag.py took 0.060 seconds
[2025-12-05T01:10:43.476+0000] {processor.py:156} INFO - Started process (PID=9993) to work on /home/airflow/.local/lib/python3.7/site-packages/airflow/example_dags/tutorial_dag.py
[2025-12-05T01:10:43.477+0000] {processor.py:758} INFO - Processing file /home/airflow/.local/lib/python3.7/site-packages/airflow/example_dags/tutorial_dag.py for tasks to queue
[2025-12-05T01:10:43.477+0000] {logging_mixin.py:117} INFO - [2025-12-05T01:10:43.477+0000] {dagbag.py:525} INFO - Filling up the DagBag from /home/airflow/.local/lib/python3.7/site-packages/airflow/example_dags/tutorial_dag.py
[2025-12-05T01:10:43.484+0000] {processor.py:768} INFO - DAG(s) dict_keys(['tutorial_dag']) retrieved from /home/airflow/.local/lib/python3.7/site-packages/airflow/example_dags/tutorial_dag.py
[2025-12-05T01:10:43.500+0000] {logging_mixin.py:117} INFO - [2025-12-05T01:10:43.500+0000] {dag.py:2573} INFO - Sync 1 DAGs
[2025-12-05T01:10:43.510+0000] {logging_mixin.py:117} INFO - [2025-12-05T01:10:43.510+0000] {dag.py:3328} INFO - Setting next_dagrun for tutorial_dag to None, run_after=None
[2025-12-05T01:10:43.517+0000] {processor.py:178} INFO - Processing /home/airflow/.local/lib/python3.7/site-packages/airflow/example_dags/tutorial_dag.py took 0.043 seconds
[2025-12-05T01:11:14.373+0000] {processor.py:156} INFO - Started process (PID=10192) to work on /home/airflow/.local/lib/python3.7/site-packages/airflow/example_dags/tutorial_dag.py
[2025-12-05T01:11:14.373+0000] {processor.py:758} INFO - Processing file /home/airflow/.local/lib/python3.7/site-packages/airflow/example_dags/tutorial_dag.py for tasks to queue
[2025-12-05T01:11:14.374+0000] {logging_mixin.py:117} INFO - [2025-12-05T01:11:14.374+0000] {dagbag.py:525} INFO - Filling up the DagBag from /home/airflow/.local/lib/python3.7/site-packages/airflow/example_dags/tutorial_dag.py
[2025-12-05T01:11:14.381+0000] {processor.py:768} INFO - DAG(s) dict_keys(['tutorial_dag']) retrieved from /home/airflow/.local/lib/python3.7/site-packages/airflow/example_dags/tutorial_dag.py
[2025-12-05T01:11:14.401+0000] {logging_mixin.py:117} INFO - [2025-12-05T01:11:14.401+0000] {dag.py:2573} INFO - Sync 1 DAGs
[2025-12-05T01:11:14.412+0000] {logging_mixin.py:117} INFO - [2025-12-05T01:11:14.412+0000] {dag.py:3328} INFO - Setting next_dagrun for tutorial_dag to None, run_after=None
[2025-12-05T01:11:14.422+0000] {processor.py:178} INFO - Processing /home/airflow/.local/lib/python3.7/site-packages/airflow/example_dags/tutorial_dag.py took 0.051 seconds
[2025-12-05T01:11:45.300+0000] {processor.py:156} INFO - Started process (PID=10392) to work on /home/airflow/.local/lib/python3.7/site-packages/airflow/example_dags/tutorial_dag.py
[2025-12-05T01:11:45.303+0000] {processor.py:758} INFO - Processing file /home/airflow/.local/lib/python3.7/site-packages/airflow/example_dags/tutorial_dag.py for tasks to queue
[2025-12-05T01:11:45.303+0000] {logging_mixin.py:117} INFO - [2025-12-05T01:11:45.303+0000] {dagbag.py:525} INFO - Filling up the DagBag from /home/airflow/.local/lib/python3.7/site-packages/airflow/example_dags/tutorial_dag.py
[2025-12-05T01:11:45.313+0000] {processor.py:768} INFO - DAG(s) dict_keys(['tutorial_dag']) retrieved from /home/airflow/.local/lib/python3.7/site-packages/airflow/example_dags/tutorial_dag.py
[2025-12-05T01:11:45.365+0000] {logging_mixin.py:117} INFO - [2025-12-05T01:11:45.365+0000] {dag.py:2573} INFO - Sync 1 DAGs
[2025-12-05T01:11:45.392+0000] {logging_mixin.py:117} INFO - [2025-12-05T01:11:45.392+0000] {dag.py:3328} INFO - Setting next_dagrun for tutorial_dag to None, run_after=None
[2025-12-05T01:11:45.411+0000] {processor.py:178} INFO - Processing /home/airflow/.local/lib/python3.7/site-packages/airflow/example_dags/tutorial_dag.py took 0.113 seconds
[2025-12-05T01:12:15.624+0000] {processor.py:156} INFO - Started process (PID=10592) to work on /home/airflow/.local/lib/python3.7/site-packages/airflow/example_dags/tutorial_dag.py
[2025-12-05T01:12:15.625+0000] {processor.py:758} INFO - Processing file /home/airflow/.local/lib/python3.7/site-packages/airflow/example_dags/tutorial_dag.py for tasks to queue
[2025-12-05T01:12:15.626+0000] {logging_mixin.py:117} INFO - [2025-12-05T01:12:15.625+0000] {dagbag.py:525} INFO - Filling up the DagBag from /home/airflow/.local/lib/python3.7/site-packages/airflow/example_dags/tutorial_dag.py
[2025-12-05T01:12:15.632+0000] {processor.py:768} INFO - DAG(s) dict_keys(['tutorial_dag']) retrieved from /home/airflow/.local/lib/python3.7/site-packages/airflow/example_dags/tutorial_dag.py
[2025-12-05T01:12:15.655+0000] {logging_mixin.py:117} INFO - [2025-12-05T01:12:15.655+0000] {dag.py:2573} INFO - Sync 1 DAGs
[2025-12-05T01:12:15.667+0000] {logging_mixin.py:117} INFO - [2025-12-05T01:12:15.667+0000] {dag.py:3328} INFO - Setting next_dagrun for tutorial_dag to None, run_after=None
[2025-12-05T01:12:15.678+0000] {processor.py:178} INFO - Processing /home/airflow/.local/lib/python3.7/site-packages/airflow/example_dags/tutorial_dag.py took 0.056 seconds
[2025-12-05T01:12:46.725+0000] {processor.py:156} INFO - Started process (PID=10795) to work on /home/airflow/.local/lib/python3.7/site-packages/airflow/example_dags/tutorial_dag.py
[2025-12-05T01:12:46.725+0000] {processor.py:758} INFO - Processing file /home/airflow/.local/lib/python3.7/site-packages/airflow/example_dags/tutorial_dag.py for tasks to queue
[2025-12-05T01:12:46.726+0000] {logging_mixin.py:117} INFO - [2025-12-05T01:12:46.726+0000] {dagbag.py:525} INFO - Filling up the DagBag from /home/airflow/.local/lib/python3.7/site-packages/airflow/example_dags/tutorial_dag.py
[2025-12-05T01:12:46.734+0000] {processor.py:768} INFO - DAG(s) dict_keys(['tutorial_dag']) retrieved from /home/airflow/.local/lib/python3.7/site-packages/airflow/example_dags/tutorial_dag.py
[2025-12-05T01:12:46.748+0000] {logging_mixin.py:117} INFO - [2025-12-05T01:12:46.748+0000] {dag.py:2573} INFO - Sync 1 DAGs
[2025-12-05T01:12:46.763+0000] {logging_mixin.py:117} INFO - [2025-12-05T01:12:46.763+0000] {dag.py:3328} INFO - Setting next_dagrun for tutorial_dag to None, run_after=None
[2025-12-05T01:12:46.774+0000] {processor.py:178} INFO - Processing /home/airflow/.local/lib/python3.7/site-packages/airflow/example_dags/tutorial_dag.py took 0.051 seconds
[2025-12-05T01:13:18.009+0000] {processor.py:156} INFO - Started process (PID=10994) to work on /home/airflow/.local/lib/python3.7/site-packages/airflow/example_dags/tutorial_dag.py
[2025-12-05T01:13:18.010+0000] {processor.py:758} INFO - Processing file /home/airflow/.local/lib/python3.7/site-packages/airflow/example_dags/tutorial_dag.py for tasks to queue
[2025-12-05T01:13:18.011+0000] {logging_mixin.py:117} INFO - [2025-12-05T01:13:18.011+0000] {dagbag.py:525} INFO - Filling up the DagBag from /home/airflow/.local/lib/python3.7/site-packages/airflow/example_dags/tutorial_dag.py
[2025-12-05T01:13:18.020+0000] {processor.py:768} INFO - DAG(s) dict_keys(['tutorial_dag']) retrieved from /home/airflow/.local/lib/python3.7/site-packages/airflow/example_dags/tutorial_dag.py
[2025-12-05T01:13:18.049+0000] {logging_mixin.py:117} INFO - [2025-12-05T01:13:18.049+0000] {dag.py:2573} INFO - Sync 1 DAGs
[2025-12-05T01:13:18.064+0000] {logging_mixin.py:117} INFO - [2025-12-05T01:13:18.064+0000] {dag.py:3328} INFO - Setting next_dagrun for tutorial_dag to None, run_after=None
[2025-12-05T01:13:18.081+0000] {processor.py:178} INFO - Processing /home/airflow/.local/lib/python3.7/site-packages/airflow/example_dags/tutorial_dag.py took 0.075 seconds
[2025-12-05T01:13:48.818+0000] {processor.py:156} INFO - Started process (PID=11195) to work on /home/airflow/.local/lib/python3.7/site-packages/airflow/example_dags/tutorial_dag.py
[2025-12-05T01:13:48.819+0000] {processor.py:758} INFO - Processing file /home/airflow/.local/lib/python3.7/site-packages/airflow/example_dags/tutorial_dag.py for tasks to queue
[2025-12-05T01:13:48.820+0000] {logging_mixin.py:117} INFO - [2025-12-05T01:13:48.820+0000] {dagbag.py:525} INFO - Filling up the DagBag from /home/airflow/.local/lib/python3.7/site-packages/airflow/example_dags/tutorial_dag.py
[2025-12-05T01:13:48.838+0000] {processor.py:768} INFO - DAG(s) dict_keys(['tutorial_dag']) retrieved from /home/airflow/.local/lib/python3.7/site-packages/airflow/example_dags/tutorial_dag.py
[2025-12-05T01:13:48.889+0000] {logging_mixin.py:117} INFO - [2025-12-05T01:13:48.889+0000] {dag.py:2573} INFO - Sync 1 DAGs
[2025-12-05T01:13:48.914+0000] {logging_mixin.py:117} INFO - [2025-12-05T01:13:48.914+0000] {dag.py:3328} INFO - Setting next_dagrun for tutorial_dag to None, run_after=None
[2025-12-05T01:13:48.934+0000] {processor.py:178} INFO - Processing /home/airflow/.local/lib/python3.7/site-packages/airflow/example_dags/tutorial_dag.py took 0.128 seconds
[2025-12-05T01:14:18.968+0000] {processor.py:156} INFO - Started process (PID=11396) to work on /home/airflow/.local/lib/python3.7/site-packages/airflow/example_dags/tutorial_dag.py
[2025-12-05T01:14:18.971+0000] {processor.py:758} INFO - Processing file /home/airflow/.local/lib/python3.7/site-packages/airflow/example_dags/tutorial_dag.py for tasks to queue
[2025-12-05T01:14:18.972+0000] {logging_mixin.py:117} INFO - [2025-12-05T01:14:18.972+0000] {dagbag.py:525} INFO - Filling up the DagBag from /home/airflow/.local/lib/python3.7/site-packages/airflow/example_dags/tutorial_dag.py
[2025-12-05T01:14:18.982+0000] {processor.py:768} INFO - DAG(s) dict_keys(['tutorial_dag']) retrieved from /home/airflow/.local/lib/python3.7/site-packages/airflow/example_dags/tutorial_dag.py
[2025-12-05T01:14:19.004+0000] {logging_mixin.py:117} INFO - [2025-12-05T01:14:19.004+0000] {dag.py:2573} INFO - Sync 1 DAGs
[2025-12-05T01:14:19.018+0000] {logging_mixin.py:117} INFO - [2025-12-05T01:14:19.017+0000] {dag.py:3328} INFO - Setting next_dagrun for tutorial_dag to None, run_after=None
[2025-12-05T01:14:19.030+0000] {processor.py:178} INFO - Processing /home/airflow/.local/lib/python3.7/site-packages/airflow/example_dags/tutorial_dag.py took 0.064 seconds
[2025-12-05T01:14:49.296+0000] {processor.py:156} INFO - Started process (PID=11599) to work on /home/airflow/.local/lib/python3.7/site-packages/airflow/example_dags/tutorial_dag.py
[2025-12-05T01:14:49.297+0000] {processor.py:758} INFO - Processing file /home/airflow/.local/lib/python3.7/site-packages/airflow/example_dags/tutorial_dag.py for tasks to queue
[2025-12-05T01:14:49.297+0000] {logging_mixin.py:117} INFO - [2025-12-05T01:14:49.297+0000] {dagbag.py:525} INFO - Filling up the DagBag from /home/airflow/.local/lib/python3.7/site-packages/airflow/example_dags/tutorial_dag.py
[2025-12-05T01:14:49.303+0000] {processor.py:768} INFO - DAG(s) dict_keys(['tutorial_dag']) retrieved from /home/airflow/.local/lib/python3.7/site-packages/airflow/example_dags/tutorial_dag.py
[2025-12-05T01:14:49.321+0000] {logging_mixin.py:117} INFO - [2025-12-05T01:14:49.321+0000] {dag.py:2573} INFO - Sync 1 DAGs
[2025-12-05T01:14:49.330+0000] {logging_mixin.py:117} INFO - [2025-12-05T01:14:49.330+0000] {dag.py:3328} INFO - Setting next_dagrun for tutorial_dag to None, run_after=None
[2025-12-05T01:14:49.337+0000] {processor.py:178} INFO - Processing /home/airflow/.local/lib/python3.7/site-packages/airflow/example_dags/tutorial_dag.py took 0.043 seconds
[2025-12-05T01:15:19.588+0000] {processor.py:156} INFO - Started process (PID=11799) to work on /home/airflow/.local/lib/python3.7/site-packages/airflow/example_dags/tutorial_dag.py
[2025-12-05T01:15:19.589+0000] {processor.py:758} INFO - Processing file /home/airflow/.local/lib/python3.7/site-packages/airflow/example_dags/tutorial_dag.py for tasks to queue
[2025-12-05T01:15:19.590+0000] {logging_mixin.py:117} INFO - [2025-12-05T01:15:19.590+0000] {dagbag.py:525} INFO - Filling up the DagBag from /home/airflow/.local/lib/python3.7/site-packages/airflow/example_dags/tutorial_dag.py
[2025-12-05T01:15:19.598+0000] {processor.py:768} INFO - DAG(s) dict_keys(['tutorial_dag']) retrieved from /home/airflow/.local/lib/python3.7/site-packages/airflow/example_dags/tutorial_dag.py
[2025-12-05T01:15:19.627+0000] {logging_mixin.py:117} INFO - [2025-12-05T01:15:19.627+0000] {dag.py:2573} INFO - Sync 1 DAGs
[2025-12-05T01:15:19.642+0000] {logging_mixin.py:117} INFO - [2025-12-05T01:15:19.642+0000] {dag.py:3328} INFO - Setting next_dagrun for tutorial_dag to None, run_after=None
[2025-12-05T01:15:19.654+0000] {processor.py:178} INFO - Processing /home/airflow/.local/lib/python3.7/site-packages/airflow/example_dags/tutorial_dag.py took 0.068 seconds
[2025-12-05T01:15:49.984+0000] {processor.py:156} INFO - Started process (PID=12002) to work on /home/airflow/.local/lib/python3.7/site-packages/airflow/example_dags/tutorial_dag.py
[2025-12-05T01:15:49.985+0000] {processor.py:758} INFO - Processing file /home/airflow/.local/lib/python3.7/site-packages/airflow/example_dags/tutorial_dag.py for tasks to queue
[2025-12-05T01:15:49.985+0000] {logging_mixin.py:117} INFO - [2025-12-05T01:15:49.985+0000] {dagbag.py:525} INFO - Filling up the DagBag from /home/airflow/.local/lib/python3.7/site-packages/airflow/example_dags/tutorial_dag.py
[2025-12-05T01:15:49.996+0000] {processor.py:768} INFO - DAG(s) dict_keys(['tutorial_dag']) retrieved from /home/airflow/.local/lib/python3.7/site-packages/airflow/example_dags/tutorial_dag.py
[2025-12-05T01:15:50.018+0000] {logging_mixin.py:117} INFO - [2025-12-05T01:15:50.018+0000] {dag.py:2573} INFO - Sync 1 DAGs
[2025-12-05T01:15:50.036+0000] {logging_mixin.py:117} INFO - [2025-12-05T01:15:50.036+0000] {dag.py:3328} INFO - Setting next_dagrun for tutorial_dag to None, run_after=None
[2025-12-05T01:15:50.050+0000] {processor.py:178} INFO - Processing /home/airflow/.local/lib/python3.7/site-packages/airflow/example_dags/tutorial_dag.py took 0.067 seconds
[2025-12-05T01:16:20.984+0000] {processor.py:156} INFO - Started process (PID=12206) to work on /home/airflow/.local/lib/python3.7/site-packages/airflow/example_dags/tutorial_dag.py
[2025-12-05T01:16:20.986+0000] {processor.py:758} INFO - Processing file /home/airflow/.local/lib/python3.7/site-packages/airflow/example_dags/tutorial_dag.py for tasks to queue
[2025-12-05T01:16:20.987+0000] {logging_mixin.py:117} INFO - [2025-12-05T01:16:20.987+0000] {dagbag.py:525} INFO - Filling up the DagBag from /home/airflow/.local/lib/python3.7/site-packages/airflow/example_dags/tutorial_dag.py
[2025-12-05T01:16:20.994+0000] {processor.py:768} INFO - DAG(s) dict_keys(['tutorial_dag']) retrieved from /home/airflow/.local/lib/python3.7/site-packages/airflow/example_dags/tutorial_dag.py
[2025-12-05T01:16:21.015+0000] {logging_mixin.py:117} INFO - [2025-12-05T01:16:21.015+0000] {dag.py:2573} INFO - Sync 1 DAGs
[2025-12-05T01:16:21.028+0000] {logging_mixin.py:117} INFO - [2025-12-05T01:16:21.028+0000] {dag.py:3328} INFO - Setting next_dagrun for tutorial_dag to None, run_after=None
[2025-12-05T01:16:21.037+0000] {processor.py:178} INFO - Processing /home/airflow/.local/lib/python3.7/site-packages/airflow/example_dags/tutorial_dag.py took 0.055 seconds
[2025-12-05T01:16:51.373+0000] {processor.py:156} INFO - Started process (PID=12417) to work on /home/airflow/.local/lib/python3.7/site-packages/airflow/example_dags/tutorial_dag.py
[2025-12-05T01:16:51.373+0000] {processor.py:758} INFO - Processing file /home/airflow/.local/lib/python3.7/site-packages/airflow/example_dags/tutorial_dag.py for tasks to queue
[2025-12-05T01:16:51.374+0000] {logging_mixin.py:117} INFO - [2025-12-05T01:16:51.374+0000] {dagbag.py:525} INFO - Filling up the DagBag from /home/airflow/.local/lib/python3.7/site-packages/airflow/example_dags/tutorial_dag.py
[2025-12-05T01:16:51.382+0000] {processor.py:768} INFO - DAG(s) dict_keys(['tutorial_dag']) retrieved from /home/airflow/.local/lib/python3.7/site-packages/airflow/example_dags/tutorial_dag.py
[2025-12-05T01:16:51.406+0000] {logging_mixin.py:117} INFO - [2025-12-05T01:16:51.406+0000] {dag.py:2573} INFO - Sync 1 DAGs
[2025-12-05T01:16:51.417+0000] {logging_mixin.py:117} INFO - [2025-12-05T01:16:51.417+0000] {dag.py:3328} INFO - Setting next_dagrun for tutorial_dag to None, run_after=None
[2025-12-05T01:16:51.425+0000] {processor.py:178} INFO - Processing /home/airflow/.local/lib/python3.7/site-packages/airflow/example_dags/tutorial_dag.py took 0.055 seconds
[2025-12-05T01:17:21.998+0000] {processor.py:156} INFO - Started process (PID=12622) to work on /home/airflow/.local/lib/python3.7/site-packages/airflow/example_dags/tutorial_dag.py
[2025-12-05T01:17:21.998+0000] {processor.py:758} INFO - Processing file /home/airflow/.local/lib/python3.7/site-packages/airflow/example_dags/tutorial_dag.py for tasks to queue
[2025-12-05T01:17:21.999+0000] {logging_mixin.py:117} INFO - [2025-12-05T01:17:21.999+0000] {dagbag.py:525} INFO - Filling up the DagBag from /home/airflow/.local/lib/python3.7/site-packages/airflow/example_dags/tutorial_dag.py
[2025-12-05T01:17:22.010+0000] {processor.py:768} INFO - DAG(s) dict_keys(['tutorial_dag']) retrieved from /home/airflow/.local/lib/python3.7/site-packages/airflow/example_dags/tutorial_dag.py
[2025-12-05T01:17:22.035+0000] {logging_mixin.py:117} INFO - [2025-12-05T01:17:22.035+0000] {dag.py:2573} INFO - Sync 1 DAGs
[2025-12-05T01:17:22.051+0000] {logging_mixin.py:117} INFO - [2025-12-05T01:17:22.051+0000] {dag.py:3328} INFO - Setting next_dagrun for tutorial_dag to None, run_after=None
[2025-12-05T01:17:22.061+0000] {processor.py:178} INFO - Processing /home/airflow/.local/lib/python3.7/site-packages/airflow/example_dags/tutorial_dag.py took 0.065 seconds
[2025-12-05T01:17:52.187+0000] {processor.py:156} INFO - Started process (PID=12833) to work on /home/airflow/.local/lib/python3.7/site-packages/airflow/example_dags/tutorial_dag.py
[2025-12-05T01:17:52.187+0000] {processor.py:758} INFO - Processing file /home/airflow/.local/lib/python3.7/site-packages/airflow/example_dags/tutorial_dag.py for tasks to queue
[2025-12-05T01:17:52.188+0000] {logging_mixin.py:117} INFO - [2025-12-05T01:17:52.188+0000] {dagbag.py:525} INFO - Filling up the DagBag from /home/airflow/.local/lib/python3.7/site-packages/airflow/example_dags/tutorial_dag.py
[2025-12-05T01:17:52.195+0000] {processor.py:768} INFO - DAG(s) dict_keys(['tutorial_dag']) retrieved from /home/airflow/.local/lib/python3.7/site-packages/airflow/example_dags/tutorial_dag.py
[2025-12-05T01:17:52.214+0000] {logging_mixin.py:117} INFO - [2025-12-05T01:17:52.214+0000] {dag.py:2573} INFO - Sync 1 DAGs
[2025-12-05T01:17:52.226+0000] {logging_mixin.py:117} INFO - [2025-12-05T01:17:52.226+0000] {dag.py:3328} INFO - Setting next_dagrun for tutorial_dag to None, run_after=None
[2025-12-05T01:17:52.234+0000] {processor.py:178} INFO - Processing /home/airflow/.local/lib/python3.7/site-packages/airflow/example_dags/tutorial_dag.py took 0.049 seconds
[2025-12-05T01:18:22.661+0000] {processor.py:156} INFO - Started process (PID=13039) to work on /home/airflow/.local/lib/python3.7/site-packages/airflow/example_dags/tutorial_dag.py
[2025-12-05T01:18:22.661+0000] {processor.py:758} INFO - Processing file /home/airflow/.local/lib/python3.7/site-packages/airflow/example_dags/tutorial_dag.py for tasks to queue
[2025-12-05T01:18:22.662+0000] {logging_mixin.py:117} INFO - [2025-12-05T01:18:22.662+0000] {dagbag.py:525} INFO - Filling up the DagBag from /home/airflow/.local/lib/python3.7/site-packages/airflow/example_dags/tutorial_dag.py
[2025-12-05T01:18:22.668+0000] {processor.py:768} INFO - DAG(s) dict_keys(['tutorial_dag']) retrieved from /home/airflow/.local/lib/python3.7/site-packages/airflow/example_dags/tutorial_dag.py
[2025-12-05T01:18:22.693+0000] {logging_mixin.py:117} INFO - [2025-12-05T01:18:22.692+0000] {dag.py:2573} INFO - Sync 1 DAGs
[2025-12-05T01:18:22.704+0000] {logging_mixin.py:117} INFO - [2025-12-05T01:18:22.704+0000] {dag.py:3328} INFO - Setting next_dagrun for tutorial_dag to None, run_after=None
[2025-12-05T01:18:22.712+0000] {processor.py:178} INFO - Processing /home/airflow/.local/lib/python3.7/site-packages/airflow/example_dags/tutorial_dag.py took 0.052 seconds
[2025-12-05T01:18:53.731+0000] {processor.py:156} INFO - Started process (PID=13245) to work on /home/airflow/.local/lib/python3.7/site-packages/airflow/example_dags/tutorial_dag.py
[2025-12-05T01:18:53.732+0000] {processor.py:758} INFO - Processing file /home/airflow/.local/lib/python3.7/site-packages/airflow/example_dags/tutorial_dag.py for tasks to queue
[2025-12-05T01:18:53.732+0000] {logging_mixin.py:117} INFO - [2025-12-05T01:18:53.732+0000] {dagbag.py:525} INFO - Filling up the DagBag from /home/airflow/.local/lib/python3.7/site-packages/airflow/example_dags/tutorial_dag.py
[2025-12-05T01:18:53.740+0000] {processor.py:768} INFO - DAG(s) dict_keys(['tutorial_dag']) retrieved from /home/airflow/.local/lib/python3.7/site-packages/airflow/example_dags/tutorial_dag.py
[2025-12-05T01:18:53.765+0000] {logging_mixin.py:117} INFO - [2025-12-05T01:18:53.765+0000] {dag.py:2573} INFO - Sync 1 DAGs
[2025-12-05T01:18:53.776+0000] {logging_mixin.py:117} INFO - [2025-12-05T01:18:53.776+0000] {dag.py:3328} INFO - Setting next_dagrun for tutorial_dag to None, run_after=None
[2025-12-05T01:18:53.786+0000] {processor.py:178} INFO - Processing /home/airflow/.local/lib/python3.7/site-packages/airflow/example_dags/tutorial_dag.py took 0.057 seconds
[2025-12-05T01:19:24.517+0000] {processor.py:156} INFO - Started process (PID=13451) to work on /home/airflow/.local/lib/python3.7/site-packages/airflow/example_dags/tutorial_dag.py
[2025-12-05T01:19:24.518+0000] {processor.py:758} INFO - Processing file /home/airflow/.local/lib/python3.7/site-packages/airflow/example_dags/tutorial_dag.py for tasks to queue
[2025-12-05T01:19:24.521+0000] {logging_mixin.py:117} INFO - [2025-12-05T01:19:24.521+0000] {dagbag.py:525} INFO - Filling up the DagBag from /home/airflow/.local/lib/python3.7/site-packages/airflow/example_dags/tutorial_dag.py
[2025-12-05T01:19:24.529+0000] {processor.py:768} INFO - DAG(s) dict_keys(['tutorial_dag']) retrieved from /home/airflow/.local/lib/python3.7/site-packages/airflow/example_dags/tutorial_dag.py
[2025-12-05T01:19:24.547+0000] {logging_mixin.py:117} INFO - [2025-12-05T01:19:24.547+0000] {dag.py:2573} INFO - Sync 1 DAGs
[2025-12-05T01:19:24.558+0000] {logging_mixin.py:117} INFO - [2025-12-05T01:19:24.558+0000] {dag.py:3328} INFO - Setting next_dagrun for tutorial_dag to None, run_after=None
[2025-12-05T01:19:24.566+0000] {processor.py:178} INFO - Processing /home/airflow/.local/lib/python3.7/site-packages/airflow/example_dags/tutorial_dag.py took 0.050 seconds
[2025-12-05T01:19:55.460+0000] {processor.py:156} INFO - Started process (PID=13664) to work on /home/airflow/.local/lib/python3.7/site-packages/airflow/example_dags/tutorial_dag.py
[2025-12-05T01:19:55.463+0000] {processor.py:758} INFO - Processing file /home/airflow/.local/lib/python3.7/site-packages/airflow/example_dags/tutorial_dag.py for tasks to queue
[2025-12-05T01:19:55.464+0000] {logging_mixin.py:117} INFO - [2025-12-05T01:19:55.464+0000] {dagbag.py:525} INFO - Filling up the DagBag from /home/airflow/.local/lib/python3.7/site-packages/airflow/example_dags/tutorial_dag.py
[2025-12-05T01:19:55.471+0000] {processor.py:768} INFO - DAG(s) dict_keys(['tutorial_dag']) retrieved from /home/airflow/.local/lib/python3.7/site-packages/airflow/example_dags/tutorial_dag.py
[2025-12-05T01:19:55.490+0000] {logging_mixin.py:117} INFO - [2025-12-05T01:19:55.490+0000] {dag.py:2573} INFO - Sync 1 DAGs
[2025-12-05T01:19:55.506+0000] {logging_mixin.py:117} INFO - [2025-12-05T01:19:55.506+0000] {dag.py:3328} INFO - Setting next_dagrun for tutorial_dag to None, run_after=None
[2025-12-05T01:19:55.527+0000] {processor.py:178} INFO - Processing /home/airflow/.local/lib/python3.7/site-packages/airflow/example_dags/tutorial_dag.py took 0.069 seconds
[2025-12-05T01:20:26.380+0000] {processor.py:156} INFO - Started process (PID=13870) to work on /home/airflow/.local/lib/python3.7/site-packages/airflow/example_dags/tutorial_dag.py
[2025-12-05T01:20:26.381+0000] {processor.py:758} INFO - Processing file /home/airflow/.local/lib/python3.7/site-packages/airflow/example_dags/tutorial_dag.py for tasks to queue
[2025-12-05T01:20:26.382+0000] {logging_mixin.py:117} INFO - [2025-12-05T01:20:26.382+0000] {dagbag.py:525} INFO - Filling up the DagBag from /home/airflow/.local/lib/python3.7/site-packages/airflow/example_dags/tutorial_dag.py
[2025-12-05T01:20:26.389+0000] {processor.py:768} INFO - DAG(s) dict_keys(['tutorial_dag']) retrieved from /home/airflow/.local/lib/python3.7/site-packages/airflow/example_dags/tutorial_dag.py
[2025-12-05T01:20:26.407+0000] {logging_mixin.py:117} INFO - [2025-12-05T01:20:26.407+0000] {dag.py:2573} INFO - Sync 1 DAGs
[2025-12-05T01:20:26.417+0000] {logging_mixin.py:117} INFO - [2025-12-05T01:20:26.417+0000] {dag.py:3328} INFO - Setting next_dagrun for tutorial_dag to None, run_after=None
[2025-12-05T01:20:26.426+0000] {processor.py:178} INFO - Processing /home/airflow/.local/lib/python3.7/site-packages/airflow/example_dags/tutorial_dag.py took 0.047 seconds
[2025-12-05T01:20:57.428+0000] {processor.py:156} INFO - Started process (PID=14076) to work on /home/airflow/.local/lib/python3.7/site-packages/airflow/example_dags/tutorial_dag.py
[2025-12-05T01:20:57.431+0000] {processor.py:758} INFO - Processing file /home/airflow/.local/lib/python3.7/site-packages/airflow/example_dags/tutorial_dag.py for tasks to queue
[2025-12-05T01:20:57.432+0000] {logging_mixin.py:117} INFO - [2025-12-05T01:20:57.432+0000] {dagbag.py:525} INFO - Filling up the DagBag from /home/airflow/.local/lib/python3.7/site-packages/airflow/example_dags/tutorial_dag.py
[2025-12-05T01:20:57.439+0000] {processor.py:768} INFO - DAG(s) dict_keys(['tutorial_dag']) retrieved from /home/airflow/.local/lib/python3.7/site-packages/airflow/example_dags/tutorial_dag.py
[2025-12-05T01:20:57.458+0000] {logging_mixin.py:117} INFO - [2025-12-05T01:20:57.458+0000] {dag.py:2573} INFO - Sync 1 DAGs
[2025-12-05T01:20:57.472+0000] {logging_mixin.py:117} INFO - [2025-12-05T01:20:57.472+0000] {dag.py:3328} INFO - Setting next_dagrun for tutorial_dag to None, run_after=None
[2025-12-05T01:20:57.480+0000] {processor.py:178} INFO - Processing /home/airflow/.local/lib/python3.7/site-packages/airflow/example_dags/tutorial_dag.py took 0.054 seconds
